  -0.51375E+01   0.58915E-03
  -0.49830E+01   0.18321E-14
  -0.49303E+01   0.94967E-15
  -0.49109E+01   0.24721E-01
  -0.48745E+01   0.18129E-01
  -0.45241E+01   0.10706E+01
  -0.43870E+01   0.13663E-12
  -0.35536E+01   0.16684E-02
  -0.34342E+01   0.52245E-03
  -0.33177E+01   0.25884E+00
  -0.31577E+01   0.57400E-01
  -0.29700E+01   0.19726E-14
  -0.29548E+01   0.14224E-12
  -0.28315E+01   0.46817E-01
  -0.27871E+01   0.90334E-13
  -0.27066E+01   0.21955E-13
  -0.24957E+01   0.49573E+00
  -0.24438E+01   0.38618E+00
  -0.23898E+01   0.11419E-12
  -0.23834E+01   0.59927E-01
  -0.20585E+01   0.44067E-12
  -0.14172E+01   0.13229E-11
  -0.13800E+01   0.58679E+00
  -0.11880E+01   0.10932E-11
  -0.10267E+01   0.40482E-01
  -0.89589E+00   0.12770E-02
  -0.78783E+00   0.96897E+00
  -0.12810E+00   0.72104E+01
  -0.76917E-01   0.14562E-08
  -0.54049E-01   0.18650E-10
   0.23828E+00   0.23149E-09
   0.51629E+00   0.19817E-10
   0.58127E+00   0.23979E-10
   0.67638E+00   0.25398E-09
   0.93592E+00   0.47504E-09
   0.11834E+01   0.52481E+01
   0.12634E+01   0.15661E-07
   0.15565E+01   0.27848E-10
   0.25860E+01   0.19504E+00
   0.28121E+01   0.11656E-11
   0.29903E+01   0.10523E+01
   0.30304E+01   0.11977E-09
   0.31427E+01   0.33190E-03
   0.32183E+01   0.75986E-10
   0.32266E+01   0.44619E+00
   0.33063E+01   0.32744E-12
   0.37550E+01   0.73653E-01
   0.38276E+01   0.13717E-11
   0.39773E+01   0.27033E-13
   0.40904E+01   0.26983E-15
   0.42453E+01   0.58495E+00
   0.43113E+01   0.36057E+01
   0.45354E+01   0.76829E-12
   0.46284E+01   0.24273E+00
   0.46321E+01   0.99271E-10
   0.46786E+01   0.35153E-01
   0.47737E+01   0.25334E-01
   0.48232E+01   0.10862E-11
   0.51622E+01   0.11548E-01
   0.53957E+01   0.50672E-11
   0.58425E+01   0.29142E-02
   0.59596E+01   0.52694E-02
   0.59677E+01   0.87163E-12
   0.61948E+01   0.42264E-02
   0.64768E+01   0.22675E-02
   0.64881E+01   0.11572E-11
   0.65555E+01   0.49147E-14
   0.65636E+01   0.28219E-02
   0.76245E+01   0.72242E-05
   0.78374E+01   0.15353E-02
   0.79051E+01   0.22918E-13
   0.80004E+01   0.17478E-13
   0.80467E+01   0.80303E-12
   0.81471E+01   0.29668E-02
   0.82729E+01   0.19362E-12
   0.85894E+01   0.11707E-11
   0.87524E+01   0.40140E-14
   0.88816E+01   0.11293E-01
   0.89070E+01   0.42458E-12
   0.91691E+01   0.59152E-01
   0.91797E+01   0.16993E+00
   0.92206E+01   0.60042E-13
   0.93316E+01   0.10282E-01
   0.95247E+01   0.39119E-03
   0.99391E+01   0.21000E+02
   0.10156E+02   0.41126E-11
   0.10203E+02   0.77942E-01
   0.10357E+02   0.23943E+02
   0.10363E+02   0.89742E+00
   0.10605E+02   0.43994E-03
   0.10811E+02   0.10443E-03
   0.10872E+02   0.12939E+00
   0.10994E+02   0.23765E-02
   0.11006E+02   0.23707E-02
   0.11241E+02   0.82247E-01
   0.11782E+02   0.65462E-12
   0.12160E+02   0.21791E-12
   0.12193E+02   0.22043E-12
   0.12216E+02   0.41490E-02
   0.12254E+02   0.47813E-01
   0.12603E+02   0.15017E-02
   0.12636E+02   0.20007E-11
   0.12708E+02   0.69775E-01
   0.12771E+02   0.41512E-12
   0.12882E+02   0.31370E-06
   0.13030E+02   0.17517E-04
   0.13229E+02   0.78976E-16
   0.13255E+02   0.29666E-03
   0.13266E+02   0.65152E-01
   0.13288E+02   0.98702E-02
   0.13345E+02   0.26391E-04
   0.13569E+02   0.15103E-03
   0.13587E+02   0.42667E-05
   0.13695E+02   0.25293E-04
   0.13803E+02   0.29546E-12
   0.13839E+02   0.19838E-12
   0.13967E+02   0.10092E-02
   0.13987E+02   0.71633E-05
   0.13990E+02   0.58191E-13
   0.14002E+02   0.41139E-11
   0.14049E+02   0.16827E-12
   0.14067E+02   0.89872E-03
   0.14092E+02   0.73400E-03
   0.14139E+02   0.94148E-13
   0.14345E+02   0.94509E-03
   0.14370E+02   0.64471E-04
   0.14393E+02   0.24456E-09
   0.14412E+02   0.12980E-10
   0.14413E+02   0.15680E-03
   0.14445E+02   0.70445E-13
   0.14511E+02   0.11715E-03
   0.14515E+02   0.56646E-12
   0.14599E+02   0.78828E-12
   0.14669E+02   0.18729E-01
   0.14681E+02   0.45596E-03
   0.14709E+02   0.48339E-04
   0.14733E+02   0.46896E-14
   0.14767E+02   0.27956E-11
   0.14921E+02   0.74391E-13
   0.14980E+02   0.38742E-04
   0.15017E+02   0.11753E-03
   0.15023E+02   0.21352E-04
   0.15052E+02   0.51271E-13
   0.15105E+02   0.18292E-16
   0.15215E+02   0.71119E-08
   0.15310E+02   0.26710E-05
   0.15418E+02   0.95443E-12
   0.15504E+02   0.48612E-08
   0.15684E+02   0.28865E-12
   0.15852E+02   0.61853E-03
   0.15862E+02   0.99627E-03
   0.15882E+02   0.37467E-03
   0.16042E+02   0.23180E-11
   0.16182E+02   0.13774E-01
   0.16235E+02   0.47981E-02
   0.16257E+02   0.15610E-08
   0.16297E+02   0.47974E-02
   0.16298E+02   0.38532E-09
   0.16367E+02   0.10500E+00
   0.16374E+02   0.11769E-01
   0.16434E+02   0.44856E-02
   0.16443E+02   0.53845E-04
   0.16450E+02   0.13623E-12
   0.16460E+02   0.41150E-03
   0.16475E+02   0.13065E-01
   0.16487E+02   0.32337E-02
   0.16524E+02   0.22850E-01
   0.16571E+02   0.21401E-03
   0.16727E+02   0.15014E-04
   0.16769E+02   0.23158E-03
   0.16903E+02   0.24815E-03
   0.17001E+02   0.27725E-03
   0.17005E+02   0.14047E-04
   0.17110E+02   0.34253E-02
   0.17215E+02   0.47156E-07
   0.17223E+02   0.76334E-02
   0.17346E+02   0.64573E-01
   0.17393E+02   0.60803E-01
   0.17437E+02   0.25520E-01
   0.17495E+02   0.28835E-01
   0.17685E+02   0.73972E-05
   0.17724E+02   0.52289E-06
   0.17799E+02   0.39738E-02
   0.17875E+02   0.19327E-03
   0.17905E+02   0.10528E-12
   0.17918E+02   0.53268E-17
   0.18153E+02   0.55272E-02
   0.18169E+02   0.66899E-06
   0.18182E+02   0.85423E-03
   0.18259E+02   0.89445E-13
   0.18270E+02   0.60200E-01
   0.18381E+02   0.15365E-04
   0.18390E+02   0.64852E-03
   0.18472E+02   0.28223E-11
   0.18493E+02   0.47430E-12
   0.18624E+02   0.24561E-12
   0.18645E+02   0.85311E-04
   0.18657E+02   0.13045E-03
   0.18680E+02   0.79852E-05
   0.18721E+02   0.57241E-12
   0.18763E+02   0.11544E-10
   0.18884E+02   0.30825E-01
   0.18895E+02   0.96939E-06
   0.18906E+02   0.29774E-02
   0.18944E+02   0.22525E-02
   0.18995E+02   0.19080E-01
   0.19047E+02   0.69160E-07
   0.19078E+02   0.57224E-03
   0.19087E+02   0.68581E-04
   0.19164E+02   0.20747E-03
   0.19217E+02   0.78547E-13
   0.19260E+02   0.30749E-05
   0.19330E+02   0.81682E-02
   0.19351E+02   0.66833E+00
   0.19408E+02   0.37704E-03
   0.19454E+02   0.34968E-01
   0.19460E+02   0.34937E-02
   0.19586E+02   0.21653E-13
   0.19659E+02   0.33230E-02
   0.19678E+02   0.13677E-03
   0.19691E+02   0.34125E-04
   0.19735E+02   0.31425E-02
   0.19782E+02   0.20358E-02
   0.19809E+02   0.12467E-02
   0.19903E+02   0.65152E-03
   0.19947E+02   0.23218E-02
   0.20008E+02   0.66709E-02
   0.20071E+02   0.26939E-03
   0.20081E+02   0.69477E-08
   0.20123E+02   0.45386E-11
   0.20129E+02   0.10447E-02
   0.20326E+02   0.57477E-06
   0.20338E+02   0.17425E-03
   0.20338E+02   0.34689E-12
   0.20384E+02   0.39562E-02
   0.20580E+02   0.12533E-03
   0.20602E+02   0.95293E-14
   0.20667E+02   0.14312E-11
   0.20697E+02   0.22205E-02
   0.20718E+02   0.73307E-05
   0.20763E+02   0.75163E-04
   0.20824E+02   0.33493E-02
   0.20992E+02   0.91989E-11
   0.21000E+02   0.23462E-02
   0.21009E+02   0.27813E-04
   0.21044E+02   0.11116E-08
   0.21128E+02   0.34444E-04
   0.21280E+02   0.37594E-02
   0.21328E+02   0.16164E-11
   0.21341E+02   0.63459E-01
   0.21347E+02   0.30002E-01
   0.21413E+02   0.10625E-10
   0.21486E+02   0.15306E-01
   0.21494E+02   0.15792E-02
   0.21528E+02   0.50101E-02
   0.21603E+02   0.16084E-12
   0.21608E+02   0.18715E-04
   0.21685E+02   0.20595E-01
   0.21715E+02   0.25711E-03
   0.21809E+02   0.26309E-10
   0.21820E+02   0.55413E-02
   0.21865E+02   0.35264E-03
   0.21968E+02   0.20743E-01
   0.22054E+02   0.54233E-11
   0.22063E+02   0.43529E-03
   0.22087E+02   0.88072E-02
   0.22120E+02   0.18198E-03
   0.22161E+02   0.30256E-03
   0.22192E+02   0.17430E+00
   0.22196E+02   0.52441E-10
   0.22326E+02   0.11977E-02
   0.22379E+02   0.32368E-06
   0.22393E+02   0.11854E-05
   0.22408E+02   0.15201E-02
   0.22428E+02   0.38104E-11
   0.22531E+02   0.13822E-01
   0.22610E+02   0.17559E-12
   0.22704E+02   0.99386E-12
   0.22707E+02   0.10534E-06
   0.22791E+02   0.60491E-02
   0.22850E+02   0.74568E-02
   0.22866E+02   0.72422E-05
   0.22894E+02   0.10641E-01
   0.22908E+02   0.19403E-02
   0.22988E+02   0.13001E-02
   0.23067E+02   0.11646E-03
   0.23096E+02   0.80737E-03
   0.23104E+02   0.34149E-04
   0.23121E+02   0.20869E-02
   0.23179E+02   0.12742E-01
   0.23194E+02   0.26819E-05
   0.23220E+02   0.23939E-03
   0.23314E+02   0.71329E-02
   0.23461E+02   0.25448E-03
   0.23486E+02   0.14178E-03
   0.23511E+02   0.58656E-12
   0.23531E+02   0.29039E-04
   0.23659E+02   0.16044E-04
   0.23668E+02   0.33640E-04
   0.23675E+02   0.20964E-04
   0.23683E+02   0.98933E-05
   0.23692E+02   0.65732E-11
   0.23711E+02   0.17295E-03
   0.23742E+02   0.18159E-02
   0.23900E+02   0.24277E-04
   0.23914E+02   0.69655E-12
   0.23946E+02   0.39041E-07
   0.23979E+02   0.16328E-03
   0.24004E+02   0.60992E-05
   0.24065E+02   0.46403E-02
   0.24144E+02   0.31916E-06
   0.24207E+02   0.14392E-11
   0.24251E+02   0.56423E-06
   0.24337E+02   0.65563E-07
   0.24339E+02   0.93302E-09
   0.24517E+02   0.26887E-01
   0.24569E+02   0.60256E-02
   0.24578E+02   0.74646E-04
   0.24587E+02   0.16769E-05
   0.24588E+02   0.28972E-03
   0.24590E+02   0.43633E-04
   0.24591E+02   0.20197E-02
   0.24609E+02   0.28785E-05
   0.24629E+02   0.25543E-03
   0.24689E+02   0.21213E-02
   0.24736E+02   0.26276E-02
   0.24877E+02   0.12820E-03
   0.24879E+02   0.26882E-03
   0.24881E+02   0.17739E-03
   0.24894E+02   0.39142E-03
   0.24955E+02   0.16514E-02
   0.24966E+02   0.57925E-05
   0.25008E+02   0.40796E-03
   0.25099E+02   0.37875E-02
   0.25166E+02   0.24187E-03
   0.25232E+02   0.13629E-15
   0.25252E+02   0.25271E-02
   0.25370E+02   0.12726E-09
   0.25376E+02   0.24273E-04
   0.25382E+02   0.99965E-05
   0.25451E+02   0.65409E-05
   0.25482E+02   0.47011E-03
   0.25540E+02   0.65647E-13
   0.25629E+02   0.16191E-02
   0.25724E+02   0.64784E-11
   0.25768E+02   0.77155E-09
   0.25829E+02   0.30204E-14
   0.25837E+02   0.24197E-03
   0.25876E+02   0.24620E-02
   0.25896E+02   0.24582E-01
   0.26013E+02   0.77271E-03
   0.26062E+02   0.17188E-02
   0.26082E+02   0.13369E-02
   0.26109E+02   0.11228E-02
   0.26146E+02   0.90602E-03
   0.26161E+02   0.81982E-02
   0.26236E+02   0.82738E-04
   0.26276E+02   0.94179E-07
   0.26302E+02   0.19042E-13
   0.26399E+02   0.13418E-03
   0.26419E+02   0.19901E-01
   0.26459E+02   0.24691E-04
   0.26491E+02   0.11256E-12
   0.26553E+02   0.68083E-03
   0.26611E+02   0.24108E-02
   0.26707E+02   0.94608E-03
   0.26721E+02   0.12893E-03
   0.26750E+02   0.17800E-04
   0.26761E+02   0.97682E-07
   0.26812E+02   0.80534E-03
   0.26840E+02   0.83903E-03
   0.26850E+02   0.55584E-04
   0.26852E+02   0.19401E-04
   0.26863E+02   0.14301E-05
   0.26864E+02   0.64927E-12
   0.26885E+02   0.16195E-01
   0.26916E+02   0.41652E-05
   0.26952E+02   0.15734E-03
   0.26967E+02   0.13021E-01
   0.27004E+02   0.27578E-03
   0.27062E+02   0.15060E-05
   0.27063E+02   0.11163E-05
   0.27118E+02   0.56124E-04
   0.27184E+02   0.58739E-03
   0.27232E+02   0.15435E-03
   0.27251E+02   0.30146E-02
   0.27267E+02   0.80959E-01
   0.27352E+02   0.59004E-01
   0.27364E+02   0.84970E-07
   0.27453E+02   0.29357E-01
   0.27467E+02   0.12191E-01
   0.27473E+02   0.52141E-12
   0.27586E+02   0.13298E-01
   0.27587E+02   0.12853E-02
   0.27594E+02   0.92790E-03
   0.27612E+02   0.16027E-02
   0.27689E+02   0.91348E-13
   0.27737E+02   0.43047E-03
   0.27778E+02   0.38772E-02
   0.27846E+02   0.79172E-04
   0.27936E+02   0.97804E-05
   0.28031E+02   0.12426E-01
   0.28111E+02   0.55578E-03
   0.28259E+02   0.37488E-07
   0.28303E+02   0.29693E-01
   0.28451E+02   0.17378E-02
   0.28454E+02   0.19571E-12
   0.28616E+02   0.11726E-04
   0.28661E+02   0.65495E-03
   0.28766E+02   0.10909E-05
   0.28856E+02   0.18560E-02
   0.28950E+02   0.74996E-03
   0.29153E+02   0.30214E-04
   0.29177E+02   0.15750E-02
   0.29220E+02   0.12182E-07
   0.29229E+02   0.77852E-05
   0.29302E+02   0.38932E-03
   0.29371E+02   0.12858E-02
   0.29421E+02   0.64711E-03
   0.29425E+02   0.22669E-02
   0.29430E+02   0.39317E-03
   0.29433E+02   0.22102E-10
   0.29442E+02   0.54821E-05
   0.29445E+02   0.12951E-03
   0.29482E+02   0.23105E-02
   0.29525E+02   0.15313E-13
   0.29598E+02   0.78524E-04
   0.29638E+02   0.27837E-04
   0.29647E+02   0.58387E-13
   0.29694E+02   0.17665E-03
   0.29720E+02   0.21749E-05
   0.29740E+02   0.79602E-14
   0.29820E+02   0.25782E-02
   0.29888E+02   0.61933E-11
   0.30007E+02   0.69177E-03
   0.30085E+02   0.45952E-06
   0.30089E+02   0.37466E-03
   0.30110E+02   0.58987E-01
   0.30169E+02   0.43832E-05
   0.30243E+02   0.63156E-11
   0.30247E+02   0.39300E-04
   0.30322E+02   0.25744E-13
   0.30349E+02   0.65118E-02
   0.30377E+02   0.24760E-03
   0.30388E+02   0.79619E-14
   0.30504E+02   0.11687E-04
   0.30544E+02   0.53714E-04
   0.30569E+02   0.31683E-04
   0.30586E+02   0.54692E-12
   0.30740E+02   0.13300E-05
   0.30807E+02   0.91062E-03
   0.30826E+02   0.10484E-04
   0.30857E+02   0.12544E-05
   0.30923E+02   0.23202E-02
   0.30939E+02   0.13736E-02
   0.30998E+02   0.78098E-05
   0.31014E+02   0.10561E-02
   0.31023E+02   0.32875E-10
   0.31085E+02   0.14123E-13
   0.31160E+02   0.12461E-04
   0.31174E+02   0.26378E-02
   0.31212E+02   0.12508E-05
   0.31239E+02   0.27696E-04
   0.31295E+02   0.34834E-02
   0.31365E+02   0.15476E-02
   0.31437E+02   0.10783E-03
   0.31479E+02   0.49519E-07
   0.31524E+02   0.24539E-03
   0.31526E+02   0.30177E-04
   0.31538E+02   0.20123E-02
   0.31548E+02   0.15454E-02
   0.31549E+02   0.11820E-09
   0.31612E+02   0.38402E-04
   0.31630E+02   0.81866E-11
   0.31654E+02   0.28477E-05
   0.31667E+02   0.13257E-04
   0.31705E+02   0.39825E-04
   0.31744E+02   0.26765E-04
   0.31792E+02   0.20559E-11
   0.31801E+02   0.48580E-04
   0.31854E+02   0.22260E-06
   0.31868E+02   0.11670E-02
   0.31995E+02   0.26713E-02
   0.32030E+02   0.24382E-03
   0.32050E+02   0.59182E-04
   0.32064E+02   0.27254E-02
   0.32073E+02   0.28233E-03
   0.32093E+02   0.13669E-02
   0.32104E+02   0.17181E-04
   0.32162E+02   0.13051E-11
   0.32234E+02   0.21893E-03
   0.32239E+02   0.23863E-03
   0.32358E+02   0.24259E-04
   0.32362E+02   0.54190E-02
   0.32419E+02   0.28976E-13
   0.32436E+02   0.11301E-03
   0.32519E+02   0.12432E-04
   0.32654E+02   0.27577E-03
   0.32688E+02   0.90196E-04
   0.32729E+02   0.11488E-04
   0.32738E+02   0.90591E-05
   0.32766E+02   0.29848E-07
   0.32774E+02   0.48764E-04
   0.32841E+02   0.32304E-12
   0.32857E+02   0.29243E-02
   0.33019E+02   0.40155E-11
   0.33077E+02   0.26847E-04
   0.33079E+02   0.31280E-05
   0.33091E+02   0.14840E-06
   0.33238E+02   0.37173E-03
   0.33246E+02   0.12293E-02
   0.33261E+02   0.18284E-02
   0.33274E+02   0.17715E-05
   0.33396E+02   0.35825E-05
   0.33409E+02   0.27253E-06
   0.33467E+02   0.58783E-02
   0.33508E+02   0.17751E-01
   0.33589E+02   0.10342E-07
   0.33688E+02   0.19547E-04
   0.33795E+02   0.10889E-03
   0.33900E+02   0.35458E-06
   0.33984E+02   0.16892E-02
   0.34001E+02   0.11526E-05
   0.34020E+02   0.27168E-05
   0.34032E+02   0.12587E-12
   0.34067E+02   0.38096E-03
   0.34123E+02   0.62611E-03
   0.34137E+02   0.25242E-05
   0.34142E+02   0.65019E-06
   0.34185E+02   0.61609E-02
   0.34191E+02   0.68600E-04
   0.34271E+02   0.24561E-02
   0.34312E+02   0.18338E-02
   0.34329E+02   0.25500E-02
   0.34417E+02   0.93603E-03
   0.34427E+02   0.22675E-02
   0.34490E+02   0.52352E-02
   0.34504E+02   0.49132E-04
   0.34642E+02   0.36648E-04
   0.34710E+02   0.20512E-02
   0.34739E+02   0.49486E-04
   0.34761E+02   0.30232E-12
   0.34790E+02   0.17521E-03
   0.34840E+02   0.23268E-02
   0.34846E+02   0.67436E-07
   0.34949E+02   0.19436E-08
   0.34997E+02   0.13514E-02
   0.35027E+02   0.18493E-03
   0.35075E+02   0.37795E-05
   0.35090E+02   0.16622E-04
   0.35172E+02   0.28949E-04
   0.35199E+02   0.14960E-05
   0.35232E+02   0.13891E-02
   0.35383E+02   0.58311E-07
   0.35447E+02   0.79279E-03
   0.35496E+02   0.13526E-05
   0.35499E+02   0.65155E-14
   0.35502E+02   0.39037E-05
   0.35548E+02   0.31758E-08
   0.35602E+02   0.52229E-02
   0.35652E+02   0.10272E-06
   0.36097E+02   0.14972E-07
   0.36233E+02   0.14911E-02
   0.36271E+02   0.51245E-04
   0.36299E+02   0.15638E-03
   0.36333E+02   0.13862E-01
   0.36534E+02   0.17016E-05
   0.36535E+02   0.19658E-05
   0.36556E+02   0.44237E-04
   0.36652E+02   0.68933E-03
   0.36700E+02   0.36395E-08
   0.36709E+02   0.76120E-06
   0.36739E+02   0.29559E-10
   0.36785E+02   0.26458E-01
   0.36814E+02   0.11483E-03
   0.36830E+02   0.10425E-16
   0.36913E+02   0.12975E-04
   0.37123E+02   0.62272E-09
   0.37147E+02   0.33374E-09
   0.37153E+02   0.50310E-03
   0.37155E+02   0.85349E-05
   0.37233E+02   0.48253E-04
   0.37304E+02   0.67768E-04
   0.37458E+02   0.24248E-03
   0.37539E+02   0.27521E-07
   0.37552E+02   0.57357E-09
   0.37590E+02   0.21396E-09
   0.37595E+02   0.24960E-02
   0.37632E+02   0.10124E-02
   0.37653E+02   0.22471E-10
   0.37683E+02   0.33474E-07
   0.37898E+02   0.96948E-09
   0.37941E+02   0.36688E-03
   0.38010E+02   0.71358E-03
   0.38038E+02   0.14119E-09
   0.38066E+02   0.92390E-03
   0.38095E+02   0.14547E-03
   0.38098E+02   0.27325E-04
   0.38119E+02   0.28273E-07
   0.38130E+02   0.41494E-05
   0.38136E+02   0.67408E-08
   0.38153E+02   0.13596E-08
   0.38158E+02   0.18756E-02
   0.38241E+02   0.43354E-07
   0.38255E+02   0.29963E-09
   0.38291E+02   0.65049E-03
   0.38337E+02   0.10908E-03
   0.38362E+02   0.41115E-03
   0.38383E+02   0.34917E-11
   0.38572E+02   0.14283E-07
   0.38607E+02   0.12365E-02
   0.38622E+02   0.21289E-09
   0.38745E+02   0.42142E-06
   0.38747E+02   0.25657E-06
   0.38814E+02   0.12859E-04
   0.38885E+02   0.32167E-04
   0.38893E+02   0.15147E-04
   0.38920E+02   0.44444E-02
   0.38959E+02   0.91001E-02
   0.39046E+02   0.24620E-02
   0.39059E+02   0.38370E-03
   0.39079E+02   0.16772E-12
   0.39098E+02   0.29250E-06
   0.39168E+02   0.24114E-10
   0.39169E+02   0.17931E-02
   0.39184E+02   0.15655E-04
   0.39186E+02   0.14319E-03
   0.39193E+02   0.71327E-04
   0.39195E+02   0.43739E-06
   0.39201E+02   0.37424E-03
   0.39209E+02   0.15271E-03
   0.39230E+02   0.73978E-02
   0.39302E+02   0.32737E-03
   0.39335E+02   0.13018E-10
   0.39387E+02   0.15072E-02
   0.39422E+02   0.12886E-03
   0.39467E+02   0.14521E-05
   0.39467E+02   0.48801E-06
   0.39475E+02   0.21548E-03
   0.39499E+02   0.48995E-04
   0.39509E+02   0.63798E-04
   0.39545E+02   0.10139E-11
   0.39565E+02   0.73434E-07
   0.39566E+02   0.54519E-03
   0.39625E+02   0.22559E-11
   0.39669E+02   0.89014E-03
   0.39672E+02   0.18548E-05
   0.39698E+02   0.66002E-05
   0.39790E+02   0.38293E-04
   0.39803E+02   0.12041E-11
   0.39825E+02   0.72593E-03
   0.39831E+02   0.14923E-03
   0.39837E+02   0.79826E-03
   0.39866E+02   0.95897E-11
   0.39877E+02   0.12474E-05
   0.39902E+02   0.29444E-06
   0.39934E+02   0.66448E-06
   0.39948E+02   0.25159E-04
   0.39971E+02   0.44828E-03
   0.40095E+02   0.15128E-09
   0.40117E+02   0.44677E-07
   0.40128E+02   0.47837E-04
   0.40159E+02   0.27413E-05
   0.40226E+02   0.13583E-05
   0.40243E+02   0.91167E-09
   0.40289E+02   0.11709E-06
   0.40312E+02   0.59354E-03
   0.40330E+02   0.41650E-01
   0.40333E+02   0.32048E-04
   0.40355E+02   0.95693E-03
   0.40364E+02   0.27095E-03
   0.40375E+02   0.17410E-02
   0.40403E+02   0.16397E-12
   0.40451E+02   0.16818E-03
   0.40499E+02   0.69496E-06
   0.40583E+02   0.12526E-03
   0.40627E+02   0.91957E-02
   0.40634E+02   0.29028E-04
   0.40669E+02   0.11184E-05
   0.40730E+02   0.10288E-05
   0.40775E+02   0.36464E-12
   0.40782E+02   0.37801E-07
   0.40858E+02   0.65648E-03
   0.40885E+02   0.13047E-02
   0.40919E+02   0.29686E-03
   0.40923E+02   0.14768E-03
   0.40958E+02   0.21752E-02
   0.41012E+02   0.17753E-04
   0.41088E+02   0.32763E-05
   0.41093E+02   0.89884E-04
   0.41151E+02   0.18996E-03
   0.41218E+02   0.34619E-03
   0.41224E+02   0.11372E-03
   0.41297E+02   0.81963E-04
   0.41300E+02   0.12912E-04
   0.41305E+02   0.34921E-03
   0.41328E+02   0.14892E-11
   0.41349E+02   0.86590E-05
   0.41372E+02   0.17459E-03
   0.41438E+02   0.19562E-04
   0.41473E+02   0.69230E-05
   0.41482E+02   0.17144E-03
   0.41564E+02   0.73960E-04
   0.41608E+02   0.36449E-05
   0.41621E+02   0.78381E-04
   0.41713E+02   0.20846E-10
   0.41779E+02   0.91766E-06
   0.41830E+02   0.20156E-02
   0.41853E+02   0.49912E-06
   0.41933E+02   0.31304E-15
   0.41953E+02   0.84209E-03
   0.41972E+02   0.13714E-04
   0.41999E+02   0.24359E-02
   0.42046E+02   0.14388E-04
   0.42056E+02   0.21599E-03
   0.42096E+02   0.11631E-03
   0.42109E+02   0.87023E-04
   0.42199E+02   0.93814E-05
   0.42228E+02   0.67297E-04
   0.42262E+02   0.10589E-03
   0.42298E+02   0.15835E-08
   0.42312E+02   0.36277E-09
   0.42355E+02   0.43038E-07
   0.42369E+02   0.40923E-03
   0.42410E+02   0.81427E-05
   0.42416E+02   0.94134E-04
   0.42422E+02   0.25714E-04
   0.42452E+02   0.49200E-03
   0.42520E+02   0.11386E-02
   0.42568E+02   0.30776E-06
   0.42568E+02   0.96257E-04
   0.42597E+02   0.49584E-05
   0.42687E+02   0.11879E-05
   0.42837E+02   0.30341E-03
   0.42852E+02   0.17021E-05
   0.42941E+02   0.70684E-08
   0.42996E+02   0.70797E-09
   0.43007E+02   0.23697E-02
   0.43096E+02   0.75126E-10
   0.43178E+02   0.47050E-03
   0.43232E+02   0.17066E-03
   0.43292E+02   0.29584E-09
   0.43366E+02   0.97099E-03
   0.43383E+02   0.27712E-05
   0.43404E+02   0.39829E-05
   0.43414E+02   0.35495E-03
   0.43450E+02   0.18037E-13
   0.43460E+02   0.13739E-05
   0.43503E+02   0.57435E-03
   0.43588E+02   0.54116E-04
   0.43591E+02   0.83552E-03
   0.43763E+02   0.67955E-07
   0.43772E+02   0.27134E-04
   0.43780E+02   0.17558E-03
   0.43808E+02   0.19737E-03
   0.43929E+02   0.74764E-05
   0.43959E+02   0.32349E-03
   0.44080E+02   0.44897E-05
   0.44092E+02   0.10919E-02
   0.44127E+02   0.11201E-03
   0.44163E+02   0.35192E-04
   0.44177E+02   0.13918E-12
   0.44188E+02   0.20247E-03
   0.44230E+02   0.11022E-03
   0.44236E+02   0.13465E-04
   0.44470E+02   0.14923E-04
   0.44479E+02   0.36492E-09
   0.44479E+02   0.86202E-09
   0.44493E+02   0.25414E-08
   0.44544E+02   0.10165E-05
   0.44576E+02   0.18101E-05
   0.44595E+02   0.99287E-05
   0.44608E+02   0.45080E-08
   0.44748E+02   0.40040E-03
   0.44777E+02   0.33279E-14
   0.44913E+02   0.35401E-05
   0.44926E+02   0.16927E-03
   0.45016E+02   0.56920E-03
   0.45029E+02   0.69629E-04
   0.45041E+02   0.16915E-04
   0.45050E+02   0.78422E-05
   0.45052E+02   0.20178E-06
   0.45093E+02   0.10351E-10
   0.45163E+02   0.35885E-02
   0.45251E+02   0.81577E-03
   0.45271E+02   0.24690E-04
   0.45455E+02   0.53355E-07
   0.45469E+02   0.58267E-06
   0.45515E+02   0.10268E-04
   0.45594E+02   0.26289E-05
   0.45666E+02   0.11293E-02
   0.45750E+02   0.13790E-05
   0.45799E+02   0.42524E-04
   0.45837E+02   0.86934E-14
   0.45897E+02   0.30315E-02
   0.45968E+02   0.14615E-04
   0.45969E+02   0.97930E-06
   0.46000E+02   0.14000E-02
   0.46004E+02   0.22760E-05
   0.46037E+02   0.12134E-03
   0.46116E+02   0.16567E-02
   0.46174E+02   0.79926E-04
   0.46250E+02   0.12138E-02
   0.46337E+02   0.17250E-04
   0.46411E+02   0.47876E-04
   0.46553E+02   0.27957E-02
   0.46567E+02   0.77866E-06
   0.46584E+02   0.11376E-01
   0.46659E+02   0.56487E-08
   0.46659E+02   0.28086E-08
   0.46703E+02   0.18813E-08
   0.46737E+02   0.76514E-08
   0.46799E+02   0.38898E-10
   0.46821E+02   0.12409E-03
   0.46844E+02   0.28877E-02
   0.46859E+02   0.25929E-05
   0.46902E+02   0.10574E-01
   0.46922E+02   0.35879E-05
   0.46967E+02   0.42211E-10
   0.46977E+02   0.90327E-08
   0.46990E+02   0.70128E-03
   0.47039E+02   0.15356E-04
   0.47225E+02   0.43901E-11
   0.47248E+02   0.59775E-07
   0.47274E+02   0.37058E-03
   0.47310E+02   0.14251E-02
   0.47343E+02   0.33842E-02
   0.47366E+02   0.98431E-09
   0.47405E+02   0.35280E-03
   0.47406E+02   0.46976E-04
   0.47442E+02   0.25728E-09
   0.47475E+02   0.30099E-04
   0.47481E+02   0.10592E-04
   0.47492E+02   0.91868E-03
   0.47617E+02   0.13514E-05
   0.47654E+02   0.48682E-02
   0.47678E+02   0.23950E-02
   0.47704E+02   0.39979E-06
   0.47870E+02   0.13460E-02
   0.47896E+02   0.60463E-07
   0.47909E+02   0.28519E-04
   0.47935E+02   0.19164E-02
   0.47950E+02   0.12487E-06
   0.47999E+02   0.10337E-05
   0.48009E+02   0.99041E-04
   0.48050E+02   0.82427E-02
   0.48061E+02   0.19284E-02
   0.48071E+02   0.51941E-03
   0.48224E+02   0.48442E-02
   0.48277E+02   0.12997E-02
   0.48305E+02   0.12583E-01
   0.48317E+02   0.26691E-03
   0.48401E+02   0.19853E-02
   0.48483E+02   0.19227E-05
   0.48508E+02   0.47747E-04
   0.48511E+02   0.10073E-05
   0.48524E+02   0.11062E-03
   0.48526E+02   0.53739E-04
   0.48557E+02   0.88561E-07
   0.48570E+02   0.10673E-05
   0.48575E+02   0.92440E-06
   0.48581E+02   0.13170E-03
   0.48584E+02   0.56894E-06
   0.48587E+02   0.13223E-13
   0.48588E+02   0.43693E-04
   0.48600E+02   0.41631E-03
   0.48651E+02   0.26424E-03
   0.48660E+02   0.10644E-04
   0.48675E+02   0.40597E-03
   0.48744E+02   0.29882E-03
   0.48881E+02   0.30363E-03
   0.48895E+02   0.39055E-03
   0.48910E+02   0.44940E-03
   0.48913E+02   0.55603E-13
   0.48942E+02   0.17871E-02
   0.48949E+02   0.30659E-02
   0.49041E+02   0.40804E-05
   0.49045E+02   0.81636E-05
   0.49049E+02   0.62294E-05
   0.49094E+02   0.77685E-04
   0.49106E+02   0.58888E-05
   0.49181E+02   0.17382E-02
   0.49184E+02   0.68192E-03
   0.49329E+02   0.11706E-05
   0.49337E+02   0.17442E-03
   0.49364E+02   0.28510E-07
   0.49373E+02   0.41606E-03
   0.49374E+02   0.23204E-06
   0.49392E+02   0.26304E-13
   0.49413E+02   0.16871E-05
   0.49416E+02   0.17115E-06
   0.49421E+02   0.85543E-03
   0.49424E+02   0.31758E-03
   0.49428E+02   0.58175E-04
   0.49526E+02   0.57246E-14
   0.49580E+02   0.16423E-04
   0.49685E+02   0.90727E-14
   0.49691E+02   0.84033E-03
   0.49697E+02   0.13311E-05
   0.49722E+02   0.43577E-04
   0.49752E+02   0.13337E-14
   0.49759E+02   0.27582E-03
   0.49904E+02   0.34399E-03
   0.49949E+02   0.10806E-06
   0.49965E+02   0.48810E-04
   0.49991E+02   0.12236E-04
   0.50009E+02   0.17397E-03
   0.50066E+02   0.92596E-15
   0.50067E+02   0.53212E-03
   0.50068E+02   0.36406E-04
   0.50191E+02   0.20076E-07
   0.50207E+02   0.59518E-04
   0.50214E+02   0.10417E-03
   0.50264E+02   0.92776E-03
   0.50293E+02   0.13396E-06
   0.50348E+02   0.93072E-02
   0.50401E+02   0.15701E-03
   0.50411E+02   0.13731E-15
   0.50463E+02   0.15972E-03
   0.50519E+02   0.43745E-14
   0.50554E+02   0.27759E-03
   0.50585E+02   0.15560E-04
   0.50586E+02   0.21148E-02
   0.50613E+02   0.25441E-04
   0.50619E+02   0.17879E-06
   0.50665E+02   0.48368E-03
   0.50689E+02   0.14736E-14
   0.50691E+02   0.30499E-04
   0.50695E+02   0.18138E-02
   0.50839E+02   0.11570E-02
   0.50866E+02   0.88161E-07
   0.50894E+02   0.38895E-07
   0.50944E+02   0.15585E-05
   0.50948E+02   0.17436E-06
   0.50981E+02   0.19665E-06
   0.50990E+02   0.58024E-04
   0.50999E+02   0.37376E-05
   0.51012E+02   0.13416E-03
   0.51028E+02   0.44531E-06
   0.51030E+02   0.77656E-06
   0.51036E+02   0.60851E-04
   0.51126E+02   0.47247E-07
   0.51152E+02   0.11528E-03
   0.51154E+02   0.21293E-08
   0.51164E+02   0.12329E-08
   0.51210E+02   0.18711E-03
   0.51229E+02   0.39994E-08
   0.51258E+02   0.27396E-08
   0.51283E+02   0.92276E-05
   0.51289E+02   0.22548E-05
   0.51309E+02   0.20686E-13
   0.51447E+02   0.13217E-03
   0.51527E+02   0.15614E-03
   0.51536E+02   0.22738E-04
   0.51567E+02   0.13905E-03
   0.51634E+02   0.19801E-05
   0.51695E+02   0.20731E-06
   0.51710E+02   0.41281E-02
   0.51809E+02   0.80192E-05
   0.51877E+02   0.49790E-04
   0.51950E+02   0.24856E-03
   0.51986E+02   0.11832E-02
   0.52007E+02   0.13595E-05
   0.52056E+02   0.49207E-03
   0.52150E+02   0.14655E-03
   0.52167E+02   0.14636E-03
   0.52205E+02   0.72152E-04
   0.52220E+02   0.17694E-02
   0.52221E+02   0.16234E-04
   0.52234E+02   0.12457E-05
   0.52324E+02   0.10017E-09
   0.52373E+02   0.11012E-08
   0.52398E+02   0.52245E-02
   0.52580E+02   0.59401E-08
   0.52719E+02   0.21650E-02
   0.52737E+02   0.10767E-03
   0.52776E+02   0.38392E-07
   0.52794E+02   0.29098E-06
   0.52809E+02   0.54223E-03
   0.52835E+02   0.56059E-08
   0.52842E+02   0.23168E-04
   0.52894E+02   0.21133E-05
   0.52934E+02   0.11194E-08
   0.52949E+02   0.28532E-03
   0.52990E+02   0.15419E-07
   0.53048E+02   0.10316E-02
   0.53062E+02   0.26842E-04
   0.53150E+02   0.24987E-04
   0.53196E+02   0.13224E-03
   0.53279E+02   0.25717E-02
   0.53450E+02   0.46084E-11
   0.53468E+02   0.28756E-04
   0.53478E+02   0.61789E-05
   0.53531E+02   0.11292E-02
   0.53544E+02   0.29818E-07
   0.53623E+02   0.74591E-04
   0.53647E+02   0.57499E-05
   0.53696E+02   0.31364E-04
   0.53736E+02   0.96981E-03
   0.53858E+02   0.61125E-05
   0.53877E+02   0.26509E-08
   0.53944E+02   0.43088E-03
   0.54032E+02   0.14492E-12
   0.54034E+02   0.13642E-02
   0.54134E+02   0.64938E-14
   0.54249E+02   0.28927E-09
   0.54309E+02   0.12909E-03
   0.54350E+02   0.78141E-02
   0.54449E+02   0.13434E-03
   0.54644E+02   0.23756E-06
   0.54644E+02   0.44992E-07
   0.54664E+02   0.25956E-04
   0.54665E+02   0.92574E-03
   0.54767E+02   0.17759E-13
   0.54775E+02   0.41196E-02
   0.54918E+02   0.10283E-04
   0.54966E+02   0.20154E-02
   0.54980E+02   0.11317E-02
   0.55009E+02   0.19677E-06
   0.55084E+02   0.30339E-03
   0.55173E+02   0.80100E-07
   0.55300E+02   0.68666E-16
   0.55353E+02   0.27485E-07
   0.55366E+02   0.15342E-03
   0.55460E+02   0.67295E-04
   0.55561E+02   0.23199E-07
   0.55580E+02   0.26988E-03
   0.55619E+02   0.91353E-04
   0.55630E+02   0.78312E-03
   0.55632E+02   0.60622E-05
   0.55638E+02   0.36962E-07
   0.55667E+02   0.32336E-05
   0.55744E+02   0.54793E-10
   0.55776E+02   0.43085E-02
   0.55832E+02   0.10284E-01
   0.55920E+02   0.18976E-02
   0.56062E+02   0.59068E-03
   0.56064E+02   0.24997E-05
   0.56165E+02   0.11080E-06
   0.56209E+02   0.44155E-03
   0.56274E+02   0.46050E-04
   0.56374E+02   0.19459E-03
   0.56391E+02   0.43417E-04
   0.56515E+02   0.63156E-10
   0.56657E+02   0.38902E-03
   0.56820E+02   0.38934E-03
   0.56821E+02   0.11682E-02
   0.56890E+02   0.32337E-09
   0.56943E+02   0.97296E-04
   0.57051E+02   0.19322E-03
   0.57061E+02   0.10805E-03
   0.57067E+02   0.45686E-06
   0.57077E+02   0.28547E-11
   0.57173E+02   0.57129E-04
   0.57232E+02   0.19755E-04
   0.57245E+02   0.48109E-04
   0.57248E+02   0.15051E-07
   0.57261E+02   0.56680E-03
   0.57282E+02   0.70774E-03
   0.57283E+02   0.11410E-03
   0.57293E+02   0.25510E-03
   0.57298E+02   0.10135E-02
   0.57336E+02   0.54628E-12
   0.57341E+02   0.70677E-04
   0.57560E+02   0.21367E-03
   0.57592E+02   0.27026E-03
   0.57610E+02   0.26593E-03
   0.57615E+02   0.28138E-03
   0.57619E+02   0.26170E-03
   0.57711E+02   0.45748E-05
   0.57779E+02   0.13329E-02
   0.57931E+02   0.17392E-03
   0.58004E+02   0.38955E-04
   0.58018E+02   0.92115E-02
   0.58031E+02   0.54671E-03
   0.58052E+02   0.13987E-03
   0.58095E+02   0.10315E-06
   0.58097E+02   0.20142E-04
   0.58146E+02   0.59705E-04
   0.58164E+02   0.30694E-03
   0.58228E+02   0.30862E-04
   0.58264E+02   0.39125E-03
   0.58301E+02   0.11559E-06
   0.58384E+02   0.26563E-08
   0.58402E+02   0.90078E-04
   0.58414E+02   0.23000E-03
   0.58459E+02   0.76280E-04
   0.58477E+02   0.17058E-02
   0.58525E+02   0.20621E-05
   0.58526E+02   0.23929E-02
   0.58542E+02   0.35049E-07
   0.58545E+02   0.10399E-03
   0.58553E+02   0.47923E-03
   0.58568E+02   0.76700E-06
   0.58638E+02   0.15287E-02
   0.58642E+02   0.10316E-02
   0.58664E+02   0.53864E-04
   0.58701E+02   0.39999E-12
   0.58723E+02   0.10791E-02
   0.58752E+02   0.86512E-05
   0.58756E+02   0.71085E-03
   0.58848E+02   0.18793E-02
   0.58907E+02   0.18276E-04
   0.58915E+02   0.31658E-04
   0.58985E+02   0.62333E-03
   0.58997E+02   0.78387E-03
   0.59020E+02   0.51924E-03
   0.59023E+02   0.14921E-04
   0.59051E+02   0.39161E-11
   0.59056E+02   0.67909E-04
   0.59095E+02   0.88559E-03
   0.59200E+02   0.44504E-04
   0.59283E+02   0.27498E-05
   0.59337E+02   0.43244E-05
   0.59368E+02   0.20252E-03
   0.59395E+02   0.10273E-09
   0.59438E+02   0.46969E-08
   0.59484E+02   0.13316E-08
   0.59539E+02   0.86663E-15
   0.59753E+02   0.73526E-04
   0.59759E+02   0.18846E-05
   0.59774E+02   0.28683E-03
   0.59868E+02   0.82274E-09
   0.59878E+02   0.21827E-03
   0.59912E+02   0.88888E-07
   0.60018E+02   0.36335E-06
   0.60021E+02   0.37625E-03
   0.60125E+02   0.42102E-07
   0.60150E+02   0.29502E-03
   0.60160E+02   0.11006E-01
   0.60205E+02   0.37322E-04
   0.60216E+02   0.22578E-05
   0.60218E+02   0.43663E-05
   0.60222E+02   0.34267E-04
   0.60266E+02   0.56023E-03
   0.60271E+02   0.17612E-04
   0.60323E+02   0.94953E-04
   0.60343E+02   0.19949E-06
   0.60427E+02   0.36664E-05
   0.60440E+02   0.76094E-05
   0.60472E+02   0.35718E-02
   0.60483E+02   0.88624E-03
   0.60496E+02   0.12812E-02
   0.60514E+02   0.86595E-04
   0.60607E+02   0.29462E-04
   0.60641E+02   0.14937E-03
   0.60785E+02   0.13789E-04
   0.60820E+02   0.52925E-06
   0.60867E+02   0.81338E-03
   0.60885E+02   0.11365E-03
   0.60996E+02   0.18421E-03
   0.61000E+02   0.69812E-04
   0.61040E+02   0.79691E-03
   0.61204E+02   0.19770E-04
   0.61246E+02   0.45319E-03
   0.61340E+02   0.11975E-06
   0.61342E+02   0.28154E-11
   0.61383E+02   0.44067E-14
   0.61385E+02   0.59138E-11
   0.61499E+02   0.15490E-03
   0.61585E+02   0.96241E-14
   0.61588E+02   0.62612E-06
   0.61591E+02   0.24774E-08
   0.61598E+02   0.10688E-04
   0.61652E+02   0.12104E-03
   0.61706E+02   0.21853E-03
   0.61786E+02   0.13450E-11
   0.61863E+02   0.29356E-12
   0.61973E+02   0.29493E-05
   0.61985E+02   0.14164E-05
   0.62083E+02   0.25073E-04
   0.62114E+02   0.29959E-13
   0.62154E+02   0.27095E-07
   0.62160E+02   0.85803E-06
   0.62164E+02   0.13088E-06
   0.62167E+02   0.28440E-05
   0.62201E+02   0.35206E-03
   0.62221E+02   0.14391E-03
   0.62227E+02   0.10269E-03
   0.62229E+02   0.14672E-07
   0.62284E+02   0.89296E-13
   0.62362E+02   0.13123E-05
   0.62371E+02   0.10766E-01
   0.62510E+02   0.16445E-03
   0.62757E+02   0.24165E-12
   0.62761E+02   0.57717E-04
   0.62808E+02   0.22413E-05
   0.62858E+02   0.45893E-03
   0.62870E+02   0.49986E-04
   0.62899E+02   0.11364E-08
   0.62949E+02   0.21678E-11
   0.62950E+02   0.48040E-04
   0.62964E+02   0.55734E-08
   0.62976E+02   0.16075E-07
   0.63091E+02   0.81726E-03
   0.63094E+02   0.10815E-07
   0.63125E+02   0.27174E-03
   0.63235E+02   0.53838E-06
   0.63237E+02   0.18612E-06
   0.63248E+02   0.63448E-15
   0.63306E+02   0.49636E-04
   0.63399E+02   0.45644E-04
   0.63533E+02   0.19945E-05
   0.63566E+02   0.17526E-14
   0.63593E+02   0.92694E-04
   0.63634E+02   0.60431E-05
   0.63697E+02   0.52692E-05
   0.63780E+02   0.30125E-03
   0.63794E+02   0.17546E-09
   0.63845E+02   0.24360E-04
   0.63895E+02   0.86211E-08
   0.63943E+02   0.43466E-04
   0.63978E+02   0.11155E-02
   0.64094E+02   0.10236E-02
   0.64216E+02   0.11956E-10
   0.64327E+02   0.24672E-03
   0.64370E+02   0.68738E-03
   0.64475E+02   0.14586E-02
   0.64520E+02   0.14208E-02
   0.64614E+02   0.19351E-07
   0.64633E+02   0.32276E-03
   0.64673E+02   0.23770E-09
   0.64688E+02   0.42524E-03
   0.64782E+02   0.10219E-02
   0.64937E+02   0.22264E-06
   0.65004E+02   0.13671E-03
   0.65069E+02   0.91856E-05
   0.65106E+02   0.74575E-04
   0.65186E+02   0.29550E-03
   0.65225E+02   0.56705E-06
   0.65231E+02   0.73063E-06
   0.65243E+02   0.15489E-04
   0.65311E+02   0.14908E-03
   0.65313E+02   0.21731E-04
   0.65348E+02   0.13211E-02
   0.65376E+02   0.31402E-03
   0.65391E+02   0.20666E-04
   0.65402E+02   0.37448E-03
   0.65441E+02   0.18117E-08
   0.65463E+02   0.59064E-03
   0.65473E+02   0.44979E-07
   0.65489E+02   0.77527E-05
   0.65491E+02   0.26474E-03
   0.65530E+02   0.11006E-07
   0.65604E+02   0.12249E-03
   0.65706E+02   0.17097E-02
   0.65710E+02   0.21204E-04
   0.65763E+02   0.30416E-02
   0.65776E+02   0.63070E-05
   0.65778E+02   0.82219E-14
   0.65818E+02   0.13020E-10
   0.65840E+02   0.30138E-02
   0.65926E+02   0.24972E-07
   0.65972E+02   0.39511E-03
   0.66018E+02   0.48842E-03
   0.66079E+02   0.38143E-03
   0.66086E+02   0.18375E-04
   0.66125E+02   0.41272E-02
   0.66229E+02   0.50703E-04
   0.66386E+02   0.10583E-03
   0.66423E+02   0.92759E-04
   0.66475E+02   0.14081E-13
   0.66489E+02   0.42696E-03
   0.66612E+02   0.21290E-03
   0.66668E+02   0.15660E-02
   0.66768E+02   0.28943E-04
   0.66900E+02   0.55579E-18
   0.66945E+02   0.10011E-02
   0.66951E+02   0.62947E-04
   0.66990E+02   0.16768E-05
   0.66991E+02   0.24006E-08
   0.67200E+02   0.80629E-03
   0.67212E+02   0.84623E-09
   0.67228E+02   0.18752E-03
   0.67438E+02   0.47312E-09
   0.67536E+02   0.35724E-03
   0.67550E+02   0.29452E-08
   0.67612E+02   0.59979E-07
   0.67863E+02   0.84095E-04
   0.67868E+02   0.30192E-08
   0.67932E+02   0.47548E-03
   0.67939E+02   0.88301E-04
   0.67962E+02   0.46746E-02
   0.67967E+02   0.18958E-03
   0.68111E+02   0.60901E-08
   0.68178E+02   0.13404E-03
   0.68189E+02   0.10899E-08
   0.68237E+02   0.72304E-12
   0.68243E+02   0.27613E-04
   0.68253E+02   0.17457E-04
   0.68310E+02   0.45347E-04
   0.68335E+02   0.30216E-04
   0.68356E+02   0.36180E-03
   0.68380E+02   0.15837E-02
   0.68384E+02   0.15873E-06
   0.68431E+02   0.14831E-03
   0.68449E+02   0.19057E-04
   0.68456E+02   0.53652E-06
   0.68457E+02   0.59793E-02
   0.68491E+02   0.21492E-05
   0.68492E+02   0.20145E-14
   0.68594E+02   0.62137E-04
   0.68657E+02   0.26742E-07
   0.68749E+02   0.59140E-04
   0.68787E+02   0.11043E-04
   0.68812E+02   0.61470E-05
   0.68827E+02   0.91998E-05
   0.68896E+02   0.96731E-04
   0.68897E+02   0.20795E-05
   0.68959E+02   0.19241E-08
   0.68986E+02   0.66336E-03
   0.69008E+02   0.60452E-04
   0.69036E+02   0.62299E-06
   0.69046E+02   0.20741E-07
   0.69047E+02   0.18602E-07
   0.69084E+02   0.13170E-09
   0.69150E+02   0.17231E-04
   0.69199E+02   0.15829E-04
   0.69203E+02   0.53407E-02
   0.69224E+02   0.77938E-06
   0.69232E+02   0.21450E-07
   0.69294E+02   0.90772E-05
   0.69358E+02   0.49207E-08
   0.69423E+02   0.41111E-05
   0.69464E+02   0.27065E-04
   0.69540E+02   0.10695E-03
   0.69618E+02   0.20645E-03
   0.69707E+02   0.52076E-04
   0.69783E+02   0.94108E-05
   0.69860E+02   0.19686E-13
   0.69881E+02   0.30151E-04
   0.69885E+02   0.65760E-06
   0.69899E+02   0.11420E-03
   0.69909E+02   0.24082E-03
   0.69935E+02   0.24386E-08
   0.69977E+02   0.31148E-02
   0.70030E+02   0.69086E-04
   0.70043E+02   0.13345E-04
   0.70064E+02   0.10399E-02
   0.70074E+02   0.39070E-05
   0.70132E+02   0.13825E-07
   0.70140E+02   0.11153E-04
   0.70155E+02   0.16165E-03
   0.70210E+02   0.33180E-03
   0.70212E+02   0.23956E-03
   0.70214E+02   0.33261E-12
   0.70234E+02   0.24927E-04
   0.70245E+02   0.59903E-05
   0.70264E+02   0.77973E-04
   0.70279E+02   0.25997E-03
   0.70284E+02   0.34326E-02
   0.70318E+02   0.75765E-05
   0.70348E+02   0.97735E-04
   0.70357E+02   0.14455E-06
   0.70371E+02   0.95006E-09
   0.70419E+02   0.15992E-03
   0.70424E+02   0.27243E-05
   0.70429E+02   0.10244E-04
   0.70465E+02   0.46444E-11
   0.70548E+02   0.60304E-08
   0.70560E+02   0.31254E-04
   0.70593E+02   0.63633E-04
   0.70603E+02   0.32567E-15
   0.70606E+02   0.24244E-04
   0.70611E+02   0.20615E-04
   0.70630E+02   0.10894E-03
   0.70667E+02   0.86055E-05
   0.70687E+02   0.11481E-04
   0.70691E+02   0.73427E-04
   0.70749E+02   0.10937E-05
   0.70832E+02   0.39991E-05
   0.70840E+02   0.65227E-06
   0.70852E+02   0.16479E-03
   0.70855E+02   0.18549E-08
   0.70893E+02   0.18580E-03
   0.70896E+02   0.29495E-05
   0.70900E+02   0.44591E-03
   0.70917E+02   0.30099E-09
   0.70955E+02   0.10780E-03
   0.70993E+02   0.54700E-07
   0.70999E+02   0.66107E-03
   0.71023E+02   0.87567E-04
   0.71079E+02   0.63194E-05
   0.71150E+02   0.10511E-03
   0.71207E+02   0.65807E-04
   0.71273E+02   0.28492E-07
   0.71305E+02   0.78177E-03
   0.71366E+02   0.78132E-04
   0.71397E+02   0.54397E-03
   0.71537E+02   0.60840E-04
   0.71579E+02   0.64870E-10
   0.71613E+02   0.27115E-05
   0.71618E+02   0.76260E-05
   0.71667E+02   0.93749E-09
   0.71698E+02   0.16889E-03
   0.71703E+02   0.11871E-08
   0.71797E+02   0.12707E-07
   0.71813E+02   0.21480E-05
   0.71813E+02   0.22475E-08
   0.71829E+02   0.29768E-03
   0.71870E+02   0.10552E-04
   0.71903E+02   0.24611E-03
   0.71933E+02   0.26430E-11
   0.72095E+02   0.23334E-03
   0.72137E+02   0.24232E-06
   0.72139E+02   0.84342E-08
   0.72139E+02   0.14327E-07
   0.72152E+02   0.13508E-03
   0.72203E+02   0.12951E-03
   0.72250E+02   0.10146E-03
   0.72252E+02   0.70262E-06
   0.72291E+02   0.33737E-03
   0.72299E+02   0.22743E-05
   0.72333E+02   0.10843E-04
   0.72339E+02   0.70070E-05
   0.72342E+02   0.69469E-04
   0.72360E+02   0.47767E-05
   0.72443E+02   0.46779E-07
   0.72459E+02   0.98893E-03
   0.72547E+02   0.16491E-05
   0.72554E+02   0.20269E-04
   0.72633E+02   0.12868E-07
   0.72633E+02   0.86362E-05
   0.72682E+02   0.11246E-09
   0.72723E+02   0.26712E-05
   0.72730E+02   0.48341E-03
   0.72736E+02   0.10176E-04
   0.72742E+02   0.24980E-04
   0.72820E+02   0.13644E-07
   0.72851E+02   0.70784E-04
   0.72857E+02   0.13272E-03
   0.72881E+02   0.52923E-03
   0.72902E+02   0.38563E-03
   0.72973E+02   0.45301E-03
   0.73090E+02   0.26975E-03
   0.73094E+02   0.20025E-04
   0.73161E+02   0.10583E-12
   0.73163E+02   0.22640E-07
   0.73165E+02   0.46500E-03
   0.73282E+02   0.34736E-09
   0.73282E+02   0.10515E-08
   0.73309E+02   0.47922E-10
   0.73365E+02   0.12326E-08
   0.73390E+02   0.84691E-12
   0.73392E+02   0.56905E-09
   0.73401E+02   0.13185E-03
   0.73426E+02   0.34817E-03
   0.73454E+02   0.13472E-03
   0.73552E+02   0.34152E-03
   0.73599E+02   0.14296E-03
   0.73704E+02   0.14544E-02
   0.73791E+02   0.22612E-03
   0.73906E+02   0.15516E-04
   0.73916E+02   0.24609E-04
   0.73926E+02   0.62094E-06
   0.73958E+02   0.44738E-04
   0.74013E+02   0.61219E-08
   0.74021E+02   0.46480E-05
   0.74046E+02   0.50977E-03
   0.74063E+02   0.35330E-05
   0.74080E+02   0.99435E-02
   0.74083E+02   0.28629E-12
   0.74121E+02   0.56475E-04
   0.74128E+02   0.22019E-03
   0.74144E+02   0.30007E-06
   0.74179E+02   0.94318E-04
   0.74213E+02   0.54654E-15
   0.74233E+02   0.95569E-04
   0.74254E+02   0.75413E-05
   0.74260E+02   0.38185E-05
   0.74261E+02   0.28189E-03
   0.74278E+02   0.12467E-13
   0.74298E+02   0.16605E-07
   0.74341E+02   0.28089E-03
   0.74366E+02   0.12874E-04
   0.74394E+02   0.31166E-06
   0.74412E+02   0.10562E-03
   0.74436E+02   0.24370E-04
   0.74451E+02   0.21151E-07
   0.74469E+02   0.12554E-04
   0.74502E+02   0.90074E-04
   0.74541E+02   0.56726E-15
   0.74561E+02   0.27693E-06
   0.74591E+02   0.80586E-04
   0.74593E+02   0.11002E-07
   0.74682E+02   0.15957E-05
   0.74693E+02   0.13199E-05
   0.74701E+02   0.56498E-06
   0.74725E+02   0.18759E-04
   0.74738E+02   0.34665E-05
   0.74740E+02   0.48739E-07
   0.74743E+02   0.17027E-04
   0.74780E+02   0.47759E-08
   0.74791E+02   0.79884E-07
   0.74861E+02   0.22106E-07
   0.74893E+02   0.50852E-15
   0.74893E+02   0.29561E-03
   0.74913E+02   0.10414E-04
   0.74922E+02   0.13524E-05
   0.74930E+02   0.10347E-02
   0.74931E+02   0.17251E-14
   0.74957E+02   0.21728E-04
   0.74975E+02   0.10156E-04
   0.74991E+02   0.48788E-03
   0.75045E+02   0.72632E-07
   0.75045E+02   0.11597E-08
   0.75069E+02   0.32265E-04
   0.75074E+02   0.19853E-14
   0.75116E+02   0.13277E-08
   0.75314E+02   0.49089E-08
   0.75373E+02   0.28405E-05
   0.75379E+02   0.84678E-04
   0.75406E+02   0.75019E-05
   0.75435E+02   0.59678E-03
   0.75521E+02   0.57148E-03
   0.75566E+02   0.99380E-06
   0.75735E+02   0.32268E-03
   0.75784E+02   0.14004E-09
   0.75857E+02   0.18174E-09
   0.75982E+02   0.20809E-05
   0.75986E+02   0.99517E-03
   0.76010E+02   0.69302E-05
   0.76013E+02   0.86698E-14
   0.76060E+02   0.37111E-04
   0.76063E+02   0.11253E-03
   0.76077E+02   0.48273E-07
   0.76087E+02   0.13527E-03
   0.76133E+02   0.42896E-06
   0.76141E+02   0.19725E-03
   0.76177E+02   0.70137E-04
   0.76298E+02   0.45894E-04
   0.76338E+02   0.79857E-17
   0.76421E+02   0.21545E-03
   0.76453E+02   0.85137E-10
   0.76464E+02   0.90560E-03
   0.76482E+02   0.12810E-07
   0.76495E+02   0.13914E-03
   0.76561E+02   0.58027E-07
   0.76685E+02   0.37839E-03
   0.76710E+02   0.64503E-03
   0.76723E+02   0.85839E-04
   0.76776E+02   0.67089E-10
   0.76779E+02   0.85642E-08
   0.76827E+02   0.19127E-05
   0.76831E+02   0.67760E-05
   0.77001E+02   0.73034E-07
   0.77150E+02   0.82942E-04
   0.77290E+02   0.53993E-02
   0.77347E+02   0.31586E-08
   0.77388E+02   0.11017E-06
   0.77451E+02   0.87066E-03
   0.77565E+02   0.43870E-03
   0.77580E+02   0.65483E-03
   0.77667E+02   0.16346E-02
   0.77689E+02   0.78109E-07
   0.77701E+02   0.79307E-06
   0.77714E+02   0.11693E-05
   0.77781E+02   0.21847E-06
   0.77790E+02   0.37557E-06
   0.77854E+02   0.12918E-03
   0.77858E+02   0.12132E-03
   0.77881E+02   0.20317E-04
   0.77961E+02   0.22386E-07
   0.78055E+02   0.32991E-03
   0.78086E+02   0.30682E-02
   0.78203E+02   0.82934E-04
   0.78226E+02   0.17136E-07
   0.78268E+02   0.17535E-02
   0.78343E+02   0.27218E-04
   0.78504E+02   0.18145E-07
   0.78557E+02   0.15307E-14
   0.78603E+02   0.12271E-03
   0.78735E+02   0.43778E-12
   0.78740E+02   0.41201E-10
   0.78773E+02   0.82722E-09
   0.78773E+02   0.76299E-10
   0.78949E+02   0.10849E-06
   0.78975E+02   0.17128E-04
   0.78993E+02   0.29054E-05
   0.79129E+02   0.64799E-06
   0.79142E+02   0.54106E-06
   0.79151E+02   0.12113E-04
   0.79192E+02   0.13859E-03
   0.79237E+02   0.63168E-15
   0.79267E+02   0.49616E-05
   0.79280E+02   0.92405E-04
   0.79293E+02   0.33095E-04
   0.79310E+02   0.73075E-04
   0.79457E+02   0.16408E-04
   0.79464E+02   0.41196E-05
   0.79519E+02   0.71661E-04
   0.79545E+02   0.29490E-16
   0.79557E+02   0.36508E-09
   0.79595E+02   0.91069E-04
   0.79598E+02   0.69064E-04
   0.79625E+02   0.37424E-03
   0.79630E+02   0.12363E-10
   0.79671E+02   0.66294E-04
   0.79721E+02   0.54325E-04
   0.79740E+02   0.50057E-11
   0.79796E+02   0.35540E-04
   0.79797E+02   0.74928E-04
   0.79841E+02   0.56296E-08
   0.79859E+02   0.18790E-09
   0.79863E+02   0.19267E-04
   0.79905E+02   0.38742E-04
   0.79996E+02   0.29436E-05
   0.80010E+02   0.80109E-05
   0.80019E+02   0.16550E-03
   0.80171E+02   0.70553E-11
   0.80189E+02   0.97169E-05
   0.80205E+02   0.37245E-04
   0.80243E+02   0.52319E-09
   0.80280E+02   0.10270E-09
   0.80393E+02   0.66294E-04
   0.80396E+02   0.12582E-05
   0.80426E+02   0.36732E-06
   0.80428E+02   0.26510E-05
   0.80435E+02   0.94686E-09
   0.80444E+02   0.26455E-10
   0.80486E+02   0.14754E-15
   0.80566E+02   0.14023E-11
   0.80599E+02   0.13771E-04
   0.80636E+02   0.68011E-04
   0.80642E+02   0.11292E-03
   0.80671E+02   0.24176E-04
   0.80732E+02   0.12209E-15
   0.80819E+02   0.27780E-07
   0.80829E+02   0.15841E-04
   0.80877E+02   0.45553E-04
   0.80975E+02   0.25955E-04
   0.80988E+02   0.30682E-09
   0.81019E+02   0.63433E-10
   0.81031E+02   0.10374E-02
   0.81074E+02   0.59226E-06
   0.81087E+02   0.11252E-06
   0.81134E+02   0.17429E-03
   0.81136E+02   0.63237E-04
   0.81280E+02   0.19904E-03
   0.81310E+02   0.53709E-04
   0.81329E+02   0.11541E-04
   0.81349E+02   0.67423E-04
   0.81375E+02   0.80405E-05
   0.81426E+02   0.13252E-04
   0.81448E+02   0.50287E-04
   0.81479E+02   0.88257E-05
   0.81556E+02   0.23369E-03
   0.81587E+02   0.84046E-06
   0.81636E+02   0.14487E-02
   0.81686E+02   0.10458E-04
   0.81849E+02   0.40502E-04
   0.81936E+02   0.67769E-04
   0.82015E+02   0.38216E-05
   0.82027E+02   0.12074E-09
   0.82109E+02   0.22477E-14
   0.82220E+02   0.64665E-10
   0.82280E+02   0.12980E-05
   0.82284E+02   0.83579E-03
   0.82292E+02   0.13766E-03
   0.82348E+02   0.97649E-04
   0.82372E+02   0.22256E-04
   0.82451E+02   0.46211E-03
   0.82452E+02   0.16965E-13
   0.82453E+02   0.29311E-05
   0.82521E+02   0.34935E-04
   0.82521E+02   0.78868E-05
   0.82547E+02   0.73536E-05
   0.82584E+02   0.21777E-05
   0.82614E+02   0.34944E-04
   0.82615E+02   0.38756E-07
   0.82633E+02   0.27208E-08
   0.82645E+02   0.65543E-05
   0.82650E+02   0.43762E-04
   0.82667E+02   0.35083E-06
   0.82774E+02   0.52789E-05
   0.82777E+02   0.92745E-16
   0.82780E+02   0.95660E-06
   0.82844E+02   0.42641E-04
   0.82870E+02   0.11665E-03
   0.82897E+02   0.89843E-04
   0.82955E+02   0.40308E-06
   0.82968E+02   0.68337E-04
   0.82977E+02   0.36082E-05
   0.83012E+02   0.22798E-04
   0.83025E+02   0.38775E-05
   0.83051E+02   0.11384E-05
   0.83150E+02   0.45207E-05
   0.83183E+02   0.48852E-05
   0.83258E+02   0.14965E-04
   0.83261E+02   0.31955E-03
   0.83366E+02   0.15783E-07
   0.83412E+02   0.47812E-04
   0.83420E+02   0.24819E-03
   0.83670E+02   0.85451E-09
   0.83678E+02   0.43275E-04
   0.83701E+02   0.82237E-05
   0.83723E+02   0.51372E-05
   0.83775E+02   0.65510E-12
   0.83827E+02   0.20319E-03
   0.83882E+02   0.23584E-04
   0.83914E+02   0.76809E-05
   0.83947E+02   0.14949E-08
   0.84016E+02   0.12612E-06
   0.84019E+02   0.16370E-03
   0.84031E+02   0.32666E-04
   0.84054E+02   0.15644E-03
   0.84079E+02   0.37487E-04
   0.84130E+02   0.94456E-08
   0.84149E+02   0.18518E-04
   0.84293E+02   0.75576E-04
   0.84313E+02   0.39679E-04
   0.84329E+02   0.13147E-04
   0.84335E+02   0.43921E-06
   0.84342E+02   0.48899E-08
   0.84347E+02   0.70491E-08
   0.84356E+02   0.91232E-05
   0.84393E+02   0.68269E-04
   0.84492E+02   0.79837E-05
   0.84513E+02   0.41293E-04
   0.84532E+02   0.86547E-05
   0.84588E+02   0.88267E-05
   0.84591E+02   0.14565E-05
   0.84604E+02   0.38426E-04
   0.84620E+02   0.45137E-05
   0.84628E+02   0.26104E-09
   0.84645E+02   0.21176E-03
   0.84672E+02   0.50599E-07
   0.84695E+02   0.87005E-07
   0.84726E+02   0.57665E-05
   0.84731E+02   0.32264E-06
   0.84903E+02   0.12998E-08
   0.84931E+02   0.96536E-11
   0.85031E+02   0.39191E-06
   0.85047E+02   0.25119E-03
   0.85052E+02   0.26405E-06
   0.85059E+02   0.44650E-07
   0.85074E+02   0.17913E-03
   0.85096E+02   0.34476E-08
   0.85109E+02   0.28843E-05
   0.85111E+02   0.65870E-05
   0.85141E+02   0.45937E-04
   0.85151E+02   0.81767E-10
   0.85161E+02   0.72275E-12
   0.85179E+02   0.77688E-05
   0.85186E+02   0.10047E-03
   0.85205E+02   0.38227E-05
   0.85220E+02   0.40339E-09
   0.85293E+02   0.19153E-03
   0.85329E+02   0.62420E-05
   0.85449E+02   0.49759E-03
   0.85611E+02   0.55765E-04
   0.85623E+02   0.35189E-04
   0.85648E+02   0.41350E-05
   0.85716E+02   0.40460E-03
   0.85727E+02   0.38759E-04
   0.85745E+02   0.88407E-07
   0.85801E+02   0.16358E-03
   0.85812E+02   0.11109E-03
   0.85861E+02   0.81979E-17
   0.85882E+02   0.16112E-07
   0.85917E+02   0.44065E-08
   0.85952E+02   0.31967E-05
   0.85959E+02   0.30355E-04
   0.86071E+02   0.99150E-03
   0.86081E+02   0.70227E-08
   0.86098E+02   0.32625E-04
   0.86160E+02   0.21044E-10
   0.86246E+02   0.32260E-04
   0.86283E+02   0.97069E-10
   0.86304E+02   0.31254E-03
   0.86353E+02   0.11351E-03
   0.86371E+02   0.21680E-04
   0.86452E+02   0.24963E-04
   0.86453E+02   0.28425E-08
   0.86627E+02   0.11963E-04
   0.86647E+02   0.88272E-04
   0.86650E+02   0.53795E-06
   0.86657E+02   0.49685E-07
   0.86657E+02   0.35866E-05
   0.86712E+02   0.39397E-05
   0.86789E+02   0.14680E-06
   0.86799E+02   0.20325E-07
   0.86921E+02   0.71389E-02
   0.87038E+02   0.32007E-04
   0.87108E+02   0.24225E-11
   0.87120E+02   0.50969E-03
   0.87120E+02   0.17262E-03
   0.87134E+02   0.65010E-04
   0.87158E+02   0.19445E-07
   0.87234E+02   0.28958E-04
   0.87297E+02   0.30581E-04
   0.87450E+02   0.57482E-04
   0.87637E+02   0.23407E-08
   0.87771E+02   0.95851E-06
   0.87792E+02   0.19618E-02
   0.87861E+02   0.19314E-03
   0.87903E+02   0.56981E-05
   0.87928E+02   0.23792E-04
   0.87931E+02   0.15082E-08
   0.87938E+02   0.29090E-06
   0.88012E+02   0.84967E-15
   0.88031E+02   0.33676E-14
   0.88121E+02   0.66990E-05
   0.88215E+02   0.90814E-04
   0.88258E+02   0.56337E-05
   0.88379E+02   0.13672E-14
   0.88460E+02   0.17224E-08
   0.88463E+02   0.42269E-04
   0.88477E+02   0.17095E-04
   0.88556E+02   0.28284E-03
   0.88556E+02   0.26302E-05
   0.88608E+02   0.81622E-11
   0.88638E+02   0.89913E-10
   0.88656E+02   0.37982E-03
   0.88680E+02   0.55637E-06
   0.88733E+02   0.21734E-16
   0.88747E+02   0.65441E-08
   0.88778E+02   0.12047E-04
   0.88780E+02   0.17552E-07
   0.88827E+02   0.90219E-04
   0.88859E+02   0.53440E-05
   0.88887E+02   0.42210E-06
   0.88889E+02   0.40858E-07
   0.88918E+02   0.24464E-16
   0.88978E+02   0.10665E-04
   0.88983E+02   0.34026E-04
   0.89054E+02   0.12446E-08
   0.89121E+02   0.29110E-05
   0.89178E+02   0.24264E-03
   0.89212E+02   0.11001E-08
   0.89242E+02   0.69363E-05
   0.89251E+02   0.50712E-12
   0.89257E+02   0.12020E-03
   0.89281E+02   0.10782E-14
   0.89398E+02   0.54453E-04
   0.89419E+02   0.10175E-06
   0.89486E+02   0.16020E-03
   0.89522E+02   0.12007E-03
   0.89684E+02   0.29080E-02
   0.89772E+02   0.46334E-09
   0.89791E+02   0.79979E-04
   0.89877E+02   0.18093E-04
   0.89892E+02   0.10880E-03
   0.89954E+02   0.11805E-03
   0.90028E+02   0.21786E-03
   0.90051E+02   0.15978E-04
   0.90105E+02   0.48807E-04
   0.90252E+02   0.26522E-07
   0.90339E+02   0.80563E-08
   0.90368E+02   0.10067E-14
   0.90422E+02   0.20701E-04
   0.90477E+02   0.51528E-08
   0.90488E+02   0.16704E-08
   0.90516E+02   0.11933E-08
   0.90562E+02   0.21650E-16
   0.90576E+02   0.17251E-04
   0.90642E+02   0.94264E-04
   0.90720E+02   0.16817E-05
   0.90773E+02   0.32420E-09
   0.90803E+02   0.12224E-03
   0.90806E+02   0.49978E-09
   0.90824E+02   0.34574E-11
   0.90905E+02   0.23847E-06
   0.90930E+02   0.28119E-06
   0.90975E+02   0.11993E-10
   0.91158E+02   0.34380E-04
   0.91215E+02   0.51501E-04
   0.91224E+02   0.83189E-04
   0.91337E+02   0.26899E-04
   0.91385E+02   0.61639E-06
   0.91410E+02   0.15400E-06
   0.91435E+02   0.28754E-07
   0.91470E+02   0.20520E-14
   0.91587E+02   0.33413E-05
   0.91610E+02   0.76590E-04
   0.91722E+02   0.29924E-04
   0.91765E+02   0.41250E-04
   0.91821E+02   0.74210E-12
   0.91930E+02   0.11895E-03
   0.92007E+02   0.13189E-09
   0.92026E+02   0.63223E-04
   0.92053E+02   0.92238E-11
   0.92061E+02   0.11227E-07
   0.92124E+02   0.22174E-10
   0.92137E+02   0.52234E-07
   0.92140E+02   0.55824E-03
   0.92168E+02   0.36411E-04
   0.92240E+02   0.11310E-09
   0.92282E+02   0.29924E-04
   0.92344E+02   0.58002E-09
   0.92366E+02   0.23304E-04
   0.92421E+02   0.72570E-15
   0.92425E+02   0.28915E-04
   0.92427E+02   0.14902E-04
   0.92585E+02   0.39022E-03
   0.92586E+02   0.23413E-03
   0.92590E+02   0.10356E-03
   0.92609E+02   0.86811E-07
   0.92615E+02   0.24399E-06
   0.92625E+02   0.81673E-09
   0.92685E+02   0.41687E-05
   0.92723E+02   0.74488E-04
   0.92810E+02   0.72474E-04
   0.92825E+02   0.95834E-06
   0.92878E+02   0.62433E-06
   0.92880E+02   0.21709E-07
   0.92922E+02   0.82294E-04
   0.93008E+02   0.23289E-03
   0.93031E+02   0.28437E-05
   0.93036E+02   0.23383E-08
   0.93073E+02   0.16522E-06
   0.93084E+02   0.16654E-14
   0.93112E+02   0.14706E-06
   0.93129E+02   0.18540E-09
   0.93138E+02   0.17941E-11
   0.93138E+02   0.79374E-04
   0.93163E+02   0.38501E-06
   0.93313E+02   0.39793E-09
   0.93317E+02   0.16882E-15
   0.93325E+02   0.47080E-06
   0.93411E+02   0.18827E-04
   0.93422E+02   0.61498E-04
   0.93449E+02   0.17775E-08
   0.93450E+02   0.17221E-04
   0.93456E+02   0.86159E-07
   0.93553E+02   0.82516E-04
   0.93562E+02   0.30765E-05
   0.93578E+02   0.26468E-07
   0.93706E+02   0.54757E-04
   0.93744E+02   0.35746E-04
   0.93800E+02   0.57738E-11
   0.93830E+02   0.36650E-07
   0.93836E+02   0.69173E-13
   0.93858E+02   0.67953E-07
   0.93859E+02   0.87817E-07
   0.93860E+02   0.31436E-08
   0.93905E+02   0.37079E-05
   0.93913E+02   0.40717E-06
   0.94053E+02   0.12315E-04
   0.94071E+02   0.24285E-07
   0.94073E+02   0.11551E-13
   0.94101E+02   0.50718E-04
   0.94113E+02   0.37996E-04
   0.94221E+02   0.16604E-05
   0.94229E+02   0.26672E-05
   0.94325E+02   0.12932E-06
   0.94353E+02   0.11531E-10
   0.94368E+02   0.31288E-04
   0.94415E+02   0.40453E-11
   0.94464E+02   0.21904E-09
   0.94485E+02   0.17606E-06
   0.94486E+02   0.15615E-05
   0.94501E+02   0.82446E-05
   0.94520E+02   0.12548E-03
   0.94537E+02   0.14069E-08
   0.94547E+02   0.69464E-04
   0.94561E+02   0.12844E-10
   0.94632E+02   0.13103E-06
   0.94653E+02   0.11708E-11
   0.94668E+02   0.76013E-04
   0.94725E+02   0.72796E-04
   0.94750E+02   0.53378E-10
   0.94872E+02   0.40071E-06
   0.94908E+02   0.23064E-11
   0.94948E+02   0.93884E-08
   0.94988E+02   0.39981E-03
   0.95022E+02   0.54443E-06
   0.95027E+02   0.50601E-09
   0.95063E+02   0.10678E-03
   0.95074E+02   0.14550E-03
   0.95084E+02   0.17906E-04
   0.95144E+02   0.14814E-04
   0.95154E+02   0.25386E-04
   0.95192E+02   0.25309E-03
   0.95342E+02   0.16286E-04
   0.95347E+02   0.63851E-04
   0.95378E+02   0.12898E-07
   0.95411E+02   0.34886E-05
   0.95457E+02   0.94099E-16
   0.95518E+02   0.11943E-07
   0.95591E+02   0.16993E-11
   0.95620E+02   0.15763E-07
   0.95639E+02   0.59126E-06
   0.95664E+02   0.47793E-03
   0.95689E+02   0.10002E-05
   0.95697E+02   0.72205E-05
   0.95729E+02   0.19503E-08
   0.95748E+02   0.34346E-04
   0.95763E+02   0.59206E-04
   0.95776E+02   0.36229E-03
   0.95778E+02   0.35868E-04
   0.95788E+02   0.11483E-14
   0.95847E+02   0.29662E-04
   0.95899E+02   0.21696E-08
   0.95933E+02   0.10815E-04
   0.95941E+02   0.69604E-04
   0.95968E+02   0.14096E-07
   0.95972E+02   0.18143E-03
   0.96001E+02   0.99971E-06
   0.96063E+02   0.40163E-17
   0.96064E+02   0.91940E-05
   0.96073E+02   0.26382E-06
   0.96080E+02   0.39015E-12
   0.96089E+02   0.11559E-05
   0.96094E+02   0.90830E-09
   0.96131E+02   0.71647E-03
   0.96140E+02   0.82343E-04
   0.96189E+02   0.32270E-07
   0.96198E+02   0.10246E-06
   0.96257E+02   0.12192E-06
   0.96294E+02   0.38691E-05
   0.96297E+02   0.17771E-05
   0.96320E+02   0.85430E-05
   0.96331E+02   0.40622E-06
   0.96362E+02   0.92299E-05
   0.96386E+02   0.10905E-04
   0.96402E+02   0.25200E-05
   0.96415E+02   0.18258E-05
   0.96498E+02   0.13500E-05
   0.96508E+02   0.37408E-05
   0.96584E+02   0.44094E-06
   0.96588E+02   0.78399E-05
   0.96620E+02   0.34365E-06
   0.96700E+02   0.58543E-07
   0.96720E+02   0.46889E-09
   0.96785E+02   0.22426E-08
   0.96802E+02   0.12276E-05
   0.96905E+02   0.68953E-04
   0.96931E+02   0.61847E-04
   0.96968E+02   0.85383E-04
   0.96973E+02   0.56791E-09
   0.97030E+02   0.10721E-10
   0.97036E+02   0.16297E-10
   0.97125E+02   0.54487E-07
   0.97163E+02   0.49910E-09
   0.97244E+02   0.65325E-04
   0.97249E+02   0.42835E-08
   0.97359E+02   0.14857E-03
   0.97396E+02   0.43351E-08
   0.97418E+02   0.50731E-04
   0.97423E+02   0.47918E-04
   0.97456E+02   0.36570E-06
   0.97486E+02   0.28734E-05
   0.97491E+02   0.10872E-03
   0.97540E+02   0.22134E-04
   0.97562E+02   0.49516E-05
   0.97569E+02   0.14239E-10
   0.97585E+02   0.38149E-12
   0.97618E+02   0.13688E-03
   0.97677E+02   0.95174E-05
   0.97694E+02   0.13042E-04
   0.97775E+02   0.24313E-08
   0.97780E+02   0.13864E-08
   0.97790E+02   0.10248E-04
   0.97799E+02   0.12688E-03
   0.97816E+02   0.39763E-10
   0.97850E+02   0.78716E-09
   0.97896E+02   0.18493E-05
   0.97931E+02   0.43611E-06
   0.97959E+02   0.48521E-13
   0.98034E+02   0.12829E-04
   0.98089E+02   0.27773E-05
   0.98090E+02   0.42436E-03
   0.98092E+02   0.61981E-04
   0.98094E+02   0.14354E-03
   0.98125E+02   0.56427E-12
   0.98130E+02   0.68073E-12
   0.98176E+02   0.17276E-04
   0.98222E+02   0.37227E-05
   0.98223E+02   0.45192E-11
   0.98289E+02   0.22517E-05
   0.98346E+02   0.46437E-08
   0.98377E+02   0.32919E-03
   0.98467E+02   0.19742E-05
   0.98480E+02   0.18383E-07
   0.98481E+02   0.36020E-04
   0.98508E+02   0.23312E-05
   0.98518E+02   0.89504E-06
   0.98518E+02   0.56656E-09
   0.98572E+02   0.62999E-04
   0.98613E+02   0.64508E-05
   0.98639E+02   0.73168E-18
   0.98660E+02   0.99878E-07
   0.98663E+02   0.10884E-10
   0.98694E+02   0.29768E-09
   0.98780E+02   0.89225E-03
   0.98814E+02   0.43844E-09
   0.98817E+02   0.15686E-03
   0.98843E+02   0.16388E-03
   0.98902E+02   0.55670E-09
   0.98911E+02   0.22505E-06
   0.98919E+02   0.13794E-08
   0.98920E+02   0.43830E-08
   0.98950E+02   0.45708E-04
   0.98979E+02   0.13381E-03
   0.99006E+02   0.21103E-03
   0.99059E+02   0.27451E-03
   0.99061E+02   0.30499E-06
   0.99174E+02   0.23485E-09
   0.99192E+02   0.37947E-09
   0.99208E+02   0.18022E-05
   0.99216E+02   0.18772E-03
   0.99275E+02   0.14533E-06
   0.99297E+02   0.60205E-03
   0.99320E+02   0.77311E-04
   0.99334E+02   0.18714E-07
   0.99390E+02   0.19612E-03
   0.99398E+02   0.95347E-05
   0.99425E+02   0.36461E-05
   0.99447E+02   0.96798E-08
   0.99447E+02   0.10992E-07
   0.99677E+02   0.93284E-04
   0.99749E+02   0.18026E-03
   0.99787E+02   0.22283E-07
   0.99811E+02   0.71395E-10
   0.99967E+02   0.23407E-04
   0.10005E+03   0.38282E-04
   0.10006E+03   0.25864E-05
   0.10009E+03   0.30692E-03
   0.10018E+03   0.11192E-03
   0.10039E+03   0.17279E-03
   0.10039E+03   0.11162E-07
   0.10042E+03   0.91668E-04
   0.10048E+03   0.33301E-03
   0.10049E+03   0.10657E-04
   0.10058E+03   0.51865E-04
   0.10058E+03   0.20605E-09
   0.10071E+03   0.48311E-05
   0.10076E+03   0.24150E-05
   0.10092E+03   0.17247E-03
   0.10093E+03   0.31886E-02
   0.10094E+03   0.24685E-03
   0.10098E+03   0.15226E-04
   0.10098E+03   0.80200E-06
   0.10100E+03   0.17691E-09
   0.10109E+03   0.67279E-06
   0.10109E+03   0.16249E-03
   0.10117E+03   0.97286E-04
   0.10122E+03   0.12282E-03
   0.10129E+03   0.12596E-07
   0.10132E+03   0.12688E-07
   0.10134E+03   0.13500E-07
   0.10139E+03   0.27801E-05
   0.10143E+03   0.80467E-05
   0.10146E+03   0.36183E-07
   0.10146E+03   0.27274E-03
   0.10155E+03   0.22116E-10
   0.10156E+03   0.99221E-10
   0.10162E+03   0.91469E-04
   0.10170E+03   0.52492E-05
   0.10172E+03   0.49594E-05
   0.10177E+03   0.84828E-05
   0.10187E+03   0.70534E-05
   0.10188E+03   0.76020E-04
   0.10191E+03   0.12096E-05
   0.10193E+03   0.69168E-05
   0.10207E+03   0.26955E-03
   0.10213E+03   0.24594E-04
   0.10219E+03   0.13953E-04
   0.10220E+03   0.23421E-04
   0.10220E+03   0.23093E-05
   0.10221E+03   0.24968E-09
   0.10222E+03   0.18774E-12
   0.10222E+03   0.70547E-06
   0.10222E+03   0.64810E-08
   0.10229E+03   0.17389E-08
   0.10229E+03   0.12533E-04
   0.10236E+03   0.41734E-03
   0.10238E+03   0.40896E-06
   0.10240E+03   0.68480E-04
   0.10274E+03   0.37461E-04
   0.10281E+03   0.66990E-04
   0.10285E+03   0.15526E-04
   0.10299E+03   0.26896E-07
   0.10304E+03   0.22375E-04
   0.10313E+03   0.85830E-08
   0.10315E+03   0.11063E-03
   0.10328E+03   0.11239E-02
   0.10335E+03   0.11846E-04
   0.10338E+03   0.14063E-04
   0.10339E+03   0.46303E-07
   0.10345E+03   0.19400E-04
   0.10347E+03   0.20439E-04
   0.10348E+03   0.63573E-04
   0.10348E+03   0.62003E-05
   0.10357E+03   0.14324E-04
   0.10363E+03   0.15211E-09
   0.10365E+03   0.15508E-04
   0.10373E+03   0.82875E-04
   0.10377E+03   0.16197E-08
   0.10379E+03   0.18676E-05
   0.10380E+03   0.52248E-06
   0.10381E+03   0.38542E-05
   0.10381E+03   0.74916E-05
   0.10384E+03   0.59186E-09
   0.10390E+03   0.45965E-03
   0.10394E+03   0.25365E-10
   0.10400E+03   0.46718E-04
   0.10404E+03   0.36563E-04
   0.10409E+03   0.90058E-12
   0.10422E+03   0.11844E-03
   0.10423E+03   0.12791E-08
   0.10426E+03   0.33860E-04
   0.10432E+03   0.20266E-09
   0.10439E+03   0.17560E-11
   0.10454E+03   0.14094E-07
   0.10454E+03   0.45303E-08
   0.10456E+03   0.62923E-09
   0.10457E+03   0.63630E-04
   0.10459E+03   0.65774E-09
   0.10460E+03   0.31142E-04
   0.10468E+03   0.22693E-04
   0.10471E+03   0.22655E-12
   0.10478E+03   0.54911E-09
   0.10488E+03   0.22119E-10
   0.10501E+03   0.11773E-05
   0.10502E+03   0.40571E-06
   0.10518E+03   0.21736E-04
   0.10518E+03   0.67383E-05
   0.10530E+03   0.12510E-04
   0.10536E+03   0.35186E-09
   0.10539E+03   0.24090E-04
   0.10541E+03   0.34195E-04
   0.10548E+03   0.19857E-03
   0.10548E+03   0.12890E-05
   0.10560E+03   0.39821E-04
   0.10565E+03   0.17860E-08
   0.10574E+03   0.18947E-03
   0.10577E+03   0.69629E-10
   0.10581E+03   0.69032E-05
   0.10582E+03   0.14171E-03
   0.10584E+03   0.42294E-04
   0.10586E+03   0.11270E-10
   0.10591E+03   0.23897E-05
   0.10596E+03   0.22574E-05
   0.10600E+03   0.27532E-04
   0.10603E+03   0.18171E-04
   0.10608E+03   0.21191E-04
   0.10612E+03   0.60895E-05
   0.10613E+03   0.59916E-08
   0.10617E+03   0.94405E-08
   0.10629E+03   0.17806E-03
   0.10632E+03   0.46530E-06
   0.10635E+03   0.13003E-06
   0.10635E+03   0.15862E-03
   0.10640E+03   0.15380E-04
   0.10647E+03   0.52281E-04
   0.10662E+03   0.21078E-04
   0.10664E+03   0.12174E-04
   0.10676E+03   0.61748E-04
   0.10679E+03   0.22788E-12
   0.10683E+03   0.30347E-04
   0.10684E+03   0.35262E-10
   0.10684E+03   0.12245E-11
   0.10696E+03   0.53850E-04
   0.10696E+03   0.41771E-06
   0.10697E+03   0.20595E-08
   0.10707E+03   0.63057E-04
   0.10712E+03   0.76640E-05
   0.10717E+03   0.94674E-03
   0.10724E+03   0.57739E-12
   0.10735E+03   0.39436E-10
   0.10749E+03   0.28661E-10
   0.10751E+03   0.17441E-04
   0.10755E+03   0.37269E-03
   0.10758E+03   0.50641E-04
   0.10758E+03   0.63416E-08
   0.10761E+03   0.96887E-04
   0.10761E+03   0.33292E-07
   0.10762E+03   0.11007E-04
   0.10767E+03   0.22662E-04
   0.10770E+03   0.17409E-10
   0.10781E+03   0.49937E-08
   0.10787E+03   0.67344E-04
   0.10791E+03   0.37884E-04
   0.10794E+03   0.31289E-04
   0.10796E+03   0.42167E-08
   0.10796E+03   0.74816E-05
   0.10796E+03   0.54553E-04
   0.10800E+03   0.35854E-05
   0.10808E+03   0.23232E-04
   0.10818E+03   0.29415E-04
   0.10820E+03   0.13809E-04
   0.10821E+03   0.37363E-03
   0.10826E+03   0.82849E-13
   0.10836E+03   0.17540E-04
   0.10843E+03   0.32298E-04
   0.10844E+03   0.83502E-04
   0.10849E+03   0.11701E-13
   0.10849E+03   0.78905E-04
   0.10858E+03   0.18359E-04
   0.10858E+03   0.19372E-05
   0.10859E+03   0.82865E-05
   0.10860E+03   0.77182E-04
   0.10862E+03   0.28586E-03
   0.10864E+03   0.30332E-06
   0.10867E+03   0.22024E-04
   0.10873E+03   0.11362E-03
   0.10874E+03   0.29283E-04
   0.10875E+03   0.24067E-04
   0.10884E+03   0.10053E-06
   0.10885E+03   0.12167E-07
   0.10887E+03   0.20898E-05
   0.10888E+03   0.10007E-04
   0.10892E+03   0.59199E-09
   0.10894E+03   0.22261E-08
   0.10904E+03   0.73056E-10
   0.10908E+03   0.38409E-08
   0.10917E+03   0.61629E-10
   0.10935E+03   0.81799E-05
   0.10943E+03   0.36513E-04
   0.10964E+03   0.18583E-03
   0.10964E+03   0.11153E-03
   0.10982E+03   0.41414E-05
   0.10989E+03   0.14566E-15
   0.10989E+03   0.69131E-04
   0.10990E+03   0.53581E-04
   0.10991E+03   0.15852E-09
   0.10998E+03   0.45459E-04
   0.10999E+03   0.81450E-11
   0.11010E+03   0.60323E-04
   0.11010E+03   0.12944E-05
   0.11011E+03   0.17063E-06
   0.11020E+03   0.12049E-15
   0.11020E+03   0.14960E-03
   0.11021E+03   0.15072E-03
   0.11024E+03   0.12259E-03
   0.11026E+03   0.12661E-13
   0.11027E+03   0.41902E-04
   0.11031E+03   0.12934E-06
   0.11034E+03   0.31762E-05
   0.11040E+03   0.12542E-18
   0.11041E+03   0.75245E-09
   0.11044E+03   0.16787E-04
   0.11044E+03   0.52673E-09
   0.11053E+03   0.30086E-03
   0.11057E+03   0.10668E-03
   0.11060E+03   0.10391E-03
   0.11061E+03   0.10945E-08
   0.11074E+03   0.35396E-03
   0.11079E+03   0.62412E-03
   0.11084E+03   0.20070E-03
   0.11087E+03   0.79634E-04
   0.11088E+03   0.11072E-08
   0.11091E+03   0.13477E-04
   0.11094E+03   0.16774E-04
   0.11094E+03   0.37134E-08
   0.11095E+03   0.34236E-04
   0.11097E+03   0.77059E-14
   0.11098E+03   0.95863E-09
   0.11104E+03   0.66826E-10
   0.11114E+03   0.15306E-09
   0.11119E+03   0.10745E-04
   0.11119E+03   0.10469E-03
   0.11119E+03   0.97893E-08
   0.11126E+03   0.48590E-04
   0.11137E+03   0.45308E-04
   0.11139E+03   0.11232E-06
   0.11153E+03   0.23274E-05
   0.11158E+03   0.57057E-07
   0.11165E+03   0.18248E-03
   0.11173E+03   0.47618E-12
   0.11176E+03   0.31985E-04
   0.11176E+03   0.43923E-13
   0.11177E+03   0.83712E-09
   0.11181E+03   0.14805E-04
   0.11194E+03   0.18005E-09
   0.11195E+03   0.17075E-04
   0.11198E+03   0.62821E-04
   0.11205E+03   0.45771E-11
   0.11217E+03   0.31441E-03
   0.11226E+03   0.23414E-09
   0.11227E+03   0.13311E-07
   0.11241E+03   0.72415E-04
   0.11248E+03   0.37583E-19
   0.11261E+03   0.86345E-04
   0.11265E+03   0.50817E-08
   0.11271E+03   0.18063E-03
   0.11278E+03   0.11163E-03
   0.11278E+03   0.93602E-04
   0.11301E+03   0.35579E-10
   0.11322E+03   0.50451E-04
   0.11326E+03   0.24691E-03
   0.11326E+03   0.72885E-04
   0.11327E+03   0.22505E-03
   0.11341E+03   0.25278E-11
   0.11342E+03   0.93071E-11
   0.11348E+03   0.18364E-03
   0.11353E+03   0.27906E-04
   0.11353E+03   0.16146E-03
   0.11356E+03   0.14107E-03
   0.11363E+03   0.55720E-04
   0.11368E+03   0.56523E-04
   0.11371E+03   0.41058E-10
   0.11381E+03   0.91507E-04
   0.11383E+03   0.40622E-04
   0.11401E+03   0.66547E-04
   0.11402E+03   0.26343E-03
   0.11405E+03   0.68147E-05
   0.11405E+03   0.61964E-11
   0.11406E+03   0.24169E-10
   0.11416E+03   0.88605E-11
   0.11417E+03   0.17117E-03
   0.11423E+03   0.57414E-11
   0.11429E+03   0.51066E-09
   0.11442E+03   0.16362E-04
   0.11447E+03   0.21299E-12
   0.11461E+03   0.15123E-03
   0.11470E+03   0.86211E-04
   0.11475E+03   0.18249E-09
   0.11483E+03   0.41037E-04
   0.11494E+03   0.58540E-11
   0.11503E+03   0.11931E-09
   0.11507E+03   0.68663E-05
   0.11511E+03   0.32502E-07
   0.11513E+03   0.41284E-04
   0.11518E+03   0.16727E-05
   0.11519E+03   0.12422E-03
   0.11539E+03   0.44800E-04
   0.11545E+03   0.19395E-04
   0.11552E+03   0.27816E-03
   0.11560E+03   0.21071E-03
   0.11566E+03   0.90674E-04
   0.11573E+03   0.40941E-10
   0.11584E+03   0.21762E-04
   0.11589E+03   0.19766E-11
   0.11593E+03   0.23497E-04
   0.11602E+03   0.39265E-05
   0.11603E+03   0.39433E-04
   0.11612E+03   0.40388E-08
   0.11628E+03   0.38398E-05
   0.11633E+03   0.69725E-11
   0.11634E+03   0.32547E-04
   0.11649E+03   0.78788E-10
   0.11652E+03   0.36434E-09
   0.11654E+03   0.31214E-04
   0.11658E+03   0.81660E-04
   0.11660E+03   0.18237E-03
   0.11673E+03   0.27818E-04
   0.11677E+03   0.15655E-04
   0.11677E+03   0.22714E-09
   0.11679E+03   0.68715E-03
   0.11681E+03   0.24553E-03
   0.11684E+03   0.39991E-05
   0.11716E+03   0.40833E-03
   0.11717E+03   0.18418E-10
   0.11719E+03   0.61015E-04
   0.11726E+03   0.12405E-03
   0.11727E+03   0.89375E-10
   0.11734E+03   0.90124E-04
   0.11755E+03   0.71514E-05
   0.11783E+03   0.84762E-04
   0.11801E+03   0.89913E-11
   0.11809E+03   0.15528E-04
   0.11819E+03   0.86250E-11
   0.11835E+03   0.96143E-05
   0.11835E+03   0.17693E-03
   0.11840E+03   0.81485E-05
   0.11849E+03   0.44899E-11
   0.11882E+03   0.87377E-05
   0.11882E+03   0.91048E-06
   0.11892E+03   0.97545E-04
   0.11893E+03   0.62771E-07
   0.11893E+03   0.32834E-14
   0.11902E+03   0.73039E-04
   0.11903E+03   0.54387E-06
   0.11904E+03   0.50371E-11
   0.11910E+03   0.10203E-09
   0.11942E+03   0.34019E-09
   0.11949E+03   0.58624E-05
   0.11949E+03   0.27043E-12
   0.11953E+03   0.49023E-04
   0.11964E+03   0.15950E-03
   0.11967E+03   0.24164E-04
   0.11973E+03   0.66108E-04
   0.11991E+03   0.22165E-03
   0.11998E+03   0.97000E-05
   0.12004E+03   0.28584E-05
   0.12004E+03   0.71250E-06
   0.12016E+03   0.11231E-04
   0.12030E+03   0.36521E-05
   0.12037E+03   0.65850E-10
   0.12052E+03   0.12239E-04
   0.12061E+03   0.12959E-11
   0.12063E+03   0.37080E-04
   0.12070E+03   0.12864E-03
   0.12072E+03   0.61594E-04
   0.12080E+03   0.52112E-04
   0.12113E+03   0.29081E-09
   0.12114E+03   0.29216E-04
   0.12118E+03   0.39519E-11
   0.12123E+03   0.33875E-03
   0.12137E+03   0.67351E-05
   0.12139E+03   0.68399E-04
   0.12140E+03   0.60142E-07
   0.12151E+03   0.56652E-04
   0.12155E+03   0.57058E-04
   0.12158E+03   0.22579E-04
   0.12163E+03   0.11185E-03
   0.12165E+03   0.64633E-04
   0.12167E+03   0.89709E-11
   0.12171E+03   0.13946E-04
   0.12178E+03   0.70018E-04
   0.12181E+03   0.30808E-04
   0.12190E+03   0.14377E-04
   0.12202E+03   0.84197E-11
   0.12207E+03   0.14299E-04
   0.12208E+03   0.68516E-04
   0.12214E+03   0.42285E-10
   0.12217E+03   0.42013E-04
   0.12218E+03   0.49091E-03
   0.12221E+03   0.56055E-10
   0.12222E+03   0.38791E-05
   0.12226E+03   0.10437E-09
   0.12232E+03   0.16437E-09
   0.12234E+03   0.75390E-04
   0.12236E+03   0.36098E-04
   0.12236E+03   0.52535E-05
   0.12245E+03   0.44226E-06
   0.12251E+03   0.14436E-03
   0.12252E+03   0.51668E-04
   0.12275E+03   0.19603E-03
   0.12277E+03   0.11597E-03
   0.12287E+03   0.44254E-10
   0.12298E+03   0.55294E-04
   0.12307E+03   0.30117E-03
   0.12311E+03   0.59157E-11
   0.12312E+03   0.18092E-04
   0.12316E+03   0.15361E-09
   0.12342E+03   0.45919E-04
   0.12350E+03   0.46082E-05
   0.12364E+03   0.59391E-11
   0.12367E+03   0.70565E-04
   0.12369E+03   0.72960E-04
   0.12372E+03   0.76756E-05
   0.12374E+03   0.37064E-05
   0.12390E+03   0.74445E-04
   0.12396E+03   0.62535E-08
   0.12400E+03   0.12626E-03
   0.12406E+03   0.14617E-03
   0.12410E+03   0.52989E-10
   0.12417E+03   0.44279E-09
   0.12424E+03   0.18472E-09
   0.12426E+03   0.51419E-03
   0.12428E+03   0.46864E-04
   0.12435E+03   0.18187E-10
   0.12445E+03   0.17320E-06
   0.12445E+03   0.38605E-04
   0.12446E+03   0.33953E-03
   0.12450E+03   0.23767E-04
   0.12458E+03   0.84316E-05
   0.12461E+03   0.75696E-04
   0.12480E+03   0.18741E-03
   0.12483E+03   0.27726E-04
   0.12488E+03   0.55495E-05
   0.12494E+03   0.30120E-09
   0.12494E+03   0.67387E-04
   0.12495E+03   0.14989E-07
   0.12495E+03   0.36440E-10
   0.12500E+03   0.64449E-04
   0.12502E+03   0.56621E-04
   0.12502E+03   0.26479E-08
   0.12515E+03   0.38105E-04
   0.12520E+03   0.11325E-10
   0.12528E+03   0.28949E-09
   0.12540E+03   0.26452E-04
   0.12541E+03   0.76027E-05
   0.12545E+03   0.46134E-04
   0.12549E+03   0.25597E-11
   0.12549E+03   0.33285E-04
   0.12558E+03   0.30831E-04
   0.12566E+03   0.28922E-04
   0.12574E+03   0.33887E-10
   0.12583E+03   0.13917E-03
   0.12598E+03   0.97470E-05
   0.12600E+03   0.39451E-05
   0.12607E+03   0.56814E-04
   0.12613E+03   0.13271E-03
   0.12619E+03   0.10131E-03
   0.12622E+03   0.15236E-10
   0.12628E+03   0.33051E-12
   0.12629E+03   0.19642E-05
   0.12655E+03   0.49285E-12
   0.12661E+03   0.21535E-03
   0.12663E+03   0.50431E-04
   0.12680E+03   0.90594E-04
   0.12697E+03   0.85673E-10
   0.12699E+03   0.47341E-11
   0.12711E+03   0.21549E-11
   0.12724E+03   0.75377E-04
   0.12767E+03   0.30114E-10
   0.12773E+03   0.10079E-04
   0.12780E+03   0.41350E-04
   0.12786E+03   0.26202E-03
   0.12788E+03   0.31044E-05
   0.12789E+03   0.49241E-10
   0.12791E+03   0.60127E-04
   0.12800E+03   0.79824E-04
   0.12805E+03   0.19760E-10
   0.12809E+03   0.49161E-04
   0.12811E+03   0.31931E-03
   0.12816E+03   0.69732E-04
   0.12822E+03   0.31508E-04
   0.12832E+03   0.10809E-03
   0.12835E+03   0.87277E-05
   0.12836E+03   0.42453E-12
   0.12864E+03   0.23292E-04
   0.12870E+03   0.18215E-03
   0.12891E+03   0.54287E-05
   0.12914E+03   0.68136E-11
   0.12915E+03   0.36173E-11
   0.12917E+03   0.16480E-03
   0.12929E+03   0.10378E-10
   0.12993E+03   0.16357E-09
   0.12994E+03   0.36194E-10
   0.12995E+03   0.64740E-04
   0.13007E+03   0.82968E-11
   0.13012E+03   0.12798E-04
   0.13029E+03   0.10726E-04
   0.13029E+03   0.10207E-09
   0.13037E+03   0.60308E-04
   0.13041E+03   0.13650E-11
   0.13086E+03   0.15739E-05
   0.13087E+03   0.25111E-03
   0.13089E+03   0.22241E-03
   0.13093E+03   0.22815E-11
   0.13188E+03   0.45360E-04
   0.13194E+03   0.40412E-04
   0.13236E+03   0.16605E-04
   0.13253E+03   0.53784E-05
   0.13279E+03   0.85934E-05
   0.13310E+03   0.19949E-03
   0.13326E+03   0.50291E-12
   0.13332E+03   0.14741E-05
   0.13356E+03   0.31600E-05
   0.13363E+03   0.11283E-06
   0.13387E+03   0.19586E-04
   0.13413E+03   0.23202E-04
   0.13416E+03   0.28794E-04
   0.13419E+03   0.46627E-10
   0.13427E+03   0.12675E-05
   0.13444E+03   0.40292E-11
   0.13461E+03   0.19984E-05
   0.13467E+03   0.53940E-11
   0.13476E+03   0.15269E-03
   0.13490E+03   0.44400E-10
   0.13503E+03   0.99031E-04
   0.13507E+03   0.90380E-04
   0.13509E+03   0.24913E-09
   0.13523E+03   0.19494E-06
   0.13523E+03   0.25791E-05
   0.13538E+03   0.13794E-04
   0.13540E+03   0.18513E-04
   0.13574E+03   0.17449E-11
   0.13575E+03   0.13887E-04
   0.13583E+03   0.13601E-10
   0.13589E+03   0.99296E-05
   0.13597E+03   0.38778E-04
   0.13610E+03   0.20366E-04
   0.13615E+03   0.36850E-05
   0.13615E+03   0.43990E-11
   0.13626E+03   0.15671E-05
   0.13632E+03   0.54581E-03
   0.13642E+03   0.55695E-04
   0.13645E+03   0.94714E-05
   0.13660E+03   0.10639E-09
   0.13662E+03   0.73075E-04
   0.13667E+03   0.25582E-03
   0.13678E+03   0.24228E-06
   0.13689E+03   0.42173E-04
   0.13701E+03   0.21391E-04
   0.13709E+03   0.29713E-04
   0.13723E+03   0.10219E-03
   0.13733E+03   0.27637E-05
   0.13734E+03   0.73745E-10
   0.13739E+03   0.87752E-11
   0.13742E+03   0.20508E-10
   0.13749E+03   0.28369E-04
   0.13750E+03   0.20848E-04
   0.13756E+03   0.43956E-11
   0.13783E+03   0.27930E-05
   0.13786E+03   0.96716E-04
   0.13790E+03   0.40971E-05
   0.13790E+03   0.45607E-04
   0.13794E+03   0.65205E-04
   0.13794E+03   0.62469E-05
   0.13797E+03   0.25267E-10
   0.13817E+03   0.38148E-05
   0.13820E+03   0.21380E-10
   0.13825E+03   0.49739E-04
   0.13828E+03   0.86589E-11
   0.13831E+03   0.19514E-10
   0.13846E+03   0.18982E-06
   0.13851E+03   0.45559E-11
   0.13857E+03   0.10986E-08
   0.13872E+03   0.86894E-05
   0.13877E+03   0.21388E-11
   0.13884E+03   0.92846E-04
   0.13889E+03   0.68122E-04
   0.13906E+03   0.22717E-04
   0.13910E+03   0.14089E-12
   0.13953E+03   0.55760E-11
   0.13965E+03   0.61458E-11
   0.13972E+03   0.67049E-05
   0.13973E+03   0.62477E-04
   0.14010E+03   0.31298E-11
   0.14028E+03   0.50606E-04
   0.14044E+03   0.32114E-05
   0.14054E+03   0.55651E-04
   0.14057E+03   0.55507E-05
   0.14058E+03   0.14173E-03
   0.14065E+03   0.90286E-11
   0.14072E+03   0.52167E-04
   0.14075E+03   0.79259E-04
   0.14088E+03   0.53662E-04
   0.14091E+03   0.16701E-10
   0.14106E+03   0.41360E-12
   0.14155E+03   0.16320E-04
   0.14222E+03   0.37136E-11
   0.14223E+03   0.54287E-04
   0.14282E+03   0.12713E-04
   0.14293E+03   0.17206E-04
   0.14295E+03   0.12553E-03
   0.14303E+03   0.91180E-11
   0.14305E+03   0.76879E-04
   0.14379E+03   0.89624E-04
   0.14428E+03   0.58113E-04
   0.14446E+03   0.14271E-10
   0.14530E+03   0.97074E-04
   0.14540E+03   0.63570E-04
   0.14567E+03   0.79504E-05
   0.14588E+03   0.98872E-04
   0.14606E+03   0.60690E-15
   0.14620E+03   0.46211E-04
   0.14627E+03   0.16143E-04
   0.14637E+03   0.18064E-11
   0.14672E+03   0.25940E-06
   0.14700E+03   0.29601E-04
   0.14707E+03   0.25643E-11
   0.14711E+03   0.40996E-08
   0.14723E+03   0.33800E-06
   0.14733E+03   0.33950E-06
   0.14762E+03   0.51856E-08
   0.14766E+03   0.29322E-04
   0.14784E+03   0.52821E-04
   0.14792E+03   0.62148E-10
   0.14810E+03   0.92017E-06
   0.14813E+03   0.29021E-06
   0.14831E+03   0.29808E-04
   0.14835E+03   0.12791E-10
   0.14845E+03   0.12082E-04
   0.14853E+03   0.23382E-10
   0.14854E+03   0.14947E-04
   0.14855E+03   0.11721E-05
   0.14866E+03   0.11257E-10
   0.14874E+03   0.38101E-04
   0.14913E+03   0.12350E-10
   0.14917E+03   0.26900E-05
   0.14929E+03   0.18830E-03
   0.14939E+03   0.40921E-04
   0.14943E+03   0.30995E-04
   0.14944E+03   0.28902E-03
   0.14953E+03   0.25407E-10
   0.14962E+03   0.16791E-11
   0.14981E+03   0.55078E-05
   0.14997E+03   0.91961E-07
   0.14999E+03   0.23014E-05
   0.15005E+03   0.54021E-09
   0.15005E+03   0.66535E-04
   0.15025E+03   0.99477E-11
   0.15029E+03   0.40136E-04
   0.15046E+03   0.16706E-10
   0.15064E+03   0.25548E-11
   0.15072E+03   0.26471E-06
   0.15080E+03   0.79582E-11
   0.15082E+03   0.14763E-04
   0.15083E+03   0.10384E-04
   0.15094E+03   0.97126E-05
   0.15095E+03   0.45744E-04
   0.15098E+03   0.49149E-11
   0.15113E+03   0.52003E-07
   0.15113E+03   0.77370E-06
   0.15132E+03   0.98034E-12
   0.15138E+03   0.52967E-04
   0.15154E+03   0.49337E-07
   0.15157E+03   0.22344E-04
   0.15157E+03   0.22573E-10
   0.15182E+03   0.19443E-06
   0.15183E+03   0.47141E-04
   0.15209E+03   0.55469E-04
   0.15211E+03   0.20579E-11
   0.15212E+03   0.20525E-10
   0.15231E+03   0.34098E-06
   0.15240E+03   0.42393E-11
   0.15249E+03   0.29411E-10
   0.15250E+03   0.16448E-04
   0.15253E+03   0.23107E-06
   0.15266E+03   0.95985E-06
   0.15283E+03   0.29575E-06
   0.15310E+03   0.10436E-10
   0.15314E+03   0.13091E-12
   0.15331E+03   0.61738E-04
   0.15363E+03   0.98425E-04
   0.15380E+03   0.38241E-11
   0.15392E+03   0.55266E-05
   0.15393E+03   0.75693E-04
   0.15406E+03   0.56304E-11
   0.15413E+03   0.57820E-12
   0.15436E+03   0.13994E-04
   0.15450E+03   0.52419E-06
   0.15511E+03   0.15797E-03
   0.15525E+03   0.62830E-04
   0.15526E+03   0.57918E-10
   0.15588E+03   0.16968E-04
   0.15607E+03   0.23552E-04
   0.15666E+03   0.34152E-05
   0.15716E+03   0.89472E-04
   0.15801E+03   0.13618E-03
   0.15829E+03   0.13635E-03
   0.15863E+03   0.79306E-12
   0.15876E+03   0.11354E-03
   0.15921E+03   0.18395E-04
   0.15940E+03   0.35210E-13
   0.15950E+03   0.12769E-12
   0.15961E+03   0.13110E-04
   0.15971E+03   0.14848E-04
   0.15975E+03   0.26854E-04
   0.15989E+03   0.44760E-04
   0.16012E+03   0.16674E-05
   0.16039E+03   0.39839E-04
   0.16040E+03   0.84963E-04
   0.16041E+03   0.19537E-03
   0.16055E+03   0.12321E-05
   0.16055E+03   0.73224E-10
   0.16056E+03   0.28478E-04
   0.16075E+03   0.29661E-11
   0.16158E+03   0.40455E-04
   0.16200E+03   0.16621E-03
   0.16203E+03   0.30135E-04
   0.16210E+03   0.27681E-13
   0.16240E+03   0.10720E-04
   0.16270E+03   0.14601E-11
   0.16293E+03   0.19989E-14
   0.16298E+03   0.12253E-04
   0.16310E+03   0.81556E-04
   0.16363E+03   0.18281E-04
   0.16374E+03   0.13919E-13
   0.16440E+03   0.78332E-04
   0.16474E+03   0.21072E-04
   0.16504E+03   0.17385E-04
   0.16520E+03   0.31825E-11
   0.16550E+03   0.18286E-03
   0.16573E+03   0.13522E-11
   0.16641E+03   0.56452E-12
   0.16684E+03   0.32243E-04
   0.16718E+03   0.37850E-04
   0.16745E+03   0.28587E-04
   0.16774E+03   0.17013E-03
   0.16783E+03   0.28257E-11
   0.16809E+03   0.40865E-04
   0.16859E+03   0.23663E-12
   0.16872E+03   0.39493E-04
   0.16935E+03   0.29098E-12
   0.16939E+03   0.26963E-04
   0.17004E+03   0.85625E-05
   0.17120E+03   0.58638E-04
   0.17193E+03   0.10004E-03
   0.17233E+03   0.11490E-03
   0.17243E+03   0.18975E-11
   0.17280E+03   0.52764E-04
   0.17284E+03   0.37137E-04
   0.17310E+03   0.11101E-11
   0.17325E+03   0.30149E-04
   0.17332E+03   0.57590E-04
   0.17334E+03   0.28497E-04
   0.17351E+03   0.13328E-03
   0.17354E+03   0.16427E-11
   0.17375E+03   0.36248E-05
   0.17380E+03   0.79658E-04
   0.17392E+03   0.27491E-04
   0.17413E+03   0.12706E-11
   0.17415E+03   0.79502E-04
   0.17421E+03   0.24768E-03
   0.17431E+03   0.14952E-10
   0.17516E+03   0.69977E-04
   0.17541E+03   0.12572E-03
   0.17573E+03   0.26189E-12
   0.17582E+03   0.74018E-12
   0.17592E+03   0.66134E-04
   0.17599E+03   0.23337E-04
   0.17652E+03   0.10841E-03
   0.17675E+03   0.16125E-03
   0.17698E+03   0.91536E-12
   0.17731E+03   0.21764E-12
   0.17812E+03   0.47053E-04
   0.17820E+03   0.56588E-04
   0.17860E+03   0.16192E-03
   0.17912E+03   0.32208E-11
   0.17982E+03   0.11550E-12
   0.18150E+03   0.11932E-03
   0.18184E+03   0.80412E-04
   0.18786E+03   0.11500E-03
   0.18834E+03   0.68096E-04
   0.19105E+03   0.60900E-04
   0.19295E+03   0.65543E-04
   0.19436E+03   0.14405E-14
