  -0.32581E+01   0.20085E-01
  -0.29437E+01   0.12197E+01
  -0.16051E+01   0.23193E+00
  -0.11677E+01   0.14370E+00
  -0.70481E+00   0.14128E+01
   0.39090E+00   0.20460E+00
   0.96998E+00   0.17813E+01
   0.12907E+01   0.78774E-09
   0.18047E+01   0.11804E+02
   0.41029E+01   0.15529E-02
   0.46110E+01   0.20907E-05
   0.54569E+01   0.77593E-12
   0.54994E+01   0.14632E-14
   0.56409E+01   0.16097E+01
   0.58477E+01   0.19327E-03
   0.58557E+01   0.61408E-03
   0.60730E+01   0.46690E-01
   0.63639E+01   0.85934E-05
   0.64504E+01   0.14324E-02
   0.65636E+01   0.27544E+01
   0.69720E+01   0.38975E+00
   0.74511E+01   0.18271E-11
   0.74856E+01   0.44105E-09
   0.77545E+01   0.41076E-09
   0.78369E+01   0.12974E-08
   0.81951E+01   0.25509E-02
   0.81973E+01   0.13725E-08
   0.84357E+01   0.10101E-08
   0.84707E+01   0.80701E-08
   0.89781E+01   0.10865E-01
   0.91870E+01   0.67344E-11
   0.91994E+01   0.24878E-01
   0.93922E+01   0.15620E-11
   0.96624E+01   0.39625E-02
   0.97124E+01   0.85738E-03
   0.99000E+01   0.15086E-01
   0.10347E+02   0.47825E-11
   0.10388E+02   0.18181E-09
   0.10861E+02   0.52072E-08
   0.10898E+02   0.24093E-12
   0.11032E+02   0.10288E-08
   0.11083E+02   0.37690E-09
   0.11167E+02   0.41325E-01
   0.11219E+02   0.24770E+00
   0.11387E+02   0.25572E-10
   0.11585E+02   0.35579E+02
   0.11818E+02   0.14655E-09
   0.12144E+02   0.39412E-01
   0.12147E+02   0.16077E-08
   0.13431E+02   0.23938E-03
   0.13510E+02   0.83624E-04
   0.13524E+02   0.15185E+00
   0.13599E+02   0.12176E-08
   0.13635E+02   0.10047E-08
   0.13642E+02   0.11836E-02
   0.13658E+02   0.71622E-02
   0.13773E+02   0.17758E-02
   0.13799E+02   0.40951E-04
   0.13811E+02   0.42542E-04
   0.13853E+02   0.15638E-08
   0.14239E+02   0.11341E-09
   0.14402E+02   0.96310E-06
   0.14429E+02   0.13403E-10
   0.14499E+02   0.27306E-10
   0.14531E+02   0.97901E-02
   0.14545E+02   0.88239E-05
   0.15070E+02   0.18563E-04
   0.15085E+02   0.15767E+00
   0.15087E+02   0.18879E-01
   0.15131E+02   0.16274E-10
   0.15201E+02   0.95299E-11
   0.15281E+02   0.14540E-05
   0.15353E+02   0.52282E-10
   0.15560E+02   0.30256E-05
   0.15693E+02   0.10299E-03
   0.15707E+02   0.94376E-03
   0.15894E+02   0.17059E-03
   0.15900E+02   0.13259E-09
   0.15910E+02   0.17334E-03
   0.16081E+02   0.45276E-03
   0.16441E+02   0.39160E-02
   0.16519E+02   0.13022E-11
   0.16587E+02   0.17916E-03
   0.16808E+02   0.12057E-04
   0.16942E+02   0.14289E-01
   0.17033E+02   0.81432E-10
   0.17108E+02   0.59999E-01
   0.17141E+02   0.27933E-04
   0.17191E+02   0.22887E+00
   0.17193E+02   0.12888E+00
   0.17240E+02   0.10865E-01
   0.17265E+02   0.25937E-11
   0.17293E+02   0.17078E-01
   0.17542E+02   0.15595E-02
   0.17673E+02   0.20849E+00
   0.17735E+02   0.29705E-02
   0.17983E+02   0.16465E-06
   0.18252E+02   0.62679E-02
   0.18347E+02   0.19590E-02
   0.18363E+02   0.17920E-09
   0.18410E+02   0.10288E-07
   0.18484E+02   0.18689E-07
   0.18505E+02   0.10362E-03
   0.18687E+02   0.21827E-08
   0.18695E+02   0.13226E-01
   0.18700E+02   0.37157E-05
   0.18779E+02   0.16987E-08
   0.18843E+02   0.26174E-06
   0.19014E+02   0.23532E-08
   0.19045E+02   0.12602E-02
   0.19152E+02   0.22715E-10
   0.19187E+02   0.31549E-05
   0.19207E+02   0.20071E-01
   0.19234E+02   0.26574E-08
   0.19246E+02   0.46884E-02
   0.19289E+02   0.61094E-05
   0.19339E+02   0.84212E-01
   0.19393E+02   0.50809E-03
   0.19447E+02   0.13164E-02
   0.19491E+02   0.31376E-03
   0.19539E+02   0.97642E-02
   0.19701E+02   0.13146E-09
   0.19766E+02   0.12922E-04
   0.19814E+02   0.15442E-01
   0.19901E+02   0.50465E-06
   0.19930E+02   0.30488E-10
   0.19954E+02   0.32034E-08
   0.19982E+02   0.23830E-02
   0.20008E+02   0.36204E-09
   0.20069E+02   0.11433E-03
   0.20128E+02   0.99777E-10
   0.20136E+02   0.57662E-04
   0.20264E+02   0.97505E-05
   0.20271E+02   0.45468E-04
   0.20280E+02   0.52078E-02
   0.20496E+02   0.54918E-03
   0.20609E+02   0.16660E-03
   0.20681E+02   0.87902E-02
   0.20713E+02   0.50976E-12
   0.21170E+02   0.91130E-04
   0.21186E+02   0.18348E-05
   0.21260E+02   0.49182E-03
   0.21507E+02   0.65980E-09
   0.21512E+02   0.81653E-02
   0.21541E+02   0.28004E-07
   0.21552E+02   0.17769E-03
   0.21562E+02   0.11989E-02
   0.21565E+02   0.10471E-03
   0.21607E+02   0.44918E-03
   0.21614E+02   0.98793E-04
   0.21685E+02   0.68873E-02
   0.21787E+02   0.12401E-05
   0.21810E+02   0.16542E-01
   0.21815E+02   0.12118E-05
   0.21958E+02   0.28803E-02
   0.21986E+02   0.12286E-03
   0.22003E+02   0.53229E-13
   0.22022E+02   0.45734E-02
   0.22057E+02   0.68176E-02
   0.22060E+02   0.61423E-03
   0.22074E+02   0.21282E-04
   0.22265E+02   0.60653E-10
   0.22321E+02   0.23988E-04
   0.22342E+02   0.30409E-05
   0.22361E+02   0.10140E-03
   0.22524E+02   0.92415E-04
   0.22606E+02   0.18148E+00
   0.22671E+02   0.40294E-06
   0.22714E+02   0.11175E-13
   0.22744E+02   0.33646E-13
   0.22769E+02   0.58942E-06
   0.22858E+02   0.71556E-02
   0.22871E+02   0.24263E-02
   0.22891E+02   0.17923E-02
   0.23066E+02   0.12192E-03
   0.23152E+02   0.26358E-10
   0.23205E+02   0.91106E-04
   0.23263E+02   0.10675E-10
   0.23338E+02   0.20156E-05
   0.23344E+02   0.14940E-03
   0.23495E+02   0.18392E-05
   0.23633E+02   0.44416E-08
   0.23639E+02   0.94925E-03
   0.23717E+02   0.68119E-10
   0.23898E+02   0.35176E-07
   0.23930E+02   0.25004E-06
   0.23932E+02   0.23987E-03
   0.23972E+02   0.73139E-06
   0.24025E+02   0.92497E-06
   0.24040E+02   0.78774E-04
   0.24098E+02   0.16945E-03
   0.24117E+02   0.14768E-02
   0.24186E+02   0.58522E-12
   0.24242E+02   0.73313E-11
   0.24274E+02   0.30969E-03
   0.24278E+02   0.13315E-03
   0.24283E+02   0.97940E-03
   0.24387E+02   0.86481E-04
   0.24411E+02   0.10297E-10
   0.24445E+02   0.36411E-10
   0.24459E+02   0.11901E-02
   0.24563E+02   0.14056E-12
   0.24625E+02   0.11436E-02
   0.24647E+02   0.22653E-02
   0.24665E+02   0.69087E-05
   0.24693E+02   0.14693E-08
   0.24736E+02   0.14365E-01
   0.24792E+02   0.78078E-04
   0.24843E+02   0.24906E-01
   0.24865E+02   0.62948E-02
   0.24956E+02   0.74929E-04
   0.24972E+02   0.28459E-04
   0.24994E+02   0.30122E-03
   0.25017E+02   0.35668E-04
   0.25068E+02   0.44203E-10
   0.25088E+02   0.18136E-03
   0.25114E+02   0.16829E-03
   0.25146E+02   0.83512E-12
   0.25193E+02   0.34622E-02
   0.25231E+02   0.33730E-03
   0.25308E+02   0.19198E-10
   0.25355E+02   0.20435E-11
   0.25380E+02   0.26812E-03
   0.25415E+02   0.17603E-14
   0.25523E+02   0.20773E-10
   0.25660E+02   0.99579E-01
   0.25676E+02   0.15311E-02
   0.25689E+02   0.13543E-13
   0.25728E+02   0.11167E-01
   0.25740E+02   0.61957E-04
   0.25845E+02   0.93612E-04
   0.25863E+02   0.13312E-04
   0.25973E+02   0.54373E-03
   0.26006E+02   0.43900E-14
   0.26050E+02   0.20389E-03
   0.26130E+02   0.10650E-03
   0.26146E+02   0.33638E-06
   0.26205E+02   0.27656E-03
   0.26260E+02   0.44652E-05
   0.26384E+02   0.16772E-07
   0.26463E+02   0.97896E-06
   0.26477E+02   0.54235E-02
   0.26672E+02   0.43603E-01
   0.26700E+02   0.92002E-03
   0.26736E+02   0.63020E-05
   0.26764E+02   0.10369E-02
   0.26864E+02   0.19865E-02
   0.26886E+02   0.23375E-03
   0.26946E+02   0.18679E-02
   0.26959E+02   0.39913E-12
   0.26987E+02   0.17224E-05
   0.27068E+02   0.74272E-03
   0.27102E+02   0.11307E-11
   0.27136E+02   0.15422E+00
   0.27193E+02   0.54049E-02
   0.27312E+02   0.43235E-01
   0.27426E+02   0.15087E-02
   0.27433E+02   0.72294E-03
   0.27550E+02   0.38660E-04
   0.27571E+02   0.43317E-03
   0.27612E+02   0.21213E-04
   0.27713E+02   0.12078E-03
   0.27754E+02   0.13961E-02
   0.27934E+02   0.12438E-02
   0.27999E+02   0.35509E-02
   0.28047E+02   0.59258E-02
   0.28085E+02   0.13788E-01
   0.28096E+02   0.16032E+00
   0.28263E+02   0.84903E-04
   0.28278E+02   0.18316E-01
   0.28281E+02   0.20945E-01
   0.28425E+02   0.24340E-04
   0.28426E+02   0.14203E-13
   0.28455E+02   0.94736E-05
   0.28519E+02   0.10145E-01
   0.28553E+02   0.52269E-03
   0.28566E+02   0.76902E-14
   0.28589E+02   0.85114E-03
   0.28655E+02   0.19646E-04
   0.28728E+02   0.45513E-05
   0.28745E+02   0.30533E-05
   0.29080E+02   0.30876E-04
   0.29126E+02   0.31750E-13
   0.29172E+02   0.74537E-03
   0.29225E+02   0.44707E-05
   0.29268E+02   0.23551E-12
   0.29293E+02   0.91381E-05
   0.29300E+02   0.76129E-05
   0.29313E+02   0.72154E-07
   0.29362E+02   0.25305E-03
   0.29375E+02   0.18160E-12
   0.29448E+02   0.26889E-05
   0.29507E+02   0.37890E-03
   0.29510E+02   0.49507E-06
   0.29556E+02   0.13561E-06
   0.29580E+02   0.15477E-02
   0.29671E+02   0.60546E-03
   0.29694E+02   0.15433E-05
   0.29758E+02   0.14816E-11
   0.29773E+02   0.48177E-05
   0.29787E+02   0.33486E-02
   0.29862E+02   0.27722E-03
   0.30084E+02   0.18083E-10
   0.30164E+02   0.20493E-05
   0.30253E+02   0.10956E-04
   0.30337E+02   0.20657E-05
   0.30400E+02   0.99068E-04
   0.30489E+02   0.17049E-03
   0.30501E+02   0.11332E-06
   0.30772E+02   0.18692E-02
   0.30821E+02   0.47145E-11
   0.31009E+02   0.19021E-10
   0.31018E+02   0.29379E-04
   0.31027E+02   0.21814E-04
   0.31049E+02   0.11684E-02
   0.31114E+02   0.25692E-04
   0.31120E+02   0.12907E-04
   0.31198E+02   0.13791E-11
   0.31222E+02   0.27749E-12
   0.31272E+02   0.30529E-02
   0.31344E+02   0.35586E-09
   0.31449E+02   0.15757E-02
   0.31511E+02   0.35218E-05
   0.31560E+02   0.50546E-03
   0.31583E+02   0.29603E-03
   0.31623E+02   0.26822E-03
   0.31680E+02   0.62039E-10
   0.31720E+02   0.30802E-04
   0.31793E+02   0.38740E-13
   0.31852E+02   0.85143E-07
   0.32123E+02   0.24564E-13
   0.32139E+02   0.17443E-04
   0.32140E+02   0.71742E-05
   0.32167E+02   0.65819E-11
   0.32253E+02   0.22799E-01
   0.32321E+02   0.22181E-02
   0.32359E+02   0.16162E-02
   0.32418E+02   0.50828E-03
   0.32422E+02   0.10476E-09
   0.32453E+02   0.43811E-05
   0.32494E+02   0.11540E-02
   0.32613E+02   0.25039E-11
   0.32718E+02   0.68492E-11
   0.32746E+02   0.62700E-03
   0.32806E+02   0.24984E-07
   0.32853E+02   0.60276E-07
   0.32856E+02   0.69839E-03
   0.32926E+02   0.35999E-03
   0.33100E+02   0.38292E-03
   0.33151E+02   0.19044E-13
   0.33228E+02   0.14140E-05
   0.33244E+02   0.11106E-03
   0.33254E+02   0.56399E-04
   0.33302E+02   0.19187E-03
   0.33339E+02   0.37581E-03
   0.33351E+02   0.21650E-12
   0.33405E+02   0.24622E-02
   0.33416E+02   0.16853E-03
   0.33448E+02   0.20322E-03
   0.33467E+02   0.12398E-02
   0.33515E+02   0.13695E-02
   0.33780E+02   0.20727E-02
   0.33829E+02   0.21085E-01
   0.34023E+02   0.31405E-03
   0.34064E+02   0.81078E-04
   0.34105E+02   0.20860E-05
   0.34209E+02   0.15606E-11
   0.34240E+02   0.39774E-05
   0.34275E+02   0.93797E-05
   0.34282E+02   0.26781E-05
   0.34376E+02   0.12976E-11
   0.34389E+02   0.14478E-04
   0.34403E+02   0.30416E-05
   0.34411E+02   0.56553E-03
   0.34472E+02   0.67365E-03
   0.34520E+02   0.19442E-03
   0.34576E+02   0.49562E-04
   0.34586E+02   0.29375E-13
   0.34613E+02   0.15097E-02
   0.34669E+02   0.14760E-01
   0.34711E+02   0.73816E-04
   0.34719E+02   0.34520E-09
   0.34739E+02   0.14488E-04
   0.34753E+02   0.11039E-05
   0.34764E+02   0.16528E-05
   0.34922E+02   0.22022E-13
   0.34945E+02   0.20908E-03
   0.34966E+02   0.10795E-02
   0.34997E+02   0.24485E-07
   0.35055E+02   0.31525E-02
   0.35111E+02   0.12529E-02
   0.35163E+02   0.74815E-02
   0.35177E+02   0.94609E-06
   0.35230E+02   0.27285E-02
   0.35267E+02   0.82852E-03
   0.35334E+02   0.26953E-04
   0.35341E+02   0.92232E-04
   0.35380E+02   0.20705E-02
   0.35441E+02   0.62134E-03
   0.35498E+02   0.63700E-03
   0.35508E+02   0.12267E-09
   0.35575E+02   0.41114E-03
   0.35711E+02   0.18705E-04
   0.35749E+02   0.18338E-06
   0.35809E+02   0.81858E-03
   0.35849E+02   0.42834E-06
   0.35936E+02   0.31738E-13
   0.36003E+02   0.53298E-05
   0.36132E+02   0.11960E-04
   0.36155E+02   0.70356E-08
   0.36246E+02   0.86364E-12
   0.36352E+02   0.30245E-08
   0.36383E+02   0.40643E-08
   0.36449E+02   0.36540E-12
   0.36550E+02   0.13669E-03
   0.36631E+02   0.92420E-02
   0.36714E+02   0.35149E-06
   0.36756E+02   0.60521E-05
   0.36792E+02   0.17227E-01
   0.36851E+02   0.38320E-03
   0.36954E+02   0.19493E-03
   0.36976E+02   0.78127E-14
   0.37104E+02   0.44258E-12
   0.37121E+02   0.86787E-04
   0.37158E+02   0.76144E-04
   0.37179E+02   0.43665E-03
   0.37215E+02   0.75444E-10
   0.37294E+02   0.11142E-01
   0.37305E+02   0.28955E-03
   0.37359E+02   0.16786E-04
   0.37471E+02   0.70511E-05
   0.37473E+02   0.98435E-07
   0.37526E+02   0.11101E-03
   0.37586E+02   0.29059E-10
   0.37615E+02   0.92306E-03
   0.37623E+02   0.24337E-03
   0.37746E+02   0.44168E-04
   0.37781E+02   0.21311E-01
   0.37934E+02   0.63258E-10
   0.38116E+02   0.38174E-14
   0.38251E+02   0.81366E-03
   0.38265E+02   0.18954E-04
   0.38276E+02   0.67090E-05
   0.38284E+02   0.32984E-04
   0.38284E+02   0.20055E-03
   0.38311E+02   0.27825E-04
   0.38318E+02   0.22541E-04
   0.38334E+02   0.29224E-05
   0.38335E+02   0.69638E-03
   0.38381E+02   0.48421E-13
   0.38398E+02   0.47330E-04
   0.38578E+02   0.25108E-07
   0.38896E+02   0.16019E-02
   0.38919E+02   0.17560E-03
   0.38921E+02   0.12540E-01
   0.38956E+02   0.42255E-11
   0.38986E+02   0.17247E-02
   0.39002E+02   0.10864E-03
   0.39062E+02   0.57515E-06
   0.39116E+02   0.73871E-02
   0.39225E+02   0.21035E-03
   0.39260E+02   0.18451E-03
   0.39285E+02   0.30319E-05
   0.39313E+02   0.27859E-03
   0.39316E+02   0.18624E-03
   0.39381E+02   0.66263E-02
   0.39464E+02   0.10056E-02
   0.39510E+02   0.49609E-04
   0.39520E+02   0.11514E-03
   0.39579E+02   0.15717E-02
   0.39621E+02   0.31914E-03
   0.39692E+02   0.16784E-09
   0.39779E+02   0.21830E-10
   0.39797E+02   0.32615E-05
   0.39803E+02   0.16535E-03
   0.39809E+02   0.38067E-04
   0.39824E+02   0.12659E-04
   0.39842E+02   0.28665E-02
   0.39880E+02   0.80378E-02
   0.39881E+02   0.29197E-06
   0.39887E+02   0.50252E-06
   0.39891E+02   0.51213E-03
   0.39893E+02   0.16770E-05
   0.40026E+02   0.31434E-11
   0.40070E+02   0.16017E-03
   0.40079E+02   0.45423E-03
   0.40098E+02   0.31326E-02
   0.40116E+02   0.67550E-12
   0.40237E+02   0.15546E-04
   0.40244E+02   0.31400E-11
   0.40264E+02   0.50381E-03
   0.40425E+02   0.19515E-11
   0.40488E+02   0.27177E-06
   0.40504E+02   0.22407E-07
   0.40510E+02   0.13622E-02
   0.40571E+02   0.25733E-04
   0.40585E+02   0.25504E-04
   0.40592E+02   0.34600E-03
   0.40614E+02   0.37513E-03
   0.40818E+02   0.17945E-12
   0.40822E+02   0.95289E-05
   0.40834E+02   0.62726E-08
   0.40855E+02   0.49344E-03
   0.40895E+02   0.61638E-03
   0.40924E+02   0.51456E-03
   0.40931E+02   0.11885E-12
   0.40942E+02   0.12385E-13
   0.40942E+02   0.26675E-04
   0.40997E+02   0.26628E-06
   0.41048E+02   0.11127E-02
   0.41064E+02   0.44591E-02
   0.41089E+02   0.32264E-04
   0.41144E+02   0.22789E-12
   0.41181E+02   0.67625E-04
   0.41189E+02   0.39174E-04
   0.41200E+02   0.49286E-03
   0.41233E+02   0.99028E-03
   0.41263E+02   0.21312E-06
   0.41348E+02   0.18662E-05
   0.41350E+02   0.65616E-03
   0.41403E+02   0.99749E-04
   0.41483E+02   0.16521E-04
   0.41568E+02   0.42577E-04
   0.41571E+02   0.23431E-04
   0.41592E+02   0.21986E-10
   0.41664E+02   0.22577E-13
   0.41695E+02   0.49651E-07
   0.41757E+02   0.55817E-03
   0.41773E+02   0.97438E-03
   0.41911E+02   0.92538E-03
   0.41916E+02   0.20084E-08
   0.41932E+02   0.93578E-05
   0.41932E+02   0.11293E-05
   0.41978E+02   0.98811E-05
   0.41983E+02   0.33703E-07
   0.42154E+02   0.11873E-03
   0.42176E+02   0.42652E-06
   0.42205E+02   0.42318E-06
   0.42210E+02   0.11108E-11
   0.42221E+02   0.20710E-08
   0.42231E+02   0.20264E-05
   0.42306E+02   0.96244E-11
   0.42431E+02   0.10435E-02
   0.42477E+02   0.40053E-11
   0.42481E+02   0.44104E-05
   0.42487E+02   0.30773E-06
   0.42491E+02   0.93036E-02
   0.42493E+02   0.91164E-05
   0.42526E+02   0.63116E-11
   0.42597E+02   0.10051E-02
   0.42718E+02   0.10244E-03
   0.42819E+02   0.50557E-09
   0.42837E+02   0.52144E-03
   0.42858E+02   0.22082E-11
   0.42862E+02   0.62231E-09
   0.42880E+02   0.11237E-02
   0.42992E+02   0.60150E-06
   0.43036E+02   0.27668E-11
   0.43089E+02   0.70812E-06
   0.43105E+02   0.82913E-03
   0.43233E+02   0.22922E-03
   0.43272E+02   0.55011E-10
   0.43405E+02   0.11439E-02
   0.43414E+02   0.13401E-02
   0.43452E+02   0.99428E-06
   0.43454E+02   0.48001E-12
   0.43597E+02   0.31757E-03
   0.43738E+02   0.15013E-02
   0.43749E+02   0.59656E-06
   0.43749E+02   0.65315E-06
   0.43762E+02   0.42111E-09
   0.43818E+02   0.46297E-11
   0.43890E+02   0.10084E-09
   0.43935E+02   0.33002E-04
   0.43951E+02   0.26287E-06
   0.43986E+02   0.17676E-04
   0.44084E+02   0.98057E-05
   0.44088E+02   0.33840E-03
   0.44141E+02   0.72746E-09
   0.44289E+02   0.11171E-02
   0.44327E+02   0.52428E-06
   0.44333E+02   0.67547E-05
   0.44337E+02   0.60044E-05
   0.44343E+02   0.14719E-04
   0.44484E+02   0.47934E-04
   0.44538E+02   0.69136E-11
   0.44548E+02   0.39019E-07
   0.44557E+02   0.61835E-16
   0.44633E+02   0.43760E-12
   0.44657E+02   0.21946E-05
   0.44724E+02   0.34766E-09
   0.44799E+02   0.78036E-04
   0.44819E+02   0.11069E-03
   0.45010E+02   0.14357E-08
   0.45095E+02   0.33827E-03
   0.45103E+02   0.37646E-06
   0.45120E+02   0.19332E-03
   0.45256E+02   0.45285E-03
   0.45382E+02   0.11970E-10
   0.45403E+02   0.20859E-03
   0.45417E+02   0.49358E-04
   0.45512E+02   0.37075E-02
   0.45514E+02   0.11316E-05
   0.45515E+02   0.96224E-07
   0.45583E+02   0.43748E-03
   0.45605E+02   0.14685E-03
   0.45620E+02   0.11683E-02
   0.45654E+02   0.35153E-04
   0.45704E+02   0.22274E-04
   0.45765E+02   0.32411E-04
   0.45783E+02   0.54535E-11
   0.45802E+02   0.30954E-05
   0.45891E+02   0.14549E-08
   0.45908E+02   0.70499E-04
   0.45934E+02   0.48151E-04
   0.46032E+02   0.18505E-12
   0.46066E+02   0.16261E-08
   0.46089E+02   0.10799E-10
   0.46104E+02   0.52266E-03
   0.46145E+02   0.57081E-08
   0.46206E+02   0.26790E-03
   0.46252E+02   0.40426E-02
   0.46257E+02   0.75115E-07
   0.46360E+02   0.50924E-11
   0.46416E+02   0.17738E-03
   0.46496E+02   0.32489E-04
   0.46533E+02   0.32727E-04
   0.46548E+02   0.75098E-02
   0.46582E+02   0.14095E-01
   0.46584E+02   0.22336E-01
   0.46610E+02   0.47232E-05
   0.46713E+02   0.42951E-03
   0.46724E+02   0.33266E-04
   0.46815E+02   0.10237E-06
   0.46837E+02   0.59727E-02
   0.46901E+02   0.81398E-02
   0.46948E+02   0.31092E-05
   0.46971E+02   0.67686E-04
   0.46990E+02   0.15818E-02
   0.47251E+02   0.17739E-03
   0.47272E+02   0.17332E-05
   0.47276E+02   0.64679E-04
   0.47302E+02   0.32404E-03
   0.47308E+02   0.11891E-04
   0.47317E+02   0.53993E-10
   0.47339E+02   0.33131E-04
   0.47413E+02   0.10426E-02
   0.47456E+02   0.40341E-05
   0.47543E+02   0.32960E-06
   0.47570E+02   0.10248E-01
   0.47667E+02   0.15050E-07
   0.47690E+02   0.20099E-07
   0.47780E+02   0.23615E-08
   0.47789E+02   0.24739E-09
   0.47790E+02   0.96169E-04
   0.47861E+02   0.28299E-03
   0.47895E+02   0.45600E-03
   0.47946E+02   0.17488E-04
   0.47960E+02   0.81455E-02
   0.48042E+02   0.55027E-05
   0.48058E+02   0.81930E-07
   0.48058E+02   0.49654E-07
   0.48081E+02   0.62951E-05
   0.48094E+02   0.74747E-11
   0.48119E+02   0.20858E-02
   0.48203E+02   0.54420E-06
   0.48248E+02   0.74422E-02
   0.48283E+02   0.40954E-03
   0.48298E+02   0.46778E-04
   0.48338E+02   0.69280E-06
   0.48376E+02   0.47689E-03
   0.48400E+02   0.33386E-04
   0.48424E+02   0.34311E-03
   0.48454E+02   0.21825E-11
   0.48576E+02   0.52299E-03
   0.48584E+02   0.33613E-02
   0.48611E+02   0.17822E-09
   0.48631E+02   0.10349E-03
   0.48658E+02   0.14114E-06
   0.48720E+02   0.37314E-03
   0.48730E+02   0.37623E-04
   0.48791E+02   0.50809E-06
   0.48798E+02   0.30895E-02
   0.48826E+02   0.20499E-10
   0.48867E+02   0.40066E-03
   0.48870E+02   0.87562E-04
   0.48891E+02   0.29012E-03
   0.48897E+02   0.49943E-11
   0.48924E+02   0.64839E-04
   0.49033E+02   0.37849E-06
   0.49050E+02   0.75239E-03
   0.49151E+02   0.28949E-03
   0.49294E+02   0.97378E-07
   0.49321E+02   0.46091E-04
   0.49329E+02   0.33049E-04
   0.49338E+02   0.24280E-12
   0.49387E+02   0.35036E-05
   0.49410E+02   0.41062E-02
   0.49545E+02   0.78158E-12
   0.49577E+02   0.10220E-07
   0.49625E+02   0.14162E-03
   0.49647E+02   0.26513E-04
   0.49675E+02   0.92302E-11
   0.49753E+02   0.45400E-04
   0.49805E+02   0.12794E-08
   0.49842E+02   0.53011E-10
   0.49843E+02   0.91121E-03
   0.49861E+02   0.25101E-03
   0.50036E+02   0.53181E-06
   0.50107E+02   0.91140E-10
   0.50165E+02   0.12226E-02
   0.50181E+02   0.37701E-03
   0.50226E+02   0.10282E-02
   0.50266E+02   0.10871E-09
   0.50287E+02   0.45044E-03
   0.50349E+02   0.11789E-03
   0.50350E+02   0.83034E-12
   0.50402E+02   0.10648E-02
   0.50408E+02   0.11702E-03
   0.50426E+02   0.12223E-10
   0.50530E+02   0.35565E-03
   0.50554E+02   0.31337E-05
   0.50588E+02   0.23499E-04
   0.50733E+02   0.27583E-05
   0.50760E+02   0.89509E-10
   0.50808E+02   0.36372E-03
   0.50867E+02   0.92609E-08
   0.50969E+02   0.29319E-03
   0.50993E+02   0.27720E-12
   0.50996E+02   0.58589E-04
   0.51107E+02   0.48590E-06
   0.51108E+02   0.14726E-06
   0.51115E+02   0.17372E-03
   0.51144E+02   0.62570E-03
   0.51154E+02   0.12788E-02
   0.51298E+02   0.70721E-08
   0.51378E+02   0.10182E-14
   0.51445E+02   0.47815E-04
   0.51497E+02   0.30631E-03
   0.51519E+02   0.13222E-08
   0.51839E+02   0.36408E-03
   0.51926E+02   0.27460E-06
   0.51934E+02   0.30441E-03
   0.52004E+02   0.15743E-03
   0.52154E+02   0.26751E-03
   0.52188E+02   0.84571E-03
   0.52190E+02   0.13203E-02
   0.52246E+02   0.11016E-03
   0.52283E+02   0.11199E-02
   0.52320E+02   0.14940E-01
   0.52329E+02   0.91237E-04
   0.52401E+02   0.61688E-03
   0.52498E+02   0.39432E-07
   0.52504E+02   0.40956E-04
   0.52543E+02   0.14321E-03
   0.52646E+02   0.17400E-06
   0.52710E+02   0.32636E-03
   0.52722E+02   0.31211E-04
   0.52815E+02   0.53429E-02
   0.52977E+02   0.35256E-02
   0.53020E+02   0.45763E-06
   0.53043E+02   0.14488E-03
   0.53076E+02   0.54910E-03
   0.53142E+02   0.40998E-03
   0.53180E+02   0.11868E-03
   0.53197E+02   0.54359E-03
   0.53250E+02   0.51476E-05
   0.53294E+02   0.11867E-02
   0.53337E+02   0.19241E-03
   0.53342E+02   0.97291E-08
   0.53382E+02   0.21116E-09
   0.53587E+02   0.45817E-04
   0.53696E+02   0.16159E-06
   0.53703E+02   0.30753E-10
   0.53707E+02   0.53355E-07
   0.53713E+02   0.41089E-06
   0.53805E+02   0.13237E-07
   0.53849E+02   0.34958E-03
   0.54028E+02   0.64252E-07
   0.54032E+02   0.63312E-06
   0.54035E+02   0.18686E-12
   0.54077E+02   0.10809E-03
   0.54155E+02   0.17033E-06
   0.54209E+02   0.12301E-09
   0.54301E+02   0.86595E-03
   0.54301E+02   0.10780E-05
   0.54449E+02   0.30666E-03
   0.54636E+02   0.19195E-03
   0.54649E+02   0.73140E-06
   0.54665E+02   0.20334E-07
   0.54711E+02   0.12330E-04
   0.54722E+02   0.16640E-02
   0.54790E+02   0.62755E-12
   0.54844E+02   0.34446E-03
   0.54888E+02   0.37661E-03
   0.54889E+02   0.78235E-04
   0.54971E+02   0.31266E-03
   0.55054E+02   0.23297E-04
   0.55070E+02   0.60653E-03
   0.55090E+02   0.21743E-03
   0.55121E+02   0.50228E-03
   0.55137E+02   0.16821E-06
   0.55205E+02   0.66049E-04
   0.55208E+02   0.25754E-03
   0.55245E+02   0.22758E-05
   0.55262E+02   0.25721E-04
   0.55263E+02   0.13987E-02
   0.55282E+02   0.20854E-02
   0.55337E+02   0.53667E-15
   0.55471E+02   0.21690E-03
   0.55568E+02   0.55097E-03
   0.55625E+02   0.77961E-03
   0.55628E+02   0.53513E-04
   0.55835E+02   0.82583E-03
   0.55861E+02   0.15178E-02
   0.55863E+02   0.54863E-11
   0.55865E+02   0.75008E-04
   0.55866E+02   0.16523E-04
   0.55882E+02   0.10867E-01
   0.56023E+02   0.56785E-03
   0.56044E+02   0.30101E-04
   0.56088E+02   0.48370E-04
   0.56141E+02   0.19798E-03
   0.56145E+02   0.11511E-02
   0.56167E+02   0.31079E-03
   0.56180E+02   0.85591E-04
   0.56233E+02   0.43254E-03
   0.56282E+02   0.25142E-07
   0.56354E+02   0.70490E-06
   0.56372E+02   0.40911E-02
   0.56388E+02   0.70744E-03
   0.56440E+02   0.29981E-04
   0.56562E+02   0.70863E-04
   0.56596E+02   0.45186E-04
   0.56624E+02   0.90034E-06
   0.56627E+02   0.64371E-15
   0.56680E+02   0.34190E-04
   0.56687E+02   0.71171E-05
   0.56699E+02   0.11519E-08
   0.56775E+02   0.15015E-04
   0.56779E+02   0.33245E-03
   0.56931E+02   0.51808E-03
   0.56949E+02   0.41508E-05
   0.56972E+02   0.47966E-04
   0.56985E+02   0.24654E-02
   0.57197E+02   0.78703E-03
   0.57322E+02   0.20672E-03
   0.57397E+02   0.11925E-03
   0.57412E+02   0.50335E-03
   0.57582E+02   0.16197E-07
   0.57584E+02   0.13902E-11
   0.57700E+02   0.95526E-05
   0.57855E+02   0.25476E-12
   0.58048E+02   0.37194E-02
   0.58071E+02   0.40529E-03
   0.58175E+02   0.12475E-03
   0.58182E+02   0.42719E-02
   0.58227E+02   0.31191E-02
   0.58311E+02   0.39415E-03
   0.58354E+02   0.47947E-07
   0.58391E+02   0.85910E-04
   0.58409E+02   0.44257E-03
   0.58435E+02   0.15230E-04
   0.58538E+02   0.29563E-03
   0.58626E+02   0.10234E-04
   0.58759E+02   0.18404E-06
   0.58779E+02   0.11132E-01
   0.58829E+02   0.19809E-02
   0.58924E+02   0.40565E-02
   0.58978E+02   0.10818E-06
   0.59036E+02   0.15072E-07
   0.59045E+02   0.27825E-04
   0.59103E+02   0.88273E-06
   0.59212E+02   0.76246E-03
   0.59257E+02   0.77108E-11
   0.59340E+02   0.44869E-08
   0.59455E+02   0.10395E-07
   0.59587E+02   0.13952E-10
   0.59614E+02   0.76366E-10
   0.59785E+02   0.20219E-03
   0.59898E+02   0.69235E-13
   0.59954E+02   0.19203E-02
   0.60110E+02   0.21464E-03
   0.60129E+02   0.85181E-13
   0.60136E+02   0.10749E-03
   0.60174E+02   0.24749E-12
   0.60195E+02   0.94108E-04
   0.60236E+02   0.23305E-11
   0.60401E+02   0.27644E-04
   0.60411E+02   0.60282E-02
   0.60458E+02   0.35193E-07
   0.60460E+02   0.18681E-04
   0.60462E+02   0.90222E-09
   0.60463E+02   0.38699E-03
   0.60465E+02   0.14988E-05
   0.60526E+02   0.31444E-03
   0.60528E+02   0.24421E-07
   0.60536E+02   0.22793E-03
   0.60550E+02   0.11032E-11
   0.60716E+02   0.17254E-02
   0.60786E+02   0.84614E-03
   0.60925E+02   0.66865E-03
   0.60932E+02   0.78028E-13
   0.61019E+02   0.48187E-13
   0.61042E+02   0.10636E-10
   0.61136E+02   0.15269E-04
   0.61147E+02   0.16198E-03
   0.61174E+02   0.64419E-03
   0.61209E+02   0.24663E-14
   0.61272E+02   0.91741E-03
   0.61440E+02   0.37950E-03
   0.61637E+02   0.35456E-03
   0.61654E+02   0.78268E-04
   0.61790E+02   0.13966E-04
   0.61830E+02   0.14922E-15
   0.61948E+02   0.47263E-03
   0.61954E+02   0.23888E-04
   0.62003E+02   0.44533E-02
   0.62024E+02   0.16509E-02
   0.62050E+02   0.13175E-07
   0.62060E+02   0.74805E-03
   0.62107E+02   0.15758E-02
   0.62116E+02   0.58937E-03
   0.62169E+02   0.26727E-07
   0.62227E+02   0.81956E-03
   0.62397E+02   0.12501E-05
   0.62535E+02   0.10564E-07
   0.62578E+02   0.72715E-03
   0.62611E+02   0.48015E-06
   0.62630E+02   0.87380E-06
   0.62640E+02   0.12855E-02
   0.62704E+02   0.85759E-04
   0.62715E+02   0.55508E-04
   0.62766E+02   0.49178E-04
   0.62813E+02   0.68598E-04
   0.62813E+02   0.70788E-04
   0.62840E+02   0.11381E-01
   0.62843E+02   0.66883E-03
   0.62864E+02   0.24612E-04
   0.62864E+02   0.50929E-08
   0.62926E+02   0.10545E-03
   0.63066E+02   0.28363E-07
   0.63073E+02   0.57781E-03
   0.63157E+02   0.46955E-04
   0.63157E+02   0.33153E-03
   0.63168E+02   0.56924E-03
   0.63269E+02   0.82625E-07
   0.63353E+02   0.16230E-03
   0.63420E+02   0.10404E-02
   0.63505E+02   0.84848E-05
   0.63666E+02   0.93782E-04
   0.63695E+02   0.38135E-04
   0.63720E+02   0.55422E-07
   0.63734E+02   0.20569E-02
   0.63754E+02   0.11543E-02
   0.63778E+02   0.41636E-03
   0.63848E+02   0.51691E-04
   0.63914E+02   0.11911E-03
   0.63964E+02   0.72651E-06
   0.64108E+02   0.22343E-05
   0.64134E+02   0.24324E-04
   0.64195E+02   0.99231E-05
   0.64202E+02   0.12177E-07
   0.64226E+02   0.32856E-09
   0.64255E+02   0.21236E-03
   0.64266E+02   0.10112E-03
   0.64335E+02   0.26389E-02
   0.64467E+02   0.18450E-05
   0.64490E+02   0.12190E-06
   0.64572E+02   0.44287E-04
   0.64581E+02   0.50205E-05
   0.64619E+02   0.27905E-04
   0.64625E+02   0.24805E-12
   0.64645E+02   0.16057E-03
   0.64652E+02   0.60326E-05
   0.64695E+02   0.14870E-03
   0.64713E+02   0.79231E-07
   0.64816E+02   0.11113E-02
   0.64915E+02   0.35308E-06
   0.64915E+02   0.76597E-10
   0.64919E+02   0.20599E-15
   0.64921E+02   0.79144E-08
   0.64967E+02   0.15448E-09
   0.65132E+02   0.86504E-04
   0.65193E+02   0.46304E-05
   0.65372E+02   0.84265E-14
   0.65411E+02   0.57558E-04
   0.65418E+02   0.83553E-07
   0.65446E+02   0.16963E-07
   0.65590E+02   0.47311E-03
   0.65683E+02   0.20495E-06
   0.65690E+02   0.16432E-02
   0.65729E+02   0.63085E-04
   0.65808E+02   0.47895E-02
   0.65856E+02   0.45218E-17
   0.65969E+02   0.75974E-02
   0.65998E+02   0.86307E-04
   0.66123E+02   0.65624E-03
   0.66136E+02   0.57258E-02
   0.66200E+02   0.26980E-03
   0.66234E+02   0.12179E-04
   0.66272E+02   0.37711E-05
   0.66324E+02   0.91958E-04
   0.66406E+02   0.17493E-03
   0.66438E+02   0.58788E-05
   0.66470E+02   0.23152E-05
   0.66476E+02   0.14495E-05
   0.66477E+02   0.37492E-04
   0.66567E+02   0.87624E-07
   0.66612E+02   0.23359E-08
   0.66613E+02   0.15224E-07
   0.66683E+02   0.25943E-06
   0.66709E+02   0.69486E-04
   0.66788E+02   0.12934E-10
   0.66832E+02   0.69450E-04
   0.66864E+02   0.12048E-09
   0.66873E+02   0.47424E-12
   0.66919E+02   0.36244E-08
   0.67006E+02   0.17720E-04
   0.67086E+02   0.14965E-02
   0.67088E+02   0.35606E-07
   0.67110E+02   0.47501E-05
   0.67179E+02   0.73436E-07
   0.67217E+02   0.92798E-05
   0.67375E+02   0.83512E-07
   0.67453E+02   0.10453E-02
   0.67494E+02   0.41358E-05
   0.67509E+02   0.96932E-05
   0.67513E+02   0.24890E-03
   0.67560E+02   0.10935E-07
   0.67565E+02   0.71611E-05
   0.67630E+02   0.61637E-05
   0.67644E+02   0.46345E-05
   0.67706E+02   0.46562E-11
   0.67892E+02   0.22393E-04
   0.67977E+02   0.35489E-12
   0.68051E+02   0.50447E-04
   0.68108E+02   0.10386E-01
   0.68183E+02   0.39686E-05
   0.68321E+02   0.48995E-10
   0.68326E+02   0.23443E-07
   0.68337E+02   0.27228E-03
   0.68358E+02   0.46549E-07
   0.68418E+02   0.43653E-05
   0.68432E+02   0.48436E-06
   0.68512E+02   0.50703E-09
   0.68670E+02   0.66206E-07
   0.68747E+02   0.81468E-10
   0.68749E+02   0.72025E-10
   0.68779E+02   0.79952E-04
   0.68793E+02   0.21127E-13
   0.68884E+02   0.15275E-03
   0.68889E+02   0.28484E-10
   0.68922E+02   0.26271E-09
   0.68926E+02   0.57059E-04
   0.68928E+02   0.60826E-06
   0.68935E+02   0.38643E-05
   0.68935E+02   0.40118E-05
   0.68951E+02   0.19890E-05
   0.68974E+02   0.16567E-10
   0.68982E+02   0.34293E-03
   0.69134E+02   0.52344E-04
   0.69175E+02   0.16343E-03
   0.69217E+02   0.15505E-03
   0.69230E+02   0.16436E-04
   0.69257E+02   0.30020E-03
   0.69276E+02   0.48481E-04
   0.69278E+02   0.11068E-03
   0.69286E+02   0.25997E-03
   0.69321E+02   0.14825E-03
   0.69348E+02   0.66868E-02
   0.69361E+02   0.92267E-03
   0.69383E+02   0.40468E-11
   0.69416E+02   0.83769E-07
   0.69429E+02   0.15583E-07
   0.69450E+02   0.64103E-04
   0.69537E+02   0.41779E-07
   0.69566E+02   0.12579E-02
   0.69628E+02   0.91508E-05
   0.69653E+02   0.35208E-04
   0.69685E+02   0.23624E-03
   0.69692E+02   0.12015E-03
   0.69744E+02   0.95034E-11
   0.69771E+02   0.22638E-02
   0.69844E+02   0.96772E-05
   0.69866E+02   0.12659E-05
   0.69954E+02   0.75029E-06
   0.69970E+02   0.58470E-06
   0.70065E+02   0.23130E-03
   0.70098E+02   0.53476E-08
   0.70163E+02   0.25924E-02
   0.70166E+02   0.18187E-02
   0.70180E+02   0.32334E-03
   0.70185E+02   0.19584E-04
   0.70195E+02   0.46013E-04
   0.70196E+02   0.13301E-06
   0.70196E+02   0.10539E-06
   0.70202E+02   0.47255E-03
   0.70213E+02   0.46046E-15
   0.70241E+02   0.35692E-03
   0.70362E+02   0.45119E-04
   0.70444E+02   0.11115E-08
   0.70487E+02   0.49465E-03
   0.70519E+02   0.97583E-03
   0.70552E+02   0.18956E-02
   0.70676E+02   0.25227E-03
   0.70791E+02   0.36056E-08
   0.70809E+02   0.20491E-06
   0.70822E+02   0.42128E-04
   0.70970E+02   0.20723E-04
   0.70980E+02   0.16734E-11
   0.70983E+02   0.43645E-04
   0.70992E+02   0.22669E-04
   0.71066E+02   0.69144E-07
   0.71067E+02   0.27317E-05
   0.71074E+02   0.17455E-03
   0.71081E+02   0.19070E-05
   0.71090E+02   0.41048E-04
   0.71150E+02   0.50271E-05
   0.71186E+02   0.51940E-10
   0.71312E+02   0.11449E-08
   0.71338E+02   0.15740E-05
   0.71349E+02   0.27806E-03
   0.71369E+02   0.94249E-03
   0.71392E+02   0.33648E-07
   0.71402E+02   0.19377E-03
   0.71413E+02   0.10215E-08
   0.71420E+02   0.24236E-04
   0.71591E+02   0.19999E-09
   0.71628E+02   0.30771E-04
   0.71693E+02   0.10515E-02
   0.71740E+02   0.17220E-09
   0.71751E+02   0.13217E-08
   0.71765E+02   0.40212E-03
   0.71819E+02   0.97266E-09
   0.71831E+02   0.18154E-13
   0.71879E+02   0.12337E-03
   0.71881E+02   0.59181E-11
   0.71899E+02   0.49039E-06
   0.71906E+02   0.39567E-06
   0.71959E+02   0.65657E-04
   0.71966E+02   0.44352E-09
   0.71971E+02   0.60887E-08
   0.71986E+02   0.15585E-02
   0.72034E+02   0.24540E-03
   0.72042E+02   0.30366E-03
   0.72068E+02   0.12150E-12
   0.72184E+02   0.14471E-06
   0.72192E+02   0.16044E-06
   0.72268E+02   0.19997E-11
   0.72270E+02   0.55771E-03
   0.72297E+02   0.36131E-08
   0.72362E+02   0.41761E-04
   0.72409E+02   0.53056E-05
   0.72433E+02   0.20808E-04
   0.72485E+02   0.16644E-06
   0.72531E+02   0.84252E-05
   0.72547E+02   0.48555E-07
   0.72640E+02   0.40331E-13
   0.72656E+02   0.11998E-06
   0.72769E+02   0.80734E-03
   0.72775E+02   0.50834E-12
   0.72778E+02   0.23956E-10
   0.72780E+02   0.58083E-13
   0.72808E+02   0.11344E-08
   0.72865E+02   0.32671E-03
   0.72936E+02   0.42597E-04
   0.72937E+02   0.11760E-04
   0.72938E+02   0.48111E-09
   0.72998E+02   0.17383E-07
   0.73008E+02   0.15083E-04
   0.73038E+02   0.43761E-09
   0.73051E+02   0.37738E-04
   0.73286E+02   0.11955E-11
   0.73325E+02   0.47577E-05
   0.73336E+02   0.28130E-03
   0.73343E+02   0.98454E-03
   0.73490E+02   0.90455E-05
   0.73505E+02   0.78950E-04
   0.73596E+02   0.37417E-03
   0.73702E+02   0.10698E-10
   0.73720E+02   0.21645E-08
   0.73742E+02   0.10731E-12
   0.73785E+02   0.14531E-02
   0.73811E+02   0.38738E-03
   0.73819E+02   0.42787E-03
   0.73833E+02   0.72600E-04
   0.74063E+02   0.35545E-08
   0.74127E+02   0.43413E-08
   0.74128E+02   0.17749E-08
   0.74196E+02   0.16757E-03
   0.74293E+02   0.53292E-04
   0.74359E+02   0.21285E-15
   0.74373E+02   0.41409E-09
   0.74405E+02   0.67519E-07
   0.74448E+02   0.29131E-04
   0.74470E+02   0.39402E-05
   0.74504E+02   0.18757E-05
   0.74545E+02   0.10567E-01
   0.74621E+02   0.85119E-05
   0.74622E+02   0.75768E-07
   0.74635E+02   0.73534E-04
   0.74792E+02   0.15833E-04
   0.74847E+02   0.62435E-04
   0.74890E+02   0.14140E-08
   0.74902E+02   0.25243E-04
   0.75057E+02   0.15442E-03
   0.75060E+02   0.86130E-07
   0.75085E+02   0.12589E-03
   0.75095E+02   0.13393E-07
   0.75095E+02   0.65239E-09
   0.75179E+02   0.86682E-05
   0.75230E+02   0.10908E-09
   0.75235E+02   0.55146E-05
   0.75266E+02   0.66254E-04
   0.75286E+02   0.60632E-08
   0.75385E+02   0.27031E-06
   0.75423E+02   0.43289E-05
   0.75457E+02   0.25312E-04
   0.75465E+02   0.30242E-03
   0.75466E+02   0.12860E-02
   0.75531E+02   0.95243E-05
   0.75598E+02   0.73913E-03
   0.75621E+02   0.64560E-04
   0.75637E+02   0.32950E-04
   0.75669E+02   0.74521E-02
   0.75701E+02   0.46548E-03
   0.75749E+02   0.12211E-05
   0.75790E+02   0.29268E-04
   0.75813E+02   0.39702E-04
   0.75833E+02   0.62952E-04
   0.75842E+02   0.84583E-08
   0.75876E+02   0.61262E-04
   0.75890E+02   0.41181E-11
   0.75948E+02   0.17645E-03
   0.75984E+02   0.42298E-04
   0.76002E+02   0.27185E-07
   0.76018E+02   0.31578E-09
   0.76180E+02   0.34790E-03
   0.76186E+02   0.15363E-07
   0.76299E+02   0.43621E-06
   0.76359E+02   0.14120E-13
   0.76426E+02   0.26504E-07
   0.76435E+02   0.93091E-07
   0.76440E+02   0.63574E-07
   0.76444E+02   0.43989E-07
   0.76492E+02   0.22570E-05
   0.76496E+02   0.28274E-06
   0.76534E+02   0.20337E-09
   0.76691E+02   0.19486E-02
   0.76700E+02   0.11923E-03
   0.76976E+02   0.24070E-03
   0.77026E+02   0.11509E-05
   0.77060E+02   0.27497E-04
   0.77076E+02   0.61163E-04
   0.77078E+02   0.25309E-04
   0.77083E+02   0.14620E-13
   0.77114E+02   0.17002E-03
   0.77116E+02   0.12549E-02
   0.77167E+02   0.21764E-03
   0.77250E+02   0.34395E-06
   0.77255E+02   0.49697E-02
   0.77317E+02   0.11874E-04
   0.77321E+02   0.30864E-05
   0.77335E+02   0.18785E-03
   0.77369E+02   0.59511E-08
   0.77416E+02   0.26479E-03
   0.77465E+02   0.24691E-15
   0.77472E+02   0.14020E-03
   0.77489E+02   0.12302E-04
   0.77645E+02   0.65284E-04
   0.77668E+02   0.87466E-04
   0.77784E+02   0.12507E-03
   0.77861E+02   0.11507E-04
   0.77873E+02   0.32402E-06
   0.77886E+02   0.12372E-03
   0.77946E+02   0.15916E-04
   0.77994E+02   0.79919E-04
   0.78003E+02   0.26153E-08
   0.78055E+02   0.59175E-04
   0.78145E+02   0.73129E-04
   0.78153E+02   0.44656E-04
   0.78202E+02   0.42397E-04
   0.78295E+02   0.63764E-03
   0.78429E+02   0.44525E-04
   0.78431E+02   0.12989E-06
   0.78470E+02   0.17385E-08
   0.78496E+02   0.27212E-04
   0.78563E+02   0.63816E-05
   0.78784E+02   0.34289E-05
   0.78824E+02   0.32633E-04
   0.78867E+02   0.80740E-14
   0.78890E+02   0.26266E-11
   0.78984E+02   0.33412E-08
   0.79135E+02   0.45754E-15
   0.79161E+02   0.51689E-06
   0.79225E+02   0.54745E-04
   0.79233E+02   0.10484E-03
   0.79284E+02   0.16630E-04
   0.79307E+02   0.44871E-09
   0.79332E+02   0.23844E-11
   0.79354E+02   0.46313E-03
   0.79475E+02   0.31413E-05
   0.79512E+02   0.13378E-05
   0.79524E+02   0.17996E-03
   0.79533E+02   0.15777E-09
   0.79547E+02   0.10635E-05
   0.79562E+02   0.89321E-04
   0.79612E+02   0.33056E-05
   0.79613E+02   0.10003E-08
   0.79621E+02   0.50177E-06
   0.79631E+02   0.15671E-03
   0.79645E+02   0.21000E-05
   0.79788E+02   0.66056E-05
   0.79796E+02   0.13809E-03
   0.79816E+02   0.14835E-04
   0.79897E+02   0.54103E-09
   0.79953E+02   0.25540E-09
   0.79988E+02   0.17059E-08
   0.79992E+02   0.13640E-07
   0.80032E+02   0.51728E-03
   0.80070E+02   0.49795E-09
   0.80127E+02   0.14868E-03
   0.80129E+02   0.43781E-03
   0.80181E+02   0.12784E-08
   0.80248E+02   0.46776E-10
   0.80273E+02   0.82591E-04
   0.80277E+02   0.52176E-06
   0.80293E+02   0.35442E-07
   0.80349E+02   0.54377E-04
   0.80399E+02   0.85096E-06
   0.80424E+02   0.15902E-04
   0.80509E+02   0.15766E-04
   0.80542E+02   0.66459E-10
   0.80545E+02   0.69080E-12
   0.80547E+02   0.11377E-03
   0.80611E+02   0.17344E-11
   0.80667E+02   0.37590E-05
   0.80674E+02   0.21516E-06
   0.80749E+02   0.21970E-03
   0.80758E+02   0.48833E-03
   0.80763E+02   0.14608E-04
   0.80911E+02   0.21305E-11
   0.80932E+02   0.36428E-04
   0.80943E+02   0.46905E-04
   0.80958E+02   0.36001E-09
   0.81017E+02   0.65377E-08
   0.81042E+02   0.40416E-04
   0.81205E+02   0.54411E-09
   0.81284E+02   0.13707E-14
   0.81330E+02   0.49759E-08
   0.81381E+02   0.18009E-02
   0.81391E+02   0.74822E-04
   0.81455E+02   0.12552E-04
   0.81460E+02   0.58475E-06
   0.81513E+02   0.22947E-04
   0.81528E+02   0.16293E-07
   0.81641E+02   0.80359E-03
   0.81653E+02   0.77205E-07
   0.81727E+02   0.11811E-02
   0.81766E+02   0.55742E-03
   0.81767E+02   0.53330E-05
   0.81850E+02   0.31336E-04
   0.81874E+02   0.51811E-05
   0.81987E+02   0.22493E-07
   0.82058E+02   0.10319E-03
   0.82066E+02   0.16822E-04
   0.82132E+02   0.46875E-05
   0.82168E+02   0.11502E-07
   0.82367E+02   0.65728E-09
   0.82429E+02   0.22439E-03
   0.82438E+02   0.10647E-06
   0.82450E+02   0.50149E-06
   0.82465E+02   0.11671E-03
   0.82543E+02   0.27894E-04
   0.82591E+02   0.59185E-03
   0.82595E+02   0.34313E-06
   0.82606E+02   0.41064E-04
   0.82746E+02   0.10535E-08
   0.82896E+02   0.78011E-05
   0.82928E+02   0.27552E-04
   0.82968E+02   0.31815E-03
   0.83027E+02   0.84750E-03
   0.83144E+02   0.11607E-02
   0.83178E+02   0.45392E-03
   0.83184E+02   0.26379E-04
   0.83189E+02   0.53952E-06
   0.83196E+02   0.29591E-06
   0.83285E+02   0.28755E-05
   0.83291E+02   0.50315E-05
   0.83314E+02   0.26046E-03
   0.83360E+02   0.19472E-08
   0.83373E+02   0.11429E-03
   0.83611E+02   0.13148E-06
   0.83665E+02   0.42395E-06
   0.83714E+02   0.19859E-08
   0.83780E+02   0.56748E-04
   0.83843E+02   0.29299E-07
   0.84117E+02   0.65195E-12
   0.84181E+02   0.12608E-07
   0.84248E+02   0.34305E-05
   0.84375E+02   0.34247E-03
   0.84433E+02   0.10080E-03
   0.84585E+02   0.21077E-06
   0.84632E+02   0.52592E-14
   0.84635E+02   0.28550E-03
   0.84750E+02   0.19266E-05
   0.84777E+02   0.13962E-11
   0.84865E+02   0.37611E-04
   0.84867E+02   0.27783E-04
   0.84888E+02   0.24229E-12
   0.85039E+02   0.81413E-12
   0.85074E+02   0.15041E-04
   0.85080E+02   0.91282E-06
   0.85090E+02   0.43143E-03
   0.85100E+02   0.15747E-03
   0.85255E+02   0.36491E-02
   0.85266E+02   0.35063E-11
   0.85382E+02   0.13576E-04
   0.85388E+02   0.58830E-12
   0.85395E+02   0.53911E-06
   0.85418E+02   0.24904E-07
   0.85473E+02   0.12452E-12
   0.85482E+02   0.19289E-04
   0.85525E+02   0.22551E-04
   0.85578E+02   0.11935E-12
   0.85595E+02   0.14419E-06
   0.85653E+02   0.56176E-05
   0.85723E+02   0.27191E-10
   0.85868E+02   0.18782E-07
   0.85868E+02   0.13425E-06
   0.85887E+02   0.18195E-08
   0.86011E+02   0.46403E-07
   0.86069E+02   0.29175E-03
   0.86163E+02   0.21203E-03
   0.86183E+02   0.72916E-08
   0.86197E+02   0.39711E-08
   0.86199E+02   0.61327E-10
   0.86310E+02   0.30357E-06
   0.86363E+02   0.18868E-09
   0.86390E+02   0.49992E-04
   0.86421E+02   0.37622E-05
   0.86536E+02   0.62514E-12
   0.86627E+02   0.37969E-03
   0.86666E+02   0.44653E-06
   0.86676E+02   0.13752E-09
   0.86679E+02   0.24992E-07
   0.86770E+02   0.48671E-06
   0.86784E+02   0.17805E-06
   0.86827E+02   0.65357E-14
   0.86913E+02   0.10139E-04
   0.86989E+02   0.26057E-07
   0.87004E+02   0.17157E-07
   0.87005E+02   0.90703E-04
   0.87046E+02   0.65530E-08
   0.87046E+02   0.19812E-06
   0.87155E+02   0.43348E-10
   0.87197E+02   0.52377E-03
   0.87198E+02   0.19598E-04
   0.87277E+02   0.44477E-03
   0.87291E+02   0.32391E-05
   0.87312E+02   0.53579E-05
   0.87335E+02   0.23354E-03
   0.87370E+02   0.63496E-02
   0.87409E+02   0.20887E-04
   0.87623E+02   0.29050E-06
   0.87665E+02   0.57614E-07
   0.87708E+02   0.77416E-07
   0.87766E+02   0.11198E-02
   0.87889E+02   0.17739E-08
   0.87912E+02   0.62793E-04
   0.87938E+02   0.36287E-05
   0.88036E+02   0.84472E-04
   0.88089E+02   0.10482E-04
   0.88137E+02   0.48101E-03
   0.88229E+02   0.15197E-04
   0.88233E+02   0.15054E-08
   0.88309E+02   0.72003E-09
   0.88334E+02   0.32921E-11
   0.88362E+02   0.27984E-07
   0.88446E+02   0.21754E-05
   0.88459E+02   0.34016E-04
   0.88499E+02   0.48079E-07
   0.88502E+02   0.43209E-05
   0.88515E+02   0.73181E-04
   0.88529E+02   0.19107E-07
   0.88597E+02   0.18763E-05
   0.88725E+02   0.12480E-03
   0.88740E+02   0.13313E-04
   0.88814E+02   0.75401E-04
   0.88823E+02   0.80092E-05
   0.88857E+02   0.21667E-03
   0.88866E+02   0.85800E-05
   0.88908E+02   0.14641E-08
   0.88937E+02   0.49682E-08
   0.88948E+02   0.14159E-03
   0.88954E+02   0.39869E-06
   0.88964E+02   0.19250E-06
   0.89017E+02   0.11046E-06
   0.89098E+02   0.48131E-04
   0.89142E+02   0.17627E-13
   0.89199E+02   0.16734E-05
   0.89210E+02   0.11627E-05
   0.89230E+02   0.85747E-05
   0.89281E+02   0.54428E-05
   0.89335E+02   0.96274E-05
   0.89340E+02   0.20777E-03
   0.89397E+02   0.59609E-06
   0.89411E+02   0.10676E-04
   0.89475E+02   0.15511E-07
   0.89502E+02   0.52058E-05
   0.89603E+02   0.38036E-02
   0.89656E+02   0.13024E-03
   0.89777E+02   0.18670E-06
   0.89787E+02   0.49627E-08
   0.89795E+02   0.11068E-07
   0.89838E+02   0.46388E-04
   0.89848E+02   0.24315E-07
   0.89852E+02   0.32057E-13
   0.89861E+02   0.17030E-04
   0.89887E+02   0.34391E-05
   0.89910E+02   0.60604E-08
   0.89920E+02   0.43197E-09
   0.89929E+02   0.36584E-03
   0.89940E+02   0.23959E-07
   0.89959E+02   0.11680E-03
   0.89985E+02   0.26581E-04
   0.90001E+02   0.70218E-06
   0.90092E+02   0.21176E-04
   0.90119E+02   0.77409E-16
   0.90123E+02   0.28177E-02
   0.90270E+02   0.12325E-04
   0.90339E+02   0.28619E-05
   0.90340E+02   0.67812E-08
   0.90371E+02   0.38073E-04
   0.90384E+02   0.16598E-06
   0.90385E+02   0.97061E-08
   0.90393E+02   0.81931E-09
   0.90395E+02   0.87458E-07
   0.90429E+02   0.31956E-06
   0.90483E+02   0.29579E-04
   0.90515E+02   0.23773E-04
   0.90543E+02   0.97752E-09
   0.90589E+02   0.82183E-05
   0.90600E+02   0.12633E-04
   0.90620E+02   0.16141E-05
   0.90643E+02   0.32555E-06
   0.90662E+02   0.70067E-04
   0.90680E+02   0.20153E-03
   0.90706E+02   0.56582E-07
   0.90818E+02   0.99630E-09
   0.90834E+02   0.23415E-04
   0.90841E+02   0.21192E-08
   0.90859E+02   0.52576E-04
   0.90893E+02   0.16269E-04
   0.90936E+02   0.29590E-05
   0.90959E+02   0.11684E-07
   0.90970E+02   0.49905E-03
   0.90982E+02   0.13253E-05
   0.91023E+02   0.20875E-05
   0.91058E+02   0.34425E-11
   0.91106E+02   0.13723E-13
   0.91154E+02   0.47515E-09
   0.91166E+02   0.49881E-03
   0.91169E+02   0.20473E-09
   0.91243E+02   0.28494E-05
   0.91367E+02   0.18854E-14
   0.91395E+02   0.11728E-03
   0.91399E+02   0.92658E-05
   0.91418E+02   0.54637E-05
   0.91481E+02   0.49654E-04
   0.91488E+02   0.14327E-05
   0.91504E+02   0.18771E-06
   0.91510E+02   0.13051E-03
   0.91519E+02   0.10389E-07
   0.91719E+02   0.24819E-06
   0.91727E+02   0.62180E-09
   0.91901E+02   0.59652E-04
   0.91920E+02   0.34685E-09
   0.92086E+02   0.39669E-05
   0.92129E+02   0.41973E-04
   0.92147E+02   0.31733E-04
   0.92266E+02   0.24412E-05
   0.92288E+02   0.11893E-06
   0.92302E+02   0.30944E-06
   0.92307E+02   0.34947E-06
   0.92318E+02   0.32142E-06
   0.92343E+02   0.43830E-12
   0.92369E+02   0.40827E-03
   0.92421E+02   0.69040E-12
   0.92438E+02   0.53501E-08
   0.92526E+02   0.14683E-07
   0.92540E+02   0.23559E-04
   0.92613E+02   0.28240E-03
   0.92635E+02   0.46179E-04
   0.92645E+02   0.28719E-04
   0.92691E+02   0.41314E-05
   0.92739E+02   0.24843E-04
   0.92784E+02   0.84819E-13
   0.92818E+02   0.68569E-04
   0.92841E+02   0.78733E-04
   0.92868E+02   0.23386E-05
   0.92973E+02   0.17279E-04
   0.93026E+02   0.27933E-04
   0.93048E+02   0.68289E-03
   0.93083E+02   0.55860E-11
   0.93142E+02   0.28891E-12
   0.93150E+02   0.21580E-08
   0.93164E+02   0.11858E-04
   0.93185E+02   0.41834E-03
   0.93193E+02   0.28959E-09
   0.93284E+02   0.12601E-06
   0.93308E+02   0.81963E-09
   0.93347E+02   0.22775E-03
   0.93349E+02   0.14720E-03
   0.93353E+02   0.67044E-04
   0.93456E+02   0.25850E-15
   0.93503E+02   0.59944E-03
   0.93526E+02   0.60422E-06
   0.93644E+02   0.14332E-09
   0.93665E+02   0.49166E-06
   0.93666E+02   0.11453E-04
   0.93697E+02   0.36119E-06
   0.93712E+02   0.21362E-04
   0.93713E+02   0.85554E-07
   0.93731E+02   0.47261E-11
   0.93734E+02   0.18923E-09
   0.93768E+02   0.25468E-09
   0.93788E+02   0.14958E-05
   0.93796E+02   0.12043E-03
   0.93814E+02   0.22930E-04
   0.93819E+02   0.63846E-09
   0.93848E+02   0.30027E-05
   0.93871E+02   0.16384E-04
   0.94139E+02   0.23387E-05
   0.94143E+02   0.67851E-10
   0.94154E+02   0.97455E-10
   0.94237E+02   0.72892E-04
   0.94286E+02   0.26903E-11
   0.94375E+02   0.13661E-06
   0.94381E+02   0.41786E-06
   0.94464E+02   0.10267E-03
   0.94492E+02   0.37522E-09
   0.94562E+02   0.82978E-04
   0.94606E+02   0.15299E-06
   0.94612E+02   0.57024E-07
   0.94639E+02   0.86164E-10
   0.94695E+02   0.19413E-10
   0.94885E+02   0.16201E-04
   0.94936E+02   0.22696E-05
   0.94941E+02   0.47147E-04
   0.95036E+02   0.27252E-03
   0.95086E+02   0.29483E-03
   0.95256E+02   0.41861E-03
   0.95358E+02   0.87867E-05
   0.95411E+02   0.54470E-04
   0.95424E+02   0.12073E-05
   0.95575E+02   0.58280E-04
   0.95632E+02   0.49545E-03
   0.95680E+02   0.11265E-02
   0.95693E+02   0.67077E-10
   0.95717E+02   0.12133E-05
   0.95729E+02   0.15012E-08
   0.95801E+02   0.42922E-05
   0.95899E+02   0.41922E-05
   0.95917E+02   0.65806E-14
   0.95958E+02   0.16006E-08
   0.96021E+02   0.34570E-04
   0.96022E+02   0.36826E-03
   0.96055E+02   0.30503E-04
   0.96205E+02   0.45069E-04
   0.96220E+02   0.33500E-06
   0.96236E+02   0.15336E-02
   0.96327E+02   0.19488E-03
   0.96370E+02   0.12984E-04
   0.96397E+02   0.75275E-04
   0.96446E+02   0.15086E-03
   0.96470E+02   0.40609E-08
   0.96502E+02   0.67065E-10
   0.96526E+02   0.97432E-04
   0.96539E+02   0.31012E-05
   0.96601E+02   0.68308E-09
   0.96607E+02   0.65148E-04
   0.96654E+02   0.24594E-17
   0.96655E+02   0.42159E-11
   0.96657E+02   0.81333E-14
   0.96691E+02   0.47800E-04
   0.96698E+02   0.30249E-13
   0.96804E+02   0.14366E-05
   0.96829E+02   0.23091E-04
   0.96876E+02   0.43417E-06
   0.97044E+02   0.37635E-11
   0.97055E+02   0.10919E-08
   0.97057E+02   0.77011E-04
   0.97196E+02   0.49283E-05
   0.97247E+02   0.39431E-04
   0.97269E+02   0.81386E-04
   0.97293E+02   0.10784E-05
   0.97406E+02   0.11221E-06
   0.97407E+02   0.17679E-07
   0.97494E+02   0.83398E-07
   0.97501E+02   0.69397E-06
   0.97532E+02   0.38348E-04
   0.97602E+02   0.29460E-03
   0.97633E+02   0.72836E-04
   0.97636E+02   0.46552E-04
   0.97714E+02   0.10898E-09
   0.97772E+02   0.23107E-08
   0.97772E+02   0.37227E-08
   0.97773E+02   0.13617E-08
   0.97797E+02   0.79405E-09
   0.97810E+02   0.44604E-04
   0.97847E+02   0.22034E-10
   0.97860E+02   0.45182E-05
   0.97892E+02   0.20136E-09
   0.97932E+02   0.33099E-03
   0.97937E+02   0.50099E-09
   0.97964E+02   0.35345E-04
   0.98043E+02   0.25913E-04
   0.98077E+02   0.63620E-05
   0.98132E+02   0.57410E-04
   0.98142E+02   0.79323E-11
   0.98311E+02   0.17151E-04
   0.98330E+02   0.55704E-06
   0.98404E+02   0.98150E-05
   0.98424E+02   0.96404E-04
   0.98447E+02   0.70085E-09
   0.98466E+02   0.19220E-14
   0.98466E+02   0.21884E-04
   0.98519E+02   0.45021E-13
   0.98527E+02   0.11868E-03
   0.98532E+02   0.84178E-03
   0.98615E+02   0.58984E-05
   0.98642E+02   0.11585E-04
   0.98649E+02   0.28365E-03
   0.98688E+02   0.10921E-04
   0.98729E+02   0.27742E-05
   0.98730E+02   0.16070E-03
   0.98853E+02   0.20940E-12
   0.98888E+02   0.66067E-04
   0.98972E+02   0.54475E-05
   0.99047E+02   0.50507E-07
   0.99047E+02   0.39157E-09
   0.99249E+02   0.38130E-08
   0.99263E+02   0.54516E-14
   0.99397E+02   0.25172E-04
   0.99402E+02   0.96948E-09
   0.99422E+02   0.20510E-14
   0.99425E+02   0.19577E-09
   0.99452E+02   0.58658E-03
   0.99459E+02   0.56379E-04
   0.99497E+02   0.27330E-04
   0.99777E+02   0.28373E-12
   0.99891E+02   0.20175E-03
   0.99900E+02   0.41999E-07
   0.99927E+02   0.24495E-03
   0.99985E+02   0.44401E-13
   0.99993E+02   0.10981E-04
   0.10001E+03   0.10570E-09
   0.10004E+03   0.43311E-04
   0.10015E+03   0.33633E-03
   0.10015E+03   0.12986E-03
   0.10031E+03   0.88523E-06
   0.10034E+03   0.15213E-04
   0.10040E+03   0.14447E-03
   0.10045E+03   0.19013E-04
   0.10048E+03   0.33632E-10
   0.10052E+03   0.64700E-04
   0.10059E+03   0.56467E-04
   0.10068E+03   0.18989E-04
   0.10071E+03   0.54548E-08
   0.10074E+03   0.41362E-04
   0.10087E+03   0.15125E-09
   0.10090E+03   0.42188E-12
   0.10097E+03   0.13156E-04
   0.10098E+03   0.24504E-07
   0.10105E+03   0.18026E-13
   0.10110E+03   0.25922E-04
   0.10111E+03   0.51739E-03
   0.10114E+03   0.17308E-03
   0.10120E+03   0.98684E-04
   0.10129E+03   0.11248E-03
   0.10130E+03   0.97716E-08
   0.10133E+03   0.20542E-02
   0.10137E+03   0.11430E-02
   0.10140E+03   0.24753E-03
   0.10147E+03   0.23344E-07
   0.10151E+03   0.15378E-03
   0.10154E+03   0.48310E-04
   0.10158E+03   0.36528E-04
   0.10162E+03   0.79721E-05
   0.10165E+03   0.38461E-04
   0.10165E+03   0.22922E-04
   0.10166E+03   0.56090E-04
   0.10170E+03   0.17803E-09
   0.10172E+03   0.19307E-08
   0.10184E+03   0.21283E-04
   0.10185E+03   0.20411E-03
   0.10192E+03   0.22868E-04
   0.10197E+03   0.19274E-05
   0.10201E+03   0.15736E-04
   0.10204E+03   0.34476E-09
   0.10206E+03   0.20986E-03
   0.10208E+03   0.47574E-05
   0.10209E+03   0.78424E-05
   0.10213E+03   0.23714E-05
   0.10214E+03   0.36680E-08
   0.10217E+03   0.85674E-04
   0.10217E+03   0.19708E-08
   0.10219E+03   0.82474E-05
   0.10223E+03   0.59353E-06
   0.10224E+03   0.73183E-04
   0.10228E+03   0.40600E-11
   0.10228E+03   0.80163E-07
   0.10235E+03   0.11182E-10
   0.10245E+03   0.19511E-05
   0.10252E+03   0.66297E-04
   0.10254E+03   0.18293E-04
   0.10254E+03   0.35032E-03
   0.10258E+03   0.78257E-11
   0.10259E+03   0.45054E-10
   0.10268E+03   0.13818E-11
   0.10272E+03   0.10673E-09
   0.10276E+03   0.93835E-04
   0.10278E+03   0.12929E-09
   0.10281E+03   0.10617E-03
   0.10285E+03   0.28577E-04
   0.10286E+03   0.88028E-05
   0.10289E+03   0.17657E-04
   0.10293E+03   0.51325E-04
   0.10293E+03   0.64561E-04
   0.10295E+03   0.67365E-04
   0.10300E+03   0.11646E-13
   0.10301E+03   0.10413E-03
   0.10304E+03   0.10368E-03
   0.10304E+03   0.30173E-03
   0.10307E+03   0.15431E-08
   0.10315E+03   0.67802E-06
   0.10316E+03   0.98278E-03
   0.10316E+03   0.53568E-03
   0.10322E+03   0.27989E-06
   0.10323E+03   0.23883E-05
   0.10327E+03   0.64203E-14
   0.10328E+03   0.28916E-04
   0.10328E+03   0.59291E-08
   0.10331E+03   0.48860E-05
   0.10334E+03   0.16208E-03
   0.10334E+03   0.27486E-06
   0.10335E+03   0.30882E-06
   0.10335E+03   0.27416E-05
   0.10336E+03   0.40439E-03
   0.10339E+03   0.78572E-05
   0.10341E+03   0.37694E-09
   0.10356E+03   0.27389E-04
   0.10359E+03   0.49788E-04
   0.10360E+03   0.17868E-06
   0.10363E+03   0.26310E-08
   0.10364E+03   0.29990E-04
   0.10368E+03   0.10857E-05
   0.10370E+03   0.25056E-13
   0.10370E+03   0.50678E-05
   0.10388E+03   0.50806E-04
   0.10389E+03   0.40008E-15
   0.10389E+03   0.53766E-04
   0.10390E+03   0.18946E-07
   0.10395E+03   0.83104E-09
   0.10402E+03   0.17174E-03
   0.10409E+03   0.23843E-09
   0.10411E+03   0.49306E-06
   0.10411E+03   0.69072E-03
   0.10412E+03   0.51859E-04
   0.10412E+03   0.60654E-04
   0.10413E+03   0.12430E-07
   0.10419E+03   0.24098E-06
   0.10422E+03   0.64074E-04
   0.10423E+03   0.29818E-04
   0.10423E+03   0.41157E-04
   0.10425E+03   0.45903E-05
   0.10429E+03   0.75068E-05
   0.10435E+03   0.50871E-04
   0.10435E+03   0.29810E-04
   0.10440E+03   0.88437E-07
   0.10443E+03   0.62750E-05
   0.10444E+03   0.10192E-04
   0.10445E+03   0.10517E-13
   0.10448E+03   0.14395E-08
   0.10448E+03   0.95964E-09
   0.10453E+03   0.49179E-04
   0.10462E+03   0.93128E-07
   0.10470E+03   0.11219E-12
   0.10470E+03   0.29350E-04
   0.10482E+03   0.16806E-03
   0.10488E+03   0.12300E-03
   0.10489E+03   0.76750E-09
   0.10502E+03   0.26276E-04
   0.10502E+03   0.86913E-04
   0.10503E+03   0.25249E-10
   0.10511E+03   0.10122E-05
   0.10522E+03   0.10274E-03
   0.10529E+03   0.48526E-03
   0.10536E+03   0.10782E-03
   0.10540E+03   0.54788E-10
   0.10543E+03   0.29925E-03
   0.10544E+03   0.45301E-05
   0.10560E+03   0.75772E-04
   0.10567E+03   0.13114E-08
   0.10571E+03   0.29851E-04
   0.10575E+03   0.36152E-08
   0.10585E+03   0.98341E-10
   0.10603E+03   0.91591E-09
   0.10604E+03   0.36039E-04
   0.10606E+03   0.29447E-04
   0.10607E+03   0.14588E-03
   0.10610E+03   0.40223E-13
   0.10613E+03   0.24269E-15
   0.10616E+03   0.10393E-09
   0.10623E+03   0.10373E-03
   0.10626E+03   0.45977E-04
   0.10630E+03   0.54868E-05
   0.10637E+03   0.34233E-04
   0.10643E+03   0.11065E-04
   0.10647E+03   0.69698E-16
   0.10656E+03   0.35986E-03
   0.10663E+03   0.54886E-04
   0.10664E+03   0.66644E-04
   0.10666E+03   0.49825E-04
   0.10674E+03   0.47508E-18
   0.10676E+03   0.27049E-12
   0.10677E+03   0.17686E-09
   0.10680E+03   0.11440E-03
   0.10701E+03   0.99151E-09
   0.10701E+03   0.64531E-03
   0.10703E+03   0.65187E-04
   0.10719E+03   0.14342E-08
   0.10720E+03   0.70377E-04
   0.10720E+03   0.19968E-03
   0.10729E+03   0.16981E-09
   0.10736E+03   0.52598E-10
   0.10738E+03   0.97221E-07
   0.10741E+03   0.81787E-06
   0.10747E+03   0.37936E-04
   0.10763E+03   0.33339E-03
   0.10766E+03   0.48367E-04
   0.10767E+03   0.11104E-03
   0.10769E+03   0.20997E-11
   0.10774E+03   0.10747E-03
   0.10776E+03   0.72060E-04
   0.10778E+03   0.29021E-05
   0.10778E+03   0.11469E-03
   0.10780E+03   0.36473E-04
   0.10783E+03   0.22186E-03
   0.10791E+03   0.41881E-10
   0.10792E+03   0.15955E-10
   0.10805E+03   0.11585E-04
   0.10812E+03   0.11778E-02
   0.10814E+03   0.36607E-04
   0.10817E+03   0.10117E-09
   0.10824E+03   0.84585E-04
   0.10824E+03   0.27699E-04
   0.10831E+03   0.34950E-03
   0.10852E+03   0.29604E-11
   0.10855E+03   0.68190E-10
   0.10861E+03   0.79945E-09
   0.10862E+03   0.76999E-13
   0.10865E+03   0.32282E-05
   0.10867E+03   0.37827E-04
   0.10872E+03   0.71343E-12
   0.10879E+03   0.12823E-03
   0.10882E+03   0.30224E-04
   0.10884E+03   0.87841E-04
   0.10886E+03   0.10293E-09
   0.10891E+03   0.11894E-09
   0.10896E+03   0.89467E-06
   0.10905E+03   0.10350E-03
   0.10924E+03   0.13179E-06
   0.10929E+03   0.13431E-04
   0.10930E+03   0.34740E-04
   0.10937E+03   0.69819E-04
   0.10943E+03   0.33349E-04
   0.10943E+03   0.24604E-08
   0.10944E+03   0.42570E-18
   0.10955E+03   0.51238E-03
   0.10959E+03   0.92223E-05
   0.10973E+03   0.30081E-09
   0.10976E+03   0.40540E-09
   0.11006E+03   0.21573E-06
   0.11006E+03   0.52297E-07
   0.11026E+03   0.75751E-04
   0.11030E+03   0.57012E-09
   0.11042E+03   0.72469E-10
   0.11043E+03   0.18526E-03
   0.11048E+03   0.51559E-04
   0.11051E+03   0.78915E-04
   0.11056E+03   0.81443E-04
   0.11061E+03   0.23001E-04
   0.11065E+03   0.57424E-10
   0.11087E+03   0.86552E-05
   0.11096E+03   0.36091E-10
   0.11110E+03   0.49162E-11
   0.11113E+03   0.17370E-09
   0.11123E+03   0.27627E-03
   0.11130E+03   0.14051E-03
   0.11141E+03   0.66295E-04
   0.11169E+03   0.14502E-03
   0.11185E+03   0.36623E-03
   0.11190E+03   0.43112E-04
   0.11195E+03   0.10419E-06
   0.11197E+03   0.11682E-09
   0.11197E+03   0.19895E-09
   0.11206E+03   0.43037E-04
   0.11207E+03   0.15288E-04
   0.11213E+03   0.74404E-12
   0.11217E+03   0.55293E-04
   0.11225E+03   0.80853E-09
   0.11227E+03   0.61333E-10
   0.11237E+03   0.13094E-03
   0.11239E+03   0.59436E-05
   0.11240E+03   0.10493E-03
   0.11247E+03   0.57896E-07
   0.11249E+03   0.48905E-04
   0.11250E+03   0.53198E-10
   0.11279E+03   0.89413E-04
   0.11280E+03   0.20719E-03
   0.11287E+03   0.63866E-09
   0.11290E+03   0.19011E-03
   0.11291E+03   0.29378E-09
   0.11293E+03   0.33335E-12
   0.11305E+03   0.35390E-03
   0.11308E+03   0.58670E-04
   0.11317E+03   0.19945E-08
   0.11319E+03   0.19937E-03
   0.11319E+03   0.78589E-04
   0.11324E+03   0.13685E-09
   0.11325E+03   0.61296E-04
   0.11344E+03   0.16399E-10
   0.11350E+03   0.29043E-05
   0.11352E+03   0.93534E-10
   0.11358E+03   0.10302E-04
   0.11363E+03   0.86528E-04
   0.11376E+03   0.74578E-04
   0.11377E+03   0.43548E-03
   0.11381E+03   0.70069E-04
   0.11389E+03   0.58845E-08
   0.11393E+03   0.56807E-11
   0.11396E+03   0.58467E-05
   0.11398E+03   0.72002E-04
   0.11412E+03   0.38393E-04
   0.11417E+03   0.53193E-05
   0.11418E+03   0.95347E-04
   0.11437E+03   0.44888E-06
   0.11444E+03   0.35334E-04
   0.11454E+03   0.19921E-09
   0.11456E+03   0.70518E-03
   0.11456E+03   0.15984E-04
   0.11465E+03   0.62481E-04
   0.11466E+03   0.61445E-10
   0.11476E+03   0.87782E-10
   0.11480E+03   0.51116E-04
   0.11485E+03   0.66108E-04
   0.11489E+03   0.32505E-04
   0.11493E+03   0.49197E-04
   0.11495E+03   0.22951E-10
   0.11498E+03   0.15913E-03
   0.11501E+03   0.72783E-04
   0.11509E+03   0.57090E-05
   0.11516E+03   0.16657E-04
   0.11539E+03   0.90726E-05
   0.11539E+03   0.18748E-03
   0.11543E+03   0.44377E-09
   0.11545E+03   0.61748E-06
   0.11554E+03   0.15317E-03
   0.11554E+03   0.32704E-03
   0.11557E+03   0.58747E-04
   0.11566E+03   0.18626E-04
   0.11566E+03   0.12824E-03
   0.11567E+03   0.10868E-06
   0.11567E+03   0.35997E-04
   0.11569E+03   0.81886E-04
   0.11601E+03   0.63250E-04
   0.11601E+03   0.10432E-10
   0.11602E+03   0.84275E-05
   0.11602E+03   0.10417E-03
   0.11603E+03   0.34246E-03
   0.11608E+03   0.82751E-05
   0.11627E+03   0.21529E-04
   0.11630E+03   0.15193E-05
   0.11637E+03   0.79041E-04
   0.11642E+03   0.12743E-09
   0.11652E+03   0.35603E-04
   0.11657E+03   0.74678E-09
   0.11658E+03   0.62788E-04
   0.11660E+03   0.51796E-03
   0.11664E+03   0.13786E-04
   0.11664E+03   0.50859E-04
   0.11665E+03   0.18076E-09
   0.11666E+03   0.80283E-04
   0.11671E+03   0.16475E-03
   0.11679E+03   0.57661E-10
   0.11681E+03   0.56364E-04
   0.11683E+03   0.13039E-12
   0.11687E+03   0.22782E-04
   0.11695E+03   0.14831E-08
   0.11695E+03   0.36795E-04
   0.11696E+03   0.22341E-09
   0.11701E+03   0.10605E-03
   0.11729E+03   0.13030E-04
   0.11730E+03   0.38111E-05
   0.11731E+03   0.32450E-04
   0.11735E+03   0.20404E-09
   0.11740E+03   0.97856E-06
   0.11743E+03   0.59714E-05
   0.11743E+03   0.88267E-04
   0.11750E+03   0.35525E-09
   0.11756E+03   0.92692E-04
   0.11758E+03   0.27100E-03
   0.11759E+03   0.13668E-03
   0.11773E+03   0.70896E-04
   0.11775E+03   0.38834E-03
   0.11782E+03   0.82155E-10
   0.11784E+03   0.29746E-03
   0.11788E+03   0.69061E-08
   0.11807E+03   0.87484E-04
   0.11818E+03   0.48228E-03
   0.11830E+03   0.34226E-12
   0.11835E+03   0.10505E-09
   0.11836E+03   0.44189E-04
   0.11845E+03   0.10521E-03
   0.11846E+03   0.13547E-09
   0.11865E+03   0.19395E-04
   0.11867E+03   0.20341E-03
   0.11876E+03   0.68747E-04
   0.11880E+03   0.29278E-08
   0.11887E+03   0.17755E-14
   0.11897E+03   0.25643E-09
   0.11904E+03   0.29970E-04
   0.11910E+03   0.11548E-02
   0.11912E+03   0.44440E-15
   0.11930E+03   0.21192E-03
   0.11934E+03   0.53603E-11
   0.11939E+03   0.12914E-03
   0.11951E+03   0.27565E-04
   0.11961E+03   0.27496E-04
   0.11979E+03   0.41371E-04
   0.11988E+03   0.12429E-10
   0.11998E+03   0.61893E-08
   0.12009E+03   0.23008E-10
   0.12025E+03   0.33971E-04
   0.12033E+03   0.36451E-06
   0.12033E+03   0.18392E-04
   0.12040E+03   0.41294E-11
   0.12045E+03   0.47374E-03
   0.12047E+03   0.14975E-06
   0.12047E+03   0.21609E-04
   0.12050E+03   0.20557E-10
   0.12056E+03   0.40953E-13
   0.12064E+03   0.16512E-04
   0.12066E+03   0.21206E-04
   0.12068E+03   0.82141E-04
   0.12080E+03   0.16019E-11
   0.12088E+03   0.85586E-13
   0.12101E+03   0.21266E-07
   0.12106E+03   0.12288E-09
   0.12109E+03   0.23605E-15
   0.12112E+03   0.60092E-05
   0.12120E+03   0.19335E-04
   0.12124E+03   0.17431E-11
   0.12128E+03   0.42553E-09
   0.12131E+03   0.26161E-04
   0.12139E+03   0.57932E-11
   0.12142E+03   0.38970E-05
   0.12146E+03   0.96901E-06
   0.12150E+03   0.44479E-04
   0.12154E+03   0.16654E-10
   0.12155E+03   0.29779E-05
   0.12162E+03   0.11518E-03
   0.12163E+03   0.10806E-05
   0.12166E+03   0.25660E-04
   0.12179E+03   0.13991E-04
   0.12192E+03   0.85277E-10
   0.12206E+03   0.61234E-04
   0.12213E+03   0.28067E-03
   0.12217E+03   0.79978E-04
   0.12228E+03   0.54911E-04
   0.12238E+03   0.53249E-09
   0.12242E+03   0.18070E-04
   0.12242E+03   0.64830E-04
   0.12244E+03   0.20192E-03
   0.12252E+03   0.25479E-12
   0.12261E+03   0.90247E-11
   0.12274E+03   0.12713E-04
   0.12282E+03   0.65334E-06
   0.12287E+03   0.24913E-08
   0.12289E+03   0.91114E-05
   0.12289E+03   0.56410E-04
   0.12290E+03   0.10096E-07
   0.12297E+03   0.39274E-09
   0.12308E+03   0.20528E-11
   0.12328E+03   0.71976E-19
   0.12345E+03   0.13072E-04
   0.12346E+03   0.87873E-05
   0.12349E+03   0.12325E-03
   0.12366E+03   0.23394E-04
   0.12372E+03   0.60597E-04
   0.12383E+03   0.55074E-04
   0.12394E+03   0.36679E-04
   0.12404E+03   0.65309E-03
   0.12408E+03   0.29858E-09
   0.12410E+03   0.16221E-03
   0.12413E+03   0.57114E-04
   0.12428E+03   0.36601E-04
   0.12437E+03   0.10457E-03
   0.12442E+03   0.70947E-04
   0.12451E+03   0.16330E-03
   0.12451E+03   0.43558E-04
   0.12463E+03   0.11356E-10
   0.12467E+03   0.72763E-04
   0.12484E+03   0.28707E-10
   0.12492E+03   0.62147E-05
   0.12493E+03   0.92777E-13
   0.12497E+03   0.51197E-10
   0.12499E+03   0.85177E-08
   0.12507E+03   0.41423E-08
   0.12518E+03   0.34935E-04
   0.12520E+03   0.46642E-04
   0.12535E+03   0.89693E-11
   0.12543E+03   0.10637E-03
   0.12548E+03   0.33324E-10
   0.12558E+03   0.33956E-04
   0.12562E+03   0.11165E-03
   0.12568E+03   0.19030E-03
   0.12569E+03   0.70675E-05
   0.12571E+03   0.44279E-10
   0.12584E+03   0.41164E-04
   0.12588E+03   0.13615E-10
   0.12588E+03   0.11031E-03
   0.12624E+03   0.85574E-13
   0.12627E+03   0.55549E-06
   0.12632E+03   0.17008E-04
   0.12663E+03   0.13117E-09
   0.12679E+03   0.28677E-05
   0.12691E+03   0.19634E-03
   0.12754E+03   0.51676E-04
   0.12758E+03   0.33430E-03
   0.12783E+03   0.16602E-03
   0.12788E+03   0.13053E-03
   0.12801E+03   0.61414E-06
   0.12808E+03   0.14857E-10
   0.12818E+03   0.29067E-04
   0.12827E+03   0.36317E-04
   0.12845E+03   0.95011E-04
   0.12862E+03   0.10314E-09
   0.12877E+03   0.69436E-04
   0.12877E+03   0.17663E-04
   0.12884E+03   0.23303E-04
   0.12885E+03   0.82917E-04
   0.12889E+03   0.64134E-10
   0.12890E+03   0.35764E-10
   0.12893E+03   0.50206E-04
   0.12896E+03   0.20543E-04
   0.12901E+03   0.51575E-10
   0.12903E+03   0.43375E-04
   0.12942E+03   0.65846E-10
   0.12952E+03   0.19904E-10
   0.12954E+03   0.75436E-04
   0.12956E+03   0.49534E-03
   0.12957E+03   0.88103E-10
   0.12958E+03   0.19852E-10
   0.12959E+03   0.21516E-03
   0.12969E+03   0.18409E-03
   0.12970E+03   0.63052E-04
   0.12980E+03   0.90183E-05
   0.13000E+03   0.13819E-03
   0.13015E+03   0.16813E-09
   0.13034E+03   0.69523E-10
   0.13035E+03   0.27197E-11
   0.13036E+03   0.86169E-12
   0.13037E+03   0.44901E-04
   0.13071E+03   0.59607E-12
   0.13075E+03   0.37139E-04
   0.13093E+03   0.53704E-04
   0.13095E+03   0.36553E-04
   0.13097E+03   0.98417E-04
   0.13098E+03   0.15087E-04
   0.13104E+03   0.11380E-04
   0.13113E+03   0.11338E-03
   0.13117E+03   0.77544E-03
   0.13125E+03   0.13249E-09
   0.13128E+03   0.12781E-11
   0.13142E+03   0.11960E-04
   0.13144E+03   0.61197E-06
   0.13154E+03   0.12237E-05
   0.13161E+03   0.19949E-04
   0.13175E+03   0.12322E-04
   0.13182E+03   0.20641E-06
   0.13193E+03   0.22637E-05
   0.13200E+03   0.62613E-11
   0.13201E+03   0.22264E-11
   0.13210E+03   0.27749E-04
   0.13223E+03   0.55572E-04
   0.13236E+03   0.11671E-03
   0.13243E+03   0.93693E-05
   0.13245E+03   0.54633E-11
   0.13261E+03   0.54617E-10
   0.13262E+03   0.21275E-03
   0.13264E+03   0.15529E-05
   0.13283E+03   0.44236E-04
   0.13288E+03   0.43977E-04
   0.13300E+03   0.37731E-05
   0.13335E+03   0.15100E-09
   0.13348E+03   0.73955E-10
   0.13350E+03   0.21776E-04
   0.13362E+03   0.50631E-12
   0.13395E+03   0.98980E-05
   0.13396E+03   0.19645E-05
   0.13398E+03   0.72053E-05
   0.13399E+03   0.25524E-04
   0.13429E+03   0.10722E-08
   0.13429E+03   0.56142E-04
   0.13476E+03   0.10511E-04
   0.13483E+03   0.61467E-04
   0.13504E+03   0.97798E-04
   0.13504E+03   0.99269E-10
   0.13523E+03   0.22979E-11
   0.13527E+03   0.39824E-03
   0.13550E+03   0.13440E-10
   0.13553E+03   0.60898E-06
   0.13561E+03   0.26073E-06
   0.13573E+03   0.24045E-03
   0.13594E+03   0.12504E-10
   0.13607E+03   0.42455E-10
   0.13612E+03   0.71491E-11
   0.13617E+03   0.97029E-05
   0.13636E+03   0.19443E-04
   0.13636E+03   0.11463E-04
   0.13640E+03   0.47176E-05
   0.13641E+03   0.12954E-05
   0.13645E+03   0.13480E-04
   0.13647E+03   0.26554E-10
   0.13659E+03   0.11579E-04
   0.13667E+03   0.25071E-04
   0.13675E+03   0.16412E-04
   0.13680E+03   0.16326E-05
   0.13695E+03   0.13828E-10
   0.13696E+03   0.56400E-05
   0.13701E+03   0.41876E-11
   0.13723E+03   0.73054E-10
   0.13729E+03   0.93711E-11
   0.13738E+03   0.10870E-05
   0.13746E+03   0.40370E-04
   0.13759E+03   0.10701E-04
   0.13805E+03   0.32230E-04
   0.13820E+03   0.56907E-10
   0.13837E+03   0.38552E-04
   0.13843E+03   0.63007E-04
   0.13851E+03   0.36706E-11
   0.13865E+03   0.40708E-05
   0.13904E+03   0.12722E-10
   0.13909E+03   0.46629E-09
   0.13928E+03   0.44129E-04
   0.13944E+03   0.52933E-06
   0.13957E+03   0.54371E-04
   0.13965E+03   0.13420E-03
   0.13972E+03   0.45096E-04
   0.14056E+03   0.73234E-06
   0.14058E+03   0.32294E-05
   0.14093E+03   0.11716E-04
   0.14113E+03   0.10986E-10
   0.14114E+03   0.16964E-12
   0.14129E+03   0.29363E-05
   0.14130E+03   0.17837E-04
   0.14182E+03   0.92162E-06
   0.14193E+03   0.47982E-05
   0.14193E+03   0.15207E-08
   0.14194E+03   0.51152E-04
   0.14208E+03   0.24732E-03
   0.14218E+03   0.93066E-11
   0.14239E+03   0.19509E-05
   0.14240E+03   0.86673E-07
   0.14244E+03   0.29871E-11
   0.14245E+03   0.63461E-04
   0.14258E+03   0.11534E-04
   0.14263E+03   0.26480E-11
   0.14271E+03   0.15088E-03
   0.14275E+03   0.14285E-04
   0.14276E+03   0.98529E-05
   0.14286E+03   0.19920E-10
   0.14286E+03   0.11290E-04
   0.14316E+03   0.10056E-03
   0.14317E+03   0.97505E-06
   0.14320E+03   0.22229E-11
   0.14321E+03   0.18936E-05
   0.14322E+03   0.25536E-13
   0.14322E+03   0.10101E-13
   0.14327E+03   0.70106E-05
   0.14332E+03   0.27113E-12
   0.14337E+03   0.27584E-05
   0.14338E+03   0.26221E-10
   0.14351E+03   0.12451E-06
   0.14380E+03   0.11993E-06
   0.14385E+03   0.57878E-04
   0.14402E+03   0.17333E-05
   0.14428E+03   0.28360E-03
   0.14432E+03   0.71218E-08
   0.14464E+03   0.22636E-12
   0.14515E+03   0.15293E-04
   0.14526E+03   0.24842E-10
   0.14539E+03   0.98657E-05
   0.14556E+03   0.39732E-10
   0.14597E+03   0.18449E-04
   0.14597E+03   0.11565E-04
   0.14599E+03   0.31820E-05
   0.14641E+03   0.18396E-11
   0.14646E+03   0.35550E-10
   0.14657E+03   0.24548E-04
   0.14680E+03   0.26563E-04
   0.14682E+03   0.10163E-03
   0.14710E+03   0.26512E-03
   0.14719E+03   0.84637E-04
   0.14726E+03   0.43852E-11
   0.14753E+03   0.16409E-05
   0.14758E+03   0.14792E-11
   0.14762E+03   0.55878E-05
   0.14785E+03   0.50438E-10
   0.14788E+03   0.16704E-03
   0.14797E+03   0.38895E-04
   0.14817E+03   0.10102E-03
   0.14836E+03   0.68609E-05
   0.14839E+03   0.24080E-11
   0.14839E+03   0.80541E-08
   0.14862E+03   0.48207E-13
   0.14918E+03   0.34936E-10
   0.14923E+03   0.59132E-12
   0.14941E+03   0.17406E-04
   0.14969E+03   0.63363E-04
   0.14975E+03   0.95149E-04
   0.14975E+03   0.96061E-05
   0.14976E+03   0.37586E-05
   0.15003E+03   0.22865E-13
   0.15019E+03   0.17256E-05
   0.15022E+03   0.16580E-11
   0.15026E+03   0.50559E-05
   0.15029E+03   0.60567E-05
   0.15053E+03   0.46252E-04
   0.15054E+03   0.31938E-11
   0.15055E+03   0.37756E-05
   0.15062E+03   0.22017E-10
   0.15088E+03   0.11540E-11
   0.15098E+03   0.30845E-06
   0.15115E+03   0.55606E-06
   0.15140E+03   0.12151E-08
   0.15142E+03   0.10825E-03
   0.15148E+03   0.10285E-04
   0.15247E+03   0.19029E-04
   0.15276E+03   0.14600E-04
   0.15309E+03   0.13119E-11
   0.15345E+03   0.11145E-07
   0.15373E+03   0.24422E-04
   0.15390E+03   0.20988E-03
   0.15412E+03   0.70196E-04
   0.15413E+03   0.37177E-04
   0.15435E+03   0.24321E-04
   0.15436E+03   0.22914E-11
   0.15439E+03   0.64246E-11
   0.15512E+03   0.20462E-11
   0.15513E+03   0.28069E-04
   0.15521E+03   0.30082E-04
   0.15522E+03   0.16189E-04
   0.15527E+03   0.38939E-04
   0.15529E+03   0.47454E-05
   0.15531E+03   0.37904E-04
   0.15535E+03   0.70556E-05
   0.15556E+03   0.10766E-03
   0.15561E+03   0.43576E-11
   0.15563E+03   0.36663E-05
   0.15573E+03   0.29326E-04
   0.15574E+03   0.62532E-05
   0.15581E+03   0.19449E-04
   0.15594E+03   0.62540E-11
   0.15602E+03   0.22167E-11
   0.15603E+03   0.94209E-05
   0.15606E+03   0.71581E-11
   0.15621E+03   0.18001E-11
   0.15643E+03   0.66793E-11
   0.15644E+03   0.12574E-05
   0.15659E+03   0.64282E-11
   0.15670E+03   0.79905E-05
   0.15671E+03   0.50646E-04
   0.15677E+03   0.30800E-04
   0.15678E+03   0.43561E-10
   0.15697E+03   0.38568E-04
   0.15744E+03   0.31773E-11
   0.15748E+03   0.11228E-04
   0.15753E+03   0.55017E-04
   0.15815E+03   0.22373E-05
   0.15836E+03   0.69068E-04
   0.15858E+03   0.10339E-10
   0.15882E+03   0.41587E-04
   0.15883E+03   0.83020E-04
   0.15904E+03   0.17323E-03
   0.15914E+03   0.10843E-10
   0.15917E+03   0.73143E-04
   0.15971E+03   0.11248E-11
   0.15976E+03   0.16276E-03
   0.15999E+03   0.14798E-10
   0.16001E+03   0.22285E-04
   0.16053E+03   0.97213E-04
   0.16070E+03   0.96557E-13
   0.16126E+03   0.15501E-10
   0.16163E+03   0.32916E-04
   0.16195E+03   0.12989E-03
   0.16227E+03   0.97844E-04
   0.16233E+03   0.11742E-03
   0.16260E+03   0.32035E-11
   0.16265E+03   0.16053E-03
   0.16365E+03   0.44071E-04
   0.16371E+03   0.64543E-04
   0.16425E+03   0.61046E-04
   0.16512E+03   0.18699E-11
   0.16549E+03   0.34459E-04
   0.16575E+03   0.25323E-03
   0.16613E+03   0.14454E-11
   0.16662E+03   0.55843E-12
   0.16674E+03   0.45992E-04
   0.16678E+03   0.10891E-03
   0.16697E+03   0.69983E-04
   0.16725E+03   0.25340E-11
   0.16739E+03   0.54375E-04
   0.16813E+03   0.10451E-03
   0.16814E+03   0.48150E-04
   0.16814E+03   0.18469E-10
   0.16854E+03   0.66771E-12
   0.16878E+03   0.12565E-04
   0.16879E+03   0.32104E-04
   0.16890E+03   0.42529E-04
   0.16904E+03   0.89983E-04
   0.16917E+03   0.34212E-11
   0.16923E+03   0.42821E-05
   0.16929E+03   0.14314E-03
   0.16933E+03   0.36181E-04
   0.16939E+03   0.20869E-10
   0.16955E+03   0.30094E-04
   0.17031E+03   0.10539E-11
   0.17070E+03   0.19305E-04
   0.17107E+03   0.68391E-04
   0.17192E+03   0.25928E-09
   0.17192E+03   0.10284E-03
   0.17209E+03   0.18369E-03
   0.17222E+03   0.10079E-03
   0.17265E+03   0.13748E-11
   0.17271E+03   0.78557E-04
   0.17330E+03   0.59036E-12
   0.17357E+03   0.28443E-04
   0.17364E+03   0.45106E-04
   0.17387E+03   0.18795E-03
   0.17436E+03   0.50988E-11
   0.17470E+03   0.18223E-12
   0.17526E+03   0.17025E-03
   0.17534E+03   0.11989E-03
   0.17544E+03   0.30418E-03
   0.17600E+03   0.50173E-04
   0.17614E+03   0.11807E-11
   0.17699E+03   0.60580E-04
   0.17880E+03   0.17423E-03
   0.17955E+03   0.26865E-04
   0.18001E+03   0.72026E-13
   0.18025E+03   0.63542E-12
   0.18066E+03   0.10219E-03
   0.18084E+03   0.38672E-04
   0.18097E+03   0.64808E-04
   0.18124E+03   0.80508E-12
   0.18151E+03   0.52453E-04
   0.18212E+03   0.12291E-03
   0.18215E+03   0.11465E-03
   0.18220E+03   0.15248E-12
   0.18224E+03   0.36562E-04
   0.18227E+03   0.16629E-11
   0.18291E+03   0.11026E-04
   0.18302E+03   0.23953E-03
   0.18315E+03   0.91872E-11
   0.18638E+03   0.12582E-03
   0.18652E+03   0.15713E-11
   0.18672E+03   0.64546E-04
   0.18901E+03   0.14227E-03
   0.18984E+03   0.52845E-04
   0.19309E+03   0.58777E-04
   0.19451E+03   0.40296E-15
