 -5.17545281334226       3.892893563340433E-004
 -5.01172173201497       6.114097326086058E-013
 -4.98272687727374       6.770615768150662E-015
 -4.92519282873263       3.052130270081127E-002
 -4.92428843823781       5.790252413289933E-013
 -4.88932616776697       6.398090331183263E-003
 -4.52765786513298        1.00913802622243
 -3.60197671609195       4.482156528247191E-004
 -3.46813738316319       4.073227662046227E-004
 -3.32256918163725       0.209694088690182
 -3.18407229707821       6.630411802921364E-002
 -2.97211953532768       7.988663395098744E-012
 -2.96932418093901       3.739209451200502E-012
 -2.94807380471381       7.039593051880205E-002
 -2.80051038441136       9.883610034137931E-002
 -2.79378956887349       7.381406174572613E-011
 -2.70979283993122       2.345813956691646E-012
 -2.59967099238338       0.172063124362909
 -2.45539392321337       0.550550862708599
 -2.39761929693757       1.538630127223600E-012
 -2.12502124163467       0.451409368744654
 -2.06227202588486       3.943949921347941E-012
 -1.41922716043034       4.055949871002229E-012
 -1.37938594393789       0.626607880460887
 -1.19266106409687       8.756073053607875E-013
-0.979991232846637       5.273315207822530E-006
-0.802917090440042        1.08405776078696
-0.208119566226057        5.18863864057653
-7.739791993214284E-002  2.278353352406084E-010
-5.425084409660252E-002  7.853873993403560E-012
 0.218149083909436       7.959453078149530E-010
 0.516154605627013       4.961027663375620E-011
 0.581008647719613       5.400946643753532E-011
 0.676183081816724       8.622199718288863E-010
 0.935488983965957       1.381619092349419E-007
 0.952255039348550        8.95931543241173
  1.24484185030510       2.121438054036328E-009
  1.54471211394792       7.785897494947163E-011
  1.97771957418813       0.668306814467663
  2.34735430565873       1.167014937151378E-010
  2.43292998078036       0.227237062893437
  2.81681341874058       0.558013064484384
  3.02600875217449       1.257105138536822E-011
  3.09184333420742       3.900763674046775E-007
  3.21813229213166       5.198328031524352E-013
  3.28962023771360       2.891172488375149E-002
  3.30352535302240       3.870244193885586E-012
