  -0.13420E+01   0.25490E-09
  -0.51430E+00   0.16335E-01
  -0.13024E+00   0.14921E+01
   0.15550E+01   0.17938E+00
   0.18226E+01   0.79882E+00
   0.26685E+01   0.26177E+01
   0.38540E+01   0.21664E+01
   0.43913E+01   0.59001E+01
   0.48508E+01   0.33574E+01
   0.54384E+01   0.26871E-08
   0.60419E+01   0.18540E-10
   0.60777E+01   0.17411E-11
   0.80189E+01   0.61997E-14
   0.82185E+01   0.17697E-10
   0.84111E+01   0.82592E-10
   0.86374E+01   0.64098E-11
   0.90460E+01   0.38206E-12
   0.95279E+01   0.32069E-10
   0.96357E+01   0.44046E+00
   0.99916E+01   0.71467E-08
   0.10331E+02   0.21771E+00
   0.10609E+02   0.12674E-08
   0.10767E+02   0.23459E-09
   0.10919E+02   0.75370E+00
   0.11009E+02   0.12982E+02
   0.11133E+02   0.23295E-06
   0.11404E+02   0.29883E-07
   0.11496E+02   0.24548E-08
   0.11711E+02   0.24558E-08
   0.11970E+02   0.64245E-11
   0.12196E+02   0.41796E-01
   0.12203E+02   0.62151E-09
   0.12269E+02   0.18123E-03
   0.12771E+02   0.20491E-01
   0.12788E+02   0.12935E-08
   0.12917E+02   0.14298E-01
   0.13020E+02   0.27728E-02
   0.13086E+02   0.52351E-01
   0.13152E+02   0.68125E-09
   0.13403E+02   0.53525E-04
   0.13796E+02   0.10410E-01
   0.13806E+02   0.10099E-02
   0.13866E+02   0.25721E-08
   0.14120E+02   0.65556E+01
   0.14419E+02   0.68015E-08
   0.14494E+02   0.21024E-02
   0.14503E+02   0.34007E-06
   0.14647E+02   0.29642E+00
   0.14663E+02   0.37557E+01
   0.14690E+02   0.21491E-06
   0.14714E+02   0.19002E-06
   0.14977E+02   0.29013E-07
   0.14995E+02   0.97494E-01
   0.15392E+02   0.17533E+00
   0.15444E+02   0.74692E-04
   0.15478E+02   0.37817E+00
   0.15500E+02   0.20128E-09
   0.15608E+02   0.28469E-03
   0.15619E+02   0.16211E-02
   0.15621E+02   0.24674E-01
   0.15834E+02   0.10426E-08
   0.15896E+02   0.29121E-04
   0.16006E+02   0.25887E-08
   0.16159E+02   0.96935E-08
   0.16297E+02   0.97736E-03
   0.16521E+02   0.18462E-06
   0.16652E+02   0.20830E-10
   0.16694E+02   0.79111E-03
   0.16708E+02   0.10581E-04
   0.16796E+02   0.42520E-04
   0.16879E+02   0.50254E-03
   0.16917E+02   0.13593E-03
   0.16957E+02   0.23787E-04
   0.17053E+02   0.81360E-03
   0.17146E+02   0.33585E-07
   0.17239E+02   0.10174E-11
   0.17362E+02   0.22333E-02
   0.17484E+02   0.13506E-08
   0.17490E+02   0.24592E-06
   0.17653E+02   0.96136E-05
   0.17697E+02   0.59359E-01
   0.17873E+02   0.14071E-02
   0.17900E+02   0.23493E-10
   0.17936E+02   0.47235E-08
   0.17977E+02   0.23511E-03
   0.18035E+02   0.16979E-08
   0.18291E+02   0.10492E-10
   0.18339E+02   0.47169E-06
   0.18513E+02   0.37038E-03
   0.18628E+02   0.56699E-02
   0.18825E+02   0.13060E-08
   0.19080E+02   0.42677E-06
   0.19106E+02   0.77227E-08
   0.19175E+02   0.16962E-07
   0.19442E+02   0.30394E-07
   0.19504E+02   0.27126E-03
   0.19601E+02   0.15874E-09
   0.19620E+02   0.49112E-01
   0.19639E+02   0.46279E-01
   0.19671E+02   0.47749E-02
   0.19729E+02   0.67471E-08
   0.19788E+02   0.25080E-09
   0.19861E+02   0.91506E-09
   0.19991E+02   0.72683E-03
   0.20139E+02   0.31619E-08
   0.20190E+02   0.46254E-03
   0.20328E+02   0.80040E-02
   0.20392E+02   0.24452E-09
   0.20424E+02   0.25948E-03
   0.20488E+02   0.43143E-01
   0.20550E+02   0.40994E-02
   0.20621E+02   0.14054E-04
   0.20680E+02   0.20341E-04
   0.20726E+02   0.54885E-09
   0.20835E+02   0.51023E-02
   0.21079E+02   0.43869E-06
   0.21328E+02   0.48962E-04
   0.21503E+02   0.56389E-04
   0.21508E+02   0.25257E-03
   0.21520E+02   0.28351E-02
   0.21624E+02   0.25921E-09
   0.21684E+02   0.16706E-06
   0.21861E+02   0.35361E-07
   0.22227E+02   0.15769E-02
   0.22281E+02   0.20786E-05
   0.22494E+02   0.24188E-04
   0.22501E+02   0.23145E-02
   0.22536E+02   0.31985E-05
   0.22546E+02   0.22460E-07
   0.22594E+02   0.11343E-04
   0.22720E+02   0.55483E-03
   0.22928E+02   0.12577E-11
   0.23002E+02   0.91019E-06
   0.23218E+02   0.36626E-04
   0.23281E+02   0.13047E-05
   0.23361E+02   0.31842E-10
   0.23368E+02   0.95572E-05
   0.23395E+02   0.35473E-12
   0.23593E+02   0.23641E-03
   0.23690E+02   0.24268E-05
   0.23706E+02   0.12814E-10
   0.23758E+02   0.30771E-03
   0.23780E+02   0.21794E-03
   0.23854E+02   0.23919E-08
   0.23977E+02   0.14908E-02
   0.24074E+02   0.98174E-09
   0.24077E+02   0.28895E-03
   0.24103E+02   0.52056E-03
   0.24235E+02   0.27845E-02
   0.24238E+02   0.13307E-02
   0.24395E+02   0.47667E-02
   0.24624E+02   0.12541E-08
   0.24634E+02   0.63041E-02
   0.24664E+02   0.70464E-01
   0.24733E+02   0.37445E-02
   0.24842E+02   0.88982E-11
   0.24950E+02   0.55300E-03
   0.24976E+02   0.45128E-03
   0.24988E+02   0.10954E-01
   0.25027E+02   0.34642E-01
   0.25156E+02   0.47866E-03
   0.25217E+02   0.32063E-03
   0.25300E+02   0.31229E-08
   0.25331E+02   0.11489E-08
   0.25340E+02   0.26828E-04
   0.25377E+02   0.54494E-03
   0.25423E+02   0.16273E-10
   0.25453E+02   0.83754E-03
   0.25460E+02   0.90841E-11
   0.25489E+02   0.25326E-03
   0.25490E+02   0.39811E-05
   0.25527E+02   0.19104E-03
   0.25541E+02   0.15903E-05
   0.25580E+02   0.27547E-03
   0.25654E+02   0.21450E-04
   0.25669E+02   0.46780E-04
   0.25747E+02   0.10201E-09
   0.25766E+02   0.10938E-04
   0.25826E+02   0.18631E-09
   0.25860E+02   0.23769E-05
   0.25895E+02   0.17344E-11
   0.25903E+02   0.22364E-05
   0.25963E+02   0.71627E-07
   0.25996E+02   0.21242E-10
   0.26023E+02   0.12794E-05
   0.26032E+02   0.99744E-04
   0.26062E+02   0.66456E-05
   0.26091E+02   0.15920E-11
   0.26141E+02   0.64894E-04
   0.26182E+02   0.18000E-05
   0.26215E+02   0.13848E-04
   0.26228E+02   0.14949E-05
   0.26256E+02   0.55360E-04
   0.26274E+02   0.66228E-05
   0.26285E+02   0.91336E-07
   0.26311E+02   0.11510E-04
   0.26422E+02   0.45174E-04
   0.26459E+02   0.46498E-11
   0.26579E+02   0.87229E-04
   0.26661E+02   0.15693E-03
   0.26695E+02   0.15830E-12
   0.26887E+02   0.38398E-11
   0.27031E+02   0.37068E-02
   0.27070E+02   0.11457E-02
   0.27208E+02   0.15632E-02
   0.27261E+02   0.60185E-03
   0.27371E+02   0.11070E-04
   0.27501E+02   0.35526E-04
   0.27564E+02   0.11785E-06
   0.27584E+02   0.11589E-04
   0.27600E+02   0.24544E-03
   0.27620E+02   0.10837E-03
   0.27652E+02   0.37805E-07
   0.27735E+02   0.13513E-04
   0.27752E+02   0.12374E-03
   0.27834E+02   0.35712E-06
   0.27857E+02   0.78859E-05
   0.27899E+02   0.91300E-07
   0.27986E+02   0.27915E-04
   0.27993E+02   0.72707E-05
   0.28000E+02   0.26296E-10
   0.28020E+02   0.16318E-04
   0.28114E+02   0.63728E-03
   0.28150E+02   0.60371E-10
   0.28164E+02   0.20513E-04
   0.28245E+02   0.18625E-02
   0.28260E+02   0.38123E-03
   0.28341E+02   0.56299E-02
   0.28393E+02   0.11782E-02
   0.28413E+02   0.25390E-03
   0.28450E+02   0.60139E-05
   0.28550E+02   0.35419E-01
   0.28643E+02   0.10921E-01
   0.28687E+02   0.53879E-06
   0.28696E+02   0.10328E-03
   0.28826E+02   0.71006E-02
   0.29007E+02   0.51438E-04
   0.29018E+02   0.23349E-03
   0.29238E+02   0.94845E-03
   0.29262E+02   0.14361E-04
   0.29349E+02   0.11055E-07
   0.29387E+02   0.43869E-04
   0.29436E+02   0.12867E-03
   0.29497E+02   0.76540E-06
   0.29617E+02   0.16858E-02
   0.29659E+02   0.28143E-12
   0.29695E+02   0.15025E-02
   0.29775E+02   0.80057E-04
   0.29824E+02   0.44340E-05
   0.29852E+02   0.20251E-09
   0.29943E+02   0.84069E-05
   0.29963E+02   0.49802E-09
   0.29977E+02   0.14738E-02
   0.30101E+02   0.81670E-04
   0.30123E+02   0.45119E-12
   0.30256E+02   0.25509E-02
   0.30416E+02   0.50766E-01
   0.30535E+02   0.16943E-09
   0.30572E+02   0.61212E-02
   0.30619E+02   0.25679E-01
   0.30691E+02   0.83123E-02
   0.30746E+02   0.11516E-10
   0.30822E+02   0.14799E-03
   0.30958E+02   0.10451E-02
   0.31105E+02   0.58954E-04
   0.31213E+02   0.31475E-05
   0.31257E+02   0.38282E-07
   0.31308E+02   0.12923E-02
   0.31420E+02   0.81466E-04
   0.31458E+02   0.23631E-05
   0.31485E+02   0.43031E-06
   0.31510E+02   0.11828E-03
   0.31651E+02   0.11022E-03
   0.31661E+02   0.13069E-03
   0.31747E+02   0.59901E-04
   0.31759E+02   0.13432E-03
   0.31810E+02   0.63695E-05
   0.31836E+02   0.14433E-04
   0.31869E+02   0.27341E-10
   0.31930E+02   0.13949E-04
   0.31935E+02   0.53847E-11
   0.31940E+02   0.19294E-04
   0.31992E+02   0.19681E-04
   0.32019E+02   0.29311E-03
   0.32055E+02   0.22396E-12
   0.32107E+02   0.17981E-04
   0.32124E+02   0.65737E-03
   0.32125E+02   0.10435E-07
   0.32189E+02   0.11250E-09
   0.32201E+02   0.38281E-04
   0.32229E+02   0.74692E-04
   0.32296E+02   0.94424E-03
   0.32329E+02   0.49346E-03
   0.32366E+02   0.10139E-03
   0.32423E+02   0.19093E-06
   0.32497E+02   0.15900E-02
   0.32504E+02   0.21639E-09
   0.32556E+02   0.32696E-05
   0.32597E+02   0.59998E-05
   0.32652E+02   0.69178E-05
   0.32739E+02   0.36154E-03
   0.32884E+02   0.17652E-03
   0.32900E+02   0.17989E-03
   0.32951E+02   0.69358E-02
   0.32961E+02   0.89609E-12
   0.32994E+02   0.14187E-04
   0.33066E+02   0.23413E-01
   0.33130E+02   0.67097E-10
   0.33229E+02   0.17710E-06
   0.33337E+02   0.28527E-02
   0.33348E+02   0.53553E-02
   0.33356E+02   0.25414E-12
   0.33466E+02   0.23556E-04
   0.33541E+02   0.15801E-05
   0.33588E+02   0.12587E-06
   0.33644E+02   0.20348E-06
   0.33705E+02   0.22726E-14
   0.33771E+02   0.66552E-06
   0.33787E+02   0.19167E-05
   0.33812E+02   0.21739E-05
   0.33904E+02   0.66672E-07
   0.33928E+02   0.11426E-06
   0.33931E+02   0.10387E-04
   0.33972E+02   0.27121E-06
   0.34109E+02   0.10775E-13
   0.34142E+02   0.89072E-12
   0.34180E+02   0.13177E-03
   0.34203E+02   0.67629E-04
   0.34381E+02   0.15381E-04
   0.34393E+02   0.78905E-03
   0.34414E+02   0.54392E-08
   0.34423E+02   0.48509E-04
   0.34563E+02   0.10794E-02
   0.34568E+02   0.46430E-03
   0.34742E+02   0.70634E-04
   0.34753E+02   0.43218E-06
   0.34858E+02   0.35956E-03
   0.35005E+02   0.21129E-04
   0.35069E+02   0.17939E-10
   0.35152E+02   0.10077E-02
   0.35290E+02   0.16109E-11
   0.35368E+02   0.47497E-04
   0.35402E+02   0.93595E-11
   0.35439E+02   0.72055E-06
   0.35635E+02   0.13239E-04
   0.35755E+02   0.99723E-03
   0.35820E+02   0.39562E-06
   0.35965E+02   0.42961E-03
   0.35986E+02   0.35441E-04
   0.36010E+02   0.39047E-11
   0.36016E+02   0.36716E-07
   0.36016E+02   0.17068E-06
   0.36178E+02   0.47615E-02
   0.36321E+02   0.26939E-02
   0.36439E+02   0.60719E-05
   0.36502E+02   0.22001E-04
   0.36539E+02   0.56994E-03
   0.36596E+02   0.97806E-05
   0.36665E+02   0.16537E-03
   0.36677E+02   0.60612E-13
   0.36750E+02   0.98185E-05
   0.36761E+02   0.17247E-03
   0.36899E+02   0.54898E-04
   0.36947E+02   0.43326E-03
   0.36972E+02   0.21941E-03
   0.36981E+02   0.35762E-10
   0.37049E+02   0.23544E-04
   0.37115E+02   0.28156E-03
   0.37158E+02   0.10745E-01
   0.37228E+02   0.34088E-11
   0.37248E+02   0.38030E-03
   0.37262E+02   0.44130E-03
   0.37378E+02   0.44952E-02
   0.37405E+02   0.15340E-01
   0.37441E+02   0.13993E-09
   0.37527E+02   0.27811E-02
   0.37732E+02   0.10808E-04
   0.37778E+02   0.14362E-08
   0.37925E+02   0.44213E-05
   0.37928E+02   0.15787E-05
   0.37936E+02   0.38596E-09
   0.37962E+02   0.66850E-11
   0.38124E+02   0.37879E-04
   0.38252E+02   0.28868E-14
   0.38305E+02   0.90011E-04
   0.38328E+02   0.53782E-05
   0.38342E+02   0.18733E-08
   0.38454E+02   0.55156E-07
   0.38471E+02   0.65975E-06
   0.38591E+02   0.46851E-09
   0.38619E+02   0.91769E-04
   0.38681E+02   0.88781E-05
   0.38718E+02   0.37391E-06
   0.38726E+02   0.19937E-11
   0.38738E+02   0.34429E-05
   0.38833E+02   0.42091E-04
   0.38849E+02   0.10476E-04
   0.38875E+02   0.14469E-05
   0.38942E+02   0.29229E-05
   0.38975E+02   0.14544E-05
   0.39005E+02   0.24093E-03
   0.39046E+02   0.72583E-05
   0.39104E+02   0.74305E-05
   0.39153E+02   0.33552E-13
   0.39268E+02   0.11752E-13
   0.39357E+02   0.19898E-03
   0.39433E+02   0.30914E-02
   0.39434E+02   0.20735E-03
   0.39489E+02   0.94266E-05
   0.39522E+02   0.79522E-03
   0.39580E+02   0.48773E-12
   0.39593E+02   0.28245E-07
   0.39678E+02   0.51179E-04
   0.39813E+02   0.28476E-02
   0.39857E+02   0.46323E-04
   0.40021E+02   0.26868E-09
   0.40025E+02   0.11083E-02
   0.40036E+02   0.10159E-03
   0.40110E+02   0.23921E-04
   0.40133E+02   0.72541E-03
   0.40260E+02   0.10742E-08
   0.40272E+02   0.53330E-04
   0.40284E+02   0.89384E-05
   0.40338E+02   0.19859E-04
   0.40348E+02   0.27486E-03
   0.40380E+02   0.85339E-12
   0.40457E+02   0.50965E-03
   0.40480E+02   0.78128E-03
   0.40584E+02   0.30255E-06
   0.40644E+02   0.15690E-02
   0.40654E+02   0.77291E-11
   0.40825E+02   0.15851E-03
   0.40828E+02   0.41215E-10
   0.40836E+02   0.29465E-03
   0.40865E+02   0.18661E-10
   0.40867E+02   0.11884E-04
   0.40911E+02   0.49158E-03
   0.40928E+02   0.44139E-04
   0.40973E+02   0.55829E-05
   0.41038E+02   0.39816E-03
   0.41051E+02   0.27460E-03
   0.41088E+02   0.26696E-03
   0.41160E+02   0.47267E-05
   0.41212E+02   0.92093E-05
   0.41255E+02   0.62893E-04
   0.41306E+02   0.72265E-10
   0.41353E+02   0.18011E-06
   0.41369E+02   0.27866E-05
   0.41370E+02   0.31141E-11
   0.41433E+02   0.18667E-06
   0.41438E+02   0.14215E-07
   0.41483E+02   0.15320E-03
   0.41502E+02   0.12593E-05
   0.41563E+02   0.24120E-05
   0.41590E+02   0.25778E-09
   0.41646E+02   0.67365E-06
   0.41679E+02   0.97315E-04
   0.41695E+02   0.49579E-05
   0.41734E+02   0.13264E-09
   0.41764E+02   0.12453E-03
   0.41880E+02   0.77643E-11
   0.41952E+02   0.21037E-08
   0.41964E+02   0.53543E-05
   0.42026E+02   0.64886E-04
   0.42055E+02   0.24388E-04
   0.42058E+02   0.35179E-06
   0.42085E+02   0.37815E-10
   0.42089E+02   0.19914E-03
   0.42101E+02   0.12566E-07
   0.42182E+02   0.17255E-04
   0.42257E+02   0.19549E-04
   0.42387E+02   0.31171E-05
   0.42423E+02   0.40915E-03
   0.42481E+02   0.11045E-03
   0.42535E+02   0.84545E-05
   0.42541E+02   0.88738E-04
   0.42549E+02   0.86096E-11
   0.42561E+02   0.27022E-09
   0.42617E+02   0.27023E-05
   0.42679E+02   0.21461E-06
   0.42694E+02   0.47696E-05
   0.42703E+02   0.24445E-04
   0.42743E+02   0.78646E-03
   0.42842E+02   0.61836E-03
   0.42891E+02   0.49964E-05
   0.42902E+02   0.74920E-04
   0.42959E+02   0.30389E-05
   0.43096E+02   0.40793E-03
   0.43151E+02   0.39162E-03
   0.43243E+02   0.46296E-05
   0.43252E+02   0.19389E-03
   0.43286E+02   0.32702E-05
   0.43354E+02   0.78574E-03
   0.43371E+02   0.29891E-03
   0.43441E+02   0.91929E-05
   0.43454E+02   0.13340E-04
   0.43526E+02   0.10193E-04
   0.43538E+02   0.35927E-11
   0.43563E+02   0.57808E-04
   0.43614E+02   0.10899E-03
   0.43715E+02   0.10559E-06
   0.43763E+02   0.24865E-04
   0.43775E+02   0.76183E-04
   0.43811E+02   0.50837E-08
   0.43825E+02   0.12365E-05
   0.43853E+02   0.69199E-05
   0.43904E+02   0.10335E-05
   0.43921E+02   0.16349E-09
   0.44116E+02   0.14040E-06
   0.44118E+02   0.12468E-06
   0.44171E+02   0.21388E-04
   0.44240E+02   0.47085E-05
   0.44340E+02   0.39509E-10
   0.44410E+02   0.44609E-03
   0.44470E+02   0.98903E-07
   0.44546E+02   0.50479E-03
   0.44591E+02   0.13643E-10
   0.44653E+02   0.44939E-05
   0.44708E+02   0.16580E-06
   0.44762E+02   0.25879E-04
   0.44827E+02   0.76449E-05
   0.44833E+02   0.10739E-05
   0.44876E+02   0.23093E-04
   0.44934E+02   0.66009E-08
   0.45009E+02   0.10011E-02
   0.45067E+02   0.50390E-12
   0.45138E+02   0.21165E-02
   0.45195E+02   0.20511E-02
   0.45207E+02   0.21277E-03
   0.45285E+02   0.10229E-04
   0.45349E+02   0.64021E-04
   0.45405E+02   0.36987E-03
   0.45411E+02   0.13654E-09
   0.45489E+02   0.28417E-05
   0.45490E+02   0.18505E-07
   0.45506E+02   0.10096E-04
   0.45519E+02   0.98699E-05
   0.45610E+02   0.99191E-05
   0.45632E+02   0.53615E-07
   0.45681E+02   0.88498E-04
   0.45821E+02   0.15925E-04
   0.45857E+02   0.30960E-03
   0.45940E+02   0.51584E-05
   0.46084E+02   0.64022E-03
   0.46127E+02   0.28163E-02
   0.46131E+02   0.37428E-03
   0.46251E+02   0.24524E-05
   0.46255E+02   0.11155E-09
   0.46270E+02   0.38157E-04
   0.46281E+02   0.12304E-03
   0.46357E+02   0.24022E-04
   0.46369E+02   0.89763E-04
   0.46477E+02   0.56695E-05
   0.46494E+02   0.95149E-07
   0.46526E+02   0.95974E-07
   0.46580E+02   0.52835E-04
   0.46613E+02   0.18380E-04
   0.46751E+02   0.24823E-05
   0.46886E+02   0.48600E-04
   0.46939E+02   0.15913E-02
   0.46955E+02   0.95625E-06
   0.47042E+02   0.54372E-04
   0.47098E+02   0.92354E-12
   0.47116E+02   0.18703E-03
   0.47219E+02   0.14177E-02
   0.47257E+02   0.18181E-03
   0.47293E+02   0.75133E-04
   0.47340E+02   0.44005E-04
   0.47409E+02   0.92140E-03
   0.47441E+02   0.26555E-04
   0.47459E+02   0.55857E-02
   0.47499E+02   0.11430E-02
   0.47538E+02   0.10358E-03
   0.47639E+02   0.48949E-03
   0.47657E+02   0.44448E-05
   0.47755E+02   0.24578E-03
   0.47767E+02   0.43060E-03
   0.47792E+02   0.81335E-05
   0.47808E+02   0.15241E-04
   0.47854E+02   0.22085E-03
   0.47900E+02   0.21129E-05
   0.47964E+02   0.58287E-07
   0.47986E+02   0.14211E-08
   0.47986E+02   0.62266E-08
   0.48096E+02   0.11078E-08
   0.48133E+02   0.64177E-03
   0.48176E+02   0.63477E-04
   0.48266E+02   0.37275E-04
   0.48310E+02   0.32772E-06
   0.48390E+02   0.71761E-05
   0.48411E+02   0.34690E-04
   0.48425E+02   0.61044E-05
   0.48439E+02   0.25741E-04
   0.48454E+02   0.81293E-03
   0.48532E+02   0.76173E-04
   0.48537E+02   0.26633E-02
   0.48538E+02   0.24200E-03
   0.48545E+02   0.22051E-02
   0.48575E+02   0.50781E-03
   0.48776E+02   0.10154E-07
   0.48901E+02   0.88606E-04
   0.48914E+02   0.29827E-03
   0.49037E+02   0.13608E-02
   0.49089E+02   0.11047E-05
   0.49098E+02   0.11592E-05
   0.49165E+02   0.22465E-03
   0.49214E+02   0.12300E-03
   0.49230E+02   0.74523E-10
   0.49266E+02   0.11873E-05
   0.49268E+02   0.55144E-06
   0.49295E+02   0.83241E-06
   0.49347E+02   0.48445E-04
   0.49352E+02   0.50825E-04
   0.49468E+02   0.14038E-05
   0.49486E+02   0.30967E-05
   0.49511E+02   0.23224E-11
   0.49573E+02   0.71981E-04
   0.49588E+02   0.95637E-03
   0.49598E+02   0.13362E-10
   0.49602E+02   0.30270E-03
   0.49731E+02   0.94357E-04
   0.49786E+02   0.29158E-03
   0.49835E+02   0.20735E-03
   0.49858E+02   0.95020E-11
   0.49879E+02   0.20196E-03
   0.49946E+02   0.24906E-04
   0.50009E+02   0.76180E-05
   0.50126E+02   0.34722E-03
   0.50127E+02   0.13075E-10
   0.50179E+02   0.17628E-05
   0.50188E+02   0.15753E-03
   0.50216E+02   0.32261E-10
   0.50223E+02   0.44665E-05
   0.50267E+02   0.71191E-03
   0.50381E+02   0.35774E-03
   0.50403E+02   0.15011E-03
   0.50438E+02   0.70922E-04
   0.50533E+02   0.44951E-04
   0.50551E+02   0.61448E-04
   0.50601E+02   0.13427E-03
   0.50698E+02   0.40233E-03
   0.50746E+02   0.92025E-03
   0.50776E+02   0.51286E-10
   0.50779E+02   0.20953E-03
   0.50798E+02   0.38261E-03
   0.50806E+02   0.21446E-10
   0.50893E+02   0.13814E-03
   0.50918E+02   0.10571E-03
   0.51016E+02   0.32383E-10
   0.51032E+02   0.20087E-05
   0.51111E+02   0.32104E-12
   0.51137E+02   0.10791E-06
   0.51157E+02   0.38089E-04
   0.51192E+02   0.12397E-03
   0.51234E+02   0.90277E-04
   0.51332E+02   0.14806E-05
   0.51362E+02   0.97094E-06
   0.51369E+02   0.10521E-10
   0.51520E+02   0.16491E-04
   0.51534E+02   0.72174E-06
   0.51553E+02   0.38071E-15
   0.51558E+02   0.41527E-04
   0.51583E+02   0.22991E-06
   0.51644E+02   0.68863E-07
   0.51691E+02   0.11252E-05
   0.51703E+02   0.38601E-09
   0.51739E+02   0.27178E-09
   0.51806E+02   0.26022E-03
   0.51832E+02   0.28938E-10
   0.51843E+02   0.19717E-07
   0.51869E+02   0.10720E-04
   0.51921E+02   0.11575E-04
   0.51968E+02   0.29833E-04
   0.51971E+02   0.18961E-12
   0.51979E+02   0.22416E-05
   0.52068E+02   0.24267E-05
   0.52130E+02   0.30163E-03
   0.52285E+02   0.53258E-04
   0.52322E+02   0.73683E-07
   0.52378E+02   0.93893E-03
   0.52512E+02   0.19025E-03
   0.52515E+02   0.30359E-09
   0.52651E+02   0.72193E-03
   0.52703E+02   0.31812E-05
   0.52850E+02   0.26009E-05
   0.52884E+02   0.21183E-03
   0.52908E+02   0.63908E-04
   0.52940E+02   0.11580E-03
   0.53049E+02   0.22204E-04
   0.53083E+02   0.80901E-06
   0.53092E+02   0.65117E-05
   0.53137E+02   0.16206E-05
   0.53147E+02   0.13444E-06
   0.53178E+02   0.33888E-07
   0.53254E+02   0.24452E-04
   0.53261E+02   0.19096E-04
   0.53270E+02   0.80285E-05
   0.53304E+02   0.13098E-05
   0.53321E+02   0.29866E-04
   0.53408E+02   0.47648E-05
   0.53456E+02   0.16013E-05
   0.53491E+02   0.92789E-05
   0.53526E+02   0.60771E-02
   0.53559E+02   0.67780E-06
   0.53563E+02   0.26697E-05
   0.53603E+02   0.35912E-04
   0.53815E+02   0.10697E-04
   0.53844E+02   0.24011E-07
   0.53910E+02   0.17791E-04
   0.53929E+02   0.89025E-05
   0.54112E+02   0.67892E-05
   0.54243E+02   0.43693E-06
   0.54291E+02   0.12150E-05
   0.54317E+02   0.18757E-05
   0.54486E+02   0.17026E-04
   0.54576E+02   0.12330E-04
   0.54632E+02   0.20655E-07
   0.54633E+02   0.77519E-09
   0.54799E+02   0.71828E-12
   0.54815E+02   0.57709E-04
   0.54845E+02   0.71873E-05
   0.54858E+02   0.37840E-05
   0.54943E+02   0.12990E-04
   0.55362E+02   0.12726E-03
   0.55385E+02   0.73876E-04
   0.55527E+02   0.17045E-04
   0.55530E+02   0.57560E-04
   0.55670E+02   0.53113E-12
   0.55744E+02   0.45300E-04
   0.55808E+02   0.19312E-03
   0.55843E+02   0.16679E-02
   0.55887E+02   0.58511E-04
   0.55895E+02   0.38008E-05
   0.56064E+02   0.31582E-04
   0.56112E+02   0.72279E-03
   0.56154E+02   0.10465E-04
   0.56215E+02   0.83645E-06
   0.56288E+02   0.43503E-02
   0.56306E+02   0.11605E-11
   0.56334E+02   0.37804E-05
   0.56355E+02   0.55881E-03
   0.56509E+02   0.11119E-02
   0.56538E+02   0.23798E-02
   0.56619E+02   0.31392E-03
   0.56641E+02   0.56030E-05
   0.56658E+02   0.42667E-03
   0.56700E+02   0.15600E-02
   0.56832E+02   0.72844E-05
   0.56839E+02   0.13538E-03
   0.56874E+02   0.16217E-04
   0.56903E+02   0.93509E-09
   0.56913E+02   0.21655E-07
   0.57020E+02   0.22433E-06
   0.57049E+02   0.98977E-03
   0.57074E+02   0.45841E-05
   0.57079E+02   0.22885E-03
   0.57129E+02   0.12612E-04
   0.57147E+02   0.82689E-07
   0.57177E+02   0.96741E-05
   0.57276E+02   0.12074E-04
   0.57356E+02   0.16057E-05
   0.57464E+02   0.33302E-05
   0.57559E+02   0.41351E-04
   0.57574E+02   0.97231E-10
   0.57674E+02   0.68225E-06
   0.57820E+02   0.30987E-05
   0.57861E+02   0.15976E-04
   0.57892E+02   0.31272E-05
   0.57932E+02   0.10653E-04
   0.57954E+02   0.63542E-06
   0.57969E+02   0.26299E-04
   0.58068E+02   0.27271E-03
   0.58079E+02   0.16058E-05
   0.58109E+02   0.12076E-05
   0.58135E+02   0.23865E-04
   0.58190E+02   0.21328E-03
   0.58217E+02   0.44912E-05
   0.58290E+02   0.43231E-11
   0.58348E+02   0.17627E-04
   0.58409E+02   0.59568E-14
   0.58462E+02   0.21824E-04
   0.58468E+02   0.82370E-03
   0.58506E+02   0.40592E-03
   0.58521E+02   0.60311E-04
   0.58555E+02   0.59833E-02
   0.58580E+02   0.24007E-03
   0.58622E+02   0.34488E-09
   0.58622E+02   0.52312E-04
   0.58737E+02   0.74090E-04
   0.58769E+02   0.54757E-04
   0.58820E+02   0.32782E-03
   0.58829E+02   0.77540E-05
   0.58863E+02   0.77958E-04
   0.58892E+02   0.73604E-04
   0.58921E+02   0.34406E-03
   0.58938E+02   0.39051E-03
   0.58968E+02   0.58884E-05
   0.59115E+02   0.13768E-05
   0.59251E+02   0.14887E-03
   0.59265E+02   0.11753E-02
   0.59297E+02   0.60709E-03
   0.59344E+02   0.11711E-03
   0.59371E+02   0.29384E-04
   0.59385E+02   0.11200E-02
   0.59437E+02   0.22863E-06
   0.59467E+02   0.10259E-04
   0.59498E+02   0.18901E-03
   0.59548E+02   0.21206E-04
   0.59594E+02   0.10029E-05
   0.59657E+02   0.10620E-04
   0.59675E+02   0.41283E-04
   0.59692E+02   0.59666E-04
   0.59727E+02   0.20374E-04
   0.59799E+02   0.99765E-05
   0.59823E+02   0.27245E-04
   0.59844E+02   0.42224E-05
   0.59862E+02   0.16408E-05
   0.59909E+02   0.59176E-06
   0.59948E+02   0.25730E-05
   0.60072E+02   0.81188E-06
   0.60177E+02   0.62813E-06
   0.60188E+02   0.60925E-06
   0.60206E+02   0.14816E-06
   0.60211E+02   0.27926E-07
   0.60234E+02   0.85385E-06
   0.60306E+02   0.62835E-11
   0.60309E+02   0.25441E-06
   0.60413E+02   0.28273E-12
   0.60461E+02   0.18602E-05
   0.60556E+02   0.50481E-14
   0.60574E+02   0.19967E-05
   0.60592E+02   0.50241E-05
   0.60623E+02   0.12402E-11
   0.60711E+02   0.37543E-04
   0.60753E+02   0.52875E-04
   0.60805E+02   0.49273E-11
   0.60841E+02   0.11299E-05
   0.60865E+02   0.12608E-06
   0.60922E+02   0.18652E-05
   0.60959E+02   0.13430E-04
   0.61138E+02   0.64801E-04
   0.61226E+02   0.57500E-03
   0.61234E+02   0.99270E-04
   0.61334E+02   0.40771E-13
   0.61349E+02   0.99127E-13
   0.61370E+02   0.24994E-05
   0.61420E+02   0.19364E-04
   0.61459E+02   0.17290E-03
   0.61539E+02   0.36946E-12
   0.61624E+02   0.17507E-08
   0.61697E+02   0.27032E-04
   0.61849E+02   0.52357E-04
   0.61968E+02   0.13251E-03
   0.61983E+02   0.40291E-02
   0.61991E+02   0.73859E-11
   0.62137E+02   0.33925E-14
   0.62221E+02   0.35642E-04
   0.62265E+02   0.28039E-05
   0.62289E+02   0.33677E-05
   0.62362E+02   0.35900E-04
   0.62503E+02   0.22084E-05
   0.62531E+02   0.64794E-06
   0.62667E+02   0.96479E-05
   0.62753E+02   0.16680E-12
   0.62756E+02   0.24651E-04
   0.62812E+02   0.13296E-05
   0.62819E+02   0.78460E-05
   0.62861E+02   0.40895E-06
   0.63145E+02   0.20818E-06
   0.63158E+02   0.95193E-06
   0.63191E+02   0.10041E-05
   0.63263E+02   0.87790E-05
   0.63291E+02   0.11555E-03
   0.63396E+02   0.19563E-05
   0.63523E+02   0.54047E-05
   0.63630E+02   0.62073E-04
   0.63754E+02   0.57560E-04
   0.63868E+02   0.50300E-04
   0.63889E+02   0.25055E-04
   0.63915E+02   0.44739E-04
   0.64060E+02   0.56980E-04
   0.64193E+02   0.40846E-04
   0.64234E+02   0.98055E-04
   0.64299E+02   0.13638E-05
   0.64418E+02   0.12514E-03
   0.64433E+02   0.11648E-02
   0.64513E+02   0.13330E-06
   0.64556E+02   0.71176E-05
   0.64559E+02   0.18124E-04
   0.64573E+02   0.23849E-06
   0.64586E+02   0.42463E-04
   0.64742E+02   0.10594E-03
   0.64762E+02   0.26255E-09
   0.64880E+02   0.31086E-04
   0.64907E+02   0.14646E-04
   0.64967E+02   0.46653E-07
   0.65010E+02   0.16503E-03
   0.65037E+02   0.37926E-03
   0.65065E+02   0.11392E-03
   0.65344E+02   0.16210E-03
   0.65373E+02   0.71816E-13
   0.65375E+02   0.56339E-05
   0.65474E+02   0.12591E-02
   0.65606E+02   0.41559E-03
   0.65692E+02   0.55850E-07
   0.65770E+02   0.52387E-05
   0.65832E+02   0.49129E-04
   0.65846E+02   0.11700E-02
   0.65870E+02   0.49933E-07
   0.65954E+02   0.40582E-04
   0.65973E+02   0.24602E-04
   0.66076E+02   0.12460E-03
   0.66122E+02   0.20111E-04
   0.66129E+02   0.54394E-06
   0.66194E+02   0.87330E-07
   0.66235E+02   0.23703E-09
   0.66256E+02   0.10014E-04
   0.66288E+02   0.75785E-05
   0.66318E+02   0.11870E-04
   0.66356E+02   0.20077E-03
   0.66359E+02   0.13271E-04
   0.66385E+02   0.11597E-04
   0.66399E+02   0.11248E-03
   0.66455E+02   0.76694E-05
   0.66478E+02   0.57569E-04
   0.66523E+02   0.36524E-04
   0.66533E+02   0.83763E-05
   0.66596E+02   0.40751E-05
   0.66654E+02   0.65607E-02
   0.66661E+02   0.67909E-11
   0.66680E+02   0.89237E-05
   0.66693E+02   0.98808E-04
   0.66731E+02   0.17310E-04
   0.66812E+02   0.16223E-03
   0.66847E+02   0.82847E-03
   0.66851E+02   0.10741E-02
   0.66870E+02   0.97571E-12
   0.66898E+02   0.43079E-03
   0.67186E+02   0.11163E-05
   0.67194E+02   0.28522E-05
   0.67211E+02   0.49733E-05
   0.67249E+02   0.89664E-04
   0.67324E+02   0.44863E-07
   0.67371E+02   0.49578E-05
   0.67442E+02   0.15593E-05
   0.67449E+02   0.52129E-05
   0.67482E+02   0.80011E-04
   0.67574E+02   0.95584E-04
   0.67599E+02   0.20424E-04
   0.67662E+02   0.42953E-05
   0.67702E+02   0.18925E-04
   0.67831E+02   0.23497E-04
   0.67885E+02   0.26923E-06
   0.68032E+02   0.62187E-05
   0.68060E+02   0.22872E-05
   0.68079E+02   0.29145E-06
   0.68180E+02   0.85038E-05
   0.68265E+02   0.28538E-03
   0.68284E+02   0.69259E-04
   0.68350E+02   0.25028E-04
   0.68405E+02   0.53056E-08
   0.68407E+02   0.39720E-07
   0.68411E+02   0.95175E-11
   0.68505E+02   0.89918E-05
   0.68593E+02   0.36382E-05
   0.68647E+02   0.41783E-05
   0.68720E+02   0.19930E-04
   0.68743E+02   0.25922E-05
   0.68751E+02   0.20322E-11
   0.68809E+02   0.11183E-03
   0.68983E+02   0.68936E-04
   0.68998E+02   0.17139E-04
   0.69193E+02   0.29799E-05
   0.69221E+02   0.29266E-04
   0.69245E+02   0.25950E-04
   0.69401E+02   0.13027E-04
   0.69523E+02   0.45051E-04
   0.69553E+02   0.76565E-04
   0.69609E+02   0.57786E-04
   0.69697E+02   0.45299E-02
   0.69900E+02   0.10320E-06
   0.69904E+02   0.28702E-05
   0.70063E+02   0.98329E-06
   0.70097E+02   0.11680E-03
   0.70159E+02   0.84685E-04
   0.70217E+02   0.25166E-05
   0.70270E+02   0.12402E-05
   0.70392E+02   0.98250E-06
   0.70407E+02   0.19681E-07
   0.70417E+02   0.91371E-07
   0.70453E+02   0.26751E-11
   0.70498E+02   0.97676E-03
   0.70499E+02   0.60141E-06
   0.70570E+02   0.91860E-07
   0.70571E+02   0.92219E-08
   0.70588E+02   0.41153E-04
   0.70616E+02   0.93902E-05
   0.70641E+02   0.15541E-04
   0.70668E+02   0.55297E-03
   0.70679E+02   0.40197E-03
   0.70724E+02   0.11462E-06
   0.70808E+02   0.11908E-04
   0.70820E+02   0.16339E-04
   0.70871E+02   0.52800E-11
   0.70887E+02   0.45899E-06
   0.70940E+02   0.45922E-06
   0.70952E+02   0.88447E-06
   0.70971E+02   0.10407E-03
   0.70996E+02   0.85536E-04
   0.71097E+02   0.81656E-08
   0.71154E+02   0.13262E-05
   0.71169E+02   0.93510E-06
   0.71233E+02   0.27121E-04
   0.71310E+02   0.10423E-05
   0.71392E+02   0.18176E-02
   0.71413E+02   0.14854E-03
   0.71414E+02   0.76490E-09
   0.71456E+02   0.24747E-10
   0.71514E+02   0.71788E-04
   0.71518E+02   0.49880E-06
   0.71536E+02   0.11750E-04
   0.71581E+02   0.53472E-05
   0.71620E+02   0.15818E-07
   0.71632E+02   0.67945E-07
   0.71703E+02   0.57401E-04
   0.71738E+02   0.41528E-04
   0.71782E+02   0.49387E-04
   0.71933E+02   0.14289E-06
   0.71944E+02   0.43207E-06
   0.71987E+02   0.26971E-04
   0.72074E+02   0.30853E-04
   0.72131E+02   0.35267E-06
   0.72137E+02   0.25244E-12
   0.72202E+02   0.16767E-05
   0.72287E+02   0.15007E-04
   0.72314E+02   0.16959E-04
   0.72354E+02   0.44294E-05
   0.72395E+02   0.34843E-11
   0.72408E+02   0.22816E-04
   0.72492E+02   0.10883E-06
   0.72501E+02   0.23157E-07
   0.72559E+02   0.10170E-05
   0.72690E+02   0.34486E-06
   0.72696E+02   0.55290E-11
   0.72699E+02   0.23520E-03
   0.72722E+02   0.37741E-06
   0.72725E+02   0.69904E-12
   0.72729E+02   0.16265E-06
   0.72775E+02   0.14645E-03
   0.72782E+02   0.99379E-05
   0.72839E+02   0.89329E-08
   0.72871E+02   0.37201E-03
   0.72951E+02   0.38698E-06
   0.72970E+02   0.40696E-04
   0.72988E+02   0.33243E-04
   0.73035E+02   0.12043E-12
   0.73093E+02   0.11354E-05
   0.73111E+02   0.63893E-05
   0.73146E+02   0.17839E-04
   0.73218E+02   0.66881E-13
   0.73258E+02   0.27321E-05
   0.73318E+02   0.20638E-08
   0.73365E+02   0.57216E-06
   0.73405E+02   0.10722E-10
   0.73449E+02   0.29758E-10
   0.73483E+02   0.53315E-05
   0.73584E+02   0.13875E-04
   0.73628E+02   0.38706E-04
   0.73694E+02   0.11395E-04
   0.73708E+02   0.24058E-05
   0.73775E+02   0.50713E-04
   0.73795E+02   0.40230E-04
   0.73836E+02   0.14570E-04
   0.73859E+02   0.25576E-03
   0.73869E+02   0.16266E-12
   0.73930E+02   0.29631E-09
   0.73944E+02   0.20188E-05
   0.73976E+02   0.19136E-05
   0.73988E+02   0.39567E-04
   0.74003E+02   0.17345E-06
   0.74013E+02   0.76298E-05
   0.74021E+02   0.65924E-05
   0.74061E+02   0.91003E-08
   0.74063E+02   0.13271E-06
   0.74075E+02   0.15798E-04
   0.74088E+02   0.12063E-12
   0.74103E+02   0.46383E-06
   0.74335E+02   0.29836E-07
   0.74350E+02   0.12509E-04
   0.74425E+02   0.38090E-04
   0.74447E+02   0.16953E-06
   0.74493E+02   0.38407E-05
   0.74565E+02   0.50270E-05
   0.74592E+02   0.76353E-05
   0.74622E+02   0.21608E-17
   0.74770E+02   0.20160E-05
   0.74784E+02   0.14052E-04
   0.74824E+02   0.34811E-05
   0.74940E+02   0.35398E-08
   0.75018E+02   0.12222E-07
   0.75098E+02   0.23165E-05
   0.75126E+02   0.20268E-05
   0.75245E+02   0.26748E-05
   0.75291E+02   0.88008E-05
   0.75329E+02   0.36054E-04
   0.75386E+02   0.11113E-06
   0.75431E+02   0.90347E-06
   0.75437E+02   0.90916E-11
   0.75482E+02   0.60630E-04
   0.75584E+02   0.80247E-04
   0.75616E+02   0.65427E-05
   0.75648E+02   0.27358E-09
   0.75670E+02   0.23721E-05
   0.75761E+02   0.19388E-06
   0.75787E+02   0.29347E-08
   0.75796E+02   0.56388E-06
   0.75837E+02   0.66039E-05
   0.75868E+02   0.57063E-05
   0.75896E+02   0.52162E-03
   0.75928E+02   0.27323E-05
   0.76010E+02   0.71285E-07
   0.76040E+02   0.38254E-04
   0.76075E+02   0.78135E-05
   0.76084E+02   0.29388E-05
   0.76130E+02   0.34881E-08
   0.76141E+02   0.10791E-06
   0.76147E+02   0.17937E-07
   0.76180E+02   0.13247E-15
   0.76207E+02   0.11977E-03
   0.76212E+02   0.73846E-04
   0.76235E+02   0.16601E-05
   0.76291E+02   0.40448E-07
   0.76317E+02   0.51021E-06
   0.76325E+02   0.38226E-04
   0.76369E+02   0.19864E-06
   0.76496E+02   0.13589E-04
   0.76549E+02   0.23107E-04
   0.76638E+02   0.47491E-07
   0.76734E+02   0.19867E-02
   0.76777E+02   0.21269E-04
   0.76815E+02   0.21760E-03
   0.76874E+02   0.28790E-03
   0.76895E+02   0.21520E-03
   0.76936E+02   0.29043E-08
   0.77073E+02   0.16981E-04
   0.77093E+02   0.13375E-11
   0.77099E+02   0.25736E-04
   0.77117E+02   0.34556E-04
   0.77123E+02   0.13438E-05
   0.77127E+02   0.63433E-07
   0.77138E+02   0.80602E-05
   0.77241E+02   0.88787E-05
   0.77331E+02   0.10823E-05
   0.77357E+02   0.43819E-05
   0.77393E+02   0.26418E-05
   0.77469E+02   0.77806E-05
   0.77483E+02   0.80766E-06
   0.77564E+02   0.22166E-06
   0.77598E+02   0.22221E-05
   0.77778E+02   0.10729E-02
   0.77845E+02   0.28931E-03
   0.77861E+02   0.14293E-02
   0.77869E+02   0.51911E-02
   0.77908E+02   0.18244E-03
   0.77945E+02   0.74695E-13
   0.78037E+02   0.65210E-05
   0.78040E+02   0.43085E-06
   0.78126E+02   0.19478E-05
   0.78157E+02   0.18697E-03
   0.78262E+02   0.52008E-05
   0.78296E+02   0.85556E-05
   0.78314E+02   0.73215E-04
   0.78336E+02   0.45218E-05
   0.78391E+02   0.23845E-06
   0.78398E+02   0.16903E-16
   0.78544E+02   0.21614E-06
   0.78608E+02   0.70976E-07
   0.78609E+02   0.82257E-09
   0.78619E+02   0.33592E-04
   0.78630E+02   0.15263E-05
   0.78699E+02   0.62158E-06
   0.78772E+02   0.21798E-06
   0.78813E+02   0.36823E-05
   0.78881E+02   0.24228E-04
   0.78930E+02   0.21096E-05
   0.78937E+02   0.44221E-05
   0.79009E+02   0.16749E-03
   0.79034E+02   0.20350E-05
   0.79094E+02   0.11050E-04
   0.79099E+02   0.11822E-03
   0.79139E+02   0.20176E-05
   0.79226E+02   0.46046E-06
   0.79293E+02   0.59954E-06
   0.79353E+02   0.44665E-04
   0.79389E+02   0.28322E-05
   0.79404E+02   0.12909E-04
   0.79458E+02   0.25488E-06
   0.79466E+02   0.56333E-04
   0.79521E+02   0.31422E-07
   0.79554E+02   0.13577E-06
   0.79582E+02   0.13013E-11
   0.79645E+02   0.17552E-05
   0.79664E+02   0.50768E-06
   0.79692E+02   0.26842E-07
   0.79775E+02   0.11788E-04
   0.79840E+02   0.19647E-05
   0.79873E+02   0.12567E-04
   0.79888E+02   0.37671E-04
   0.79927E+02   0.13075E-13
   0.79929E+02   0.30731E-05
   0.79965E+02   0.56303E-07
   0.80013E+02   0.31845E-05
   0.80139E+02   0.75419E-07
   0.80150E+02   0.11664E-04
   0.80169E+02   0.73762E-06
   0.80205E+02   0.15198E-04
   0.80253E+02   0.84023E-04
   0.80286E+02   0.32288E-04
   0.80348E+02   0.81856E-04
   0.80384E+02   0.73440E-05
   0.80425E+02   0.56433E-04
   0.80460E+02   0.20405E-04
   0.80462E+02   0.29635E-04
   0.80467E+02   0.35693E-06
   0.80482E+02   0.41182E-08
   0.80497E+02   0.10877E-03
   0.80605E+02   0.32759E-05
   0.80712E+02   0.54646E-05
   0.80752E+02   0.21088E-05
   0.80900E+02   0.20523E-07
   0.80927E+02   0.28651E-05
   0.80948E+02   0.61438E-05
   0.81094E+02   0.44858E-05
   0.81304E+02   0.32269E-05
   0.81357E+02   0.14455E-04
   0.81393E+02   0.10536E-07
   0.81438E+02   0.65468E-06
   0.81464E+02   0.94127E-06
   0.81484E+02   0.36568E-05
   0.81572E+02   0.50962E-05
   0.81627E+02   0.54872E-12
   0.81792E+02   0.14522E-06
   0.81849E+02   0.20127E-04
   0.81902E+02   0.19540E-06
   0.81938E+02   0.10746E-04
   0.81962E+02   0.28548E-02
   0.81990E+02   0.38202E-03
   0.82029E+02   0.16478E-05
   0.82057E+02   0.17072E-11
   0.82080E+02   0.51915E-05
   0.82108E+02   0.44474E-05
   0.82120E+02   0.13198E-04
   0.82156E+02   0.29552E-03
   0.82230E+02   0.13503E-04
   0.82250E+02   0.68515E-05
   0.82357E+02   0.21016E-07
   0.82385E+02   0.12106E-05
   0.82432E+02   0.19365E-05
   0.82460E+02   0.22503E-06
   0.82497E+02   0.74941E-07
   0.82504E+02   0.21036E-13
   0.82513E+02   0.30569E-07
   0.82531E+02   0.42805E-05
   0.82592E+02   0.16607E-06
   0.82605E+02   0.49206E-05
   0.82741E+02   0.16755E-07
   0.82842E+02   0.99707E-06
   0.82876E+02   0.23150E-03
   0.82958E+02   0.40762E-04
   0.83002E+02   0.12033E-06
   0.83036E+02   0.41334E-07
   0.83110E+02   0.23824E-05
   0.83282E+02   0.32222E-05
   0.83288E+02   0.24316E-05
   0.83338E+02   0.39926E-05
   0.83357E+02   0.55488E-09
   0.83399E+02   0.45559E-07
   0.83418E+02   0.79906E-05
   0.83446E+02   0.50786E-05
   0.83478E+02   0.21846E-04
   0.83493E+02   0.95831E-08
   0.83524E+02   0.13588E-06
   0.83569E+02   0.92583E-05
   0.83597E+02   0.38700E-04
   0.83704E+02   0.85722E-05
   0.83780E+02   0.14947E-05
   0.83848E+02   0.10118E-07
   0.83860E+02   0.25326E-05
   0.83893E+02   0.47251E-07
   0.83915E+02   0.10011E-04
   0.83927E+02   0.39255E-06
   0.83963E+02   0.87967E-05
   0.83967E+02   0.20661E-05
   0.83973E+02   0.24446E-05
   0.83992E+02   0.20719E-05
   0.84030E+02   0.78991E-08
   0.84053E+02   0.14796E-05
   0.84067E+02   0.37431E-05
   0.84096E+02   0.43510E-05
   0.84111E+02   0.19142E-06
   0.84142E+02   0.31127E-06
   0.84166E+02   0.20513E-05
   0.84177E+02   0.52635E-07
   0.84185E+02   0.55895E-07
   0.84232E+02   0.22304E-07
   0.84274E+02   0.65388E-05
   0.84298E+02   0.17754E-04
   0.84319E+02   0.51462E-05
   0.84326E+02   0.16480E-05
   0.84344E+02   0.30894E-04
   0.84374E+02   0.42023E-06
   0.84410E+02   0.20294E-03
   0.84465E+02   0.23044E-05
   0.84499E+02   0.77667E-04
   0.84520E+02   0.77402E-05
   0.84531E+02   0.12566E-05
   0.84567E+02   0.10812E-04
   0.84572E+02   0.33409E-04
   0.84586E+02   0.51661E-05
   0.84589E+02   0.10638E-04
   0.84609E+02   0.52247E-05
   0.84646E+02   0.17578E-05
   0.84670E+02   0.14227E-05
   0.84724E+02   0.13866E-04
   0.84764E+02   0.14123E-04
   0.84803E+02   0.61128E-07
   0.84823E+02   0.35661E-06
   0.84880E+02   0.28951E-05
   0.84948E+02   0.66022E-13
   0.84952E+02   0.18739E-04
   0.85045E+02   0.10194E-06
   0.85077E+02   0.18861E-07
   0.85128E+02   0.15905E-06
   0.85173E+02   0.37832E-12
   0.85199E+02   0.35181E-04
   0.85241E+02   0.51703E-06
   0.85293E+02   0.74082E-04
   0.85360E+02   0.18023E-06
   0.85553E+02   0.24572E-06
   0.85657E+02   0.12252E-13
   0.85733E+02   0.25024E-06
   0.85765E+02   0.19070E-04
   0.85775E+02   0.13137E-05
   0.85822E+02   0.19025E-06
   0.85825E+02   0.35277E-10
   0.85851E+02   0.20034E-07
   0.85890E+02   0.28971E-13
   0.86013E+02   0.79921E-14
   0.86203E+02   0.18522E-05
   0.86216E+02   0.32220E-12
   0.86249E+02   0.28723E-05
   0.86251E+02   0.94355E-04
   0.86261E+02   0.24762E-05
   0.86301E+02   0.87545E-06
   0.86461E+02   0.27566E-06
   0.86494E+02   0.56414E-06
   0.86497E+02   0.12360E-07
   0.86533E+02   0.21763E-06
   0.86585E+02   0.20615E-15
   0.86593E+02   0.32029E-08
   0.86668E+02   0.67969E-06
   0.86741E+02   0.76264E-07
   0.86808E+02   0.55325E-06
   0.86846E+02   0.15451E-12
   0.86850E+02   0.42203E-05
   0.86893E+02   0.13279E-05
   0.86956E+02   0.89075E-05
   0.87140E+02   0.14144E-04
   0.87198E+02   0.26258E-06
   0.87246E+02   0.36285E-06
   0.87269E+02   0.13094E-03
   0.87328E+02   0.12405E-13
   0.87432E+02   0.11372E-04
   0.87482E+02   0.79783E-05
   0.87498E+02   0.11803E-04
   0.87549E+02   0.65830E-06
   0.87685E+02   0.11563E-15
   0.87797E+02   0.15157E-05
   0.87865E+02   0.17681E-06
   0.87903E+02   0.61948E-05
   0.87944E+02   0.13406E-05
   0.87965E+02   0.25371E-05
   0.88010E+02   0.43993E-06
   0.88063E+02   0.30169E-04
   0.88072E+02   0.32648E-06
   0.88091E+02   0.35565E-06
   0.88141E+02   0.37593E-05
   0.88240E+02   0.69266E-06
   0.88269E+02   0.18201E-04
   0.88384E+02   0.70858E-04
   0.88440E+02   0.10208E-04
   0.88598E+02   0.10358E-04
   0.88711E+02   0.46207E-07
   0.88731E+02   0.77869E-05
   0.88888E+02   0.64130E-04
   0.88977E+02   0.39493E-05
   0.89011E+02   0.48851E-04
   0.89051E+02   0.22619E-05
   0.89107E+02   0.20491E-03
   0.89182E+02   0.60016E-07
   0.89285E+02   0.16504E-03
   0.89332E+02   0.10224E-05
   0.89512E+02   0.61411E-03
   0.89530E+02   0.55698E-04
   0.89554E+02   0.41136E-03
   0.89656E+02   0.12385E-03
   0.89737E+02   0.11515E-03
   0.89753E+02   0.28272E-04
   0.89879E+02   0.16031E-13
   0.89927E+02   0.19628E-05
   0.89951E+02   0.10090E-04
   0.89998E+02   0.51342E-05
   0.90076E+02   0.83354E-04
   0.90083E+02   0.66886E-04
   0.90118E+02   0.20108E-05
   0.90131E+02   0.34944E-04
   0.90158E+02   0.15355E-02
   0.90226E+02   0.26205E-02
   0.90256E+02   0.45032E-03
   0.90300E+02   0.58444E-04
   0.90308E+02   0.40870E-03
   0.90341E+02   0.16627E-04
   0.90400E+02   0.37711E-06
   0.90418E+02   0.14464E-05
   0.90446E+02   0.12560E-06
   0.90495E+02   0.33172E-06
   0.90628E+02   0.30832E-04
   0.90710E+02   0.14498E-05
   0.90722E+02   0.66820E-14
   0.90767E+02   0.56068E-05
   0.90806E+02   0.17039E-05
   0.90817E+02   0.13174E-05
   0.90870E+02   0.56563E-06
   0.90925E+02   0.15064E-03
   0.91036E+02   0.49431E-05
   0.91060E+02   0.26534E-04
   0.91063E+02   0.37132E-10
   0.91133E+02   0.52926E-06
   0.91360E+02   0.73687E-06
   0.91604E+02   0.30746E-09
   0.91635E+02   0.53780E-06
   0.91793E+02   0.62581E-06
   0.91825E+02   0.94862E-13
   0.91927E+02   0.10053E-04
   0.92068E+02   0.46882E-05
   0.92167E+02   0.16270E-12
   0.92214E+02   0.76236E-06
   0.92227E+02   0.19508E-05
   0.92295E+02   0.51192E-06
   0.92354E+02   0.83549E-06
   0.92374E+02   0.45261E-09
   0.92386E+02   0.29083E-05
   0.92416E+02   0.18871E-04
   0.92436E+02   0.17710E-05
   0.92441E+02   0.12908E-05
   0.92451E+02   0.66546E-05
   0.92476E+02   0.16240E-04
   0.92505E+02   0.14306E-07
   0.92528E+02   0.18713E-05
   0.92575E+02   0.81392E-07
   0.92630E+02   0.66287E-06
   0.92642E+02   0.15430E-04
   0.92644E+02   0.63594E-06
   0.92785E+02   0.60830E-07
   0.92836E+02   0.12608E-05
   0.92877E+02   0.48096E-06
   0.92933E+02   0.26781E-05
   0.93019E+02   0.20892E-05
   0.93051E+02   0.21850E-06
   0.93100E+02   0.30992E-06
   0.93137E+02   0.21791E-06
   0.93151E+02   0.15076E-06
   0.93157E+02   0.76389E-07
   0.93216E+02   0.18521E-04
   0.93249E+02   0.17256E-04
   0.93377E+02   0.65839E-06
   0.93444E+02   0.21964E-05
   0.93456E+02   0.52156E-05
   0.93551E+02   0.10766E-04
   0.93571E+02   0.22467E-09
   0.93689E+02   0.16286E-05
   0.93733E+02   0.13554E-06
   0.93738E+02   0.78333E-10
   0.93858E+02   0.13839E-05
   0.93870E+02   0.67272E-13
   0.93981E+02   0.61424E-07
   0.94005E+02   0.95413E-04
   0.94011E+02   0.46227E-03
   0.94020E+02   0.10850E-03
   0.94060E+02   0.17803E-07
   0.94126E+02   0.11776E-05
   0.94151E+02   0.15354E-06
   0.94228E+02   0.10664E-08
   0.94230E+02   0.16995E-05
   0.94256E+02   0.38419E-05
   0.94298E+02   0.14099E-11
   0.94298E+02   0.14033E-06
   0.94320E+02   0.10099E-05
   0.94358E+02   0.20740E-04
   0.94409E+02   0.63501E-05
   0.94430E+02   0.98135E-05
   0.94464E+02   0.59008E-05
   0.94466E+02   0.11821E-06
   0.94482E+02   0.12367E-05
   0.94571E+02   0.58824E-05
   0.94639E+02   0.23801E-04
   0.94657E+02   0.83247E-04
   0.94675E+02   0.27845E-12
   0.94696E+02   0.12165E-05
   0.94718E+02   0.15247E-05
   0.94726E+02   0.24502E-06
   0.94767E+02   0.19938E-04
   0.94845E+02   0.13900E-06
   0.94902E+02   0.15752E-04
   0.94919E+02   0.52488E-05
   0.94940E+02   0.93074E-06
   0.94999E+02   0.12743E-05
   0.95095E+02   0.41317E-07
   0.95155E+02   0.42398E-05
   0.95170E+02   0.57757E-07
   0.95172E+02   0.14183E-06
   0.95224E+02   0.76913E-05
   0.95258E+02   0.49280E-07
   0.95293E+02   0.51781E-06
   0.95310E+02   0.85440E-06
   0.95331E+02   0.56949E-05
   0.95351E+02   0.57987E-06
   0.95388E+02   0.84402E-07
   0.95430E+02   0.16361E-08
   0.95448E+02   0.15909E-06
   0.95469E+02   0.56487E-04
   0.95487E+02   0.23821E-03
   0.95499E+02   0.10846E-04
   0.95533E+02   0.16916E-05
   0.95586E+02   0.26296E-04
   0.95634E+02   0.91399E-04
   0.95666E+02   0.12928E-04
   0.95684E+02   0.14355E-05
   0.95711E+02   0.11510E-06
   0.95715E+02   0.55009E-07
   0.95790E+02   0.37774E-05
   0.95851E+02   0.29676E-04
   0.95920E+02   0.51126E-05
   0.96010E+02   0.31970E-07
   0.96043E+02   0.24692E-09
   0.96127E+02   0.54655E-08
   0.96138E+02   0.35525E-05
   0.96267E+02   0.72944E-05
   0.96323E+02   0.11072E-03
   0.96405E+02   0.67368E-04
   0.96443E+02   0.67397E-05
   0.96461E+02   0.45485E-05
   0.96512E+02   0.18607E-07
   0.96515E+02   0.41189E-08
   0.96528E+02   0.25012E-04
   0.96571E+02   0.10392E-06
   0.96582E+02   0.12587E-06
   0.96598E+02   0.88188E-08
   0.96703E+02   0.54772E-09
   0.96715E+02   0.92143E-08
   0.96886E+02   0.16584E-06
   0.96927E+02   0.43753E-06
   0.96939E+02   0.30801E-06
   0.97013E+02   0.36240E-06
   0.97058E+02   0.15846E-04
   0.97059E+02   0.22839E-05
   0.97068E+02   0.40473E-05
   0.97083E+02   0.91461E-07
   0.97101E+02   0.10773E-05
   0.97157E+02   0.64179E-09
   0.97185E+02   0.89973E-07
   0.97237E+02   0.10291E-07
   0.97252E+02   0.26580E-06
   0.97283E+02   0.10191E-08
   0.97401E+02   0.70622E-06
   0.97435E+02   0.26272E-05
   0.97521E+02   0.22483E-05
   0.97561E+02   0.25002E-06
   0.97644E+02   0.61448E-04
   0.97651E+02   0.27255E-12
   0.97696E+02   0.93538E-06
   0.97716E+02   0.68235E-06
   0.97766E+02   0.41558E-05
   0.97772E+02   0.46241E-07
   0.97832E+02   0.15414E-05
   0.97908E+02   0.32139E-06
   0.97996E+02   0.20754E-07
   0.98114E+02   0.39154E-06
   0.98136E+02   0.18426E-05
   0.98152E+02   0.20418E-07
   0.98165E+02   0.35258E-07
   0.98237E+02   0.50018E-06
   0.98248E+02   0.17076E-06
   0.98301E+02   0.57734E-06
   0.98345E+02   0.14441E-04
   0.98347E+02   0.10450E-11
   0.98415E+02   0.32122E-08
   0.98447E+02   0.48447E-08
   0.98455E+02   0.25600E-15
   0.98483E+02   0.64954E-09
   0.98497E+02   0.38473E-05
   0.98509E+02   0.12096E-07
   0.98531E+02   0.19890E-07
   0.98627E+02   0.43297E-07
   0.98648E+02   0.21539E-05
   0.98655E+02   0.19783E-06
   0.98659E+02   0.28266E-06
   0.98706E+02   0.16693E-05
   0.98713E+02   0.81112E-05
   0.98728E+02   0.85826E-06
   0.98761E+02   0.16393E-05
   0.98770E+02   0.81629E-07
   0.98787E+02   0.59049E-13
   0.98846E+02   0.63937E-06
   0.98874E+02   0.35757E-04
   0.98885E+02   0.32853E-06
   0.98925E+02   0.45334E-06
   0.99026E+02   0.12006E-04
   0.99028E+02   0.59603E-12
   0.99049E+02   0.24467E-06
   0.99104E+02   0.63248E-05
   0.99206E+02   0.20555E-07
   0.99269E+02   0.14888E-06
   0.99323E+02   0.88244E-07
   0.99359E+02   0.11466E-05
   0.99421E+02   0.24313E-05
   0.99468E+02   0.10689E-06
   0.99605E+02   0.93913E-05
   0.99626E+02   0.18253E-06
   0.99641E+02   0.17762E-05
   0.99665E+02   0.11354E-13
   0.99727E+02   0.38983E-06
   0.99764E+02   0.62298E-05
   0.99802E+02   0.18140E-06
   0.99840E+02   0.13502E-12
   0.99868E+02   0.21662E-05
   0.99889E+02   0.51703E-06
   0.99959E+02   0.32493E-05
   0.10009E+03   0.22019E-06
   0.10010E+03   0.34950E-07
   0.10011E+03   0.38124E-05
   0.10037E+03   0.43907E-15
   0.10044E+03   0.27799E-04
   0.10050E+03   0.20128E-05
   0.10053E+03   0.21778E-14
   0.10054E+03   0.27931E-05
   0.10061E+03   0.87681E-05
   0.10073E+03   0.19145E-03
   0.10077E+03   0.43007E-04
   0.10081E+03   0.15579E-04
   0.10091E+03   0.11308E-05
   0.10095E+03   0.59651E-06
   0.10098E+03   0.95736E-09
   0.10100E+03   0.16082E-04
   0.10102E+03   0.48343E-08
   0.10106E+03   0.57476E-05
   0.10109E+03   0.11252E-04
   0.10116E+03   0.70064E-05
   0.10120E+03   0.29024E-07
   0.10122E+03   0.78870E-08
   0.10139E+03   0.49717E-07
   0.10145E+03   0.28769E-04
   0.10148E+03   0.41757E-07
   0.10152E+03   0.35618E-08
   0.10153E+03   0.47056E-09
   0.10155E+03   0.70708E-08
   0.10157E+03   0.38062E-07
   0.10158E+03   0.34827E-06
   0.10169E+03   0.31020E-14
   0.10176E+03   0.16475E-04
   0.10184E+03   0.25598E-05
   0.10188E+03   0.72790E-07
   0.10191E+03   0.85482E-14
   0.10193E+03   0.79351E-05
   0.10197E+03   0.17643E-05
   0.10199E+03   0.12060E-06
   0.10204E+03   0.11354E-05
   0.10205E+03   0.12478E-05
   0.10208E+03   0.23237E-05
   0.10220E+03   0.35682E-05
   0.10221E+03   0.17797E-05
   0.10227E+03   0.54030E-07
   0.10232E+03   0.26699E-05
   0.10240E+03   0.13058E-04
   0.10241E+03   0.26112E-08
   0.10249E+03   0.17644E-05
   0.10257E+03   0.39521E-05
   0.10260E+03   0.36278E-04
   0.10267E+03   0.43524E-11
   0.10273E+03   0.35896E-04
   0.10280E+03   0.90439E-06
   0.10280E+03   0.18609E-06
   0.10281E+03   0.18309E-07
   0.10289E+03   0.81181E-06
   0.10292E+03   0.20109E-06
   0.10300E+03   0.22971E-04
   0.10304E+03   0.49344E-08
   0.10309E+03   0.10289E-03
   0.10312E+03   0.24451E-07
   0.10316E+03   0.98225E-09
   0.10319E+03   0.12449E-06
   0.10333E+03   0.66960E-05
   0.10335E+03   0.18504E-03
   0.10341E+03   0.68691E-05
   0.10342E+03   0.86043E-06
   0.10346E+03   0.19610E-04
   0.10347E+03   0.13304E-07
   0.10349E+03   0.22039E-10
   0.10351E+03   0.16015E-07
   0.10361E+03   0.11330E-03
   0.10367E+03   0.65129E-05
   0.10370E+03   0.48101E-03
   0.10374E+03   0.70593E-04
   0.10375E+03   0.28471E-09
   0.10375E+03   0.10565E-02
   0.10375E+03   0.30474E-03
   0.10378E+03   0.10438E-03
   0.10380E+03   0.63725E-05
   0.10383E+03   0.17126E-03
   0.10386E+03   0.22315E-04
   0.10391E+03   0.35129E-03
   0.10392E+03   0.10394E-03
   0.10397E+03   0.25287E-03
   0.10406E+03   0.48847E-06
   0.10410E+03   0.22122E-08
   0.10410E+03   0.43251E-05
   0.10421E+03   0.23238E-03
   0.10425E+03   0.11300E-05
   0.10432E+03   0.49639E-05
   0.10445E+03   0.27046E-05
   0.10448E+03   0.34934E-05
   0.10451E+03   0.37164E-05
   0.10457E+03   0.29285E-06
   0.10458E+03   0.12361E-13
   0.10463E+03   0.21719E-08
   0.10468E+03   0.22942E-07
   0.10470E+03   0.15185E-07
   0.10472E+03   0.45793E-07
   0.10484E+03   0.12592E-14
   0.10496E+03   0.30964E-06
   0.10500E+03   0.51008E-06
   0.10503E+03   0.15904E-06
   0.10507E+03   0.24728E-06
   0.10515E+03   0.23560E-05
   0.10517E+03   0.15613E-14
   0.10520E+03   0.11324E-04
   0.10527E+03   0.74271E-04
   0.10543E+03   0.92926E-05
   0.10547E+03   0.86337E-06
   0.10550E+03   0.90405E-14
   0.10557E+03   0.33256E-06
   0.10559E+03   0.12676E-05
   0.10573E+03   0.49856E-06
   0.10576E+03   0.13155E-08
   0.10582E+03   0.42699E-08
   0.10585E+03   0.80154E-07
   0.10585E+03   0.33218E-09
   0.10588E+03   0.93660E-09
   0.10595E+03   0.90823E-06
   0.10602E+03   0.52194E-08
   0.10615E+03   0.99842E-06
   0.10621E+03   0.39351E-07
   0.10623E+03   0.25398E-04
   0.10627E+03   0.60853E-06
   0.10631E+03   0.11922E-06
   0.10640E+03   0.20427E-07
   0.10647E+03   0.40146E-07
   0.10650E+03   0.39986E-08
   0.10652E+03   0.38696E-05
   0.10653E+03   0.12987E-05
   0.10655E+03   0.21350E-07
   0.10656E+03   0.37180E-06
   0.10657E+03   0.13886E-05
   0.10659E+03   0.15735E-07
   0.10662E+03   0.39177E-08
   0.10676E+03   0.23549E-08
   0.10690E+03   0.57025E-06
   0.10698E+03   0.45888E-06
   0.10699E+03   0.53014E-04
   0.10701E+03   0.51813E-07
   0.10706E+03   0.44605E-04
   0.10707E+03   0.11617E-04
   0.10708E+03   0.34790E-05
   0.10713E+03   0.45337E-11
   0.10716E+03   0.99610E-04
   0.10720E+03   0.58873E-05
   0.10721E+03   0.20129E-14
   0.10723E+03   0.32967E-05
   0.10724E+03   0.11058E-05
   0.10729E+03   0.63162E-06
   0.10733E+03   0.20662E-05
   0.10737E+03   0.18869E-06
   0.10740E+03   0.15816E-06
   0.10743E+03   0.70137E-06
   0.10747E+03   0.43356E-05
   0.10750E+03   0.18077E-05
   0.10750E+03   0.45604E-05
   0.10754E+03   0.13059E-06
   0.10756E+03   0.33126E-06
   0.10760E+03   0.11320E-08
   0.10763E+03   0.21115E-13
   0.10765E+03   0.76654E-06
   0.10767E+03   0.20661E-06
   0.10769E+03   0.11194E-04
   0.10774E+03   0.13210E-06
   0.10775E+03   0.56580E-05
   0.10778E+03   0.10701E-04
   0.10779E+03   0.31689E-07
   0.10783E+03   0.65345E-08
   0.10785E+03   0.17299E-04
   0.10786E+03   0.38296E-06
   0.10789E+03   0.27221E-05
   0.10795E+03   0.10539E-06
   0.10796E+03   0.11526E-13
   0.10797E+03   0.13918E-06
   0.10799E+03   0.35529E-06
   0.10799E+03   0.35118E-05
   0.10800E+03   0.59181E-06
   0.10802E+03   0.75060E-05
   0.10806E+03   0.15424E-06
   0.10814E+03   0.95854E-08
   0.10816E+03   0.15686E-06
   0.10820E+03   0.44949E-08
   0.10821E+03   0.27391E-07
   0.10822E+03   0.16625E-08
   0.10825E+03   0.92581E-09
   0.10828E+03   0.28532E-05
   0.10830E+03   0.74744E-08
   0.10834E+03   0.16720E-05
   0.10835E+03   0.15334E-06
   0.10837E+03   0.97721E-08
   0.10838E+03   0.64794E-06
   0.10838E+03   0.15177E-06
   0.10845E+03   0.73943E-06
   0.10846E+03   0.46374E-06
   0.10848E+03   0.14105E-06
   0.10849E+03   0.66683E-06
   0.10850E+03   0.13491E-06
   0.10851E+03   0.65421E-07
   0.10853E+03   0.37233E-06
   0.10854E+03   0.48188E-06
   0.10859E+03   0.14534E-07
   0.10868E+03   0.41136E-06
   0.10892E+03   0.10793E-07
   0.10894E+03   0.41921E-06
   0.10906E+03   0.12763E-05
   0.10911E+03   0.21249E-04
   0.10924E+03   0.19272E-07
   0.10932E+03   0.15211E-07
   0.10933E+03   0.46859E-09
   0.10933E+03   0.27915E-05
   0.10940E+03   0.13633E-05
   0.10942E+03   0.35154E-05
   0.10947E+03   0.36460E-05
   0.10949E+03   0.23968E-04
   0.10950E+03   0.13192E-05
   0.10958E+03   0.84882E-06
   0.10964E+03   0.34574E-06
   0.10973E+03   0.73491E-06
   0.10988E+03   0.52756E-07
   0.10991E+03   0.39515E-08
   0.10998E+03   0.14318E-07
   0.11000E+03   0.89391E-06
   0.11001E+03   0.47437E-06
   0.11006E+03   0.41550E-05
   0.11010E+03   0.76874E-07
   0.11012E+03   0.67151E-08
   0.11015E+03   0.20968E-06
   0.11020E+03   0.53216E-07
   0.11023E+03   0.12093E-04
   0.11024E+03   0.97766E-07
   0.11026E+03   0.25183E-04
   0.11028E+03   0.31146E-06
   0.11031E+03   0.18719E-06
   0.11032E+03   0.99515E-06
   0.11036E+03   0.68275E-06
   0.11040E+03   0.38196E-08
   0.11045E+03   0.53320E-09
   0.11046E+03   0.12263E-12
   0.11054E+03   0.46162E-07
   0.11068E+03   0.17212E-06
   0.11074E+03   0.48865E-07
   0.11077E+03   0.16176E-07
   0.11084E+03   0.19792E-08
   0.11089E+03   0.49972E-07
   0.11093E+03   0.15337E-06
   0.11095E+03   0.60742E-06
   0.11098E+03   0.16344E-06
   0.11102E+03   0.27135E-05
   0.11107E+03   0.22416E-05
   0.11111E+03   0.78289E-06
   0.11118E+03   0.40196E-05
   0.11122E+03   0.21199E-05
   0.11126E+03   0.48530E-16
   0.11129E+03   0.12365E-06
   0.11138E+03   0.52461E-06
   0.11142E+03   0.44980E-07
   0.11156E+03   0.17322E-06
   0.11161E+03   0.13274E-07
   0.11163E+03   0.10262E-06
   0.11174E+03   0.33434E-07
   0.11180E+03   0.22134E-08
   0.11184E+03   0.10858E-05
   0.11193E+03   0.13897E-05
   0.11198E+03   0.27990E-05
   0.11201E+03   0.47138E-07
   0.11203E+03   0.15762E-05
   0.11213E+03   0.10227E-04
   0.11224E+03   0.25859E-06
   0.11227E+03   0.68277E-05
   0.11233E+03   0.22878E-05
   0.11234E+03   0.76802E-04
   0.11237E+03   0.35577E-07
   0.11248E+03   0.35621E-06
   0.11248E+03   0.33440E-04
   0.11267E+03   0.50945E-04
   0.11271E+03   0.60809E-07
   0.11273E+03   0.49217E-06
   0.11280E+03   0.60978E-05
   0.11291E+03   0.85202E-04
   0.11295E+03   0.26831E-06
   0.11299E+03   0.66044E-06
   0.11304E+03   0.35615E-06
   0.11320E+03   0.22891E-05
   0.11328E+03   0.30444E-10
   0.11330E+03   0.19470E-06
   0.11341E+03   0.87562E-13
   0.11360E+03   0.44336E-07
   0.11367E+03   0.15545E-06
   0.11378E+03   0.25154E-05
   0.11388E+03   0.34728E-06
   0.11397E+03   0.53818E-08
   0.11400E+03   0.19774E-05
   0.11402E+03   0.14590E-05
   0.11409E+03   0.23718E-04
   0.11420E+03   0.35025E-06
   0.11422E+03   0.19571E-06
   0.11423E+03   0.14757E-06
   0.11436E+03   0.63165E-06
   0.11437E+03   0.11837E-06
   0.11440E+03   0.79590E-06
   0.11449E+03   0.39452E-06
   0.11452E+03   0.17360E-06
   0.11462E+03   0.12994E-06
   0.11465E+03   0.22519E-06
   0.11466E+03   0.57694E-07
   0.11485E+03   0.50255E-07
   0.11487E+03   0.93044E-08
   0.11488E+03   0.65552E-08
   0.11490E+03   0.58688E-15
   0.11494E+03   0.74063E-06
   0.11496E+03   0.66462E-05
   0.11496E+03   0.23213E-05
   0.11501E+03   0.26325E-06
   0.11505E+03   0.25664E-05
   0.11508E+03   0.10918E-03
   0.11521E+03   0.26434E-07
   0.11528E+03   0.62012E-08
   0.11542E+03   0.59484E-06
   0.11555E+03   0.53126E-05
   0.11577E+03   0.30409E-05
   0.11583E+03   0.22567E-04
   0.11585E+03   0.14460E-05
   0.11600E+03   0.38068E-05
   0.11611E+03   0.38027E-05
   0.11613E+03   0.18245E-06
   0.11615E+03   0.13358E-05
   0.11640E+03   0.19774E-06
   0.11646E+03   0.10989E-06
   0.11671E+03   0.13669E-05
   0.11676E+03   0.15339E-07
   0.11681E+03   0.32314E-05
   0.11688E+03   0.10316E-05
   0.11690E+03   0.41747E-05
   0.11701E+03   0.44476E-05
   0.11701E+03   0.81447E-06
   0.11702E+03   0.21081E-06
   0.11703E+03   0.47007E-08
   0.11716E+03   0.12004E-04
   0.11722E+03   0.12478E-05
   0.11727E+03   0.24097E-05
   0.11735E+03   0.51483E-06
   0.11736E+03   0.18012E-05
   0.11740E+03   0.33543E-06
   0.11742E+03   0.45197E-05
   0.11746E+03   0.50608E-05
   0.11763E+03   0.53345E-07
   0.11769E+03   0.10162E-05
   0.11770E+03   0.50110E-06
   0.11771E+03   0.16984E-06
   0.11774E+03   0.60330E-05
   0.11781E+03   0.44084E-06
   0.11781E+03   0.39275E-06
   0.11784E+03   0.72374E-07
   0.11792E+03   0.16151E-07
   0.11798E+03   0.44319E-07
   0.11800E+03   0.14086E-06
   0.11802E+03   0.15716E-06
   0.11809E+03   0.11655E-08
   0.11813E+03   0.12764E-07
   0.11824E+03   0.71921E-06
   0.11824E+03   0.50810E-06
   0.11837E+03   0.30033E-08
   0.11843E+03   0.64964E-06
   0.11859E+03   0.13949E-06
   0.11863E+03   0.78560E-07
   0.11867E+03   0.33673E-08
   0.11882E+03   0.18761E-05
   0.11882E+03   0.51065E-06
   0.11886E+03   0.16302E-06
   0.11890E+03   0.73720E-06
   0.11922E+03   0.80086E-06
   0.11925E+03   0.19215E-06
   0.11931E+03   0.30614E-05
   0.11932E+03   0.54769E-06
   0.11939E+03   0.10046E-05
   0.11947E+03   0.24560E-06
   0.11957E+03   0.36060E-06
   0.11958E+03   0.19849E-14
   0.11961E+03   0.70150E-07
   0.11961E+03   0.19331E-06
   0.11971E+03   0.10555E-06
   0.11978E+03   0.45655E-07
   0.11992E+03   0.44953E-13
   0.11992E+03   0.39155E-06
   0.12008E+03   0.44466E-06
   0.12017E+03   0.16732E-06
   0.12023E+03   0.55842E-06
   0.12028E+03   0.27639E-04
   0.12034E+03   0.42066E-06
   0.12036E+03   0.18897E-08
   0.12038E+03   0.55641E-08
   0.12050E+03   0.18344E-06
   0.12055E+03   0.14899E-06
   0.12061E+03   0.21736E-04
   0.12075E+03   0.82595E-07
   0.12077E+03   0.11569E-06
   0.12085E+03   0.10406E-06
   0.12093E+03   0.20820E-05
   0.12095E+03   0.35095E-06
   0.12098E+03   0.71834E-07
   0.12102E+03   0.78318E-06
   0.12111E+03   0.25441E-05
   0.12112E+03   0.39498E-05
   0.12114E+03   0.95373E-08
   0.12115E+03   0.63338E-06
   0.12119E+03   0.23625E-05
   0.12122E+03   0.68504E-06
   0.12130E+03   0.43445E-06
   0.12136E+03   0.18013E-08
   0.12140E+03   0.66297E-06
   0.12142E+03   0.65758E-07
   0.12147E+03   0.25352E-07
   0.12149E+03   0.60898E-07
   0.12155E+03   0.18905E-05
   0.12163E+03   0.26161E-13
   0.12165E+03   0.22487E-06
   0.12168E+03   0.50653E-05
   0.12170E+03   0.43193E-07
   0.12175E+03   0.20347E-07
   0.12179E+03   0.52913E-09
   0.12185E+03   0.37162E-06
   0.12190E+03   0.10073E-04
   0.12196E+03   0.98053E-05
   0.12196E+03   0.65576E-06
   0.12202E+03   0.43120E-05
   0.12204E+03   0.10066E-12
   0.12204E+03   0.47978E-05
   0.12210E+03   0.46913E-05
   0.12223E+03   0.11932E-05
   0.12230E+03   0.17407E-13
   0.12231E+03   0.69791E-06
   0.12234E+03   0.87937E-06
   0.12239E+03   0.10894E-05
   0.12242E+03   0.28499E-05
   0.12244E+03   0.10332E-05
   0.12248E+03   0.10086E-04
   0.12255E+03   0.10818E-04
   0.12268E+03   0.37550E-06
   0.12284E+03   0.47209E-06
   0.12285E+03   0.33128E-06
   0.12291E+03   0.92701E-07
   0.12299E+03   0.37095E-05
   0.12304E+03   0.13880E-04
   0.12308E+03   0.20578E-05
   0.12314E+03   0.13359E-06
   0.12318E+03   0.26511E-05
   0.12324E+03   0.12550E-06
   0.12330E+03   0.13022E-04
   0.12332E+03   0.35620E-04
   0.12351E+03   0.25872E-06
   0.12354E+03   0.35837E-05
   0.12359E+03   0.17031E-04
   0.12367E+03   0.36724E-07
   0.12368E+03   0.49404E-09
   0.12370E+03   0.57001E-07
   0.12376E+03   0.89938E-08
   0.12378E+03   0.32273E-07
   0.12386E+03   0.12311E-06
   0.12392E+03   0.10062E-06
   0.12406E+03   0.84636E-06
   0.12412E+03   0.90024E-07
   0.12425E+03   0.92944E-07
   0.12427E+03   0.22063E-13
   0.12428E+03   0.13861E-05
   0.12439E+03   0.12068E-05
   0.12440E+03   0.27636E-05
   0.12451E+03   0.10132E-07
   0.12459E+03   0.13033E-06
   0.12465E+03   0.12627E-07
   0.12481E+03   0.39784E-07
   0.12490E+03   0.39306E-05
   0.12494E+03   0.56972E-07
   0.12501E+03   0.42828E-05
   0.12511E+03   0.11144E-15
   0.12525E+03   0.72143E-08
   0.12532E+03   0.73123E-04
   0.12533E+03   0.10408E-07
   0.12538E+03   0.16387E-06
   0.12548E+03   0.52392E-05
   0.12558E+03   0.17797E-05
   0.12561E+03   0.38117E-06
   0.12570E+03   0.41211E-07
   0.12576E+03   0.30559E-06
   0.12579E+03   0.10741E-08
   0.12583E+03   0.71801E-08
   0.12585E+03   0.21318E-07
   0.12596E+03   0.20856E-07
   0.12614E+03   0.11604E-06
   0.12616E+03   0.34604E-04
   0.12640E+03   0.10226E-06
   0.12643E+03   0.13368E-06
   0.12654E+03   0.10087E-04
   0.12668E+03   0.96420E-10
   0.12675E+03   0.48021E-05
   0.12688E+03   0.16818E-04
   0.12692E+03   0.11683E-05
   0.12704E+03   0.28070E-06
   0.12727E+03   0.81512E-07
   0.12733E+03   0.15585E-06
   0.12737E+03   0.25547E-07
   0.12740E+03   0.80015E-07
   0.12746E+03   0.63424E-07
   0.12756E+03   0.23445E-07
   0.12757E+03   0.26623E-06
   0.12764E+03   0.15985E-07
   0.12778E+03   0.68389E-06
   0.12779E+03   0.25991E-06
   0.12786E+03   0.34412E-06
   0.12787E+03   0.65889E-08
   0.12797E+03   0.16102E-06
   0.12804E+03   0.57943E-07
   0.12809E+03   0.16501E-05
   0.12820E+03   0.15852E-04
   0.12824E+03   0.45624E-06
   0.12825E+03   0.94350E-08
   0.12829E+03   0.29177E-06
   0.12833E+03   0.42352E-05
   0.12836E+03   0.87025E-07
   0.12851E+03   0.50089E-06
   0.12857E+03   0.27509E-06
   0.12857E+03   0.11061E-05
   0.12862E+03   0.19851E-08
   0.12870E+03   0.42225E-07
   0.12880E+03   0.49657E-06
   0.12881E+03   0.11671E-04
   0.12887E+03   0.13778E-07
   0.12899E+03   0.12513E-07
   0.12902E+03   0.17071E-07
   0.12912E+03   0.24316E-06
   0.12918E+03   0.75408E-07
   0.12930E+03   0.12848E-07
   0.12937E+03   0.18779E-07
   0.12947E+03   0.89602E-09
   0.12980E+03   0.83313E-07
   0.12984E+03   0.59880E-06
   0.12993E+03   0.50253E-05
   0.12995E+03   0.49318E-07
   0.13023E+03   0.77706E-05
   0.13026E+03   0.70328E-06
   0.13035E+03   0.29630E-08
   0.13040E+03   0.79724E-07
   0.13056E+03   0.44052E-05
   0.13058E+03   0.14338E-05
   0.13095E+03   0.37453E-07
   0.13106E+03   0.46975E-07
   0.13116E+03   0.34495E-07
   0.13124E+03   0.14617E-05
   0.13141E+03   0.10082E-06
   0.13154E+03   0.45281E-06
   0.13183E+03   0.30212E-08
   0.13192E+03   0.21383E-08
   0.13196E+03   0.67001E-07
   0.13200E+03   0.43388E-07
   0.13205E+03   0.48464E-06
   0.13212E+03   0.67370E-06
   0.13219E+03   0.58974E-07
   0.13242E+03   0.64451E-08
   0.13256E+03   0.71322E-07
   0.13264E+03   0.20916E-05
   0.13270E+03   0.88347E-07
   0.13273E+03   0.71807E-07
   0.13288E+03   0.86939E-09
   0.13293E+03   0.15614E-05
   0.13331E+03   0.12538E-06
   0.13356E+03   0.35178E-06
   0.13363E+03   0.23178E-05
   0.13368E+03   0.12341E-05
   0.13373E+03   0.42787E-07
   0.13378E+03   0.14875E-04
   0.13396E+03   0.64282E-06
   0.13403E+03   0.20168E-06
   0.13413E+03   0.86552E-08
   0.13416E+03   0.16292E-05
   0.13420E+03   0.67038E-07
   0.13441E+03   0.18701E-06
   0.13442E+03   0.25042E-07
   0.13445E+03   0.11703E-05
   0.13449E+03   0.80553E-08
   0.13460E+03   0.21123E-06
   0.13491E+03   0.18411E-06
   0.13508E+03   0.46174E-05
   0.13513E+03   0.17520E-05
   0.13518E+03   0.87779E-05
   0.13524E+03   0.48616E-05
   0.13530E+03   0.12106E-04
   0.13533E+03   0.11095E-05
   0.13543E+03   0.13201E-04
   0.13563E+03   0.64694E-06
   0.13565E+03   0.15259E-05
   0.13570E+03   0.19875E-05
   0.13595E+03   0.50269E-11
   0.13628E+03   0.42712E-06
   0.13631E+03   0.39609E-06
   0.13641E+03   0.75691E-08
   0.13662E+03   0.33547E-05
   0.13682E+03   0.21999E-05
   0.13692E+03   0.45930E-06
   0.13707E+03   0.92238E-06
   0.13709E+03   0.46359E-07
   0.13711E+03   0.73430E-06
   0.13717E+03   0.26769E-06
   0.13721E+03   0.44789E-07
   0.13750E+03   0.10605E-07
   0.13756E+03   0.89729E-08
   0.13761E+03   0.50256E-07
   0.13763E+03   0.51503E-08
   0.13765E+03   0.16542E-07
   0.13767E+03   0.32263E-09
   0.13778E+03   0.44416E-06
   0.13781E+03   0.11657E-06
   0.13785E+03   0.87491E-09
   0.13789E+03   0.97970E-08
   0.13794E+03   0.94722E-07
   0.13807E+03   0.12064E-08
   0.13817E+03   0.41113E-07
   0.13823E+03   0.11853E-05
   0.13828E+03   0.23948E-06
   0.13834E+03   0.52765E-07
   0.13841E+03   0.28828E-07
   0.13856E+03   0.10461E-05
   0.13859E+03   0.34623E-05
   0.13863E+03   0.15839E-05
   0.13881E+03   0.46927E-08
   0.13895E+03   0.62007E-08
   0.13902E+03   0.21877E-08
   0.13915E+03   0.45893E-06
   0.13930E+03   0.67312E-04
   0.13942E+03   0.90673E-08
   0.13957E+03   0.38088E-06
   0.13959E+03   0.13522E-05
   0.13960E+03   0.21070E-06
   0.14002E+03   0.94783E-09
   0.14010E+03   0.84139E-05
   0.14025E+03   0.23147E-06
   0.14045E+03   0.45269E-06
   0.14049E+03   0.12711E-05
   0.14053E+03   0.10075E-06
   0.14070E+03   0.19010E-07
   0.14078E+03   0.43432E-07
   0.14092E+03   0.25063E-07
   0.14095E+03   0.25998E-08
   0.14099E+03   0.39571E-05
   0.14103E+03   0.64209E-08
   0.14114E+03   0.18597E-05
   0.14119E+03   0.65881E-07
   0.14135E+03   0.72050E-06
   0.14141E+03   0.85206E-07
   0.14159E+03   0.19554E-05
   0.14164E+03   0.77786E-06
   0.14173E+03   0.84081E-07
   0.14176E+03   0.61424E-08
   0.14190E+03   0.29754E-07
   0.14190E+03   0.20196E-06
   0.14192E+03   0.35207E-08
   0.14213E+03   0.94641E-06
   0.14218E+03   0.51434E-07
   0.14219E+03   0.17311E-05
   0.14225E+03   0.48366E-08
   0.14241E+03   0.22536E-07
   0.14248E+03   0.31334E-08
   0.14260E+03   0.20297E-08
   0.14284E+03   0.72418E-10
   0.14326E+03   0.24137E-05
   0.14352E+03   0.60045E-09
   0.14366E+03   0.20782E-07
   0.14380E+03   0.10465E-05
   0.14411E+03   0.13224E-07
   0.14435E+03   0.24395E-09
   0.14466E+03   0.52150E-09
   0.14472E+03   0.17291E-07
   0.14499E+03   0.26747E-07
   0.14513E+03   0.70588E-07
   0.14530E+03   0.18949E-08
   0.14565E+03   0.23759E-09
   0.14571E+03   0.80030E-07
   0.14588E+03   0.94858E-08
   0.14605E+03   0.12196E-08
   0.14626E+03   0.23339E-07
   0.14629E+03   0.15434E-07
   0.14632E+03   0.25278E-07
   0.14637E+03   0.16921E-09
   0.14638E+03   0.62292E-05
   0.14658E+03   0.41733E-08
   0.14669E+03   0.11640E-08
   0.14697E+03   0.44004E-09
   0.14702E+03   0.41748E-06
   0.14703E+03   0.47254E-06
   0.14705E+03   0.16227E-06
   0.14708E+03   0.55528E-07
   0.14715E+03   0.37430E-07
   0.14726E+03   0.17777E-07
   0.14751E+03   0.15979E-08
   0.14783E+03   0.15298E-07
   0.14809E+03   0.24703E-09
   0.14816E+03   0.10198E-06
   0.14830E+03   0.12412E-07
   0.14844E+03   0.29287E-07
   0.14849E+03   0.23155E-07
   0.14861E+03   0.22104E-04
   0.14894E+03   0.44840E-09
   0.14914E+03   0.47381E-08
   0.14942E+03   0.98712E-10
   0.14961E+03   0.46762E-09
   0.14963E+03   0.68919E-08
   0.14989E+03   0.15460E-05
   0.14998E+03   0.94775E-06
   0.15010E+03   0.35661E-08
   0.15034E+03   0.66186E-06
   0.15047E+03   0.39285E-10
   0.15063E+03   0.30249E-08
   0.15073E+03   0.13213E-10
   0.15108E+03   0.85660E-06
   0.15127E+03   0.10166E-07
   0.15129E+03   0.91937E-09
   0.15159E+03   0.35715E-07
   0.15161E+03   0.52074E-07
   0.15166E+03   0.17213E-06
   0.15166E+03   0.90630E-07
   0.15172E+03   0.90976E-05
   0.15193E+03   0.83275E-09
   0.15241E+03   0.24765E-06
   0.15248E+03   0.15919E-06
   0.15252E+03   0.56252E-07
   0.15256E+03   0.21678E-08
   0.15262E+03   0.11398E-06
   0.15267E+03   0.92905E-08
   0.15268E+03   0.65197E-09
   0.15286E+03   0.67817E-07
   0.15304E+03   0.12525E-07
   0.15306E+03   0.20015E-06
   0.15308E+03   0.45307E-09
   0.15312E+03   0.18765E-06
   0.15327E+03   0.32681E-07
   0.15345E+03   0.36642E-05
   0.15356E+03   0.98670E-09
   0.15381E+03   0.33537E-06
   0.15405E+03   0.55584E-08
   0.15407E+03   0.89233E-07
   0.15421E+03   0.18719E-07
   0.15430E+03   0.29764E-07
   0.15442E+03   0.23627E-06
   0.15444E+03   0.28657E-05
   0.15446E+03   0.45257E-07
   0.15458E+03   0.30653E-08
   0.15464E+03   0.10275E-07
   0.15467E+03   0.62307E-07
   0.15469E+03   0.49586E-07
   0.15493E+03   0.10040E-07
   0.15495E+03   0.32372E-07
   0.15526E+03   0.18165E-08
   0.15528E+03   0.74327E-13
   0.15543E+03   0.14812E-08
   0.15546E+03   0.24270E-08
   0.15564E+03   0.43071E-06
   0.15566E+03   0.42225E-08
   0.15577E+03   0.25072E-09
   0.15625E+03   0.16066E-06
   0.15633E+03   0.15886E-06
   0.15640E+03   0.18876E-07
   0.15667E+03   0.58448E-08
   0.15686E+03   0.44807E-08
   0.15744E+03   0.43431E-06
   0.15762E+03   0.50927E-06
   0.15792E+03   0.34383E-08
   0.15807E+03   0.27124E-06
   0.15836E+03   0.15762E-07
   0.15859E+03   0.40256E-07
   0.15860E+03   0.16633E-07
   0.15871E+03   0.12543E-07
   0.15892E+03   0.57519E-05
   0.15903E+03   0.55739E-06
   0.15926E+03   0.26444E-06
   0.15928E+03   0.28615E-06
   0.15933E+03   0.36739E-07
   0.15948E+03   0.63573E-09
   0.15975E+03   0.12364E-06
   0.15981E+03   0.81283E-09
   0.15990E+03   0.50383E-06
   0.15997E+03   0.86790E-08
   0.16005E+03   0.90877E-07
   0.16007E+03   0.85980E-07
   0.16035E+03   0.57579E-06
   0.16066E+03   0.65963E-08
   0.16088E+03   0.15693E-07
   0.16113E+03   0.90405E-06
   0.16123E+03   0.55548E-09
   0.16134E+03   0.13716E-08
   0.16144E+03   0.37407E-06
   0.16154E+03   0.17958E-08
   0.16184E+03   0.13241E-08
   0.16195E+03   0.63430E-10
   0.16205E+03   0.38330E-07
   0.16221E+03   0.36626E-07
   0.16271E+03   0.88116E-06
   0.16289E+03   0.21733E-05
   0.16342E+03   0.84772E-08
   0.16391E+03   0.66808E-07
   0.16409E+03   0.19483E-07
   0.16432E+03   0.91151E-07
   0.16479E+03   0.13083E-06
   0.16490E+03   0.16259E-06
   0.16513E+03   0.16202E-07
   0.16535E+03   0.34203E-06
   0.16596E+03   0.18060E-06
   0.16602E+03   0.39685E-05
   0.16638E+03   0.56354E-07
   0.16675E+03   0.14242E-05
   0.16703E+03   0.19655E-07
   0.16706E+03   0.53548E-07
   0.16719E+03   0.55385E-05
   0.16729E+03   0.30310E-09
   0.16772E+03   0.16029E-05
   0.16793E+03   0.21379E-06
   0.16805E+03   0.92536E-09
   0.16823E+03   0.33472E-06
   0.16840E+03   0.15400E-05
   0.16843E+03   0.51443E-07
   0.16857E+03   0.28919E-07
   0.16870E+03   0.67300E-08
   0.16887E+03   0.68190E-07
   0.16918E+03   0.30128E-08
   0.16939E+03   0.19621E-07
   0.17015E+03   0.72184E-08
   0.17039E+03   0.22994E-07
   0.17059E+03   0.28366E-06
   0.17073E+03   0.49124E-05
   0.17092E+03   0.62117E-06
   0.17112E+03   0.29533E-06
   0.17160E+03   0.12425E-07
   0.17171E+03   0.10731E-09
   0.17199E+03   0.83863E-07
   0.17263E+03   0.54768E-07
   0.17275E+03   0.38936E-06
   0.17333E+03   0.41365E-06
   0.17337E+03   0.19021E-07
   0.17371E+03   0.22531E-06
   0.17388E+03   0.33094E-05
   0.17413E+03   0.21304E-08
   0.17426E+03   0.94679E-07
   0.17487E+03   0.13381E-07
   0.17507E+03   0.14244E-07
   0.17537E+03   0.15926E-08
   0.17545E+03   0.33759E-08
   0.17559E+03   0.85177E-07
   0.17668E+03   0.11047E-05
   0.17721E+03   0.38357E-06
   0.17739E+03   0.85985E-08
   0.17750E+03   0.30533E-07
   0.17807E+03   0.54523E-07
   0.17811E+03   0.11823E-06
   0.17834E+03   0.54381E-06
   0.17844E+03   0.14307E-06
   0.17883E+03   0.36538E-06
   0.17947E+03   0.34099E-08
   0.17985E+03   0.81769E-06
   0.17988E+03   0.22283E-05
   0.17997E+03   0.37769E-05
   0.18039E+03   0.89096E-08
   0.18073E+03   0.68616E-05
   0.18086E+03   0.17740E-06
   0.18100E+03   0.10646E-06
   0.18170E+03   0.44740E-06
   0.18175E+03   0.22523E-05
   0.18221E+03   0.24023E-06
   0.18252E+03   0.34728E-07
   0.18263E+03   0.12867E-08
   0.18266E+03   0.28914E-09
   0.18367E+03   0.55972E-06
   0.18375E+03   0.61377E-05
   0.18436E+03   0.87716E-06
   0.18490E+03   0.10576E-05
   0.18494E+03   0.32417E-07
   0.18499E+03   0.71771E-08
   0.18570E+03   0.32540E-08
   0.18605E+03   0.21959E-06
   0.18660E+03   0.35399E-07
   0.18683E+03   0.13963E-05
   0.18733E+03   0.50076E-06
   0.18746E+03   0.71180E-05
   0.18753E+03   0.11320E-04
   0.19147E+03   0.39624E-06
   0.19257E+03   0.92541E-07
   0.19476E+03   0.31702E-07
   0.19610E+03   0.86757E-06
   0.19621E+03   0.18505E-05
   0.19626E+03   0.76557E-07
   0.19798E+03   0.70620E-05
   0.19941E+03   0.16581E-07
