  -0.28189E+01   0.41148E-08
  -0.23982E+01   0.14408E-01
  -0.20271E+01   0.12970E+01
  -0.56739E+00   0.16296E+00
  -0.19003E+00   0.36760E+00
   0.40425E+00   0.19364E+01
   0.15873E+01   0.14204E+00
   0.21062E+01   0.25018E+01
   0.22246E+01   0.34381E-13
   0.22655E+01   0.61490E-12
   0.29273E+01   0.97583E+01
   0.41368E+01   0.76328E-07
   0.42135E+01   0.11722E-10
   0.43633E+01   0.61486E-08
   0.45819E+01   0.29728E-09
   0.47889E+01   0.55808E-08
   0.51375E+01   0.31824E-12
   0.53203E+01   0.26658E-11
   0.61192E+01   0.23058E-10
   0.61471E+01   0.34404E-03
   0.64089E+01   0.44568E-11
   0.66762E+01   0.60229E-04
   0.70123E+01   0.11479E-10
   0.73495E+01   0.10506E-09
   0.74613E+01   0.50416E+01
   0.75524E+01   0.36895E-08
   0.77260E+01   0.21665E-08
   0.77641E+01   0.35018E-10
   0.79673E+01   0.27650E-03
   0.80146E+01   0.22376E-13
   0.81232E+01   0.21962E+00
   0.81608E+01   0.87948E-13
   0.81964E+01   0.52988E-04
   0.84964E+01   0.50929E-04
   0.85163E+01   0.94395E+00
   0.85996E+01   0.94367E-04
   0.87413E+01   0.13235E-10
   0.89119E+01   0.29147E+00
   0.90582E+01   0.50010E-11
   0.10281E+02   0.13874E-10
   0.10570E+02   0.31103E-13
   0.10648E+02   0.16487E-03
   0.10733E+02   0.37663E-11
   0.10945E+02   0.10147E-09
   0.10952E+02   0.52729E-02
   0.11167E+02   0.76397E-02
   0.11173E+02   0.47286E-10
   0.11396E+02   0.14948E-13
   0.11409E+02   0.14913E-03
   0.11653E+02   0.22374E-02
   0.11929E+02   0.34244E-10
   0.12048E+02   0.18479E-09
   0.12102E+02   0.96487E-01
   0.12186E+02   0.62961E-09
   0.12532E+02   0.28568E+02
   0.12730E+02   0.37128E-08
   0.12979E+02   0.18306E-01
   0.13232E+02   0.23493E+00
   0.13326E+02   0.13660E-13
   0.13349E+02   0.25462E-02
   0.13776E+02   0.42770E-03
   0.13787E+02   0.31375E-03
   0.13902E+02   0.42204E-02
   0.13904E+02   0.14207E-09
   0.14035E+02   0.15672E-05
   0.14053E+02   0.22430E+00
   0.14184E+02   0.41278E-11
   0.14446E+02   0.10397E-01
   0.14457E+02   0.30330E-03
   0.14719E+02   0.13997E-02
   0.14741E+02   0.88644E-02
   0.14824E+02   0.26235E-02
   0.14906E+02   0.46875E-09
   0.15213E+02   0.21423E-09
   0.15242E+02   0.84082E-07
   0.15281E+02   0.19786E-08
   0.15445E+02   0.89001E-06
   0.15504E+02   0.26800E-10
   0.15543E+02   0.11366E-08
   0.15655E+02   0.55690E-05
   0.15668E+02   0.25983E-02
   0.15713E+02   0.55759E-08
   0.15856E+02   0.56863E-09
   0.16003E+02   0.18624E-09
   0.16084E+02   0.20104E-04
   0.16094E+02   0.64153E-03
   0.16142E+02   0.53248E-08
   0.16144E+02   0.40044E-06
   0.16205E+02   0.44779E-08
   0.16342E+02   0.10805E-08
   0.16395E+02   0.34182E-05
   0.16517E+02   0.24583E-02
   0.16645E+02   0.58108E-04
   0.16677E+02   0.50727E-09
   0.16765E+02   0.27338E-07
   0.16996E+02   0.30383E-03
   0.17017E+02   0.21611E-03
   0.17106E+02   0.15583E+00
   0.17255E+02   0.14395E-03
   0.17299E+02   0.11275E+00
   0.17335E+02   0.10925E-10
   0.17739E+02   0.56831E-10
   0.17769E+02   0.82025E-04
   0.17835E+02   0.81251E-10
   0.17892E+02   0.13666E-09
   0.18078E+02   0.50802E-03
   0.18211E+02   0.18396E+00
   0.18246E+02   0.36746E-02
   0.18280E+02   0.23833E-02
   0.18356E+02   0.87382E-02
   0.18406E+02   0.25223E-03
   0.18548E+02   0.40849E-02
   0.19060E+02   0.51543E-06
   0.19066E+02   0.17286E-10
   0.19211E+02   0.16683E-01
   0.19268E+02   0.76459E-02
   0.19484E+02   0.78688E-11
   0.19516E+02   0.46322E-09
   0.19520E+02   0.28643E+00
   0.19557E+02   0.35069E-01
   0.19564E+02   0.54246E-02
   0.19630E+02   0.67640E-12
   0.19680E+02   0.57922E-01
   0.19695E+02   0.74670E-13
   0.19735E+02   0.12479E-05
   0.19851E+02   0.84664E-06
   0.19965E+02   0.33222E-07
   0.19981E+02   0.31409E-06
   0.19987E+02   0.16228E-01
   0.20083E+02   0.43454E-02
   0.20168E+02   0.44556E-09
   0.20249E+02   0.68471E-02
   0.20279E+02   0.61718E-07
   0.20302E+02   0.26298E-04
   0.20522E+02   0.46395E-03
   0.20632E+02   0.44943E-03
   0.20732E+02   0.35553E-05
   0.20734E+02   0.11658E-10
   0.20900E+02   0.89151E-03
   0.21031E+02   0.13805E-01
   0.21077E+02   0.28697E-02
   0.21131E+02   0.25860E-04
   0.21152E+02   0.52245E-05
   0.21160E+02   0.12094E-03
   0.21238E+02   0.20402E-10
   0.21260E+02   0.56781E-06
   0.21293E+02   0.49079E-04
   0.21299E+02   0.17419E-10
   0.21334E+02   0.43780E-10
   0.21378E+02   0.13998E-02
   0.21526E+02   0.10280E-09
   0.21541E+02   0.18449E-02
   0.21614E+02   0.22688E-08
   0.21773E+02   0.13241E-01
   0.21774E+02   0.23174E-08
   0.21877E+02   0.56310E-02
   0.21954E+02   0.44011E-10
   0.21993E+02   0.79316E-01
   0.22071E+02   0.91714E-10
   0.22132E+02   0.29598E-09
   0.22142E+02   0.93502E-05
   0.22196E+02   0.85814E-03
   0.22250E+02   0.43667E-09
   0.22268E+02   0.12858E-02
   0.22314E+02   0.45778E-02
   0.22367E+02   0.22280E-11
   0.22533E+02   0.19559E-02
   0.22576E+02   0.33933E-13
   0.22592E+02   0.48625E-02
   0.22643E+02   0.22347E-03
   0.22655E+02   0.13400E-03
   0.22737E+02   0.41930E-02
   0.22832E+02   0.33962E-03
   0.22839E+02   0.18914E-03
   0.22860E+02   0.68872E-12
   0.22944E+02   0.72631E-05
   0.23056E+02   0.30362E-02
   0.23110E+02   0.39772E-03
   0.23172E+02   0.32837E-03
   0.23184E+02   0.12699E-04
   0.23185E+02   0.56986E-01
   0.23209E+02   0.12961E+00
   0.23262E+02   0.83564E-04
   0.23312E+02   0.11231E-05
   0.23444E+02   0.20156E-04
   0.23584E+02   0.31667E-05
   0.23589E+02   0.18054E-02
   0.23670E+02   0.73491E-03
   0.23756E+02   0.55276E-07
   0.23796E+02   0.30120E-03
   0.23859E+02   0.93627E-12
   0.23899E+02   0.15777E-05
   0.23920E+02   0.36265E-03
   0.23937E+02   0.24376E-04
   0.24005E+02   0.22311E-11
   0.24065E+02   0.23195E-03
   0.24192E+02   0.99826E-02
   0.24284E+02   0.55427E-05
   0.24367E+02   0.57794E-14
   0.24413E+02   0.15152E-05
   0.24441E+02   0.56243E-03
   0.24617E+02   0.18107E-03
   0.24683E+02   0.19156E-05
   0.24757E+02   0.26950E-04
   0.24866E+02   0.29497E-01
   0.25042E+02   0.12130E-05
   0.25062E+02   0.16260E-05
   0.25094E+02   0.79710E-05
   0.25100E+02   0.59425E-03
   0.25154E+02   0.15758E-08
   0.25181E+02   0.18316E-03
   0.25191E+02   0.11387E-06
   0.25222E+02   0.26584E-03
   0.25288E+02   0.45581E-03
   0.25295E+02   0.25649E-03
   0.25316E+02   0.15336E-02
   0.25464E+02   0.99644E-03
   0.25467E+02   0.14029E-03
   0.25486E+02   0.57030E-19
   0.25503E+02   0.77520E-04
   0.25572E+02   0.27496E-03
   0.25710E+02   0.84924E-06
   0.25789E+02   0.10190E-01
   0.25845E+02   0.93660E-03
   0.25926E+02   0.12526E-10
   0.25993E+02   0.10975E-03
   0.26063E+02   0.15652E-11
   0.26086E+02   0.24302E-03
   0.26093E+02   0.13015E-02
   0.26107E+02   0.64407E-04
   0.26124E+02   0.19576E-03
   0.26183E+02   0.63812E-11
   0.26190E+02   0.27187E-03
   0.26207E+02   0.32827E-04
   0.26246E+02   0.75238E-04
   0.26256E+02   0.88443E-03
   0.26351E+02   0.82347E-03
   0.26465E+02   0.56050E-03
   0.26483E+02   0.10351E-01
   0.26591E+02   0.41811E-11
   0.26617E+02   0.13902E-04
   0.26785E+02   0.89016E-03
   0.26884E+02   0.11730E-10
   0.26892E+02   0.12071E-05
   0.26969E+02   0.32158E-06
   0.26982E+02   0.95205E-07
   0.27101E+02   0.47259E-01
   0.27114E+02   0.13250E-01
   0.27165E+02   0.24005E-02
   0.27232E+02   0.13494E-06
   0.27437E+02   0.49764E-03
   0.27511E+02   0.18797E-06
   0.27568E+02   0.30466E-03
   0.27590E+02   0.67859E-04
   0.27637E+02   0.42388E-04
   0.27701E+02   0.17418E-01
   0.27713E+02   0.21704E-01
   0.27738E+02   0.16315E-11
   0.27767E+02   0.90890E-05
   0.27885E+02   0.66737E-03
   0.27907E+02   0.16555E-10
   0.27924E+02   0.13177E-02
   0.27958E+02   0.14063E-07
   0.27969E+02   0.40021E-04
   0.28067E+02   0.12806E-11
   0.28089E+02   0.11025E-11
   0.28259E+02   0.16422E-02
   0.28474E+02   0.36741E-12
   0.28661E+02   0.36916E-05
   0.28700E+02   0.26356E-11
   0.28720E+02   0.19498E-02
   0.28731E+02   0.11193E-01
   0.28750E+02   0.18366E-01
   0.28817E+02   0.61893E-01
   0.28826E+02   0.16419E-01
   0.28908E+02   0.15187E-10
   0.28945E+02   0.13731E-01
   0.28976E+02   0.11004E+00
   0.28984E+02   0.24487E+00
   0.29049E+02   0.14393E-02
   0.29078E+02   0.43749E-01
   0.29105E+02   0.44534E-11
   0.29205E+02   0.60197E-04
   0.29216E+02   0.18204E-03
   0.29249E+02   0.12414E-02
   0.29397E+02   0.48013E-03
   0.29397E+02   0.75484E-09
   0.29434E+02   0.90130E-03
   0.29549E+02   0.12129E-10
   0.29578E+02   0.17010E-03
   0.29589E+02   0.63413E-14
   0.29611E+02   0.17635E-02
   0.29613E+02   0.72540E-05
   0.29677E+02   0.17524E-03
   0.29723E+02   0.30807E-03
   0.29764E+02   0.25064E-06
   0.29879E+02   0.46573E-06
   0.29885E+02   0.15005E-03
   0.29930E+02   0.48464E-05
   0.29974E+02   0.59192E-04
   0.30055E+02   0.11836E-12
   0.30137E+02   0.87148E-02
   0.30206E+02   0.87616E-04
   0.30312E+02   0.10581E-04
   0.30320E+02   0.97767E-05
   0.30363E+02   0.30715E-07
   0.30428E+02   0.33893E-05
   0.30483E+02   0.78849E-03
   0.30533E+02   0.92345E-16
   0.30588E+02   0.12696E-02
   0.30713E+02   0.93800E-02
   0.30733E+02   0.97599E-08
   0.30784E+02   0.40865E-06
   0.30813E+02   0.13509E-05
   0.30907E+02   0.23855E-08
   0.31030E+02   0.17615E-04
   0.31060E+02   0.13344E-02
   0.31093E+02   0.18759E-04
   0.31094E+02   0.13633E-05
   0.31099E+02   0.46923E-12
   0.31101E+02   0.33787E-03
   0.31172E+02   0.32003E-05
   0.31208E+02   0.29555E-03
   0.31212E+02   0.52850E-02
   0.31337E+02   0.10190E-02
   0.31386E+02   0.16315E-12
   0.31450E+02   0.16701E-11
   0.31502E+02   0.48674E-08
   0.31569E+02   0.10683E-03
   0.31646E+02   0.65797E-06
   0.31716E+02   0.30356E-03
   0.31801E+02   0.92572E-06
   0.31869E+02   0.13950E-03
   0.32028E+02   0.86010E-03
   0.32053E+02   0.57466E-19
   0.32154E+02   0.24747E-04
   0.32160E+02   0.41717E-04
   0.32324E+02   0.83334E-05
   0.32330E+02   0.24543E-02
   0.32332E+02   0.60371E-05
   0.32362E+02   0.18698E-09
   0.32442E+02   0.15468E-04
   0.32692E+02   0.34625E-03
   0.32737E+02   0.20433E-02
   0.32804E+02   0.26642E-04
   0.32848E+02   0.65414E-03
   0.32854E+02   0.21192E-12
   0.32926E+02   0.17931E-04
   0.33157E+02   0.45912E-13
   0.33308E+02   0.58306E-12
   0.33386E+02   0.14934E-04
   0.33386E+02   0.79110E-05
   0.33458E+02   0.89748E-06
   0.33503E+02   0.24474E-06
   0.33612E+02   0.40934E-01
   0.33688E+02   0.90274E-03
   0.33804E+02   0.96263E-03
   0.33831E+02   0.20374E-03
   0.33836E+02   0.50178E-04
   0.33946E+02   0.35967E-12
   0.33973E+02   0.17987E-12
   0.34003E+02   0.35782E-03
   0.34041E+02   0.77396E-03
   0.34133E+02   0.33466E-02
   0.34183E+02   0.39583E-02
   0.34217E+02   0.35650E-03
   0.34237E+02   0.83980E-02
   0.34310E+02   0.12639E-03
   0.34340E+02   0.23438E-03
   0.34421E+02   0.27368E-02
   0.34433E+02   0.36371E-06
   0.34455E+02   0.19017E-03
   0.34536E+02   0.40598E-02
   0.34538E+02   0.25179E-06
   0.34560E+02   0.53367E-03
   0.34570E+02   0.73548E-04
   0.34592E+02   0.22102E-08
   0.34609E+02   0.33703E-03
   0.34674E+02   0.74227E-03
   0.34699E+02   0.95712E-12
   0.34718E+02   0.32394E-02
   0.34862E+02   0.58156E-02
   0.34910E+02   0.12943E-01
   0.35038E+02   0.15515E-13
   0.35267E+02   0.64320E-05
   0.35386E+02   0.94480E-06
   0.35440E+02   0.15639E-03
   0.35476E+02   0.32064E-13
   0.35704E+02   0.16969E-03
   0.35716E+02   0.33305E-03
   0.35730E+02   0.18574E-01
   0.35747E+02   0.29776E-11
   0.35818E+02   0.29065E-03
   0.35823E+02   0.58912E-03
   0.35874E+02   0.10754E-02
   0.35964E+02   0.85439E-10
   0.36050E+02   0.11294E-05
   0.36058E+02   0.42867E-04
   0.36062E+02   0.23315E-05
   0.36089E+02   0.10399E-02
   0.36139E+02   0.11172E-05
   0.36285E+02   0.93066E-03
   0.36352E+02   0.15454E-03
   0.36386E+02   0.25627E-04
   0.36423E+02   0.39581E-02
   0.36449E+02   0.15851E-03
   0.36467E+02   0.83418E-04
   0.36486E+02   0.21078E-05
   0.36556E+02   0.24914E-06
   0.36603E+02   0.24178E-04
   0.36758E+02   0.66975E-04
   0.36784E+02   0.67697E-12
   0.36817E+02   0.55961E-09
   0.36880E+02   0.94821E-11
   0.36985E+02   0.34965E-05
   0.36990E+02   0.84396E-03
   0.37030E+02   0.43470E-13
   0.37077E+02   0.13011E-05
   0.37109E+02   0.60320E-03
   0.37284E+02   0.11984E-10
   0.37325E+02   0.88262E-04
   0.37355E+02   0.19033E-07
   0.37404E+02   0.14788E-07
   0.37529E+02   0.10981E-04
   0.37545E+02   0.21909E-06
   0.37591E+02   0.38476E-10
   0.37625E+02   0.10542E-02
   0.37729E+02   0.91576E-11
   0.37830E+02   0.10782E-02
   0.37833E+02   0.52868E-03
   0.37924E+02   0.20883E-11
   0.37937E+02   0.19531E-10
   0.38018E+02   0.21307E-05
   0.38092E+02   0.38536E-04
   0.38104E+02   0.31949E-05
   0.38121E+02   0.28877E-03
   0.38155E+02   0.93304E-03
   0.38277E+02   0.10692E-01
   0.38279E+02   0.11066E-01
   0.38377E+02   0.15863E-03
   0.38419E+02   0.61487E-04
   0.38429E+02   0.46156E-03
   0.38524E+02   0.52805E-13
   0.38526E+02   0.88400E-04
   0.38637E+02   0.17871E-08
   0.38651E+02   0.56059E-04
   0.38723E+02   0.13167E-03
   0.38734E+02   0.81907E-11
   0.38766E+02   0.10989E-02
   0.38829E+02   0.30552E-03
   0.38871E+02   0.89211E-05
   0.38995E+02   0.36668E-15
   0.39022E+02   0.46791E-05
   0.39081E+02   0.78901E-03
   0.39103E+02   0.31444E-02
   0.39129E+02   0.50967E-05
   0.39174E+02   0.44640E-02
   0.39261E+02   0.24174E-13
   0.39285E+02   0.32309E-06
   0.39319E+02   0.13738E-08
   0.39354E+02   0.26999E-03
   0.39364E+02   0.95726E-03
   0.39407E+02   0.27577E-11
   0.39494E+02   0.60222E-02
   0.39522E+02   0.88712E-13
   0.39539E+02   0.63121E-04
   0.39652E+02   0.87476E-06
   0.39674E+02   0.72468E-04
   0.39705E+02   0.10268E-01
   0.39734E+02   0.63523E-05
   0.39750E+02   0.99793E-07
   0.39758E+02   0.28285E-01
   0.39763E+02   0.16909E-01
   0.39780E+02   0.87941E-11
   0.39898E+02   0.46609E-03
   0.39909E+02   0.76951E-03
   0.39929E+02   0.56202E-05
   0.39988E+02   0.44094E-04
   0.40044E+02   0.34059E-07
   0.40087E+02   0.88397E-03
   0.40091E+02   0.36444E-04
   0.40103E+02   0.41240E-03
   0.40185E+02   0.22273E-03
   0.40192E+02   0.33897E-10
   0.40242E+02   0.17989E-03
   0.40279E+02   0.20421E-01
   0.40287E+02   0.41064E-07
   0.40297E+02   0.60216E-08
   0.40377E+02   0.41328E-02
   0.40458E+02   0.82244E-06
   0.40531E+02   0.22455E-05
   0.40584E+02   0.21487E-03
   0.40593E+02   0.27803E-03
   0.40599E+02   0.10328E-11
   0.40621E+02   0.38877E-03
   0.40696E+02   0.27481E-04
   0.40771E+02   0.71048E-04
   0.40771E+02   0.88359E-04
   0.40778E+02   0.63585E-03
   0.40799E+02   0.31547E-04
   0.40857E+02   0.46842E-05
   0.40905E+02   0.24116E-02
   0.40934E+02   0.20121E-02
   0.40973E+02   0.14674E-03
   0.41022E+02   0.89461E-10
   0.41069E+02   0.31364E-06
   0.41101E+02   0.32683E-04
   0.41113E+02   0.19591E-04
   0.41153E+02   0.40588E-09
   0.41173E+02   0.49795E-06
   0.41180E+02   0.51065E-05
   0.41201E+02   0.82967E-06
   0.41261E+02   0.26281E-02
   0.41310E+02   0.19203E-06
   0.41371E+02   0.62856E-05
   0.41376E+02   0.25736E-03
   0.41395E+02   0.21152E-05
   0.41458E+02   0.94683E-11
   0.41459E+02   0.67553E-05
   0.41688E+02   0.10098E-02
   0.41698E+02   0.21472E-03
   0.41767E+02   0.81730E-04
   0.41784E+02   0.41401E-03
   0.41932E+02   0.96650E-09
   0.41953E+02   0.13545E-05
   0.42078E+02   0.58552E-09
   0.42093E+02   0.12837E-05
   0.42103E+02   0.42131E-12
   0.42111E+02   0.26373E-03
   0.42127E+02   0.15917E-03
   0.42166E+02   0.19168E-03
   0.42169E+02   0.14377E-04
   0.42194E+02   0.10099E-02
   0.42240E+02   0.21114E-07
   0.42290E+02   0.35369E-06
   0.42292E+02   0.15420E-02
   0.42353E+02   0.63990E-05
   0.42376E+02   0.62476E-03
   0.42390E+02   0.87258E-02
   0.42458E+02   0.54166E-04
   0.42553E+02   0.11365E-02
   0.42693E+02   0.43726E-07
   0.42813E+02   0.54977E-08
   0.42837E+02   0.22145E-04
   0.42881E+02   0.12454E-03
   0.42928E+02   0.21427E-02
   0.42942E+02   0.22912E-05
   0.42976E+02   0.71871E-04
   0.42985E+02   0.12564E-02
   0.42994E+02   0.57663E-11
   0.43071E+02   0.90164E-05
   0.43071E+02   0.12774E-05
   0.43076E+02   0.13850E-08
   0.43125E+02   0.16716E-02
   0.43180E+02   0.55109E-06
   0.43357E+02   0.10159E-08
   0.43495E+02   0.13213E-11
   0.43520E+02   0.29205E-03
   0.43529E+02   0.16410E-05
   0.43576E+02   0.10465E-02
   0.43589E+02   0.53345E-04
   0.43677E+02   0.39048E-05
   0.43678E+02   0.24980E-03
   0.43688E+02   0.14372E-02
   0.43698E+02   0.30489E-07
   0.43768E+02   0.29067E-06
   0.43776E+02   0.11449E-04
   0.43839E+02   0.90023E-02
   0.43942E+02   0.34043E-09
   0.43987E+02   0.21054E-05
   0.44097E+02   0.78482E-03
   0.44102E+02   0.42505E-12
   0.44325E+02   0.89492E-03
   0.44509E+02   0.45422E-05
   0.44633E+02   0.38362E-05
   0.44686E+02   0.74752E-03
   0.44715E+02   0.22341E-07
   0.44722E+02   0.28405E-02
   0.44756E+02   0.14885E-02
   0.44767E+02   0.96036E-09
   0.44807E+02   0.37822E-03
   0.44978E+02   0.19333E-02
   0.45003E+02   0.14877E-08
   0.45050E+02   0.68690E-08
   0.45066E+02   0.18571E-05
   0.45108E+02   0.66024E-06
   0.45108E+02   0.72886E-06
   0.45255E+02   0.10226E-03
   0.45298E+02   0.29199E-05
   0.45315E+02   0.75070E-09
   0.45383E+02   0.47362E-06
   0.45442E+02   0.13119E-04
   0.45458E+02   0.50106E-07
   0.45458E+02   0.17421E-04
   0.45568E+02   0.20520E-05
   0.45606E+02   0.15666E-13
   0.45662E+02   0.43980E-10
   0.45678E+02   0.51608E-02
   0.45700E+02   0.47495E-03
   0.45731E+02   0.19187E-10
   0.45732E+02   0.53536E-06
   0.45739E+02   0.16309E-04
   0.45773E+02   0.58575E-08
   0.45778E+02   0.66753E-04
   0.45818E+02   0.17872E-09
   0.45874E+02   0.40106E-03
   0.46030E+02   0.97277E-04
   0.46197E+02   0.72616E-04
   0.46211E+02   0.99460E-14
   0.46213E+02   0.99696E-04
   0.46319E+02   0.10395E-03
   0.46367E+02   0.28371E-03
   0.46376E+02   0.12355E-05
   0.46447E+02   0.20058E-11
   0.46483E+02   0.17659E-03
   0.46499E+02   0.69956E-05
   0.46517E+02   0.16173E-11
   0.46524E+02   0.24865E-03
   0.46532E+02   0.81249E-06
   0.46569E+02   0.72900E-07
   0.46699E+02   0.55660E-09
   0.46702E+02   0.24081E-11
   0.46738E+02   0.27701E-06
   0.46739E+02   0.30932E-09
   0.46748E+02   0.33039E-03
   0.46854E+02   0.30070E-02
   0.46953E+02   0.35745E-11
   0.46954E+02   0.17762E-03
   0.46990E+02   0.37502E-03
   0.47053E+02   0.99413E-05
   0.47096E+02   0.59952E-03
   0.47102E+02   0.21856E-03
   0.47114E+02   0.10778E-01
   0.47114E+02   0.36853E-08
   0.47178E+02   0.28251E-03
   0.47190E+02   0.14908E-05
   0.47198E+02   0.11542E-05
   0.47203E+02   0.38106E-04
   0.47210E+02   0.58949E-04
   0.47212E+02   0.71820E-06
   0.47236E+02   0.34586E-13
   0.47262E+02   0.88435E-03
   0.47292E+02   0.64429E-03
   0.47312E+02   0.31385E-05
   0.47362E+02   0.16601E-15
   0.47396E+02   0.13542E-03
   0.47449E+02   0.59873E-04
   0.47492E+02   0.35847E-07
   0.47600E+02   0.58545E-06
   0.47624E+02   0.85399E-03
   0.47667E+02   0.19028E-12
   0.47741E+02   0.25718E-05
   0.47797E+02   0.33413E-04
   0.47829E+02   0.20308E-03
   0.47892E+02   0.38103E-06
   0.47892E+02   0.16321E-11
   0.47911E+02   0.10545E-04
   0.47952E+02   0.84908E-02
   0.47963E+02   0.31972E-02
   0.48113E+02   0.71047E-04
   0.48121E+02   0.51094E-02
   0.48175E+02   0.44343E-05
   0.48192E+02   0.41147E-06
   0.48242E+02   0.42352E-01
   0.48264E+02   0.19128E-02
   0.48316E+02   0.21580E-14
   0.48329E+02   0.15106E-02
   0.48401E+02   0.18593E-03
   0.48450E+02   0.33147E-04
   0.48523E+02   0.91138E-05
   0.48598E+02   0.96813E-05
   0.48635E+02   0.16376E-03
   0.48646E+02   0.38575E-03
   0.48704E+02   0.61154E-05
   0.48708E+02   0.67662E-04
   0.48758E+02   0.21336E-02
   0.48819E+02   0.54816E-04
   0.48859E+02   0.16127E-02
   0.48914E+02   0.13903E-06
   0.48947E+02   0.21276E-04
   0.48952E+02   0.18106E-02
   0.48963E+02   0.18188E-05
   0.49000E+02   0.32946E-03
   0.49052E+02   0.21219E-06
   0.49074E+02   0.37815E-08
   0.49102E+02   0.81783E-07
   0.49134E+02   0.59301E-03
   0.49149E+02   0.22660E-04
   0.49166E+02   0.63382E-03
   0.49299E+02   0.94261E-08
   0.49303E+02   0.72503E-08
   0.49317E+02   0.24467E-13
   0.49438E+02   0.23896E-01
   0.49453E+02   0.11570E-03
   0.49476E+02   0.43754E-05
   0.49597E+02   0.63722E-03
   0.49605E+02   0.42743E-08
   0.49682E+02   0.10774E-05
   0.49714E+02   0.60659E-04
   0.49749E+02   0.24458E-04
   0.49821E+02   0.34896E-06
   0.49828E+02   0.92636E-03
   0.49919E+02   0.54076E-09
   0.50001E+02   0.28200E-03
   0.50088E+02   0.59638E-03
   0.50095E+02   0.13603E-06
   0.50154E+02   0.12959E-03
   0.50283E+02   0.51311E-03
   0.50337E+02   0.10991E-03
   0.50405E+02   0.11877E-03
   0.50528E+02   0.59176E-03
   0.50534E+02   0.10855E-03
   0.50626E+02   0.47763E-07
   0.50681E+02   0.49721E-04
   0.50688E+02   0.38916E-04
   0.50707E+02   0.45548E-04
   0.50847E+02   0.23164E-06
   0.50857E+02   0.29900E-12
   0.50860E+02   0.19242E-08
   0.50894E+02   0.10373E-07
   0.50905E+02   0.29279E-04
   0.51188E+02   0.33028E-03
   0.51218E+02   0.68357E-04
   0.51266E+02   0.14773E-05
   0.51325E+02   0.15029E-03
   0.51333E+02   0.79433E-06
   0.51363E+02   0.45139E-09
   0.51399E+02   0.47103E-05
   0.51520E+02   0.15057E-02
   0.51583E+02   0.54951E-04
   0.51631E+02   0.48074E-03
   0.51653E+02   0.84875E-12
   0.51714E+02   0.44412E-03
   0.51730E+02   0.12634E-02
   0.51781E+02   0.44517E-05
   0.51852E+02   0.16704E-02
   0.51899E+02   0.14062E-03
   0.51947E+02   0.54400E-03
   0.52026E+02   0.62100E-08
   0.52100E+02   0.10141E-03
   0.52149E+02   0.27184E-04
   0.52222E+02   0.38321E-03
   0.52231E+02   0.34911E-14
   0.52233E+02   0.57788E-06
   0.52233E+02   0.17391E-06
   0.52270E+02   0.11074E-03
   0.52393E+02   0.79683E-03
   0.52402E+02   0.26141E-06
   0.52419E+02   0.35344E-03
   0.52679E+02   0.29205E-05
   0.52781E+02   0.74497E-03
   0.52789E+02   0.16343E-08
   0.52820E+02   0.36104E-05
   0.52824E+02   0.93566E-04
   0.52988E+02   0.11650E-11
   0.53041E+02   0.67525E-02
   0.53105E+02   0.49359E-02
   0.53232E+02   0.55722E-03
   0.53304E+02   0.71078E-03
   0.53383E+02   0.12108E-04
   0.53522E+02   0.13174E-02
   0.53532E+02   0.15048E-03
   0.53576E+02   0.31939E-07
   0.53620E+02   0.60589E-03
   0.53646E+02   0.44985E-03
   0.53650E+02   0.70502E-03
   0.53774E+02   0.52414E-14
   0.53818E+02   0.22630E-01
   0.53990E+02   0.35429E-04
   0.53994E+02   0.21465E-04
   0.53995E+02   0.10200E-04
   0.54036E+02   0.18939E-07
   0.54131E+02   0.86105E-08
   0.54219E+02   0.48528E-03
   0.54230E+02   0.16680E-02
   0.54239E+02   0.77430E-03
   0.54345E+02   0.42558E-03
   0.54381E+02   0.75141E-10
   0.54399E+02   0.53285E-08
   0.54406E+02   0.11652E-02
   0.54439E+02   0.67495E-05
   0.54441E+02   0.59520E-04
   0.54476E+02   0.46021E-06
   0.54485E+02   0.51616E-03
   0.54517E+02   0.85311E-08
   0.54653E+02   0.10808E-04
   0.54674E+02   0.72255E-11
   0.54804E+02   0.49645E-12
   0.54859E+02   0.13809E-02
   0.54880E+02   0.18944E-06
   0.54919E+02   0.21129E-03
   0.54923E+02   0.32811E-06
   0.55003E+02   0.16344E-05
   0.55052E+02   0.61905E-04
   0.55252E+02   0.40164E-04
   0.55326E+02   0.24126E-09
   0.55430E+02   0.49116E-12
   0.55454E+02   0.12956E-07
   0.55516E+02   0.51356E-03
   0.55565E+02   0.39194E-03
   0.55603E+02   0.22325E-02
   0.55625E+02   0.22229E-03
   0.55636E+02   0.80260E-07
   0.55644E+02   0.67937E-03
   0.55747E+02   0.36629E-03
   0.55871E+02   0.90334E-03
   0.55916E+02   0.68444E-06
   0.55935E+02   0.10471E-02
   0.56028E+02   0.18089E-03
   0.56037E+02   0.98519E-03
   0.56077E+02   0.29159E-02
   0.56136E+02   0.81247E-02
   0.56169E+02   0.33692E-14
   0.56236E+02   0.12669E-06
   0.56242E+02   0.37755E-04
   0.56269E+02   0.15733E-06
   0.56287E+02   0.78110E-04
   0.56414E+02   0.66899E-07
   0.56424E+02   0.81862E-03
   0.56436E+02   0.49370E-03
   0.56496E+02   0.13682E-03
   0.56506E+02   0.56182E-03
   0.56517E+02   0.72957E-14
   0.56526E+02   0.66425E-03
   0.56557E+02   0.13022E-02
   0.56634E+02   0.58620E-06
   0.56681E+02   0.22530E-12
   0.56733E+02   0.18981E-02
   0.56763E+02   0.32787E-06
   0.56830E+02   0.83986E-16
   0.56940E+02   0.64421E-03
   0.56955E+02   0.27331E-04
   0.56965E+02   0.47949E-04
   0.56988E+02   0.39308E-03
   0.57033E+02   0.24238E-02
   0.57042E+02   0.26466E-11
   0.57063E+02   0.37547E-03
   0.57124E+02   0.34053E-13
   0.57145E+02   0.10754E-02
   0.57190E+02   0.33993E-03
   0.57268E+02   0.10995E-03
   0.57315E+02   0.58103E-04
   0.57325E+02   0.78007E-07
   0.57374E+02   0.66648E-12
   0.57382E+02   0.29121E-07
   0.57389E+02   0.12844E-04
   0.57420E+02   0.76545E-03
   0.57463E+02   0.87982E-08
   0.57527E+02   0.10888E-03
   0.57568E+02   0.19244E-03
   0.57654E+02   0.12742E-03
   0.57690E+02   0.26984E-04
   0.57727E+02   0.11478E-11
   0.57773E+02   0.39508E-03
   0.57806E+02   0.37386E-04
   0.57813E+02   0.81912E-05
   0.57844E+02   0.55718E-04
   0.57884E+02   0.84017E-06
   0.57922E+02   0.52672E-02
   0.57958E+02   0.14436E-13
   0.57970E+02   0.27826E-06
   0.58016E+02   0.40974E-06
   0.58042E+02   0.18180E-15
   0.58074E+02   0.60382E-03
   0.58150E+02   0.59407E-04
   0.58164E+02   0.33527E-02
   0.58181E+02   0.11708E-03
   0.58203E+02   0.64562E-02
   0.58219E+02   0.41377E-04
   0.58241E+02   0.45172E-05
   0.58317E+02   0.12585E-02
   0.58434E+02   0.14374E-03
   0.58436E+02   0.10076E-02
   0.58455E+02   0.11368E-03
   0.58616E+02   0.11050E-02
   0.58626E+02   0.12367E-05
   0.58715E+02   0.21984E-14
   0.58813E+02   0.97644E-05
   0.58941E+02   0.14803E-02
   0.59036E+02   0.24003E-02
   0.59321E+02   0.40332E-03
   0.59439E+02   0.49638E-03
   0.59457E+02   0.13799E-04
   0.59640E+02   0.39361E-03
   0.59645E+02   0.28531E-03
   0.59696E+02   0.99986E-09
   0.59753E+02   0.33978E-03
   0.59767E+02   0.34592E-06
   0.59869E+02   0.22030E-07
   0.59927E+02   0.15682E-07
   0.59945E+02   0.29191E-02
   0.60162E+02   0.45037E-05
   0.60271E+02   0.18913E-07
   0.60421E+02   0.24095E-04
   0.60559E+02   0.46844E-04
   0.60567E+02   0.14465E-02
   0.60632E+02   0.74891E-09
   0.60669E+02   0.11959E-05
   0.60782E+02   0.14562E-01
   0.60798E+02   0.53045E-05
   0.60805E+02   0.88014E-09
   0.60848E+02   0.14403E-02
   0.61083E+02   0.64684E-03
   0.61169E+02   0.42187E-08
   0.61237E+02   0.21629E-03
   0.61323E+02   0.94115E-04
   0.61354E+02   0.24870E-13
   0.61413E+02   0.19536E-03
   0.61445E+02   0.16361E-13
   0.61451E+02   0.13182E-04
   0.61471E+02   0.11990E-02
   0.61583E+02   0.27947E-04
   0.61587E+02   0.14639E-03
   0.61589E+02   0.32008E-02
   0.61832E+02   0.93519E-02
   0.61856E+02   0.23561E-03
   0.61864E+02   0.78340E-07
   0.61931E+02   0.37986E-04
   0.61979E+02   0.59074E-03
   0.62005E+02   0.26676E-05
   0.62045E+02   0.43441E-03
   0.62056E+02   0.28768E-04
   0.62067E+02   0.18329E-14
   0.62152E+02   0.28281E-03
   0.62206E+02   0.64207E-04
   0.62236E+02   0.88248E-13
   0.62267E+02   0.10736E-09
   0.62737E+02   0.10148E-02
   0.62744E+02   0.10188E-14
   0.62783E+02   0.43955E-08
   0.62969E+02   0.11104E-02
   0.63009E+02   0.12864E-14
   0.63052E+02   0.48412E-03
   0.63175E+02   0.50836E-03
   0.63447E+02   0.68371E-02
   0.63478E+02   0.63397E-02
   0.63496E+02   0.11993E-05
   0.63500E+02   0.33654E-02
   0.63545E+02   0.12461E-02
   0.63583E+02   0.75997E-03
   0.63664E+02   0.46490E-04
   0.63801E+02   0.92718E-03
   0.63818E+02   0.20592E-07
   0.63833E+02   0.17598E-03
   0.63858E+02   0.12311E-02
   0.63951E+02   0.14987E-12
   0.64007E+02   0.29373E-07
   0.64065E+02   0.12630E-03
   0.64128E+02   0.28400E-04
   0.64150E+02   0.72384E-03
   0.64169E+02   0.27717E-06
   0.64190E+02   0.15043E-07
   0.64209E+02   0.76959E-03
   0.64251E+02   0.39631E-03
   0.64357E+02   0.10600E-04
   0.64378E+02   0.32555E-03
   0.64393E+02   0.22559E-02
   0.64432E+02   0.51153E-09
   0.64456E+02   0.28000E-03
   0.64456E+02   0.94485E-03
   0.64503E+02   0.22775E-10
   0.64535E+02   0.84645E-03
   0.64545E+02   0.33879E-06
   0.64557E+02   0.69276E-08
   0.64696E+02   0.25084E-08
   0.64704E+02   0.46011E-05
   0.64796E+02   0.46484E-03
   0.64798E+02   0.29806E-11
   0.64942E+02   0.22462E-03
   0.64976E+02   0.22257E-04
   0.64977E+02   0.12808E-02
   0.65004E+02   0.92357E-03
   0.65036E+02   0.13519E-02
   0.65081E+02   0.55747E-03
   0.65085E+02   0.20228E-03
   0.65101E+02   0.25847E-03
   0.65203E+02   0.11639E-02
   0.65255E+02   0.80505E-04
   0.65327E+02   0.54954E-03
   0.65328E+02   0.98695E-06
   0.65585E+02   0.58458E-04
   0.65700E+02   0.72744E-06
   0.65734E+02   0.23600E-04
   0.65741E+02   0.69338E-08
   0.65790E+02   0.27544E-04
   0.65844E+02   0.22980E-04
   0.65912E+02   0.45305E-02
   0.65989E+02   0.38099E-04
   0.66000E+02   0.66775E-07
   0.66000E+02   0.51188E-06
   0.66001E+02   0.22370E-02
   0.66024E+02   0.30328E-02
   0.66139E+02   0.42970E-07
   0.66159E+02   0.23306E-06
   0.66160E+02   0.35061E-04
   0.66165E+02   0.12692E-04
   0.66182E+02   0.60092E-02
   0.66247E+02   0.54172E-06
   0.66275E+02   0.13340E-07
   0.66287E+02   0.15349E-02
   0.66299E+02   0.25396E-13
   0.66369E+02   0.55983E-02
   0.66488E+02   0.33716E-04
   0.66508E+02   0.89139E-05
   0.66522E+02   0.30295E-03
   0.66567E+02   0.46942E-05
   0.66657E+02   0.49812E-04
   0.66666E+02   0.15629E-03
   0.66678E+02   0.13118E-03
   0.66680E+02   0.48178E-13
   0.66849E+02   0.62579E-05
   0.66892E+02   0.73990E-08
   0.66966E+02   0.11637E-02
   0.67096E+02   0.18919E-05
   0.67167E+02   0.28529E-02
   0.67174E+02   0.27532E-16
   0.67274E+02   0.12099E-03
   0.67364E+02   0.50039E-05
   0.67429E+02   0.19518E-03
   0.67555E+02   0.12939E-03
   0.67594E+02   0.20486E-05
   0.67633E+02   0.22568E-04
   0.67737E+02   0.22259E-05
   0.67744E+02   0.21064E-05
   0.67895E+02   0.20905E-08
   0.67895E+02   0.15774E-07
   0.67905E+02   0.80004E-02
   0.67963E+02   0.98350E-04
   0.67979E+02   0.83018E-10
   0.68067E+02   0.33783E-08
   0.68084E+02   0.97630E-04
   0.68137E+02   0.13461E-07
   0.68254E+02   0.75793E-10
   0.68270E+02   0.16088E-03
   0.68324E+02   0.94452E-05
   0.68341E+02   0.61613E-05
   0.68398E+02   0.41138E-03
   0.68458E+02   0.23721E-07
   0.68492E+02   0.12143E-04
   0.68515E+02   0.26749E-13
   0.68740E+02   0.19859E-11
   0.68769E+02   0.13800E-04
   0.68795E+02   0.25968E-04
   0.68813E+02   0.69900E-05
   0.68830E+02   0.15526E-13
   0.68834E+02   0.18418E-04
   0.68860E+02   0.67539E-09
   0.68914E+02   0.75660E-05
   0.68927E+02   0.58454E-05
   0.68937E+02   0.94851E-03
   0.69065E+02   0.69102E-12
   0.69069E+02   0.45834E-04
   0.69069E+02   0.13482E-03
   0.69094E+02   0.44229E-03
   0.69385E+02   0.49254E-03
   0.69397E+02   0.51057E-02
   0.69437E+02   0.12738E-04
   0.69450E+02   0.10528E-11
   0.69606E+02   0.86129E-04
   0.69674E+02   0.37903E-03
   0.69687E+02   0.41437E-13
   0.69699E+02   0.14076E-11
   0.69728E+02   0.47437E-05
   0.69740E+02   0.76982E-06
   0.69748E+02   0.13505E-02
   0.69753E+02   0.11917E-01
   0.69764E+02   0.16634E-02
   0.69766E+02   0.52098E-05
   0.69795E+02   0.22160E-06
   0.70006E+02   0.52973E-08
   0.70027E+02   0.82829E-12
   0.70058E+02   0.27343E-14
   0.70072E+02   0.16591E-11
   0.70089E+02   0.87232E-06
   0.70097E+02   0.83503E-05
   0.70115E+02   0.16403E-08
   0.70118E+02   0.26901E-04
   0.70135E+02   0.33693E-12
   0.70166E+02   0.88168E-07
   0.70170E+02   0.13689E-03
   0.70238E+02   0.12523E-08
   0.70259E+02   0.74102E-03
   0.70284E+02   0.26642E-02
   0.70300E+02   0.67011E-05
   0.70321E+02   0.43114E-05
   0.70332E+02   0.20382E-04
   0.70377E+02   0.48687E-04
   0.70512E+02   0.19571E-03
   0.70518E+02   0.77116E-04
   0.70547E+02   0.82831E-07
   0.70603E+02   0.85432E-03
   0.70616E+02   0.12382E-13
   0.70628E+02   0.43780E-03
   0.70723E+02   0.80548E-05
   0.70751E+02   0.81579E-04
   0.70807E+02   0.15999E-04
   0.70833E+02   0.85380E-15
   0.70846E+02   0.28334E-03
   0.70857E+02   0.82134E-03
   0.70881E+02   0.31565E-03
   0.70892E+02   0.45988E-03
   0.70983E+02   0.16939E-03
   0.71031E+02   0.30168E-07
   0.71042E+02   0.94811E-06
   0.71057E+02   0.38789E-04
   0.71087E+02   0.79531E-09
   0.71088E+02   0.55561E-04
   0.71098E+02   0.80507E-05
   0.71168E+02   0.91223E-05
   0.71185E+02   0.14933E-05
   0.71192E+02   0.37642E-02
   0.71296E+02   0.36575E-03
   0.71309E+02   0.12174E-05
   0.71318E+02   0.29708E-08
   0.71444E+02   0.10582E-06
   0.71444E+02   0.10111E-06
   0.71515E+02   0.87883E-03
   0.71520E+02   0.86512E-18
   0.71566E+02   0.20490E-03
   0.71585E+02   0.17835E-09
   0.71587E+02   0.79331E-04
   0.71599E+02   0.17768E-06
   0.71607E+02   0.67783E-03
   0.71735E+02   0.59693E-04
   0.71760E+02   0.61655E-03
   0.71869E+02   0.10215E-09
   0.71887E+02   0.55337E-03
   0.72005E+02   0.58295E-03
   0.72139E+02   0.22194E-10
   0.72142E+02   0.14885E-03
   0.72228E+02   0.20960E-03
   0.72277E+02   0.20100E-07
   0.72339E+02   0.34141E-04
   0.72341E+02   0.50541E-05
   0.72366E+02   0.40138E-02
   0.72373E+02   0.30666E-03
   0.72401E+02   0.54161E-04
   0.72405E+02   0.14909E-09
   0.72449E+02   0.67096E-04
   0.72477E+02   0.53348E-07
   0.72549E+02   0.46735E-05
   0.72557E+02   0.46928E-04
   0.72631E+02   0.35994E-04
   0.72745E+02   0.17281E-09
   0.72819E+02   0.44413E-03
   0.72896E+02   0.13395E-02
   0.72980E+02   0.14100E-04
   0.73002E+02   0.70694E-06
   0.73010E+02   0.22206E-05
   0.73011E+02   0.19322E-07
   0.73037E+02   0.20461E-02
   0.73041E+02   0.30924E-03
   0.73056E+02   0.58115E-08
   0.73104E+02   0.60705E-03
   0.73108E+02   0.47180E-06
   0.73115E+02   0.96274E-06
   0.73146E+02   0.24329E-10
   0.73155E+02   0.20191E-09
   0.73173E+02   0.50215E-15
   0.73188E+02   0.73184E-04
   0.73253E+02   0.99441E-09
   0.73274E+02   0.54331E-08
   0.73309E+02   0.55894E-07
   0.73316E+02   0.21213E-06
   0.73345E+02   0.22522E-03
   0.73466E+02   0.77021E-03
   0.73468E+02   0.39561E-06
   0.73474E+02   0.10167E-06
   0.73631E+02   0.96806E-04
   0.73725E+02   0.29269E-03
   0.73826E+02   0.32068E-04
   0.73847E+02   0.10958E-07
   0.73856E+02   0.25637E-02
   0.73874E+02   0.26251E-06
   0.73897E+02   0.39223E-09
   0.73909E+02   0.77551E-04
   0.73935E+02   0.13094E-04
   0.73941E+02   0.81376E-15
   0.73964E+02   0.71830E-04
   0.74022E+02   0.29329E-13
   0.74049E+02   0.25614E-04
   0.74118E+02   0.15231E-04
   0.74193E+02   0.21455E-03
   0.74232E+02   0.59696E-04
   0.74255E+02   0.13835E-02
   0.74262E+02   0.60517E-06
   0.74347E+02   0.37414E-15
   0.74373E+02   0.10013E-09
   0.74383E+02   0.92851E-09
   0.74411E+02   0.44726E-04
   0.74422E+02   0.52964E-09
   0.74463E+02   0.48350E-03
   0.74723E+02   0.15949E-05
   0.74863E+02   0.13655E-02
   0.74954E+02   0.11682E-03
   0.74992E+02   0.11981E-03
   0.75028E+02   0.55527E-03
   0.75111E+02   0.12467E-06
   0.75137E+02   0.25653E-05
   0.75150E+02   0.38485E-02
   0.75169E+02   0.34982E-02
   0.75183E+02   0.41368E-02
   0.75315E+02   0.28275E-05
   0.75321E+02   0.11222E-03
   0.75370E+02   0.22079E-03
   0.75477E+02   0.15954E-03
   0.75638E+02   0.90061E-13
   0.75652E+02   0.16576E-08
   0.75666E+02   0.60770E-11
   0.75722E+02   0.11822E-04
   0.75737E+02   0.11225E-03
   0.75805E+02   0.77346E-04
   0.75848E+02   0.79687E-05
   0.75920E+02   0.59466E-04
   0.75961E+02   0.12787E-11
   0.75975E+02   0.26764E-03
   0.76061E+02   0.14351E-04
   0.76134E+02   0.11356E-04
   0.76149E+02   0.13306E-08
   0.76150E+02   0.24916E-07
   0.76190E+02   0.17835E-03
   0.76211E+02   0.19299E-07
   0.76212E+02   0.13355E-08
   0.76234E+02   0.27474E-08
   0.76281E+02   0.12867E-03
   0.76317E+02   0.32719E-03
   0.76336E+02   0.24003E-04
   0.76339E+02   0.47084E-08
   0.76364E+02   0.17841E-03
   0.76451E+02   0.70497E-04
   0.76478E+02   0.29318E-04
   0.76486E+02   0.63932E-05
   0.76525E+02   0.22585E-04
   0.76613E+02   0.73053E-08
   0.76706E+02   0.63556E-09
   0.76782E+02   0.67476E-07
   0.76824E+02   0.74771E-03
   0.76876E+02   0.20756E-02
   0.76939E+02   0.16744E-03
   0.76996E+02   0.11827E-05
   0.77004E+02   0.11411E-08
   0.77021E+02   0.22025E-10
   0.77030E+02   0.11573E-04
   0.77035E+02   0.46645E-04
   0.77042E+02   0.10898E-02
   0.77144E+02   0.14457E-04
   0.77181E+02   0.44594E-10
   0.77252E+02   0.37199E-03
   0.77262E+02   0.88780E-05
   0.77267E+02   0.76914E-02
   0.77271E+02   0.49788E-02
   0.77286E+02   0.12071E-03
   0.77294E+02   0.63302E-03
   0.77308E+02   0.94168E-04
   0.77327E+02   0.10748E-05
   0.77335E+02   0.65293E-03
   0.77376E+02   0.11685E-03
   0.77378E+02   0.36907E-04
   0.77396E+02   0.14798E-06
   0.77445E+02   0.38135E-06
   0.77464E+02   0.14789E-13
   0.77505E+02   0.65101E-02
   0.77540E+02   0.12388E-06
   0.77637E+02   0.16258E-05
   0.77713E+02   0.81987E-06
   0.77752E+02   0.10489E-05
   0.77806E+02   0.26929E-05
   0.77809E+02   0.95213E-04
   0.77831E+02   0.12625E-03
   0.77852E+02   0.42782E-13
   0.77876E+02   0.16450E-04
   0.77986E+02   0.57187E-08
   0.78189E+02   0.26204E-04
   0.78225E+02   0.65900E-04
   0.78251E+02   0.60253E-17
   0.78304E+02   0.97658E-08
   0.78418E+02   0.44621E-04
   0.78453E+02   0.12253E-03
   0.78495E+02   0.11449E-09
   0.78511E+02   0.43512E-03
   0.78522E+02   0.45538E-04
   0.78543E+02   0.56688E-04
   0.78559E+02   0.29691E-04
   0.78564E+02   0.71258E-06
   0.78601E+02   0.19017E-03
   0.78773E+02   0.17871E-04
   0.78831E+02   0.13972E-03
   0.78874E+02   0.10082E-03
   0.78884E+02   0.87620E-04
   0.79123E+02   0.16292E-03
   0.79142E+02   0.17661E-03
   0.79210E+02   0.33788E-04
   0.79227E+02   0.42969E-03
   0.79277E+02   0.84463E-08
   0.79282E+02   0.33385E-08
   0.79308E+02   0.91955E-04
   0.79403E+02   0.74382E-04
   0.79417E+02   0.41567E-04
   0.79422E+02   0.21844E-03
   0.79465E+02   0.19080E-04
   0.79498E+02   0.74542E-04
   0.79519E+02   0.66113E-04
   0.79599E+02   0.23105E-08
   0.79727E+02   0.45449E-06
   0.79806E+02   0.10026E-08
   0.79837E+02   0.94340E-05
   0.79920E+02   0.27469E-05
   0.79952E+02   0.14019E-05
   0.79959E+02   0.44008E-04
   0.80051E+02   0.63667E-04
   0.80136E+02   0.58488E-12
   0.80237E+02   0.14738E-03
   0.80313E+02   0.52668E-04
   0.80545E+02   0.14312E-09
   0.80555E+02   0.14008E-09
   0.80617E+02   0.77372E-06
   0.80629E+02   0.34034E-11
   0.80772E+02   0.27513E-04
   0.80800E+02   0.46865E-10
   0.80810E+02   0.16376E-08
   0.80820E+02   0.11631E-03
   0.80850E+02   0.53079E-03
   0.80850E+02   0.33443E-03
   0.80875E+02   0.20554E-03
   0.80888E+02   0.17184E-10
   0.80902E+02   0.32617E-06
   0.80963E+02   0.12468E-06
   0.81013E+02   0.10607E-04
   0.81025E+02   0.50235E-05
   0.81051E+02   0.26116E-03
   0.81116E+02   0.11155E-09
   0.81126E+02   0.50684E-05
   0.81130E+02   0.11131E-09
   0.81170E+02   0.49632E-11
   0.81223E+02   0.61536E-13
   0.81262E+02   0.27003E-04
   0.81294E+02   0.60456E-07
   0.81323E+02   0.11170E-13
   0.81325E+02   0.11341E-07
   0.81370E+02   0.58482E-07
   0.81379E+02   0.33828E-03
   0.81412E+02   0.19973E-09
   0.81429E+02   0.47396E-04
   0.81429E+02   0.19464E-03
   0.81456E+02   0.26302E-04
   0.81543E+02   0.18720E-02
   0.81558E+02   0.14480E-06
   0.81559E+02   0.13707E-11
   0.81573E+02   0.14259E-02
   0.81728E+02   0.50063E-04
   0.81736E+02   0.15535E-05
   0.81781E+02   0.10624E-02
   0.81784E+02   0.15313E-04
   0.81791E+02   0.50793E-06
   0.81832E+02   0.83620E-06
   0.81858E+02   0.12472E-03
   0.81890E+02   0.10132E-08
   0.81893E+02   0.32228E-13
   0.81895E+02   0.10869E-03
   0.81913E+02   0.31235E-12
   0.81952E+02   0.10704E-04
   0.81967E+02   0.32262E-04
   0.82012E+02   0.57163E-04
   0.82020E+02   0.28054E-04
   0.82039E+02   0.19442E-12
   0.82054E+02   0.35998E-04
   0.82120E+02   0.37038E-03
   0.82161E+02   0.64318E-13
   0.82182E+02   0.86214E-06
   0.82252E+02   0.76604E-03
   0.82290E+02   0.83255E-12
   0.82485E+02   0.86082E-04
   0.82518E+02   0.10108E-13
   0.82551E+02   0.11713E-03
   0.82565E+02   0.90283E-04
   0.82590E+02   0.52528E-07
   0.82595E+02   0.97359E-07
   0.82644E+02   0.71077E-08
   0.82681E+02   0.42298E-03
   0.82738E+02   0.48016E-08
   0.82779E+02   0.60346E-06
   0.82909E+02   0.21354E-04
   0.83038E+02   0.68005E-06
   0.83047E+02   0.11822E-04
   0.83123E+02   0.57434E-05
   0.83174E+02   0.34396E-04
   0.83217E+02   0.58643E-05
   0.83265E+02   0.17296E-04
   0.83317E+02   0.53013E-04
   0.83382E+02   0.56875E-12
   0.83387E+02   0.28412E-07
   0.83466E+02   0.25496E-04
   0.83549E+02   0.54186E-08
   0.83566E+02   0.11827E-02
   0.83607E+02   0.11212E-05
   0.83622E+02   0.60804E-09
   0.83695E+02   0.36847E-14
   0.83727E+02   0.14037E-08
   0.83882E+02   0.54608E-04
   0.83905E+02   0.48120E-08
   0.83911E+02   0.42062E-03
   0.83984E+02   0.30475E-04
   0.84062E+02   0.48805E-05
   0.84087E+02   0.30229E-12
   0.84342E+02   0.70804E-03
   0.84391E+02   0.12749E-02
   0.84396E+02   0.14287E-04
   0.84472E+02   0.13233E-03
   0.84481E+02   0.37296E-03
   0.84495E+02   0.56062E-03
   0.84530E+02   0.12251E-03
   0.84543E+02   0.17922E-02
   0.84661E+02   0.72978E-09
   0.84755E+02   0.17597E-03
   0.84804E+02   0.86174E-05
   0.84888E+02   0.44579E-05
   0.84897E+02   0.35239E-06
   0.84995E+02   0.38069E-05
   0.85014E+02   0.15362E-08
   0.85025E+02   0.86087E-08
   0.85175E+02   0.10507E-08
   0.85180E+02   0.10733E-03
   0.85235E+02   0.64636E-05
   0.85492E+02   0.27954E-04
   0.85606E+02   0.42425E-03
   0.85626E+02   0.14633E-07
   0.85653E+02   0.10930E-04
   0.85673E+02   0.13887E-03
   0.85681E+02   0.56528E-09
   0.85689E+02   0.24311E-04
   0.85713E+02   0.27582E-06
   0.85865E+02   0.11262E-05
   0.85956E+02   0.72554E-14
   0.86264E+02   0.82691E-04
   0.86294E+02   0.33014E-03
   0.86357E+02   0.20759E-03
   0.86378E+02   0.76671E-06
   0.86428E+02   0.69625E-03
   0.86513E+02   0.40082E-06
   0.86621E+02   0.39752E-04
   0.86712E+02   0.75683E-14
   0.86727E+02   0.62614E-04
   0.86789E+02   0.55907E-02
   0.86855E+02   0.26944E-05
   0.86972E+02   0.43853E-13
   0.86989E+02   0.12350E-07
   0.87005E+02   0.18806E-16
   0.87044E+02   0.12468E-04
   0.87254E+02   0.96253E-08
   0.87327E+02   0.97251E-09
   0.87340E+02   0.20426E-09
   0.87404E+02   0.32831E-03
   0.87425E+02   0.55080E-07
   0.87557E+02   0.49225E-09
   0.87645E+02   0.82429E-04
   0.87667E+02   0.23279E-04
   0.87668E+02   0.18835E-06
   0.87671E+02   0.87859E-09
   0.87744E+02   0.19741E-05
   0.87836E+02   0.36851E-03
   0.87858E+02   0.19014E-05
   0.87879E+02   0.24867E-04
   0.87908E+02   0.95450E-12
   0.87987E+02   0.55607E-02
   0.88007E+02   0.93504E-07
   0.88043E+02   0.10198E-04
   0.88175E+02   0.16640E-05
   0.88196E+02   0.14790E-12
   0.88300E+02   0.16585E-03
   0.88356E+02   0.54509E-08
   0.88363E+02   0.83711E-07
   0.88427E+02   0.45748E-05
   0.88430E+02   0.91981E-04
   0.88497E+02   0.35238E-06
   0.88514E+02   0.25757E-05
   0.88542E+02   0.72573E-05
   0.88568E+02   0.35268E-03
   0.88698E+02   0.85312E-03
   0.88725E+02   0.41534E-06
   0.88737E+02   0.21653E-07
   0.88750E+02   0.13394E-05
   0.88857E+02   0.34068E-04
   0.88869E+02   0.52933E-06
   0.88882E+02   0.14732E-06
   0.88935E+02   0.11517E-07
   0.88996E+02   0.27905E-09
   0.89055E+02   0.25085E-04
   0.89140E+02   0.19231E-04
   0.89144E+02   0.60574E-06
   0.89184E+02   0.95129E-03
   0.89194E+02   0.87330E-04
   0.89226E+02   0.72446E-03
   0.89253E+02   0.24038E-06
   0.89287E+02   0.55315E-05
   0.89355E+02   0.10907E-03
   0.89543E+02   0.29253E-04
   0.89552E+02   0.40265E-05
   0.89705E+02   0.62916E-14
   0.89786E+02   0.51811E-04
   0.89792E+02   0.20281E-02
   0.89841E+02   0.12473E-02
   0.89846E+02   0.48964E-03
   0.89866E+02   0.27707E-06
   0.89882E+02   0.12106E-04
   0.89885E+02   0.50761E-06
   0.89932E+02   0.28720E-06
   0.89956E+02   0.10845E-03
   0.89978E+02   0.68458E-03
   0.89982E+02   0.19320E-07
   0.90009E+02   0.17140E-03
   0.90086E+02   0.15849E-13
   0.90137E+02   0.38749E-07
   0.90186E+02   0.84202E-08
   0.90235E+02   0.15969E-03
   0.90242E+02   0.39286E-05
   0.90269E+02   0.81369E-04
   0.90424E+02   0.22896E-17
   0.90464E+02   0.19550E-05
   0.90502E+02   0.40327E-10
   0.90551E+02   0.29903E-05
   0.90667E+02   0.91680E-07
   0.90807E+02   0.58797E-06
   0.90958E+02   0.99173E-04
   0.91036E+02   0.10020E-04
   0.91099E+02   0.21129E-03
   0.91168E+02   0.15275E-03
   0.91223E+02   0.51938E-08
   0.91255E+02   0.33775E-05
   0.91288E+02   0.12280E-08
   0.91297E+02   0.26260E-04
   0.91309E+02   0.41469E-04
   0.91320E+02   0.18647E-08
   0.91371E+02   0.54308E-08
   0.91372E+02   0.94409E-12
   0.91398E+02   0.88100E-05
   0.91407E+02   0.57885E-10
   0.91419E+02   0.40795E-05
   0.91438E+02   0.58759E-08
   0.91542E+02   0.97800E-05
   0.91546E+02   0.61737E-06
   0.91556E+02   0.43978E-06
   0.91575E+02   0.87909E-07
   0.91581E+02   0.45316E-05
   0.91619E+02   0.94652E-06
   0.91651E+02   0.18455E-08
   0.91682E+02   0.30109E-04
   0.91690E+02   0.39835E-05
   0.91759E+02   0.39706E-04
   0.91789E+02   0.60334E-09
   0.91838E+02   0.21810E-04
   0.91853E+02   0.28165E-05
   0.91872E+02   0.45245E-04
   0.91883E+02   0.38956E-02
   0.91928E+02   0.49403E-08
   0.91936E+02   0.34974E-04
   0.91951E+02   0.22115E-08
   0.91968E+02   0.10946E-03
   0.92029E+02   0.26079E-05
   0.92091E+02   0.36249E-08
   0.92174E+02   0.57572E-06
   0.92189E+02   0.30069E-04
   0.92207E+02   0.24462E-04
   0.92235E+02   0.97156E-04
   0.92239E+02   0.48285E-05
   0.92282E+02   0.30408E-04
   0.92288E+02   0.34720E-05
   0.92339E+02   0.48311E-09
   0.92366E+02   0.77002E-03
   0.92370E+02   0.17629E-04
   0.92454E+02   0.28475E-10
   0.92463E+02   0.39760E-09
   0.92537E+02   0.69092E-03
   0.92549E+02   0.69771E-05
   0.92551E+02   0.14177E-06
   0.92552E+02   0.11312E-07
   0.92567E+02   0.10138E-07
   0.92704E+02   0.87089E-09
   0.92716E+02   0.32870E-05
   0.92778E+02   0.43967E-04
   0.92795E+02   0.13018E-05
   0.92795E+02   0.16265E-09
   0.92812E+02   0.22889E-06
   0.92820E+02   0.23044E-05
   0.92841E+02   0.57111E-04
   0.92851E+02   0.62083E-05
   0.92874E+02   0.21102E-03
   0.92917E+02   0.57455E-07
   0.92955E+02   0.10288E-04
   0.93050E+02   0.20555E-14
   0.93053E+02   0.55365E-03
   0.93067E+02   0.44674E-06
   0.93180E+02   0.61654E-04
   0.93208E+02   0.65842E-08
   0.93210E+02   0.99096E-04
   0.93278E+02   0.59220E-11
   0.93325E+02   0.35587E-07
   0.93351E+02   0.45099E-09
   0.93500E+02   0.33825E-05
   0.93517E+02   0.33575E-03
   0.93523E+02   0.93931E-05
   0.93532E+02   0.34998E-04
   0.93635E+02   0.24565E-04
   0.93691E+02   0.55180E-03
   0.93719E+02   0.12054E-05
   0.93760E+02   0.95557E-08
   0.93812E+02   0.14689E-17
   0.93914E+02   0.47589E-03
   0.93951E+02   0.17146E-05
   0.94002E+02   0.72351E-08
   0.94019E+02   0.47458E-06
   0.94040E+02   0.53414E-06
   0.94102E+02   0.39517E-04
   0.94210E+02   0.11961E-08
   0.94292E+02   0.30779E-07
   0.94375E+02   0.20785E-05
   0.94391E+02   0.98313E-07
   0.94394E+02   0.86799E-04
   0.94444E+02   0.63582E-03
   0.94446E+02   0.34122E-04
   0.94471E+02   0.15686E-09
   0.94484E+02   0.24624E-05
   0.94530E+02   0.11311E-08
   0.94532E+02   0.78071E-04
   0.94581E+02   0.18894E-03
   0.94586E+02   0.23519E-10
   0.94652E+02   0.41022E-04
   0.94700E+02   0.71933E-10
   0.94795E+02   0.17722E-04
   0.94796E+02   0.19669E-11
   0.94802E+02   0.32073E-04
   0.94856E+02   0.67583E-05
   0.94868E+02   0.90685E-08
   0.94923E+02   0.98813E-03
   0.94931E+02   0.28145E-06
   0.94947E+02   0.36147E-04
   0.95086E+02   0.50040E-08
   0.95103E+02   0.58829E-08
   0.95131E+02   0.29973E-05
   0.95154E+02   0.29579E-14
   0.95219E+02   0.29848E-07
   0.95229E+02   0.24287E-08
   0.95260E+02   0.15431E-05
   0.95267E+02   0.35588E-03
   0.95272E+02   0.96853E-04
   0.95276E+02   0.27758E-04
   0.95352E+02   0.80849E-04
   0.95363E+02   0.64911E-08
   0.95364E+02   0.27671E-12
   0.95376E+02   0.55932E-04
   0.95396E+02   0.60930E-06
   0.95417E+02   0.15972E-06
   0.95421E+02   0.95717E-08
   0.95444E+02   0.47626E-11
   0.95604E+02   0.13398E-09
   0.95608E+02   0.27140E-05
   0.95629E+02   0.47610E-05
   0.95644E+02   0.11025E-12
   0.95685E+02   0.91326E-04
   0.95746E+02   0.81255E-07
   0.95834E+02   0.38605E-12
   0.95951E+02   0.29385E-09
   0.96037E+02   0.19089E-04
   0.96079E+02   0.14967E-12
   0.96089E+02   0.48471E-04
   0.96095E+02   0.16765E-06
   0.96103E+02   0.96006E-07
   0.96105E+02   0.19431E-06
   0.96137E+02   0.20619E-07
   0.96289E+02   0.62368E-04
   0.96295E+02   0.26328E-04
   0.96330E+02   0.26669E-14
   0.96376E+02   0.18961E-04
   0.96397E+02   0.12350E-06
   0.96403E+02   0.10033E-02
   0.96404E+02   0.11071E-05
   0.96410E+02   0.19008E-08
   0.96470E+02   0.39128E-03
   0.96527E+02   0.17023E-04
   0.96556E+02   0.32919E-12
   0.96650E+02   0.95887E-06
   0.96722E+02   0.11406E-03
   0.96931E+02   0.11888E-03
   0.96986E+02   0.13023E-06
   0.97015E+02   0.19656E-02
   0.97041E+02   0.74877E-03
   0.97078E+02   0.40268E-06
   0.97132E+02   0.16568E-11
   0.97252E+02   0.72638E-12
   0.97383E+02   0.10233E-07
   0.97443E+02   0.93970E-04
   0.97545E+02   0.62037E-05
   0.97594E+02   0.12812E-05
   0.97613E+02   0.36173E-04
   0.97617E+02   0.79681E-05
   0.97655E+02   0.62252E-05
   0.97743E+02   0.45269E-12
   0.97751E+02   0.24070E-02
   0.97810E+02   0.20146E-03
   0.97816E+02   0.90540E-04
   0.97923E+02   0.16114E-13
   0.97927E+02   0.86626E-04
   0.97956E+02   0.98098E-12
   0.98059E+02   0.12163E-03
   0.98144E+02   0.81503E-16
   0.98155E+02   0.37227E-05
   0.98177E+02   0.59551E-04
   0.98188E+02   0.15493E-09
   0.98222E+02   0.26636E-04
   0.98251E+02   0.28626E-12
   0.98446E+02   0.11273E-04
   0.98503E+02   0.12249E-03
   0.98549E+02   0.33829E-06
   0.98557E+02   0.85538E-07
   0.98601E+02   0.10641E-09
   0.98628E+02   0.74061E-08
   0.98719E+02   0.45258E-13
   0.98768E+02   0.44531E-04
   0.98799E+02   0.99881E-07
   0.98800E+02   0.20548E-07
   0.98854E+02   0.43006E-09
   0.98916E+02   0.63803E-03
   0.98922E+02   0.74303E-05
   0.98934E+02   0.98677E-04
   0.98956E+02   0.38386E-09
   0.99032E+02   0.16633E-05
   0.99217E+02   0.48673E-04
   0.99355E+02   0.80343E-09
   0.99358E+02   0.60535E-08
   0.99383E+02   0.44929E-03
   0.99396E+02   0.13568E-03
   0.99500E+02   0.25692E-08
   0.99500E+02   0.52042E-08
   0.99579E+02   0.26870E-04
   0.99579E+02   0.77829E-11
   0.99664E+02   0.72764E-04
   0.99680E+02   0.21545E-09
   0.99747E+02   0.79680E-07
   0.99753E+02   0.15712E-05
   0.99769E+02   0.53392E-04
   0.99785E+02   0.11616E-04
   0.99820E+02   0.10992E-13
   0.99888E+02   0.27790E-04
   0.99914E+02   0.62552E-04
   0.99919E+02   0.38336E-03
   0.99935E+02   0.14113E-04
   0.10005E+03   0.79238E-04
   0.10005E+03   0.13999E-02
   0.10012E+03   0.72644E-05
   0.10012E+03   0.65584E-05
   0.10021E+03   0.91049E-06
   0.10024E+03   0.38066E-05
   0.10025E+03   0.13074E-04
   0.10027E+03   0.49676E-04
   0.10030E+03   0.70094E-09
   0.10032E+03   0.28811E-06
   0.10046E+03   0.17639E-04
   0.10047E+03   0.70198E-09
   0.10051E+03   0.17849E-07
   0.10051E+03   0.35477E-04
   0.10056E+03   0.20138E-13
   0.10058E+03   0.94584E-08
   0.10064E+03   0.44386E-04
   0.10066E+03   0.51332E-09
   0.10067E+03   0.55036E-04
   0.10067E+03   0.15150E-05
   0.10069E+03   0.13447E-03
   0.10070E+03   0.16483E-06
   0.10076E+03   0.18059E-05
   0.10076E+03   0.13948E-07
   0.10078E+03   0.10175E-03
   0.10078E+03   0.22972E-15
   0.10084E+03   0.18105E-03
   0.10085E+03   0.77942E-03
   0.10088E+03   0.20031E-04
   0.10095E+03   0.12159E-09
   0.10100E+03   0.85517E-05
   0.10121E+03   0.15837E-07
   0.10123E+03   0.15146E-09
   0.10125E+03   0.99274E-11
   0.10125E+03   0.28196E-15
   0.10133E+03   0.72155E-04
   0.10138E+03   0.22218E-12
   0.10138E+03   0.51521E-03
   0.10143E+03   0.29982E-03
   0.10148E+03   0.43158E-04
   0.10153E+03   0.42925E-16
   0.10173E+03   0.58271E-06
   0.10178E+03   0.46217E-04
   0.10178E+03   0.19532E-03
   0.10194E+03   0.24487E-02
   0.10213E+03   0.31816E-04
   0.10216E+03   0.67059E-05
   0.10217E+03   0.60264E-04
   0.10219E+03   0.12160E-05
   0.10222E+03   0.36759E-06
   0.10224E+03   0.32132E-07
   0.10224E+03   0.27010E-04
   0.10225E+03   0.76008E-09
   0.10228E+03   0.13320E-05
   0.10240E+03   0.67659E-05
   0.10249E+03   0.25950E-04
   0.10251E+03   0.82842E-03
   0.10252E+03   0.59686E-03
   0.10255E+03   0.23585E-03
   0.10258E+03   0.10918E-04
   0.10264E+03   0.42068E-04
   0.10269E+03   0.19547E-05
   0.10270E+03   0.28037E-04
   0.10279E+03   0.78723E-04
   0.10285E+03   0.78291E-05
   0.10286E+03   0.28227E-03
   0.10289E+03   0.88655E-04
   0.10298E+03   0.15677E-09
   0.10299E+03   0.44358E-07
   0.10300E+03   0.39043E-04
   0.10304E+03   0.11876E-14
   0.10308E+03   0.25799E-11
   0.10315E+03   0.31563E-03
   0.10319E+03   0.72874E-11
   0.10334E+03   0.23613E-03
   0.10334E+03   0.89401E-03
   0.10339E+03   0.36600E-08
   0.10339E+03   0.74061E-03
   0.10341E+03   0.13438E-04
   0.10341E+03   0.29343E-14
   0.10349E+03   0.13844E-04
   0.10359E+03   0.39391E-05
   0.10359E+03   0.91005E-04
   0.10359E+03   0.14674E-03
   0.10360E+03   0.37839E-04
   0.10362E+03   0.29029E-04
   0.10369E+03   0.77003E-04
   0.10371E+03   0.49846E-18
   0.10380E+03   0.54201E-03
   0.10380E+03   0.57991E-07
   0.10382E+03   0.18995E-11
   0.10384E+03   0.51333E-05
   0.10384E+03   0.21196E-05
   0.10387E+03   0.68254E-05
   0.10388E+03   0.24930E-07
   0.10389E+03   0.43483E-04
   0.10396E+03   0.81512E-04
   0.10401E+03   0.16041E-03
   0.10401E+03   0.31646E-04
   0.10405E+03   0.47202E-05
   0.10409E+03   0.17422E-04
   0.10414E+03   0.11533E-04
   0.10421E+03   0.11919E-08
   0.10424E+03   0.40567E-09
   0.10430E+03   0.13567E-11
   0.10432E+03   0.83438E-09
   0.10435E+03   0.12407E-04
   0.10437E+03   0.65969E-04
   0.10440E+03   0.18120E-10
   0.10440E+03   0.85803E-04
   0.10444E+03   0.27623E-09
   0.10447E+03   0.10840E-03
   0.10448E+03   0.19315E-04
   0.10449E+03   0.22463E-08
   0.10455E+03   0.30871E-04
   0.10455E+03   0.12359E-03
   0.10462E+03   0.23985E-03
   0.10462E+03   0.54842E-06
   0.10471E+03   0.12523E-06
   0.10472E+03   0.48887E-04
   0.10474E+03   0.37017E-09
   0.10475E+03   0.61032E-03
   0.10477E+03   0.42543E-09
   0.10477E+03   0.10356E-04
   0.10478E+03   0.38887E-07
   0.10480E+03   0.40676E-04
   0.10482E+03   0.57918E-04
   0.10488E+03   0.10618E-03
   0.10488E+03   0.49328E-05
   0.10507E+03   0.54725E-06
   0.10508E+03   0.31541E-06
   0.10515E+03   0.35481E-04
   0.10516E+03   0.57691E-03
   0.10517E+03   0.82521E-05
   0.10517E+03   0.43142E-04
   0.10519E+03   0.40144E-08
   0.10523E+03   0.36841E-04
   0.10524E+03   0.24002E-09
   0.10534E+03   0.55033E-05
   0.10535E+03   0.16296E-09
   0.10536E+03   0.11092E-02
   0.10536E+03   0.58189E-07
   0.10539E+03   0.36441E-07
   0.10539E+03   0.75876E-06
   0.10540E+03   0.71172E-04
   0.10541E+03   0.11380E-05
   0.10542E+03   0.57907E-06
   0.10544E+03   0.56403E-04
   0.10546E+03   0.13983E-06
   0.10546E+03   0.19541E-03
   0.10550E+03   0.29684E-07
   0.10554E+03   0.80976E-10
   0.10562E+03   0.66793E-07
   0.10564E+03   0.15872E-04
   0.10567E+03   0.13159E-09
   0.10574E+03   0.62339E-04
   0.10583E+03   0.14715E-04
   0.10586E+03   0.38761E-16
   0.10587E+03   0.17649E-03
   0.10587E+03   0.38273E-06
   0.10589E+03   0.61119E-05
   0.10603E+03   0.33816E-04
   0.10613E+03   0.14525E-08
   0.10613E+03   0.12795E-08
   0.10627E+03   0.68695E-09
   0.10631E+03   0.24746E-03
   0.10632E+03   0.69465E-04
   0.10635E+03   0.11943E-05
   0.10641E+03   0.41005E-04
   0.10647E+03   0.86845E-04
   0.10650E+03   0.17247E-04
   0.10654E+03   0.53143E-04
   0.10656E+03   0.39508E-04
   0.10660E+03   0.48943E-05
   0.10660E+03   0.75002E-16
   0.10667E+03   0.89826E-05
   0.10670E+03   0.72166E-03
   0.10673E+03   0.85012E-05
   0.10675E+03   0.14327E-03
   0.10680E+03   0.14144E-03
   0.10681E+03   0.71239E-04
   0.10683E+03   0.41310E-03
   0.10683E+03   0.70368E-04
   0.10698E+03   0.14937E-09
   0.10699E+03   0.55759E-04
   0.10700E+03   0.91184E-04
   0.10715E+03   0.10153E-03
   0.10717E+03   0.14487E-03
   0.10728E+03   0.20614E-12
   0.10729E+03   0.35486E-09
   0.10730E+03   0.73705E-09
   0.10733E+03   0.15865E-11
   0.10733E+03   0.79536E-09
   0.10737E+03   0.20195E-03
   0.10739E+03   0.18843E-06
   0.10740E+03   0.19652E-03
   0.10749E+03   0.29136E-13
   0.10752E+03   0.30068E-04
   0.10760E+03   0.14547E-04
   0.10761E+03   0.64786E-04
   0.10764E+03   0.69718E-05
   0.10765E+03   0.43147E-04
   0.10770E+03   0.14085E-03
   0.10773E+03   0.26226E-10
   0.10782E+03   0.45190E-03
   0.10805E+03   0.77046E-05
   0.10805E+03   0.33280E-12
   0.10812E+03   0.63012E-04
   0.10821E+03   0.21131E-09
   0.10831E+03   0.15138E-03
   0.10837E+03   0.94939E-03
   0.10838E+03   0.21407E-06
   0.10842E+03   0.46811E-12
   0.10852E+03   0.68524E-04
   0.10857E+03   0.26500E-03
   0.10860E+03   0.20288E-11
   0.10871E+03   0.65383E-13
   0.10883E+03   0.24648E-05
   0.10897E+03   0.27701E-04
   0.10905E+03   0.48491E-03
   0.10918E+03   0.14172E-10
   0.10919E+03   0.15321E-03
   0.10922E+03   0.67889E-10
   0.10925E+03   0.29975E-03
   0.10925E+03   0.74814E-04
   0.10929E+03   0.36050E-10
   0.10943E+03   0.68682E-06
   0.10947E+03   0.14939E-03
   0.10947E+03   0.21746E-05
   0.10948E+03   0.10586E-03
   0.10949E+03   0.69660E-04
   0.10958E+03   0.17306E-02
   0.10976E+03   0.52484E-04
   0.10980E+03   0.37423E-04
   0.10983E+03   0.66099E-03
   0.10990E+03   0.16196E-04
   0.10994E+03   0.16213E-08
   0.11009E+03   0.80126E-05
   0.11010E+03   0.18201E-11
   0.11012E+03   0.16230E-03
   0.11013E+03   0.66221E-04
   0.11028E+03   0.14004E-08
   0.11028E+03   0.28485E-03
   0.11030E+03   0.18517E-03
   0.11033E+03   0.54956E-10
   0.11047E+03   0.37275E-10
   0.11052E+03   0.62162E-04
   0.11055E+03   0.15363E-11
   0.11076E+03   0.13638E-03
   0.11076E+03   0.47352E-09
   0.11088E+03   0.10885E-11
   0.11089E+03   0.48268E-05
   0.11090E+03   0.50728E-09
   0.11096E+03   0.31425E-09
   0.11106E+03   0.69389E-03
   0.11106E+03   0.13145E-03
   0.11112E+03   0.29076E-04
   0.11123E+03   0.17424E-10
   0.11133E+03   0.10424E-04
   0.11149E+03   0.10298E-03
   0.11150E+03   0.14922E-03
   0.11163E+03   0.66838E-04
   0.11165E+03   0.36122E-11
   0.11170E+03   0.48086E-04
   0.11171E+03   0.20467E-06
   0.11171E+03   0.58980E-07
   0.11174E+03   0.49121E-09
   0.11181E+03   0.26240E-03
   0.11183E+03   0.45333E-04
   0.11186E+03   0.12575E-12
   0.11193E+03   0.18469E-03
   0.11203E+03   0.24517E-09
   0.11208E+03   0.66865E-04
   0.11220E+03   0.13159E-06
   0.11240E+03   0.16039E-09
   0.11255E+03   0.21282E-03
   0.11264E+03   0.10498E-03
   0.11265E+03   0.38491E-03
   0.11298E+03   0.11355E-03
   0.11299E+03   0.44801E-09
   0.11309E+03   0.48160E-09
   0.11322E+03   0.47208E-04
   0.11344E+03   0.34006E-10
   0.11350E+03   0.14499E-08
   0.11362E+03   0.15130E-03
   0.11365E+03   0.46427E-03
   0.11368E+03   0.10126E-07
   0.11379E+03   0.60841E-04
   0.11383E+03   0.14768E-03
   0.11383E+03   0.58480E-10
   0.11384E+03   0.20926E-03
   0.11418E+03   0.31956E-03
   0.11423E+03   0.12507E-03
   0.11426E+03   0.63358E-04
   0.11433E+03   0.30374E-10
   0.11433E+03   0.10051E-03
   0.11434E+03   0.16576E-09
   0.11439E+03   0.97697E-07
   0.11440E+03   0.81166E-04
   0.11442E+03   0.52707E-03
   0.11443E+03   0.74107E-10
   0.11448E+03   0.38778E-09
   0.11460E+03   0.87507E-05
   0.11464E+03   0.11033E-03
   0.11465E+03   0.86931E-10
   0.11465E+03   0.28641E-03
   0.11473E+03   0.63900E-05
   0.11475E+03   0.71882E-04
   0.11480E+03   0.25823E-05
   0.11480E+03   0.26540E-05
   0.11495E+03   0.14156E-03
   0.11498E+03   0.11803E-07
   0.11501E+03   0.70267E-03
   0.11505E+03   0.14624E-04
   0.11514E+03   0.85271E-04
   0.11515E+03   0.91842E-04
   0.11517E+03   0.24138E-03
   0.11517E+03   0.16091E-08
   0.11518E+03   0.18190E-08
   0.11520E+03   0.11439E-09
   0.11525E+03   0.16623E-04
   0.11544E+03   0.13337E-04
   0.11550E+03   0.10207E-03
   0.11557E+03   0.25522E-04
   0.11567E+03   0.10392E-03
   0.11567E+03   0.24646E-12
   0.11571E+03   0.52719E-04
   0.11573E+03   0.12792E-09
   0.11575E+03   0.28026E-05
   0.11587E+03   0.13695E-03
   0.11591E+03   0.97261E-03
   0.11595E+03   0.44846E-13
   0.11599E+03   0.11393E-03
   0.11621E+03   0.36952E-04
   0.11621E+03   0.14616E-06
   0.11625E+03   0.81333E-04
   0.11628E+03   0.38872E-04
   0.11637E+03   0.64464E-07
   0.11639E+03   0.16010E-06
   0.11642E+03   0.47466E-10
   0.11643E+03   0.22652E-03
   0.11649E+03   0.66471E-04
   0.11652E+03   0.87654E-04
   0.11664E+03   0.81112E-12
   0.11671E+03   0.19868E-03
   0.11677E+03   0.34386E-04
   0.11694E+03   0.47166E-03
   0.11695E+03   0.23874E-05
   0.11696E+03   0.12968E-05
   0.11705E+03   0.23419E-04
   0.11705E+03   0.13672E-11
   0.11709E+03   0.23790E-10
   0.11714E+03   0.52240E-04
   0.11717E+03   0.73056E-04
   0.11719E+03   0.74194E-04
   0.11730E+03   0.22017E-03
   0.11731E+03   0.10438E-03
   0.11744E+03   0.53113E-03
   0.11747E+03   0.73630E-04
   0.11748E+03   0.19453E-15
   0.11776E+03   0.59915E-05
   0.11782E+03   0.24472E-15
   0.11787E+03   0.11365E-03
   0.11789E+03   0.64257E-03
   0.11789E+03   0.14406E-03
   0.11791E+03   0.11393E-03
   0.11794E+03   0.58388E-04
   0.11797E+03   0.15939E-05
   0.11799E+03   0.95722E-04
   0.11800E+03   0.15319E-03
   0.11800E+03   0.25982E-03
   0.11805E+03   0.39098E-18
   0.11807E+03   0.99606E-04
   0.11814E+03   0.21864E-15
   0.11823E+03   0.71899E-04
   0.11825E+03   0.12313E-10
   0.11825E+03   0.10742E-09
   0.11825E+03   0.35981E-11
   0.11829E+03   0.37597E-04
   0.11833E+03   0.15272E-03
   0.11834E+03   0.32283E-11
   0.11840E+03   0.57947E-04
   0.11846E+03   0.15297E-03
   0.11851E+03   0.13785E-11
   0.11857E+03   0.22770E-12
   0.11875E+03   0.62353E-05
   0.11878E+03   0.41752E-05
   0.11881E+03   0.43519E-13
   0.11881E+03   0.65688E-06
   0.11885E+03   0.21018E-10
   0.11889E+03   0.11579E-03
   0.11892E+03   0.17643E-04
   0.11892E+03   0.18186E-04
   0.11898E+03   0.13639E-03
   0.11900E+03   0.12079E-07
   0.11909E+03   0.19208E-03
   0.11911E+03   0.10030E-03
   0.11917E+03   0.51364E-03
   0.11919E+03   0.42942E-03
   0.11923E+03   0.40594E-03
   0.11924E+03   0.15581E-07
   0.11934E+03   0.35923E-09
   0.11953E+03   0.10106E-03
   0.11955E+03   0.28026E-10
   0.11958E+03   0.47334E-04
   0.11963E+03   0.67712E-03
   0.11966E+03   0.52284E-15
   0.11967E+03   0.13762E-03
   0.11970E+03   0.20104E-09
   0.11976E+03   0.65635E-04
   0.11976E+03   0.12640E-03
   0.11979E+03   0.11809E-09
   0.11990E+03   0.33131E-04
   0.11993E+03   0.12497E-07
   0.11995E+03   0.15259E-03
   0.11997E+03   0.16434E-10
   0.12000E+03   0.86017E-05
   0.12006E+03   0.34893E-09
   0.12006E+03   0.31510E-03
   0.12027E+03   0.10803E-03
   0.12030E+03   0.67570E-04
   0.12032E+03   0.69627E-11
   0.12033E+03   0.48419E-11
   0.12045E+03   0.17115E-18
   0.12049E+03   0.60875E-05
   0.12053E+03   0.11376E-05
   0.12054E+03   0.17600E-02
   0.12057E+03   0.43371E-04
   0.12070E+03   0.29974E-05
   0.12085E+03   0.16822E-03
   0.12088E+03   0.15545E-08
   0.12089E+03   0.41592E-04
   0.12092E+03   0.26842E-03
   0.12098E+03   0.47308E-09
   0.12099E+03   0.27849E-04
   0.12118E+03   0.42153E-04
   0.12123E+03   0.29394E-12
   0.12132E+03   0.93501E-10
   0.12151E+03   0.29735E-03
   0.12181E+03   0.20466E-04
   0.12183E+03   0.53938E-12
   0.12194E+03   0.70419E-03
   0.12211E+03   0.12412E-03
   0.12215E+03   0.49191E-04
   0.12247E+03   0.20521E-10
   0.12252E+03   0.39281E-09
   0.12255E+03   0.18219E-04
   0.12270E+03   0.32397E-09
   0.12273E+03   0.25612E-10
   0.12274E+03   0.24791E-10
   0.12285E+03   0.22266E-06
   0.12293E+03   0.27437E-04
   0.12298E+03   0.15783E-03
   0.12299E+03   0.19075E-04
   0.12305E+03   0.21731E-04
   0.12311E+03   0.10768E-03
   0.12336E+03   0.21770E-10
   0.12338E+03   0.64433E-04
   0.12340E+03   0.30219E-04
   0.12354E+03   0.41126E-04
   0.12359E+03   0.15303E-09
   0.12367E+03   0.12853E-03
   0.12377E+03   0.46272E-05
   0.12386E+03   0.30892E-03
   0.12392E+03   0.40017E-04
   0.12393E+03   0.79896E-04
   0.12397E+03   0.88950E-04
   0.12414E+03   0.33663E-03
   0.12420E+03   0.11588E-10
   0.12428E+03   0.15304E-10
   0.12432E+03   0.10838E-10
   0.12448E+03   0.29316E-10
   0.12450E+03   0.12676E-04
   0.12456E+03   0.58245E-11
   0.12457E+03   0.65843E-05
   0.12463E+03   0.66839E-04
   0.12476E+03   0.61846E-04
   0.12478E+03   0.39469E-10
   0.12486E+03   0.86345E-04
   0.12515E+03   0.93305E-04
   0.12517E+03   0.31920E-04
   0.12522E+03   0.17975E-03
   0.12522E+03   0.37151E-06
   0.12535E+03   0.18722E-04
   0.12537E+03   0.94493E-03
   0.12541E+03   0.84172E-04
   0.12543E+03   0.25933E-03
   0.12555E+03   0.46261E-09
   0.12557E+03   0.78402E-04
   0.12558E+03   0.87398E-04
   0.12576E+03   0.29706E-03
   0.12583E+03   0.16576E-03
   0.12596E+03   0.65003E-04
   0.12598E+03   0.19153E-10
   0.12622E+03   0.44712E-10
   0.12625E+03   0.55693E-04
   0.12630E+03   0.28587E-10
   0.12639E+03   0.70772E-04
   0.12639E+03   0.95034E-05
   0.12640E+03   0.64258E-04
   0.12650E+03   0.22697E-11
   0.12659E+03   0.19668E-11
   0.12665E+03   0.14308E-03
   0.12671E+03   0.71149E-04
   0.12692E+03   0.16310E-04
   0.12694E+03   0.32521E-06
   0.12703E+03   0.11093E-03
   0.12717E+03   0.21918E-11
   0.12724E+03   0.27334E-03
   0.12731E+03   0.17013E-03
   0.12743E+03   0.96777E-06
   0.12748E+03   0.88184E-11
   0.12768E+03   0.44474E-04
   0.12778E+03   0.19445E-10
   0.12783E+03   0.51007E-04
   0.12785E+03   0.38596E-09
   0.12793E+03   0.15095E-03
   0.12795E+03   0.16941E-10
   0.12804E+03   0.60029E-04
   0.12828E+03   0.62174E-10
   0.12829E+03   0.30255E-03
   0.12860E+03   0.25655E-04
   0.12865E+03   0.40218E-05
   0.12885E+03   0.45771E-03
   0.12885E+03   0.15388E-03
   0.12928E+03   0.22196E-03
   0.12960E+03   0.13038E-10
   0.12973E+03   0.14647E-03
   0.12976E+03   0.47662E-04
   0.12980E+03   0.57518E-04
   0.13006E+03   0.16408E-04
   0.13006E+03   0.97191E-04
   0.13009E+03   0.24260E-03
   0.13022E+03   0.12268E-03
   0.13036E+03   0.61315E-06
   0.13037E+03   0.79378E-04
   0.13044E+03   0.12877E-10
   0.13049E+03   0.34201E-10
   0.13057E+03   0.68566E-04
   0.13077E+03   0.39014E-10
   0.13078E+03   0.23882E-04
   0.13088E+03   0.83971E-10
   0.13095E+03   0.32675E-03
   0.13097E+03   0.27518E-10
   0.13101E+03   0.73803E-03
   0.13102E+03   0.11741E-03
   0.13103E+03   0.12590E-07
   0.13109E+03   0.11843E-09
   0.13129E+03   0.96770E-04
   0.13139E+03   0.28349E-04
   0.13141E+03   0.89462E-10
   0.13144E+03   0.19921E-03
   0.13160E+03   0.12455E-09
   0.13166E+03   0.24169E-03
   0.13169E+03   0.14102E-04
   0.13171E+03   0.99848E-10
   0.13186E+03   0.71030E-04
   0.13187E+03   0.13629E-09
   0.13227E+03   0.44153E-11
   0.13230E+03   0.96032E-04
   0.13230E+03   0.11543E-06
   0.13232E+03   0.60142E-04
   0.13251E+03   0.23460E-04
   0.13252E+03   0.14033E-03
   0.13260E+03   0.16666E-08
   0.13261E+03   0.12176E-02
   0.13265E+03   0.12402E-03
   0.13291E+03   0.17641E-04
   0.13303E+03   0.18942E-04
   0.13314E+03   0.43349E-10
   0.13338E+03   0.18377E-04
   0.13344E+03   0.53052E-04
   0.13352E+03   0.31199E-04
   0.13359E+03   0.87915E-04
   0.13364E+03   0.17112E-05
   0.13364E+03   0.11733E-03
   0.13378E+03   0.33072E-05
   0.13379E+03   0.15949E-03
   0.13386E+03   0.75647E-04
   0.13387E+03   0.11938E-10
   0.13392E+03   0.13100E-11
   0.13404E+03   0.46517E-06
   0.13408E+03   0.35229E-03
   0.13418E+03   0.19233E-05
   0.13419E+03   0.50386E-05
   0.13428E+03   0.14081E-04
   0.13429E+03   0.17797E-10
   0.13431E+03   0.47655E-11
   0.13441E+03   0.82869E-11
   0.13458E+03   0.67349E-04
   0.13478E+03   0.14497E-09
   0.13487E+03   0.55394E-04
   0.13489E+03   0.57589E-05
   0.13520E+03   0.14886E-04
   0.13528E+03   0.36346E-04
   0.13534E+03   0.46783E-04
   0.13546E+03   0.17857E-10
   0.13547E+03   0.60198E-04
   0.13583E+03   0.70598E-05
   0.13595E+03   0.68881E-13
   0.13602E+03   0.31252E-11
   0.13624E+03   0.10856E-03
   0.13628E+03   0.45391E-05
   0.13643E+03   0.87296E-12
   0.13646E+03   0.33551E-11
   0.13655E+03   0.61100E-03
   0.13660E+03   0.13962E-03
   0.13703E+03   0.10768E-04
   0.13712E+03   0.20425E-04
   0.13758E+03   0.18797E-04
   0.13760E+03   0.34102E-04
   0.13767E+03   0.41501E-04
   0.13769E+03   0.73719E-11
   0.13771E+03   0.15172E-05
   0.13786E+03   0.91205E-06
   0.13791E+03   0.18131E-10
   0.13792E+03   0.33276E-10
   0.13803E+03   0.21837E-04
   0.13805E+03   0.33708E-03
   0.13807E+03   0.22724E-07
   0.13813E+03   0.26910E-12
   0.13815E+03   0.47451E-04
   0.13819E+03   0.30869E-04
   0.13819E+03   0.67231E-10
   0.13829E+03   0.41671E-05
   0.13830E+03   0.18660E-04
   0.13834E+03   0.77908E-11
   0.13839E+03   0.11077E-04
   0.13842E+03   0.17714E-10
   0.13846E+03   0.93531E-10
   0.13863E+03   0.62351E-04
   0.13870E+03   0.24370E-05
   0.13874E+03   0.12891E-10
   0.13884E+03   0.20455E-05
   0.13908E+03   0.19378E-04
   0.13931E+03   0.16848E-08
   0.13946E+03   0.56906E-04
   0.13972E+03   0.68471E-04
   0.13978E+03   0.52216E-11
   0.14040E+03   0.63197E-10
   0.14066E+03   0.33451E-07
   0.14074E+03   0.50944E-04
   0.14091E+03   0.67759E-04
   0.14092E+03   0.97063E-04
   0.14093E+03   0.23332E-03
   0.14106E+03   0.53993E-05
   0.14118E+03   0.59412E-04
   0.14144E+03   0.14095E-10
   0.14231E+03   0.28809E-04
   0.14233E+03   0.17757E-11
   0.14245E+03   0.60194E-06
   0.14257E+03   0.32675E-04
   0.14281E+03   0.68077E-05
   0.14305E+03   0.32156E-12
   0.14307E+03   0.58232E-05
   0.14329E+03   0.76457E-04
   0.14337E+03   0.10459E-04
   0.14347E+03   0.25897E-10
   0.14352E+03   0.40254E-03
   0.14356E+03   0.54685E-10
   0.14367E+03   0.78492E-06
   0.14379E+03   0.11035E-03
   0.14393E+03   0.29291E-10
   0.14401E+03   0.22613E-05
   0.14405E+03   0.23000E-04
   0.14421E+03   0.23381E-11
   0.14429E+03   0.12690E-08
   0.14430E+03   0.20365E-04
   0.14454E+03   0.46463E-11
   0.14485E+03   0.65390E-05
   0.14488E+03   0.24997E-10
   0.14494E+03   0.14949E-03
   0.14496E+03   0.11594E-04
   0.14504E+03   0.21642E-05
   0.14507E+03   0.16279E-12
   0.14510E+03   0.12703E-04
   0.14512E+03   0.33551E-12
   0.14520E+03   0.63534E-06
   0.14539E+03   0.10822E-05
   0.14548E+03   0.13127E-04
   0.14550E+03   0.27944E-11
   0.14553E+03   0.73413E-05
   0.14554E+03   0.35653E-05
   0.14567E+03   0.87844E-07
   0.14568E+03   0.13798E-05
   0.14572E+03   0.49973E-03
   0.14614E+03   0.23657E-10
   0.14633E+03   0.22477E-13
   0.14646E+03   0.14940E-04
   0.14650E+03   0.31679E-10
   0.14670E+03   0.16262E-04
   0.14678E+03   0.36424E-12
   0.14698E+03   0.15655E-04
   0.14715E+03   0.45325E-10
   0.14741E+03   0.46415E-04
   0.14745E+03   0.17504E-04
   0.14765E+03   0.96091E-06
   0.14781E+03   0.61651E-05
   0.14788E+03   0.54316E-10
   0.14833E+03   0.11233E-04
   0.14872E+03   0.31008E-04
   0.14879E+03   0.45070E-13
   0.14886E+03   0.47850E-06
   0.14903E+03   0.33799E-04
   0.14904E+03   0.11773E-03
   0.14913E+03   0.27665E-03
   0.14933E+03   0.13210E-03
   0.14940E+03   0.38785E-03
   0.14951E+03   0.32469E-12
   0.14977E+03   0.11344E-05
   0.14979E+03   0.29574E-11
   0.14990E+03   0.82426E-11
   0.14991E+03   0.64788E-05
   0.15015E+03   0.27499E-11
   0.15040E+03   0.22090E-12
   0.15060E+03   0.51938E-05
   0.15063E+03   0.12447E-04
   0.15105E+03   0.59080E-05
   0.15115E+03   0.28626E-05
   0.15136E+03   0.47555E-10
   0.15146E+03   0.14293E-12
   0.15161E+03   0.93501E-06
   0.15171E+03   0.49715E-05
   0.15178E+03   0.53702E-04
   0.15183E+03   0.21202E-10
   0.15186E+03   0.25946E-14
   0.15197E+03   0.34267E-05
   0.15207E+03   0.87397E-04
   0.15212E+03   0.13635E-03
   0.15214E+03   0.68096E-05
   0.15231E+03   0.20663E-11
   0.15243E+03   0.23074E-06
   0.15262E+03   0.77342E-12
   0.15262E+03   0.15966E-06
   0.15275E+03   0.16241E-03
   0.15278E+03   0.71785E-06
   0.15395E+03   0.12380E-04
   0.15404E+03   0.37504E-04
   0.15434E+03   0.24857E-04
   0.15477E+03   0.68492E-06
   0.15498E+03   0.14233E-11
   0.15558E+03   0.31930E-04
   0.15565E+03   0.10042E-03
   0.15568E+03   0.30543E-03
   0.15574E+03   0.50139E-04
   0.15614E+03   0.54058E-13
   0.15623E+03   0.30813E-04
   0.15629E+03   0.88479E-11
   0.15654E+03   0.38070E-05
   0.15657E+03   0.14262E-04
   0.15686E+03   0.74406E-05
   0.15695E+03   0.49732E-04
   0.15695E+03   0.38430E-04
   0.15696E+03   0.25745E-10
   0.15723E+03   0.47887E-04
   0.15730E+03   0.12532E-10
   0.15739E+03   0.40794E-04
   0.15746E+03   0.97821E-05
   0.15753E+03   0.50554E-04
   0.15759E+03   0.22435E-11
   0.15761E+03   0.82326E-05
   0.15771E+03   0.22890E-12
   0.15777E+03   0.99575E-07
   0.15784E+03   0.48944E-05
   0.15788E+03   0.20638E-12
   0.15791E+03   0.15641E-10
   0.15792E+03   0.74356E-12
   0.15799E+03   0.38485E-04
   0.15817E+03   0.73358E-05
   0.15819E+03   0.88159E-04
   0.15833E+03   0.29899E-10
   0.15837E+03   0.39620E-04
   0.15869E+03   0.52889E-12
   0.15878E+03   0.58363E-04
   0.15893E+03   0.12707E-10
   0.15894E+03   0.12494E-04
   0.15941E+03   0.25081E-04
   0.15946E+03   0.14550E-04
   0.15965E+03   0.22832E-05
   0.15981E+03   0.73416E-04
   0.16015E+03   0.48190E-04
   0.16023E+03   0.12412E-10
   0.16035E+03   0.24564E-10
   0.16068E+03   0.19856E-05
   0.16071E+03   0.88984E-04
   0.16089E+03   0.24635E-03
   0.16093E+03   0.21365E-10
   0.16096E+03   0.11401E-03
   0.16125E+03   0.74171E-13
   0.16139E+03   0.10092E-03
   0.16194E+03   0.12957E-11
   0.16203E+03   0.25074E-03
   0.16229E+03   0.29985E-04
   0.16274E+03   0.12417E-03
   0.16288E+03   0.67862E-04
   0.16298E+03   0.16640E-11
   0.16344E+03   0.23862E-10
   0.16393E+03   0.23985E-03
   0.16422E+03   0.16188E-03
   0.16431E+03   0.18415E-03
   0.16463E+03   0.14658E-03
   0.16489E+03   0.77689E-04
   0.16497E+03   0.10648E-11
   0.16553E+03   0.76157E-04
   0.16609E+03   0.59912E-04
   0.16631E+03   0.26158E-11
   0.16735E+03   0.47923E-04
   0.16752E+03   0.37259E-03
   0.16801E+03   0.18719E-11
   0.16827E+03   0.15737E-03
   0.16838E+03   0.19457E-13
   0.16857E+03   0.94705E-04
   0.16857E+03   0.68005E-04
   0.16914E+03   0.27520E-11
   0.16926E+03   0.74775E-04
   0.16980E+03   0.14522E-03
   0.16995E+03   0.67429E-04
   0.16997E+03   0.29968E-11
   0.17022E+03   0.80480E-12
   0.17064E+03   0.17506E-04
   0.17085E+03   0.13293E-03
   0.17087E+03   0.19894E-03
   0.17091E+03   0.29500E-10
   0.17096E+03   0.47219E-04
   0.17103E+03   0.12894E-03
   0.17111E+03   0.62229E-04
   0.17142E+03   0.14386E-10
   0.17142E+03   0.62580E-05
   0.17157E+03   0.52494E-04
   0.17169E+03   0.18996E-12
   0.17225E+03   0.49358E-04
   0.17333E+03   0.98880E-04
   0.17387E+03   0.37658E-10
   0.17392E+03   0.26994E-03
   0.17425E+03   0.14643E-03
   0.17426E+03   0.22259E-10
   0.17434E+03   0.14581E-03
   0.17491E+03   0.11492E-03
   0.17552E+03   0.54609E-12
   0.17582E+03   0.41180E-04
   0.17588E+03   0.77978E-04
   0.17607E+03   0.26489E-03
   0.17651E+03   0.25575E-03
   0.17654E+03   0.45308E-10
   0.17696E+03   0.95064E-13
   0.17733E+03   0.43665E-03
   0.17769E+03   0.17598E-03
   0.17833E+03   0.83263E-04
   0.17850E+03   0.11604E-11
   0.17942E+03   0.87577E-04
   0.18055E+03   0.26368E-03
   0.18140E+03   0.40070E-04
   0.18175E+03   0.28963E-12
   0.18213E+03   0.15322E-03
   0.18213E+03   0.25318E-10
   0.18255E+03   0.96250E-04
   0.18266E+03   0.57525E-04
   0.18311E+03   0.88449E-12
   0.18337E+03   0.77953E-04
   0.18377E+03   0.18265E-03
   0.18393E+03   0.79018E-11
   0.18396E+03   0.17312E-03
   0.18402E+03   0.96800E-13
   0.18404E+03   0.54117E-04
   0.18458E+03   0.35548E-03
   0.18466E+03   0.98816E-11
   0.18475E+03   0.16356E-04
   0.18500E+03   0.92626E-04
   0.18577E+03   0.21337E-12
   0.18623E+03   0.46067E-04
   0.18773E+03   0.45642E-11
   0.18818E+03   0.19609E-03
   0.18882E+03   0.10156E-03
   0.19026E+03   0.22179E-03
   0.19216E+03   0.83560E-04
   0.19481E+03   0.94916E-04
   0.19623E+03   0.88355E-14
