  -0.53382E+00   0.75040E-09
   0.58305E+00   0.19645E-01
   0.90962E+00   0.14819E+01
   0.26888E+01   0.37632E+00
   0.29552E+01   0.12512E+01
   0.38439E+01   0.24250E+01
   0.50328E+01   0.62554E+01
   0.56533E+01   0.62013E-08
   0.59422E+01   0.84119E+00
   0.61488E+01   0.25643E+01
   0.72829E+01   0.27851E-10
   0.73185E+01   0.33896E-13
   0.92566E+01   0.11525E-11
   0.94627E+01   0.87807E-12
   0.96448E+01   0.78527E-11
   0.99159E+01   0.66959E-10
   0.10312E+02   0.43335E-10
   0.10956E+02   0.24801E-09
   0.11230E+02   0.14849E-08
   0.11592E+02   0.24162E+01
   0.11744E+02   0.39619E-08
   0.12225E+02   0.78437E-08
   0.12267E+02   0.87551E-07
   0.12491E+02   0.63166E+01
   0.12565E+02   0.38737E-07
   0.12680E+02   0.77633E+01
   0.12876E+02   0.20147E-07
   0.13039E+02   0.30512E-12
   0.13196E+02   0.34218E-01
   0.13217E+02   0.27038E-09
   0.13612E+02   0.22718E-09
   0.13629E+02   0.31963E-03
   0.13897E+02   0.12414E-03
   0.13905E+02   0.57764E-04
   0.14126E+02   0.11218E-08
   0.14404E+02   0.63002E-01
   0.14552E+02   0.91759E-09
   0.14572E+02   0.46371E-02
   0.14718E+02   0.83742E-03
   0.14725E+02   0.36293E-04
   0.14975E+02   0.38649E-11
   0.15097E+02   0.69780E-04
   0.15256E+02   0.88963E-03
   0.15519E+02   0.47070E-02
   0.15545E+02   0.11233E-09
   0.15591E+02   0.30051E-01
   0.15616E+02   0.22584E-03
   0.15626E+02   0.10985E-02
   0.15718E+02   0.83483E-09
   0.16012E+02   0.42914E+01
   0.16084E+02   0.88630E-10
   0.16322E+02   0.41054E-07
   0.16348E+02   0.12633E-03
   0.16391E+02   0.42556E+00
   0.16579E+02   0.69003E-03
   0.16670E+02   0.62185E-07
   0.16711E+02   0.39584E-04
   0.16757E+02   0.72801E+00
   0.16828E+02   0.12797E-06
   0.16855E+02   0.80293E-03
   0.16925E+02   0.87928E-05
   0.16950E+02   0.39609E-03
   0.17146E+02   0.20161E-09
   0.17240E+02   0.55244E-01
   0.17325E+02   0.14494E-07
   0.17429E+02   0.34833E-07
   0.17504E+02   0.11836E-09
   0.17534E+02   0.81130E-01
   0.17889E+02   0.78168E-09
   0.17949E+02   0.46403E-08
   0.18029E+02   0.57967E-01
   0.18157E+02   0.24591E-03
   0.18236E+02   0.54844E-05
   0.18252E+02   0.91760E-03
   0.18309E+02   0.51083E-06
   0.18368E+02   0.28407E-03
   0.18393E+02   0.31769E-05
   0.18457E+02   0.86222E-08
   0.18514E+02   0.12444E-07
   0.18567E+02   0.21161E-09
   0.18584E+02   0.35656E-05
   0.18689E+02   0.14228E-01
   0.18731E+02   0.62422E-03
   0.18872E+02   0.35190E-04
   0.19227E+02   0.13256E-08
   0.19310E+02   0.12033E-04
   0.19482E+02   0.80861E-03
   0.19628E+02   0.14526E-07
   0.19666E+02   0.15901E-03
   0.19914E+02   0.13966E-08
   0.20024E+02   0.33467E-04
   0.20053E+02   0.54776E-07
   0.20248E+02   0.11233E-06
   0.20259E+02   0.29038E-07
   0.20367E+02   0.56143E-04
   0.20388E+02   0.22543E-03
   0.20420E+02   0.43076E-03
   0.20449E+02   0.20041E-07
   0.20512E+02   0.37432E-07
   0.20559E+02   0.90659E-01
   0.20574E+02   0.27778E-06
   0.20655E+02   0.78526E-05
   0.20793E+02   0.10280E-09
   0.20854E+02   0.43965E-05
   0.20886E+02   0.20428E-08
   0.20930E+02   0.15815E-02
   0.20944E+02   0.21550E-04
   0.20981E+02   0.51974E-01
   0.21183E+02   0.27350E-09
   0.21509E+02   0.15623E-06
   0.21526E+02   0.51717E-04
   0.21534E+02   0.42074E-02
   0.21757E+02   0.17553E-08
   0.21821E+02   0.83144E-04
   0.21985E+02   0.15207E-03
   0.21992E+02   0.20448E-06
   0.21998E+02   0.40549E-03
   0.22085E+02   0.35169E-09
   0.22258E+02   0.21921E-03
   0.22330E+02   0.53601E-09
   0.22419E+02   0.81580E-03
   0.22710E+02   0.29676E-02
   0.22981E+02   0.28053E-04
   0.23024E+02   0.52617E-09
   0.23168E+02   0.78381E-04
   0.23295E+02   0.29374E-06
   0.23337E+02   0.18615E-02
   0.23443E+02   0.64353E-06
   0.23549E+02   0.93251E-05
   0.23840E+02   0.40198E-05
   0.23899E+02   0.15503E-04
   0.23922E+02   0.28363E-03
   0.24053E+02   0.72562E-04
   0.24174E+02   0.26442E-03
   0.24188E+02   0.46015E-10
   0.24448E+02   0.20986E-06
   0.24637E+02   0.46366E-06
   0.24675E+02   0.12668E-11
   0.24709E+02   0.11765E-11
   0.24830E+02   0.35250E-04
   0.24939E+02   0.17728E-03
   0.24942E+02   0.34037E-03
   0.25019E+02   0.10623E-01
   0.25076E+02   0.18820E-01
   0.25100E+02   0.40654E-03
   0.25128E+02   0.16281E-08
   0.25154E+02   0.50967E-03
   0.25224E+02   0.11175E-01
   0.25380E+02   0.44996E-09
   0.25389E+02   0.51615E-03
   0.25452E+02   0.72719E-02
   0.25524E+02   0.24300E-02
   0.25558E+02   0.34087E-02
   0.25686E+02   0.68707E-01
   0.25838E+02   0.63868E-03
   0.25914E+02   0.19220E-02
   0.25926E+02   0.23480E-09
   0.25979E+02   0.76142E-11
   0.26042E+02   0.98334E-03
   0.26069E+02   0.12968E-02
   0.26088E+02   0.13158E-03
   0.26102E+02   0.72233E-05
   0.26182E+02   0.24791E-04
   0.26204E+02   0.10533E-07
   0.26372E+02   0.26020E-03
   0.26397E+02   0.21632E-04
   0.26433E+02   0.28366E-08
   0.26591E+02   0.28250E-04
   0.26629E+02   0.28080E-06
   0.26659E+02   0.77708E-05
   0.26675E+02   0.27021E-05
   0.26768E+02   0.30321E-05
   0.26776E+02   0.16170E-07
   0.26793E+02   0.12660E-06
   0.26801E+02   0.64862E-08
   0.26836E+02   0.16277E-05
   0.26869E+02   0.12250E-08
   0.26873E+02   0.10655E-03
   0.26901E+02   0.21074E-08
   0.26933E+02   0.18812E-03
   0.26939E+02   0.41168E-09
   0.27116E+02   0.16339E-04
   0.27165E+02   0.32641E-11
   0.27173E+02   0.28559E-05
   0.27198E+02   0.52728E-11
   0.27212E+02   0.16662E-04
   0.27289E+02   0.17964E-08
   0.27315E+02   0.41183E-10
   0.27379E+02   0.46387E-03
   0.27408E+02   0.29869E-11
   0.27437E+02   0.17450E-04
   0.27453E+02   0.82515E-05
   0.27633E+02   0.76311E-03
   0.27772E+02   0.29459E-04
   0.27788E+02   0.29424E-04
   0.27826E+02   0.97107E-11
   0.27858E+02   0.21591E-04
   0.27887E+02   0.24860E-04
   0.27958E+02   0.14456E-04
   0.28073E+02   0.86513E-09
   0.28138E+02   0.34638E-12
   0.28256E+02   0.89106E-04
   0.28273E+02   0.38927E-10
   0.28481E+02   0.15497E-02
   0.28659E+02   0.23444E-02
   0.28682E+02   0.13117E-03
   0.28782E+02   0.12870E-04
   0.28853E+02   0.17841E-02
   0.28883E+02   0.21828E-01
   0.28907E+02   0.53310E-03
   0.28977E+02   0.86686E-06
   0.29011E+02   0.22521E-01
   0.29021E+02   0.28344E-02
   0.29033E+02   0.12563E-01
   0.29080E+02   0.40149E-02
   0.29122E+02   0.23797E-03
   0.29143E+02   0.89386E-04
   0.29163E+02   0.95772E-04
   0.29220E+02   0.53519E-05
   0.29253E+02   0.11011E-03
   0.29308E+02   0.95664E-04
   0.29449E+02   0.11732E-03
   0.29456E+02   0.10683E-07
   0.29533E+02   0.25799E-03
   0.29546E+02   0.11038E-01
   0.29570E+02   0.93230E-05
   0.29607E+02   0.78897E-08
   0.29637E+02   0.10427E-02
   0.29671E+02   0.50776E-02
   0.29717E+02   0.11879E-04
   0.29780E+02   0.39994E-03
   0.29809E+02   0.13806E-03
   0.29898E+02   0.46910E-04
   0.29981E+02   0.26871E-04
   0.29987E+02   0.16844E-05
   0.30103E+02   0.11872E-03
   0.30197E+02   0.79560E-04
   0.30376E+02   0.81561E-03
   0.30488E+02   0.99909E-03
   0.30516E+02   0.15097E-05
   0.30558E+02   0.34119E-04
   0.30738E+02   0.10947E-04
   0.30815E+02   0.14826E-02
   0.30839E+02   0.76566E-03
   0.30906E+02   0.52500E-04
   0.30978E+02   0.56402E-04
   0.31034E+02   0.66194E-05
   0.31063E+02   0.57206E-03
   0.31130E+02   0.93979E-10
   0.31183E+02   0.50674E-10
   0.31263E+02   0.20821E-04
   0.31269E+02   0.24623E-11
   0.31298E+02   0.27723E-03
   0.31440E+02   0.14803E-01
   0.31462E+02   0.10251E-09
   0.31518E+02   0.15899E-01
   0.31631E+02   0.54636E-02
   0.31676E+02   0.31696E-01
   0.31700E+02   0.39677E-03
   0.31770E+02   0.14162E-02
   0.31843E+02   0.77703E-10
   0.31855E+02   0.15081E-02
   0.31886E+02   0.23142E-03
   0.31989E+02   0.71140E-04
   0.32019E+02   0.14520E-09
   0.32043E+02   0.52077E-06
   0.32229E+02   0.58291E-03
   0.32233E+02   0.31022E-04
   0.32269E+02   0.45520E-04
   0.32393E+02   0.12924E-05
   0.32397E+02   0.14083E-03
   0.32530E+02   0.38632E-03
   0.32632E+02   0.11258E-02
   0.32745E+02   0.23190E-04
   0.32871E+02   0.39841E-03
   0.32897E+02   0.21367E-02
   0.33009E+02   0.14248E-06
   0.33100E+02   0.17288E-03
   0.33168E+02   0.23912E-04
   0.33175E+02   0.59666E-09
   0.33182E+02   0.37483E-03
   0.33215E+02   0.63271E-05
   0.33227E+02   0.30844E-09
   0.33291E+02   0.13046E-02
   0.33363E+02   0.73219E-08
   0.33377E+02   0.30915E-03
   0.33425E+02   0.78635E-04
   0.33462E+02   0.98507E-09
   0.33473E+02   0.83933E-04
   0.33490E+02   0.81743E-03
   0.33507E+02   0.18308E-02
   0.33552E+02   0.44467E-08
   0.33620E+02   0.65521E-04
   0.33668E+02   0.12930E-01
   0.33678E+02   0.10833E-02
   0.33693E+02   0.29991E-02
   0.33715E+02   0.24239E-05
   0.33731E+02   0.49476E-04
   0.33754E+02   0.83342E-08
   0.33759E+02   0.10019E-03
   0.33877E+02   0.33139E-04
   0.33970E+02   0.14355E-03
   0.33979E+02   0.35895E-03
   0.34031E+02   0.77413E-03
   0.34046E+02   0.14073E-03
   0.34174E+02   0.69755E-04
   0.34213E+02   0.48662E-10
   0.34252E+02   0.18378E-04
   0.34371E+02   0.50207E-06
   0.34433E+02   0.12660E-04
   0.34437E+02   0.40961E-09
   0.34446E+02   0.14662E-06
   0.34512E+02   0.14312E-04
   0.34542E+02   0.40419E-02
   0.34553E+02   0.15662E-04
   0.34619E+02   0.94169E-05
   0.34684E+02   0.25943E-03
   0.34706E+02   0.20801E-03
   0.34770E+02   0.51671E-05
   0.34814E+02   0.19927E-03
   0.34815E+02   0.50763E-07
   0.34826E+02   0.50179E-03
   0.34842E+02   0.17008E-04
   0.34878E+02   0.13986E-04
   0.34929E+02   0.40073E-04
   0.35000E+02   0.41048E-06
   0.35023E+02   0.37277E-04
   0.35097E+02   0.19390E-10
   0.35126E+02   0.29186E-03
   0.35178E+02   0.16236E-01
   0.35208E+02   0.39493E-03
   0.35262E+02   0.18859E-03
   0.35379E+02   0.17849E-04
   0.35495E+02   0.44066E-10
   0.35497E+02   0.36966E-04
   0.35656E+02   0.37488E-06
   0.35669E+02   0.31649E-03
   0.35750E+02   0.22919E-04
   0.35761E+02   0.11819E-05
   0.35866E+02   0.27300E-09
   0.35870E+02   0.98277E-04
   0.35957E+02   0.19387E-05
   0.36341E+02   0.46566E-03
   0.36431E+02   0.17630E-09
   0.36468E+02   0.23431E-04
   0.36737E+02   0.89462E-11
   0.36754E+02   0.87743E-04
   0.36846E+02   0.11703E-04
   0.36991E+02   0.46184E-03
   0.37016E+02   0.24161E-04
   0.37078E+02   0.29003E-04
   0.37100E+02   0.90087E-11
   0.37205E+02   0.16881E-03
   0.37221E+02   0.35484E-03
   0.37624E+02   0.16036E-02
   0.37679E+02   0.17002E-04
   0.37679E+02   0.13859E-06
   0.37719E+02   0.13641E-10
   0.37721E+02   0.54792E-05
   0.37834E+02   0.11593E-02
   0.37894E+02   0.15283E-02
   0.37925E+02   0.12503E-02
   0.37973E+02   0.38109E-02
   0.37980E+02   0.24220E-02
   0.38032E+02   0.53762E-05
   0.38042E+02   0.12206E-06
   0.38077E+02   0.12232E-02
   0.38191E+02   0.13847E-02
   0.38314E+02   0.28380E-03
   0.38361E+02   0.36897E-08
   0.38384E+02   0.15718E-01
   0.38408E+02   0.61604E-08
   0.38442E+02   0.51345E-02
   0.38464E+02   0.22377E-03
   0.38516E+02   0.14437E-03
   0.38650E+02   0.11810E-07
   0.38672E+02   0.11109E-02
   0.38704E+02   0.49191E-05
   0.38720E+02   0.17802E-04
   0.38814E+02   0.34484E-02
   0.38872E+02   0.36302E-03
   0.38899E+02   0.29314E-06
   0.38899E+02   0.15367E-03
   0.39023E+02   0.11478E-04
   0.39042E+02   0.35194E-03
   0.39055E+02   0.42987E-04
   0.39326E+02   0.10704E-07
   0.39365E+02   0.62914E-04
   0.39522E+02   0.26379E-03
   0.39560E+02   0.20602E-03
   0.39586E+02   0.21591E-06
   0.39601E+02   0.18522E-05
   0.39691E+02   0.24945E-02
   0.39713E+02   0.70194E-03
   0.39760E+02   0.32896E-02
   0.39772E+02   0.28553E-09
   0.39801E+02   0.11818E-03
   0.39858E+02   0.32009E-05
   0.39883E+02   0.58328E-06
   0.39911E+02   0.19546E-05
   0.39945E+02   0.30695E-03
   0.39988E+02   0.21114E-04
   0.40000E+02   0.46791E-06
   0.40077E+02   0.58921E-04
   0.40118E+02   0.13831E-04
   0.40162E+02   0.22938E-05
   0.40168E+02   0.55953E-04
   0.40243E+02   0.11027E-03
   0.40253E+02   0.40567E-08
   0.40272E+02   0.16262E-03
   0.40373E+02   0.22797E-04
   0.40405E+02   0.17026E-05
   0.40467E+02   0.16564E-04
   0.40522E+02   0.77224E-04
   0.40568E+02   0.72404E-03
   0.40569E+02   0.44635E-07
   0.40617E+02   0.54169E-03
   0.40628E+02   0.12198E-04
   0.40634E+02   0.31517E-03
   0.40677E+02   0.12947E-02
   0.40686E+02   0.20674E-04
   0.40703E+02   0.71108E-03
   0.40764E+02   0.11943E-04
   0.40817E+02   0.32656E-09
   0.40834E+02   0.45504E-06
   0.40892E+02   0.91157E-06
   0.40961E+02   0.25683E-10
   0.40975E+02   0.74970E-04
   0.40994E+02   0.57706E-04
   0.41092E+02   0.34919E-03
   0.41201E+02   0.11840E-02
   0.41248E+02   0.73431E-10
   0.41368E+02   0.29259E-05
   0.41492E+02   0.50409E-05
   0.41563E+02   0.44105E-05
   0.41582E+02   0.24110E-05
   0.41589E+02   0.56447E-10
   0.41625E+02   0.19345E-06
   0.41642E+02   0.75471E-07
   0.41674E+02   0.27928E-10
   0.41708E+02   0.58642E-06
   0.41721E+02   0.10523E-07
   0.41734E+02   0.62427E-05
   0.41808E+02   0.21087E-09
   0.41866E+02   0.12207E-03
   0.42014E+02   0.64867E-05
   0.42056E+02   0.33743E-04
   0.42136E+02   0.25529E-10
   0.42146E+02   0.15145E-03
   0.42247E+02   0.73919E-04
   0.42316E+02   0.66148E-05
   0.42353E+02   0.78631E-04
   0.42377E+02   0.44919E-07
   0.42420E+02   0.59120E-06
   0.42480E+02   0.72541E-09
   0.42487E+02   0.46693E-04
   0.42542E+02   0.16334E-08
   0.42580E+02   0.31879E-04
   0.42654E+02   0.11725E-04
   0.42716E+02   0.79817E-05
   0.42724E+02   0.13181E-08
   0.42765E+02   0.67241E-05
   0.42768E+02   0.60078E-08
   0.42824E+02   0.17513E-05
   0.42869E+02   0.24535E-07
   0.42920E+02   0.10701E-04
   0.42952E+02   0.18905E-04
   0.42986E+02   0.21508E-04
   0.43013E+02   0.14724E-04
   0.43024E+02   0.56839E-09
   0.43041E+02   0.10789E-03
   0.43167E+02   0.16016E-04
   0.43222E+02   0.19563E-08
   0.43318E+02   0.67039E-04
   0.43392E+02   0.41435E-07
   0.43427E+02   0.10771E-06
   0.43464E+02   0.16156E-10
   0.43591E+02   0.78912E-05
   0.43616E+02   0.31207E-05
   0.43699E+02   0.66385E-03
   0.43862E+02   0.17226E-03
   0.43905E+02   0.54760E-05
   0.43910E+02   0.31746E-06
   0.43911E+02   0.30905E-09
   0.43971E+02   0.19412E-04
   0.44024E+02   0.10453E-02
   0.44084E+02   0.90666E-04
   0.44160E+02   0.45899E-04
   0.44266E+02   0.90701E-04
   0.44310E+02   0.34885E-03
   0.44472E+02   0.89992E-03
   0.44571E+02   0.56486E-05
   0.44666E+02   0.22517E-04
   0.44702E+02   0.24532E-03
   0.44725E+02   0.29680E-04
   0.44749E+02   0.55413E-05
   0.44758E+02   0.25141E-04
   0.44829E+02   0.64502E-08
   0.44837E+02   0.62366E-03
   0.44888E+02   0.15569E-04
   0.44986E+02   0.14279E-04
   0.45008E+02   0.40048E-07
   0.45015E+02   0.11283E-03
   0.45061E+02   0.50876E-06
   0.45105E+02   0.58570E-08
   0.45123E+02   0.43682E-04
   0.45150E+02   0.69891E-10
   0.45161E+02   0.20568E-07
   0.45166E+02   0.15715E-06
   0.45213E+02   0.79524E-04
   0.45268E+02   0.43897E-05
   0.45319E+02   0.18608E-06
   0.45362E+02   0.56215E-05
   0.45422E+02   0.77737E-08
   0.45585E+02   0.44101E-08
   0.45609E+02   0.23615E-04
   0.45660E+02   0.50131E-03
   0.45716E+02   0.73214E-04
   0.45789E+02   0.48489E-04
   0.45988E+02   0.39318E-16
   0.46054E+02   0.37013E-02
   0.46119E+02   0.37193E-08
   0.46131E+02   0.13495E-03
   0.46209E+02   0.44533E-02
   0.46290E+02   0.64096E-03
   0.46362E+02   0.19938E-05
   0.46507E+02   0.76688E-03
   0.46645E+02   0.63949E-03
   0.46712E+02   0.15225E-07
   0.46734E+02   0.29305E-04
   0.46762E+02   0.31979E-03
   0.46775E+02   0.12478E-07
   0.46788E+02   0.12622E-03
   0.46796E+02   0.40417E-05
   0.46805E+02   0.92012E-04
   0.46889E+02   0.30492E-03
   0.46963E+02   0.33365E-04
   0.47020E+02   0.17975E-03
   0.47031E+02   0.27309E-03
   0.47050E+02   0.12938E-03
   0.47097E+02   0.95143E-06
   0.47123E+02   0.70883E-04
   0.47225E+02   0.27980E-04
   0.47274E+02   0.24959E-05
   0.47368E+02   0.96043E-04
   0.47385E+02   0.57056E-04
   0.47425E+02   0.15927E-03
   0.47467E+02   0.13532E-06
   0.47524E+02   0.24299E-05
   0.47542E+02   0.72263E-04
   0.47611E+02   0.39047E-07
   0.47633E+02   0.15749E-03
   0.47649E+02   0.15861E-03
   0.47692E+02   0.55233E-02
   0.47735E+02   0.48062E-05
   0.47810E+02   0.83581E-06
   0.47822E+02   0.35493E-05
   0.47836E+02   0.11029E-05
   0.47865E+02   0.18672E-04
   0.47877E+02   0.83719E-06
   0.47893E+02   0.66691E-04
   0.47921E+02   0.92375E-04
   0.48032E+02   0.30738E-03
   0.48097E+02   0.13429E-04
   0.48175E+02   0.89711E-05
   0.48278E+02   0.47785E-04
   0.48316E+02   0.92403E-05
   0.48355E+02   0.38485E-03
   0.48456E+02   0.65388E-03
   0.48506E+02   0.83570E-10
   0.48660E+02   0.22778E-03
   0.48701E+02   0.13501E-02
   0.48776E+02   0.31669E-03
   0.48810E+02   0.23725E-03
   0.48831E+02   0.29801E-02
   0.48887E+02   0.29452E-05
   0.48983E+02   0.17357E-04
   0.48993E+02   0.35123E-06
   0.49006E+02   0.92395E-04
   0.49032E+02   0.82070E-05
   0.49102E+02   0.18658E-03
   0.49131E+02   0.15832E-06
   0.49160E+02   0.15884E-02
   0.49273E+02   0.14255E-04
   0.49303E+02   0.12658E-03
   0.49349E+02   0.17478E-03
   0.49449E+02   0.12501E-04
   0.49500E+02   0.13371E-04
   0.49542E+02   0.30042E-11
   0.49542E+02   0.16873E-07
   0.49579E+02   0.12859E-03
   0.49617E+02   0.28611E-04
   0.49664E+02   0.34385E-04
   0.49766E+02   0.21744E-05
   0.49783E+02   0.10315E-04
   0.49825E+02   0.39414E-04
   0.49871E+02   0.25696E-04
   0.49883E+02   0.13824E-06
   0.49927E+02   0.63732E-03
   0.49947E+02   0.32361E-03
   0.49949E+02   0.22915E-03
   0.49968E+02   0.27067E-04
   0.50025E+02   0.21621E-05
   0.50301E+02   0.29780E-04
   0.50346E+02   0.44654E-04
   0.50370E+02   0.21514E-04
   0.50542E+02   0.66191E-09
   0.50547E+02   0.88645E-05
   0.50598E+02   0.21815E-03
   0.50731E+02   0.69641E-04
   0.50752E+02   0.10567E-09
   0.50760E+02   0.99995E-05
   0.50930E+02   0.64471E-10
   0.50948E+02   0.26362E-04
   0.50967E+02   0.16478E-03
   0.51008E+02   0.10720E-09
   0.51034E+02   0.13330E-04
   0.51219E+02   0.34910E-04
   0.51248E+02   0.65921E-04
   0.51275E+02   0.11151E-08
   0.51387E+02   0.59423E-06
   0.51425E+02   0.95546E-04
   0.51438E+02   0.56229E-05
   0.51597E+02   0.10477E-03
   0.51664E+02   0.57746E-04
   0.51700E+02   0.19138E-03
   0.51821E+02   0.21873E-03
   0.51825E+02   0.39718E-10
   0.51836E+02   0.43062E-05
   0.51852E+02   0.15068E-03
   0.51872E+02   0.40260E-04
   0.51971E+02   0.15712E-09
   0.51990E+02   0.39655E-03
   0.52015E+02   0.59512E-06
   0.52093E+02   0.59672E-03
   0.52142E+02   0.12372E-03
   0.52164E+02   0.41923E-07
   0.52183E+02   0.99177E-10
   0.52270E+02   0.13797E-02
   0.52300E+02   0.61257E-04
   0.52381E+02   0.82491E-10
   0.52384E+02   0.20213E-03
   0.52437E+02   0.87208E-07
   0.52503E+02   0.31099E-05
   0.52565E+02   0.48045E-05
   0.52652E+02   0.36948E-04
   0.52729E+02   0.23325E-06
   0.52775E+02   0.26065E-09
   0.52805E+02   0.61731E-03
   0.52827E+02   0.18832E-08
   0.52837E+02   0.10611E-03
   0.52905E+02   0.34871E-04
   0.52943E+02   0.17684E-05
   0.52959E+02   0.97911E-04
   0.52978E+02   0.18590E-11
   0.53006E+02   0.34705E-07
   0.53042E+02   0.75866E-07
   0.53177E+02   0.41877E-06
   0.53198E+02   0.38393E-06
   0.53207E+02   0.13095E-06
   0.53241E+02   0.46040E-06
   0.53263E+02   0.31971E-05
   0.53295E+02   0.36130E-09
   0.53300E+02   0.29862E-04
   0.53354E+02   0.21194E-09
   0.53413E+02   0.14532E-10
   0.53517E+02   0.48864E-02
   0.53521E+02   0.20078E-03
   0.53540E+02   0.10559E-02
   0.53591E+02   0.91331E-07
   0.53592E+02   0.15131E-07
   0.53621E+02   0.67552E-04
   0.53659E+02   0.40776E-05
   0.53664E+02   0.32698E-07
   0.53789E+02   0.67193E-05
   0.53806E+02   0.39765E-03
   0.53940E+02   0.16222E-05
   0.53996E+02   0.61771E-12
   0.54087E+02   0.66802E-04
   0.54108E+02   0.21039E-04
   0.54258E+02   0.50168E-04
   0.54361E+02   0.54416E-05
   0.54393E+02   0.67459E-05
   0.54410E+02   0.19358E-06
   0.54418E+02   0.18306E-03
   0.54458E+02   0.18634E-05
   0.54559E+02   0.11268E-04
   0.54688E+02   0.16710E-04
   0.54731E+02   0.14727E-03
   0.54763E+02   0.48366E-05
   0.54805E+02   0.11621E-04
   0.54865E+02   0.12868E-05
   0.54902E+02   0.56150E-04
   0.54912E+02   0.10049E-04
   0.54937E+02   0.13914E-03
   0.55043E+02   0.15278E-03
   0.55083E+02   0.41245E-06
   0.55115E+02   0.12634E-05
   0.55119E+02   0.96239E-05
   0.55241E+02   0.49571E-05
   0.55477E+02   0.30546E-03
   0.55523E+02   0.27635E-03
   0.55629E+02   0.26626E-03
   0.55685E+02   0.51247E-04
   0.55711E+02   0.76457E-05
   0.55731E+02   0.15339E-04
   0.55916E+02   0.79524E-07
   0.55917E+02   0.86756E-09
   0.55971E+02   0.31352E-03
   0.56023E+02   0.49695E-03
   0.56029E+02   0.15065E-02
   0.56119E+02   0.72934E-11
   0.56145E+02   0.24035E-03
   0.56166E+02   0.48176E-07
   0.56324E+02   0.30350E-05
   0.56381E+02   0.41859E-04
   0.56409E+02   0.82732E-03
   0.56437E+02   0.46401E-05
   0.56516E+02   0.95464E-04
   0.56571E+02   0.13327E-03
   0.56600E+02   0.38925E-03
   0.56708E+02   0.56520E-02
   0.56773E+02   0.85821E-08
   0.56848E+02   0.47541E-04
   0.56956E+02   0.71081E-05
   0.57028E+02   0.67464E-10
   0.57054E+02   0.31340E-03
   0.57061E+02   0.37376E-03
   0.57107E+02   0.63897E-04
   0.57304E+02   0.48251E-04
   0.57345E+02   0.53288E-04
   0.57455E+02   0.21759E-05
   0.57496E+02   0.13089E-03
   0.57675E+02   0.24322E-04
   0.57698E+02   0.54329E-12
   0.57833E+02   0.50843E-04
   0.57927E+02   0.24758E-03
   0.58110E+02   0.10725E-04
   0.58132E+02   0.31153E-04
   0.58161E+02   0.26991E-04
   0.58238E+02   0.90276E-05
   0.58344E+02   0.70548E-04
   0.58410E+02   0.24373E-03
   0.58451E+02   0.94180E-06
   0.58539E+02   0.11586E-08
   0.58569E+02   0.44236E-06
   0.58579E+02   0.95561E-04
   0.58607E+02   0.54372E-05
   0.58630E+02   0.14977E-04
   0.58654E+02   0.13515E-03
   0.58661E+02   0.20846E-03
   0.58695E+02   0.64641E-04
   0.58733E+02   0.36130E-03
   0.58748E+02   0.39076E-04
   0.58801E+02   0.95153E-05
   0.58860E+02   0.12916E-03
   0.58901E+02   0.58322E-02
   0.58960E+02   0.26818E-04
   0.59115E+02   0.19451E-05
   0.59150E+02   0.21511E-03
   0.59246E+02   0.47211E-05
   0.59253E+02   0.25708E-10
   0.59293E+02   0.21330E-05
   0.59368E+02   0.71636E-03
   0.59373E+02   0.12491E-02
   0.59444E+02   0.61807E-04
   0.59515E+02   0.47128E-05
   0.59530E+02   0.48911E-03
   0.59622E+02   0.14498E-09
   0.59739E+02   0.25373E-04
   0.59814E+02   0.18632E-03
   0.59923E+02   0.21240E-04
   0.59938E+02   0.31288E-04
   0.59957E+02   0.30510E-10
   0.60022E+02   0.20273E-07
   0.60056E+02   0.49550E-03
   0.60131E+02   0.49143E-10
   0.60141E+02   0.15041E-03
   0.60190E+02   0.14601E-04
   0.60283E+02   0.24391E-04
   0.60377E+02   0.39379E-05
   0.60431E+02   0.41481E-04
   0.60513E+02   0.86346E-04
   0.60534E+02   0.22125E-03
   0.60590E+02   0.12938E-06
   0.60706E+02   0.21163E-04
   0.60815E+02   0.72316E-09
   0.60832E+02   0.35159E-03
   0.60877E+02   0.52790E-04
   0.60918E+02   0.26680E-04
   0.61004E+02   0.91740E-06
   0.61019E+02   0.54523E-03
   0.61037E+02   0.48919E-04
   0.61078E+02   0.33496E-04
   0.61177E+02   0.35022E-04
   0.61271E+02   0.79937E-08
   0.61295E+02   0.39998E-03
   0.61307E+02   0.10111E-03
   0.61323E+02   0.96578E-04
   0.61376E+02   0.85817E-05
   0.61395E+02   0.12001E-05
   0.61474E+02   0.11121E-04
   0.61485E+02   0.55131E-06
   0.61493E+02   0.28119E-06
   0.61500E+02   0.86374E-05
   0.61526E+02   0.10510E-05
   0.61547E+02   0.35344E-10
   0.61563E+02   0.19790E-08
   0.61596E+02   0.35641E-03
   0.61665E+02   0.54361E-05
   0.61713E+02   0.19740E-08
   0.61729E+02   0.11788E-04
   0.61761E+02   0.39799E-04
   0.61767E+02   0.20241E-10
   0.61781E+02   0.48031E-06
   0.61830E+02   0.50336E-07
   0.61858E+02   0.60386E-04
   0.61869E+02   0.13348E-05
   0.61878E+02   0.19296E-05
   0.61884E+02   0.12174E-09
   0.61895E+02   0.22872E-03
   0.61906E+02   0.17762E-05
   0.62002E+02   0.10708E-02
   0.62010E+02   0.95946E-03
   0.62035E+02   0.11081E-02
   0.62087E+02   0.21169E-03
   0.62107E+02   0.30674E-03
   0.62160E+02   0.17586E-03
   0.62205E+02   0.10723E-08
   0.62255E+02   0.15922E-04
   0.62276E+02   0.49104E-05
   0.62321E+02   0.10297E-07
   0.62361E+02   0.23564E-05
   0.62385E+02   0.11309E-04
   0.62397E+02   0.20978E-04
   0.62448E+02   0.73438E-08
   0.62480E+02   0.15461E-08
   0.62515E+02   0.15894E-05
   0.62537E+02   0.14900E-10
   0.62613E+02   0.58015E-04
   0.62726E+02   0.76137E-07
   0.62821E+02   0.23867E-10
   0.62852E+02   0.29377E-04
   0.62864E+02   0.76259E-05
   0.62883E+02   0.18830E-09
   0.62888E+02   0.85084E-05
   0.62946E+02   0.58953E-06
   0.63024E+02   0.38104E-04
   0.63133E+02   0.34710E-05
   0.63213E+02   0.41294E-06
   0.63296E+02   0.96700E-11
   0.63308E+02   0.55634E-05
   0.63414E+02   0.10592E-04
   0.63532E+02   0.23642E-04
   0.63534E+02   0.37928E-11
   0.63567E+02   0.55886E-04
   0.63666E+02   0.60445E-06
   0.63739E+02   0.10959E-07
   0.63876E+02   0.45947E-04
   0.63903E+02   0.21139E-04
   0.63951E+02   0.94221E-05
   0.63996E+02   0.49848E-03
   0.64093E+02   0.11216E-05
   0.64109E+02   0.36294E-14
   0.64132E+02   0.39745E-08
   0.64189E+02   0.11833E-06
   0.64331E+02   0.11032E-06
   0.64388E+02   0.94950E-06
   0.64470E+02   0.76547E-06
   0.64568E+02   0.10855E-05
   0.64608E+02   0.58380E-05
   0.64625E+02   0.12285E-09
   0.64674E+02   0.26308E-06
   0.64689E+02   0.50475E-07
   0.64779E+02   0.15848E-04
   0.64799E+02   0.18148E-04
   0.64829E+02   0.69844E-07
   0.64875E+02   0.21962E-05
   0.64945E+02   0.10333E-04
   0.65116E+02   0.76079E-04
   0.65168E+02   0.86177E-05
   0.65280E+02   0.70092E-05
   0.65319E+02   0.48694E-05
   0.65376E+02   0.18603E-05
   0.65461E+02   0.93269E-04
   0.65479E+02   0.49488E-05
   0.65502E+02   0.82012E-04
   0.65557E+02   0.62870E-03
   0.65571E+02   0.29242E-04
   0.65660E+02   0.88560E-03
   0.65694E+02   0.26016E-06
   0.65807E+02   0.74845E-05
   0.65814E+02   0.85387E-03
   0.65837E+02   0.71749E-05
   0.65916E+02   0.10471E-04
   0.65991E+02   0.25362E-04
   0.66023E+02   0.18286E-05
   0.66038E+02   0.14725E-03
   0.66064E+02   0.91062E-04
   0.66110E+02   0.52751E-05
   0.66228E+02   0.64383E-06
   0.66319E+02   0.15856E-03
   0.66360E+02   0.10239E-02
   0.66422E+02   0.25183E-05
   0.66436E+02   0.10702E-02
   0.66500E+02   0.20115E-04
   0.66602E+02   0.31938E-03
   0.66638E+02   0.10750E-05
   0.66684E+02   0.24143E-11
   0.66819E+02   0.15384E-02
   0.66948E+02   0.53461E-02
   0.66981E+02   0.16182E-04
   0.67081E+02   0.25525E-04
   0.67184E+02   0.15545E-09
   0.67235E+02   0.27179E-04
   0.67335E+02   0.14670E-02
   0.67375E+02   0.17568E-04
   0.67399E+02   0.17640E-04
   0.67437E+02   0.32254E-06
   0.67588E+02   0.93126E-11
   0.67603E+02   0.74862E-06
   0.67659E+02   0.57327E-05
   0.67669E+02   0.15562E-04
   0.67691E+02   0.21546E-05
   0.67732E+02   0.49410E-10
   0.67737E+02   0.47744E-04
   0.67800E+02   0.12773E-05
   0.67879E+02   0.51504E-05
   0.67984E+02   0.12511E-05
   0.68064E+02   0.42562E-05
   0.68114E+02   0.10328E-04
   0.68124E+02   0.24441E-12
   0.68167E+02   0.40359E-05
   0.68206E+02   0.13150E-05
   0.68225E+02   0.12198E-04
   0.68245E+02   0.29720E-04
   0.68260E+02   0.12646E-04
   0.68301E+02   0.14058E-04
   0.68389E+02   0.33610E-06
   0.68513E+02   0.51918E-14
   0.68528E+02   0.65243E-05
   0.68658E+02   0.96545E-08
   0.68712E+02   0.45420E-04
   0.68775E+02   0.35498E-05
   0.68813E+02   0.36059E-04
   0.68908E+02   0.27428E-04
   0.69000E+02   0.50184E-04
   0.69089E+02   0.55856E-05
   0.69175E+02   0.13151E-05
   0.69276E+02   0.60263E-05
   0.69374E+02   0.45226E-05
   0.69593E+02   0.20122E-05
   0.69696E+02   0.63244E-06
   0.69709E+02   0.10336E-06
   0.69710E+02   0.15378E-07
   0.69726E+02   0.11223E-10
   0.69773E+02   0.91996E-06
   0.69834E+02   0.27882E-05
   0.69982E+02   0.60128E-03
   0.69992E+02   0.25053E-02
   0.70049E+02   0.18126E-03
   0.70078E+02   0.65070E-04
   0.70092E+02   0.49782E-11
   0.70189E+02   0.11880E-05
   0.70236E+02   0.70329E-06
   0.70401E+02   0.67578E-04
   0.70456E+02   0.51047E-03
   0.70479E+02   0.26136E-04
   0.70509E+02   0.15348E-03
   0.70583E+02   0.27264E-06
   0.70597E+02   0.15343E-05
   0.70765E+02   0.14686E-02
   0.70800E+02   0.74673E-04
   0.70832E+02   0.20671E-03
   0.70956E+02   0.17555E-03
   0.71000E+02   0.72870E-04
   0.71056E+02   0.68033E-04
   0.71170E+02   0.33660E-04
   0.71232E+02   0.75666E-07
   0.71239E+02   0.18443E-03
   0.71266E+02   0.17200E-03
   0.71299E+02   0.76533E-04
   0.71401E+02   0.17790E-02
   0.71488E+02   0.88925E-05
   0.71528E+02   0.45285E-04
   0.71577E+02   0.19296E-05
   0.71611E+02   0.14373E-04
   0.71629E+02   0.41616E-05
   0.71658E+02   0.46880E-05
   0.71696E+02   0.88802E-05
   0.71786E+02   0.75739E-08
   0.71810E+02   0.93763E-05
   0.71828E+02   0.12379E-05
   0.71903E+02   0.64267E-09
   0.71962E+02   0.11139E-05
   0.71964E+02   0.40889E-07
   0.71966E+02   0.19735E-06
   0.72034E+02   0.19998E-05
   0.72042E+02   0.53431E-06
   0.72061E+02   0.13840E-05
   0.72128E+02   0.52265E-05
   0.72206E+02   0.19519E-05
   0.72210E+02   0.58919E-04
   0.72304E+02   0.31803E-06
   0.72312E+02   0.12698E-07
   0.72321E+02   0.52926E-05
   0.72324E+02   0.21441E-04
   0.72342E+02   0.66155E-09
   0.72390E+02   0.51063E-06
   0.72429E+02   0.59327E-05
   0.72535E+02   0.10793E-05
   0.72546E+02   0.92273E-05
   0.72565E+02   0.30850E-04
   0.72607E+02   0.61391E-06
   0.72671E+02   0.48904E-05
   0.72696E+02   0.64335E-06
   0.72788E+02   0.13759E-04
   0.72834E+02   0.79276E-06
   0.72897E+02   0.38429E-05
   0.72907E+02   0.71934E-10
   0.72923E+02   0.23375E-05
   0.73002E+02   0.47879E-06
   0.73065E+02   0.37754E-03
   0.73069E+02   0.16288E-04
   0.73075E+02   0.52352E-05
   0.73086E+02   0.81115E-06
   0.73125E+02   0.44172E-06
   0.73187E+02   0.20234E-04
   0.73226E+02   0.88389E-05
   0.73248E+02   0.15914E-03
   0.73263E+02   0.12338E-13
   0.73362E+02   0.20887E-05
   0.73374E+02   0.33032E-04
   0.73430E+02   0.20086E-07
   0.73516E+02   0.51188E-09
   0.73518E+02   0.46320E-03
   0.73532E+02   0.48962E-04
   0.73655E+02   0.68082E-06
   0.73669E+02   0.15169E-04
   0.73760E+02   0.71980E-05
   0.73831E+02   0.63502E-07
   0.73844E+02   0.25772E-06
   0.73880E+02   0.28908E-04
   0.73910E+02   0.15866E-05
   0.73939E+02   0.14550E-13
   0.74000E+02   0.11218E-06
   0.74008E+02   0.20896E-08
   0.74050E+02   0.95773E-07
   0.74077E+02   0.15182E-08
   0.74105E+02   0.40622E-09
   0.74164E+02   0.65318E-07
   0.74182E+02   0.11872E-06
   0.74241E+02   0.17261E-11
   0.74247E+02   0.25003E-04
   0.74274E+02   0.77234E-06
   0.74347E+02   0.13612E-05
   0.74420E+02   0.48973E-04
   0.74508E+02   0.33633E-03
   0.74533E+02   0.21481E-10
   0.74569E+02   0.47059E-04
   0.74673E+02   0.29639E-04
   0.74693E+02   0.73642E-05
   0.74738E+02   0.33057E-04
   0.74757E+02   0.19527E-05
   0.74796E+02   0.11974E-03
   0.74840E+02   0.42732E-04
   0.74988E+02   0.47423E-06
   0.75084E+02   0.59578E-05
   0.75136E+02   0.45135E-05
   0.75253E+02   0.47912E-06
   0.75269E+02   0.30262E-16
   0.75334E+02   0.58669E-06
   0.75361E+02   0.17761E-06
   0.75375E+02   0.39890E-08
   0.75386E+02   0.24329E-13
   0.75411E+02   0.86240E-07
   0.75445E+02   0.41975E-09
   0.75457E+02   0.27746E-07
   0.75505E+02   0.13490E-08
   0.75546E+02   0.40812E-07
   0.75600E+02   0.24223E-06
   0.75668E+02   0.12629E-03
   0.75775E+02   0.79714E-04
   0.75890E+02   0.16797E-07
   0.75909E+02   0.72985E-04
   0.75956E+02   0.15488E-12
   0.75963E+02   0.15690E-05
   0.75995E+02   0.10700E-03
   0.76060E+02   0.22124E-04
   0.76091E+02   0.26288E-05
   0.76157E+02   0.11283E-07
   0.76184E+02   0.11234E-03
   0.76209E+02   0.88624E-05
   0.76251E+02   0.56204E-03
   0.76268E+02   0.87814E-04
   0.76327E+02   0.51095E-04
   0.76344E+02   0.34214E-05
   0.76413E+02   0.10345E-05
   0.76444E+02   0.45182E-05
   0.76482E+02   0.40138E-04
   0.76587E+02   0.13370E-05
   0.76657E+02   0.21507E-05
   0.76693E+02   0.36918E-04
   0.76794E+02   0.44043E-04
   0.76894E+02   0.54762E-06
   0.76931E+02   0.15140E-03
   0.76941E+02   0.76111E-04
   0.76997E+02   0.44082E-06
   0.77017E+02   0.63877E-06
   0.77143E+02   0.84278E-13
   0.77157E+02   0.83443E-07
   0.77189E+02   0.45826E-05
   0.77221E+02   0.17710E-07
   0.77236E+02   0.12564E-04
   0.77257E+02   0.62468E-03
   0.77339E+02   0.29303E-06
   0.77349E+02   0.24488E-06
   0.77384E+02   0.53805E-05
   0.77449E+02   0.14620E-05
   0.77484E+02   0.40221E-05
   0.77509E+02   0.82836E-05
   0.77533E+02   0.58131E-05
   0.77540E+02   0.16473E-06
   0.77559E+02   0.28849E-05
   0.77622E+02   0.20975E-05
   0.77625E+02   0.35140E-05
   0.77661E+02   0.12470E-04
   0.77706E+02   0.56999E-04
   0.77714E+02   0.42255E-04
   0.77754E+02   0.52186E-05
   0.77774E+02   0.88904E-05
   0.77787E+02   0.28979E-05
   0.77808E+02   0.55200E-07
   0.77896E+02   0.73383E-06
   0.77903E+02   0.29868E-06
   0.77912E+02   0.40265E-14
   0.78027E+02   0.88805E-03
   0.78063E+02   0.73376E-03
   0.78197E+02   0.27940E-03
   0.78231E+02   0.72470E-02
   0.78332E+02   0.18922E-05
   0.78400E+02   0.87316E-14
   0.78444E+02   0.13413E-04
   0.78510E+02   0.14899E-05
   0.78531E+02   0.69001E-08
   0.78546E+02   0.23246E-06
   0.78615E+02   0.11576E-06
   0.78663E+02   0.20466E-06
   0.78787E+02   0.40025E-05
   0.78816E+02   0.37533E-05
   0.78861E+02   0.16281E-05
   0.78938E+02   0.14970E-04
   0.79011E+02   0.34388E-06
   0.79058E+02   0.22345E-04
   0.79076E+02   0.40604E-04
   0.79206E+02   0.35543E-06
   0.79277E+02   0.24230E-04
   0.79294E+02   0.12604E-11
   0.79300E+02   0.12304E-04
   0.79379E+02   0.65551E-05
   0.79578E+02   0.69722E-05
   0.79649E+02   0.50174E-04
   0.79679E+02   0.47769E-05
   0.79771E+02   0.49030E-14
   0.79894E+02   0.28303E-07
   0.79896E+02   0.49180E-09
   0.79975E+02   0.42316E-06
   0.79994E+02   0.56643E-05
   0.80058E+02   0.34967E-05
   0.80094E+02   0.27965E-05
   0.80173E+02   0.12900E-05
   0.80249E+02   0.20910E-05
   0.80281E+02   0.79162E-07
   0.80364E+02   0.32118E-06
   0.80390E+02   0.16783E-05
   0.80583E+02   0.26051E-05
   0.80785E+02   0.12058E-04
   0.80823E+02   0.41712E-04
   0.80843E+02   0.10995E-04
   0.80901E+02   0.70624E-12
   0.80927E+02   0.48680E-08
   0.80967E+02   0.89780E-05
   0.81012E+02   0.74826E-04
   0.81093E+02   0.48849E-05
   0.81107E+02   0.24048E-05
   0.81159E+02   0.15222E-04
   0.81212E+02   0.30150E-05
   0.81257E+02   0.14420E-04
   0.81275E+02   0.16393E-12
   0.81289E+02   0.70309E-05
   0.81301E+02   0.17654E-04
   0.81347E+02   0.77281E-06
   0.81391E+02   0.31218E-06
   0.81428E+02   0.19649E-05
   0.81491E+02   0.11131E-04
   0.81640E+02   0.30327E-05
   0.81685E+02   0.18687E-07
   0.81788E+02   0.99889E-05
   0.81816E+02   0.33923E-05
   0.81827E+02   0.25475E-04
   0.81879E+02   0.23880E-04
   0.81893E+02   0.15955E-04
   0.81911E+02   0.15262E-04
   0.81979E+02   0.84969E-05
   0.81995E+02   0.53995E-04
   0.82052E+02   0.18558E-02
   0.82073E+02   0.12972E-02
   0.82088E+02   0.39007E-05
   0.82091E+02   0.15852E-09
   0.82106E+02   0.35675E-04
   0.82188E+02   0.12376E-03
   0.82211E+02   0.90556E-04
   0.82295E+02   0.19259E-03
   0.82316E+02   0.70272E-05
   0.82337E+02   0.26068E-03
   0.82386E+02   0.82014E-06
   0.82422E+02   0.79915E-05
   0.82438E+02   0.39280E-04
   0.82469E+02   0.28149E-05
   0.82522E+02   0.17258E-05
   0.82529E+02   0.40441E-06
   0.82550E+02   0.15929E-04
   0.82585E+02   0.46718E-07
   0.82625E+02   0.46958E-04
   0.82773E+02   0.28002E-04
   0.82791E+02   0.61923E-05
   0.82810E+02   0.19927E-06
   0.82844E+02   0.12286E-06
   0.82849E+02   0.76362E-06
   0.82873E+02   0.51555E-05
   0.82962E+02   0.24459E-05
   0.83071E+02   0.49325E-05
   0.83082E+02   0.24853E-09
   0.83130E+02   0.23666E-03
   0.83164E+02   0.22071E-06
   0.83179E+02   0.37006E-04
   0.83239E+02   0.23431E-05
   0.83287E+02   0.43658E-06
   0.83299E+02   0.57856E-05
   0.83318E+02   0.10075E-07
   0.83364E+02   0.19180E-05
   0.83396E+02   0.10601E-05
   0.83419E+02   0.30324E-05
   0.83447E+02   0.44498E-05
   0.83463E+02   0.98448E-05
   0.83494E+02   0.55203E-05
   0.83529E+02   0.36275E-04
   0.83537E+02   0.39491E-09
   0.83560E+02   0.19905E-05
   0.83578E+02   0.16695E-05
   0.83611E+02   0.36687E-05
   0.83681E+02   0.59448E-05
   0.83697E+02   0.38786E-05
   0.83769E+02   0.31877E-05
   0.83796E+02   0.57277E-05
   0.83900E+02   0.59089E-05
   0.83931E+02   0.18288E-06
   0.83976E+02   0.32503E-05
   0.84003E+02   0.24681E-07
   0.84004E+02   0.73886E-10
   0.84061E+02   0.75214E-06
   0.84135E+02   0.77914E-07
   0.84203E+02   0.23829E-04
   0.84222E+02   0.12935E-03
   0.84329E+02   0.26575E-05
   0.84342E+02   0.43930E-05
   0.84472E+02   0.11018E-05
   0.84521E+02   0.58418E-08
   0.84567E+02   0.27323E-09
   0.84664E+02   0.14659E-11
   0.84703E+02   0.38165E-07
   0.84813E+02   0.20181E-04
   0.84836E+02   0.12164E-05
   0.84875E+02   0.39405E-05
   0.84906E+02   0.11194E-04
   0.84937E+02   0.13676E-04
   0.84974E+02   0.25069E-05
   0.85002E+02   0.15149E-05
   0.85018E+02   0.61802E-05
   0.85035E+02   0.43144E-09
   0.85070E+02   0.16644E-06
   0.85102E+02   0.79947E-05
   0.85132E+02   0.27696E-06
   0.85139E+02   0.14406E-06
   0.85193E+02   0.19108E-05
   0.85283E+02   0.31537E-05
   0.85313E+02   0.19195E-05
   0.85351E+02   0.27460E-08
   0.85375E+02   0.12643E-04
   0.85383E+02   0.17134E-05
   0.85388E+02   0.74846E-04
   0.85414E+02   0.62614E-05
   0.85443E+02   0.57953E-06
   0.85457E+02   0.10808E-04
   0.85468E+02   0.19757E-05
   0.85477E+02   0.26892E-04
   0.85488E+02   0.10431E-03
   0.85514E+02   0.20591E-05
   0.85533E+02   0.58260E-07
   0.85573E+02   0.11850E-04
   0.85585E+02   0.41056E-06
   0.85640E+02   0.13331E-05
   0.85667E+02   0.18341E-05
   0.85690E+02   0.14035E-05
   0.85738E+02   0.86264E-06
   0.85799E+02   0.45834E-07
   0.85823E+02   0.21279E-08
   0.85866E+02   0.11914E-05
   0.85905E+02   0.17800E-05
   0.85917E+02   0.36684E-05
   0.85941E+02   0.12309E-08
   0.85979E+02   0.27341E-05
   0.85991E+02   0.21911E-05
   0.86055E+02   0.38489E-06
   0.86072E+02   0.36944E-06
   0.86076E+02   0.15989E-12
   0.86078E+02   0.49431E-07
   0.86082E+02   0.61260E-06
   0.86199E+02   0.25618E-04
   0.86213E+02   0.71899E-05
   0.86261E+02   0.27416E-03
   0.86292E+02   0.76032E-11
   0.86297E+02   0.11822E-06
   0.86341E+02   0.51733E-04
   0.86385E+02   0.11116E-03
   0.86453E+02   0.22336E-06
   0.86468E+02   0.83548E-05
   0.86495E+02   0.23576E-06
   0.86513E+02   0.10960E-04
   0.86559E+02   0.18241E-05
   0.86577E+02   0.82731E-06
   0.86611E+02   0.52577E-07
   0.86651E+02   0.37310E-06
   0.86701E+02   0.13793E-03
   0.86876E+02   0.68394E-11
   0.86906E+02   0.91707E-05
   0.86977E+02   0.22176E-06
   0.86997E+02   0.72309E-09
   0.87020E+02   0.14051E-13
   0.87095E+02   0.12375E-06
   0.87112E+02   0.19157E-12
   0.87128E+02   0.12316E-06
   0.87206E+02   0.15879E-06
   0.87295E+02   0.11561E-07
   0.87308E+02   0.13925E-12
   0.87357E+02   0.21939E-06
   0.87409E+02   0.12354E-06
   0.87635E+02   0.48759E-07
   0.87697E+02   0.13497E-05
   0.87797E+02   0.47448E-05
   0.87802E+02   0.31978E-11
   0.87943E+02   0.20994E-07
   0.87988E+02   0.79001E-06
   0.88031E+02   0.24278E-07
   0.88039E+02   0.46396E-05
   0.88044E+02   0.20296E-14
   0.88085E+02   0.13870E-05
   0.88131E+02   0.10546E-06
   0.88166E+02   0.31353E-04
   0.88186E+02   0.30241E-04
   0.88196E+02   0.55866E-05
   0.88237E+02   0.19640E-05
   0.88278E+02   0.14467E-05
   0.88452E+02   0.15413E-05
   0.88491E+02   0.26978E-05
   0.88511E+02   0.18188E-13
   0.88585E+02   0.68252E-05
   0.88628E+02   0.16862E-12
   0.88633E+02   0.17621E-06
   0.88733E+02   0.72430E-05
   0.88795E+02   0.38456E-05
   0.88801E+02   0.56175E-04
   0.88813E+02   0.17143E-05
   0.88873E+02   0.18079E-05
   0.88951E+02   0.92395E-06
   0.88994E+02   0.26468E-04
   0.89007E+02   0.12113E-12
   0.89068E+02   0.16785E-04
   0.89118E+02   0.56172E-06
   0.89146E+02   0.98478E-05
   0.89271E+02   0.55954E-04
   0.89344E+02   0.25016E-04
   0.89367E+02   0.16446E-03
   0.89546E+02   0.11538E-05
   0.89569E+02   0.29396E-05
   0.89591E+02   0.10227E-06
   0.89604E+02   0.10758E-06
   0.89639E+02   0.69173E-06
   0.90126E+02   0.94091E-05
   0.90177E+02   0.23538E-05
   0.90244E+02   0.54224E-05
   0.90270E+02   0.45327E-04
   0.90318E+02   0.16855E-02
   0.90341E+02   0.38165E-04
   0.90414E+02   0.16345E-03
   0.90431E+02   0.28420E-03
   0.90580E+02   0.10639E-02
   0.90629E+02   0.20170E-03
   0.90700E+02   0.57981E-03
   0.90717E+02   0.47850E-03
   0.90767E+02   0.97868E-03
   0.90769E+02   0.10007E-02
   0.90890E+02   0.19598E-04
   0.90912E+02   0.17721E-05
   0.90930E+02   0.71548E-04
   0.91018E+02   0.10659E-05
   0.91170E+02   0.21681E-05
   0.91185E+02   0.10848E-16
   0.91273E+02   0.10263E-05
   0.91356E+02   0.16497E-05
   0.91377E+02   0.47770E-04
   0.91489E+02   0.79719E-08
   0.91526E+02   0.22445E-04
   0.91561E+02   0.23043E-04
   0.91627E+02   0.36226E-05
   0.91666E+02   0.99187E-04
   0.91682E+02   0.19350E-05
   0.91709E+02   0.89759E-06
   0.91742E+02   0.14086E-06
   0.91789E+02   0.50469E-05
   0.91833E+02   0.59150E-05
   0.92059E+02   0.86262E-06
   0.92068E+02   0.77805E-07
   0.92074E+02   0.17408E-12
   0.92101E+02   0.10628E-06
   0.92103E+02   0.57208E-09
   0.92144E+02   0.50889E-06
   0.92286E+02   0.27554E-06
   0.92339E+02   0.35278E-07
   0.92407E+02   0.16158E-06
   0.92438E+02   0.34576E-12
   0.92449E+02   0.10962E-04
   0.92463E+02   0.17475E-04
   0.92528E+02   0.33845E-06
   0.92574E+02   0.28440E-05
   0.92714E+02   0.27409E-05
   0.92754E+02   0.28844E-05
   0.92794E+02   0.15388E-07
   0.93016E+02   0.94378E-06
   0.93081E+02   0.10446E-06
   0.93098E+02   0.49766E-08
   0.93145E+02   0.27600E-13
   0.93186E+02   0.75023E-05
   0.93271E+02   0.43235E-07
   0.93400E+02   0.35544E-07
   0.93403E+02   0.11203E-05
   0.93436E+02   0.16253E-07
   0.93519E+02   0.10271E-13
   0.93588E+02   0.52460E-05
   0.93601E+02   0.14323E-06
   0.93695E+02   0.31241E-05
   0.93743E+02   0.23424E-07
   0.93772E+02   0.11502E-04
   0.93797E+02   0.21607E-07
   0.93894E+02   0.42788E-04
   0.93957E+02   0.40632E-04
   0.93972E+02   0.60105E-04
   0.93982E+02   0.31442E-04
   0.93983E+02   0.72220E-04
   0.93992E+02   0.63651E-03
   0.94062E+02   0.38083E-05
   0.94159E+02   0.20534E-04
   0.94174E+02   0.36649E-05
   0.94183E+02   0.98746E-05
   0.94189E+02   0.81991E-05
   0.94195E+02   0.38407E-05
   0.94242E+02   0.10824E-08
   0.94244E+02   0.23357E-05
   0.94276E+02   0.13674E-05
   0.94306E+02   0.31871E-07
   0.94319E+02   0.94603E-05
   0.94466E+02   0.14934E-06
   0.94508E+02   0.21058E-06
   0.94623E+02   0.52155E-06
   0.94798E+02   0.52678E-05
   0.94836E+02   0.14584E-06
   0.94870E+02   0.30874E-05
   0.94891E+02   0.40269E-07
   0.94921E+02   0.47266E-04
   0.94938E+02   0.15727E-05
   0.94942E+02   0.83340E-05
   0.95025E+02   0.11355E-05
   0.95060E+02   0.25833E-06
   0.95083E+02   0.29182E-05
   0.95175E+02   0.30333E-07
   0.95206E+02   0.19754E-05
   0.95238E+02   0.22949E-05
   0.95278E+02   0.40664E-07
   0.95290E+02   0.37848E-06
   0.95326E+02   0.17345E-10
   0.95351E+02   0.14071E-04
   0.95392E+02   0.63107E-05
   0.95452E+02   0.37994E-07
   0.95506E+02   0.12349E-05
   0.95548E+02   0.29219E-07
   0.95626E+02   0.38094E-05
   0.95660E+02   0.13812E-04
   0.95701E+02   0.24016E-04
   0.95747E+02   0.71505E-05
   0.95758E+02   0.36335E-04
   0.95780E+02   0.60333E-04
   0.95781E+02   0.36079E-07
   0.95792E+02   0.11639E-03
   0.95800E+02   0.37793E-04
   0.95838E+02   0.17043E-04
   0.95867E+02   0.46010E-05
   0.95872E+02   0.76400E-05
   0.95890E+02   0.27591E-06
   0.95965E+02   0.51978E-05
   0.96064E+02   0.65249E-04
   0.96105E+02   0.24973E-07
   0.96113E+02   0.36297E-04
   0.96160E+02   0.68642E-05
   0.96175E+02   0.26686E-12
   0.96203E+02   0.81806E-05
   0.96247E+02   0.23056E-07
   0.96252E+02   0.31865E-05
   0.96318E+02   0.25554E-06
   0.96336E+02   0.17085E-05
   0.96347E+02   0.27241E-09
   0.96374E+02   0.22283E-08
   0.96438E+02   0.89962E-06
   0.96536E+02   0.76453E-06
   0.96602E+02   0.11139E-05
   0.96647E+02   0.18490E-05
   0.96676E+02   0.59943E-05
   0.96708E+02   0.73388E-04
   0.96748E+02   0.81877E-05
   0.96775E+02   0.58165E-06
   0.96796E+02   0.51325E-05
   0.96818E+02   0.26179E-05
   0.96893E+02   0.26948E-06
   0.96901E+02   0.47578E-06
   0.96987E+02   0.76699E-07
   0.97075E+02   0.18109E-05
   0.97088E+02   0.75894E-05
   0.97152E+02   0.39351E-05
   0.97167E+02   0.81052E-05
   0.97180E+02   0.13663E-04
   0.97188E+02   0.71974E-05
   0.97200E+02   0.49402E-06
   0.97226E+02   0.44689E-04
   0.97296E+02   0.23332E-04
   0.97356E+02   0.36587E-05
   0.97404E+02   0.27498E-05
   0.97475E+02   0.15108E-04
   0.97491E+02   0.22760E-04
   0.97503E+02   0.67115E-06
   0.97588E+02   0.15600E-06
   0.97597E+02   0.11292E-08
   0.97688E+02   0.13880E-04
   0.97781E+02   0.17385E-06
   0.97806E+02   0.14504E-03
   0.97920E+02   0.79628E-06
   0.97963E+02   0.52876E-04
   0.98011E+02   0.38985E-05
   0.98021E+02   0.86166E-09
   0.98114E+02   0.40862E-08
   0.98169E+02   0.10012E-06
   0.98195E+02   0.49916E-08
   0.98342E+02   0.68439E-07
   0.98392E+02   0.71334E-09
   0.98393E+02   0.67954E-08
   0.98395E+02   0.16838E-09
   0.98443E+02   0.94938E-08
   0.98453E+02   0.90357E-09
   0.98485E+02   0.45754E-05
   0.98498E+02   0.15215E-06
   0.98603E+02   0.21868E-07
   0.98621E+02   0.22900E-06
   0.98734E+02   0.69218E-10
   0.98758E+02   0.40834E-09
   0.98885E+02   0.16356E-04
   0.98912E+02   0.67692E-06
   0.99031E+02   0.83157E-06
   0.99040E+02   0.71357E-04
   0.99082E+02   0.22946E-07
   0.99099E+02   0.12705E-07
   0.99234E+02   0.11103E-05
   0.99350E+02   0.82837E-12
   0.99357E+02   0.71935E-06
   0.99375E+02   0.87900E-07
   0.99423E+02   0.56623E-06
   0.99479E+02   0.19290E-07
   0.99515E+02   0.12429E-07
   0.99592E+02   0.23642E-05
   0.99643E+02   0.76127E-07
   0.99696E+02   0.87003E-06
   0.99775E+02   0.19661E-09
   0.99831E+02   0.18650E-07
   0.99841E+02   0.16905E-08
   0.99882E+02   0.58434E-07
   0.99893E+02   0.54673E-08
   0.99905E+02   0.22280E-13
   0.99932E+02   0.44729E-05
   0.99943E+02   0.12548E-04
   0.99979E+02   0.12762E-06
   0.99996E+02   0.19199E-06
   0.10014E+03   0.20842E-12
   0.10020E+03   0.49713E-07
   0.10020E+03   0.23445E-13
   0.10022E+03   0.76124E-08
   0.10024E+03   0.14247E-06
   0.10027E+03   0.90191E-06
   0.10029E+03   0.21457E-05
   0.10035E+03   0.95297E-05
   0.10040E+03   0.29668E-07
   0.10041E+03   0.10975E-08
   0.10045E+03   0.10337E-08
   0.10047E+03   0.69605E-08
   0.10050E+03   0.26972E-06
   0.10062E+03   0.81202E-06
   0.10070E+03   0.41816E-07
   0.10080E+03   0.16589E-05
   0.10089E+03   0.37337E-14
   0.10091E+03   0.18007E-09
   0.10094E+03   0.35525E-06
   0.10100E+03   0.24585E-06
   0.10101E+03   0.10596E-04
   0.10101E+03   0.78020E-05
   0.10103E+03   0.37185E-05
   0.10107E+03   0.45051E-08
   0.10112E+03   0.67874E-05
   0.10113E+03   0.21786E-05
   0.10114E+03   0.56168E-06
   0.10115E+03   0.84984E-12
   0.10119E+03   0.15777E-07
   0.10124E+03   0.10682E-06
   0.10131E+03   0.12729E-05
   0.10139E+03   0.43288E-07
   0.10147E+03   0.38460E-07
   0.10148E+03   0.12749E-04
   0.10158E+03   0.12560E-06
   0.10161E+03   0.32349E-13
   0.10161E+03   0.76191E-06
   0.10162E+03   0.23181E-05
   0.10164E+03   0.59236E-06
   0.10167E+03   0.11321E-07
   0.10180E+03   0.38529E-06
   0.10181E+03   0.10122E-04
   0.10182E+03   0.44422E-04
   0.10186E+03   0.13874E-04
   0.10192E+03   0.50627E-07
   0.10194E+03   0.17690E-13
   0.10205E+03   0.10603E-04
   0.10215E+03   0.11966E-04
   0.10218E+03   0.47662E-04
   0.10222E+03   0.47668E-05
   0.10228E+03   0.13494E-06
   0.10234E+03   0.17960E-04
   0.10245E+03   0.66989E-04
   0.10247E+03   0.53928E-07
   0.10249E+03   0.16071E-03
   0.10251E+03   0.90507E-07
   0.10254E+03   0.48495E-05
   0.10260E+03   0.98293E-05
   0.10261E+03   0.60980E-04
   0.10269E+03   0.15054E-04
   0.10282E+03   0.20786E-06
   0.10290E+03   0.37175E-07
   0.10298E+03   0.54671E-13
   0.10301E+03   0.32459E-06
   0.10306E+03   0.16473E-04
   0.10315E+03   0.87533E-05
   0.10322E+03   0.37077E-04
   0.10323E+03   0.58711E-12
   0.10332E+03   0.71028E-08
   0.10340E+03   0.12055E-07
   0.10344E+03   0.18744E-07
   0.10357E+03   0.45825E-05
   0.10368E+03   0.28551E-06
   0.10373E+03   0.75652E-05
   0.10375E+03   0.18968E-06
   0.10378E+03   0.61971E-09
   0.10380E+03   0.15003E-05
   0.10383E+03   0.14001E-02
   0.10388E+03   0.66871E-04
   0.10390E+03   0.16225E-04
   0.10395E+03   0.10228E-05
   0.10403E+03   0.12455E-04
   0.10406E+03   0.90960E-05
   0.10412E+03   0.21431E-09
   0.10433E+03   0.37931E-05
   0.10441E+03   0.40940E-09
   0.10441E+03   0.63346E-08
   0.10444E+03   0.14542E-04
   0.10447E+03   0.81130E-04
   0.10450E+03   0.94531E-04
   0.10453E+03   0.86850E-03
   0.10458E+03   0.43930E-03
   0.10463E+03   0.18982E-03
   0.10466E+03   0.20914E-04
   0.10467E+03   0.82773E-04
   0.10473E+03   0.50084E-05
   0.10475E+03   0.27249E-07
   0.10485E+03   0.42729E-06
   0.10488E+03   0.21848E-04
   0.10490E+03   0.40919E-05
   0.10496E+03   0.30246E-06
   0.10505E+03   0.15997E-15
   0.10510E+03   0.26263E-05
   0.10514E+03   0.42538E-05
   0.10516E+03   0.31072E-04
   0.10519E+03   0.19369E-04
   0.10524E+03   0.40949E-04
   0.10527E+03   0.16414E-04
   0.10532E+03   0.71443E-04
   0.10551E+03   0.12599E-04
   0.10558E+03   0.17568E-07
   0.10561E+03   0.86752E-05
   0.10562E+03   0.15718E-05
   0.10573E+03   0.19825E-04
   0.10581E+03   0.29776E-05
   0.10583E+03   0.43424E-06
   0.10594E+03   0.61048E-13
   0.10595E+03   0.12425E-08
   0.10600E+03   0.21765E-06
   0.10611E+03   0.57556E-06
   0.10615E+03   0.19102E-04
   0.10615E+03   0.12182E-04
   0.10616E+03   0.16416E-05
   0.10622E+03   0.20258E-14
   0.10625E+03   0.31893E-06
   0.10625E+03   0.54337E-06
   0.10642E+03   0.94564E-06
   0.10644E+03   0.87622E-06
   0.10649E+03   0.15804E-12
   0.10660E+03   0.99969E-06
   0.10666E+03   0.14265E-07
   0.10673E+03   0.18041E-04
   0.10679E+03   0.95927E-04
   0.10685E+03   0.19267E-05
   0.10685E+03   0.55962E-10
   0.10693E+03   0.67704E-05
   0.10696E+03   0.16694E-03
   0.10698E+03   0.19644E-04
   0.10699E+03   0.33965E-04
   0.10704E+03   0.87881E-05
   0.10707E+03   0.53050E-05
   0.10710E+03   0.13850E-05
   0.10715E+03   0.14616E-05
   0.10720E+03   0.75162E-06
   0.10722E+03   0.26998E-08
   0.10731E+03   0.23068E-05
   0.10735E+03   0.61385E-04
   0.10740E+03   0.73797E-06
   0.10754E+03   0.14433E-07
   0.10763E+03   0.49590E-07
   0.10774E+03   0.35952E-08
   0.10777E+03   0.51701E-06
   0.10781E+03   0.35159E-06
   0.10784E+03   0.82973E-07
   0.10787E+03   0.53743E-07
   0.10790E+03   0.18940E-07
   0.10798E+03   0.11455E-04
   0.10801E+03   0.60243E-05
   0.10807E+03   0.23505E-06
   0.10812E+03   0.10319E-05
   0.10814E+03   0.17958E-05
   0.10818E+03   0.16014E-06
   0.10822E+03   0.11794E-06
   0.10824E+03   0.79708E-08
   0.10827E+03   0.20880E-05
   0.10834E+03   0.68202E-05
   0.10837E+03   0.30561E-07
   0.10841E+03   0.60700E-07
   0.10848E+03   0.22623E-07
   0.10851E+03   0.51640E-06
   0.10857E+03   0.82918E-10
   0.10861E+03   0.23273E-09
   0.10862E+03   0.52546E-09
   0.10863E+03   0.70470E-06
   0.10866E+03   0.22500E-13
   0.10869E+03   0.63256E-06
   0.10873E+03   0.25652E-07
   0.10876E+03   0.21743E-09
   0.10880E+03   0.29373E-10
   0.10890E+03   0.50798E-06
   0.10891E+03   0.14831E-05
   0.10894E+03   0.60535E-06
   0.10898E+03   0.47753E-06
   0.10899E+03   0.70734E-07
   0.10902E+03   0.21121E-05
   0.10903E+03   0.50514E-06
   0.10905E+03   0.27637E-05
   0.10906E+03   0.30661E-05
   0.10907E+03   0.83352E-05
   0.10911E+03   0.35608E-05
   0.10911E+03   0.11496E-09
   0.10912E+03   0.34924E-07
   0.10913E+03   0.97582E-05
   0.10916E+03   0.30761E-05
   0.10917E+03   0.69811E-05
   0.10921E+03   0.18362E-05
   0.10921E+03   0.29792E-05
   0.10924E+03   0.72909E-05
   0.10928E+03   0.21051E-05
   0.10930E+03   0.31038E-05
   0.10934E+03   0.81132E-07
   0.10936E+03   0.64851E-08
   0.10936E+03   0.45082E-07
   0.10938E+03   0.84531E-07
   0.10940E+03   0.15012E-06
   0.10945E+03   0.28976E-13
   0.10954E+03   0.43848E-08
   0.10958E+03   0.56776E-09
   0.10968E+03   0.51720E-05
   0.10969E+03   0.15541E-05
   0.10971E+03   0.43692E-05
   0.10971E+03   0.25111E-06
   0.10976E+03   0.93981E-06
   0.10979E+03   0.97191E-05
   0.10982E+03   0.38098E-05
   0.10984E+03   0.57220E-06
   0.10988E+03   0.55056E-06
   0.10990E+03   0.56743E-06
   0.10992E+03   0.22775E-04
   0.10996E+03   0.35599E-06
   0.10997E+03   0.92203E-07
   0.10997E+03   0.15729E-06
   0.10998E+03   0.23968E-06
   0.10999E+03   0.24602E-07
   0.11003E+03   0.49454E-11
   0.11005E+03   0.34246E-06
   0.11006E+03   0.20985E-06
   0.11007E+03   0.14839E-05
   0.11014E+03   0.10077E-06
   0.11020E+03   0.48912E-06
   0.11026E+03   0.44219E-06
   0.11030E+03   0.12499E-04
   0.11032E+03   0.17628E-05
   0.11039E+03   0.33660E-07
   0.11041E+03   0.13414E-09
   0.11046E+03   0.53154E-07
   0.11052E+03   0.21329E-05
   0.11061E+03   0.44362E-07
   0.11062E+03   0.21613E-06
   0.11074E+03   0.24939E-07
   0.11078E+03   0.11076E-05
   0.11090E+03   0.88323E-10
   0.11090E+03   0.45956E-10
   0.11093E+03   0.22876E-06
   0.11100E+03   0.33567E-05
   0.11118E+03   0.11537E-05
   0.11124E+03   0.98089E-06
   0.11139E+03   0.48474E-06
   0.11145E+03   0.44066E-06
   0.11149E+03   0.57662E-07
   0.11152E+03   0.16811E-06
   0.11156E+03   0.61490E-06
   0.11161E+03   0.28585E-04
   0.11167E+03   0.22274E-05
   0.11180E+03   0.76950E-07
   0.11184E+03   0.31813E-07
   0.11186E+03   0.27082E-08
   0.11191E+03   0.11516E-06
   0.11201E+03   0.21580E-06
   0.11208E+03   0.79544E-07
   0.11217E+03   0.20432E-12
   0.11219E+03   0.17122E-06
   0.11224E+03   0.88448E-07
   0.11227E+03   0.68473E-06
   0.11232E+03   0.41968E-07
   0.11239E+03   0.45831E-06
   0.11243E+03   0.26986E-07
   0.11250E+03   0.50600E-06
   0.11252E+03   0.33617E-05
   0.11255E+03   0.14938E-05
   0.11262E+03   0.15861E-07
   0.11270E+03   0.27974E-05
   0.11273E+03   0.77822E-06
   0.11282E+03   0.16205E-06
   0.11286E+03   0.29133E-06
   0.11290E+03   0.72519E-04
   0.11294E+03   0.71892E-05
   0.11296E+03   0.60419E-06
   0.11298E+03   0.71332E-15
   0.11299E+03   0.55878E-07
   0.11308E+03   0.61849E-06
   0.11313E+03   0.20747E-07
   0.11317E+03   0.84183E-05
   0.11319E+03   0.13749E-06
   0.11321E+03   0.68274E-06
   0.11333E+03   0.18489E-07
   0.11337E+03   0.27224E-08
   0.11338E+03   0.12571E-09
   0.11342E+03   0.62785E-09
   0.11349E+03   0.41851E-05
   0.11352E+03   0.29115E-06
   0.11353E+03   0.38758E-05
   0.11365E+03   0.18006E-04
   0.11366E+03   0.25932E-04
   0.11377E+03   0.82540E-09
   0.11399E+03   0.52421E-05
   0.11404E+03   0.28520E-04
   0.11414E+03   0.11924E-05
   0.11415E+03   0.76440E-05
   0.11424E+03   0.26952E-05
   0.11428E+03   0.44491E-04
   0.11432E+03   0.10899E-06
   0.11441E+03   0.51997E-06
   0.11444E+03   0.34920E-06
   0.11449E+03   0.36783E-05
   0.11452E+03   0.95424E-06
   0.11461E+03   0.53761E-04
   0.11463E+03   0.37163E-04
   0.11467E+03   0.30844E-05
   0.11474E+03   0.67163E-09
   0.11488E+03   0.10100E-05
   0.11503E+03   0.76644E-05
   0.11515E+03   0.92329E-04
   0.11517E+03   0.31969E-06
   0.11540E+03   0.49860E-06
   0.11543E+03   0.30378E-05
   0.11546E+03   0.42308E-05
   0.11549E+03   0.35583E-05
   0.11558E+03   0.16048E-04
   0.11565E+03   0.19773E-06
   0.11567E+03   0.20172E-05
   0.11569E+03   0.11728E-05
   0.11576E+03   0.24082E-05
   0.11581E+03   0.61123E-06
   0.11584E+03   0.55605E-05
   0.11585E+03   0.17407E-04
   0.11595E+03   0.14413E-06
   0.11595E+03   0.47489E-07
   0.11603E+03   0.61809E-05
   0.11613E+03   0.57190E-08
   0.11614E+03   0.88027E-08
   0.11621E+03   0.24379E-07
   0.11624E+03   0.13530E-07
   0.11629E+03   0.67914E-08
   0.11634E+03   0.34959E-06
   0.11642E+03   0.32758E-09
   0.11645E+03   0.95811E-06
   0.11646E+03   0.11853E-07
   0.11646E+03   0.28527E-06
   0.11647E+03   0.97963E-08
   0.11665E+03   0.28411E-07
   0.11668E+03   0.33887E-06
   0.11682E+03   0.18999E-06
   0.11683E+03   0.18824E-07
   0.11688E+03   0.49476E-06
   0.11693E+03   0.84135E-06
   0.11700E+03   0.14956E-06
   0.11708E+03   0.19278E-05
   0.11714E+03   0.29298E-05
   0.11732E+03   0.51195E-06
   0.11742E+03   0.48359E-05
   0.11758E+03   0.33410E-05
   0.11774E+03   0.26948E-07
   0.11783E+03   0.48912E-07
   0.11801E+03   0.15337E-06
   0.11807E+03   0.12882E-06
   0.11819E+03   0.19508E-06
   0.11829E+03   0.14809E-07
   0.11835E+03   0.33059E-06
   0.11837E+03   0.21205E-05
   0.11839E+03   0.29294E-06
   0.11842E+03   0.70921E-07
   0.11844E+03   0.16284E-06
   0.11845E+03   0.12019E-05
   0.11864E+03   0.22908E-07
   0.11873E+03   0.22111E-04
   0.11889E+03   0.19460E-05
   0.11891E+03   0.73733E-05
   0.11902E+03   0.31839E-06
   0.11918E+03   0.23931E-06
   0.11923E+03   0.45020E-08
   0.11925E+03   0.32356E-07
   0.11932E+03   0.14654E-08
   0.11934E+03   0.25920E-06
   0.11941E+03   0.45026E-06
   0.11959E+03   0.24195E-06
   0.11962E+03   0.65770E-05
   0.11973E+03   0.94243E-06
   0.11981E+03   0.17992E-07
   0.11994E+03   0.23343E-07
   0.12014E+03   0.92918E-06
   0.12018E+03   0.29288E-04
   0.12022E+03   0.44418E-06
   0.12031E+03   0.14582E-07
   0.12036E+03   0.10796E-07
   0.12037E+03   0.29638E-06
   0.12041E+03   0.48158E-06
   0.12053E+03   0.22640E-07
   0.12057E+03   0.80913E-06
   0.12061E+03   0.22136E-06
   0.12081E+03   0.29519E-07
   0.12084E+03   0.10997E-04
   0.12086E+03   0.57822E-06
   0.12090E+03   0.87956E-13
   0.12092E+03   0.22690E-05
   0.12094E+03   0.22234E-06
   0.12099E+03   0.90410E-06
   0.12106E+03   0.28607E-04
   0.12115E+03   0.35093E-06
   0.12118E+03   0.25932E-05
   0.12121E+03   0.96789E-07
   0.12127E+03   0.11186E-13
   0.12136E+03   0.27397E-07
   0.12143E+03   0.28161E-06
   0.12155E+03   0.49399E-08
   0.12163E+03   0.15546E-05
   0.12172E+03   0.13611E-06
   0.12179E+03   0.32076E-05
   0.12193E+03   0.49822E-07
   0.12194E+03   0.18393E-05
   0.12197E+03   0.15812E-07
   0.12198E+03   0.18566E-06
   0.12204E+03   0.41908E-09
   0.12205E+03   0.36288E-06
   0.12205E+03   0.14974E-07
   0.12210E+03   0.15512E-07
   0.12217E+03   0.11170E-06
   0.12221E+03   0.22488E-07
   0.12235E+03   0.28210E-05
   0.12236E+03   0.88249E-06
   0.12242E+03   0.60870E-06
   0.12244E+03   0.28386E-05
   0.12247E+03   0.17675E-06
   0.12255E+03   0.91427E-07
   0.12258E+03   0.70851E-09
   0.12260E+03   0.16910E-10
   0.12267E+03   0.49523E-07
   0.12272E+03   0.10204E-05
   0.12275E+03   0.56549E-07
   0.12281E+03   0.13771E-08
   0.12293E+03   0.22589E-06
   0.12296E+03   0.22663E-07
   0.12301E+03   0.12645E-06
   0.12309E+03   0.28976E-11
   0.12311E+03   0.20372E-07
   0.12319E+03   0.76524E-06
   0.12320E+03   0.29062E-05
   0.12325E+03   0.31883E-06
   0.12329E+03   0.14431E-05
   0.12334E+03   0.24328E-06
   0.12336E+03   0.31422E-05
   0.12341E+03   0.54684E-06
   0.12344E+03   0.73555E-06
   0.12345E+03   0.14083E-04
   0.12352E+03   0.25560E-05
   0.12352E+03   0.80709E-11
   0.12355E+03   0.31506E-06
   0.12368E+03   0.74633E-10
   0.12370E+03   0.58724E-08
   0.12376E+03   0.64326E-06
   0.12380E+03   0.18060E-12
   0.12384E+03   0.27379E-05
   0.12385E+03   0.19526E-05
   0.12391E+03   0.46746E-07
   0.12398E+03   0.14828E-05
   0.12399E+03   0.26597E-05
   0.12404E+03   0.11687E-04
   0.12414E+03   0.33100E-05
   0.12415E+03   0.10256E-05
   0.12437E+03   0.52315E-06
   0.12438E+03   0.32709E-06
   0.12444E+03   0.31180E-05
   0.12447E+03   0.12012E-05
   0.12456E+03   0.43154E-07
   0.12459E+03   0.72177E-06
   0.12466E+03   0.65274E-06
   0.12469E+03   0.72485E-07
   0.12471E+03   0.67881E-07
   0.12474E+03   0.60111E-06
   0.12485E+03   0.18108E-06
   0.12487E+03   0.50676E-04
   0.12492E+03   0.31759E-05
   0.12502E+03   0.51240E-06
   0.12509E+03   0.66341E-08
   0.12511E+03   0.46338E-07
   0.12527E+03   0.13951E-06
   0.12535E+03   0.17644E-06
   0.12551E+03   0.19614E-06
   0.12554E+03   0.10914E-09
   0.12557E+03   0.64149E-07
   0.12559E+03   0.22307E-07
   0.12567E+03   0.29318E-07
   0.12574E+03   0.69881E-06
   0.12577E+03   0.69254E-07
   0.12583E+03   0.31953E-06
   0.12587E+03   0.73605E-04
   0.12589E+03   0.31040E-06
   0.12593E+03   0.33933E-06
   0.12598E+03   0.55400E-16
   0.12599E+03   0.29505E-05
   0.12599E+03   0.12395E-06
   0.12608E+03   0.75735E-06
   0.12615E+03   0.88132E-05
   0.12630E+03   0.78038E-09
   0.12637E+03   0.49948E-07
   0.12646E+03   0.17050E-06
   0.12650E+03   0.83098E-08
   0.12652E+03   0.55033E-07
   0.12654E+03   0.19662E-06
   0.12656E+03   0.11292E-04
   0.12664E+03   0.14901E-07
   0.12684E+03   0.18290E-13
   0.12687E+03   0.55090E-05
   0.12707E+03   0.76193E-10
   0.12712E+03   0.49543E-07
   0.12729E+03   0.63122E-07
   0.12734E+03   0.28312E-06
   0.12738E+03   0.20075E-05
   0.12740E+03   0.43645E-07
   0.12743E+03   0.10676E-07
   0.12747E+03   0.56849E-05
   0.12759E+03   0.10448E-05
   0.12788E+03   0.25840E-05
   0.12801E+03   0.58567E-06
   0.12805E+03   0.24465E-06
   0.12808E+03   0.60428E-04
   0.12827E+03   0.52326E-05
   0.12834E+03   0.81520E-06
   0.12855E+03   0.42011E-09
   0.12863E+03   0.20048E-09
   0.12879E+03   0.27795E-10
   0.12885E+03   0.33045E-08
   0.12889E+03   0.21109E-07
   0.12895E+03   0.14269E-09
   0.12906E+03   0.45079E-06
   0.12912E+03   0.41397E-05
   0.12926E+03   0.37787E-09
   0.12937E+03   0.11139E-06
   0.12939E+03   0.30694E-06
   0.12950E+03   0.13758E-06
   0.12952E+03   0.33557E-05
   0.12961E+03   0.11230E-04
   0.12966E+03   0.25307E-06
   0.12972E+03   0.20940E-08
   0.12975E+03   0.42600E-05
   0.12976E+03   0.29369E-05
   0.12985E+03   0.18407E-05
   0.12987E+03   0.51640E-07
   0.12997E+03   0.61599E-06
   0.13000E+03   0.14751E-07
   0.13011E+03   0.19176E-06
   0.13015E+03   0.48717E-06
   0.13019E+03   0.67983E-05
   0.13023E+03   0.48597E-05
   0.13025E+03   0.25716E-06
   0.13032E+03   0.12650E-05
   0.13042E+03   0.27874E-05
   0.13045E+03   0.11910E-06
   0.13053E+03   0.26249E-06
   0.13065E+03   0.31446E-07
   0.13079E+03   0.47078E-05
   0.13084E+03   0.14561E-08
   0.13092E+03   0.59767E-07
   0.13095E+03   0.29092E-07
   0.13115E+03   0.22029E-07
   0.13119E+03   0.73330E-07
   0.13126E+03   0.42881E-07
   0.13138E+03   0.34054E-09
   0.13145E+03   0.98132E-08
   0.13151E+03   0.16223E-07
   0.13166E+03   0.19374E-07
   0.13192E+03   0.30101E-06
   0.13204E+03   0.22831E-06
   0.13228E+03   0.33977E-06
   0.13233E+03   0.12465E-07
   0.13244E+03   0.34372E-09
   0.13255E+03   0.80624E-05
   0.13287E+03   0.10434E-05
   0.13304E+03   0.63269E-06
   0.13308E+03   0.11021E-06
   0.13317E+03   0.15998E-05
   0.13355E+03   0.25697E-07
   0.13366E+03   0.37369E-08
   0.13379E+03   0.11769E-09
   0.13382E+03   0.16473E-07
   0.13391E+03   0.29125E-06
   0.13395E+03   0.84490E-09
   0.13398E+03   0.20504E-06
   0.13410E+03   0.15636E-05
   0.13417E+03   0.20804E-07
   0.13449E+03   0.22351E-05
   0.13453E+03   0.23484E-05
   0.13461E+03   0.50627E-07
   0.13464E+03   0.66518E-05
   0.13508E+03   0.12991E-05
   0.13517E+03   0.76256E-05
   0.13550E+03   0.11976E-07
   0.13582E+03   0.29667E-07
   0.13592E+03   0.81163E-05
   0.13598E+03   0.25529E-05
   0.13609E+03   0.15656E-05
   0.13611E+03   0.40673E-05
   0.13614E+03   0.86815E-07
   0.13627E+03   0.22093E-06
   0.13640E+03   0.18051E-08
   0.13656E+03   0.94365E-06
   0.13662E+03   0.10380E-08
   0.13664E+03   0.94568E-07
   0.13669E+03   0.83368E-07
   0.13670E+03   0.29854E-08
   0.13692E+03   0.22637E-04
   0.13694E+03   0.80843E-05
   0.13707E+03   0.59462E-05
   0.13719E+03   0.26096E-05
   0.13735E+03   0.30338E-07
   0.13738E+03   0.18597E-06
   0.13745E+03   0.21905E-06
   0.13761E+03   0.44903E-06
   0.13767E+03   0.13968E-06
   0.13774E+03   0.16223E-05
   0.13783E+03   0.45103E-07
   0.13812E+03   0.45073E-06
   0.13819E+03   0.14682E-05
   0.13837E+03   0.31610E-05
   0.13853E+03   0.25991E-08
   0.13859E+03   0.38104E-05
   0.13877E+03   0.53457E-08
   0.13915E+03   0.27980E-09
   0.13918E+03   0.14533E-06
   0.13926E+03   0.92291E-08
   0.13929E+03   0.85001E-07
   0.13932E+03   0.11652E-07
   0.13935E+03   0.11113E-07
   0.13936E+03   0.11099E-07
   0.13946E+03   0.14472E-06
   0.13952E+03   0.16741E-08
   0.13958E+03   0.33790E-06
   0.13961E+03   0.25730E-06
   0.13967E+03   0.24549E-06
   0.13979E+03   0.24021E-07
   0.13982E+03   0.19984E-06
   0.13984E+03   0.69237E-04
   0.13992E+03   0.13346E-08
   0.14000E+03   0.43780E-07
   0.14003E+03   0.10125E-06
   0.14007E+03   0.79832E-08
   0.14016E+03   0.23222E-08
   0.14024E+03   0.19268E-06
   0.14029E+03   0.48078E-05
   0.14038E+03   0.16780E-06
   0.14039E+03   0.26965E-05
   0.14058E+03   0.96538E-09
   0.14063E+03   0.10924E-06
   0.14070E+03   0.83397E-06
   0.14075E+03   0.99134E-07
   0.14081E+03   0.55766E-08
   0.14100E+03   0.12845E-07
   0.14107E+03   0.60478E-07
   0.14152E+03   0.76981E-05
   0.14179E+03   0.18436E-06
   0.14193E+03   0.77093E-08
   0.14201E+03   0.12137E-05
   0.14205E+03   0.72694E-06
   0.14215E+03   0.47304E-06
   0.14228E+03   0.13500E-05
   0.14233E+03   0.50175E-05
   0.14235E+03   0.17775E-05
   0.14238E+03   0.64011E-06
   0.14250E+03   0.82845E-05
   0.14258E+03   0.10402E-06
   0.14266E+03   0.19914E-06
   0.14272E+03   0.19971E-05
   0.14276E+03   0.48035E-07
   0.14306E+03   0.20472E-06
   0.14330E+03   0.17904E-06
   0.14331E+03   0.15319E-07
   0.14349E+03   0.58554E-07
   0.14353E+03   0.40527E-07
   0.14360E+03   0.23926E-10
   0.14373E+03   0.67066E-08
   0.14378E+03   0.63356E-07
   0.14379E+03   0.15108E-07
   0.14405E+03   0.10239E-08
   0.14411E+03   0.15147E-06
   0.14422E+03   0.25150E-05
   0.14425E+03   0.40705E-06
   0.14429E+03   0.37266E-06
   0.14439E+03   0.13170E-07
   0.14460E+03   0.43838E-07
   0.14463E+03   0.18807E-05
   0.14472E+03   0.39219E-08
   0.14495E+03   0.68563E-08
   0.14501E+03   0.30344E-07
   0.14573E+03   0.30330E-07
   0.14577E+03   0.15180E-05
   0.14607E+03   0.21839E-08
   0.14629E+03   0.11929E-07
   0.14645E+03   0.20318E-08
   0.14659E+03   0.30242E-07
   0.14666E+03   0.24593E-09
   0.14693E+03   0.64392E-07
   0.14714E+03   0.50517E-07
   0.14730E+03   0.57060E-08
   0.14760E+03   0.11951E-06
   0.14770E+03   0.53207E-06
   0.14783E+03   0.27156E-13
   0.14803E+03   0.21805E-05
   0.14845E+03   0.17515E-06
   0.14853E+03   0.48114E-09
   0.14854E+03   0.14443E-09
   0.14873E+03   0.10325E-06
   0.14875E+03   0.49185E-06
   0.14910E+03   0.10403E-06
   0.14924E+03   0.29080E-10
   0.14960E+03   0.10663E-07
   0.14981E+03   0.26300E-06
   0.14994E+03   0.35653E-07
   0.15013E+03   0.17685E-09
   0.15019E+03   0.79497E-05
   0.15022E+03   0.19960E-04
   0.15063E+03   0.14333E-06
   0.15069E+03   0.61759E-06
   0.15084E+03   0.91758E-10
   0.15113E+03   0.16379E-08
   0.15121E+03   0.19968E-08
   0.15126E+03   0.42996E-07
   0.15135E+03   0.47364E-07
   0.15138E+03   0.11282E-08
   0.15150E+03   0.20601E-05
   0.15160E+03   0.32889E-05
   0.15175E+03   0.16632E-07
   0.15184E+03   0.97744E-08
   0.15191E+03   0.15376E-05
   0.15197E+03   0.18548E-06
   0.15204E+03   0.15273E-05
   0.15232E+03   0.35154E-07
   0.15259E+03   0.76853E-11
   0.15261E+03   0.52137E-07
   0.15266E+03   0.76916E-06
   0.15281E+03   0.20560E-08
   0.15306E+03   0.35754E-06
   0.15309E+03   0.58204E-05
   0.15313E+03   0.34701E-05
   0.15329E+03   0.28097E-06
   0.15336E+03   0.91694E-09
   0.15347E+03   0.16873E-08
   0.15352E+03   0.19989E-08
   0.15353E+03   0.43690E-07
   0.15411E+03   0.81237E-06
   0.15413E+03   0.22615E-06
   0.15417E+03   0.62764E-07
   0.15421E+03   0.12234E-06
   0.15424E+03   0.11117E-07
   0.15428E+03   0.23740E-06
   0.15442E+03   0.14386E-05
   0.15448E+03   0.37972E-06
   0.15453E+03   0.31749E-07
   0.15456E+03   0.53030E-06
   0.15461E+03   0.16653E-05
   0.15475E+03   0.11022E-06
   0.15489E+03   0.24197E-06
   0.15506E+03   0.37669E-08
   0.15534E+03   0.85674E-07
   0.15539E+03   0.17138E-08
   0.15551E+03   0.66492E-05
   0.15563E+03   0.87049E-07
   0.15565E+03   0.26150E-07
   0.15593E+03   0.49259E-08
   0.15596E+03   0.58356E-06
   0.15605E+03   0.25181E-07
   0.15616E+03   0.76195E-07
   0.15621E+03   0.23000E-08
   0.15622E+03   0.21414E-07
   0.15631E+03   0.92164E-10
   0.15658E+03   0.62055E-07
   0.15665E+03   0.21160E-08
   0.15683E+03   0.58877E-10
   0.15701E+03   0.15602E-09
   0.15712E+03   0.43332E-08
   0.15718E+03   0.49227E-09
   0.15725E+03   0.22090E-08
   0.15727E+03   0.94935E-09
   0.15740E+03   0.29511E-07
   0.15743E+03   0.58977E-06
   0.15797E+03   0.47610E-09
   0.15814E+03   0.23579E-07
   0.15824E+03   0.21456E-06
   0.15851E+03   0.17147E-07
   0.15884E+03   0.58955E-09
   0.15925E+03   0.13865E-09
   0.15971E+03   0.37969E-06
   0.15991E+03   0.10038E-06
   0.16040E+03   0.87938E-06
   0.16047E+03   0.14490E-06
   0.16053E+03   0.18238E-05
   0.16057E+03   0.10353E-05
   0.16066E+03   0.10069E-05
   0.16072E+03   0.25301E-05
   0.16077E+03   0.88451E-06
   0.16120E+03   0.14316E-09
   0.16142E+03   0.78471E-07
   0.16151E+03   0.16816E-07
   0.16184E+03   0.19392E-07
   0.16197E+03   0.18474E-05
   0.16205E+03   0.13163E-05
   0.16212E+03   0.17053E-06
   0.16221E+03   0.33498E-08
   0.16224E+03   0.16920E-07
   0.16266E+03   0.21452E-09
   0.16303E+03   0.14555E-09
   0.16323E+03   0.26781E-07
   0.16355E+03   0.20676E-08
   0.16368E+03   0.97045E-09
   0.16377E+03   0.62307E-07
   0.16397E+03   0.22764E-07
   0.16434E+03   0.12713E-05
   0.16482E+03   0.18375E-05
   0.16552E+03   0.68981E-09
   0.16555E+03   0.53997E-08
   0.16579E+03   0.85239E-07
   0.16601E+03   0.15282E-06
   0.16632E+03   0.38845E-09
   0.16662E+03   0.90323E-07
   0.16683E+03   0.19816E-06
   0.16708E+03   0.51102E-07
   0.16717E+03   0.23132E-06
   0.16778E+03   0.27333E-07
   0.16792E+03   0.17812E-05
   0.16815E+03   0.51517E-07
   0.16825E+03   0.12595E-06
   0.16835E+03   0.49852E-05
   0.16857E+03   0.40602E-05
   0.16869E+03   0.16526E-05
   0.16904E+03   0.49124E-07
   0.16920E+03   0.12855E-08
   0.16947E+03   0.55887E-06
   0.16954E+03   0.14793E-05
   0.16975E+03   0.10278E-05
   0.17007E+03   0.39867E-07
   0.17035E+03   0.11287E-05
   0.17057E+03   0.46311E-07
   0.17097E+03   0.22651E-07
   0.17115E+03   0.11726E-08
   0.17129E+03   0.37245E-07
   0.17206E+03   0.80112E-08
   0.17217E+03   0.75818E-09
   0.17243E+03   0.63763E-05
   0.17251E+03   0.30182E-07
   0.17323E+03   0.22797E-06
   0.17328E+03   0.47825E-09
   0.17338E+03   0.64826E-07
   0.17349E+03   0.41039E-06
   0.17396E+03   0.27349E-08
   0.17456E+03   0.11931E-06
   0.17465E+03   0.18229E-05
   0.17479E+03   0.12964E-07
   0.17510E+03   0.25550E-10
   0.17548E+03   0.34537E-06
   0.17554E+03   0.53870E-08
   0.17602E+03   0.11633E-06
   0.17633E+03   0.11808E-07
   0.17654E+03   0.55012E-09
   0.17675E+03   0.31066E-07
   0.17706E+03   0.18694E-08
   0.17716E+03   0.75327E-08
   0.17730E+03   0.11727E-06
   0.17876E+03   0.74086E-06
   0.17895E+03   0.69636E-06
   0.17923E+03   0.23262E-07
   0.17959E+03   0.13596E-07
   0.17991E+03   0.16152E-06
   0.18024E+03   0.38555E-06
   0.18025E+03   0.19104E-06
   0.18036E+03   0.13270E-06
   0.18062E+03   0.41009E-06
   0.18128E+03   0.19909E-08
   0.18170E+03   0.77821E-09
   0.18182E+03   0.26690E-05
   0.18188E+03   0.42743E-05
   0.18229E+03   0.26418E-07
   0.18255E+03   0.74936E-05
   0.18296E+03   0.45452E-07
   0.18309E+03   0.93785E-07
   0.18324E+03   0.28436E-07
   0.18367E+03   0.28094E-05
   0.18456E+03   0.15733E-08
   0.18464E+03   0.59937E-07
   0.18541E+03   0.72057E-05
   0.18565E+03   0.52089E-06
   0.18579E+03   0.38804E-07
   0.18598E+03   0.15044E-05
   0.18602E+03   0.15363E-07
   0.18667E+03   0.20348E-07
   0.18714E+03   0.62042E-06
   0.18855E+03   0.60274E-05
   0.18877E+03   0.72852E-07
   0.18910E+03   0.23568E-08
   0.19315E+03   0.66357E-06
   0.19436E+03   0.16681E-06
   0.19680E+03   0.12972E-06
   0.19812E+03   0.18281E-05
   0.19940E+03   0.43762E-06
   0.19957E+03   0.12262E-06
   0.19963E+03   0.10464E-04
   0.20106E+03   0.24512E-07
