  -0.71989E+01   0.57403E-03
  -0.69237E+01   0.38089E-02
  -0.57324E+01   0.91433E-03
  -0.54870E+01   0.86989E-05
  -0.54610E+01   0.12084E-02
  -0.52459E+01   0.85971E+00
  -0.51959E+01   0.21626E-02
  -0.48656E+01   0.36168E-10
  -0.48024E+01   0.14273E-10
  -0.45888E+01   0.26491E+00
  -0.44289E+01   0.28249E-02
  -0.39873E+01   0.89791E-01
  -0.39731E+01   0.23977E-06
  -0.38188E+01   0.42843E+00
  -0.35260E+01   0.95463E-01
  -0.31885E+01   0.97492E+00
  -0.28374E+01   0.15308E-11
  -0.27818E+01   0.49006E-09
  -0.26384E+01   0.28406E-07
  -0.26320E+01   0.14456E+00
  -0.25349E+01   0.47733E-09
  -0.21568E+01   0.68736E-11
  -0.19825E+01   0.37921E+00
  -0.19456E+01   0.13288E-08
  -0.15075E+01   0.12042E+01
  -0.12288E+01   0.79788E-09
  -0.11217E+01   0.17775E+01
  -0.10155E+01   0.88438E-09
   0.70008E-02   0.24112E-09
   0.21191E+00   0.15681E-06
   0.26543E+00   0.91022E+01
   0.34310E+00   0.26299E-06
   0.46553E+00   0.20784E+01
   0.58536E+00   0.84929E-11
   0.74647E+00   0.96442E-13
   0.89508E+00   0.42616E-09
   0.10482E+01   0.68262E-08
   0.11500E+01   0.74875E+00
   0.14605E+01   0.65523E+00
   0.14891E+01   0.73649E-08
   0.16859E+01   0.22877E-09
   0.17858E+01   0.63026E+00
   0.18773E+01   0.11583E+01
   0.20143E+01   0.40786E+00
   0.24107E+01   0.39095E-01
   0.27651E+01   0.13010E+00
   0.29179E+01   0.10839E-01
   0.30908E+01   0.44551E-02
   0.31070E+01   0.40308E-08
   0.32755E+01   0.13384E-08
   0.33748E+01   0.44476E-04
   0.33893E+01   0.40759E+01
   0.35568E+01   0.19230E-05
   0.35573E+01   0.15130E+00
   0.35968E+01   0.41457E+00
   0.38812E+01   0.44070E-09
   0.41288E+01   0.12462E-01
   0.41522E+01   0.31683E-12
   0.42810E+01   0.38167E-11
   0.43294E+01   0.69288E+00
   0.43854E+01   0.35138E-03
   0.45121E+01   0.14592E-09
   0.47143E+01   0.43065E-09
   0.49080E+01   0.36202E-09
   0.51215E+01   0.46158E-01
   0.55009E+01   0.19923E-09
   0.55425E+01   0.20714E-03
   0.55791E+01   0.20305E-04
   0.60002E+01   0.13826E-10
   0.61675E+01   0.22290E-04
   0.63011E+01   0.87342E-02
   0.63422E+01   0.15332E-03
   0.65413E+01   0.22370E-10
   0.66096E+01   0.13629E-11
   0.71643E+01   0.64028E-01
   0.75506E+01   0.12534E-01
   0.76890E+01   0.32416E-01
   0.79787E+01   0.42864E-11
   0.80495E+01   0.17865E-12
   0.80796E+01   0.28863E-01
   0.81597E+01   0.65561E-02
   0.82775E+01   0.54358E-09
   0.83840E+01   0.61501E-09
   0.86295E+01   0.14501E-08
   0.87295E+01   0.35717E-03
   0.87863E+01   0.35595E+00
   0.87956E+01   0.44368E+00
   0.89035E+01   0.45700E-08
   0.90140E+01   0.56466E-08
   0.90279E+01   0.42428E+00
   0.93069E+01   0.72064E-08
   0.94473E+01   0.48054E+02
   0.94927E+01   0.16336E+00
   0.10127E+02   0.19538E-02
   0.10143E+02   0.11047E-02
   0.10206E+02   0.65938E-09
   0.10229E+02   0.19953E-03
   0.11106E+02   0.12310E-02
   0.11207E+02   0.33516E-03
   0.11342E+02   0.36370E-02
   0.11887E+02   0.11203E-08
   0.12155E+02   0.10599E-04
   0.12164E+02   0.37936E-11
   0.12165E+02   0.59437E-05
   0.12202E+02   0.88485E-13
   0.12275E+02   0.57730E-01
   0.12403E+02   0.33638E-01
   0.12546E+02   0.12290E-04
   0.12665E+02   0.56882E-02
   0.12701E+02   0.12689E-08
   0.12742E+02   0.21364E-05
   0.12836E+02   0.14875E-03
   0.12880E+02   0.17152E-08
   0.12885E+02   0.10077E-04
   0.13017E+02   0.27391E-02
   0.13077E+02   0.37756E-03
   0.13268E+02   0.15060E-05
   0.13317E+02   0.10772E-06
   0.13328E+02   0.39654E-01
   0.13407E+02   0.36312E-03
   0.13418E+02   0.38714E-01
   0.13510E+02   0.12666E-01
   0.13533E+02   0.14838E-03
   0.13558E+02   0.29335E-03
   0.13583E+02   0.12826E-02
   0.13868E+02   0.67907E-11
   0.13911E+02   0.30760E-10
   0.13963E+02   0.12997E-07
   0.13987E+02   0.54794E-04
   0.13993E+02   0.38417E-04
   0.14094E+02   0.18797E-02
   0.14114E+02   0.25763E-11
   0.14128E+02   0.68758E-04
   0.14255E+02   0.20753E-04
   0.14331E+02   0.76196E-03
   0.14399E+02   0.78242E-10
   0.14495E+02   0.11437E-09
   0.14586E+02   0.71316E-03
   0.14612E+02   0.70121E-08
   0.14642E+02   0.72449E-01
   0.14651E+02   0.45346E-10
   0.14721E+02   0.60151E-09
   0.14729E+02   0.30618E-03
   0.14744E+02   0.13413E-08
   0.14779E+02   0.84586E-03
   0.14803E+02   0.62901E-04
   0.14837E+02   0.71656E-04
   0.14870E+02   0.26130E-08
   0.14892E+02   0.11191E-01
   0.14968E+02   0.17457E-03
   0.15097E+02   0.31757E-09
   0.15134E+02   0.10068E-02
   0.15188E+02   0.20583E-09
   0.15203E+02   0.29265E-04
   0.15266E+02   0.28239E-08
   0.15395E+02   0.14233E-11
   0.15458E+02   0.69301E-03
   0.15465E+02   0.49572E-05
   0.15487E+02   0.21226E-02
   0.15494E+02   0.82165E-04
   0.15553E+02   0.16492E-01
   0.15555E+02   0.11083E-10
   0.15617E+02   0.48897E-02
   0.15674E+02   0.12108E+00
   0.15822E+02   0.21045E-03
   0.15881E+02   0.71538E-02
   0.15947E+02   0.51198E-03
   0.15956E+02   0.18444E-03
   0.15981E+02   0.32806E-03
   0.15983E+02   0.25244E-03
   0.16079E+02   0.10191E-02
   0.16103E+02   0.53765E-01
   0.16130E+02   0.66105E-03
   0.16244E+02   0.26224E-05
   0.16305E+02   0.23038E-10
   0.16353E+02   0.21234E-03
   0.16372E+02   0.36466E-08
   0.16396E+02   0.10231E-01
   0.16474E+02   0.70329E-12
   0.16508E+02   0.15791E-01
   0.16577E+02   0.15686E-07
   0.16580E+02   0.55357E-02
   0.16641E+02   0.77686E-11
   0.16668E+02   0.82113E-03
   0.16702E+02   0.96227E-03
   0.16748E+02   0.24399E-03
   0.16768E+02   0.15429E-02
   0.16831E+02   0.10073E+00
   0.16868E+02   0.39082E-02
   0.16914E+02   0.91204E-01
   0.16963E+02   0.13247E-01
   0.17027E+02   0.97020E-02
   0.17051E+02   0.85931E-04
   0.17075E+02   0.12264E-08
   0.17080E+02   0.41830E-01
   0.17126E+02   0.58494E-03
   0.17223E+02   0.70702E-09
   0.17250E+02   0.53065E-01
   0.17268E+02   0.18825E-01
   0.17301E+02   0.57747E-02
   0.17336E+02   0.12635E-02
   0.17382E+02   0.35595E-02
   0.17489E+02   0.16568E+00
   0.17755E+02   0.17536E-01
   0.17760E+02   0.47491E-03
   0.17766E+02   0.75724E-02
   0.17816E+02   0.45327E-05
   0.17840E+02   0.51099E-03
   0.17930E+02   0.76643E-04
   0.17947E+02   0.95545E-02
   0.17973E+02   0.80822E-03
   0.17976E+02   0.19049E-10
   0.18039E+02   0.22232E-03
   0.18103E+02   0.20556E-02
   0.18114E+02   0.53625E-03
   0.18124E+02   0.45678E-02
   0.18218E+02   0.81509E-03
   0.18237E+02   0.23348E-03
   0.18254E+02   0.14228E-02
   0.18279E+02   0.39813E-03
   0.18290E+02   0.35188E-02
   0.18304E+02   0.11342E-04
   0.18398E+02   0.60382E-04
   0.18412E+02   0.11200E-04
   0.18435E+02   0.20726E-08
   0.18566E+02   0.16475E-03
   0.18625E+02   0.31610E-08
   0.18645E+02   0.65966E-03
   0.18666E+02   0.25850E-06
   0.18690E+02   0.15670E-06
   0.18705E+02   0.39834E-02
   0.18801E+02   0.33991E-03
   0.18821E+02   0.40473E-03
   0.18836E+02   0.12506E-03
   0.18872E+02   0.37018E-04
   0.18935E+02   0.85225E-03
   0.18951E+02   0.12503E-06
   0.19212E+02   0.76258E-08
   0.19224E+02   0.53990E-03
   0.19377E+02   0.12912E-06
   0.19389E+02   0.75368E-03
   0.19391E+02   0.27753E-02
   0.19444E+02   0.25888E-02
   0.19508E+02   0.34881E-03
   0.19549E+02   0.14799E-02
   0.19559E+02   0.63498E-04
   0.19679E+02   0.99722E-09
   0.19683E+02   0.51469E-04
   0.19716E+02   0.73268E-02
   0.19911E+02   0.15151E-02
   0.19979E+02   0.25347E-05
   0.20019E+02   0.34350E-02
   0.20035E+02   0.68036E-05
   0.20145E+02   0.66072E-10
   0.20147E+02   0.65938E-04
   0.20183E+02   0.88774E-03
   0.20223E+02   0.12508E-01
   0.20243E+02   0.16915E-04
   0.20368E+02   0.10343E-09
   0.20431E+02   0.79426E-03
   0.20484E+02   0.13661E-02
   0.20624E+02   0.27315E-05
   0.20640E+02   0.44092E-11
   0.20698E+02   0.15548E-04
   0.20736E+02   0.12966E-02
   0.20749E+02   0.25798E-03
   0.20800E+02   0.16472E-09
   0.20928E+02   0.53495E-03
   0.20952E+02   0.11227E-05
   0.21037E+02   0.84158E-05
   0.21068E+02   0.10002E-05
   0.21132E+02   0.63095E-02
   0.21208E+02   0.55519E-10
   0.21270E+02   0.16891E-04
   0.21331E+02   0.68499E-02
   0.21352E+02   0.39149E-11
   0.21477E+02   0.42043E-11
   0.21502E+02   0.21991E-02
   0.21522E+02   0.84478E-03
   0.21565E+02   0.12605E-02
   0.21606E+02   0.49782E-05
   0.21638E+02   0.27095E-02
   0.21664E+02   0.37731E-09
   0.21672E+02   0.11961E-01
   0.21734E+02   0.12913E-03
   0.21767E+02   0.73336E-03
   0.21795E+02   0.55092E-03
   0.21816E+02   0.46010E-03
   0.21848E+02   0.40356E-02
   0.21872E+02   0.29251E-03
   0.21908E+02   0.26667E-03
   0.21923E+02   0.89972E-04
   0.21943E+02   0.11231E-09
   0.21995E+02   0.16207E-02
   0.22076E+02   0.87290E-01
   0.22146E+02   0.31618E-01
   0.22225E+02   0.10496E-11
   0.22248E+02   0.45884E-01
   0.22292E+02   0.80878E-11
   0.22355E+02   0.21131E-02
   0.22375E+02   0.17846E-02
   0.22410E+02   0.40673E-03
   0.22419E+02   0.10131E-02
   0.22437E+02   0.11356E-02
   0.22440E+02   0.23351E-01
   0.22469E+02   0.49748E-02
   0.22499E+02   0.13621E-02
   0.22531E+02   0.23964E-03
   0.22548E+02   0.91746E-10
   0.22687E+02   0.17528E-03
   0.22710E+02   0.99050E-03
   0.22768E+02   0.36546E-03
   0.22819E+02   0.17288E-11
   0.22938E+02   0.33479E-02
   0.23039E+02   0.52295E-03
   0.23187E+02   0.11292E-02
   0.23229E+02   0.49709E-03
   0.23237E+02   0.45488E-03
   0.23308E+02   0.48470E-04
   0.23325E+02   0.64658E-06
   0.23369E+02   0.13597E-02
   0.23387E+02   0.93283E-03
   0.23412E+02   0.54176E-03
   0.23420E+02   0.22752E-02
   0.23433E+02   0.12221E-03
   0.23467E+02   0.83794E-04
   0.23494E+02   0.30164E-04
   0.23566E+02   0.18728E-09
   0.23604E+02   0.23492E-03
   0.23618E+02   0.23677E-02
   0.23709E+02   0.44009E-08
   0.23716E+02   0.20847E-03
   0.23743E+02   0.75019E-04
   0.23760E+02   0.28249E-10
   0.23767E+02   0.34343E-03
   0.23797E+02   0.16142E-03
   0.23876E+02   0.16268E-10
   0.23914E+02   0.19287E-06
   0.23958E+02   0.43976E-03
   0.23982E+02   0.38409E-01
   0.24007E+02   0.57624E-02
   0.24011E+02   0.28838E-02
   0.24043E+02   0.10699E-03
   0.24097E+02   0.71362E-02
   0.24135E+02   0.59887E-03
   0.24154E+02   0.35137E-06
   0.24255E+02   0.24241E-04
   0.24336E+02   0.12721E-03
   0.24400E+02   0.76856E-12
   0.24437E+02   0.25075E-04
   0.24472E+02   0.35908E-06
   0.24484E+02   0.14681E-02
   0.24576E+02   0.93025E-03
   0.24581E+02   0.13850E-02
   0.24620E+02   0.20341E-05
   0.24740E+02   0.16978E-05
   0.24835E+02   0.96015E-04
   0.24882E+02   0.31373E-02
   0.24903E+02   0.21024E-02
   0.24947E+02   0.12838E-03
   0.25113E+02   0.74265E-03
   0.25143E+02   0.10046E-04
   0.25203E+02   0.36759E-04
   0.25239E+02   0.12821E-11
   0.25274E+02   0.11538E-02
   0.25340E+02   0.62313E-02
   0.25376E+02   0.13257E-02
   0.25400E+02   0.10933E-02
   0.25418E+02   0.15562E-01
   0.25478E+02   0.51288E-04
   0.25512E+02   0.33357E-03
   0.25556E+02   0.10144E-10
   0.25573E+02   0.36409E-04
   0.25627E+02   0.89740E-02
   0.25669E+02   0.86567E-04
   0.25730E+02   0.89456E-02
   0.25754E+02   0.21845E-03
   0.25759E+02   0.10616E-02
   0.25820E+02   0.32864E-02
   0.25832E+02   0.27098E-03
   0.25837E+02   0.25080E-09
   0.25858E+02   0.26081E-03
   0.25912E+02   0.37408E-04
   0.25922E+02   0.65961E-04
   0.25952E+02   0.46666E-03
   0.25995E+02   0.16880E-02
   0.25998E+02   0.25202E-02
   0.26113E+02   0.43389E-04
   0.26182E+02   0.57218E-04
   0.26222E+02   0.60574E-03
   0.26283E+02   0.77315E-05
   0.26326E+02   0.18801E-03
   0.26332E+02   0.99431E-03
   0.26392E+02   0.50516E-12
   0.26398E+02   0.36660E-04
   0.26426E+02   0.20410E-03
   0.26436E+02   0.37308E-03
   0.26523E+02   0.17159E-09
   0.26546E+02   0.13453E-02
   0.26560E+02   0.15723E-03
   0.26564E+02   0.43496E-04
   0.26615E+02   0.36715E-02
   0.26661E+02   0.18887E-05
   0.26736E+02   0.24106E-02
   0.26759E+02   0.61030E-04
   0.26828E+02   0.38039E-05
   0.26900E+02   0.20563E-04
   0.26985E+02   0.30037E-02
   0.27041E+02   0.61539E-12
   0.27069E+02   0.12855E+00
   0.27078E+02   0.16558E-02
   0.27198E+02   0.11044E-02
   0.27243E+02   0.12369E-03
   0.27309E+02   0.14261E-02
   0.27327E+02   0.11049E-02
   0.27400E+02   0.69973E-05
   0.27444E+02   0.11414E-03
   0.27559E+02   0.38177E-10
   0.27564E+02   0.10300E-03
   0.27594E+02   0.35582E-03
   0.27681E+02   0.82711E-07
   0.27749E+02   0.13248E-02
   0.27782E+02   0.45732E-03
   0.27855E+02   0.28015E-12
   0.27877E+02   0.60776E-04
   0.27940E+02   0.67236E-03
   0.27957E+02   0.10023E-01
   0.27963E+02   0.27253E-03
   0.27971E+02   0.11494E-02
   0.27978E+02   0.42399E-02
   0.28093E+02   0.80724E-04
   0.28142E+02   0.99340E-03
   0.28166E+02   0.11684E-02
   0.28207E+02   0.77748E-05
   0.28303E+02   0.69458E-05
   0.28340E+02   0.98045E-07
   0.28435E+02   0.30732E-03
   0.28531E+02   0.57180E-05
   0.28531E+02   0.16660E-08
   0.28580E+02   0.11176E-03
   0.28685E+02   0.71647E-05
   0.28699E+02   0.56517E-03
   0.28820E+02   0.23445E-04
   0.28970E+02   0.79835E-04
   0.29133E+02   0.43057E-05
   0.29205E+02   0.89265E-05
   0.29245E+02   0.54278E-03
   0.29315E+02   0.16983E-02
   0.29360E+02   0.53960E-04
   0.29464E+02   0.24765E-05
   0.29546E+02   0.49064E-04
   0.29617E+02   0.74450E-05
   0.29643E+02   0.97643E-12
   0.29687E+02   0.33960E-12
   0.29711E+02   0.18056E-05
   0.29755E+02   0.18899E-03
   0.29786E+02   0.37378E-05
   0.29818E+02   0.38043E-03
   0.29831E+02   0.67039E-11
   0.29871E+02   0.10189E-03
   0.29885E+02   0.20216E-02
   0.29952E+02   0.17170E-03
   0.29958E+02   0.49769E-04
   0.29984E+02   0.79942E-12
   0.30009E+02   0.29186E-03
   0.30038E+02   0.36995E-03
   0.30078E+02   0.11517E-03
   0.30146E+02   0.48559E-05
   0.30158E+02   0.35413E-03
   0.30224E+02   0.55149E-03
   0.30258E+02   0.87360E-12
   0.30297E+02   0.31847E-08
   0.30309E+02   0.19805E-12
   0.30340E+02   0.72315E-05
   0.30355E+02   0.61990E-05
   0.30387E+02   0.23387E-03
   0.30403E+02   0.37700E-03
   0.30411E+02   0.19197E-06
   0.30518E+02   0.13051E-04
   0.30548E+02   0.81424E-06
   0.30561E+02   0.28396E-05
   0.30602E+02   0.11597E-11
   0.30627E+02   0.48367E-14
   0.30681E+02   0.52040E-04
   0.30705E+02   0.60323E-04
   0.30752E+02   0.15081E-03
   0.30809E+02   0.74693E-07
   0.30877E+02   0.85618E-04
   0.30882E+02   0.45166E-05
   0.30981E+02   0.20173E-03
   0.30982E+02   0.91138E-06
   0.30985E+02   0.39074E-04
   0.31000E+02   0.52140E-06
   0.31000E+02   0.85943E-03
   0.31069E+02   0.45065E-02
   0.31121E+02   0.16326E-04
   0.31157E+02   0.98323E-04
   0.31163E+02   0.96308E-12
   0.31176E+02   0.82582E-03
   0.31270E+02   0.13724E-05
   0.31344E+02   0.12492E-04
   0.31385E+02   0.48269E-07
   0.31390E+02   0.11061E-03
   0.31397E+02   0.84231E-05
   0.31473E+02   0.29146E-04
   0.31531E+02   0.17684E-04
   0.31547E+02   0.25125E-06
   0.31553E+02   0.15854E-04
   0.31625E+02   0.11692E-03
   0.31678E+02   0.18910E-04
   0.31730E+02   0.79568E-11
   0.31741E+02   0.12755E-04
   0.31830E+02   0.12898E-04
   0.31832E+02   0.74228E-04
   0.31844E+02   0.51486E-03
   0.31874E+02   0.27521E-10
   0.31898E+02   0.15170E-03
   0.31921E+02   0.13997E-03
   0.32106E+02   0.46495E-03
   0.32170E+02   0.12271E-03
   0.32211E+02   0.17116E-02
   0.32213E+02   0.57596E-09
   0.32219E+02   0.66561E-02
   0.32318E+02   0.18789E-05
   0.32428E+02   0.52479E-08
   0.32429E+02   0.59465E-03
   0.32527E+02   0.12886E-05
   0.32584E+02   0.32269E-12
   0.32607E+02   0.44506E-04
   0.32624E+02   0.11130E-03
   0.32706E+02   0.70542E-04
   0.32756E+02   0.21660E-02
   0.32782E+02   0.49568E-03
   0.32818E+02   0.62492E-04
   0.32832E+02   0.92109E-05
   0.32964E+02   0.17056E-13
   0.32984E+02   0.68929E-05
   0.33027E+02   0.78024E-05
   0.33044E+02   0.33324E-04
   0.33076E+02   0.90638E-04
   0.33148E+02   0.29711E-04
   0.33192E+02   0.14136E-02
   0.33249E+02   0.16491E-03
   0.33304E+02   0.34953E-04
   0.33372E+02   0.71581E-04
   0.33392E+02   0.17282E-03
   0.33465E+02   0.10189E-01
   0.33523E+02   0.17130E-03
   0.33602E+02   0.47837E-04
   0.33680E+02   0.74109E-04
   0.33708E+02   0.60528E-04
   0.33760E+02   0.32287E-04
   0.33774E+02   0.55602E-03
   0.33819E+02   0.11717E-03
   0.33833E+02   0.17583E-02
   0.33844E+02   0.10599E-04
   0.33865E+02   0.13718E-03
   0.33877E+02   0.51245E-03
   0.33903E+02   0.83426E-04
   0.33985E+02   0.13656E-05
   0.33992E+02   0.14447E-04
   0.34043E+02   0.34450E-11
   0.34154E+02   0.88614E-03
   0.34173E+02   0.25341E-03
   0.34298E+02   0.42986E-02
   0.34313E+02   0.48286E-02
   0.34355E+02   0.53846E-05
   0.34373E+02   0.42619E-06
   0.34403E+02   0.80406E-03
   0.34423E+02   0.75828E-07
   0.34449E+02   0.30396E-06
   0.34458E+02   0.31491E-02
   0.34565E+02   0.93264E-04
   0.34622E+02   0.34616E-03
   0.34774E+02   0.52235E-03
   0.34792E+02   0.72390E-03
   0.34794E+02   0.13117E-10
   0.34907E+02   0.18658E-02
   0.35009E+02   0.28666E-03
   0.35027E+02   0.18815E-02
   0.35085E+02   0.42489E-03
   0.35163E+02   0.49552E-05
   0.35212E+02   0.19125E-03
   0.35246E+02   0.17450E-03
   0.35315E+02   0.64540E-07
   0.35316E+02   0.22219E-06
   0.35446E+02   0.48572E-04
   0.35597E+02   0.68137E-13
   0.35607E+02   0.20250E-04
   0.35660E+02   0.57166E-07
   0.35786E+02   0.20334E-04
   0.35827E+02   0.12059E-04
   0.35855E+02   0.52531E-04
   0.35888E+02   0.87865E-06
   0.35888E+02   0.49967E-05
   0.35926E+02   0.43048E-06
   0.35965E+02   0.29405E-05
   0.36140E+02   0.71871E-04
   0.36194E+02   0.31905E-03
   0.36333E+02   0.45126E-04
   0.36401E+02   0.19720E-05
   0.36450E+02   0.52501E-06
   0.36460E+02   0.20562E-07
   0.36518E+02   0.35613E-04
   0.36554E+02   0.21321E-03
   0.36599E+02   0.58023E-05
   0.36649E+02   0.18924E-04
   0.36799E+02   0.58014E-05
   0.36849E+02   0.54469E-06
   0.36947E+02   0.12439E-04
   0.37035E+02   0.16446E-05
   0.37143E+02   0.64887E-07
   0.37192E+02   0.17168E-07
   0.37297E+02   0.13200E-03
   0.37346E+02   0.42074E-04
   0.37361E+02   0.11905E-06
   0.37370E+02   0.10629E-05
   0.37405E+02   0.45541E-06
   0.37511E+02   0.21023E-03
   0.37557E+02   0.62248E-04
   0.37584E+02   0.62234E-04
   0.37720E+02   0.11443E-04
   0.37733E+02   0.13853E-04
   0.37744E+02   0.18102E-06
   0.37779E+02   0.44910E-04
   0.37798E+02   0.42156E-04
   0.37812E+02   0.93433E-10
   0.37826E+02   0.30286E-04
   0.37867E+02   0.98507E-04
   0.37896E+02   0.13253E-04
   0.37908E+02   0.11925E-04
   0.37981E+02   0.86501E-11
   0.37983E+02   0.22782E-03
   0.38038E+02   0.15652E-02
   0.38103E+02   0.30166E-04
   0.38122E+02   0.28321E-04
   0.38134E+02   0.51771E-03
   0.38163E+02   0.62749E-11
   0.38172E+02   0.16317E-03
   0.38209E+02   0.12080E-03
   0.38211E+02   0.47881E-05
   0.38220E+02   0.26769E-03
   0.38245E+02   0.26374E-04
   0.38286E+02   0.58798E-05
   0.38311E+02   0.46447E-05
   0.38366E+02   0.10147E-05
   0.38403E+02   0.26489E-10
   0.38461E+02   0.59604E-06
   0.38461E+02   0.83878E-04
   0.38518E+02   0.18220E-05
   0.38604E+02   0.39542E-04
   0.38630E+02   0.92274E-04
   0.38655E+02   0.76735E-04
   0.38690E+02   0.12898E-02
   0.38705E+02   0.79336E-05
   0.38719E+02   0.39660E-04
   0.38730E+02   0.91045E-05
   0.38746E+02   0.12695E-03
   0.38764E+02   0.51262E-02
   0.38769E+02   0.14778E-02
   0.38823E+02   0.46061E-03
   0.38832E+02   0.98609E-03
   0.38875E+02   0.44678E-10
   0.38890E+02   0.38051E-02
   0.38915E+02   0.50637E-03
   0.38934E+02   0.39594E-04
   0.38979E+02   0.22179E-04
   0.39001E+02   0.77326E-04
   0.39035E+02   0.88922E-05
   0.39061E+02   0.25546E-04
   0.39088E+02   0.28066E-04
   0.39088E+02   0.10561E-10
   0.39123E+02   0.18877E-11
   0.39137E+02   0.56885E-02
   0.39158E+02   0.26048E-02
   0.39212E+02   0.22824E-04
   0.39219E+02   0.81868E-04
   0.39235E+02   0.86221E-05
   0.39255E+02   0.16717E-03
   0.39297E+02   0.19807E-03
   0.39309E+02   0.20444E-03
   0.39316E+02   0.14636E-10
   0.39426E+02   0.33902E-10
   0.39437E+02   0.20434E-03
   0.39481E+02   0.46540E-04
   0.39484E+02   0.24091E-03
   0.39580E+02   0.23277E-05
   0.39614E+02   0.46963E-10
   0.39618E+02   0.12437E-05
   0.39686E+02   0.23387E-04
   0.39690E+02   0.14089E-03
   0.39717E+02   0.56975E-12
   0.39724E+02   0.62243E-03
   0.39749E+02   0.72171E-06
   0.39778E+02   0.49880E-05
   0.39789E+02   0.30293E-02
   0.39790E+02   0.41642E-08
   0.39808E+02   0.16803E-03
   0.39812E+02   0.38972E-04
   0.39875E+02   0.15021E-03
   0.39894E+02   0.78114E-10
   0.39953E+02   0.49125E-06
   0.40000E+02   0.13266E-04
   0.40084E+02   0.32026E-10
   0.40123E+02   0.40209E-04
   0.40144E+02   0.33973E-04
   0.40160E+02   0.63461E-08
   0.40164E+02   0.19078E-04
   0.40180E+02   0.34753E-02
   0.40189E+02   0.15592E-02
   0.40249E+02   0.10584E-07
   0.40314E+02   0.78222E-04
   0.40379E+02   0.15702E-02
   0.40414E+02   0.73249E-04
   0.40429E+02   0.19964E-03
   0.40466E+02   0.20721E-03
   0.40504E+02   0.33776E-12
   0.40541E+02   0.70403E-04
   0.40560E+02   0.31661E-03
   0.40617E+02   0.17138E-02
   0.40660E+02   0.50994E-04
   0.40718E+02   0.35869E-04
   0.40740E+02   0.31057E-05
   0.40775E+02   0.50570E-09
   0.40811E+02   0.12152E-03
   0.40844E+02   0.14890E-06
   0.40858E+02   0.62263E-07
   0.40869E+02   0.55097E-05
   0.40885E+02   0.40327E-05
   0.40892E+02   0.45211E-12
   0.40899E+02   0.51138E-06
   0.40912E+02   0.17540E-04
   0.40922E+02   0.20165E-04
   0.40970E+02   0.13147E-09
   0.40971E+02   0.21008E-05
   0.41016E+02   0.24823E-03
   0.41082E+02   0.81357E-05
   0.41113E+02   0.28344E-03
   0.41122E+02   0.11610E-04
   0.41167E+02   0.13518E-04
   0.41173E+02   0.83115E-04
   0.41201E+02   0.20899E-03
   0.41238E+02   0.23181E-07
   0.41261E+02   0.31131E-04
   0.41312E+02   0.81750E-07
   0.41352E+02   0.41961E-04
   0.41389E+02   0.24440E-05
   0.41422E+02   0.13469E-03
   0.41458E+02   0.23080E-07
   0.41490E+02   0.65334E-06
   0.41541E+02   0.14916E-05
   0.41642E+02   0.34555E-05
   0.41680E+02   0.19783E-04
   0.41708E+02   0.69218E-04
   0.41739E+02   0.11257E-04
   0.41758E+02   0.33665E-05
   0.41831E+02   0.57036E-04
   0.41856E+02   0.29525E-04
   0.41916E+02   0.11411E-07
   0.41958E+02   0.17017E-05
   0.41987E+02   0.14642E-02
   0.42031E+02   0.25199E-03
   0.42118E+02   0.53853E-04
   0.42154E+02   0.33211E-05
   0.42170E+02   0.12194E-05
   0.42200E+02   0.15035E-06
   0.42296E+02   0.40871E-07
   0.42321E+02   0.23676E-04
   0.42341E+02   0.29828E-04
   0.42385E+02   0.39242E-07
   0.42418E+02   0.13753E-04
   0.42427E+02   0.54565E-05
   0.42491E+02   0.31508E-05
   0.42519E+02   0.63490E-06
   0.42524E+02   0.10421E-06
   0.42530E+02   0.10678E-04
   0.42646E+02   0.13938E-09
   0.42652E+02   0.15183E-05
   0.42658E+02   0.34282E-06
   0.42681E+02   0.69358E-05
   0.42702E+02   0.90762E-06
   0.42768E+02   0.10755E-05
   0.42785E+02   0.71011E-05
   0.42795E+02   0.30406E-04
   0.42910E+02   0.56972E-07
   0.42982E+02   0.33547E-03
   0.43040E+02   0.22459E-05
   0.43051E+02   0.71676E-06
   0.43223E+02   0.63695E-05
   0.43356E+02   0.65342E-04
   0.43372E+02   0.26594E-03
   0.43412E+02   0.16297E-05
   0.43440E+02   0.40633E-05
   0.43472E+02   0.74564E-11
   0.43487E+02   0.12439E-04
   0.43501E+02   0.84410E-04
   0.43532E+02   0.20068E-07
   0.43536E+02   0.38047E-04
   0.43543E+02   0.63117E-06
   0.43595E+02   0.30247E-05
   0.43713E+02   0.34824E-05
   0.43739E+02   0.49327E-08
   0.43788E+02   0.39146E-11
   0.43829E+02   0.21597E-07
   0.43953E+02   0.40249E-07
   0.43959E+02   0.35866E-05
   0.44029E+02   0.32115E-04
   0.44055E+02   0.87864E-05
   0.44089E+02   0.21374E-06
   0.44162E+02   0.10320E-04
   0.44172E+02   0.25430E-06
   0.44222E+02   0.56460E-11
   0.44223E+02   0.35343E-06
   0.44289E+02   0.16575E-05
   0.44325E+02   0.43864E-04
   0.44472E+02   0.50799E-04
   0.44493E+02   0.15628E-03
   0.44499E+02   0.27031E-04
   0.44602E+02   0.12511E-04
   0.44725E+02   0.56887E-06
   0.44776E+02   0.30534E-06
   0.44794E+02   0.35531E-08
   0.44825E+02   0.28811E-04
   0.44895E+02   0.85096E-12
   0.44906E+02   0.17736E-04
   0.44927E+02   0.33807E-02
   0.45033E+02   0.73236E-04
   0.45071E+02   0.25236E-06
   0.45111E+02   0.13944E-08
   0.45187E+02   0.90956E-07
   0.45243E+02   0.34158E-11
   0.45306E+02   0.36649E-07
   0.45340E+02   0.22769E-07
   0.45342E+02   0.13382E-07
   0.45355E+02   0.15324E-04
   0.45422E+02   0.33630E-02
   0.45450E+02   0.26627E-03
   0.45472E+02   0.20626E-02
   0.45557E+02   0.67746E-05
   0.45595E+02   0.18190E-03
   0.45649E+02   0.86419E-06
   0.45672E+02   0.15996E-03
   0.45701E+02   0.39006E-04
   0.45718E+02   0.19311E-04
   0.45842E+02   0.74918E-04
   0.45873E+02   0.16333E-04
   0.45953E+02   0.32962E-04
   0.45981E+02   0.17422E-13
   0.46049E+02   0.10254E-05
   0.46057E+02   0.20131E-04
   0.46057E+02   0.37871E-04
   0.46131E+02   0.88878E-05
   0.46159E+02   0.30924E-05
   0.46173E+02   0.36268E-04
   0.46199E+02   0.12835E-04
   0.46223E+02   0.78672E-05
   0.46492E+02   0.61842E-03
   0.46529E+02   0.75008E-03
   0.46630E+02   0.79242E-02
   0.46783E+02   0.58470E-03
   0.46825E+02   0.42299E-04
   0.46867E+02   0.23533E-04
   0.46878E+02   0.14275E-04
   0.46892E+02   0.14677E-04
   0.46896E+02   0.26845E-04
   0.46902E+02   0.39232E-03
   0.46911E+02   0.41163E-03
   0.46934E+02   0.33207E-14
   0.46938E+02   0.57947E-07
   0.46966E+02   0.60883E-05
   0.46978E+02   0.49778E-05
   0.47004E+02   0.22771E-04
   0.47019E+02   0.77048E-06
   0.47046E+02   0.28019E-03
   0.47120E+02   0.60700E-04
   0.47145E+02   0.20049E-04
   0.47166E+02   0.71948E-04
   0.47193E+02   0.48239E-04
   0.47214E+02   0.61027E-16
   0.47226E+02   0.15621E-04
   0.47250E+02   0.28832E-05
   0.47254E+02   0.13769E-04
   0.47301E+02   0.70472E-06
   0.47344E+02   0.45493E-04
   0.47430E+02   0.33490E-05
   0.47434E+02   0.40184E-04
   0.47452E+02   0.58785E-05
   0.47510E+02   0.76223E-04
   0.47519E+02   0.24147E-06
   0.47533E+02   0.14658E-04
   0.47539E+02   0.35540E-04
   0.47542E+02   0.26934E-04
   0.47579E+02   0.25131E-06
   0.47598E+02   0.53234E-03
   0.47621E+02   0.72338E-07
   0.47643E+02   0.81287E-04
   0.47655E+02   0.11433E-03
   0.47718E+02   0.35340E-04
   0.47751E+02   0.48473E-02
   0.47765E+02   0.21524E-02
   0.47773E+02   0.10406E-03
   0.47807E+02   0.86076E-03
   0.47844E+02   0.89849E-03
   0.47881E+02   0.43564E-02
   0.47905E+02   0.28501E-03
   0.47937E+02   0.62360E-04
   0.48039E+02   0.58329E-06
   0.48042E+02   0.33085E-03
   0.48096E+02   0.21496E-05
   0.48159E+02   0.13658E-03
   0.48189E+02   0.11729E-03
   0.48266E+02   0.11377E-02
   0.48296E+02   0.79015E-03
   0.48316E+02   0.77787E-06
   0.48324E+02   0.18997E-03
   0.48338E+02   0.27156E-04
   0.48357E+02   0.15608E-04
   0.48375E+02   0.84575E-03
   0.48387E+02   0.21415E-03
   0.48454E+02   0.43649E-04
   0.48477E+02   0.23125E-08
   0.48503E+02   0.12635E-04
   0.48517E+02   0.15910E-04
   0.48529E+02   0.15576E-03
   0.48556E+02   0.76099E-05
   0.48600E+02   0.58203E-04
   0.48618E+02   0.59493E-14
   0.48623E+02   0.55923E-03
   0.48638E+02   0.14999E-04
   0.48644E+02   0.82743E-03
   0.48664E+02   0.11095E-03
   0.48693E+02   0.24914E-02
   0.48714E+02   0.12393E-03
   0.48727E+02   0.58937E-03
   0.48773E+02   0.27553E-05
   0.48795E+02   0.28191E-04
   0.48824E+02   0.41261E-04
   0.48873E+02   0.48323E-03
   0.48933E+02   0.70591E-05
   0.48947E+02   0.15958E-03
   0.48964E+02   0.16050E-13
   0.48966E+02   0.73178E-04
   0.49000E+02   0.13568E-03
   0.49161E+02   0.29213E-07
   0.49171E+02   0.27335E-07
   0.49228E+02   0.33093E-06
   0.49341E+02   0.11363E-04
   0.49355E+02   0.37501E-05
   0.49385E+02   0.19986E-07
   0.49440E+02   0.11419E-03
   0.49460E+02   0.30495E-04
   0.49471E+02   0.21054E-11
   0.49482E+02   0.63675E-03
   0.49538E+02   0.24087E-04
   0.49606E+02   0.35449E-04
   0.49612E+02   0.20920E-12
   0.49633E+02   0.66765E-05
   0.49716E+02   0.48021E-07
   0.49736E+02   0.67726E-16
   0.49785E+02   0.47392E-06
   0.49830E+02   0.26833E-06
   0.49874E+02   0.41542E-06
   0.49906E+02   0.23528E-13
   0.50028E+02   0.41160E-06
   0.50080E+02   0.66813E-04
   0.50169E+02   0.17818E-03
   0.50177E+02   0.13590E-12
   0.50230E+02   0.27645E-04
   0.50261E+02   0.69914E-04
   0.50293E+02   0.29079E-03
   0.50367E+02   0.98605E-06
   0.50405E+02   0.12190E-03
   0.50480E+02   0.86055E-03
   0.50486E+02   0.29147E-04
   0.50548E+02   0.23791E-13
   0.50554E+02   0.37738E-05
   0.50594E+02   0.67243E-03
   0.50627E+02   0.75403E-04
   0.50654E+02   0.28589E-05
   0.50703E+02   0.33827E-05
   0.50707E+02   0.28352E-12
   0.50744E+02   0.79221E-04
   0.50789E+02   0.77677E-13
   0.50821E+02   0.10988E-06
   0.50848E+02   0.97327E-06
   0.50889E+02   0.43565E-06
   0.50898E+02   0.11860E-06
   0.50899E+02   0.13248E-06
   0.50955E+02   0.68346E-05
   0.51017E+02   0.40984E-05
   0.51161E+02   0.19576E-05
   0.51198E+02   0.71818E-08
   0.51210E+02   0.20167E-04
   0.51216E+02   0.26260E-06
   0.51232E+02   0.66909E-06
   0.51248E+02   0.71792E-05
   0.51301E+02   0.43088E-05
   0.51320E+02   0.29614E-06
   0.51358E+02   0.68553E-05
   0.51401E+02   0.52889E-06
   0.51422E+02   0.85843E-05
   0.51442E+02   0.73140E-05
   0.51460E+02   0.42083E-15
   0.51535E+02   0.13973E-02
   0.51587E+02   0.46208E-04
   0.51662E+02   0.33513E-05
   0.51704E+02   0.37283E-03
   0.51739E+02   0.25130E-03
   0.51769E+02   0.17787E-04
   0.51797E+02   0.18788E-05
   0.51893E+02   0.13954E-03
   0.52028E+02   0.98514E-04
   0.52051E+02   0.60713E-05
   0.52106E+02   0.53368E-04
   0.52188E+02   0.61680E-02
   0.52321E+02   0.10098E-04
   0.52338E+02   0.33413E-03
   0.52389E+02   0.33846E-03
   0.52426E+02   0.12507E-04
   0.52463E+02   0.36233E-04
   0.52578E+02   0.26934E-06
   0.52640E+02   0.24029E-06
   0.52678E+02   0.14805E-04
   0.52709E+02   0.18476E-06
   0.52752E+02   0.23610E-05
   0.52827E+02   0.44064E-07
   0.52876E+02   0.26348E-04
   0.53011E+02   0.86082E-05
   0.53042E+02   0.35310E-05
   0.53068E+02   0.11506E-05
   0.53129E+02   0.14562E-04
   0.53145E+02   0.30392E-07
   0.53146E+02   0.16275E-06
   0.53340E+02   0.70677E-03
   0.53367E+02   0.24352E-06
   0.53422E+02   0.74026E-04
   0.53437E+02   0.37171E-04
   0.53546E+02   0.27586E-05
   0.53573E+02   0.40318E-05
   0.53601E+02   0.12006E-11
   0.53610E+02   0.83649E-05
   0.53700E+02   0.21761E-04
   0.53765E+02   0.63339E-05
   0.53828E+02   0.17714E-04
   0.53884E+02   0.73235E-05
   0.53931E+02   0.15371E-06
   0.53967E+02   0.68302E-06
   0.53992E+02   0.39320E-07
   0.54049E+02   0.16204E-06
   0.54070E+02   0.14778E-11
   0.54080E+02   0.70105E-07
   0.54208E+02   0.11027E-04
   0.54246E+02   0.86485E-07
   0.54266E+02   0.10137E-12
   0.54408E+02   0.39685E-07
   0.54471E+02   0.48204E-05
   0.54510E+02   0.57796E-06
   0.54525E+02   0.46736E-04
   0.54566E+02   0.14290E-04
   0.54629E+02   0.43767E-05
   0.54730E+02   0.10444E-06
   0.54798E+02   0.19112E-03
   0.54817E+02   0.44710E-12
   0.54866E+02   0.87431E-05
   0.54999E+02   0.16534E-04
   0.55003E+02   0.49794E-04
   0.55106E+02   0.66613E-05
   0.55194E+02   0.56184E-05
   0.55244E+02   0.23995E-04
   0.55278E+02   0.10122E-04
   0.55291E+02   0.46734E-04
   0.55306E+02   0.38961E-05
   0.55339E+02   0.25371E-04
   0.55365E+02   0.25552E-04
   0.55414E+02   0.76993E-12
   0.55420E+02   0.38862E-04
   0.55438E+02   0.43895E-02
   0.55547E+02   0.57946E-05
   0.55593E+02   0.15908E-02
   0.55621E+02   0.50120E-02
   0.55691E+02   0.21766E-03
   0.55738E+02   0.13846E-04
   0.55790E+02   0.17171E-03
   0.55875E+02   0.14471E-04
   0.55915E+02   0.49845E-05
   0.55970E+02   0.43615E-05
   0.56024E+02   0.67561E-04
   0.56059E+02   0.26992E-05
   0.56109E+02   0.63879E-05
   0.56309E+02   0.28659E-04
   0.56363E+02   0.96833E-06
   0.56379E+02   0.11548E-05
   0.56400E+02   0.19356E-05
   0.56488E+02   0.30959E-05
   0.56504E+02   0.26075E-08
   0.56538E+02   0.43870E-05
   0.56567E+02   0.45322E-07
   0.56606E+02   0.18690E-03
   0.56621E+02   0.18502E-05
   0.56624E+02   0.48063E-05
   0.56630E+02   0.41575E-06
   0.56671E+02   0.21627E-04
   0.56712E+02   0.87156E-05
   0.56769E+02   0.45954E-04
   0.56850E+02   0.43297E-05
   0.56891E+02   0.18025E-05
   0.56919E+02   0.23355E-04
   0.56926E+02   0.15457E-03
   0.57036E+02   0.67899E-16
   0.57076E+02   0.10536E-05
   0.57111E+02   0.37644E-07
   0.57137E+02   0.10128E-05
   0.57175E+02   0.65031E-04
   0.57200E+02   0.38639E-04
   0.57229E+02   0.27083E-03
   0.57250E+02   0.27437E-03
   0.57268E+02   0.11057E-03
   0.57284E+02   0.13327E-02
   0.57320E+02   0.38325E-15
   0.57385E+02   0.56619E-06
   0.57475E+02   0.63076E-04
   0.57506E+02   0.21750E-04
   0.57543E+02   0.21238E-05
   0.57614E+02   0.37487E-04
   0.57643E+02   0.21612E-04
   0.57731E+02   0.29686E-03
   0.57775E+02   0.66753E-03
   0.57788E+02   0.10127E-03
   0.57813E+02   0.11362E-04
   0.57829E+02   0.14607E-02
   0.57854E+02   0.39153E-02
   0.57939E+02   0.54029E-03
   0.57985E+02   0.32274E-03
   0.58023E+02   0.74167E-05
   0.58064E+02   0.12279E-03
   0.58102E+02   0.54305E-03
   0.58140E+02   0.22943E-04
   0.58227E+02   0.18931E-03
   0.58240E+02   0.37743E-04
   0.58311E+02   0.24077E-03
   0.58349E+02   0.46523E-05
   0.58395E+02   0.63308E-05
   0.58412E+02   0.75873E-05
   0.58500E+02   0.71540E-03
   0.58547E+02   0.68918E-05
   0.58570E+02   0.10318E-02
   0.58622E+02   0.13331E-02
   0.58677E+02   0.33650E-04
   0.58697E+02   0.66250E-04
   0.58702E+02   0.15246E-02
   0.58722E+02   0.26154E-04
   0.58724E+02   0.44291E-14
   0.58759E+02   0.24234E-03
   0.58824E+02   0.69704E-04
   0.58834E+02   0.15951E-03
   0.58988E+02   0.18334E-04
   0.59050E+02   0.72763E-04
   0.59093E+02   0.54589E-14
   0.59138E+02   0.61714E-04
   0.59153E+02   0.28212E-03
   0.59178E+02   0.11249E-03
   0.59190E+02   0.20979E-03
   0.59287E+02   0.10771E-07
   0.59329E+02   0.30353E-05
   0.59461E+02   0.40076E-04
   0.59510E+02   0.79916E-04
   0.59566E+02   0.13202E-03
   0.59597E+02   0.14319E-03
   0.59612E+02   0.28697E-04
   0.59614E+02   0.10626E-10
   0.59728E+02   0.19158E-05
   0.59754E+02   0.13754E-04
   0.59798E+02   0.16830E-04
   0.59825E+02   0.30312E-03
   0.59910E+02   0.13783E-06
   0.60075E+02   0.21133E-04
   0.60129E+02   0.17470E-05
   0.60170E+02   0.82680E-05
   0.60283E+02   0.64485E-07
   0.60360E+02   0.24659E-02
   0.60383E+02   0.28906E-04
   0.60388E+02   0.26751E-05
   0.60434E+02   0.83175E-06
   0.60540E+02   0.59865E-05
   0.60573E+02   0.28288E-05
   0.60730E+02   0.29339E-04
   0.60743E+02   0.37364E-06
   0.60754E+02   0.18731E-05
   0.60833E+02   0.42440E-03
   0.60839E+02   0.22051E-06
   0.60930E+02   0.10391E-04
   0.60940E+02   0.71975E-04
   0.61022E+02   0.25473E-05
   0.61030E+02   0.24212E-05
   0.61038E+02   0.15039E-06
   0.61084E+02   0.25413E-05
   0.61114E+02   0.10284E-03
   0.61194E+02   0.76619E-03
   0.61213E+02   0.46003E-05
   0.61267E+02   0.18638E-05
   0.61289E+02   0.65483E-04
   0.61325E+02   0.17270E-04
   0.61381E+02   0.21901E-04
   0.61427E+02   0.79859E-14
   0.61495E+02   0.40404E-05
   0.61509E+02   0.51510E-05
   0.61538E+02   0.25739E-07
   0.61545E+02   0.84750E-09
   0.61590E+02   0.12747E-12
   0.61644E+02   0.55580E-12
   0.61705E+02   0.21093E-07
   0.61709E+02   0.14674E-06
   0.61790E+02   0.17358E-03
   0.61834E+02   0.43130E-05
   0.61873E+02   0.81014E-13
   0.61886E+02   0.36186E-05
   0.62000E+02   0.65369E-04
   0.62086E+02   0.22622E-04
   0.62129E+02   0.82197E-04
   0.62162E+02   0.22709E-04
   0.62187E+02   0.32497E-04
   0.62203E+02   0.88045E-05
   0.62263E+02   0.56627E-05
   0.62271E+02   0.92720E-13
   0.62293E+02   0.14525E-03
   0.62330E+02   0.12135E-02
   0.62363E+02   0.44952E-02
   0.62402E+02   0.18417E-02
   0.62425E+02   0.57618E-04
   0.62434E+02   0.21205E-13
   0.62469E+02   0.11449E-04
   0.62561E+02   0.29485E-03
   0.62589E+02   0.44653E-04
   0.62605E+02   0.21196E-03
   0.62680E+02   0.41613E-07
   0.62732E+02   0.10849E-05
   0.62804E+02   0.63452E-08
   0.62814E+02   0.69233E-06
   0.62880E+02   0.19452E-12
   0.62930E+02   0.23997E-06
   0.63008E+02   0.99424E-07
   0.63024E+02   0.66786E-04
   0.63083E+02   0.10480E-03
   0.63110E+02   0.15945E-11
   0.63137E+02   0.14567E-05
   0.63167E+02   0.40785E-05
   0.63303E+02   0.11651E-03
   0.63308E+02   0.16205E-04
   0.63414E+02   0.76840E-13
   0.63500E+02   0.39551E-06
   0.63513E+02   0.43240E-04
   0.63549E+02   0.14362E-04
   0.63574E+02   0.14610E-04
   0.63608E+02   0.11460E-04
   0.63617E+02   0.52584E-05
   0.63650E+02   0.52804E-08
   0.63670E+02   0.79774E-05
   0.63697E+02   0.30062E-04
   0.63723E+02   0.69471E-14
   0.63779E+02   0.60325E-04
   0.63840E+02   0.83674E-07
   0.63869E+02   0.17061E-04
   0.63996E+02   0.41444E-05
   0.64083E+02   0.13662E-06
   0.64117E+02   0.31541E-09
   0.64127E+02   0.75181E-10
   0.64162E+02   0.31764E-05
   0.64292E+02   0.18214E-06
   0.64300E+02   0.45400E-05
   0.64346E+02   0.97102E-06
   0.64405E+02   0.70954E-07
   0.64434E+02   0.90572E-05
   0.64463E+02   0.16487E-06
   0.64519E+02   0.32497E-07
   0.64554E+02   0.22269E-06
   0.64651E+02   0.39333E-07
   0.64707E+02   0.22800E-05
   0.64735E+02   0.11246E-05
   0.64762E+02   0.87867E-06
   0.64811E+02   0.48982E-04
   0.64821E+02   0.57306E-04
   0.64840E+02   0.13903E-03
   0.64926E+02   0.23782E-04
   0.64983E+02   0.77618E-05
   0.65018E+02   0.15533E-02
   0.65056E+02   0.27632E-06
   0.65067E+02   0.20024E-06
   0.65133E+02   0.85761E-06
   0.65182E+02   0.65039E-04
   0.65198E+02   0.52767E-05
   0.65314E+02   0.29501E-04
   0.65401E+02   0.15527E-04
   0.65423E+02   0.17555E-05
   0.65500E+02   0.24102E-04
   0.65610E+02   0.41344E-02
   0.65620E+02   0.21110E-04
   0.65710E+02   0.66279E-03
   0.65779E+02   0.36953E-05
   0.65797E+02   0.77056E-13
   0.65812E+02   0.36052E-03
   0.65845E+02   0.10707E-04
   0.65869E+02   0.18392E-02
   0.65997E+02   0.19141E-04
   0.66034E+02   0.76467E-06
   0.66063E+02   0.14628E-04
   0.66079E+02   0.74978E-05
   0.66108E+02   0.13079E-04
   0.66223E+02   0.56914E-04
   0.66266E+02   0.34599E-05
   0.66299E+02   0.11336E-04
   0.66401E+02   0.64646E-03
   0.66523E+02   0.78994E-12
   0.66533E+02   0.60980E-06
   0.66558E+02   0.22795E-05
   0.66574E+02   0.24396E-04
   0.66604E+02   0.19384E-04
   0.66619E+02   0.25879E-04
   0.66662E+02   0.13698E-04
   0.66686E+02   0.25439E-05
   0.66697E+02   0.19087E-04
   0.66718E+02   0.41553E-06
   0.66778E+02   0.63529E-06
   0.66833E+02   0.24765E-06
   0.66893E+02   0.14244E-06
   0.66913E+02   0.91231E-07
   0.67005E+02   0.23169E-14
   0.67129E+02   0.13624E-04
   0.67136E+02   0.13977E-05
   0.67156E+02   0.22361E-05
   0.67223E+02   0.13573E-06
   0.67288E+02   0.29724E-05
   0.67356E+02   0.48985E-03
   0.67420E+02   0.47638E-03
   0.67452E+02   0.80136E-06
   0.67481E+02   0.20996E-06
   0.67486E+02   0.78794E-07
   0.67509E+02   0.57730E-07
   0.67530E+02   0.32983E-04
   0.67617E+02   0.38998E-07
   0.67626E+02   0.17070E-05
   0.67656E+02   0.11271E-04
   0.67679E+02   0.50851E-06
   0.67726E+02   0.17656E-04
   0.67769E+02   0.10952E-05
   0.67834E+02   0.21683E-04
   0.67984E+02   0.35369E-07
   0.68025E+02   0.63819E-06
   0.68065E+02   0.11283E-04
   0.68089E+02   0.25012E-05
   0.68104E+02   0.21906E-05
   0.68153E+02   0.16457E-04
   0.68159E+02   0.28971E-05
   0.68188E+02   0.31855E-04
   0.68198E+02   0.17598E-13
   0.68217E+02   0.14857E-05
   0.68238E+02   0.60110E-04
   0.68313E+02   0.81923E-04
   0.68368E+02   0.45749E-04
   0.68374E+02   0.88584E-06
   0.68450E+02   0.81239E-05
   0.68480E+02   0.43509E-16
   0.68492E+02   0.13953E-05
   0.68502E+02   0.41532E-05
   0.68528E+02   0.86756E-06
   0.68568E+02   0.67251E-07
   0.68609E+02   0.35384E-06
   0.68680E+02   0.76102E-05
   0.68725E+02   0.72971E-05
   0.68740E+02   0.20852E-05
   0.68762E+02   0.58018E-05
   0.68805E+02   0.71299E-08
   0.68813E+02   0.15778E-06
   0.68837E+02   0.85401E-06
   0.68857E+02   0.10590E-04
   0.68896E+02   0.76175E-05
   0.68918E+02   0.33588E-05
   0.68962E+02   0.61556E-05
   0.68993E+02   0.57756E-07
   0.69037E+02   0.10523E-03
   0.69053E+02   0.29798E-02
   0.69070E+02   0.10212E-02
   0.69126E+02   0.53686E-04
   0.69168E+02   0.16260E-06
   0.69191E+02   0.12263E-06
   0.69199E+02   0.17821E-04
   0.69207E+02   0.32612E-05
   0.69226E+02   0.12677E-05
   0.69247E+02   0.43494E-06
   0.69273E+02   0.83907E-06
   0.69285E+02   0.25961E-05
   0.69302E+02   0.46320E-06
   0.69305E+02   0.16194E-05
   0.69333E+02   0.33734E-06
   0.69362E+02   0.55485E-06
   0.69378E+02   0.27405E-07
   0.69390E+02   0.66866E-04
   0.69398E+02   0.16850E-04
   0.69408E+02   0.75929E-06
   0.69427E+02   0.15201E-03
   0.69464E+02   0.20092E-04
   0.69502E+02   0.83646E-05
   0.69517E+02   0.47957E-05
   0.69623E+02   0.39687E-05
   0.69677E+02   0.30150E-04
   0.69704E+02   0.17096E-06
   0.69759E+02   0.51252E-04
   0.69774E+02   0.36257E-05
   0.69780E+02   0.12625E-05
   0.69824E+02   0.41567E-03
   0.69860E+02   0.21135E-05
   0.69886E+02   0.16258E-14
   0.69905E+02   0.43384E-04
   0.69931E+02   0.20933E-04
   0.69967E+02   0.20263E-02
   0.70024E+02   0.17344E-03
   0.70125E+02   0.93417E-04
   0.70167E+02   0.46425E-04
   0.70175E+02   0.98156E-05
   0.70204E+02   0.10683E-03
   0.70216E+02   0.73931E-08
   0.70221E+02   0.48226E-05
   0.70243E+02   0.15621E-04
   0.70259E+02   0.11076E-14
   0.70318E+02   0.84732E-04
   0.70320E+02   0.60721E-07
   0.70347E+02   0.65104E-05
   0.70372E+02   0.31343E-05
   0.70376E+02   0.71211E-04
   0.70398E+02   0.30002E-06
   0.70430E+02   0.94214E-07
   0.70435E+02   0.34024E-08
   0.70445E+02   0.21227E-04
   0.70478E+02   0.86595E-04
   0.70493E+02   0.58525E-04
   0.70501E+02   0.89251E-06
   0.70518E+02   0.76751E-05
   0.70540E+02   0.37199E-05
   0.70574E+02   0.62149E-03
   0.70632E+02   0.11382E-05
   0.70635E+02   0.82948E-07
   0.70649E+02   0.25298E-04
   0.70678E+02   0.12318E-16
   0.70700E+02   0.31007E-05
   0.70735E+02   0.10830E-04
   0.70789E+02   0.21425E-04
   0.70841E+02   0.67448E-04
   0.70930E+02   0.24843E-05
   0.70974E+02   0.41740E-06
   0.71000E+02   0.35316E-04
   0.71021E+02   0.33274E-04
   0.71050E+02   0.55392E-05
   0.71098E+02   0.46609E-05
   0.71128E+02   0.70130E-05
   0.71148E+02   0.49936E-04
   0.71182E+02   0.59414E-04
   0.71191E+02   0.86441E-04
   0.71256E+02   0.38999E-05
   0.71268E+02   0.93519E-05
   0.71280E+02   0.49213E-05
   0.71306E+02   0.13232E-05
   0.71381E+02   0.67174E-06
   0.71450E+02   0.57697E-07
   0.71534E+02   0.11077E-06
   0.71568E+02   0.29415E-06
   0.71591E+02   0.15704E-04
   0.71628E+02   0.12774E-06
   0.71647E+02   0.19675E-06
   0.71659E+02   0.20757E-05
   0.71700E+02   0.40006E-09
   0.71725E+02   0.63440E-06
   0.71749E+02   0.35303E-05
   0.71794E+02   0.11803E-05
   0.71826E+02   0.72608E-05
   0.71861E+02   0.18756E-03
   0.71922E+02   0.35687E-05
   0.71954E+02   0.46351E-09
   0.72089E+02   0.46217E-07
   0.72129E+02   0.12357E-05
   0.72143E+02   0.43224E-04
   0.72230E+02   0.50232E-05
   0.72244E+02   0.11261E-08
   0.72268E+02   0.27151E-08
   0.72318E+02   0.41366E-06
   0.72327E+02   0.44908E-05
   0.72351E+02   0.48281E-06
   0.72454E+02   0.13981E-06
   0.72480E+02   0.21352E-06
   0.72495E+02   0.75506E-06
   0.72521E+02   0.28697E-05
   0.72541E+02   0.33673E-05
   0.72597E+02   0.89269E-06
   0.72609E+02   0.18939E-06
   0.72726E+02   0.72333E-06
   0.72750E+02   0.31685E-06
   0.72774E+02   0.21642E-07
   0.72785E+02   0.15068E-05
   0.72828E+02   0.11954E-05
   0.72851E+02   0.64949E-03
   0.72863E+02   0.21404E-04
   0.72893E+02   0.53667E-06
   0.72948E+02   0.34640E-04
   0.72983E+02   0.14649E-06
   0.73004E+02   0.34173E-04
   0.73052E+02   0.30097E-03
   0.73058E+02   0.86245E-04
   0.73072E+02   0.82240E-04
   0.73080E+02   0.11946E-04
   0.73094E+02   0.28160E-04
   0.73140E+02   0.26654E-04
   0.73175E+02   0.70680E-06
   0.73233E+02   0.11669E-07
   0.73283E+02   0.34309E-06
   0.73381E+02   0.25470E-06
   0.73393E+02   0.34747E-05
   0.73400E+02   0.29254E-08
   0.73406E+02   0.76580E-07
   0.73500E+02   0.49193E-07
   0.73519E+02   0.27819E-05
   0.73570E+02   0.60004E-06
   0.73572E+02   0.38613E-12
   0.73588E+02   0.37540E-06
   0.73606E+02   0.13549E-07
   0.73702E+02   0.23253E-07
   0.73747E+02   0.16286E-05
   0.73752E+02   0.16958E-04
   0.73840E+02   0.32392E-04
   0.73906E+02   0.25146E-06
   0.73968E+02   0.16722E-04
   0.73976E+02   0.23083E-03
   0.74063E+02   0.85402E-04
   0.74080E+02   0.75615E-02
   0.74116E+02   0.24479E-03
   0.74134E+02   0.98337E-06
   0.74143E+02   0.12383E-05
   0.74183E+02   0.45155E-04
   0.74193E+02   0.74701E-05
   0.74199E+02   0.78105E-11
   0.74229E+02   0.19688E-04
   0.74265E+02   0.19610E-03
   0.74299E+02   0.56869E-14
   0.74336E+02   0.20431E-04
   0.74362E+02   0.11069E-05
   0.74380E+02   0.16044E-03
   0.74414E+02   0.11027E-14
   0.74425E+02   0.48683E-05
   0.74448E+02   0.19280E-07
   0.74516E+02   0.26020E-07
   0.74585E+02   0.84815E-05
   0.74669E+02   0.17172E-13
   0.74709E+02   0.28668E-04
   0.74786E+02   0.47062E-06
   0.74826E+02   0.85260E-07
   0.74827E+02   0.45027E-06
   0.74835E+02   0.99523E-08
   0.74886E+02   0.52176E-04
   0.74938E+02   0.67343E-05
   0.74968E+02   0.10827E-12
   0.74992E+02   0.65638E-05
   0.75034E+02   0.19889E-05
   0.75078E+02   0.99851E-14
   0.75108E+02   0.31452E-06
   0.75129E+02   0.10669E-07
   0.75210E+02   0.33703E-06
   0.75233E+02   0.14566E-14
   0.75239E+02   0.73162E-05
   0.75348E+02   0.50335E-05
   0.75372E+02   0.47327E-05
   0.75547E+02   0.41594E-06
   0.75581E+02   0.10685E-05
   0.75688E+02   0.60357E-05
   0.75703E+02   0.11090E-04
   0.75722E+02   0.11442E-06
   0.75775E+02   0.42535E-06
   0.75852E+02   0.25997E-03
   0.75862E+02   0.10478E-06
   0.75906E+02   0.12395E-05
   0.75912E+02   0.43907E-05
   0.75969E+02   0.80014E-04
   0.76020E+02   0.23180E-04
   0.76101E+02   0.70269E-04
   0.76133E+02   0.42359E-12
   0.76144E+02   0.21929E-05
   0.76149E+02   0.25385E-05
   0.76180E+02   0.39048E-04
   0.76197E+02   0.49913E-04
   0.76272E+02   0.45850E-04
   0.76311E+02   0.14615E-03
   0.76320E+02   0.29467E-04
   0.76322E+02   0.88457E-04
   0.76346E+02   0.12247E-05
   0.76386E+02   0.12924E-04
   0.76408E+02   0.79923E-05
   0.76460E+02   0.12868E-04
   0.76477E+02   0.63020E-03
   0.76499E+02   0.52069E-05
   0.76507E+02   0.17628E-12
   0.76509E+02   0.14351E-04
   0.76516E+02   0.47059E-06
   0.76782E+02   0.16666E-05
   0.76861E+02   0.11302E-06
   0.76868E+02   0.71593E-05
   0.77019E+02   0.18545E-03
   0.77036E+02   0.36296E-02
   0.77148E+02   0.76344E-04
   0.77150E+02   0.14361E-04
   0.77158E+02   0.70008E-07
   0.77161E+02   0.19069E-09
   0.77253E+02   0.15338E-07
   0.77497E+02   0.70072E-05
   0.77546E+02   0.20995E-04
   0.77576E+02   0.17715E-05
   0.77608E+02   0.67548E-06
   0.77696E+02   0.60469E-08
   0.77723E+02   0.19082E-05
   0.77785E+02   0.25554E-07
   0.77800E+02   0.16233E-04
   0.77905E+02   0.24406E-04
   0.77928E+02   0.53745E-06
   0.77952E+02   0.33022E-06
   0.77995E+02   0.21032E-04
   0.78021E+02   0.73727E-05
   0.78033E+02   0.33225E-06
   0.78120E+02   0.48428E-05
   0.78142E+02   0.64813E-06
   0.78161E+02   0.37122E-07
   0.78189E+02   0.13490E-06
   0.78200E+02   0.12663E-03
   0.78294E+02   0.48939E-05
   0.78489E+02   0.42311E-04
   0.78503E+02   0.48236E-05
   0.78521E+02   0.75054E-06
   0.78573E+02   0.95673E-11
   0.78579E+02   0.13542E-03
   0.78599E+02   0.31960E-04
   0.78632E+02   0.30614E-05
   0.78685E+02   0.41119E-03
   0.78768E+02   0.10147E-06
   0.78821E+02   0.35680E-06
   0.78891E+02   0.11331E-05
   0.78939E+02   0.53573E-05
   0.78947E+02   0.17694E-05
   0.79005E+02   0.70678E-09
   0.79033E+02   0.26152E-06
   0.79073E+02   0.21579E-06
   0.79130E+02   0.12716E-06
   0.79285E+02   0.40601E-13
   0.79325E+02   0.62463E-06
   0.79333E+02   0.23406E-05
   0.79359E+02   0.18039E-05
   0.79383E+02   0.11718E-05
   0.79413E+02   0.42867E-05
   0.79490E+02   0.28766E-05
   0.79524E+02   0.46532E-05
   0.79530E+02   0.18050E-05
   0.79610E+02   0.46393E-05
   0.79643E+02   0.50574E-07
   0.79647E+02   0.48647E-13
   0.79668E+02   0.52603E-08
   0.79682E+02   0.32573E-06
   0.79698E+02   0.29243E-05
   0.79764E+02   0.49968E-05
   0.79818E+02   0.15276E-08
   0.79841E+02   0.81106E-05
   0.79848E+02   0.10634E-04
   0.79882E+02   0.11249E-04
   0.79911E+02   0.39636E-07
   0.79953E+02   0.29482E-07
   0.79999E+02   0.92801E-07
   0.80005E+02   0.31142E-06
   0.80037E+02   0.18879E-06
   0.80094E+02   0.23314E-06
   0.80149E+02   0.93167E-07
   0.80247E+02   0.30346E-05
   0.80257E+02   0.20464E-07
   0.80436E+02   0.21699E-07
   0.80456E+02   0.89435E-15
   0.80512E+02   0.19198E-07
   0.80528E+02   0.38075E-06
   0.80600E+02   0.17474E-07
   0.80618E+02   0.13824E-07
   0.80651E+02   0.38244E-06
   0.80732E+02   0.23798E-16
   0.80808E+02   0.21629E-04
   0.80869E+02   0.49387E-03
   0.80883E+02   0.44489E-03
   0.80916E+02   0.38756E-04
   0.81029E+02   0.12302E-04
   0.81042E+02   0.64515E-05
   0.81073E+02   0.78419E-05
   0.81110E+02   0.51885E-05
   0.81154E+02   0.55154E-06
   0.81171E+02   0.45332E-04
   0.81227E+02   0.66979E-07
   0.81238E+02   0.43760E-05
   0.81270E+02   0.72115E-06
   0.81276E+02   0.30760E-05
   0.81298E+02   0.18457E-06
   0.81311E+02   0.37026E-06
   0.81326E+02   0.88487E-06
   0.81348E+02   0.52321E-06
   0.81404E+02   0.45016E-05
   0.81418E+02   0.17268E-06
   0.81431E+02   0.38434E-05
   0.81493E+02   0.36994E-03
   0.81520E+02   0.61874E-03
   0.81574E+02   0.37604E-05
   0.81638E+02   0.23558E-05
   0.81681E+02   0.13870E-05
   0.81717E+02   0.25489E-04
   0.81833E+02   0.23874E-05
   0.81853E+02   0.91184E-07
   0.81859E+02   0.79214E-06
   0.81878E+02   0.28037E-05
   0.81902E+02   0.33050E-06
   0.81937E+02   0.33581E-06
   0.82002E+02   0.59478E-06
   0.82036E+02   0.35527E-05
   0.82144E+02   0.64703E-15
   0.82193E+02   0.35065E-05
   0.82217E+02   0.14467E-04
   0.82266E+02   0.17216E-04
   0.82268E+02   0.92676E-04
   0.82299E+02   0.60761E-04
   0.82412E+02   0.49749E-07
   0.82431E+02   0.14915E-05
   0.82460E+02   0.23170E-05
   0.82470E+02   0.35943E-06
   0.82497E+02   0.14284E-04
   0.82509E+02   0.54789E-04
   0.82509E+02   0.13547E-08
   0.82601E+02   0.24439E-03
   0.82648E+02   0.50139E-06
   0.82679E+02   0.42730E-05
   0.82684E+02   0.71387E-07
   0.82692E+02   0.21596E-05
   0.82720E+02   0.50589E-06
   0.82767E+02   0.77522E-05
   0.82854E+02   0.24966E-16
   0.82878E+02   0.59906E-05
   0.82893E+02   0.23372E-06
   0.82919E+02   0.47596E-04
   0.82956E+02   0.20141E-04
   0.82989E+02   0.18124E-05
   0.83051E+02   0.33129E-05
   0.83070E+02   0.11016E-05
   0.83109E+02   0.12543E-04
   0.83126E+02   0.24926E-05
   0.83165E+02   0.37996E-05
   0.83244E+02   0.13812E-04
   0.83278E+02   0.88079E-07
   0.83312E+02   0.28944E-06
   0.83345E+02   0.89592E-06
   0.83393E+02   0.17205E-04
   0.83414E+02   0.71910E-05
   0.83485E+02   0.18448E-04
   0.83538E+02   0.51613E-05
   0.83557E+02   0.71742E-05
   0.83586E+02   0.22322E-03
   0.83650E+02   0.93932E-04
   0.83695E+02   0.42338E-05
   0.83730E+02   0.17201E-06
   0.83739E+02   0.42421E-07
   0.83767E+02   0.24365E-06
   0.83814E+02   0.38092E-05
   0.83854E+02   0.16154E-06
   0.83863E+02   0.16834E-07
   0.83991E+02   0.24882E-05
   0.84030E+02   0.32826E-07
   0.84064E+02   0.10838E-05
   0.84107E+02   0.45463E-04
   0.84122E+02   0.30756E-04
   0.84136E+02   0.31184E-05
   0.84157E+02   0.12788E-04
   0.84179E+02   0.19338E-04
   0.84196E+02   0.58013E-07
   0.84233E+02   0.37920E-08
   0.84268E+02   0.63758E-06
   0.84320E+02   0.13301E-05
   0.84333E+02   0.61977E-05
   0.84356E+02   0.18072E-04
   0.84379E+02   0.73710E-05
   0.84436E+02   0.31306E-04
   0.84439E+02   0.55928E-05
   0.84463E+02   0.29366E-06
   0.84514E+02   0.49252E-06
   0.84526E+02   0.66345E-07
   0.84534E+02   0.22071E-05
   0.84556E+02   0.15941E-04
   0.84630E+02   0.44678E-05
   0.84634E+02   0.51375E-06
   0.84674E+02   0.37691E-05
   0.84701E+02   0.39666E-08
   0.84794E+02   0.45832E-06
   0.84818E+02   0.86996E-06
   0.84821E+02   0.26279E-07
   0.84878E+02   0.68994E-07
   0.84891E+02   0.42489E-05
   0.84921E+02   0.10780E-05
   0.84930E+02   0.16100E-06
   0.84957E+02   0.14801E-06
   0.84968E+02   0.14623E-05
   0.85116E+02   0.10598E-04
   0.85169E+02   0.38997E-06
   0.85242E+02   0.99455E-06
   0.85282E+02   0.89062E-06
   0.85310E+02   0.67482E-05
   0.85333E+02   0.38730E-13
   0.85434E+02   0.66922E-08
   0.85473E+02   0.15014E-07
   0.85543E+02   0.66222E-07
   0.85563E+02   0.18467E-06
   0.85714E+02   0.32653E-03
   0.85742E+02   0.50649E-06
   0.85834E+02   0.34037E-04
   0.85860E+02   0.54735E-07
   0.85934E+02   0.56420E-05
   0.85989E+02   0.22148E-03
   0.86019E+02   0.52897E-13
   0.86079E+02   0.82678E-05
   0.86269E+02   0.26992E-06
   0.86317E+02   0.16068E-06
   0.86330E+02   0.17870E-05
   0.86368E+02   0.49789E-06
   0.86431E+02   0.13575E-05
   0.86466E+02   0.69785E-06
   0.86497E+02   0.11469E-05
   0.86518E+02   0.37086E-06
   0.86625E+02   0.36844E-05
   0.86652E+02   0.36276E-06
   0.86691E+02   0.17914E-05
   0.86776E+02   0.10434E-04
   0.86878E+02   0.56212E-06
   0.86945E+02   0.13746E-02
   0.86952E+02   0.42685E-02
   0.86976E+02   0.33426E-04
   0.86979E+02   0.92389E-05
   0.86985E+02   0.40683E-07
   0.86991E+02   0.13256E-04
   0.87080E+02   0.38781E-05
   0.87089E+02   0.48986E-04
   0.87108E+02   0.43734E-04
   0.87118E+02   0.56316E-05
   0.87222E+02   0.33817E-07
   0.87280E+02   0.49711E-05
   0.87303E+02   0.39428E-06
   0.87329E+02   0.32688E-05
   0.87379E+02   0.11482E-03
   0.87416E+02   0.45887E-04
   0.87429E+02   0.45937E-06
   0.87463E+02   0.12279E-04
   0.87564E+02   0.20538E-05
   0.87611E+02   0.23677E-05
   0.87626E+02   0.30860E-04
   0.87636E+02   0.25778E-05
   0.87660E+02   0.62991E-04
   0.87685E+02   0.28918E-04
   0.87714E+02   0.18910E-08
   0.87796E+02   0.44891E-06
   0.87805E+02   0.22872E-06
   0.87826E+02   0.47568E-07
   0.87861E+02   0.25057E-06
   0.87885E+02   0.72781E-08
   0.87893E+02   0.30038E-08
   0.87965E+02   0.13031E-06
   0.87990E+02   0.22802E-05
   0.88009E+02   0.25306E-05
   0.88062E+02   0.10595E-15
   0.88130E+02   0.63845E-05
   0.88176E+02   0.62468E-05
   0.88202E+02   0.17474E-08
   0.88218E+02   0.18500E-14
   0.88347E+02   0.52072E-04
   0.88458E+02   0.14874E-07
   0.88468E+02   0.27870E-13
   0.88473E+02   0.47626E-04
   0.88542E+02   0.95248E-06
   0.88604E+02   0.10637E-03
   0.88618E+02   0.18823E-05
   0.88694E+02   0.17096E-06
   0.88705E+02   0.47593E-06
   0.88788E+02   0.41424E-07
   0.88813E+02   0.36906E-05
   0.88839E+02   0.27365E-06
   0.88880E+02   0.23739E-05
   0.88884E+02   0.96590E-06
   0.88896E+02   0.44512E-14
   0.88972E+02   0.86046E-05
   0.89068E+02   0.14033E-05
   0.89069E+02   0.35608E-13
   0.89079E+02   0.13453E-06
   0.89124E+02   0.43054E-06
   0.89159E+02   0.73589E-06
   0.89175E+02   0.29572E-06
   0.89219E+02   0.50993E-05
   0.89267E+02   0.73305E-06
   0.89300E+02   0.46591E-07
   0.89334E+02   0.91483E-05
   0.89353E+02   0.52756E-12
   0.89417E+02   0.37328E-04
   0.89434E+02   0.93873E-03
   0.89476E+02   0.32310E-03
   0.89487E+02   0.78326E-03
   0.89498E+02   0.81844E-06
   0.89558E+02   0.14372E-03
   0.89566E+02   0.33292E-07
   0.89610E+02   0.32698E-04
   0.89618E+02   0.93707E-05
   0.89647E+02   0.57701E-05
   0.89718E+02   0.12566E-05
   0.89746E+02   0.36461E-07
   0.89751E+02   0.14246E-04
   0.89795E+02   0.16700E-04
   0.89801E+02   0.12819E-06
   0.89825E+02   0.10845E-05
   0.89865E+02   0.11683E-05
   0.89995E+02   0.31089E-05
   0.90054E+02   0.19814E-04
   0.90076E+02   0.11299E-06
   0.90142E+02   0.40434E-05
   0.90179E+02   0.55401E-05
   0.90187E+02   0.50948E-06
   0.90204E+02   0.30010E-04
   0.90236E+02   0.77733E-06
   0.90290E+02   0.72050E-05
   0.90304E+02   0.75430E-05
   0.90309E+02   0.33568E-05
   0.90366E+02   0.91976E-05
   0.90397E+02   0.20260E-05
   0.90459E+02   0.21450E-06
   0.90465E+02   0.19653E-06
   0.90485E+02   0.33218E-13
   0.90494E+02   0.57809E-08
   0.90527E+02   0.27505E-07
   0.90553E+02   0.12389E-06
   0.90565E+02   0.27120E-08
   0.90605E+02   0.99747E-08
   0.90630E+02   0.25629E-06
   0.90654E+02   0.18280E-06
   0.90674E+02   0.16729E-08
   0.90730E+02   0.18113E-16
   0.90820E+02   0.68411E-07
   0.90865E+02   0.77507E-05
   0.91038E+02   0.28572E-05
   0.91076E+02   0.20395E-03
   0.91135E+02   0.24412E-06
   0.91141E+02   0.11504E-08
   0.91169E+02   0.16263E-04
   0.91213E+02   0.12465E-04
   0.91247E+02   0.11874E-05
   0.91277E+02   0.11038E-06
   0.91306E+02   0.13654E-05
   0.91323E+02   0.21366E-06
   0.91392E+02   0.91982E-06
   0.91444E+02   0.33130E-05
   0.91563E+02   0.56122E-10
   0.91681E+02   0.44982E-05
   0.91718E+02   0.83565E-06
   0.91769E+02   0.85579E-06
   0.91814E+02   0.19182E-09
   0.91928E+02   0.34691E-06
   0.91936E+02   0.29569E-07
   0.91957E+02   0.90011E-06
   0.91976E+02   0.26069E-07
   0.92086E+02   0.84306E-06
   0.92125E+02   0.10619E-09
   0.92146E+02   0.12099E-09
   0.92188E+02   0.58169E-05
   0.92208E+02   0.80561E-05
   0.92236E+02   0.26018E-06
   0.92274E+02   0.69008E-07
   0.92329E+02   0.91636E-07
   0.92377E+02   0.75394E-07
   0.92391E+02   0.15005E-05
   0.92415E+02   0.19684E-07
   0.92439E+02   0.26451E-06
   0.92441E+02   0.26390E-12
   0.92447E+02   0.54286E-07
   0.92502E+02   0.29226E-07
   0.92536E+02   0.33032E-06
   0.92566E+02   0.10205E-09
   0.92591E+02   0.39467E-08
   0.92609E+02   0.49301E-09
   0.92620E+02   0.24146E-07
   0.92639E+02   0.10361E-07
   0.92659E+02   0.74197E-06
   0.92692E+02   0.10977E-06
   0.92754E+02   0.24521E-08
   0.92790E+02   0.40631E-07
   0.92837E+02   0.32592E-04
   0.92845E+02   0.16650E-04
   0.92870E+02   0.16957E-03
   0.92882E+02   0.50448E-06
   0.92932E+02   0.32654E-05
   0.92947E+02   0.97992E-06
   0.92975E+02   0.44558E-07
   0.93018E+02   0.31588E-05
   0.93033E+02   0.35448E-06
   0.93044E+02   0.92865E-06
   0.93063E+02   0.67643E-06
   0.93112E+02   0.32952E-06
   0.93123E+02   0.84861E-07
   0.93137E+02   0.20501E-12
   0.93158E+02   0.66215E-06
   0.93235E+02   0.16552E-05
   0.93261E+02   0.53298E-06
   0.93340E+02   0.19071E-08
   0.93412E+02   0.17812E-06
   0.93417E+02   0.56606E-13
   0.93442E+02   0.15460E-05
   0.93446E+02   0.24566E-05
   0.93471E+02   0.30240E-05
   0.93547E+02   0.15168E-04
   0.93562E+02   0.14283E-05
   0.93640E+02   0.15717E-05
   0.93668E+02   0.53311E-06
   0.93740E+02   0.17071E-04
   0.93750E+02   0.17236E-05
   0.93813E+02   0.24482E-15
   0.93878E+02   0.85129E-08
   0.93916E+02   0.25036E-05
   0.93967E+02   0.26201E-12
   0.94021E+02   0.44763E-05
   0.94047E+02   0.52020E-07
   0.94062E+02   0.30690E-07
   0.94071E+02   0.93937E-07
   0.94082E+02   0.13383E-15
   0.94105E+02   0.66797E-08
   0.94109E+02   0.32779E-07
   0.94174E+02   0.59661E-08
   0.94199E+02   0.21440E-06
   0.94209E+02   0.66546E-08
   0.94272E+02   0.18814E-07
   0.94307E+02   0.22186E-07
   0.94340E+02   0.14998E-06
   0.94364E+02   0.17084E-06
   0.94409E+02   0.60849E-08
   0.94469E+02   0.16580E-05
   0.94473E+02   0.94216E-04
   0.94481E+02   0.28345E-04
   0.94510E+02   0.48992E-04
   0.94576E+02   0.54352E-06
   0.94612E+02   0.14014E-05
   0.94621E+02   0.13816E-04
   0.94643E+02   0.89838E-06
   0.94644E+02   0.21074E-05
   0.94681E+02   0.12950E-07
   0.94686E+02   0.45247E-06
   0.94744E+02   0.66314E-05
   0.94755E+02   0.43284E-06
   0.94850E+02   0.12819E-06
   0.94905E+02   0.17992E-08
   0.94930E+02   0.22101E-06
   0.95038E+02   0.25386E-06
   0.95072E+02   0.15129E-05
   0.95082E+02   0.12673E-03
   0.95106E+02   0.60722E-07
   0.95133E+02   0.12691E-05
   0.95201E+02   0.22311E-05
   0.95250E+02   0.17955E-05
   0.95267E+02   0.33453E-05
   0.95338E+02   0.35674E-05
   0.95343E+02   0.12395E-04
   0.95391E+02   0.20346E-07
   0.95407E+02   0.92994E-06
   0.95461E+02   0.17836E-06
   0.95498E+02   0.71930E-16
   0.95519E+02   0.21384E-08
   0.95531E+02   0.41805E-05
   0.95578E+02   0.10314E-04
   0.95632E+02   0.38439E-07
   0.95662E+02   0.34180E-06
   0.95683E+02   0.30391E-08
   0.95688E+02   0.15979E-06
   0.95748E+02   0.40691E-06
   0.95776E+02   0.90351E-08
   0.95814E+02   0.35988E-06
   0.95828E+02   0.23586E-05
   0.95852E+02   0.97559E-15
   0.95871E+02   0.54654E-04
   0.95914E+02   0.27109E-05
   0.95932E+02   0.31579E-05
   0.95941E+02   0.65778E-06
   0.95994E+02   0.26074E-05
   0.96001E+02   0.56463E-07
   0.96013E+02   0.29266E-05
   0.96049E+02   0.11392E-05
   0.96055E+02   0.13989E-05
   0.96067E+02   0.19878E-05
   0.96087E+02   0.56933E-06
   0.96108E+02   0.90428E-05
   0.96110E+02   0.10874E-05
   0.96118E+02   0.16564E-06
   0.96131E+02   0.29181E-04
   0.96136E+02   0.14066E-13
   0.96185E+02   0.96916E-05
   0.96192E+02   0.15460E-04
   0.96200E+02   0.14608E-04
   0.96213E+02   0.83840E-05
   0.96281E+02   0.69918E-10
   0.96290E+02   0.88130E-06
   0.96363E+02   0.48778E-05
   0.96387E+02   0.13105E-07
   0.96407E+02   0.24616E-05
   0.96526E+02   0.25652E-05
   0.96559E+02   0.36054E-08
   0.96595E+02   0.22008E-11
   0.96641E+02   0.12546E-07
   0.96694E+02   0.12472E-06
   0.96748E+02   0.14791E-06
   0.96785E+02   0.16690E-06
   0.96826E+02   0.42743E-07
   0.96837E+02   0.40576E-06
   0.96863E+02   0.20452E-05
   0.96889E+02   0.49948E-06
   0.96897E+02   0.34473E-08
   0.96909E+02   0.89320E-07
   0.96934E+02   0.79596E-05
   0.96994E+02   0.14027E-06
   0.97033E+02   0.19152E-05
   0.97060E+02   0.48208E-07
   0.97088E+02   0.85341E-05
   0.97094E+02   0.16792E-05
   0.97153E+02   0.42861E-08
   0.97165E+02   0.71713E-06
   0.97188E+02   0.24859E-07
   0.97231E+02   0.21336E-05
   0.97264E+02   0.27676E-05
   0.97295E+02   0.47027E-04
   0.97304E+02   0.72353E-05
   0.97329E+02   0.37896E-06
   0.97351E+02   0.16438E-06
   0.97425E+02   0.14168E-07
   0.97456E+02   0.75830E-08
   0.97481E+02   0.99238E-08
   0.97544E+02   0.25208E-05
   0.97601E+02   0.38866E-05
   0.97632E+02   0.43371E-09
   0.97661E+02   0.16335E-06
   0.97721E+02   0.22124E-05
   0.97751E+02   0.10132E-03
   0.97754E+02   0.15444E-04
   0.97760E+02   0.68500E-07
   0.97922E+02   0.27926E-08
   0.97955E+02   0.24325E-09
   0.97988E+02   0.95232E-07
   0.98044E+02   0.46605E-07
   0.98051E+02   0.11286E-05
   0.98127E+02   0.52990E-16
   0.98271E+02   0.18450E-06
   0.98294E+02   0.12762E-04
   0.98325E+02   0.53381E-05
   0.98369E+02   0.19259E-04
   0.98453E+02   0.85997E-05
   0.98554E+02   0.19221E-07
   0.98585E+02   0.37939E-06
   0.98598E+02   0.10664E-05
   0.98624E+02   0.24417E-06
   0.98641E+02   0.48061E-04
   0.98744E+02   0.36990E-06
   0.98794E+02   0.49368E-14
   0.98825E+02   0.54159E-06
   0.98836E+02   0.11670E-05
   0.98970E+02   0.62723E-06
   0.99036E+02   0.65461E-07
   0.99065E+02   0.80544E-07
   0.99077E+02   0.29603E-06
   0.99125E+02   0.11022E-04
   0.99165E+02   0.16146E-05
   0.99191E+02   0.67575E-05
   0.99223E+02   0.25395E-05
   0.99269E+02   0.43788E-06
   0.99363E+02   0.13616E-09
   0.99398E+02   0.56835E-07
   0.99422E+02   0.11572E-07
   0.99549E+02   0.35399E-05
   0.99602E+02   0.97966E-08
   0.99670E+02   0.17351E-06
   0.99770E+02   0.10275E-03
   0.99788E+02   0.82436E-06
   0.99799E+02   0.25031E-05
   0.99823E+02   0.39638E-06
   0.99869E+02   0.41376E-05
   0.99897E+02   0.46627E-06
   0.99906E+02   0.45591E-06
   0.99989E+02   0.13902E-04
   0.10004E+03   0.60275E-06
   0.10011E+03   0.32086E-06
   0.10022E+03   0.68692E-06
   0.10025E+03   0.11378E-05
   0.10031E+03   0.11215E-06
   0.10041E+03   0.22600E-06
   0.10052E+03   0.12844E-06
   0.10054E+03   0.35237E-05
   0.10059E+03   0.10585E-07
   0.10065E+03   0.32706E-06
   0.10069E+03   0.10504E-06
   0.10070E+03   0.97478E-05
   0.10073E+03   0.12005E-04
   0.10078E+03   0.20996E-04
   0.10083E+03   0.14480E-06
   0.10085E+03   0.15886E-06
   0.10089E+03   0.88485E-08
   0.10090E+03   0.12594E-07
   0.10099E+03   0.31172E-02
   0.10112E+03   0.23753E-04
   0.10121E+03   0.84865E-04
   0.10122E+03   0.12281E-03
   0.10126E+03   0.99688E-06
   0.10130E+03   0.19500E-06
   0.10135E+03   0.18259E-04
   0.10138E+03   0.34422E-06
   0.10143E+03   0.96429E-09
   0.10150E+03   0.16465E-05
   0.10152E+03   0.20306E-06
   0.10158E+03   0.94603E-08
   0.10163E+03   0.15869E-06
   0.10167E+03   0.46909E-07
   0.10169E+03   0.20335E-06
   0.10169E+03   0.47964E-08
   0.10173E+03   0.82255E-08
   0.10178E+03   0.93512E-08
   0.10183E+03   0.19649E-07
   0.10185E+03   0.10731E-07
   0.10187E+03   0.10509E-07
   0.10193E+03   0.23254E-05
   0.10194E+03   0.17814E-06
   0.10196E+03   0.71373E-05
   0.10199E+03   0.18075E-04
   0.10202E+03   0.16453E-05
   0.10206E+03   0.99445E-06
   0.10207E+03   0.40168E-06
   0.10209E+03   0.82257E-06
   0.10210E+03   0.70060E-07
   0.10215E+03   0.31763E-06
   0.10216E+03   0.25952E-05
   0.10217E+03   0.58096E-06
   0.10222E+03   0.30060E-08
   0.10223E+03   0.84223E-08
   0.10229E+03   0.12649E-07
   0.10232E+03   0.38352E-06
   0.10236E+03   0.22948E-06
   0.10237E+03   0.42202E-08
   0.10241E+03   0.59040E-07
   0.10243E+03   0.42000E-07
   0.10249E+03   0.21046E-06
   0.10250E+03   0.51531E-07
   0.10258E+03   0.10637E-06
   0.10258E+03   0.57008E-06
   0.10269E+03   0.85658E-07
   0.10278E+03   0.48990E-06
   0.10279E+03   0.11131E-05
   0.10291E+03   0.98896E-07
   0.10292E+03   0.11872E-08
   0.10293E+03   0.11254E-05
   0.10298E+03   0.21717E-04
   0.10302E+03   0.10512E-07
   0.10307E+03   0.86403E-03
   0.10311E+03   0.56217E-04
   0.10317E+03   0.44609E-06
   0.10322E+03   0.31964E-07
   0.10324E+03   0.50918E-04
   0.10327E+03   0.53384E-05
   0.10329E+03   0.32160E-09
   0.10331E+03   0.26435E-07
   0.10339E+03   0.10295E-05
   0.10341E+03   0.65389E-06
   0.10364E+03   0.10647E-04
   0.10367E+03   0.12613E-05
   0.10371E+03   0.62047E-06
   0.10372E+03   0.25779E-05
   0.10382E+03   0.35969E-06
   0.10385E+03   0.11916E-04
   0.10391E+03   0.13291E-06
   0.10397E+03   0.22768E-06
   0.10398E+03   0.60106E-07
   0.10399E+03   0.73052E-06
   0.10403E+03   0.55373E-08
   0.10406E+03   0.19114E-08
   0.10412E+03   0.22029E-05
   0.10416E+03   0.23512E-06
   0.10419E+03   0.30008E-06
   0.10423E+03   0.70182E-07
   0.10428E+03   0.22186E-05
   0.10430E+03   0.64543E-07
   0.10433E+03   0.14712E-06
   0.10435E+03   0.20494E-09
   0.10438E+03   0.32736E-08
   0.10452E+03   0.49647E-06
   0.10461E+03   0.36662E-07
   0.10464E+03   0.11929E-05
   0.10470E+03   0.51856E-04
   0.10470E+03   0.90384E-05
   0.10471E+03   0.16749E-04
   0.10473E+03   0.82118E-07
   0.10478E+03   0.49023E-05
   0.10484E+03   0.46036E-05
   0.10487E+03   0.38068E-09
   0.10496E+03   0.79025E-07
   0.10497E+03   0.56086E-06
   0.10501E+03   0.22481E-06
   0.10504E+03   0.12935E-07
   0.10507E+03   0.13175E-06
   0.10510E+03   0.52998E-07
   0.10511E+03   0.59057E-07
   0.10515E+03   0.33938E-06
   0.10517E+03   0.40639E-06
   0.10525E+03   0.89547E-06
   0.10525E+03   0.40978E-04
   0.10535E+03   0.19516E-06
   0.10537E+03   0.18959E-05
   0.10548E+03   0.41597E-06
   0.10553E+03   0.94166E-06
   0.10556E+03   0.90979E-10
   0.10562E+03   0.65977E-05
   0.10565E+03   0.59175E-06
   0.10567E+03   0.35074E-08
   0.10571E+03   0.49109E-06
   0.10577E+03   0.10389E-05
   0.10578E+03   0.12435E-06
   0.10590E+03   0.16501E-06
   0.10593E+03   0.40421E-04
   0.10599E+03   0.94478E-06
   0.10601E+03   0.38944E-06
   0.10608E+03   0.14641E-07
   0.10621E+03   0.56664E-05
   0.10627E+03   0.14972E-04
   0.10631E+03   0.33080E-06
   0.10634E+03   0.84298E-07
   0.10637E+03   0.41525E-06
   0.10642E+03   0.88614E-05
   0.10644E+03   0.48048E-06
   0.10653E+03   0.36959E-07
   0.10656E+03   0.43331E-08
   0.10656E+03   0.20704E-07
   0.10658E+03   0.63492E-07
   0.10660E+03   0.68200E-06
   0.10664E+03   0.81675E-07
   0.10676E+03   0.12703E-06
   0.10691E+03   0.85935E-06
   0.10699E+03   0.39958E-05
   0.10714E+03   0.23221E-08
   0.10720E+03   0.28526E-08
   0.10725E+03   0.43308E-07
   0.10728E+03   0.16515E-06
   0.10734E+03   0.16289E-07
   0.10741E+03   0.43138E-05
   0.10756E+03   0.34827E-07
   0.10773E+03   0.12429E-06
   0.10786E+03   0.18994E-06
   0.10791E+03   0.72594E-08
   0.10794E+03   0.16514E-06
   0.10795E+03   0.11786E-07
   0.10800E+03   0.15838E-07
   0.10809E+03   0.10285E-04
   0.10819E+03   0.23319E-08
   0.10821E+03   0.70209E-06
   0.10824E+03   0.49475E-16
   0.10828E+03   0.37673E-08
   0.10834E+03   0.39603E-07
   0.10834E+03   0.10803E-06
   0.10836E+03   0.52872E-08
   0.10839E+03   0.28018E-06
   0.10844E+03   0.35512E-07
   0.10846E+03   0.35703E-09
   0.10848E+03   0.13907E-07
   0.10850E+03   0.22718E-16
   0.10852E+03   0.13714E-04
   0.10853E+03   0.59988E-07
   0.10856E+03   0.18910E-04
   0.10858E+03   0.10560E-05
   0.10860E+03   0.12079E-07
   0.10864E+03   0.20385E-05
   0.10868E+03   0.29162E-05
   0.10870E+03   0.70844E-05
   0.10880E+03   0.21370E-05
   0.10892E+03   0.27250E-05
   0.10899E+03   0.84664E-06
   0.10901E+03   0.13920E-07
   0.10905E+03   0.91144E-06
   0.10910E+03   0.14394E-05
   0.10912E+03   0.40087E-05
   0.10918E+03   0.25415E-04
   0.10935E+03   0.19402E-05
   0.10944E+03   0.10635E-08
   0.10947E+03   0.45133E-07
   0.10952E+03   0.36656E-06
   0.10954E+03   0.74199E-08
   0.10956E+03   0.13495E-07
   0.10959E+03   0.50386E-07
   0.10962E+03   0.72769E-07
   0.10966E+03   0.12467E-08
   0.10991E+03   0.96210E-08
   0.10992E+03   0.60572E-08
   0.10993E+03   0.41233E-17
   0.10997E+03   0.30409E-06
   0.10999E+03   0.47832E-07
   0.11004E+03   0.19177E-06
   0.11008E+03   0.30123E-06
   0.11011E+03   0.24636E-05
   0.11022E+03   0.61718E-09
   0.11027E+03   0.27099E-18
   0.11044E+03   0.23649E-06
   0.11047E+03   0.72394E-17
   0.11051E+03   0.94799E-04
   0.11057E+03   0.27423E-05
   0.11064E+03   0.74651E-06
   0.11066E+03   0.27820E-05
   0.11072E+03   0.17958E-05
   0.11075E+03   0.12727E-05
   0.11077E+03   0.67117E-07
   0.11080E+03   0.15356E-04
   0.11086E+03   0.14630E-08
   0.11087E+03   0.12748E-07
   0.11098E+03   0.14907E-06
   0.11099E+03   0.10992E-05
   0.11102E+03   0.15428E-06
   0.11104E+03   0.10911E-06
   0.11121E+03   0.36703E-07
   0.11128E+03   0.15655E-06
   0.11129E+03   0.19805E-07
   0.11131E+03   0.52883E-06
   0.11146E+03   0.40413E-05
   0.11146E+03   0.84160E-05
   0.11163E+03   0.10403E-07
   0.11165E+03   0.21493E-08
   0.11173E+03   0.69678E-06
   0.11185E+03   0.12904E-05
   0.11192E+03   0.33682E-07
   0.11193E+03   0.10601E-13
   0.11196E+03   0.21380E-08
   0.11201E+03   0.83957E-07
   0.11205E+03   0.54409E-06
   0.11211E+03   0.55812E-06
   0.11215E+03   0.70596E-06
   0.11218E+03   0.11533E-05
   0.11221E+03   0.13794E-06
   0.11221E+03   0.12084E-06
   0.11224E+03   0.12110E-05
   0.11228E+03   0.99296E-07
   0.11235E+03   0.14333E-07
   0.11238E+03   0.90151E-06
   0.11239E+03   0.34255E-05
   0.11240E+03   0.11409E-05
   0.11243E+03   0.15733E-06
   0.11245E+03   0.46998E-06
   0.11246E+03   0.11247E-06
   0.11253E+03   0.10677E-06
   0.11257E+03   0.86496E-07
   0.11260E+03   0.11803E-08
   0.11264E+03   0.96017E-15
   0.11265E+03   0.31048E-07
   0.11267E+03   0.81983E-07
   0.11274E+03   0.43562E-09
   0.11280E+03   0.25468E-07
   0.11284E+03   0.31255E-08
   0.11295E+03   0.18316E-06
   0.11320E+03   0.22942E-06
   0.11324E+03   0.29270E-07
   0.11333E+03   0.64958E-06
   0.11342E+03   0.23245E-05
   0.11355E+03   0.34050E-07
   0.11358E+03   0.13592E-08
   0.11361E+03   0.54642E-07
   0.11363E+03   0.35058E-09
   0.11370E+03   0.15277E-06
   0.11374E+03   0.17913E-07
   0.11377E+03   0.14121E-05
   0.11390E+03   0.29752E-05
   0.11396E+03   0.28514E-06
   0.11408E+03   0.60048E-07
   0.11408E+03   0.11280E-06
   0.11422E+03   0.22756E-06
   0.11428E+03   0.10332E-05
   0.11435E+03   0.42120E-07
   0.11453E+03   0.29739E-06
   0.11456E+03   0.44320E-05
   0.11459E+03   0.15824E-06
   0.11461E+03   0.58166E-07
   0.11467E+03   0.22564E-06
   0.11469E+03   0.10267E-06
   0.11472E+03   0.16618E-06
   0.11474E+03   0.65073E-06
   0.11475E+03   0.28694E-06
   0.11481E+03   0.46794E-05
   0.11481E+03   0.11682E-06
   0.11484E+03   0.20095E-05
   0.11495E+03   0.42951E-05
   0.11497E+03   0.10256E-03
   0.11501E+03   0.80069E-05
   0.11509E+03   0.35949E-06
   0.11519E+03   0.42493E-05
   0.11523E+03   0.12267E-07
   0.11525E+03   0.12307E-06
   0.11530E+03   0.83596E-07
   0.11537E+03   0.17616E-05
   0.11538E+03   0.21580E-06
   0.11539E+03   0.25358E-06
   0.11546E+03   0.40745E-05
   0.11550E+03   0.61960E-08
   0.11558E+03   0.15626E-08
   0.11564E+03   0.54728E-05
   0.11568E+03   0.97768E-06
   0.11569E+03   0.28455E-07
   0.11572E+03   0.83175E-07
   0.11576E+03   0.32156E-08
   0.11580E+03   0.49167E-09
   0.11589E+03   0.10560E-07
   0.11603E+03   0.40251E-08
   0.11610E+03   0.34460E-06
   0.11611E+03   0.45107E-07
   0.11620E+03   0.14345E-07
   0.11627E+03   0.75053E-08
   0.11627E+03   0.19873E-07
   0.11644E+03   0.13647E-06
   0.11667E+03   0.61662E-08
   0.11677E+03   0.12095E-06
   0.11694E+03   0.24324E-06
   0.11699E+03   0.14060E-06
   0.11712E+03   0.31306E-08
   0.11744E+03   0.77526E-07
   0.11774E+03   0.20817E-06
   0.11784E+03   0.10723E-06
   0.11786E+03   0.11267E-07
   0.11795E+03   0.26030E-07
   0.11820E+03   0.22278E-05
   0.11831E+03   0.11946E-06
   0.11840E+03   0.58549E-07
   0.11866E+03   0.70851E-08
   0.11878E+03   0.37264E-06
   0.11883E+03   0.73403E-06
   0.11887E+03   0.25110E-07
   0.11890E+03   0.31394E-08
   0.11901E+03   0.64006E-07
   0.11906E+03   0.24448E-06
   0.11911E+03   0.36339E-06
   0.11914E+03   0.28168E-06
   0.11914E+03   0.31691E-06
   0.11916E+03   0.18015E-06
   0.11923E+03   0.78095E-08
   0.11934E+03   0.37150E-06
   0.11940E+03   0.28326E-04
   0.11943E+03   0.23683E-06
   0.11944E+03   0.34323E-06
   0.11975E+03   0.14965E-06
   0.11981E+03   0.21927E-06
   0.11985E+03   0.26537E-06
   0.11987E+03   0.17272E-05
   0.11989E+03   0.54189E-05
   0.11993E+03   0.18667E-08
   0.11996E+03   0.79020E-09
   0.12000E+03   0.21175E-06
   0.12006E+03   0.35299E-06
   0.12013E+03   0.67892E-05
   0.12015E+03   0.84700E-07
   0.12016E+03   0.30657E-05
   0.12018E+03   0.12017E-05
   0.12028E+03   0.92490E-06
   0.12030E+03   0.24155E-05
   0.12030E+03   0.25900E-05
   0.12044E+03   0.12222E-09
   0.12048E+03   0.31542E-09
   0.12060E+03   0.88141E-09
   0.12071E+03   0.26563E-06
   0.12075E+03   0.27226E-05
   0.12088E+03   0.26746E-05
   0.12098E+03   0.59230E-07
   0.12100E+03   0.11853E-06
   0.12103E+03   0.11379E-06
   0.12110E+03   0.46120E-07
   0.12112E+03   0.57128E-08
   0.12132E+03   0.27215E-08
   0.12135E+03   0.92353E-07
   0.12139E+03   0.46311E-07
   0.12140E+03   0.69857E-07
   0.12151E+03   0.98180E-07
   0.12154E+03   0.25080E-06
   0.12161E+03   0.67461E-08
   0.12173E+03   0.32554E-12
   0.12175E+03   0.24814E-05
   0.12179E+03   0.11627E-06
   0.12194E+03   0.13414E-06
   0.12199E+03   0.90717E-08
   0.12202E+03   0.23466E-07
   0.12203E+03   0.52190E-07
   0.12215E+03   0.74052E-05
   0.12218E+03   0.94543E-05
   0.12221E+03   0.45382E-04
   0.12224E+03   0.91567E-07
   0.12230E+03   0.58286E-05
   0.12238E+03   0.11548E-06
   0.12243E+03   0.70153E-06
   0.12246E+03   0.69509E-05
   0.12250E+03   0.71000E-07
   0.12255E+03   0.89729E-08
   0.12263E+03   0.10419E-06
   0.12273E+03   0.10573E-05
   0.12290E+03   0.82373E-08
   0.12299E+03   0.11789E-05
   0.12311E+03   0.27804E-05
   0.12316E+03   0.27826E-06
   0.12326E+03   0.69218E-06
   0.12328E+03   0.26770E-07
   0.12333E+03   0.21259E-05
   0.12335E+03   0.27422E-05
   0.12341E+03   0.14724E-06
   0.12345E+03   0.74734E-06
   0.12356E+03   0.84210E-04
   0.12357E+03   0.13932E-06
   0.12359E+03   0.23860E-05
   0.12364E+03   0.16306E-07
   0.12366E+03   0.22946E-06
   0.12372E+03   0.28947E-07
   0.12374E+03   0.92706E-09
   0.12379E+03   0.21957E-07
   0.12381E+03   0.98349E-07
   0.12390E+03   0.50965E-06
   0.12411E+03   0.33918E-08
   0.12415E+03   0.30454E-09
   0.12421E+03   0.39342E-12
   0.12422E+03   0.14860E-06
   0.12426E+03   0.25409E-06
   0.12432E+03   0.32019E-08
   0.12441E+03   0.28728E-07
   0.12446E+03   0.37017E-07
   0.12449E+03   0.14399E-05
   0.12456E+03   0.44227E-08
   0.12462E+03   0.84766E-08
   0.12482E+03   0.28173E-06
   0.12495E+03   0.27705E-07
   0.12503E+03   0.45377E-05
   0.12509E+03   0.93002E-08
   0.12523E+03   0.40189E-08
   0.12531E+03   0.36909E-07
   0.12535E+03   0.32326E-07
   0.12552E+03   0.45245E-08
   0.12553E+03   0.62645E-07
   0.12556E+03   0.18377E-11
   0.12564E+03   0.17238E-07
   0.12570E+03   0.37254E-08
   0.12586E+03   0.39299E-05
   0.12590E+03   0.19842E-07
   0.12593E+03   0.93286E-06
   0.12601E+03   0.58180E-07
   0.12603E+03   0.18907E-06
   0.12613E+03   0.74454E-07
   0.12615E+03   0.21216E-06
   0.12623E+03   0.24689E-05
   0.12631E+03   0.49131E-05
   0.12633E+03   0.39013E-05
   0.12639E+03   0.11795E-05
   0.12645E+03   0.50370E-06
   0.12664E+03   0.92863E-08
   0.12670E+03   0.13975E-05
   0.12680E+03   0.57802E-08
   0.12691E+03   0.76256E-06
   0.12703E+03   0.47454E-08
   0.12708E+03   0.86910E-07
   0.12737E+03   0.78602E-09
   0.12738E+03   0.45680E-07
   0.12744E+03   0.34822E-08
   0.12763E+03   0.12232E-06
   0.12767E+03   0.15643E-06
   0.12768E+03   0.95816E-09
   0.12777E+03   0.16565E-08
   0.12778E+03   0.25276E-10
   0.12781E+03   0.47925E-10
   0.12794E+03   0.21552E-06
   0.12808E+03   0.72804E-08
   0.12817E+03   0.11084E-08
   0.12835E+03   0.53324E-08
   0.12863E+03   0.34694E-06
   0.12875E+03   0.17086E-06
   0.12880E+03   0.41578E-05
   0.12887E+03   0.23993E-08
   0.12890E+03   0.32320E-08
   0.12902E+03   0.13114E-07
   0.12930E+03   0.66767E-09
   0.12956E+03   0.43028E-06
   0.12958E+03   0.95038E-09
   0.12974E+03   0.11718E-07
   0.13013E+03   0.68087E-07
   0.13058E+03   0.81518E-07
   0.13084E+03   0.26965E-07
   0.13096E+03   0.14686E-07
   0.13111E+03   0.16408E-07
   0.13114E+03   0.11399E-06
   0.13123E+03   0.13456E-08
   0.13132E+03   0.12744E-07
   0.13135E+03   0.74171E-07
   0.13142E+03   0.49693E-09
   0.13144E+03   0.11030E-06
   0.13146E+03   0.70262E-07
   0.13161E+03   0.56639E-09
   0.13168E+03   0.70398E-07
   0.13178E+03   0.53255E-08
   0.13199E+03   0.46536E-09
   0.13208E+03   0.37940E-08
   0.13227E+03   0.10664E-07
   0.13253E+03   0.32363E-07
   0.13266E+03   0.63765E-07
   0.13294E+03   0.11351E-05
   0.13300E+03   0.21576E-06
   0.13332E+03   0.58726E-06
   0.13334E+03   0.33908E-07
   0.13349E+03   0.10367E-05
   0.13381E+03   0.34695E-06
   0.13393E+03   0.63810E-08
   0.13401E+03   0.19706E-07
   0.13406E+03   0.40077E-06
   0.13417E+03   0.19264E-05
   0.13431E+03   0.13520E-07
   0.13436E+03   0.59941E-05
   0.13451E+03   0.10461E-05
   0.13462E+03   0.14612E-07
   0.13473E+03   0.16985E-06
   0.13483E+03   0.43121E-08
   0.13495E+03   0.81941E-06
   0.13501E+03   0.39410E-06
   0.13503E+03   0.52450E-06
   0.13507E+03   0.13133E-07
   0.13532E+03   0.40774E-11
   0.13556E+03   0.81409E-10
   0.13568E+03   0.61864E-08
   0.13574E+03   0.14919E-06
   0.13582E+03   0.39167E-06
   0.13585E+03   0.68911E-07
   0.13588E+03   0.27983E-06
   0.13600E+03   0.26521E-07
   0.13604E+03   0.12516E-06
   0.13615E+03   0.31326E-08
   0.13616E+03   0.11526E-08
   0.13625E+03   0.33839E-08
   0.13631E+03   0.34572E-07
   0.13633E+03   0.95694E-07
   0.13637E+03   0.11000E-06
   0.13642E+03   0.63932E-06
   0.13645E+03   0.10471E-07
   0.13665E+03   0.10839E-08
   0.13673E+03   0.15758E-08
   0.13674E+03   0.19723E-08
   0.13695E+03   0.84792E-06
   0.13716E+03   0.21896E-08
   0.13723E+03   0.11410E-06
   0.13729E+03   0.42071E-08
   0.13736E+03   0.18347E-05
   0.13744E+03   0.23379E-06
   0.13747E+03   0.27106E-07
   0.13748E+03   0.97554E-08
   0.13750E+03   0.87584E-08
   0.13762E+03   0.54724E-04
   0.13779E+03   0.19676E-05
   0.13781E+03   0.35739E-06
   0.13783E+03   0.19950E-06
   0.13801E+03   0.69300E-08
   0.13809E+03   0.37732E-08
   0.13819E+03   0.26097E-08
   0.13826E+03   0.83831E-09
   0.13839E+03   0.12242E-07
   0.13853E+03   0.16219E-05
   0.13872E+03   0.60660E-08
   0.13877E+03   0.13204E-06
   0.13880E+03   0.13302E-06
   0.13883E+03   0.52498E-06
   0.13895E+03   0.60574E-07
   0.13900E+03   0.14216E-08
   0.13907E+03   0.70954E-07
   0.13908E+03   0.65574E-08
   0.13913E+03   0.87136E-08
   0.13931E+03   0.52038E-08
   0.13972E+03   0.30795E-09
   0.14008E+03   0.24020E-07
   0.14060E+03   0.39833E-09
   0.14072E+03   0.18128E-07
   0.14096E+03   0.41757E-07
   0.14102E+03   0.15116E-06
   0.14109E+03   0.29857E-07
   0.14124E+03   0.68258E-05
   0.14147E+03   0.20609E-06
   0.14182E+03   0.61908E-07
   0.14233E+03   0.50443E-08
   0.14260E+03   0.41049E-06
   0.14269E+03   0.25876E-08
   0.14271E+03   0.35068E-08
   0.14274E+03   0.17316E-07
   0.14285E+03   0.43506E-06
   0.14297E+03   0.31032E-08
   0.14311E+03   0.84952E-07
   0.14317E+03   0.53373E-07
   0.14336E+03   0.49399E-09
   0.14339E+03   0.87076E-13
   0.14375E+03   0.19353E-08
   0.14380E+03   0.36786E-08
   0.14403E+03   0.18517E-07
   0.14443E+03   0.34379E-07
   0.14450E+03   0.76552E-06
   0.14462E+03   0.30219E-07
   0.14497E+03   0.41553E-09
   0.14560E+03   0.39252E-06
   0.14563E+03   0.13511E-06
   0.14574E+03   0.17187E-08
   0.14577E+03   0.93654E-07
   0.14620E+03   0.84333E-08
   0.14653E+03   0.20130E-06
   0.14659E+03   0.26776E-10
   0.14666E+03   0.18220E-08
   0.14671E+03   0.24671E-05
   0.14677E+03   0.66304E-06
   0.14680E+03   0.30304E-05
   0.14720E+03   0.41841E-06
   0.14745E+03   0.10139E-07
   0.14754E+03   0.23318E-05
   0.14782E+03   0.12712E-05
   0.14789E+03   0.13302E-05
   0.14807E+03   0.51867E-08
   0.14808E+03   0.12492E-08
   0.14818E+03   0.56399E-08
   0.14839E+03   0.10511E-06
   0.14859E+03   0.14191E-06
   0.14861E+03   0.41815E-06
   0.14868E+03   0.73390E-09
   0.14870E+03   0.41349E-09
   0.14909E+03   0.22435E-10
   0.14916E+03   0.15823E-07
   0.14919E+03   0.40665E-08
   0.14940E+03   0.16220E-08
   0.14945E+03   0.66023E-12
   0.14948E+03   0.51738E-07
   0.14950E+03   0.11108E-08
   0.14975E+03   0.39933E-10
   0.14980E+03   0.60294E-07
   0.14987E+03   0.24197E-07
   0.14991E+03   0.10319E-08
   0.14998E+03   0.89310E-09
   0.15006E+03   0.92697E-06
   0.15013E+03   0.42607E-07
   0.15026E+03   0.32485E-05
   0.15031E+03   0.22794E-06
   0.15034E+03   0.10065E-07
   0.15040E+03   0.13199E-07
   0.15048E+03   0.12318E-07
   0.15054E+03   0.17742E-07
   0.15055E+03   0.51527E-06
   0.15060E+03   0.49884E-08
   0.15075E+03   0.51963E-07
   0.15078E+03   0.14194E-07
   0.15079E+03   0.33346E-06
   0.15083E+03   0.72733E-08
   0.15093E+03   0.13848E-09
   0.15113E+03   0.18162E-08
   0.15116E+03   0.41292E-08
   0.15125E+03   0.10690E-06
   0.15136E+03   0.31630E-07
   0.15143E+03   0.44396E-07
   0.15161E+03   0.47499E-09
   0.15169E+03   0.77902E-06
   0.15215E+03   0.16784E-08
   0.15227E+03   0.19787E-08
   0.15246E+03   0.28836E-07
   0.15259E+03   0.16179E-06
   0.15270E+03   0.61270E-08
   0.15316E+03   0.98007E-07
   0.15320E+03   0.21182E-06
   0.15389E+03   0.13971E-12
   0.15414E+03   0.10534E-06
   0.15423E+03   0.34581E-06
   0.15435E+03   0.32944E-08
   0.15463E+03   0.13761E-07
   0.15475E+03   0.13281E-09
   0.15483E+03   0.12672E-06
   0.15490E+03   0.48860E-06
   0.15515E+03   0.72208E-09
   0.15525E+03   0.43598E-07
   0.15544E+03   0.23955E-06
   0.15549E+03   0.88096E-07
   0.15574E+03   0.39631E-06
   0.15575E+03   0.61221E-06
   0.15586E+03   0.15677E-06
   0.15590E+03   0.59772E-08
   0.15623E+03   0.33574E-07
   0.15639E+03   0.14263E-08
   0.15693E+03   0.23677E-10
   0.15706E+03   0.24684E-06
   0.15720E+03   0.60233E-09
   0.15804E+03   0.11636E-06
   0.15811E+03   0.63964E-06
   0.15823E+03   0.10779E-05
   0.15827E+03   0.40119E-06
   0.15843E+03   0.77850E-09
   0.15872E+03   0.78170E-08
   0.15881E+03   0.38887E-06
   0.15905E+03   0.30227E-08
   0.15971E+03   0.61393E-06
   0.15996E+03   0.25492E-05
   0.16021E+03   0.10478E-08
   0.16085E+03   0.40028E-06
   0.16094E+03   0.98101E-09
   0.16112E+03   0.53044E-07
   0.16132E+03   0.80778E-06
   0.16155E+03   0.40961E-07
   0.16160E+03   0.50762E-06
   0.16176E+03   0.58744E-10
   0.16240E+03   0.11316E-07
   0.16257E+03   0.11257E-07
   0.16315E+03   0.20443E-08
   0.16328E+03   0.77960E-08
   0.16349E+03   0.11330E-05
   0.16367E+03   0.83963E-07
   0.16382E+03   0.31432E-06
   0.16456E+03   0.98192E-09
   0.16466E+03   0.11262E-06
   0.16467E+03   0.18743E-06
   0.16522E+03   0.38323E-05
   0.16534E+03   0.97263E-07
   0.16535E+03   0.62494E-06
   0.16575E+03   0.31317E-07
   0.16670E+03   0.13677E-07
   0.16681E+03   0.10147E-07
   0.16842E+03   0.54650E-08
   0.16847E+03   0.15407E-07
   0.16874E+03   0.10003E-07
   0.16890E+03   0.64657E-07
   0.16912E+03   0.85891E-09
   0.16953E+03   0.52460E-08
   0.16955E+03   0.46868E-06
   0.16965E+03   0.43346E-07
   0.16973E+03   0.44849E-07
   0.16983E+03   0.59759E-06
   0.16985E+03   0.50607E-06
   0.17054E+03   0.53089E-07
   0.17057E+03   0.10465E-06
   0.17065E+03   0.35643E-06
   0.17100E+03   0.73887E-09
   0.17140E+03   0.20018E-06
   0.17154E+03   0.14046E-06
   0.17173E+03   0.62310E-09
   0.17203E+03   0.44508E-05
   0.17208E+03   0.69282E-06
   0.17235E+03   0.28855E-08
   0.17264E+03   0.77497E-08
   0.17304E+03   0.11631E-05
   0.17332E+03   0.11393E-07
   0.17394E+03   0.28227E-05
   0.17425E+03   0.55550E-06
   0.17467E+03   0.26743E-05
   0.17500E+03   0.44557E-08
   0.17510E+03   0.16776E-08
   0.17525E+03   0.20038E-08
   0.17593E+03   0.15116E-08
   0.17596E+03   0.38828E-08
   0.17625E+03   0.39318E-07
   0.17664E+03   0.24782E-05
   0.17720E+03   0.63697E-08
   0.17733E+03   0.56005E-07
   0.17774E+03   0.87477E-08
   0.17795E+03   0.25101E-07
   0.17800E+03   0.27084E-06
   0.17952E+03   0.14841E-07
   0.17989E+03   0.17685E-08
   0.18588E+03   0.18776E-06
   0.18601E+03   0.39069E-09
   0.18883E+03   0.99414E-06
   0.19105E+03   0.28402E-05
   0.19247E+03   0.12528E-07
