  -0.40934E+01   0.10050E+00
  -0.38731E+01   0.10605E+01
  -0.26906E+01   0.33725E+00
  -0.21762E+01   0.15023E-01
  -0.18591E+01   0.71099E+00
  -0.86323E+00   0.10691E+01
  -0.19435E+00   0.57659E+00
   0.69717E+00   0.14020E+02
   0.83612E+00   0.41641E-19
   0.87966E+00   0.10046E-19
   0.26572E+01   0.11929E-19
   0.28360E+01   0.41485E-24
   0.30283E+01   0.11136E-21
   0.31443E+01   0.24886E-21
   0.33182E+01   0.17934E-19
   0.37540E+01   0.56948E-20
   0.40993E+01   0.98028E-22
   0.45898E+01   0.10088E-20
   0.49046E+01   0.31311E+01
   0.54967E+01   0.44044E-20
   0.58455E+01   0.30777E-22
   0.60511E+01   0.82164E-19
   0.61305E+01   0.21970E-20
   0.64086E+01   0.29784E-20
   0.65519E+01   0.47039E-20
   0.67575E+01   0.45876E-20
   0.69633E+01   0.69469E-19
   0.73521E+01   0.17281E-21
   0.87277E+01   0.10529E-19
   0.90134E+01   0.90179E-20
   0.91256E+01   0.14300E-21
   0.95313E+01   0.36678E-24
   0.97312E+01   0.36465E-21
   0.99770E+01   0.36993E-21
   0.10476E+02   0.32467E-19
   0.10499E+02   0.10397E-18
   0.10674E+02   0.60171E-16
   0.10701E+02   0.43820E+02
   0.11192E+02   0.58846E-19
   0.11858E+02   0.11803E-20
   0.12278E+02   0.99166E-20
   0.12475E+02   0.81097E-21
   0.12977E+02   0.36382E-03
   0.12989E+02   0.12435E+00
   0.13587E+02   0.15407E-03
   0.13633E+02   0.24576E-20
   0.13798E+02   0.18612E-19
   0.13809E+02   0.71015E-03
   0.13822E+02   0.36382E-06
   0.13922E+02   0.93162E-21
   0.14126E+02   0.65256E-19
   0.14366E+02   0.17875E-23
   0.14511E+02   0.47696E-20
   0.14686E+02   0.10869E-01
   0.14706E+02   0.23668E-04
   0.14809E+02   0.11973E-20
   0.15028E+02   0.59842E-05
   0.15119E+02   0.11768E-23
   0.15732E+02   0.27347E-03
   0.15746E+02   0.17554E-03
   0.16047E+02   0.13660E-20
   0.16138E+02   0.42989E-03
   0.16349E+02   0.55728E-02
   0.16512E+02   0.48171E-03
   0.16851E+02   0.10169E-02
   0.16936E+02   0.98407E-01
   0.17009E+02   0.36527E-01
   0.17131E+02   0.19883E+00
   0.17591E+02   0.18827E-22
   0.17730E+02   0.51058E-03
   0.18121E+02   0.34918E-22
   0.18151E+02   0.12697E-22
   0.18286E+02   0.51269E-02
   0.18460E+02   0.74045E-03
   0.18471E+02   0.78961E-20
   0.18611E+02   0.20156E-20
   0.19079E+02   0.83368E-19
   0.19346E+02   0.13999E-01
   0.19424E+02   0.41920E-03
   0.19617E+02   0.18387E-01
   0.19682E+02   0.59435E-22
   0.19710E+02   0.46232E-22
   0.19807E+02   0.27924E-20
   0.19822E+02   0.15536E-02
   0.19932E+02   0.12443E-02
   0.20036E+02   0.35454E-02
   0.20037E+02   0.44657E-19
   0.20089E+02   0.30270E-02
   0.20352E+02   0.26873E-02
   0.20457E+02   0.15497E-22
   0.20485E+02   0.12326E-21
   0.20545E+02   0.90676E-22
   0.20714E+02   0.34845E-21
   0.20758E+02   0.10231E-23
   0.20939E+02   0.37550E-20
   0.20981E+02   0.22320E-20
   0.21150E+02   0.23377E-01
   0.21311E+02   0.30222E-20
   0.21326E+02   0.20469E-02
   0.21464E+02   0.10950E-04
   0.21550E+02   0.24361E-01
   0.21675E+02   0.42914E-02
   0.21811E+02   0.25884E-01
   0.21873E+02   0.42200E-02
   0.21894E+02   0.20286E-02
   0.21928E+02   0.72121E-02
   0.21986E+02   0.11735E+00
   0.22192E+02   0.47294E-01
   0.22224E+02   0.73357E-21
   0.22362E+02   0.20647E-21
   0.22460E+02   0.35051E-02
   0.22679E+02   0.50794E-04
   0.22933E+02   0.41961E-02
   0.23677E+02   0.62165E-04
   0.23703E+02   0.87867E-02
   0.23800E+02   0.87961E-22
   0.23919E+02   0.16477E-02
   0.24097E+02   0.70243E-02
   0.24462E+02   0.74682E-03
   0.24494E+02   0.46808E-21
   0.24564E+02   0.11932E-21
   0.24623E+02   0.56876E-02
   0.24637E+02   0.86180E-03
   0.24740E+02   0.49847E-23
   0.24893E+02   0.50512E-02
   0.24946E+02   0.42822E-02
   0.25064E+02   0.22082E-02
   0.25070E+02   0.78257E-18
   0.25318E+02   0.36139E-02
   0.25417E+02   0.31660E-21
   0.25522E+02   0.19962E-02
   0.26017E+02   0.10887E-02
   0.26066E+02   0.26654E-22
   0.26205E+02   0.16086E-02
   0.26235E+02   0.29918E-21
   0.26325E+02   0.22078E-03
   0.26409E+02   0.21062E-01
   0.26459E+02   0.59841E-20
   0.26508E+02   0.99158E-23
   0.26576E+02   0.19696E-02
   0.26639E+02   0.40975E-04
   0.26688E+02   0.17064E-20
   0.26809E+02   0.40821E-03
   0.26913E+02   0.63996E-02
   0.26949E+02   0.39534E-03
   0.26959E+02   0.23479E-03
   0.27251E+02   0.37793E-20
   0.27259E+02   0.30774E-02
   0.27271E+02   0.11513E-22
   0.27361E+02   0.39516E-01
   0.27370E+02   0.32447E-21
   0.27461E+02   0.16159E+00
   0.27657E+02   0.26112E-21
   0.27745E+02   0.10613E-21
   0.28030E+02   0.15649E-21
   0.28074E+02   0.38351E-02
   0.28236E+02   0.32609E-22
   0.28550E+02   0.87361E-23
   0.28819E+02   0.79087E-03
   0.28979E+02   0.61869E-03
   0.29268E+02   0.44611E-21
   0.29512E+02   0.55236E-03
   0.29690E+02   0.20642E-22
   0.29728E+02   0.20174E-05
   0.29892E+02   0.23721E-23
   0.29952E+02   0.34029E-26
   0.30202E+02   0.32557E-05
   0.30456E+02   0.81804E-03
   0.30532E+02   0.22390E-04
   0.31017E+02   0.12805E-03
   0.31084E+02   0.19147E-04
   0.31100E+02   0.94675E-03
   0.31174E+02   0.43224E-21
   0.31220E+02   0.13931E-02
   0.31364E+02   0.85505E-02
   0.31474E+02   0.45596E-20
   0.31487E+02   0.13962E-02
   0.31762E+02   0.33039E-03
   0.31770E+02   0.11364E-21
   0.31860E+02   0.12329E-04
   0.32100E+02   0.24093E-02
   0.32123E+02   0.99920E-20
   0.32404E+02   0.98169E-21
   0.32504E+02   0.32388E-02
   0.32521E+02   0.13995E-02
   0.32601E+02   0.19787E-21
   0.32861E+02   0.35238E-02
   0.33268E+02   0.78947E-23
   0.33293E+02   0.23324E-02
   0.33475E+02   0.87708E-22
   0.33535E+02   0.18995E-01
   0.33995E+02   0.60038E-07
   0.34256E+02   0.30302E-02
   0.34307E+02   0.10550E-21
   0.34393E+02   0.11915E-03
   0.34510E+02   0.79781E-03
   0.34529E+02   0.62310E-02
   0.34615E+02   0.28053E-02
   0.34847E+02   0.19525E-03
   0.34985E+02   0.40460E-04
   0.35173E+02   0.40685E-02
   0.35271E+02   0.35413E-23
   0.35344E+02   0.76504E-03
   0.35466E+02   0.41908E-24
   0.35589E+02   0.92609E-26
   0.35837E+02   0.95838E-23
   0.36011E+02   0.63670E-26
   0.36215E+02   0.18004E-22
   0.36298E+02   0.52017E-23
   0.36502E+02   0.24719E-03
   0.36530E+02   0.28461E-22
   0.36853E+02   0.79763E-03
   0.36954E+02   0.40222E-24
   0.37408E+02   0.47629E-21
   0.37686E+02   0.69001E-23
   0.38062E+02   0.23523E-24
   0.38162E+02   0.90493E-25
   0.38502E+02   0.13209E-04
   0.38575E+02   0.20678E-04
   0.38589E+02   0.38115E-07
   0.38633E+02   0.40139E-25
   0.38984E+02   0.33459E-03
   0.39058E+02   0.64595E-02
   0.39116E+02   0.11398E-01
   0.39229E+02   0.63187E-03
   0.39337E+02   0.12018E-01
   0.39476E+02   0.35402E-03
   0.39564E+02   0.33446E-02
   0.39798E+02   0.64308E-04
   0.39969E+02   0.26815E-21
   0.40140E+02   0.19778E-05
   0.40155E+02   0.28739E-03
   0.40363E+02   0.16566E-03
   0.40556E+02   0.57638E-04
   0.40675E+02   0.54545E-20
   0.40838E+02   0.14379E-02
   0.40917E+02   0.19003E-02
   0.40938E+02   0.31762E-02
   0.41084E+02   0.36102E-03
   0.41178E+02   0.29849E-02
   0.41207E+02   0.24565E-04
   0.41260E+02   0.19762E-03
   0.41270E+02   0.25301E-02
   0.41317E+02   0.11452E-18
   0.41356E+02   0.15610E-02
   0.41517E+02   0.16294E-03
   0.41553E+02   0.48306E-04
   0.41980E+02   0.22516E-04
   0.42445E+02   0.13219E-05
   0.42694E+02   0.13286E-03
   0.42872E+02   0.89735E-03
   0.43509E+02   0.39857E-21
   0.43914E+02   0.12217E-22
   0.44053E+02   0.58897E-04
   0.44157E+02   0.15649E-22
   0.44210E+02   0.13295E-03
   0.44235E+02   0.50205E-21
   0.44346E+02   0.73581E-21
   0.44401E+02   0.13112E-02
   0.44692E+02   0.42915E-04
   0.44812E+02   0.12543E-22
   0.44881E+02   0.29156E-03
   0.45006E+02   0.23614E-22
   0.45082E+02   0.20730E-03
   0.45251E+02   0.22978E-22
   0.45253E+02   0.44200E-06
   0.45385E+02   0.11674E-23
   0.45430E+02   0.12688E-23
   0.45452E+02   0.48074E-02
   0.45521E+02   0.83004E-23
   0.45771E+02   0.11924E-23
   0.46029E+02   0.41140E-04
   0.46036E+02   0.32356E-22
   0.46229E+02   0.33546E-24
   0.46376E+02   0.18331E-02
   0.46425E+02   0.10035E-02
   0.46578E+02   0.33042E-25
   0.46772E+02   0.24721E-05
   0.47076E+02   0.18536E-01
   0.47326E+02   0.15873E-03
   0.47678E+02   0.85742E-03
   0.47735E+02   0.21513E-03
   0.47839E+02   0.38890E-03
   0.48048E+02   0.60906E-03
   0.48167E+02   0.29577E-02
   0.48217E+02   0.59788E-02
   0.48320E+02   0.11187E-03
   0.48541E+02   0.10855E-01
   0.48624E+02   0.16767E-02
   0.48861E+02   0.54578E-02
   0.49040E+02   0.19560E-04
   0.49097E+02   0.58602E-03
   0.49369E+02   0.12821E-19
   0.49531E+02   0.42698E-02
   0.49654E+02   0.28622E-04
   0.49787E+02   0.12558E-03
   0.50073E+02   0.87223E-20
   0.50211E+02   0.11882E-03
   0.50434E+02   0.12282E-02
   0.50572E+02   0.11597E-22
   0.50674E+02   0.78366E-03
   0.50862E+02   0.77282E-22
   0.50955E+02   0.82822E-05
   0.51025E+02   0.42196E-03
   0.51381E+02   0.13327E-03
   0.51605E+02   0.58653E-22
   0.51642E+02   0.43700E-02
   0.51855E+02   0.18435E-04
   0.52128E+02   0.77971E-03
   0.52505E+02   0.18394E-03
   0.52704E+02   0.58018E-02
   0.52958E+02   0.35716E-24
   0.53126E+02   0.13157E-03
   0.53201E+02   0.45748E-24
   0.53262E+02   0.57740E-04
   0.53786E+02   0.89365E-04
   0.54496E+02   0.11988E-24
   0.54799E+02   0.69819E-24
   0.55232E+02   0.12091E-23
   0.55321E+02   0.44591E-03
   0.55358E+02   0.64380E-25
   0.55420E+02   0.25354E-23
   0.55610E+02   0.42889E-24
   0.55890E+02   0.36519E-02
   0.55961E+02   0.30178E-22
   0.55969E+02   0.75376E-04
   0.56030E+02   0.99437E-23
   0.56081E+02   0.14208E-02
   0.56115E+02   0.13903E-01
   0.56282E+02   0.10192E-06
   0.56329E+02   0.16102E-03
   0.56374E+02   0.42197E-24
   0.56394E+02   0.61430E-04
   0.56547E+02   0.26534E-23
   0.56720E+02   0.49710E-05
   0.57066E+02   0.22240E-23
   0.57328E+02   0.18541E-03
   0.57490E+02   0.17479E-03
   0.57632E+02   0.47984E-04
   0.57957E+02   0.22902E-02
   0.58003E+02   0.26477E-03
   0.58210E+02   0.10522E-01
   0.58383E+02   0.17110E-03
   0.58517E+02   0.14436E-04
   0.58740E+02   0.47892E-02
   0.58834E+02   0.43971E-02
   0.59102E+02   0.18276E-02
   0.59220E+02   0.50736E-24
   0.59862E+02   0.96153E-22
   0.59988E+02   0.38733E-21
   0.60300E+02   0.15589E-03
   0.60588E+02   0.16929E-02
   0.60657E+02   0.18462E-20
   0.60791E+02   0.48533E-03
   0.60896E+02   0.17465E-02
   0.61050E+02   0.40147E-03
   0.61105E+02   0.15150E-22
   0.61247E+02   0.61872E-03
   0.61574E+02   0.78267E-05
   0.62263E+02   0.12383E-01
   0.63084E+02   0.14302E-23
   0.63324E+02   0.52037E-24
   0.63414E+02   0.14781E-05
   0.63628E+02   0.61758E-04
   0.64000E+02   0.23631E-04
   0.64027E+02   0.90836E-05
   0.64291E+02   0.11297E-05
   0.64625E+02   0.27333E-24
   0.64960E+02   0.25224E-24
   0.65341E+02   0.19210E-03
   0.65397E+02   0.52442E-24
   0.65463E+02   0.63314E-03
   0.65573E+02   0.39721E-04
   0.65652E+02   0.17392E-04
   0.65760E+02   0.32444E-02
   0.65907E+02   0.28375E-05
   0.66007E+02   0.39964E-02
   0.66186E+02   0.39807E-02
   0.66379E+02   0.15136E-03
   0.66392E+02   0.24106E-02
   0.67015E+02   0.22643E-23
   0.67201E+02   0.45249E-04
   0.67299E+02   0.50614E-26
   0.67451E+02   0.30863E-25
   0.67682E+02   0.21948E-25
   0.67750E+02   0.12323E-25
   0.68186E+02   0.10360E-28
   0.68553E+02   0.58349E-23
   0.68704E+02   0.65922E-23
   0.68985E+02   0.38157E-24
   0.69316E+02   0.51075E-21
   0.69371E+02   0.76364E-02
   0.69708E+02   0.67675E-04
   0.69873E+02   0.35574E-04
   0.70001E+02   0.14587E-02
   0.70070E+02   0.39363E-02
   0.70349E+02   0.69879E-03
   0.70549E+02   0.29003E-04
   0.70693E+02   0.78853E-05
   0.70908E+02   0.18641E-05
   0.71176E+02   0.29198E-05
   0.71702E+02   0.28380E-21
   0.71929E+02   0.38674E-03
   0.72247E+02   0.18913E-05
   0.72335E+02   0.21544E-04
   0.72371E+02   0.58039E-21
   0.72720E+02   0.62920E-21
   0.72791E+02   0.13926E-02
   0.73182E+02   0.48557E-04
   0.73472E+02   0.25533E-05
   0.73952E+02   0.12491E-01
   0.74242E+02   0.43056E-23
   0.74476E+02   0.68452E-24
   0.74727E+02   0.40380E-05
   0.74932E+02   0.46920E-04
   0.75094E+02   0.11032E-04
   0.75403E+02   0.78873E-05
   0.75783E+02   0.92963E-24
   0.76122E+02   0.19003E-23
   0.76246E+02   0.27776E-04
   0.76391E+02   0.37834E-06
   0.76461E+02   0.29799E-23
   0.76546E+02   0.10688E-04
   0.76688E+02   0.15683E-02
   0.76740E+02   0.47743E-03
   0.77072E+02   0.42785E-03
   0.77472E+02   0.54305E-02
   0.78072E+02   0.30127E-04
   0.79089E+02   0.75456E-04
   0.79113E+02   0.15345E-19
   0.79464E+02   0.37607E-05
   0.79836E+02   0.21874E-25
   0.79934E+02   0.44893E-29
   0.80126E+02   0.82157E-26
   0.80454E+02   0.73521E-27
   0.80556E+02   0.20061E-25
   0.80684E+02   0.12813E-06
   0.80755E+02   0.80888E-25
   0.80985E+02   0.58579E-26
   0.81264E+02   0.13669E-02
   0.81599E+02   0.23935E-04
   0.81775E+02   0.22666E-02
   0.81815E+02   0.14078E-21
   0.82077E+02   0.74407E-23
   0.82154E+02   0.28048E-05
   0.82414E+02   0.34603E-03
   0.82514E+02   0.74916E-03
   0.82805E+02   0.88975E-04
   0.83447E+02   0.23999E-05
   0.83751E+02   0.14417E-07
   0.84340E+02   0.15909E-03
   0.84486E+02   0.13478E-21
   0.84606E+02   0.10217E-05
   0.84737E+02   0.31808E-04
   0.85007E+02   0.77167E-06
   0.85138E+02   0.36672E-21
   0.85371E+02   0.13631E-22
   0.85425E+02   0.23128E-04
   0.85505E+02   0.19657E-03
   0.85633E+02   0.49380E-03
   0.86478E+02   0.89135E-24
   0.86701E+02   0.15313E-23
   0.86763E+02   0.85420E-02
   0.87369E+02   0.64659E-04
   0.88018E+02   0.27484E-23
   0.88031E+02   0.15681E-04
   0.88315E+02   0.45277E-08
   0.88346E+02   0.16597E-23
   0.88510E+02   0.22398E-04
   0.88629E+02   0.19844E-26
   0.88649E+02   0.93440E-05
   0.88793E+02   0.15000E-03
   0.88954E+02   0.14180E-03
   0.89029E+02   0.31916E-04
   0.89141E+02   0.24426E-04
   0.89831E+02   0.29979E-02
   0.90204E+02   0.30460E-04
   0.90902E+02   0.24086E-22
   0.91612E+02   0.39188E-24
   0.92624E+02   0.75409E-05
   0.93237E+02   0.23461E-03
   0.93385E+02   0.45021E-06
   0.93652E+02   0.18657E-26
   0.93937E+02   0.60975E-27
   0.94286E+02   0.16264E-25
   0.94378E+02   0.23731E-26
   0.94732E+02   0.10559E-03
   0.94825E+02   0.16965E-24
   0.95077E+02   0.73909E-06
   0.95142E+02   0.32433E-23
   0.95315E+02   0.49485E-03
   0.95758E+02   0.47450E-06
   0.96000E+02   0.56067E-04
   0.96124E+02   0.11397E-03
   0.96177E+02   0.38938E-22
   0.96302E+02   0.17030E-04
   0.96307E+02   0.14118E-21
   0.96423E+02   0.28778E-05
   0.96708E+02   0.96614E-06
   0.96759E+02   0.34110E-06
   0.98002E+02   0.86262E-05
   0.98206E+02   0.19824E-05
   0.98348E+02   0.17409E-22
   0.98411E+02   0.17494E-04
   0.98980E+02   0.33468E-22
   0.99145E+02   0.56636E-23
   0.99354E+02   0.30022E-04
   0.99605E+02   0.25277E-03
   0.99819E+02   0.53630E-25
   0.99842E+02   0.47716E-06
   0.10003E+03   0.35171E-24
   0.10074E+03   0.42806E-02
   0.10108E+03   0.92818E-04
   0.10120E+03   0.11327E-03
   0.10135E+03   0.17481E-06
   0.10136E+03   0.10149E-23
   0.10160E+03   0.22771E-04
   0.10167E+03   0.26418E-25
   0.10175E+03   0.13750E-06
   0.10192E+03   0.29327E-24
   0.10209E+03   0.21626E-04
   0.10254E+03   0.82243E-05
   0.10341E+03   0.11290E-02
   0.10361E+03   0.53263E-04
   0.10371E+03   0.18949E-22
   0.10440E+03   0.12150E-24
   0.10565E+03   0.42185E-04
   0.10625E+03   0.25225E-04
   0.10632E+03   0.13583E-04
   0.10721E+03   0.75804E-04
   0.10755E+03   0.14658E-05
   0.10876E+03   0.40403E-04
   0.10914E+03   0.17887E-06
   0.10920E+03   0.12862E-04
   0.11129E+03   0.63326E-04
   0.11181E+03   0.11096E-06
   0.11424E+03   0.64674E-26
   0.11445E+03   0.30096E-26
   0.11521E+03   0.43788E-04
   0.11541E+03   0.18150E-05
   0.11569E+03   0.15570E-03
   0.11579E+03   0.64672E-25
   0.11587E+03   0.21039E-04
   0.11607E+03   0.28164E-25
   0.11622E+03   0.41652E-04
   0.11627E+03   0.11711E-23
   0.11751E+03   0.93076E-23
   0.11824E+03   0.51397E-25
   0.11975E+03   0.53122E-04
   0.12022E+03   0.95015E-06
   0.12040E+03   0.13719E-04
   0.12083E+03   0.44096E-04
   0.12117E+03   0.14565E-06
   0.12237E+03   0.24894E-04
   0.12273E+03   0.11547E-06
   0.12281E+03   0.19982E-04
   0.12431E+03   0.65696E-04
   0.12485E+03   0.23878E-08
   0.13833E+03   0.63581E-04
   0.13896E+03   0.80667E-09
