  -0.28240E+01   0.69573E-07
  -0.14955E+01   0.12338E-01
  -0.11003E+01   0.14294E+01
   0.47492E+00   0.14607E+00
   0.78046E+00   0.47273E+00
   0.15245E+01   0.21794E+01
   0.25732E+01   0.45654E-02
   0.32001E+01   0.64616E+01
   0.37090E+01   0.66736E+01
   0.38125E+01   0.15598E-06
   0.38539E+01   0.58936E-11
   0.42486E+01   0.14996E-05
   0.57984E+01   0.23841E-11
   0.59777E+01   0.33070E-09
   0.61852E+01   0.23826E-12
   0.63752E+01   0.13347E-08
   0.67886E+01   0.22389E-11
   0.71026E+01   0.20107E-13
   0.77127E+01   0.16065E-01
   0.77545E+01   0.19996E-10
   0.81660E+01   0.28999E-01
   0.82743E+01   0.48887E-12
   0.85008E+01   0.25780E-12
   0.87184E+01   0.27435E-02
   0.90224E+01   0.17820E-11
   0.91131E+01   0.24133E-09
   0.92666E+01   0.14403E-08
   0.93628E+01   0.10463E+02
   0.94045E+01   0.11038E-06
   0.97333E+01   0.19025E-09
   0.98113E+01   0.11725E-10
   0.10021E+02   0.99125E-02
   0.10061E+02   0.64763E-02
   0.10455E+02   0.49700E-07
   0.10468E+02   0.11955E+00
   0.10603E+02   0.24669E+00
   0.10642E+02   0.56252E-02
   0.10769E+02   0.12349E-02
   0.10783E+02   0.57637E-09
   0.11760E+02   0.30152E-10
   0.12208E+02   0.29156E+01
   0.12281E+02   0.77723E-09
   0.12339E+02   0.46988E-09
   0.12516E+02   0.80342E-01
   0.12549E+02   0.11638E-09
   0.12698E+02   0.40001E-09
   0.12968E+02   0.32351E+01
   0.13127E+02   0.60674E-01
   0.13147E+02   0.13259E-07
   0.13204E+02   0.60442E+01
   0.13240E+02   0.68858E+01
   0.13328E+02   0.39920E-01
   0.13557E+02   0.50044E-10
   0.13710E+02   0.66853E-09
   0.13764E+02   0.69246E-03
   0.13768E+02   0.29197E-02
   0.13777E+02   0.78399E-03
   0.13849E+02   0.10946E-10
   0.14373E+02   0.63700E-11
   0.14423E+02   0.81017E-02
   0.14432E+02   0.58805E-03
   0.14651E+02   0.11903E-03
   0.14664E+02   0.27717E-04
   0.14680E+02   0.13065E+00
   0.14960E+02   0.39214E-11
   0.15025E+02   0.19165E-01
   0.15460E+02   0.37261E-09
   0.15587E+02   0.29054E-09
   0.15624E+02   0.20119E-05
   0.15636E+02   0.38105E-02
   0.15724E+02   0.13521E-02
   0.15787E+02   0.28988E-03
   0.15813E+02   0.48789E-05
   0.15870E+02   0.85593E-11
   0.15894E+02   0.64253E-03
   0.15914E+02   0.71922E-10
   0.16154E+02   0.66724E-03
   0.16165E+02   0.56988E-10
   0.16397E+02   0.43628E-10
   0.16508E+02   0.37370E-06
   0.16593E+02   0.17184E-02
   0.16689E+02   0.18285E-11
   0.16705E+02   0.68119E-05
   0.16712E+02   0.26863E-06
   0.16730E+02   0.23033E-06
   0.16834E+02   0.13722E-10
   0.16869E+02   0.13569E-10
   0.17059E+02   0.37505E-11
   0.17209E+02   0.16754E-06
   0.17222E+02   0.83153E-11
   0.17476E+02   0.73750E-01
   0.17503E+02   0.16217E-09
   0.17516E+02   0.48087E-05
   0.17632E+02   0.11444E-09
   0.17835E+02   0.39949E-04
   0.17922E+02   0.97073E-10
   0.18094E+02   0.41698E-03
   0.18118E+02   0.14946E-03
   0.18146E+02   0.24314E-09
   0.18417E+02   0.12119E-02
   0.18439E+02   0.88895E-09
   0.18456E+02   0.14747E-02
   0.18495E+02   0.24867E-09
   0.18581E+02   0.56640E-03
   0.18625E+02   0.24375E-08
   0.18717E+02   0.66162E-04
   0.18852E+02   0.12972E+00
   0.19292E+02   0.15908E-10
   0.19327E+02   0.54570E-06
   0.19377E+02   0.67346E-05
   0.19449E+02   0.23421E-03
   0.19737E+02   0.11235E-02
   0.19870E+02   0.12837E-09
   0.19974E+02   0.30710E-01
   0.20128E+02   0.88373E-03
   0.20145E+02   0.10364E-06
   0.20214E+02   0.21901E-01
   0.20396E+02   0.11336E-02
   0.20422E+02   0.17832E-09
   0.20477E+02   0.70379E-05
   0.20499E+02   0.13694E-09
   0.20679E+02   0.16133E-02
   0.20684E+02   0.32381E-07
   0.20992E+02   0.42519E-04
   0.21073E+02   0.67931E-05
   0.21094E+02   0.13264E-09
   0.21123E+02   0.45213E-04
   0.21127E+02   0.31209E-10
   0.21346E+02   0.68082E-05
   0.21449E+02   0.14713E-05
   0.21508E+02   0.37340E-06
   0.21521E+02   0.23708E-02
   0.21593E+02   0.45350E-11
   0.21621E+02   0.12233E-04
   0.21646E+02   0.14538E-02
   0.21735E+02   0.67698E-03
   0.21760E+02   0.15056E-03
   0.21773E+02   0.16113E-03
   0.21791E+02   0.18634E-10
   0.22051E+02   0.39859E-02
   0.22150E+02   0.81337E-06
   0.22337E+02   0.33863E-13
   0.22362E+02   0.74388E-04
   0.22488E+02   0.73356E-05
   0.22499E+02   0.22746E-07
   0.22722E+02   0.23703E-03
   0.22727E+02   0.45780E-11
   0.22906E+02   0.13223E-03
   0.22970E+02   0.11804E-02
   0.23026E+02   0.49498E-11
   0.23060E+02   0.77115E-12
   0.23154E+02   0.49416E-02
   0.23187E+02   0.78420E-12
   0.23220E+02   0.95718E-03
   0.23258E+02   0.26905E-02
   0.23289E+02   0.19807E-04
   0.23428E+02   0.12842E-03
   0.23431E+02   0.80205E-10
   0.23464E+02   0.23716E-03
   0.23561E+02   0.22991E-02
   0.23581E+02   0.52084E-10
   0.23647E+02   0.34482E-02
   0.23657E+02   0.13748E-08
   0.23731E+02   0.12125E-09
   0.23735E+02   0.17729E-02
   0.23759E+02   0.33501E-03
   0.23773E+02   0.96954E-05
   0.23830E+02   0.43921E-08
   0.23837E+02   0.10820E+00
   0.24001E+02   0.62214E-02
   0.24046E+02   0.27082E-04
   0.24054E+02   0.52938E-05
   0.24106E+02   0.13211E-09
   0.24120E+02   0.46448E-03
   0.24223E+02   0.64353E-03
   0.24272E+02   0.54292E-03
   0.24304E+02   0.97830E-12
   0.24313E+02   0.16262E-05
   0.24317E+02   0.29409E-04
   0.24348E+02   0.31733E-03
   0.24384E+02   0.39828E-04
   0.24455E+02   0.68254E-02
   0.24516E+02   0.68796E-03
   0.24542E+02   0.84916E-11
   0.24611E+02   0.23098E-03
   0.24653E+02   0.36371E-07
   0.24709E+02   0.38498E-02
   0.24737E+02   0.20439E-02
   0.24859E+02   0.97660E-04
   0.24878E+02   0.28631E-02
   0.24902E+02   0.39875E-12
   0.24949E+02   0.18619E-01
   0.24956E+02   0.24067E-02
   0.24988E+02   0.42326E-04
   0.25022E+02   0.74365E-03
   0.25038E+02   0.31987E-03
   0.25231E+02   0.72898E-05
   0.25276E+02   0.65662E-04
   0.25302E+02   0.19403E-04
   0.25433E+02   0.66736E-05
   0.25477E+02   0.14229E-04
   0.25506E+02   0.10624E-03
   0.25532E+02   0.11863E-03
   0.25599E+02   0.27725E-10
   0.25701E+02   0.15591E-04
   0.25747E+02   0.73799E-10
   0.25853E+02   0.48354E-04
   0.25898E+02   0.44292E-05
   0.25930E+02   0.29490E-03
   0.25941E+02   0.60093E-05
   0.26025E+02   0.31404E-03
   0.26097E+02   0.18290E-03
   0.26156E+02   0.48477E-06
   0.26313E+02   0.17563E-06
   0.26367E+02   0.46994E-09
   0.26399E+02   0.37755E-05
   0.26515E+02   0.11047E-03
   0.26562E+02   0.34387E-03
   0.26588E+02   0.16276E-02
   0.26621E+02   0.12527E-02
   0.26652E+02   0.30666E-05
   0.26666E+02   0.11758E-03
   0.26691E+02   0.37261E-03
   0.26792E+02   0.11685E-03
   0.26824E+02   0.14583E-03
   0.26966E+02   0.20879E-03
   0.26988E+02   0.77407E-03
   0.27098E+02   0.48282E-02
   0.27173E+02   0.18704E-04
   0.27217E+02   0.55351E-06
   0.27242E+02   0.10017E-11
   0.27248E+02   0.22206E-04
   0.27264E+02   0.94324E-04
   0.27282E+02   0.11047E-04
   0.27396E+02   0.26476E-03
   0.27406E+02   0.11321E-04
   0.27427E+02   0.52320E-05
   0.27562E+02   0.20944E-09
   0.27573E+02   0.18090E-03
   0.27630E+02   0.33571E-02
   0.27688E+02   0.27358E-11
   0.27746E+02   0.23545E-03
   0.27827E+02   0.12237E-09
   0.27913E+02   0.92767E-03
   0.28088E+02   0.72047E-05
   0.28108E+02   0.68501E-02
   0.28121E+02   0.30989E-02
   0.28203E+02   0.23132E-01
   0.28245E+02   0.54467E-10
   0.28342E+02   0.59053E-02
   0.28458E+02   0.66219E-05
   0.28497E+02   0.43915E-11
   0.28568E+02   0.22368E-02
   0.28641E+02   0.82097E-04
   0.28646E+02   0.19596E-05
   0.28664E+02   0.44275E-05
   0.28697E+02   0.48507E-04
   0.28796E+02   0.56112E-04
   0.28863E+02   0.18670E-02
   0.28965E+02   0.16529E-10
   0.29100E+02   0.53377E-02
   0.29297E+02   0.28377E-02
   0.29398E+02   0.42583E-01
   0.29488E+02   0.42478E-12
   0.29495E+02   0.15675E-01
   0.29556E+02   0.29720E-04
   0.29603E+02   0.84474E-10
   0.29660E+02   0.25748E-01
   0.29730E+02   0.22853E-01
   0.29756E+02   0.31069E-10
   0.29803E+02   0.30050E-09
   0.29871E+02   0.29318E-02
   0.29938E+02   0.24833E-02
   0.29973E+02   0.25123E-11
   0.29986E+02   0.41766E-02
   0.30026E+02   0.45608E-03
   0.30061E+02   0.16236E-03
   0.30226E+02   0.28055E-04
   0.30258E+02   0.74291E-04
   0.30320E+02   0.34864E-04
   0.30340E+02   0.15768E-10
   0.30383E+02   0.15268E-04
   0.30400E+02   0.99373E-04
   0.30441E+02   0.13980E-04
   0.30567E+02   0.34896E-04
   0.30591E+02   0.76335E-11
   0.30686E+02   0.70743E-05
   0.30740E+02   0.16458E-04
   0.30843E+02   0.69538E-04
   0.30869E+02   0.12800E-04
   0.30896E+02   0.12632E-10
   0.30921E+02   0.37807E-01
   0.30932E+02   0.17569E-04
   0.30963E+02   0.16719E-10
   0.30984E+02   0.38759E-02
   0.31055E+02   0.23094E-03
   0.31083E+02   0.19112E-04
   0.31132E+02   0.15925E-02
   0.31135E+02   0.14342E-03
   0.31233E+02   0.91090E-05
   0.31270E+02   0.78407E-07
   0.31341E+02   0.13258E-11
   0.31403E+02   0.98906E-06
   0.31443E+02   0.71324E-03
   0.31447E+02   0.72362E-03
   0.31488E+02   0.69002E-03
   0.31492E+02   0.19423E-10
   0.31561E+02   0.63062E-05
   0.31595E+02   0.30280E-04
   0.31726E+02   0.28504E-04
   0.31756E+02   0.51730E-12
   0.31923E+02   0.22252E-04
   0.31949E+02   0.77980E-06
   0.31968E+02   0.17516E-05
   0.32028E+02   0.50701E-04
   0.32041E+02   0.52620E-03
   0.32166E+02   0.41493E-03
   0.32220E+02   0.62883E-03
   0.32265E+02   0.16920E-03
   0.32321E+02   0.55329E-04
   0.32413E+02   0.48555E-05
   0.32495E+02   0.40606E-11
   0.32582E+02   0.26480E-04
   0.32582E+02   0.26874E-08
   0.32591E+02   0.25621E-04
   0.32597E+02   0.38209E-05
   0.32716E+02   0.33888E-04
   0.32743E+02   0.44443E-04
   0.32762E+02   0.15065E-09
   0.32937E+02   0.15879E-02
   0.33025E+02   0.23207E-03
   0.33055E+02   0.10064E-02
   0.33072E+02   0.28173E-10
   0.33234E+02   0.11371E-06
   0.33239E+02   0.31053E-04
   0.33379E+02   0.18861E-10
   0.33591E+02   0.22895E-03
   0.33703E+02   0.96438E-05
   0.33742E+02   0.14243E-06
   0.33840E+02   0.10232E-06
   0.33924E+02   0.17242E-05
   0.34027E+02   0.10058E-13
   0.34070E+02   0.75240E-03
   0.34084E+02   0.71573E-03
   0.34162E+02   0.39917E-06
   0.34355E+02   0.45708E-05
   0.34419E+02   0.19453E-02
   0.34433E+02   0.72870E-03
   0.34599E+02   0.68645E-10
   0.34625E+02   0.46147E-03
   0.34636E+02   0.47887E-04
   0.34643E+02   0.19552E-02
   0.34654E+02   0.16358E-06
   0.34655E+02   0.28047E-03
   0.34697E+02   0.73384E-03
   0.34801E+02   0.25296E-02
   0.34873E+02   0.60039E-12
   0.34930E+02   0.97365E-04
   0.34958E+02   0.28388E-02
   0.35034E+02   0.59167E-10
   0.35131E+02   0.12953E-02
   0.35179E+02   0.76327E-03
   0.35217E+02   0.37884E-04
   0.35314E+02   0.70039E-03
   0.35362E+02   0.73937E-03
   0.35396E+02   0.13524E-03
   0.35431E+02   0.14317E-02
   0.35517E+02   0.63669E-06
   0.35613E+02   0.25355E-05
   0.35635E+02   0.41878E-10
   0.35683E+02   0.21627E-03
   0.35781E+02   0.17315E-04
   0.35781E+02   0.30336E-08
   0.35847E+02   0.37880E-05
   0.35880E+02   0.16908E-03
   0.35920E+02   0.16281E-05
   0.36051E+02   0.29672E-03
   0.36358E+02   0.77183E-05
   0.36392E+02   0.29888E-01
   0.36423E+02   0.33604E-02
   0.36566E+02   0.91385E-04
   0.36649E+02   0.25457E-10
   0.36692E+02   0.27589E-04
   0.36707E+02   0.16481E-03
   0.36773E+02   0.86678E-13
   0.36890E+02   0.32099E-03
   0.36964E+02   0.29896E-03
   0.37000E+02   0.37988E-04
   0.37014E+02   0.87683E-05
   0.37029E+02   0.93165E-07
   0.37039E+02   0.43620E-07
   0.37151E+02   0.12044E-05
   0.37231E+02   0.38602E-09
   0.37268E+02   0.39130E-04
   0.37325E+02   0.27146E-05
   0.37336E+02   0.12378E-05
   0.37337E+02   0.55820E-13
   0.37405E+02   0.36563E-04
   0.37432E+02   0.18245E-12
   0.37458E+02   0.28953E-04
   0.37554E+02   0.66321E-04
   0.37580E+02   0.56403E-05
   0.37607E+02   0.48244E-04
   0.37646E+02   0.33937E-06
   0.37715E+02   0.63319E-05
   0.37829E+02   0.80629E-04
   0.37914E+02   0.22997E-03
   0.38005E+02   0.77532E-05
   0.38018E+02   0.28377E-05
   0.38109E+02   0.44297E-05
   0.38133E+02   0.98044E-04
   0.38204E+02   0.15982E-04
   0.38283E+02   0.24422E-10
   0.38284E+02   0.24216E-04
   0.38411E+02   0.10205E-06
   0.38486E+02   0.25301E-10
   0.38547E+02   0.12262E-04
   0.38589E+02   0.45601E-05
   0.38603E+02   0.46058E-10
   0.38869E+02   0.11832E-04
   0.38894E+02   0.47297E-05
   0.38988E+02   0.95296E-04
   0.39001E+02   0.41003E-09
   0.39119E+02   0.36189E-04
   0.39139E+02   0.21204E-03
   0.39168E+02   0.38589E-09
   0.39190E+02   0.15040E-02
   0.39222E+02   0.85799E-06
   0.39260E+02   0.45515E-02
   0.39313E+02   0.24108E-03
   0.39338E+02   0.89310E-04
   0.39360E+02   0.40799E-10
   0.39413E+02   0.82726E-10
   0.39466E+02   0.50030E-04
   0.39552E+02   0.44416E-04
   0.39574E+02   0.11261E-10
   0.39599E+02   0.24764E-04
   0.39624E+02   0.34963E-02
   0.39649E+02   0.23387E-05
   0.39672E+02   0.10837E-03
   0.39700E+02   0.98148E-13
   0.39707E+02   0.19393E-04
   0.39736E+02   0.11515E-03
   0.39786E+02   0.13310E-02
   0.39854E+02   0.33639E-03
   0.39870E+02   0.51106E-04
   0.39926E+02   0.41074E-03
   0.39939E+02   0.14393E-04
   0.39965E+02   0.12528E-08
   0.40001E+02   0.19129E-03
   0.40013E+02   0.38920E-03
   0.40035E+02   0.40191E-10
   0.40097E+02   0.22210E-05
   0.40109E+02   0.11454E-03
   0.40172E+02   0.17357E-04
   0.40184E+02   0.37293E-03
   0.40191E+02   0.37272E-04
   0.40214E+02   0.22856E-10
   0.40357E+02   0.67147E-06
   0.40369E+02   0.69828E-05
   0.40409E+02   0.18843E-08
   0.40458E+02   0.29249E-02
   0.40527E+02   0.14494E-06
   0.40630E+02   0.10990E-02
   0.40668E+02   0.23098E-04
   0.40733E+02   0.61070E-08
   0.40773E+02   0.65912E-04
   0.40829E+02   0.18264E-06
   0.40869E+02   0.17986E-02
   0.40906E+02   0.25445E-04
   0.40965E+02   0.43412E-04
   0.41028E+02   0.22158E-04
   0.41105E+02   0.77371E-05
   0.41124E+02   0.66947E-10
   0.41127E+02   0.21142E-04
   0.41171E+02   0.16709E-03
   0.41208E+02   0.25999E-03
   0.41247E+02   0.22492E-03
   0.41267E+02   0.12246E-04
   0.41282E+02   0.82155E-05
   0.41338E+02   0.29833E-04
   0.41435E+02   0.79757E-06
   0.41473E+02   0.73702E-03
   0.41484E+02   0.14756E-09
   0.41499E+02   0.17581E-03
   0.41538E+02   0.20053E-04
   0.41553E+02   0.44501E-03
   0.41653E+02   0.28461E-03
   0.41683E+02   0.52783E-03
   0.41784E+02   0.62791E-04
   0.41810E+02   0.47108E-05
   0.41819E+02   0.20735E-08
   0.41820E+02   0.45342E-05
   0.41831E+02   0.97811E-04
   0.41874E+02   0.30278E-05
   0.41942E+02   0.62732E-05
   0.41956E+02   0.41262E-03
   0.41996E+02   0.57760E-06
   0.42042E+02   0.17914E-04
   0.42110E+02   0.97544E-12
   0.42143E+02   0.20287E-04
   0.42163E+02   0.24654E-04
   0.42185E+02   0.25885E-06
   0.42269E+02   0.60002E-04
   0.42277E+02   0.42707E-04
   0.42330E+02   0.20113E-05
   0.42424E+02   0.19049E-06
   0.42459E+02   0.24450E-07
   0.42469E+02   0.26157E-06
   0.42477E+02   0.25489E-09
   0.42487E+02   0.36106E-05
   0.42513E+02   0.18190E-03
   0.42538E+02   0.32105E-04
   0.42609E+02   0.36543E-07
   0.42707E+02   0.12108E-07
   0.42729E+02   0.56419E-06
   0.42832E+02   0.28663E-03
   0.42878E+02   0.38292E-04
   0.43004E+02   0.13629E-04
   0.43020E+02   0.14033E-05
   0.43112E+02   0.73193E-08
   0.43118E+02   0.14387E-02
   0.43138E+02   0.22728E-03
   0.43172E+02   0.10170E-03
   0.43268E+02   0.44173E-04
   0.43341E+02   0.54864E-06
   0.43358E+02   0.32823E-06
   0.43376E+02   0.67207E-06
   0.43386E+02   0.48427E-05
   0.43472E+02   0.13056E-03
   0.43610E+02   0.46115E-04
   0.43666E+02   0.13017E-03
   0.43757E+02   0.38901E-04
   0.43793E+02   0.13388E-06
   0.43890E+02   0.12779E-06
   0.43928E+02   0.23126E-09
   0.43959E+02   0.15815E-05
   0.44019E+02   0.21887E-03
   0.44097E+02   0.13282E-03
   0.44133E+02   0.14200E-03
   0.44175E+02   0.24286E-05
   0.44233E+02   0.11870E-04
   0.44234E+02   0.97170E-05
   0.44237E+02   0.26728E-03
   0.44314E+02   0.17403E-03
   0.44421E+02   0.29548E-02
   0.44430E+02   0.36101E-03
   0.44452E+02   0.17516E-02
   0.44538E+02   0.74507E-03
   0.44555E+02   0.91885E-08
   0.44633E+02   0.29835E-03
   0.44682E+02   0.20541E-04
   0.44723E+02   0.78869E-10
   0.44739E+02   0.49629E-06
   0.44781E+02   0.35985E-06
   0.44782E+02   0.44514E-07
   0.44848E+02   0.50820E-05
   0.44871E+02   0.40704E-05
   0.44920E+02   0.15601E-06
   0.44948E+02   0.82929E-05
   0.45072E+02   0.26777E-05
   0.45133E+02   0.80538E-07
   0.45165E+02   0.48818E-06
   0.45254E+02   0.63993E-04
   0.45280E+02   0.83566E-04
   0.45320E+02   0.12653E-05
   0.45419E+02   0.23244E-03
   0.45449E+02   0.13863E-05
   0.45476E+02   0.27404E-06
   0.45513E+02   0.74997E-05
   0.45833E+02   0.51265E-03
   0.45870E+02   0.32102E-02
   0.45921E+02   0.47883E-03
   0.45972E+02   0.11364E-04
   0.46020E+02   0.93437E-05
   0.46155E+02   0.97613E-06
   0.46192E+02   0.38574E-05
   0.46205E+02   0.76879E-05
   0.46246E+02   0.95896E-07
   0.46330E+02   0.66468E-05
   0.46401E+02   0.60759E-04
   0.46414E+02   0.18212E-04
   0.46496E+02   0.42501E-08
   0.46496E+02   0.14188E-08
   0.46603E+02   0.52836E-06
   0.46612E+02   0.78276E-07
   0.46688E+02   0.55724E-06
   0.46854E+02   0.55177E-03
   0.46883E+02   0.81025E-04
   0.46952E+02   0.34755E-08
   0.46956E+02   0.85212E-04
   0.46996E+02   0.17159E-02
   0.47022E+02   0.49735E-03
   0.47060E+02   0.52134E-04
   0.47091E+02   0.26638E-05
   0.47108E+02   0.99052E-08
   0.47117E+02   0.15308E-04
   0.47228E+02   0.42177E-06
   0.47268E+02   0.14208E-11
   0.47302E+02   0.16080E-06
   0.47302E+02   0.96308E-02
   0.47368E+02   0.34874E-04
   0.47407E+02   0.69520E-03
   0.47468E+02   0.41308E-04
   0.47512E+02   0.10401E-05
   0.47540E+02   0.46357E-03
   0.47562E+02   0.18536E-04
   0.47592E+02   0.33063E-05
   0.47622E+02   0.86790E-12
   0.47630E+02   0.31720E-05
   0.47635E+02   0.35994E-05
   0.47640E+02   0.15054E-05
   0.47722E+02   0.52298E-04
   0.47724E+02   0.21521E-12
   0.47779E+02   0.32573E-04
   0.47966E+02   0.93520E-06
   0.47968E+02   0.93178E-07
   0.47977E+02   0.18053E-03
   0.47989E+02   0.12659E-11
   0.47998E+02   0.19728E-03
   0.48034E+02   0.29693E-05
   0.48157E+02   0.61348E-04
   0.48194E+02   0.26321E-05
   0.48230E+02   0.33659E-04
   0.48260E+02   0.48891E-04
   0.48300E+02   0.69547E-02
   0.48418E+02   0.59660E-06
   0.48435E+02   0.85866E-11
   0.48445E+02   0.77786E-10
   0.48448E+02   0.13067E-02
   0.48488E+02   0.20261E-04
   0.48581E+02   0.17972E-03
   0.48598E+02   0.27733E-04
   0.48608E+02   0.10361E-02
   0.48609E+02   0.16782E-06
   0.48665E+02   0.30593E-04
   0.48726E+02   0.18039E-09
   0.48758E+02   0.25481E-03
   0.48794E+02   0.17755E-05
   0.48846E+02   0.27439E-02
   0.48903E+02   0.59158E-04
   0.48937E+02   0.23708E-04
   0.48967E+02   0.47366E-10
   0.48999E+02   0.67076E-03
   0.49030E+02   0.17463E-04
   0.49059E+02   0.19496E-03
   0.49095E+02   0.10559E-03
   0.49123E+02   0.55824E-06
   0.49149E+02   0.21630E-11
   0.49160E+02   0.13699E-03
   0.49215E+02   0.16924E-04
   0.49259E+02   0.10626E-02
   0.49298E+02   0.13773E-03
   0.49327E+02   0.20796E-03
   0.49371E+02   0.32305E-04
   0.49402E+02   0.27729E-03
   0.49419E+02   0.10480E-09
   0.49428E+02   0.10486E-03
   0.49513E+02   0.53388E-03
   0.49555E+02   0.13596E-02
   0.49612E+02   0.34128E-11
   0.49644E+02   0.26394E-04
   0.49680E+02   0.39384E-09
   0.49765E+02   0.45352E-04
   0.49794E+02   0.30960E-05
   0.49835E+02   0.10416E-04
   0.49853E+02   0.23877E-07
   0.49880E+02   0.77882E-04
   0.49915E+02   0.11825E-05
   0.49950E+02   0.51563E-03
   0.49967E+02   0.56434E-03
   0.50077E+02   0.27938E-04
   0.50087E+02   0.38281E-12
   0.50155E+02   0.10756E-05
   0.50192E+02   0.16877E-04
   0.50219E+02   0.18632E-03
   0.50328E+02   0.30201E-04
   0.50332E+02   0.78348E-04
   0.50357E+02   0.59805E-05
   0.50395E+02   0.10321E-02
   0.50440E+02   0.26830E-05
   0.50476E+02   0.17407E-03
   0.50485E+02   0.21713E-04
   0.50504E+02   0.86467E-07
   0.50545E+02   0.80633E-08
   0.50650E+02   0.47392E-03
   0.50663E+02   0.23525E-04
   0.50675E+02   0.57820E-04
   0.50723E+02   0.56784E-03
   0.50944E+02   0.40310E-04
   0.51064E+02   0.95817E-04
   0.51076E+02   0.59056E-07
   0.51117E+02   0.31192E-05
   0.51137E+02   0.23341E-03
   0.51237E+02   0.81405E-07
   0.51304E+02   0.37652E-05
   0.51402E+02   0.99832E-08
   0.51431E+02   0.22057E-06
   0.51505E+02   0.35972E-07
   0.51593E+02   0.98731E-05
   0.51597E+02   0.65023E-04
   0.51638E+02   0.14231E-05
   0.51699E+02   0.16494E-06
   0.51733E+02   0.58077E-06
   0.51769E+02   0.12974E-04
   0.51809E+02   0.15486E-04
   0.51875E+02   0.22454E-04
   0.51899E+02   0.57359E-08
   0.51970E+02   0.16046E-04
   0.51999E+02   0.75233E-03
   0.52023E+02   0.72942E-05
   0.52067E+02   0.10693E-05
   0.52074E+02   0.10152E-05
   0.52113E+02   0.68890E-05
   0.52202E+02   0.17775E-06
   0.52321E+02   0.12341E-07
   0.52433E+02   0.15539E-06
   0.52484E+02   0.11148E-04
   0.52507E+02   0.15940E-11
   0.52601E+02   0.31884E-03
   0.52639E+02   0.80559E-04
   0.52729E+02   0.50038E-05
   0.52876E+02   0.23569E-04
   0.52891E+02   0.64370E-05
   0.52914E+02   0.25183E-04
   0.52984E+02   0.57664E-05
   0.53008E+02   0.16810E-04
   0.53207E+02   0.52774E-02
   0.53284E+02   0.24196E-05
   0.53341E+02   0.40505E-11
   0.53385E+02   0.34085E-05
   0.53387E+02   0.29066E-06
   0.53387E+02   0.26519E-08
   0.53550E+02   0.90225E-03
   0.53597E+02   0.70100E-04
   0.53658E+02   0.10782E-04
   0.53687E+02   0.73657E-04
   0.53828E+02   0.24049E-04
   0.53911E+02   0.13372E-03
   0.53947E+02   0.90594E-13
   0.54374E+02   0.23639E-04
   0.54421E+02   0.19396E-04
   0.54487E+02   0.12651E-03
   0.54672E+02   0.29044E-03
   0.54690E+02   0.51551E-04
   0.54738E+02   0.33849E-04
   0.54835E+02   0.11672E-03
   0.54876E+02   0.24589E-03
   0.54899E+02   0.18237E-03
   0.54949E+02   0.73990E-11
   0.55048E+02   0.13850E-06
   0.55081E+02   0.40824E-04
   0.55117E+02   0.25040E-04
   0.55150E+02   0.41039E-03
   0.55309E+02   0.16509E-05
   0.55373E+02   0.28948E-04
   0.55423E+02   0.44645E-04
   0.55443E+02   0.11194E-03
   0.55482E+02   0.36683E-06
   0.55502E+02   0.43000E-05
   0.55517E+02   0.12384E-04
   0.55552E+02   0.22662E-04
   0.55578E+02   0.65475E-04
   0.55599E+02   0.75353E-04
   0.55608E+02   0.65688E-04
   0.55637E+02   0.34472E-03
   0.55672E+02   0.52771E-03
   0.55704E+02   0.16863E-02
   0.55711E+02   0.15308E-04
   0.55757E+02   0.14933E-12
   0.55795E+02   0.37008E-06
   0.55822E+02   0.47606E-05
   0.55929E+02   0.60950E-07
   0.56001E+02   0.57212E-05
   0.56010E+02   0.28234E-09
   0.56025E+02   0.22297E-02
   0.56075E+02   0.11514E-03
   0.56085E+02   0.16347E-03
   0.56146E+02   0.51858E-04
   0.56193E+02   0.77784E-03
   0.56276E+02   0.13484E-04
   0.56313E+02   0.50552E-02
   0.56323E+02   0.21162E-12
   0.56379E+02   0.22077E-02
   0.56449E+02   0.90381E-03
   0.56457E+02   0.10741E-05
   0.56474E+02   0.29961E-03
   0.56517E+02   0.47829E-05
   0.56595E+02   0.43152E-05
   0.56645E+02   0.12422E-04
   0.56653E+02   0.63226E-05
   0.56728E+02   0.36395E-05
   0.56773E+02   0.45141E-05
   0.56864E+02   0.15583E-06
   0.56932E+02   0.14820E-03
   0.56980E+02   0.79498E-04
   0.57018E+02   0.12410E-04
   0.57121E+02   0.45255E-04
   0.57161E+02   0.10652E-08
   0.57194E+02   0.92395E-07
   0.57321E+02   0.59956E-04
   0.57332E+02   0.17821E-03
   0.57404E+02   0.95364E-05
   0.57474E+02   0.28754E-05
   0.57542E+02   0.13842E-04
   0.57719E+02   0.85068E-04
   0.57729E+02   0.16933E-04
   0.57755E+02   0.24627E-03
   0.57790E+02   0.30423E-03
   0.57817E+02   0.48877E-03
   0.57833E+02   0.77162E-04
   0.57899E+02   0.85275E-06
   0.57914E+02   0.14090E-10
   0.57956E+02   0.16965E-03
   0.57983E+02   0.67876E-04
   0.58022E+02   0.10839E-03
   0.58116E+02   0.21412E-04
   0.58132E+02   0.18215E-05
   0.58144E+02   0.91650E-04
   0.58176E+02   0.77171E-04
   0.58200E+02   0.77444E-05
   0.58214E+02   0.21004E-04
   0.58255E+02   0.45933E-12
   0.58269E+02   0.20116E-10
   0.58312E+02   0.53678E-05
   0.58345E+02   0.30133E-03
   0.58347E+02   0.71889E-02
   0.58362E+02   0.63064E-10
   0.58375E+02   0.18047E-02
   0.58484E+02   0.13262E-05
   0.58508E+02   0.64718E-09
   0.58513E+02   0.50327E-05
   0.58546E+02   0.27604E-05
   0.58550E+02   0.20866E-03
   0.58579E+02   0.83144E-05
   0.58590E+02   0.19727E-03
   0.58591E+02   0.61856E-12
   0.58605E+02   0.14742E-05
   0.58712E+02   0.13336E-06
   0.58810E+02   0.36250E-05
   0.58907E+02   0.62046E-06
   0.58907E+02   0.45074E-13
   0.58958E+02   0.30189E-08
   0.58963E+02   0.17371E-06
   0.59010E+02   0.41969E-05
   0.59057E+02   0.87038E-03
   0.59068E+02   0.15569E-11
   0.59088E+02   0.26783E-04
   0.59096E+02   0.45406E-04
   0.59120E+02   0.12247E-02
   0.59183E+02   0.11754E-02
   0.59197E+02   0.56796E-06
   0.59291E+02   0.26634E-11
   0.59295E+02   0.33321E-04
   0.59338E+02   0.58668E-07
   0.59393E+02   0.52349E-04
   0.59478E+02   0.48006E-04
   0.59492E+02   0.18348E-03
   0.59574E+02   0.18122E-05
   0.59700E+02   0.39791E-11
   0.59728E+02   0.78232E-04
   0.59740E+02   0.10209E-11
   0.59768E+02   0.15805E-04
   0.59822E+02   0.45975E-04
   0.59902E+02   0.10492E-05
   0.60088E+02   0.40910E-04
   0.60122E+02   0.12587E-05
   0.60417E+02   0.15843E-12
   0.60467E+02   0.10043E-04
   0.60506E+02   0.15486E-05
   0.60748E+02   0.96478E-05
   0.60808E+02   0.22075E-05
   0.60852E+02   0.12505E-05
   0.60951E+02   0.75127E-05
   0.61004E+02   0.10116E-02
   0.61036E+02   0.24960E-04
   0.61093E+02   0.23530E-07
   0.61108E+02   0.52109E-07
   0.61167E+02   0.12138E-04
   0.61259E+02   0.46279E-03
   0.61503E+02   0.68599E-04
   0.61650E+02   0.81469E-05
   0.61694E+02   0.30614E-02
   0.61704E+02   0.35833E-04
   0.61732E+02   0.76386E-04
   0.61818E+02   0.15083E-04
   0.61974E+02   0.13443E-04
   0.62060E+02   0.19063E-03
   0.62247E+02   0.53542E-04
   0.62362E+02   0.16888E-04
   0.62457E+02   0.38031E-04
   0.62562E+02   0.30628E-04
   0.62654E+02   0.17083E-07
   0.62816E+02   0.27359E-03
   0.62873E+02   0.75362E-03
   0.62959E+02   0.18574E-04
   0.63023E+02   0.14438E-08
   0.63044E+02   0.35172E-04
   0.63089E+02   0.19645E-12
   0.63114E+02   0.46413E-05
   0.63125E+02   0.61476E-06
   0.63180E+02   0.13474E-03
   0.63214E+02   0.11206E-03
   0.63285E+02   0.54380E-04
   0.63312E+02   0.30636E-13
   0.63351E+02   0.27843E-05
   0.63435E+02   0.91642E-08
   0.63465E+02   0.11529E-05
   0.63495E+02   0.63239E-05
   0.63712E+02   0.75145E-06
   0.63806E+02   0.90587E-05
   0.63907E+02   0.66963E-12
   0.64031E+02   0.28924E-03
   0.64063E+02   0.92261E-13
   0.64094E+02   0.16132E-02
   0.64149E+02   0.50441E-03
   0.64189E+02   0.30187E-10
   0.64206E+02   0.18513E-05
   0.64277E+02   0.15007E-04
   0.64342E+02   0.31011E-07
   0.64401E+02   0.59869E-07
   0.64461E+02   0.65618E-14
   0.64539E+02   0.14288E-05
   0.64599E+02   0.22128E-05
   0.64619E+02   0.18039E-07
   0.64657E+02   0.84247E-06
   0.64772E+02   0.23344E-05
   0.64817E+02   0.46167E-04
   0.64934E+02   0.16553E-04
   0.64969E+02   0.89901E-05
   0.64987E+02   0.25496E-05
   0.65047E+02   0.73580E-04
   0.65068E+02   0.13355E-04
   0.65084E+02   0.32182E-05
   0.65097E+02   0.44860E-06
   0.65159E+02   0.20301E-04
   0.65167E+02   0.25983E-05
   0.65183E+02   0.83596E-04
   0.65234E+02   0.38028E-06
   0.65254E+02   0.16088E-03
   0.65337E+02   0.13843E-02
   0.65363E+02   0.90240E-05
   0.65389E+02   0.62538E-04
   0.65477E+02   0.80960E-03
   0.65544E+02   0.15186E-03
   0.65609E+02   0.72660E-06
   0.65661E+02   0.28065E-05
   0.65666E+02   0.10076E-04
   0.65806E+02   0.81685E-07
   0.65850E+02   0.36890E-05
   0.65885E+02   0.41880E-04
   0.65975E+02   0.13315E-04
   0.66038E+02   0.52877E-04
   0.66118E+02   0.11580E-04
   0.66132E+02   0.40576E-10
   0.66158E+02   0.67138E-06
   0.66198E+02   0.56111E-04
   0.66269E+02   0.24649E-04
   0.66271E+02   0.47678E-04
   0.66302E+02   0.10862E-05
   0.66308E+02   0.46149E-06
   0.66336E+02   0.24015E-03
   0.66369E+02   0.27472E-02
   0.66393E+02   0.29157E-03
   0.66398E+02   0.27216E-02
   0.66436E+02   0.21756E-02
   0.66450E+02   0.92566E-11
   0.66479E+02   0.16907E-03
   0.66567E+02   0.37827E-04
   0.66663E+02   0.80768E-06
   0.66711E+02   0.13258E-02
   0.66811E+02   0.60414E-04
   0.66876E+02   0.46989E-03
   0.66895E+02   0.31263E-03
   0.66903E+02   0.11449E-03
   0.66939E+02   0.46433E-05
   0.67016E+02   0.27815E-06
   0.67077E+02   0.16036E-06
   0.67121E+02   0.14624E-05
   0.67147E+02   0.12645E-06
   0.67148E+02   0.60179E-06
   0.67155E+02   0.23195E-05
   0.67161E+02   0.36782E-04
   0.67256E+02   0.41842E-04
   0.67273E+02   0.29246E-05
   0.67284E+02   0.20567E-05
   0.67344E+02   0.29006E-04
   0.67452E+02   0.22973E-03
   0.67515E+02   0.47935E-04
   0.67574E+02   0.14168E-06
   0.67635E+02   0.55841E-04
   0.67698E+02   0.58829E-05
   0.67737E+02   0.24864E-04
   0.67753E+02   0.10905E-05
   0.67877E+02   0.15665E-04
   0.67955E+02   0.55733E-06
   0.68049E+02   0.51520E-11
   0.68274E+02   0.14650E-06
   0.68336E+02   0.51977E-06
   0.68417E+02   0.78574E-04
   0.68436E+02   0.26670E-04
   0.68448E+02   0.74418E-13
   0.68524E+02   0.51216E-05
   0.68572E+02   0.10078E-04
   0.68710E+02   0.22969E-04
   0.68729E+02   0.23018E-06
   0.68819E+02   0.12030E-04
   0.68967E+02   0.12237E-12
   0.69027E+02   0.17879E-06
   0.69029E+02   0.96845E-06
   0.69038E+02   0.11569E-06
   0.69053E+02   0.83657E-05
   0.69106E+02   0.42609E-05
   0.69192E+02   0.55464E-08
   0.69193E+02   0.32408E-09
   0.69246E+02   0.25713E-05
   0.69268E+02   0.91430E-05
   0.69355E+02   0.41112E-07
   0.69392E+02   0.15229E-04
   0.69491E+02   0.39864E-02
   0.69508E+02   0.16476E-02
   0.69586E+02   0.48575E-09
   0.69602E+02   0.49429E-06
   0.69638E+02   0.70964E-07
   0.69727E+02   0.92944E-05
   0.69764E+02   0.13177E-04
   0.69837E+02   0.36514E-04
   0.69862E+02   0.40091E-04
   0.69915E+02   0.59446E-05
   0.69983E+02   0.77665E-06
   0.70012E+02   0.10326E-03
   0.70014E+02   0.21098E-12
   0.70136E+02   0.11805E-09
   0.70164E+02   0.96983E-07
   0.70214E+02   0.51960E-06
   0.70228E+02   0.12577E-05
   0.70261E+02   0.82568E-05
   0.70270E+02   0.74486E-13
   0.70276E+02   0.35330E-04
   0.70296E+02   0.54932E-03
   0.70320E+02   0.11767E-06
   0.70341E+02   0.16646E-04
   0.70433E+02   0.20015E-02
   0.70455E+02   0.49404E-08
   0.70455E+02   0.30452E-04
   0.70608E+02   0.18388E-05
   0.70726E+02   0.75680E-04
   0.70744E+02   0.46441E-12
   0.70781E+02   0.26707E-03
   0.70796E+02   0.84738E-04
   0.70832E+02   0.39486E-05
   0.71002E+02   0.41857E-13
   0.71050E+02   0.85819E-05
   0.71055E+02   0.65896E-07
   0.71065E+02   0.88564E-07
   0.71085E+02   0.19839E-03
   0.71091E+02   0.13124E-02
   0.71148E+02   0.13014E-03
   0.71269E+02   0.49644E-06
   0.71326E+02   0.16280E-08
   0.71351E+02   0.14789E-08
   0.71365E+02   0.63517E-04
   0.71373E+02   0.40178E-07
   0.71406E+02   0.67840E-07
   0.71413E+02   0.58089E-07
   0.71468E+02   0.43569E-15
   0.71550E+02   0.26679E-06
   0.71565E+02   0.14621E-04
   0.71573E+02   0.14435E-04
   0.71606E+02   0.26693E-04
   0.71641E+02   0.21730E-04
   0.71665E+02   0.12133E-05
   0.71700E+02   0.80956E-06
   0.71738E+02   0.60335E-04
   0.71774E+02   0.28722E-08
   0.71798E+02   0.53312E-11
   0.71843E+02   0.33094E-05
   0.71869E+02   0.24588E-05
   0.71931E+02   0.94151E-06
   0.72058E+02   0.74150E-06
   0.72087E+02   0.25375E-05
   0.72120E+02   0.96323E-07
   0.72133E+02   0.12639E-06
   0.72192E+02   0.10268E-04
   0.72199E+02   0.24478E-05
   0.72260E+02   0.50478E-04
   0.72274E+02   0.51810E-04
   0.72303E+02   0.39145E-11
   0.72333E+02   0.48413E-04
   0.72374E+02   0.29373E-03
   0.72445E+02   0.13880E-04
   0.72462E+02   0.11898E-04
   0.72494E+02   0.21137E-06
   0.72507E+02   0.13028E-06
   0.72512E+02   0.99802E-06
   0.72523E+02   0.73173E-07
   0.72537E+02   0.22596E-05
   0.72601E+02   0.47210E-06
   0.72698E+02   0.45223E-04
   0.72711E+02   0.36427E-05
   0.72714E+02   0.50321E-04
   0.72715E+02   0.38935E-04
   0.72792E+02   0.19633E-04
   0.72797E+02   0.73949E-04
   0.72800E+02   0.20182E-11
   0.72843E+02   0.17417E-04
   0.72865E+02   0.28039E-06
   0.72962E+02   0.26643E-07
   0.73031E+02   0.18538E-10
   0.73096E+02   0.21069E-07
   0.73205E+02   0.11839E-04
   0.73235E+02   0.18661E-06
   0.73288E+02   0.15620E-07
   0.73342E+02   0.16326E-05
   0.73386E+02   0.31863E-05
   0.73457E+02   0.61061E-05
   0.73516E+02   0.26833E-14
   0.73523E+02   0.15327E-05
   0.73617E+02   0.15283E-03
   0.73634E+02   0.77332E-04
   0.73674E+02   0.44036E-05
   0.73788E+02   0.12017E-04
   0.73805E+02   0.17299E-04
   0.73889E+02   0.19384E-08
   0.74002E+02   0.10693E-04
   0.74039E+02   0.26848E-04
   0.74053E+02   0.18110E-05
   0.74149E+02   0.51470E-06
   0.74193E+02   0.36209E-05
   0.74257E+02   0.63381E-05
   0.74359E+02   0.19840E-05
   0.74389E+02   0.11994E-05
   0.74391E+02   0.23761E-06
   0.74398E+02   0.92344E-07
   0.74497E+02   0.21966E-05
   0.74553E+02   0.47961E-04
   0.74567E+02   0.14656E-06
   0.74591E+02   0.21260E-06
   0.74595E+02   0.65093E-06
   0.74618E+02   0.60147E-05
   0.74655E+02   0.10157E-06
   0.74676E+02   0.55855E-07
   0.74680E+02   0.30558E-05
   0.74761E+02   0.24765E-06
   0.74768E+02   0.48174E-09
   0.74792E+02   0.22312E-08
   0.74813E+02   0.36549E-13
   0.74826E+02   0.45351E-05
   0.74936E+02   0.14858E-04
   0.74976E+02   0.23897E-04
   0.75047E+02   0.28808E-08
   0.75169E+02   0.91048E-05
   0.75178E+02   0.71183E-04
   0.75191E+02   0.46275E-04
   0.75204E+02   0.36568E-05
   0.75248E+02   0.98157E-07
   0.75290E+02   0.13771E-07
   0.75317E+02   0.34744E-06
   0.75334E+02   0.62892E-06
   0.75454E+02   0.15902E-03
   0.75486E+02   0.92574E-05
   0.75527E+02   0.53347E-03
   0.75554E+02   0.62405E-03
   0.75572E+02   0.97634E-05
   0.75623E+02   0.42821E-14
   0.75668E+02   0.11447E-03
   0.75691E+02   0.14138E-05
   0.75702E+02   0.77669E-04
   0.75750E+02   0.31361E-03
   0.75797E+02   0.43888E-04
   0.75833E+02   0.14635E-04
   0.75879E+02   0.50012E-04
   0.75916E+02   0.17374E-02
   0.75931E+02   0.20131E-03
   0.75961E+02   0.30990E-04
   0.75987E+02   0.48978E-03
   0.76053E+02   0.33389E-13
   0.76103E+02   0.46886E-03
   0.76153E+02   0.28314E-04
   0.76208E+02   0.27758E-03
   0.76320E+02   0.20769E-06
   0.76388E+02   0.56419E-05
   0.76401E+02   0.51038E-04
   0.76449E+02   0.55854E-07
   0.76518E+02   0.29027E-04
   0.76597E+02   0.12686E-03
   0.76619E+02   0.41393E-04
   0.76670E+02   0.79483E-04
   0.76754E+02   0.43263E-05
   0.76790E+02   0.21344E-05
   0.76862E+02   0.62516E-07
   0.76916E+02   0.94301E-05
   0.76922E+02   0.35381E-06
   0.76953E+02   0.35542E-06
   0.77006E+02   0.51472E-06
   0.77095E+02   0.40574E-05
   0.77243E+02   0.10974E-02
   0.77293E+02   0.12906E-04
   0.77300E+02   0.85891E-11
   0.77354E+02   0.12343E-05
   0.77360E+02   0.19853E-07
   0.77362E+02   0.92129E-07
   0.77378E+02   0.47151E-04
   0.77432E+02   0.32205E-04
   0.77470E+02   0.59802E-04
   0.77541E+02   0.93407E-04
   0.77603E+02   0.65313E-03
   0.77619E+02   0.61227E-11
   0.77642E+02   0.16330E-03
   0.77657E+02   0.68684E-04
   0.77708E+02   0.44618E-02
   0.77721E+02   0.37510E-03
   0.77738E+02   0.70914E-03
   0.77751E+02   0.28340E-04
   0.77758E+02   0.71550E-04
   0.77775E+02   0.96659E-05
   0.77824E+02   0.76465E-06
   0.77913E+02   0.18009E-04
   0.77954E+02   0.19106E-05
   0.78031E+02   0.52294E-05
   0.78076E+02   0.13403E-03
   0.78128E+02   0.57093E-04
   0.78158E+02   0.28172E-05
   0.78168E+02   0.95642E-07
   0.78179E+02   0.46916E-04
   0.78213E+02   0.26914E-05
   0.78325E+02   0.14885E-06
   0.78360E+02   0.13918E-05
   0.78383E+02   0.81025E-06
   0.78416E+02   0.20454E-04
   0.78458E+02   0.18207E-04
   0.78485E+02   0.33836E-04
   0.78505E+02   0.10657E-04
   0.78629E+02   0.16258E-03
   0.78673E+02   0.35613E-04
   0.78678E+02   0.15646E-04
   0.78754E+02   0.40676E-04
   0.78815E+02   0.27675E-04
   0.78824E+02   0.41647E-04
   0.78842E+02   0.19425E-05
   0.78881E+02   0.70349E-05
   0.78944E+02   0.20635E-05
   0.78982E+02   0.49269E-05
   0.78997E+02   0.61040E-07
   0.79061E+02   0.10334E-06
   0.79109E+02   0.40681E-05
   0.79208E+02   0.10037E-07
   0.79217E+02   0.46787E-07
   0.79218E+02   0.53778E-12
   0.79343E+02   0.90007E-05
   0.79421E+02   0.25021E-06
   0.79447E+02   0.17243E-05
   0.79614E+02   0.84611E-06
   0.79615E+02   0.26356E-04
   0.79626E+02   0.10980E-11
   0.79647E+02   0.21660E-05
   0.79755E+02   0.30481E-05
   0.79788E+02   0.29722E-05
   0.79802E+02   0.23685E-04
   0.79810E+02   0.12934E-06
   0.79819E+02   0.48532E-04
   0.79891E+02   0.38304E-05
   0.79930E+02   0.19163E-05
   0.80050E+02   0.79022E-13
   0.80101E+02   0.25673E-05
   0.80176E+02   0.27415E-05
   0.80205E+02   0.73092E-06
   0.80266E+02   0.62206E-05
   0.80280E+02   0.88509E-06
   0.80325E+02   0.15176E-04
   0.80425E+02   0.69606E-05
   0.80485E+02   0.81955E-05
   0.80532E+02   0.35880E-05
   0.80553E+02   0.58872E-05
   0.80593E+02   0.35245E-05
   0.80640E+02   0.54109E-06
   0.80656E+02   0.15045E-04
   0.80720E+02   0.96382E-04
   0.80747E+02   0.35062E-07
   0.80809E+02   0.10991E-04
   0.80947E+02   0.10107E-05
   0.80979E+02   0.34077E-06
   0.80992E+02   0.38724E-05
   0.81090E+02   0.94761E-05
   0.81124E+02   0.30460E-07
   0.81172E+02   0.75890E-07
   0.81256E+02   0.10737E-09
   0.81348E+02   0.19333E-06
   0.81394E+02   0.39792E-08
   0.81428E+02   0.33541E-08
   0.81635E+02   0.48948E-06
   0.81698E+02   0.44817E-04
   0.81734E+02   0.33139E-02
   0.81795E+02   0.15950E-04
   0.81812E+02   0.11801E-05
   0.81899E+02   0.80741E-04
   0.81961E+02   0.19692E-05
   0.82022E+02   0.15182E-05
   0.82058E+02   0.11804E-04
   0.82077E+02   0.10444E-05
   0.82175E+02   0.16022E-04
   0.82185E+02   0.31565E-04
   0.82236E+02   0.79643E-05
   0.82262E+02   0.51714E-06
   0.82279E+02   0.66848E-05
   0.82296E+02   0.13051E-05
   0.82303E+02   0.10885E-05
   0.82310E+02   0.30499E-05
   0.82345E+02   0.50882E-05
   0.82378E+02   0.59057E-06
   0.82388E+02   0.89513E-06
   0.82449E+02   0.86356E-08
   0.82481E+02   0.29548E-05
   0.82530E+02   0.52201E-05
   0.82575E+02   0.13734E-05
   0.82651E+02   0.51698E-05
   0.82664E+02   0.13566E-07
   0.82668E+02   0.11404E-04
   0.82686E+02   0.12537E-03
   0.82704E+02   0.33943E-04
   0.82708E+02   0.28968E-05
   0.82777E+02   0.17295E-04
   0.82795E+02   0.14746E-03
   0.82810E+02   0.28929E-04
   0.82824E+02   0.12107E-15
   0.82859E+02   0.35555E-03
   0.82903E+02   0.97043E-06
   0.82926E+02   0.86077E-06
   0.82936E+02   0.60656E-05
   0.82948E+02   0.10179E-04
   0.82982E+02   0.77587E-05
   0.83002E+02   0.72956E-06
   0.83036E+02   0.26172E-14
   0.83055E+02   0.13413E-04
   0.83081E+02   0.32720E-04
   0.83128E+02   0.17805E-04
   0.83138E+02   0.41274E-05
   0.83171E+02   0.57017E-14
   0.83173E+02   0.14890E-05
   0.83183E+02   0.41965E-05
   0.83241E+02   0.90983E-07
   0.83311E+02   0.61368E-05
   0.83323E+02   0.12263E-04
   0.83370E+02   0.32890E-06
   0.83389E+02   0.10042E-04
   0.83436E+02   0.32906E-06
   0.83470E+02   0.24600E-05
   0.83502E+02   0.10217E-06
   0.83542E+02   0.86519E-10
   0.83652E+02   0.12483E-13
   0.83681E+02   0.10110E-06
   0.83740E+02   0.36064E-15
   0.83824E+02   0.96172E-07
   0.83830E+02   0.14126E-14
   0.84048E+02   0.66282E-15
   0.84060E+02   0.19567E-08
   0.84136E+02   0.10964E-05
   0.84154E+02   0.45314E-06
   0.84202E+02   0.71682E-09
   0.84234E+02   0.34260E-08
   0.84301E+02   0.16009E-10
   0.84335E+02   0.35799E-16
   0.84373E+02   0.52364E-06
   0.84506E+02   0.84436E-06
   0.84632E+02   0.11364E-04
   0.84641E+02   0.16777E-04
   0.84667E+02   0.34671E-05
   0.84717E+02   0.77260E-05
   0.84773E+02   0.20748E-05
   0.84824E+02   0.28166E-06
   0.84919E+02   0.15503E-07
   0.84947E+02   0.11542E-05
   0.84961E+02   0.24975E-06
   0.85011E+02   0.57616E-07
   0.85035E+02   0.14952E-04
   0.85042E+02   0.10184E-14
   0.85049E+02   0.27154E-06
   0.85102E+02   0.32068E-09
   0.85134E+02   0.31980E-04
   0.85257E+02   0.21175E-10
   0.85300E+02   0.20205E-06
   0.85324E+02   0.15350E-08
   0.85376E+02   0.28843E-15
   0.85385E+02   0.62979E-08
   0.85441E+02   0.16423E-08
   0.85457E+02   0.15315E-04
   0.85543E+02   0.53978E-05
   0.85568E+02   0.17952E-05
   0.85603E+02   0.12421E-06
   0.85680E+02   0.26304E-04
   0.85785E+02   0.68065E-04
   0.85883E+02   0.24170E-04
   0.85895E+02   0.32804E-04
   0.85927E+02   0.71099E-04
   0.86100E+02   0.11695E-07
   0.86137E+02   0.53076E-06
   0.86215E+02   0.37704E-05
   0.86229E+02   0.17431E-06
   0.86285E+02   0.22043E-06
   0.86315E+02   0.12811E-07
   0.86354E+02   0.17893E-05
   0.86373E+02   0.67901E-06
   0.86499E+02   0.88963E-07
   0.86523E+02   0.20196E-09
   0.86534E+02   0.48697E-07
   0.86692E+02   0.24991E-05
   0.86853E+02   0.61081E-07
   0.86916E+02   0.90677E-05
   0.87040E+02   0.21303E-05
   0.87331E+02   0.97097E-05
   0.87389E+02   0.10952E-03
   0.87505E+02   0.18353E-04
   0.87545E+02   0.10768E-05
   0.87597E+02   0.21857E-14
   0.87623E+02   0.39484E-08
   0.87648E+02   0.15132E-07
   0.87738E+02   0.52490E-05
   0.87744E+02   0.20162E-04
   0.87812E+02   0.12442E-05
   0.87944E+02   0.30860E-06
   0.87950E+02   0.13530E-05
   0.87958E+02   0.25491E-06
   0.87981E+02   0.35625E-04
   0.88084E+02   0.34032E-03
   0.88164E+02   0.41462E-07
   0.88265E+02   0.58904E-05
   0.88305E+02   0.12127E-05
   0.88327E+02   0.68458E-06
   0.88397E+02   0.54157E-13
   0.88450E+02   0.56499E-05
   0.88563E+02   0.20281E-04
   0.88620E+02   0.64445E-03
   0.88648E+02   0.17554E-02
   0.88680E+02   0.44325E-03
   0.88714E+02   0.11883E-12
   0.88790E+02   0.33657E-04
   0.88827E+02   0.25599E-07
   0.88866E+02   0.73440E-05
   0.88887E+02   0.43033E-07
   0.88947E+02   0.71185E-06
   0.88981E+02   0.24504E-04
   0.89054E+02   0.10405E-03
   0.89108E+02   0.16728E-05
   0.89138E+02   0.68273E-05
   0.89175E+02   0.96693E-08
   0.89184E+02   0.15978E-07
   0.89266E+02   0.30420E-05
   0.89304E+02   0.73281E-05
   0.89476E+02   0.59410E-05
   0.89492E+02   0.59683E-04
   0.89542E+02   0.20965E-11
   0.89545E+02   0.24687E-05
   0.89598E+02   0.30352E-04
   0.89617E+02   0.30448E-04
   0.89656E+02   0.13830E-04
   0.89667E+02   0.37432E-05
   0.89857E+02   0.17356E-11
   0.89893E+02   0.14454E-03
   0.89917E+02   0.70188E-04
   0.89995E+02   0.34947E-04
   0.90008E+02   0.39652E-02
   0.90075E+02   0.59894E-06
   0.90110E+02   0.14305E-03
   0.90321E+02   0.12133E-04
   0.90355E+02   0.49192E-05
   0.90382E+02   0.34859E-04
   0.90419E+02   0.24895E-05
   0.90485E+02   0.40617E-04
   0.90533E+02   0.12862E-05
   0.90578E+02   0.29285E-07
   0.90625E+02   0.89943E-06
   0.90638E+02   0.33682E-06
   0.90639E+02   0.16697E-05
   0.90760E+02   0.21384E-06
   0.90802E+02   0.62177E-06
   0.90807E+02   0.80780E-05
   0.90816E+02   0.38710E-07
   0.90967E+02   0.44867E-05
   0.90991E+02   0.74359E-05
   0.91030E+02   0.24076E-04
   0.91052E+02   0.10522E-05
   0.91069E+02   0.34180E-06
   0.91136E+02   0.29209E-06
   0.91158E+02   0.24384E-04
   0.91183E+02   0.48374E-05
   0.91186E+02   0.16545E-04
   0.91342E+02   0.42171E-05
   0.91358E+02   0.13451E-06
   0.91433E+02   0.99382E-07
   0.91460E+02   0.18547E-13
   0.91481E+02   0.51541E-06
   0.91508E+02   0.71783E-06
   0.91702E+02   0.83709E-06
   0.91743E+02   0.51899E-04
   0.91851E+02   0.37156E-06
   0.91864E+02   0.22614E-12
   0.91880E+02   0.79006E-05
   0.91909E+02   0.47047E-05
   0.91913E+02   0.13570E-05
   0.91972E+02   0.63168E-05
   0.92004E+02   0.85282E-05
   0.92099E+02   0.31559E-06
   0.92129E+02   0.90877E-05
   0.92223E+02   0.29091E-14
   0.92234E+02   0.45387E-05
   0.92324E+02   0.62737E-07
   0.92379E+02   0.10212E-08
   0.92424E+02   0.73922E-06
   0.92455E+02   0.61968E-06
   0.92486E+02   0.47790E-06
   0.92500E+02   0.57977E-07
   0.92554E+02   0.14423E-08
   0.92621E+02   0.24524E-05
   0.92731E+02   0.89322E-06
   0.92746E+02   0.19353E-04
   0.92774E+02   0.27375E-06
   0.92789E+02   0.23933E-05
   0.92850E+02   0.12352E-04
   0.92901E+02   0.29480E-05
   0.92953E+02   0.32159E-04
   0.92963E+02   0.18416E-05
   0.92995E+02   0.53649E-05
   0.92998E+02   0.94348E-06
   0.93031E+02   0.26470E-06
   0.93045E+02   0.21698E-04
   0.93096E+02   0.11299E-05
   0.93118E+02   0.99113E-06
   0.93138E+02   0.43479E-04
   0.93221E+02   0.10155E-04
   0.93262E+02   0.34435E-04
   0.93300E+02   0.19279E-04
   0.93346E+02   0.29337E-06
   0.93400E+02   0.10767E-05
   0.93437E+02   0.31558E-06
   0.93475E+02   0.86648E-05
   0.93490E+02   0.92976E-07
   0.93510E+02   0.48355E-06
   0.93539E+02   0.39595E-06
   0.93563E+02   0.13193E-05
   0.93572E+02   0.41322E-07
   0.93629E+02   0.33499E-07
   0.93640E+02   0.18936E-05
   0.93675E+02   0.51712E-09
   0.93684E+02   0.23178E-04
   0.93697E+02   0.65479E-06
   0.93732E+02   0.46360E-03
   0.93764E+02   0.24243E-04
   0.93785E+02   0.16381E-04
   0.93821E+02   0.20941E-04
   0.93850E+02   0.39106E-06
   0.93887E+02   0.64339E-05
   0.93921E+02   0.27217E-04
   0.93950E+02   0.19457E-06
   0.93980E+02   0.30793E-04
   0.94021E+02   0.43733E-05
   0.94033E+02   0.34530E-04
   0.94093E+02   0.14205E-06
   0.94146E+02   0.14606E-07
   0.94162E+02   0.28452E-06
   0.94203E+02   0.73574E-05
   0.94232E+02   0.35482E-05
   0.94298E+02   0.96325E-05
   0.94386E+02   0.22912E-04
   0.94461E+02   0.11026E-07
   0.94491E+02   0.29662E-06
   0.94547E+02   0.27503E-06
   0.94550E+02   0.25930E-08
   0.94558E+02   0.37123E-05
   0.94582E+02   0.68924E-04
   0.94729E+02   0.19240E-06
   0.94776E+02   0.40938E-06
   0.94791E+02   0.57146E-07
   0.94801E+02   0.11282E-07
   0.94882E+02   0.19333E-05
   0.94894E+02   0.35056E-05
   0.94927E+02   0.43090E-05
   0.94945E+02   0.49771E-06
   0.94997E+02   0.33984E-05
   0.95003E+02   0.60458E-04
   0.95008E+02   0.92111E-05
   0.95018E+02   0.19442E-12
   0.95048E+02   0.59543E-05
   0.95143E+02   0.96835E-06
   0.95195E+02   0.24476E-07
   0.95229E+02   0.14716E-08
   0.95330E+02   0.34627E-03
   0.95384E+02   0.42210E-08
   0.95448E+02   0.25507E-06
   0.95561E+02   0.35310E-07
   0.95583E+02   0.16903E-07
   0.95635E+02   0.17279E-08
   0.95664E+02   0.33258E-07
   0.95667E+02   0.20243E-06
   0.95701E+02   0.44046E-06
   0.95738E+02   0.74595E-08
   0.95802E+02   0.20136E-16
   0.95820E+02   0.35878E-06
   0.95831E+02   0.18401E-08
   0.95837E+02   0.56810E-06
   0.95878E+02   0.19741E-05
   0.96065E+02   0.34231E-05
   0.96084E+02   0.95370E-06
   0.96121E+02   0.13399E-04
   0.96159E+02   0.32159E-04
   0.96208E+02   0.61808E-04
   0.96255E+02   0.36335E-05
   0.96300E+02   0.86573E-06
   0.96314E+02   0.26543E-07
   0.96320E+02   0.42959E-07
   0.96359E+02   0.27062E-06
   0.96388E+02   0.49089E-04
   0.96426E+02   0.31092E-05
   0.96431E+02   0.96631E-06
   0.96446E+02   0.19415E-05
   0.96521E+02   0.71099E-07
   0.96563E+02   0.11026E-07
   0.96571E+02   0.73554E-07
   0.96577E+02   0.24347E-06
   0.96657E+02   0.32939E-18
   0.96670E+02   0.35917E-06
   0.96703E+02   0.11382E-05
   0.96720E+02   0.22044E-07
   0.96748E+02   0.19843E-04
   0.96766E+02   0.11605E-04
   0.96774E+02   0.24929E-07
   0.96806E+02   0.12925E-08
   0.96859E+02   0.26238E-05
   0.96895E+02   0.33962E-05
   0.96901E+02   0.99762E-15
   0.97009E+02   0.21550E-08
   0.97023E+02   0.41639E-07
   0.97041E+02   0.19028E-08
   0.97057E+02   0.37037E-07
   0.97061E+02   0.26055E-07
   0.97068E+02   0.78815E-07
   0.97095E+02   0.20071E-08
   0.97119E+02   0.51708E-06
   0.97171E+02   0.69540E-10
   0.97199E+02   0.20058E-06
   0.97230E+02   0.35306E-09
   0.97248E+02   0.15506E-08
   0.97332E+02   0.78453E-07
   0.97342E+02   0.13322E-06
   0.97347E+02   0.92387E-14
   0.97373E+02   0.48679E-06
   0.97400E+02   0.19307E-06
   0.97527E+02   0.63079E-05
   0.97634E+02   0.56006E-14
   0.97698E+02   0.23562E-04
   0.97796E+02   0.31945E-05
   0.97859E+02   0.13549E-06
   0.97929E+02   0.29414E-06
   0.97984E+02   0.11195E-07
   0.98027E+02   0.73377E-06
   0.98072E+02   0.19247E-05
   0.98102E+02   0.13516E-07
   0.98112E+02   0.12962E-13
   0.98130E+02   0.93996E-05
   0.98157E+02   0.56133E-12
   0.98241E+02   0.17754E-08
   0.98262E+02   0.57165E-07
   0.98271E+02   0.11352E-06
   0.98297E+02   0.15837E-05
   0.98353E+02   0.39223E-05
   0.98441E+02   0.13451E-05
   0.98562E+02   0.20507E-06
   0.98571E+02   0.70981E-05
   0.98741E+02   0.92283E-05
   0.98926E+02   0.94599E-04
   0.99065E+02   0.28635E-04
   0.99107E+02   0.31166E-05
   0.99137E+02   0.14580E-06
   0.99155E+02   0.18826E-04
   0.99180E+02   0.22509E-06
   0.99300E+02   0.84227E-07
   0.99312E+02   0.11963E-03
   0.99403E+02   0.54008E-12
   0.99457E+02   0.36328E-05
   0.99485E+02   0.26750E-04
   0.99584E+02   0.63879E-07
   0.99597E+02   0.14568E-06
   0.99604E+02   0.12151E-14
   0.99619E+02   0.14551E-06
   0.99643E+02   0.19741E-06
   0.99699E+02   0.51948E-07
   0.99748E+02   0.12227E-06
   0.99907E+02   0.80875E-08
   0.99983E+02   0.13252E-07
   0.10001E+03   0.93819E-07
   0.10002E+03   0.26529E-04
   0.10004E+03   0.48129E-07
   0.10014E+03   0.20785E-08
   0.10015E+03   0.66027E-10
   0.10025E+03   0.21446E-06
   0.10041E+03   0.58674E-05
   0.10050E+03   0.23073E-06
   0.10054E+03   0.17768E-06
   0.10057E+03   0.28582E-06
   0.10058E+03   0.32889E-10
   0.10061E+03   0.11771E-06
   0.10063E+03   0.92679E-07
   0.10067E+03   0.14555E-05
   0.10069E+03   0.25503E-04
   0.10069E+03   0.22737E-05
   0.10080E+03   0.43805E-05
   0.10082E+03   0.15825E-05
   0.10086E+03   0.20215E-06
   0.10088E+03   0.17024E-07
   0.10096E+03   0.38673E-06
   0.10097E+03   0.42458E-05
   0.10108E+03   0.38977E-06
   0.10109E+03   0.10291E-04
   0.10114E+03   0.59720E-09
   0.10115E+03   0.20318E-08
   0.10118E+03   0.74325E-07
   0.10119E+03   0.50684E-06
   0.10121E+03   0.23821E-07
   0.10124E+03   0.10189E-04
   0.10128E+03   0.76369E-05
   0.10131E+03   0.21686E-04
   0.10134E+03   0.62021E-05
   0.10142E+03   0.16578E-04
   0.10145E+03   0.99953E-05
   0.10146E+03   0.25192E-13
   0.10147E+03   0.31567E-05
   0.10149E+03   0.50409E-07
   0.10152E+03   0.40867E-04
   0.10159E+03   0.29882E-04
   0.10160E+03   0.86305E-05
   0.10163E+03   0.57571E-07
   0.10174E+03   0.10556E-05
   0.10178E+03   0.36566E-09
   0.10179E+03   0.11493E-06
   0.10180E+03   0.11285E-06
   0.10185E+03   0.13367E-05
   0.10185E+03   0.30052E-09
   0.10194E+03   0.35524E-06
   0.10198E+03   0.86793E-06
   0.10202E+03   0.58535E-07
   0.10209E+03   0.18877E-06
   0.10213E+03   0.64209E-05
   0.10219E+03   0.36833E-06
   0.10223E+03   0.22940E-06
   0.10225E+03   0.63545E-14
   0.10233E+03   0.25129E-04
   0.10238E+03   0.17435E-04
   0.10241E+03   0.11067E-04
   0.10244E+03   0.16638E-05
   0.10247E+03   0.23246E-03
   0.10249E+03   0.41990E-13
   0.10252E+03   0.57647E-05
   0.10257E+03   0.39706E-04
   0.10259E+03   0.53648E-04
   0.10263E+03   0.22883E-03
   0.10264E+03   0.91553E-03
   0.10272E+03   0.19763E-08
   0.10274E+03   0.18482E-04
   0.10277E+03   0.75321E-05
   0.10278E+03   0.70567E-05
   0.10285E+03   0.14729E-05
   0.10286E+03   0.16449E-04
   0.10287E+03   0.40818E-05
   0.10288E+03   0.12556E-11
   0.10290E+03   0.22693E-04
   0.10293E+03   0.70968E-05
   0.10298E+03   0.76204E-07
   0.10313E+03   0.82567E-06
   0.10316E+03   0.56814E-05
   0.10319E+03   0.53367E-12
   0.10326E+03   0.32192E-05
   0.10332E+03   0.10363E-04
   0.10336E+03   0.95376E-07
   0.10340E+03   0.34280E-07
   0.10350E+03   0.79443E-07
   0.10353E+03   0.22113E-02
   0.10363E+03   0.64866E-05
   0.10377E+03   0.64741E-04
   0.10382E+03   0.60675E-04
   0.10386E+03   0.86063E-05
   0.10392E+03   0.49649E-05
   0.10395E+03   0.34280E-06
   0.10405E+03   0.42521E-05
   0.10414E+03   0.71583E-06
   0.10417E+03   0.28744E-07
   0.10421E+03   0.21196E-05
   0.10426E+03   0.16645E-06
   0.10435E+03   0.67698E-07
   0.10449E+03   0.15061E-07
   0.10455E+03   0.88904E-07
   0.10476E+03   0.71570E-07
   0.10477E+03   0.88675E-07
   0.10480E+03   0.33627E-15
   0.10484E+03   0.21067E-08
   0.10487E+03   0.12745E-05
   0.10494E+03   0.10693E-05
   0.10495E+03   0.41444E-06
   0.10498E+03   0.33036E-06
   0.10502E+03   0.34057E-06
   0.10503E+03   0.91518E-08
   0.10505E+03   0.10084E-07
   0.10508E+03   0.22877E-06
   0.10511E+03   0.10169E-06
   0.10514E+03   0.13308E-07
   0.10517E+03   0.34605E-08
   0.10519E+03   0.28411E-18
   0.10521E+03   0.23368E-07
   0.10525E+03   0.92887E-07
   0.10526E+03   0.75644E-05
   0.10528E+03   0.11579E-05
   0.10540E+03   0.74602E-08
   0.10540E+03   0.35161E-09
   0.10551E+03   0.16834E-15
   0.10552E+03   0.94018E-09
   0.10555E+03   0.58418E-07
   0.10558E+03   0.54758E-06
   0.10563E+03   0.67624E-06
   0.10569E+03   0.29556E-06
   0.10573E+03   0.53789E-06
   0.10577E+03   0.18904E-08
   0.10580E+03   0.16538E-06
   0.10584E+03   0.75987E-06
   0.10586E+03   0.12461E-07
   0.10589E+03   0.80144E-06
   0.10593E+03   0.33797E-05
   0.10597E+03   0.98671E-07
   0.10598E+03   0.54640E-05
   0.10600E+03   0.23449E-04
   0.10604E+03   0.23185E-05
   0.10606E+03   0.29446E-05
   0.10610E+03   0.38229E-08
   0.10612E+03   0.17335E-06
   0.10613E+03   0.52092E-06
   0.10614E+03   0.35282E-06
   0.10615E+03   0.56898E-07
   0.10617E+03   0.21692E-07
   0.10617E+03   0.12042E-06
   0.10620E+03   0.15414E-06
   0.10625E+03   0.19506E-06
   0.10626E+03   0.43204E-06
   0.10634E+03   0.40056E-04
   0.10635E+03   0.20370E-05
   0.10637E+03   0.39858E-06
   0.10639E+03   0.32674E-06
   0.10640E+03   0.27059E-06
   0.10643E+03   0.17890E-05
   0.10644E+03   0.38357E-05
   0.10650E+03   0.69613E-07
   0.10652E+03   0.34545E-05
   0.10656E+03   0.20454E-06
   0.10659E+03   0.31884E-06
   0.10661E+03   0.15527E-06
   0.10665E+03   0.60687E-06
   0.10668E+03   0.48049E-06
   0.10670E+03   0.53689E-06
   0.10672E+03   0.57776E-06
   0.10673E+03   0.15747E-06
   0.10675E+03   0.97246E-04
   0.10676E+03   0.16717E-05
   0.10678E+03   0.81172E-06
   0.10679E+03   0.55065E-05
   0.10682E+03   0.30912E-06
   0.10683E+03   0.14652E-06
   0.10685E+03   0.43451E-05
   0.10686E+03   0.86596E-07
   0.10689E+03   0.82602E-08
   0.10692E+03   0.10319E-06
   0.10701E+03   0.26897E-07
   0.10704E+03   0.70780E-04
   0.10710E+03   0.80125E-06
   0.10713E+03   0.86741E-08
   0.10714E+03   0.66738E-06
   0.10721E+03   0.51992E-05
   0.10733E+03   0.10398E-06
   0.10735E+03   0.22395E-07
   0.10743E+03   0.12397E-06
   0.10745E+03   0.89372E-06
   0.10746E+03   0.25258E-06
   0.10749E+03   0.23704E-07
   0.10757E+03   0.34382E-05
   0.10759E+03   0.16368E-04
   0.10771E+03   0.10236E-07
   0.10772E+03   0.13740E-09
   0.10775E+03   0.37957E-06
   0.10780E+03   0.34721E-06
   0.10783E+03   0.21172E-14
   0.10787E+03   0.51323E-06
   0.10792E+03   0.32527E-06
   0.10798E+03   0.17085E-08
   0.10810E+03   0.12506E-08
   0.10812E+03   0.89247E-06
   0.10819E+03   0.95765E-06
   0.10827E+03   0.24357E-06
   0.10828E+03   0.14306E-08
   0.10833E+03   0.10170E-08
   0.10837E+03   0.95381E-07
   0.10844E+03   0.38751E-08
   0.10845E+03   0.65229E-06
   0.10848E+03   0.14033E-06
   0.10854E+03   0.19370E-06
   0.10860E+03   0.21429E-16
   0.10860E+03   0.10628E-06
   0.10865E+03   0.34355E-05
   0.10867E+03   0.33086E-06
   0.10871E+03   0.24198E-07
   0.10877E+03   0.98600E-07
   0.10882E+03   0.12424E-06
   0.10887E+03   0.10547E-04
   0.10890E+03   0.26742E-05
   0.10892E+03   0.66178E-06
   0.10896E+03   0.64527E-05
   0.10897E+03   0.12239E-04
   0.10906E+03   0.57979E-07
   0.10912E+03   0.17761E-09
   0.10914E+03   0.57199E-05
   0.10918E+03   0.25260E-07
   0.10918E+03   0.26894E-04
   0.10925E+03   0.16716E-06
   0.10931E+03   0.65964E-07
   0.10937E+03   0.51950E-07
   0.10939E+03   0.15249E-06
   0.10945E+03   0.31946E-07
   0.10954E+03   0.21846E-05
   0.10960E+03   0.16338E-05
   0.10967E+03   0.16106E-05
   0.10968E+03   0.30640E-06
   0.10972E+03   0.63176E-05
   0.10975E+03   0.22796E-06
   0.10979E+03   0.49470E-06
   0.10983E+03   0.28048E-07
   0.10984E+03   0.13224E-06
   0.10999E+03   0.12032E-08
   0.11014E+03   0.43590E-07
   0.11021E+03   0.11670E-07
   0.11023E+03   0.27666E-06
   0.11025E+03   0.13989E-06
   0.11028E+03   0.28548E-06
   0.11038E+03   0.40887E-05
   0.11041E+03   0.28342E-08
   0.11043E+03   0.11113E-05
   0.11052E+03   0.21624E-06
   0.11056E+03   0.31036E-05
   0.11061E+03   0.12658E-04
   0.11065E+03   0.16224E-05
   0.11074E+03   0.43468E-06
   0.11079E+03   0.30539E-04
   0.11086E+03   0.47050E-06
   0.11091E+03   0.48528E-07
   0.11108E+03   0.21625E-05
   0.11111E+03   0.28105E-04
   0.11121E+03   0.56767E-06
   0.11130E+03   0.10431E-03
   0.11131E+03   0.41289E-06
   0.11141E+03   0.98563E-08
   0.11148E+03   0.24359E-06
   0.11154E+03   0.18418E-05
   0.11157E+03   0.28097E-06
   0.11164E+03   0.61126E-08
   0.11166E+03   0.43891E-05
   0.11180E+03   0.24608E-06
   0.11188E+03   0.10213E-06
   0.11193E+03   0.73781E-04
   0.11193E+03   0.58761E-07
   0.11225E+03   0.16541E-06
   0.11226E+03   0.10228E-05
   0.11230E+03   0.52465E-07
   0.11238E+03   0.27928E-06
   0.11239E+03   0.12834E-05
   0.11243E+03   0.26663E-07
   0.11246E+03   0.27968E-05
   0.11252E+03   0.10127E-06
   0.11264E+03   0.24416E-04
   0.11269E+03   0.27961E-10
   0.11274E+03   0.12548E-07
   0.11279E+03   0.74919E-06
   0.11290E+03   0.65058E-07
   0.11293E+03   0.37337E-08
   0.11296E+03   0.15529E-06
   0.11297E+03   0.18303E-07
   0.11302E+03   0.83120E-06
   0.11307E+03   0.33780E-06
   0.11308E+03   0.32298E-06
   0.11314E+03   0.76227E-07
   0.11328E+03   0.25173E-07
   0.11329E+03   0.21186E-09
   0.11347E+03   0.72779E-08
   0.11357E+03   0.17555E-06
   0.11359E+03   0.26513E-07
   0.11364E+03   0.35411E-06
   0.11379E+03   0.61150E-08
   0.11400E+03   0.40021E-05
   0.11408E+03   0.13870E-06
   0.11420E+03   0.26184E-08
   0.11451E+03   0.15542E-05
   0.11461E+03   0.73802E-06
   0.11467E+03   0.27759E-04
   0.11470E+03   0.62306E-06
   0.11479E+03   0.50432E-06
   0.11485E+03   0.38912E-05
   0.11488E+03   0.39959E-05
   0.11502E+03   0.99962E-04
   0.11511E+03   0.26621E-05
   0.11518E+03   0.35360E-05
   0.11522E+03   0.39045E-05
   0.11534E+03   0.52329E-06
   0.11538E+03   0.15104E-07
   0.11542E+03   0.10411E-05
   0.11547E+03   0.47276E-06
   0.11547E+03   0.22267E-05
   0.11555E+03   0.47539E-05
   0.11559E+03   0.56439E-07
   0.11561E+03   0.38889E-05
   0.11564E+03   0.42178E-06
   0.11568E+03   0.27278E-05
   0.11569E+03   0.21678E-04
   0.11574E+03   0.18896E-06
   0.11577E+03   0.88398E-07
   0.11591E+03   0.13824E-05
   0.11592E+03   0.26411E-07
   0.11597E+03   0.11958E-05
   0.11601E+03   0.13108E-04
   0.11609E+03   0.59713E-05
   0.11612E+03   0.50479E-06
   0.11615E+03   0.18096E-06
   0.11617E+03   0.79232E-08
   0.11625E+03   0.11149E-06
   0.11628E+03   0.21261E-05
   0.11630E+03   0.22686E-06
   0.11636E+03   0.16388E-06
   0.11641E+03   0.20562E-08
   0.11645E+03   0.90501E-06
   0.11646E+03   0.60245E-06
   0.11649E+03   0.24885E-07
   0.11652E+03   0.89133E-07
   0.11658E+03   0.31438E-06
   0.11665E+03   0.15181E-07
   0.11668E+03   0.16330E-08
   0.11672E+03   0.23204E-07
   0.11683E+03   0.18276E-05
   0.11684E+03   0.18426E-06
   0.11685E+03   0.22924E-07
   0.11687E+03   0.18061E-07
   0.11696E+03   0.38834E-06
   0.11705E+03   0.96826E-06
   0.11724E+03   0.37938E-07
   0.11726E+03   0.10961E-06
   0.11729E+03   0.14963E-06
   0.11730E+03   0.38854E-12
   0.11731E+03   0.64398E-06
   0.11737E+03   0.18397E-04
   0.11740E+03   0.15693E-06
   0.11744E+03   0.36067E-05
   0.11746E+03   0.23487E-06
   0.11761E+03   0.25259E-13
   0.11782E+03   0.25033E-06
   0.11784E+03   0.25160E-06
   0.11788E+03   0.29665E-05
   0.11794E+03   0.59464E-07
   0.11799E+03   0.18629E-06
   0.11804E+03   0.45314E-06
   0.11814E+03   0.25256E-05
   0.11815E+03   0.76753E-07
   0.11818E+03   0.86337E-07
   0.11823E+03   0.39664E-06
   0.11827E+03   0.11786E-06
   0.11845E+03   0.50998E-07
   0.11846E+03   0.43995E-06
   0.11861E+03   0.36672E-07
   0.11866E+03   0.23434E-06
   0.11872E+03   0.24638E-06
   0.11883E+03   0.52015E-08
   0.11886E+03   0.37835E-07
   0.11894E+03   0.15926E-06
   0.11904E+03   0.50961E-07
   0.11907E+03   0.37519E-07
   0.11913E+03   0.20646E-06
   0.11923E+03   0.69899E-13
   0.11924E+03   0.18966E-05
   0.11933E+03   0.18254E-06
   0.11934E+03   0.12569E-08
   0.11938E+03   0.39621E-06
   0.11942E+03   0.14472E-07
   0.11949E+03   0.24314E-06
   0.11951E+03   0.20910E-06
   0.11954E+03   0.14447E-06
   0.11960E+03   0.52172E-13
   0.11962E+03   0.10873E-06
   0.11967E+03   0.29700E-06
   0.11976E+03   0.83732E-07
   0.11981E+03   0.26196E-05
   0.11983E+03   0.34808E-07
   0.11985E+03   0.39711E-15
   0.11987E+03   0.11217E-06
   0.11989E+03   0.15823E-06
   0.11993E+03   0.79254E-06
   0.12003E+03   0.16426E-05
   0.12005E+03   0.24160E-04
   0.12006E+03   0.64126E-05
   0.12012E+03   0.19174E-05
   0.12016E+03   0.16941E-07
   0.12017E+03   0.20956E-05
   0.12026E+03   0.12407E-04
   0.12035E+03   0.15443E-05
   0.12037E+03   0.66054E-06
   0.12040E+03   0.58403E-05
   0.12041E+03   0.38572E-05
   0.12044E+03   0.76278E-05
   0.12048E+03   0.60012E-05
   0.12051E+03   0.57246E-07
   0.12053E+03   0.38538E-05
   0.12055E+03   0.65080E-07
   0.12056E+03   0.21833E-04
   0.12069E+03   0.32968E-06
   0.12074E+03   0.43301E-06
   0.12077E+03   0.32733E-06
   0.12086E+03   0.70247E-07
   0.12087E+03   0.35422E-05
   0.12087E+03   0.77092E-06
   0.12088E+03   0.55438E-05
   0.12090E+03   0.72048E-06
   0.12097E+03   0.11683E-04
   0.12102E+03   0.35879E-07
   0.12103E+03   0.63041E-13
   0.12107E+03   0.20084E-05
   0.12121E+03   0.24341E-06
   0.12134E+03   0.36136E-09
   0.12142E+03   0.22547E-06
   0.12144E+03   0.53100E-06
   0.12148E+03   0.28694E-06
   0.12158E+03   0.34260E-09
   0.12163E+03   0.19396E-14
   0.12165E+03   0.28374E-05
   0.12168E+03   0.69921E-05
   0.12173E+03   0.39177E-05
   0.12178E+03   0.21910E-04
   0.12181E+03   0.95868E-05
   0.12185E+03   0.39984E-05
   0.12208E+03   0.11544E-06
   0.12211E+03   0.12100E-05
   0.12221E+03   0.19688E-06
   0.12233E+03   0.36984E-10
   0.12244E+03   0.36760E-18
   0.12260E+03   0.18189E-06
   0.12268E+03   0.66184E-07
   0.12275E+03   0.14317E-04
   0.12282E+03   0.55604E-05
   0.12305E+03   0.70110E-14
   0.12309E+03   0.94472E-07
   0.12322E+03   0.30336E-05
   0.12327E+03   0.24364E-05
   0.12328E+03   0.22711E-04
   0.12332E+03   0.77252E-07
   0.12341E+03   0.93444E-06
   0.12347E+03   0.14022E-05
   0.12349E+03   0.52704E-05
   0.12360E+03   0.16461E-06
   0.12369E+03   0.36367E-06
   0.12383E+03   0.12011E-06
   0.12396E+03   0.67638E-06
   0.12399E+03   0.13574E-05
   0.12406E+03   0.11633E-05
   0.12412E+03   0.61932E-07
   0.12430E+03   0.15245E-07
   0.12432E+03   0.29007E-05
   0.12436E+03   0.23793E-04
   0.12455E+03   0.11715E-06
   0.12457E+03   0.76827E-07
   0.12478E+03   0.31425E-06
   0.12481E+03   0.97917E-07
   0.12492E+03   0.74898E-04
   0.12500E+03   0.63619E-05
   0.12511E+03   0.16308E-05
   0.12521E+03   0.19521E-05
   0.12526E+03   0.26640E-06
   0.12533E+03   0.28081E-06
   0.12534E+03   0.66215E-06
   0.12536E+03   0.30434E-06
   0.12542E+03   0.76448E-08
   0.12550E+03   0.52090E-09
   0.12553E+03   0.18003E-07
   0.12557E+03   0.17641E-04
   0.12559E+03   0.41577E-05
   0.12572E+03   0.13770E-06
   0.12576E+03   0.42572E-07
   0.12580E+03   0.49522E-09
   0.12588E+03   0.17767E-08
   0.12591E+03   0.59862E-07
   0.12599E+03   0.90425E-07
   0.12613E+03   0.23840E-08
   0.12627E+03   0.98165E-10
   0.12629E+03   0.36818E-06
   0.12636E+03   0.71881E-10
   0.12642E+03   0.62926E-06
   0.12652E+03   0.20596E-06
   0.12653E+03   0.14238E-07
   0.12656E+03   0.19027E-07
   0.12658E+03   0.18194E-07
   0.12662E+03   0.14358E-07
   0.12672E+03   0.99790E-05
   0.12677E+03   0.15536E-05
   0.12690E+03   0.55917E-05
   0.12692E+03   0.32505E-05
   0.12699E+03   0.10586E-05
   0.12703E+03   0.96827E-06
   0.12705E+03   0.21819E-06
   0.12715E+03   0.10059E-08
   0.12720E+03   0.51374E-06
   0.12723E+03   0.54240E-06
   0.12728E+03   0.46767E-06
   0.12738E+03   0.77964E-07
   0.12741E+03   0.12565E-06
   0.12747E+03   0.11331E-04
   0.12773E+03   0.18699E-06
   0.12775E+03   0.66354E-06
   0.12783E+03   0.97938E-06
   0.12787E+03   0.35190E-08
   0.12803E+03   0.29425E-07
   0.12819E+03   0.77896E-08
   0.12833E+03   0.17187E-05
   0.12843E+03   0.29457E-05
   0.12851E+03   0.41104E-06
   0.12857E+03   0.90752E-06
   0.12863E+03   0.10375E-04
   0.12867E+03   0.51609E-06
   0.12872E+03   0.39863E-06
   0.12875E+03   0.83785E-07
   0.12898E+03   0.32215E-08
   0.12905E+03   0.39212E-07
   0.12915E+03   0.75119E-06
   0.12949E+03   0.71436E-09
   0.12957E+03   0.89230E-10
   0.12981E+03   0.66323E-08
   0.12984E+03   0.22613E-09
   0.12995E+03   0.61509E-06
   0.12997E+03   0.17872E-06
   0.13003E+03   0.32169E-06
   0.13003E+03   0.11657E-07
   0.13009E+03   0.32752E-06
   0.13031E+03   0.73084E-10
   0.13042E+03   0.63132E-09
   0.13060E+03   0.90729E-07
   0.13069E+03   0.23262E-07
   0.13093E+03   0.86172E-09
   0.13124E+03   0.16351E-05
   0.13127E+03   0.13134E-07
   0.13130E+03   0.10227E-05
   0.13131E+03   0.60802E-06
   0.13178E+03   0.42335E-07
   0.13182E+03   0.98496E-06
   0.13197E+03   0.21226E-07
   0.13201E+03   0.98861E-05
   0.13204E+03   0.29673E-08
   0.13209E+03   0.10080E-05
   0.13223E+03   0.47805E-06
   0.13231E+03   0.44825E-05
   0.13245E+03   0.12060E-06
   0.13246E+03   0.66548E-07
   0.13253E+03   0.13210E-08
   0.13253E+03   0.47629E-08
   0.13258E+03   0.21142E-07
   0.13282E+03   0.12532E-05
   0.13285E+03   0.13109E-06
   0.13330E+03   0.16378E-06
   0.13334E+03   0.97636E-06
   0.13335E+03   0.28408E-08
   0.13347E+03   0.95632E-08
   0.13350E+03   0.41881E-06
   0.13353E+03   0.69844E-06
   0.13362E+03   0.46107E-05
   0.13372E+03   0.18511E-04
   0.13381E+03   0.94421E-05
   0.13384E+03   0.14121E-06
   0.13387E+03   0.11671E-07
   0.13391E+03   0.11959E-04
   0.13402E+03   0.51585E-06
   0.13409E+03   0.50102E-08
   0.13411E+03   0.15947E-07
   0.13435E+03   0.38797E-08
   0.13460E+03   0.77208E-07
   0.13465E+03   0.35523E-09
   0.13486E+03   0.44340E-06
   0.13492E+03   0.29496E-07
   0.13510E+03   0.51368E-05
   0.13525E+03   0.25844E-06
   0.13534E+03   0.41641E-06
   0.13548E+03   0.78558E-06
   0.13552E+03   0.11033E-05
   0.13555E+03   0.68223E-07
   0.13563E+03   0.83741E-07
   0.13566E+03   0.25985E-07
   0.13567E+03   0.14628E-07
   0.13570E+03   0.18375E-08
   0.13574E+03   0.19263E-06
   0.13584E+03   0.94778E-09
   0.13593E+03   0.94336E-06
   0.13602E+03   0.11197E-07
   0.13606E+03   0.74506E-08
   0.13609E+03   0.61447E-10
   0.13612E+03   0.10345E-08
   0.13626E+03   0.24996E-08
   0.13628E+03   0.87869E-08
   0.13633E+03   0.36181E-07
   0.13635E+03   0.19680E-07
   0.13640E+03   0.35352E-10
   0.13656E+03   0.44557E-07
   0.13666E+03   0.28843E-09
   0.13670E+03   0.11493E-06
   0.13686E+03   0.54797E-05
   0.13694E+03   0.47342E-07
   0.13697E+03   0.84254E-07
   0.13707E+03   0.18430E-07
   0.13722E+03   0.14784E-07
   0.13759E+03   0.17787E-07
   0.13761E+03   0.34914E-06
   0.13768E+03   0.38017E-07
   0.13787E+03   0.13097E-07
   0.13801E+03   0.20521E-05
   0.13837E+03   0.36658E-09
   0.13871E+03   0.83567E-05
   0.13887E+03   0.83735E-07
   0.13891E+03   0.66254E-04
   0.13896E+03   0.18718E-05
   0.13899E+03   0.32426E-06
   0.13900E+03   0.14818E-06
   0.13923E+03   0.14320E-09
   0.13925E+03   0.57905E-07
   0.13931E+03   0.10430E-06
   0.13937E+03   0.21225E-07
   0.13946E+03   0.12065E-06
   0.13949E+03   0.37127E-05
   0.13955E+03   0.12178E-06
   0.13960E+03   0.17660E-05
   0.13961E+03   0.43879E-09
   0.13966E+03   0.55366E-08
   0.13967E+03   0.69874E-09
   0.13983E+03   0.90372E-07
   0.13988E+03   0.61379E-08
   0.13997E+03   0.12739E-06
   0.14001E+03   0.79978E-07
   0.14003E+03   0.64076E-08
   0.14008E+03   0.16783E-06
   0.14017E+03   0.40570E-06
   0.14018E+03   0.45603E-05
   0.14023E+03   0.26412E-06
   0.14031E+03   0.99054E-09
   0.14049E+03   0.19205E-08
   0.14057E+03   0.27428E-09
   0.14076E+03   0.35365E-10
   0.14085E+03   0.17724E-08
   0.14088E+03   0.11012E-07
   0.14099E+03   0.10400E-08
   0.14172E+03   0.60492E-06
   0.14177E+03   0.15382E-06
   0.14195E+03   0.25808E-05
   0.14211E+03   0.66160E-07
   0.14220E+03   0.23957E-07
   0.14233E+03   0.11559E-07
   0.14281E+03   0.45876E-08
   0.14286E+03   0.70407E-07
   0.14317E+03   0.33143E-08
   0.14340E+03   0.42957E-07
   0.14354E+03   0.57870E-11
   0.14360E+03   0.37571E-07
   0.14377E+03   0.31837E-07
   0.14423E+03   0.11095E-08
   0.14430E+03   0.20005E-07
   0.14449E+03   0.16176E-06
   0.14478E+03   0.26564E-07
   0.14482E+03   0.49016E-05
   0.14482E+03   0.66798E-08
   0.14487E+03   0.28749E-07
   0.14499E+03   0.21013E-08
   0.14503E+03   0.29321E-06
   0.14529E+03   0.55601E-09
   0.14538E+03   0.13412E-08
   0.14540E+03   0.48066E-07
   0.14550E+03   0.59102E-07
   0.14572E+03   0.29464E-08
   0.14605E+03   0.27265E-09
   0.14627E+03   0.93730E-07
   0.14631E+03   0.22331E-06
   0.14633E+03   0.36269E-07
   0.14637E+03   0.18186E-10
   0.14646E+03   0.59841E-06
   0.14668E+03   0.41257E-08
   0.14677E+03   0.23267E-06
   0.14683E+03   0.28695E-08
   0.14698E+03   0.12152E-06
   0.14699E+03   0.17619E-06
   0.14703E+03   0.15435E-04
   0.14705E+03   0.73895E-06
   0.14716E+03   0.27789E-08
   0.14743E+03   0.75767E-10
   0.14745E+03   0.30149E-09
   0.14754E+03   0.52604E-08
   0.14761E+03   0.10951E-05
   0.14762E+03   0.13710E-05
   0.14762E+03   0.35210E-06
   0.14816E+03   0.69130E-10
   0.14838E+03   0.21979E-06
   0.14855E+03   0.46759E-09
   0.14878E+03   0.64507E-06
   0.14893E+03   0.10920E-07
   0.14919E+03   0.68930E-09
   0.14947E+03   0.60234E-07
   0.14952E+03   0.32504E-06
   0.14959E+03   0.52969E-06
   0.15018E+03   0.38429E-09
   0.15026E+03   0.31268E-06
   0.15037E+03   0.33464E-05
   0.15039E+03   0.58524E-05
   0.15047E+03   0.23345E-07
   0.15067E+03   0.29067E-06
   0.15070E+03   0.54956E-07
   0.15088E+03   0.13134E-06
   0.15093E+03   0.37160E-07
   0.15096E+03   0.32452E-08
   0.15105E+03   0.13416E-06
   0.15116E+03   0.15102E-09
   0.15118E+03   0.38177E-08
   0.15133E+03   0.28211E-05
   0.15151E+03   0.11407E-06
   0.15156E+03   0.83192E-09
   0.15171E+03   0.77194E-06
   0.15175E+03   0.12988E-06
   0.15200E+03   0.22396E-08
   0.15218E+03   0.26529E-07
   0.15231E+03   0.15694E-06
   0.15254E+03   0.10027E-06
   0.15264E+03   0.77415E-07
   0.15283E+03   0.13082E-08
   0.15290E+03   0.49725E-07
   0.15299E+03   0.23156E-05
   0.15302E+03   0.49658E-07
   0.15304E+03   0.23911E-06
   0.15312E+03   0.46682E-07
   0.15317E+03   0.74870E-08
   0.15331E+03   0.64549E-09
   0.15339E+03   0.33071E-07
   0.15346E+03   0.24109E-08
   0.15373E+03   0.18693E-10
   0.15381E+03   0.30960E-06
   0.15388E+03   0.25152E-09
   0.15394E+03   0.34869E-07
   0.15409E+03   0.78483E-08
   0.15415E+03   0.28823E-06
   0.15420E+03   0.11741E-07
   0.15423E+03   0.19582E-07
   0.15439E+03   0.57934E-07
   0.15475E+03   0.33718E-08
   0.15524E+03   0.42219E-07
   0.15562E+03   0.44197E-06
   0.15601E+03   0.43926E-06
   0.15612E+03   0.19152E-08
   0.15617E+03   0.45039E-07
   0.15671E+03   0.14715E-07
   0.15679E+03   0.40543E-08
   0.15705E+03   0.54787E-07
   0.15719E+03   0.46291E-05
   0.15730E+03   0.50474E-06
   0.15775E+03   0.17877E-09
   0.15780E+03   0.93093E-06
   0.15798E+03   0.12995E-06
   0.15803E+03   0.68651E-08
   0.15833E+03   0.46423E-06
   0.15847E+03   0.32804E-07
   0.15853E+03   0.43915E-06
   0.15867E+03   0.43760E-07
   0.15871E+03   0.19847E-08
   0.15884E+03   0.57376E-06
   0.15907E+03   0.96071E-08
   0.15930E+03   0.20288E-07
   0.15937E+03   0.66473E-11
   0.15939E+03   0.18804E-07
   0.15956E+03   0.34213E-06
   0.15961E+03   0.58943E-06
   0.15966E+03   0.96590E-08
   0.15984E+03   0.36264E-06
   0.15988E+03   0.15640E-08
   0.15995E+03   0.11812E-08
   0.16006E+03   0.20067E-07
   0.16037E+03   0.38917E-07
   0.16040E+03   0.34399E-07
   0.16042E+03   0.47535E-06
   0.16045E+03   0.13271E-05
   0.16113E+03   0.54687E-07
   0.16114E+03   0.19955E-06
   0.16139E+03   0.81673E-09
   0.16143E+03   0.13433E-05
   0.16176E+03   0.82080E-08
   0.16187E+03   0.50315E-07
   0.16241E+03   0.63850E-08
   0.16252E+03   0.92808E-07
   0.16280E+03   0.27583E-06
   0.16286E+03   0.12895E-07
   0.16302E+03   0.50816E-08
   0.16337E+03   0.36559E-06
   0.16395E+03   0.26305E-05
   0.16397E+03   0.68919E-08
   0.16400E+03   0.12325E-05
   0.16435E+03   0.47724E-07
   0.16472E+03   0.15526E-05
   0.16496E+03   0.19412E-07
   0.16509E+03   0.78259E-08
   0.16531E+03   0.13174E-10
   0.16569E+03   0.57276E-06
   0.16580E+03   0.73400E-05
   0.16598E+03   0.47019E-06
   0.16612E+03   0.73942E-08
   0.16634E+03   0.89909E-06
   0.16668E+03   0.23871E-07
   0.16677E+03   0.39701E-06
   0.16698E+03   0.22330E-06
   0.16705E+03   0.59654E-07
   0.16716E+03   0.43252E-10
   0.16738E+03   0.37839E-07
   0.16740E+03   0.65523E-08
   0.16813E+03   0.13572E-08
   0.16827E+03   0.26577E-07
   0.16896E+03   0.39141E-05
   0.16913E+03   0.98570E-06
   0.16960E+03   0.36034E-06
   0.16979E+03   0.14940E-07
   0.16999E+03   0.49792E-10
   0.17026E+03   0.79682E-07
   0.17085E+03   0.41220E-07
   0.17099E+03   0.37888E-06
   0.17163E+03   0.15314E-07
   0.17170E+03   0.34612E-08
   0.17216E+03   0.35438E-06
   0.17229E+03   0.30199E-05
   0.17237E+03   0.15235E-07
   0.17248E+03   0.22750E-07
   0.17295E+03   0.39225E-07
   0.17312E+03   0.49850E-08
   0.17341E+03   0.17535E-08
   0.17348E+03   0.94017E-09
   0.17362E+03   0.58752E-07
   0.17442E+03   0.12968E-05
   0.17496E+03   0.59484E-09
   0.17520E+03   0.18412E-08
   0.17533E+03   0.14927E-06
   0.17548E+03   0.13660E-06
   0.17576E+03   0.20522E-07
   0.17617E+03   0.20676E-06
   0.17627E+03   0.39117E-06
   0.17636E+03   0.12317E-06
   0.17687E+03   0.37059E-06
   0.17748E+03   0.16325E-08
   0.17760E+03   0.39218E-07
   0.17783E+03   0.30079E-05
   0.17787E+03   0.21405E-06
   0.17797E+03   0.30082E-05
   0.17841E+03   0.17385E-09
   0.17886E+03   0.50299E-05
   0.17890E+03   0.18819E-07
   0.17900E+03   0.11079E-05
   0.17969E+03   0.28910E-05
   0.18022E+03   0.23634E-06
   0.18040E+03   0.31976E-09
   0.18055E+03   0.29326E-08
   0.18063E+03   0.25630E-08
   0.18154E+03   0.64498E-11
   0.18203E+03   0.60625E-05
   0.18315E+03   0.17193E-06
   0.18329E+03   0.34218E-08
   0.18343E+03   0.90978E-06
   0.18390E+03   0.21091E-08
   0.18434E+03   0.15581E-06
   0.18483E+03   0.18954E-07
   0.18509E+03   0.99839E-06
   0.18554E+03   0.69318E-07
   0.18571E+03   0.51451E-07
   0.18575E+03   0.22403E-07
   0.18591E+03   0.11149E-04
   0.18598E+03   0.49877E-05
   0.18648E+03   0.61256E-08
   0.18874E+03   0.49728E-10
   0.18974E+03   0.28274E-06
   0.19067E+03   0.55630E-07
   0.19133E+03   0.15499E-06
   0.19286E+03   0.23113E-07
   0.19412E+03   0.88940E-06
   0.19417E+03   0.17859E-05
   0.19428E+03   0.61900E-07
   0.19630E+03   0.59938E-05
   0.19773E+03   0.13291E-07
