  -0.92132E+01   0.19899E-02
  -0.89427E+01   0.28448E-02
  -0.78697E+01   0.16099E-11
  -0.77936E+01   0.15873E-10
  -0.74502E+01   0.86828E-03
  -0.73596E+01   0.31771E-04
  -0.71800E+01   0.82683E-04
  -0.67186E+01   0.31138E-02
  -0.60700E+01   0.13198E+00
  -0.60433E+01   0.87806E-04
  -0.59167E+01   0.88996E+00
  -0.58237E+01   0.17220E-09
  -0.58087E+01   0.70115E-08
  -0.54984E+01   0.52227E-08
  -0.54297E+01   0.11616E-06
  -0.50418E+01   0.39796E-09
  -0.49853E+01   0.49341E-08
  -0.48011E+01   0.19757E+00
  -0.47982E+01   0.13730E-06
  -0.44372E+01   0.16589E-03
  -0.43624E+01   0.10816E+00
  -0.42471E+01   0.24131E-09
  -0.41613E+01   0.19011E+00
  -0.38900E+01   0.58734E-10
  -0.36951E+01   0.92459E+00
  -0.30324E+01   0.37981E-11
  -0.27151E+01   0.44857E-08
  -0.25926E+01   0.13826E-06
  -0.25853E+01   0.19697E+00
  -0.24527E+01   0.64088E-11
  -0.22905E+01   0.18759E-09
  -0.21793E+01   0.13137E+01
  -0.19904E+01   0.29619E-09
  -0.19218E+01   0.19579E-10
  -0.17817E+01   0.12460E+01
  -0.14597E+01   0.98288E-09
  -0.87397E+00   0.29918E-07
  -0.86674E+00   0.21433E+00
  -0.61996E+00   0.19544E+01
  -0.37940E+00   0.43577E+01
   0.59462E-01   0.16230E-01
   0.75301E-01   0.16703E-10
   0.22958E+00   0.17382E-13
   0.26278E+00   0.51998E+00
   0.32276E+00   0.13811E+01
   0.68352E+00   0.12210E-10
   0.82970E+00   0.10654E-09
   0.11047E+01   0.61477E-10
   0.11635E+01   0.13488E+01
   0.12294E+01   0.94537E-02
   0.12741E+01   0.65602E+00
   0.13066E+01   0.68750E-01
   0.13201E+01   0.26517E-10
   0.13886E+01   0.13440E+01
   0.13995E+01   0.81470E+00
   0.14647E+01   0.53229E-08
   0.16053E+01   0.25683E-07
   0.16946E+01   0.45291E-08
   0.18149E+01   0.17832E-01
   0.18791E+01   0.37816E-05
   0.18904E+01   0.35081E+01
   0.21496E+01   0.96336E+00
   0.23947E+01   0.76053E-01
   0.26237E+01   0.11158E-06
   0.29090E+01   0.53080E-09
   0.33489E+01   0.29459E+01
   0.34419E+01   0.21784E-08
   0.35716E+01   0.88757E-01
   0.36034E+01   0.10682E-07
   0.37601E+01   0.12047E-01
   0.41098E+01   0.12617E-02
   0.41229E+01   0.22993E+00
   0.41877E+01   0.30028E-01
   0.42430E+01   0.66981E-01
   0.42743E+01   0.37958E-02
   0.49278E+01   0.44116E-11
   0.49968E+01   0.28279E-11
   0.52759E+01   0.46546E-11
   0.54426E+01   0.23910E-12
   0.55014E+01   0.49819E-03
   0.55881E+01   0.17476E-10
   0.57466E+01   0.15281E-03
   0.58419E+01   0.28997E-10
   0.59986E+01   0.18267E-10
   0.61983E+01   0.84662E-03
   0.62656E+01   0.14311E-02
   0.62876E+01   0.15551E-02
   0.63577E+01   0.11895E-10
   0.67560E+01   0.19298E-01
   0.71419E+01   0.20944E-11
   0.74693E+01   0.92657E-01
   0.81241E+01   0.81378E-03
   0.85662E+01   0.40207E+01
   0.85788E+01   0.34081E+00
   0.85820E+01   0.34864E-02
   0.88705E+01   0.86940E-05
   0.89138E+01   0.47905E+02
   0.90504E+01   0.76924E-09
   0.90964E+01   0.16447E-09
   0.92235E+01   0.33852E-01
   0.92376E+01   0.31183E-01
   0.96343E+01   0.18515E-10
   0.98680E+01   0.10985E-07
   0.10024E+02   0.48153E-04
   0.10287E+02   0.47567E-08
   0.10695E+02   0.69057E-02
   0.10809E+02   0.91084E-11
   0.10860E+02   0.15839E-10
   0.11057E+02   0.52509E-11
   0.11139E+02   0.51610E-03
   0.11308E+02   0.75892E-05
   0.11348E+02   0.27747E-09
   0.11470E+02   0.83790E-02
   0.11478E+02   0.11820E-09
   0.11485E+02   0.91168E-05
   0.11528E+02   0.20188E-04
   0.11549E+02   0.50729E-02
   0.11567E+02   0.63974E-03
   0.11573E+02   0.90177E-13
   0.11591E+02   0.12963E-09
   0.11655E+02   0.26043E-10
   0.11740E+02   0.40141E-02
   0.11792E+02   0.77587E-05
   0.11819E+02   0.30672E-03
   0.11897E+02   0.43067E-02
   0.11927E+02   0.51903E-08
   0.12044E+02   0.53191E-01
   0.12101E+02   0.99718E-09
   0.12159E+02   0.14834E-09
   0.12223E+02   0.15666E-06
   0.12264E+02   0.60637E-01
   0.12446E+02   0.27452E-08
   0.12506E+02   0.54681E-02
   0.12631E+02   0.48837E-04
   0.12696E+02   0.39682E-01
   0.12712E+02   0.10763E-05
   0.12754E+02   0.54592E-07
   0.12926E+02   0.64041E-03
   0.12935E+02   0.14359E-04
   0.13026E+02   0.14683E-01
   0.13111E+02   0.43537E-10
   0.13195E+02   0.30261E-14
   0.13296E+02   0.65052E-02
   0.13304E+02   0.32325E-09
   0.13367E+02   0.92851E-01
   0.13388E+02   0.22682E-10
   0.13410E+02   0.12912E-01
   0.13436E+02   0.26796E-01
   0.13473E+02   0.32296E-04
   0.13530E+02   0.23690E-03
   0.13541E+02   0.26925E-01
   0.13581E+02   0.25664E-06
   0.13680E+02   0.91025E-03
   0.13682E+02   0.20239E-03
   0.13697E+02   0.39077E-03
   0.13812E+02   0.12227E-03
   0.14004E+02   0.36102E-02
   0.14018E+02   0.13912E-01
   0.14028E+02   0.46304E-07
   0.14107E+02   0.16637E-02
   0.14173E+02   0.35935E-03
   0.14191E+02   0.40501E-03
   0.14222E+02   0.11995E-03
   0.14236E+02   0.48873E-04
   0.14277E+02   0.16973E-03
   0.14332E+02   0.14905E-01
   0.14334E+02   0.25218E-01
   0.14344E+02   0.30855E-03
   0.14436E+02   0.12739E+00
   0.14444E+02   0.67233E-03
   0.14459E+02   0.28520E-01
   0.14479E+02   0.70429E-01
   0.14500E+02   0.11516E-03
   0.14504E+02   0.46408E-09
   0.14549E+02   0.58299E-05
   0.14696E+02   0.80925E-04
   0.14718E+02   0.41984E-10
   0.14762E+02   0.74514E-05
   0.14774E+02   0.66068E-03
   0.14821E+02   0.53630E-01
   0.14939E+02   0.63059E-11
   0.14954E+02   0.41061E-11
   0.14982E+02   0.34475E-02
   0.15013E+02   0.26207E-01
   0.15061E+02   0.18783E-08
   0.15078E+02   0.66426E-10
   0.15127E+02   0.52450E-02
   0.15132E+02   0.27779E-07
   0.15200E+02   0.35247E-02
   0.15235E+02   0.88600E-04
   0.15253E+02   0.44449E-01
   0.15481E+02   0.44885E-09
   0.15500E+02   0.76795E-10
   0.15569E+02   0.27208E-11
   0.15593E+02   0.26679E-04
   0.15613E+02   0.11067E-05
   0.15653E+02   0.32223E-01
   0.15682E+02   0.40935E-03
   0.15772E+02   0.20898E+00
   0.15826E+02   0.20821E+01
   0.15855E+02   0.27670E-03
   0.15984E+02   0.81424E-04
   0.15991E+02   0.16833E-02
   0.16009E+02   0.38619E-01
   0.16012E+02   0.13231E-01
   0.16023E+02   0.67001E-01
   0.16058E+02   0.14842E-01
   0.16093E+02   0.62411E-10
   0.16124E+02   0.46005E-02
   0.16237E+02   0.15998E-01
   0.16330E+02   0.74479E-04
   0.16507E+02   0.29950E-02
   0.16508E+02   0.21207E-04
   0.16521E+02   0.24498E-04
   0.16578E+02   0.29685E-02
   0.16607E+02   0.13200E-14
   0.16667E+02   0.17305E-01
   0.16676E+02   0.53796E-01
   0.16749E+02   0.26061E-08
   0.16777E+02   0.32271E-03
   0.16785E+02   0.23571E-02
   0.16787E+02   0.49405E-05
   0.16800E+02   0.16219E-04
   0.16809E+02   0.72991E-01
   0.16825E+02   0.20422E-05
   0.16891E+02   0.28911E-10
   0.16901E+02   0.39955E-03
   0.16958E+02   0.85041E-03
   0.17068E+02   0.20054E-05
   0.17071E+02   0.33667E-03
   0.17076E+02   0.49120E-04
   0.17077E+02   0.53711E-03
   0.17086E+02   0.16669E-02
   0.17108E+02   0.48579E-03
   0.17168E+02   0.13376E-03
   0.17195E+02   0.17701E-06
   0.17214E+02   0.15535E-02
   0.17226E+02   0.40944E-09
   0.17303E+02   0.11275E-09
   0.17328E+02   0.37422E-02
   0.17342E+02   0.18691E-01
   0.17362E+02   0.23656E-01
   0.17464E+02   0.83643E-08
   0.17497E+02   0.85172E-04
   0.17552E+02   0.15716E+00
   0.17554E+02   0.31369E-08
   0.17626E+02   0.36501E-03
   0.17690E+02   0.31122E-03
   0.17814E+02   0.69526E-09
   0.17864E+02   0.19399E-01
   0.18065E+02   0.48077E-03
   0.18286E+02   0.32446E-11
   0.18325E+02   0.31099E-02
   0.18393E+02   0.34688E-11
   0.18410E+02   0.25449E-11
   0.18438E+02   0.89655E-05
   0.18519E+02   0.11445E-04
   0.18576E+02   0.68501E-09
   0.18643E+02   0.20324E-02
   0.18771E+02   0.22784E-01
   0.18868E+02   0.28181E-04
   0.18882E+02   0.56174E-02
   0.18922E+02   0.59273E-02
   0.19002E+02   0.12756E-10
   0.19016E+02   0.68774E-04
   0.19032E+02   0.26095E-05
   0.19067E+02   0.85281E-05
   0.19092E+02   0.54812E-03
   0.19096E+02   0.81986E-05
   0.19167E+02   0.15555E-09
   0.19178E+02   0.23898E-02
   0.19237E+02   0.69903E-01
   0.19286E+02   0.15915E-01
   0.19307E+02   0.10609E-02
   0.19348E+02   0.46049E-13
   0.19441E+02   0.18542E-03
   0.19507E+02   0.57953E-03
   0.19519E+02   0.14430E-03
   0.19537E+02   0.39387E-13
   0.19704E+02   0.13125E-02
   0.19714E+02   0.21670E-02
   0.19833E+02   0.72018E-15
   0.19958E+02   0.29575E-03
   0.20023E+02   0.13616E-03
   0.20085E+02   0.12852E-02
   0.20106E+02   0.38166E-01
   0.20135E+02   0.51181E-03
   0.20202E+02   0.58869E-02
   0.20217E+02   0.33949E-02
   0.20419E+02   0.38345E-10
   0.20486E+02   0.21160E-02
   0.20585E+02   0.28039E-03
   0.20610E+02   0.78691E-06
   0.20678E+02   0.37359E-04
   0.20721E+02   0.30043E-14
   0.20740E+02   0.15610E-02
   0.20762E+02   0.70155E-02
   0.20808E+02   0.45720E-12
   0.20820E+02   0.78538E-04
   0.20917E+02   0.79956E-02
   0.21076E+02   0.38641E-04
   0.21123E+02   0.81644E-04
   0.21132E+02   0.72387E-05
   0.21133E+02   0.12007E-01
   0.21147E+02   0.18037E-03
   0.21215E+02   0.28486E-02
   0.21230E+02   0.47347E-03
   0.21320E+02   0.15304E-05
   0.21337E+02   0.17360E-11
   0.21375E+02   0.63925E-03
   0.21382E+02   0.55757E-03
   0.21424E+02   0.53529E-08
   0.21436E+02   0.39668E-02
   0.21453E+02   0.38197E-12
   0.21470E+02   0.79123E-02
   0.21559E+02   0.63471E-03
   0.21570E+02   0.12434E-03
   0.21679E+02   0.72611E-02
   0.21698E+02   0.22064E-02
   0.21754E+02   0.25779E-02
   0.21771E+02   0.29990E-04
   0.21779E+02   0.55771E-03
   0.21786E+02   0.16379E-01
   0.21976E+02   0.91357E-02
   0.22050E+02   0.27890E-02
   0.22055E+02   0.10130E-01
   0.22066E+02   0.17573E+00
   0.22078E+02   0.58872E-03
   0.22099E+02   0.13798E-03
   0.22128E+02   0.11462E-03
   0.22132E+02   0.27950E-10
   0.22184E+02   0.87235E-04
   0.22202E+02   0.10480E-02
   0.22225E+02   0.84829E-05
   0.22226E+02   0.44408E-04
   0.22230E+02   0.44854E-01
   0.22295E+02   0.68296E-02
   0.22326E+02   0.40193E-04
   0.22343E+02   0.14763E-01
   0.22380E+02   0.65018E-06
   0.22410E+02   0.48161E-03
   0.22466E+02   0.33675E-11
   0.22566E+02   0.47736E-04
   0.22679E+02   0.13800E-04
   0.22713E+02   0.50654E-02
   0.22729E+02   0.86163E-13
   0.22746E+02   0.25262E-02
   0.22755E+02   0.41289E-04
   0.22849E+02   0.21289E-02
   0.22865E+02   0.86651E-04
   0.22874E+02   0.31954E-04
   0.23016E+02   0.12229E-03
   0.23061E+02   0.21583E-04
   0.23148E+02   0.21198E-02
   0.23159E+02   0.80228E-01
   0.23188E+02   0.23594E-06
   0.23213E+02   0.16341E-03
   0.23270E+02   0.56115E-05
   0.23325E+02   0.66644E-01
   0.23347E+02   0.14927E-11
   0.23406E+02   0.18264E-04
   0.23421E+02   0.44526E-01
   0.23442E+02   0.61211E-12
   0.23582E+02   0.66903E-03
   0.23643E+02   0.10708E-01
   0.23655E+02   0.95827E-02
   0.23849E+02   0.49115E-04
   0.23927E+02   0.11598E-03
   0.23942E+02   0.13047E-03
   0.24028E+02   0.32243E-01
   0.24072E+02   0.46116E-03
   0.24087E+02   0.17080E-03
   0.24088E+02   0.47609E-13
   0.24185E+02   0.33063E-02
   0.24304E+02   0.44628E-03
   0.24381E+02   0.10627E-03
   0.24444E+02   0.97623E-06
   0.24501E+02   0.18111E-13
   0.24507E+02   0.15221E-05
   0.24553E+02   0.24627E-05
   0.24614E+02   0.29889E-05
   0.24617E+02   0.14393E-02
   0.24617E+02   0.31336E-02
   0.24620E+02   0.53537E-03
   0.24625E+02   0.69047E-04
   0.24672E+02   0.11810E-04
   0.24679E+02   0.41688E-03
   0.24700E+02   0.15552E-08
   0.24739E+02   0.41850E-03
   0.24754E+02   0.26083E-03
   0.24756E+02   0.42766E-01
   0.24777E+02   0.53008E-03
   0.24860E+02   0.26607E-02
   0.24880E+02   0.42073E-03
   0.24894E+02   0.25025E-13
   0.24934E+02   0.73312E-02
   0.25083E+02   0.21080E-02
   0.25096E+02   0.60953E-03
   0.25098E+02   0.17661E-02
   0.25122E+02   0.15994E-01
   0.25162E+02   0.69382E-04
   0.25183E+02   0.11901E-01
   0.25320E+02   0.55927E-02
   0.25365E+02   0.51193E-02
   0.25377E+02   0.18364E-06
   0.25472E+02   0.67010E-02
   0.25486E+02   0.66238E-10
   0.25615E+02   0.61598E-07
   0.25717E+02   0.24132E-02
   0.25750E+02   0.53322E-03
   0.25779E+02   0.31127E-02
   0.25812E+02   0.40653E-05
   0.25844E+02   0.55281E-02
   0.25871E+02   0.10126E-03
   0.25935E+02   0.33636E-02
   0.26035E+02   0.91236E-02
   0.26074E+02   0.16580E-02
   0.26125E+02   0.19289E-05
   0.26133E+02   0.18415E-04
   0.26288E+02   0.25347E-02
   0.26297E+02   0.91073E-04
   0.26331E+02   0.10859E+00
   0.26469E+02   0.12187E-01
   0.26504E+02   0.19329E-02
   0.26522E+02   0.82082E-03
   0.26534E+02   0.31871E-02
   0.26597E+02   0.65336E-11
   0.26602E+02   0.14338E-02
   0.26646E+02   0.10964E-09
   0.26656E+02   0.10169E-04
   0.26680E+02   0.21518E-04
   0.26741E+02   0.22469E-03
   0.26748E+02   0.98166E-10
   0.26771E+02   0.49611E-01
   0.26803E+02   0.45732E-04
   0.26811E+02   0.16513E-02
   0.26838E+02   0.45674E-03
   0.26956E+02   0.14973E-02
   0.26964E+02   0.33375E-12
   0.27020E+02   0.12170E-02
   0.27103E+02   0.47625E-01
   0.27142E+02   0.66709E-04
   0.27173E+02   0.30618E-04
   0.27190E+02   0.62311E-14
   0.27203E+02   0.46343E-03
   0.27210E+02   0.25798E-08
   0.27241E+02   0.96239E-11
   0.27285E+02   0.33453E-03
   0.27331E+02   0.64432E-02
   0.27332E+02   0.30348E-01
   0.27352E+02   0.33622E-02
   0.27450E+02   0.58063E-03
   0.27509E+02   0.75193E-06
   0.27523E+02   0.58823E-11
   0.27653E+02   0.48864E-06
   0.27707E+02   0.12862E-16
   0.27825E+02   0.36262E-04
   0.27872E+02   0.43079E-02
   0.27945E+02   0.13508E-01
   0.28048E+02   0.87527E-03
   0.28052E+02   0.49798E-02
   0.28100E+02   0.29024E-04
   0.28136E+02   0.14531E-12
   0.28140E+02   0.13053E-05
   0.28144E+02   0.60166E-06
   0.28258E+02   0.79891E-06
   0.28289E+02   0.62679E-02
   0.28365E+02   0.98292E-03
   0.28396E+02   0.10511E-04
   0.28455E+02   0.88867E-05
   0.28476E+02   0.82620E-06
   0.28482E+02   0.94884E-07
   0.28492E+02   0.13365E-03
   0.28502E+02   0.38721E-07
   0.28569E+02   0.58585E-02
   0.28612E+02   0.18697E-02
   0.28661E+02   0.81996E-11
   0.28725E+02   0.15120E-04
   0.28752E+02   0.11465E-05
   0.28788E+02   0.48043E-06
   0.28871E+02   0.25692E-11
   0.28922E+02   0.34488E-02
   0.28972E+02   0.56380E-07
   0.29005E+02   0.44065E-12
   0.29022E+02   0.27695E-05
   0.29056E+02   0.18828E-02
   0.29096E+02   0.90428E-06
   0.29164E+02   0.52916E-11
   0.29228E+02   0.20351E-05
   0.29307E+02   0.84225E-04
   0.29310E+02   0.10734E-02
   0.29340E+02   0.16923E-02
   0.29341E+02   0.79580E-05
   0.29366E+02   0.15938E-05
   0.29406E+02   0.46181E-02
   0.29564E+02   0.30288E-02
   0.29585E+02   0.85662E-02
   0.29606E+02   0.14016E-12
   0.29764E+02   0.21164E-02
   0.29775E+02   0.28560E-04
   0.29781E+02   0.44082E-02
   0.29808E+02   0.36928E-02
   0.29820E+02   0.32714E-03
   0.29867E+02   0.21652E-03
   0.29894E+02   0.42848E-02
   0.29927E+02   0.20328E-04
   0.29954E+02   0.17499E-11
   0.29967E+02   0.39556E-03
   0.30001E+02   0.24874E-03
   0.30025E+02   0.17126E-04
   0.30029E+02   0.21748E-02
   0.30082E+02   0.16000E-03
   0.30088E+02   0.59888E-06
   0.30448E+02   0.22893E-02
   0.30484E+02   0.43650E-04
   0.30557E+02   0.45302E-05
   0.30562E+02   0.18549E-03
   0.30567E+02   0.10801E-04
   0.30673E+02   0.18219E-03
   0.30724E+02   0.17789E-02
   0.30748E+02   0.74274E-02
   0.30868E+02   0.34752E-02
   0.30935E+02   0.59437E-13
   0.30960E+02   0.27503E-06
   0.30966E+02   0.19776E-03
   0.30999E+02   0.36833E-03
   0.31049E+02   0.11490E-02
   0.31085E+02   0.88383E-03
   0.31148E+02   0.85206E-03
   0.31185E+02   0.19339E-01
   0.31195E+02   0.28701E-03
   0.31219E+02   0.11599E-01
   0.31255E+02   0.64640E-04
   0.31275E+02   0.57699E-04
   0.31326E+02   0.14024E-03
   0.31409E+02   0.72502E-05
   0.31411E+02   0.96580E-03
   0.31426E+02   0.47474E-04
   0.31437E+02   0.48862E-05
   0.31475E+02   0.16081E-02
   0.31589E+02   0.48087E-07
   0.31617E+02   0.19070E-03
   0.31693E+02   0.95644E-05
   0.31716E+02   0.14862E-16
   0.31732E+02   0.59204E-02
   0.31803E+02   0.93253E-03
   0.31808E+02   0.19966E-02
   0.31811E+02   0.65487E-03
   0.31872E+02   0.38143E-05
   0.31960E+02   0.11351E-02
   0.32181E+02   0.61865E-05
   0.32187E+02   0.14909E-08
   0.32190E+02   0.39857E-05
   0.32239E+02   0.14984E-05
   0.32248E+02   0.18556E-03
   0.32266E+02   0.28833E-01
   0.32281E+02   0.21512E-03
   0.32300E+02   0.53655E-03
   0.32365E+02   0.43348E-04
   0.32410E+02   0.16398E-04
   0.32471E+02   0.10072E-04
   0.32472E+02   0.15499E-03
   0.32553E+02   0.24029E-04
   0.32560E+02   0.37857E-14
   0.32642E+02   0.30403E-02
   0.32709E+02   0.13115E-03
   0.32851E+02   0.65175E-02
   0.32853E+02   0.25260E-03
   0.32929E+02   0.20773E-02
   0.32967E+02   0.22262E-03
   0.33116E+02   0.15799E-02
   0.33153E+02   0.32186E-02
   0.33259E+02   0.42140E-02
   0.33264E+02   0.23286E-08
   0.33316E+02   0.54690E-08
   0.33371E+02   0.14811E-04
   0.33377E+02   0.19591E-03
   0.33394E+02   0.68043E-02
   0.33457E+02   0.13387E-04
   0.33616E+02   0.46015E-04
   0.33651E+02   0.10284E-06
   0.33670E+02   0.40091E-03
   0.33688E+02   0.95987E-01
   0.33786E+02   0.11529E-03
   0.33867E+02   0.13592E-02
   0.33919E+02   0.18058E-04
   0.34052E+02   0.57026E-03
   0.34069E+02   0.53512E-05
   0.34070E+02   0.67259E-05
   0.34116E+02   0.14613E-04
   0.34181E+02   0.10498E-02
   0.34190E+02   0.56098E-02
   0.34196E+02   0.20108E-05
   0.34246E+02   0.31515E-07
   0.34282E+02   0.22989E-03
   0.34294E+02   0.21495E-05
   0.34327E+02   0.60398E-04
   0.34328E+02   0.10305E-04
   0.34347E+02   0.78194E-03
   0.34371E+02   0.20368E-02
   0.34449E+02   0.84404E-04
   0.34483E+02   0.43309E-02
   0.34540E+02   0.14196E-03
   0.34551E+02   0.45691E-07
   0.34560E+02   0.37216E-09
   0.34602E+02   0.37414E-10
   0.34621E+02   0.18051E-08
   0.34640E+02   0.26108E-04
   0.34705E+02   0.17489E-04
   0.34710E+02   0.46403E-09
   0.34714E+02   0.26016E-06
   0.34756E+02   0.81868E-03
   0.34848E+02   0.15012E-04
   0.34859E+02   0.29124E-03
   0.34867E+02   0.31764E-04
   0.34934E+02   0.61113E-05
   0.34977E+02   0.84986E-14
   0.35074E+02   0.33113E-09
   0.35077E+02   0.27507E-06
   0.35115E+02   0.21680E-06
   0.35164E+02   0.76250E-03
   0.35318E+02   0.21947E-06
   0.35405E+02   0.25701E-12
   0.35435E+02   0.35423E-08
   0.35523E+02   0.53642E-03
   0.35659E+02   0.82145E-03
   0.35666E+02   0.23489E-07
   0.35673E+02   0.27462E-05
   0.35688E+02   0.37001E-12
   0.35705E+02   0.22592E-03
   0.35801E+02   0.10636E-04
   0.35815E+02   0.29751E-06
   0.35919E+02   0.53045E-03
   0.35952E+02   0.11157E-04
   0.35957E+02   0.10143E-05
   0.35974E+02   0.32698E-03
   0.36057E+02   0.15253E-05
   0.36066E+02   0.12938E-14
   0.36089E+02   0.17685E-03
   0.36091E+02   0.25249E-07
   0.36154E+02   0.10425E-04
   0.36224E+02   0.47173E-03
   0.36229E+02   0.32364E-10
   0.36253E+02   0.23117E-05
   0.36261E+02   0.11353E-02
   0.36389E+02   0.14104E-03
   0.36426E+02   0.47997E-06
   0.36458E+02   0.15634E-09
   0.36462E+02   0.12934E-03
   0.36478E+02   0.10699E-11
   0.36539E+02   0.69952E-08
   0.36588E+02   0.27721E-10
   0.36615E+02   0.39661E-03
   0.36648E+02   0.32211E-07
   0.36659E+02   0.92327E-04
   0.36704E+02   0.17547E-02
   0.36709E+02   0.64928E-10
   0.36722E+02   0.15673E-03
   0.36745E+02   0.66680E-04
   0.36841E+02   0.38892E-09
   0.36926E+02   0.19799E-02
   0.36926E+02   0.65080E-05
   0.36927E+02   0.16580E-05
   0.36993E+02   0.11109E-04
   0.37054E+02   0.12626E-02
   0.37058E+02   0.19506E-04
   0.37118E+02   0.14995E-03
   0.37141E+02   0.51094E-09
   0.37156E+02   0.22480E-05
   0.37170E+02   0.19568E-05
   0.37194E+02   0.14125E-11
   0.37227E+02   0.78030E-03
   0.37250E+02   0.55916E-01
   0.37348E+02   0.22622E-03
   0.37420E+02   0.51363E-03
   0.37463E+02   0.73269E-04
   0.37478E+02   0.11971E-12
   0.37510E+02   0.32687E-02
   0.37526E+02   0.60959E-07
   0.37531E+02   0.15811E-02
   0.37586E+02   0.66910E-03
   0.37654E+02   0.46753E-02
   0.37685E+02   0.13540E-03
   0.37700E+02   0.10523E-04
   0.37724E+02   0.51015E-04
   0.37726E+02   0.53992E-08
   0.37753E+02   0.80767E-07
   0.37768E+02   0.27358E-04
   0.37825E+02   0.59109E-02
   0.37880E+02   0.90250E-11
   0.38022E+02   0.42756E-04
   0.38033E+02   0.14660E-06
   0.38040E+02   0.65880E-08
   0.38203E+02   0.44666E-03
   0.38219E+02   0.16587E-02
   0.38251E+02   0.15157E-02
   0.38339E+02   0.34316E-04
   0.38376E+02   0.33317E-03
   0.38402E+02   0.27634E-04
   0.38408E+02   0.73657E-07
   0.38416E+02   0.12010E-03
   0.38442E+02   0.99316E-03
   0.38454E+02   0.27107E-10
   0.38477E+02   0.20048E-03
   0.38526E+02   0.41068E-02
   0.38541E+02   0.22405E-07
   0.38555E+02   0.21796E-02
   0.38583E+02   0.21637E-04
   0.38593E+02   0.33089E-03
   0.38642E+02   0.15739E-05
   0.38646E+02   0.33116E-02
   0.38659E+02   0.30900E-06
   0.38678E+02   0.60738E-04
   0.38685E+02   0.77948E-06
   0.38694E+02   0.43598E-03
   0.38699E+02   0.63659E-05
   0.38709E+02   0.44477E-04
   0.38727E+02   0.13685E-07
   0.38877E+02   0.59995E-03
   0.38896E+02   0.18965E-04
   0.38969E+02   0.44503E-02
   0.38996E+02   0.14713E-05
   0.39047E+02   0.11525E-03
   0.39117E+02   0.10913E-08
   0.39152E+02   0.18958E-03
   0.39203E+02   0.77647E-06
   0.39218E+02   0.63117E-03
   0.39255E+02   0.20456E-07
   0.39258E+02   0.28580E-03
   0.39308E+02   0.43842E-06
   0.39308E+02   0.36012E-05
   0.39346E+02   0.25699E-02
   0.39357E+02   0.11549E-04
   0.39372E+02   0.54241E-06
   0.39427E+02   0.23682E-04
   0.39446E+02   0.10266E-04
   0.39455E+02   0.65280E-02
   0.39477E+02   0.22706E-04
   0.39481E+02   0.35749E-07
   0.39515E+02   0.14039E-02
   0.39540E+02   0.37990E-03
   0.39558E+02   0.31205E-02
   0.39577E+02   0.15359E-02
   0.39601E+02   0.46210E-03
   0.39606E+02   0.16809E-03
   0.39625E+02   0.67473E-02
   0.39625E+02   0.18380E-02
   0.39720E+02   0.33439E-04
   0.39801E+02   0.67022E-05
   0.39897E+02   0.65649E-07
   0.39908E+02   0.40881E-02
   0.39910E+02   0.19758E-03
   0.39911E+02   0.29674E-06
   0.39916E+02   0.25368E-03
   0.39929E+02   0.29081E-09
   0.39943E+02   0.19791E-03
   0.39977E+02   0.99876E-04
   0.40046E+02   0.76692E-06
   0.40060E+02   0.21745E-06
   0.40112E+02   0.50184E-05
   0.40134E+02   0.81549E-09
   0.40144E+02   0.14537E-03
   0.40220E+02   0.20820E-03
   0.40270E+02   0.79443E-03
   0.40352E+02   0.70258E-03
   0.40373E+02   0.81973E-12
   0.40375E+02   0.10843E-03
   0.40419E+02   0.10129E-06
   0.40465E+02   0.89173E-03
   0.40497E+02   0.41765E-06
   0.40575E+02   0.61719E-08
   0.40626E+02   0.83734E-05
   0.40676E+02   0.14343E-03
   0.40685E+02   0.13892E-05
   0.40803E+02   0.35239E-05
   0.40812E+02   0.71839E-09
   0.40823E+02   0.47567E-04
   0.40883E+02   0.25240E-05
   0.40913E+02   0.38383E-05
   0.40957E+02   0.20118E-03
   0.41033E+02   0.17708E-03
   0.41051E+02   0.90180E-04
   0.41057E+02   0.14002E-07
   0.41062E+02   0.14009E-03
   0.41095E+02   0.29523E-03
   0.41103E+02   0.35777E-03
   0.41114E+02   0.16228E-02
   0.41157E+02   0.58661E-11
   0.41206E+02   0.19820E-04
   0.41221E+02   0.67802E-06
   0.41321E+02   0.34658E-04
   0.41410E+02   0.20613E-04
   0.41496E+02   0.66405E-04
   0.41499E+02   0.22751E-03
   0.41508E+02   0.16776E-02
   0.41528E+02   0.13793E-06
   0.41591E+02   0.30506E-03
   0.41600E+02   0.36593E-05
   0.41657E+02   0.43950E-04
   0.41869E+02   0.40392E-02
   0.41875E+02   0.41603E-13
   0.41902E+02   0.29804E-02
   0.41938E+02   0.22672E-04
   0.41960E+02   0.50987E-06
   0.41963E+02   0.12038E-02
   0.41989E+02   0.73507E-04
   0.41994E+02   0.59358E-06
   0.42089E+02   0.94697E-05
   0.42128E+02   0.91019E-04
   0.42194E+02   0.32163E-03
   0.42247E+02   0.70156E-02
   0.42272E+02   0.85702E-11
   0.42295E+02   0.10870E-03
   0.42350E+02   0.17140E-03
   0.42428E+02   0.13495E-03
   0.42458E+02   0.25143E-03
   0.42462E+02   0.51373E-10
   0.42482E+02   0.52264E-04
   0.42541E+02   0.26488E-07
   0.42628E+02   0.27087E-07
   0.42668E+02   0.29904E-03
   0.42689E+02   0.22236E-07
   0.42694E+02   0.23311E-03
   0.42734E+02   0.26191E-03
   0.42790E+02   0.12433E-06
   0.42854E+02   0.35984E-05
   0.42856E+02   0.22689E-04
   0.42921E+02   0.45897E-05
   0.42965E+02   0.56000E-04
   0.42988E+02   0.54944E-03
   0.42991E+02   0.80880E-14
   0.43172E+02   0.78853E-05
   0.43175E+02   0.83417E-04
   0.43184E+02   0.35124E-02
   0.43233E+02   0.65569E-04
   0.43285E+02   0.12709E-06
   0.43301E+02   0.50441E-07
   0.43303E+02   0.90281E-04
   0.43305E+02   0.98281E-08
   0.43337E+02   0.29387E-09
   0.43350E+02   0.26700E-02
   0.43382E+02   0.11915E-11
   0.43598E+02   0.69408E-10
   0.43666E+02   0.21778E-07
   0.43687E+02   0.11843E-04
   0.43693E+02   0.21679E-01
   0.43747E+02   0.19409E-04
   0.43787E+02   0.22956E-09
   0.43914E+02   0.35004E-04
   0.43953E+02   0.67099E-06
   0.43964E+02   0.10834E-03
   0.43981E+02   0.13144E-06
   0.43981E+02   0.27613E-05
   0.43983E+02   0.15865E-01
   0.44031E+02   0.39889E-03
   0.44099E+02   0.96899E-10
   0.44109E+02   0.11513E-10
   0.44114E+02   0.96413E-07
   0.44176E+02   0.24129E-02
   0.44183E+02   0.93255E-07
   0.44225E+02   0.68721E-05
   0.44235E+02   0.34364E-03
   0.44292E+02   0.18601E-01
   0.44413E+02   0.29628E-02
   0.44426E+02   0.23870E-03
   0.44571E+02   0.68958E-03
   0.44626E+02   0.99794E-03
   0.44648E+02   0.54907E-09
   0.44664E+02   0.15399E-07
   0.44702E+02   0.86017E-03
   0.44704E+02   0.10430E-02
   0.44712E+02   0.21530E-07
   0.45014E+02   0.13669E-02
   0.45028E+02   0.47075E-02
   0.45062E+02   0.59209E-03
   0.45122E+02   0.60970E-05
   0.45128E+02   0.10806E-02
   0.45147E+02   0.16379E-05
   0.45162E+02   0.16736E-04
   0.45206E+02   0.30497E-03
   0.45308E+02   0.21975E-05
   0.45316E+02   0.19392E-04
   0.45359E+02   0.33904E-07
   0.45392E+02   0.52891E-04
   0.45489E+02   0.17679E-03
   0.45529E+02   0.71376E-10
   0.45541E+02   0.24942E-02
   0.45563E+02   0.36279E-02
   0.45571E+02   0.18333E-04
   0.45572E+02   0.31661E-04
   0.45640E+02   0.39690E-02
   0.45659E+02   0.17826E-04
   0.45738E+02   0.72589E-04
   0.45759E+02   0.77591E-04
   0.45788E+02   0.18336E-03
   0.45839E+02   0.74858E-06
   0.45861E+02   0.14034E-03
   0.45912E+02   0.75207E-10
   0.45993E+02   0.43149E-06
   0.46034E+02   0.27566E-02
   0.46067E+02   0.31342E-05
   0.46069E+02   0.10113E-04
   0.46114E+02   0.11675E-05
   0.46131E+02   0.10288E-04
   0.46211E+02   0.31307E-04
   0.46232E+02   0.77968E-04
   0.46248E+02   0.43305E-03
   0.46255E+02   0.29519E-03
   0.46308E+02   0.25623E-03
   0.46337E+02   0.24941E-03
   0.46391E+02   0.48143E-07
   0.46413E+02   0.27321E-07
   0.46425E+02   0.22692E-11
   0.46471E+02   0.58842E-07
   0.46553E+02   0.73990E-06
   0.46561E+02   0.19250E-04
   0.46568E+02   0.11910E-12
   0.46627E+02   0.55520E-03
   0.46663E+02   0.65674E-04
   0.46677E+02   0.41920E-05
   0.46691E+02   0.64572E-12
   0.46694E+02   0.45361E-03
   0.46699E+02   0.28488E-02
   0.46779E+02   0.77563E-03
   0.46788E+02   0.24984E-03
   0.46804E+02   0.41949E-04
   0.46854E+02   0.76174E-11
   0.46864E+02   0.29660E-05
   0.46884E+02   0.11399E-04
   0.46950E+02   0.11732E-03
   0.46990E+02   0.71244E-03
   0.46995E+02   0.57169E-08
   0.47022E+02   0.29727E-03
   0.47089E+02   0.84889E-02
   0.47093E+02   0.56118E-04
   0.47132E+02   0.65228E-03
   0.47146E+02   0.69455E-02
   0.47161E+02   0.18253E-06
   0.47213E+02   0.11755E-03
   0.47251E+02   0.16021E-11
   0.47257E+02   0.22432E-02
   0.47269E+02   0.22806E-03
   0.47295E+02   0.64390E-06
   0.47301E+02   0.33252E-06
   0.47311E+02   0.62894E-07
   0.47333E+02   0.28199E-04
   0.47415E+02   0.99563E-05
   0.47421E+02   0.17956E-03
   0.47444E+02   0.11513E-03
   0.47454E+02   0.45452E-06
   0.47504E+02   0.25467E-02
   0.47505E+02   0.26099E-12
   0.47521E+02   0.13129E-01
   0.47585E+02   0.99528E-03
   0.47592E+02   0.85711E-05
   0.47673E+02   0.21263E-03
   0.47773E+02   0.12801E-04
   0.47779E+02   0.70138E-11
   0.47785E+02   0.57720E-05
   0.47829E+02   0.79631E-13
   0.47832E+02   0.47071E-05
   0.47874E+02   0.48692E-03
   0.47883E+02   0.21380E-03
   0.47919E+02   0.59662E-05
   0.47923E+02   0.13815E-06
   0.47980E+02   0.25271E-05
   0.48024E+02   0.37544E-03
   0.48055E+02   0.28782E-04
   0.48062E+02   0.29224E-05
   0.48064E+02   0.10469E-02
   0.48137E+02   0.36692E-05
   0.48157E+02   0.61076E-05
   0.48251E+02   0.13409E-03
   0.48276E+02   0.10118E-02
   0.48313E+02   0.42019E-03
   0.48368E+02   0.32181E-03
   0.48385E+02   0.24146E-05
   0.48409E+02   0.15357E-07
   0.48441E+02   0.22150E-05
   0.48478E+02   0.10257E-10
   0.48479E+02   0.95348E-03
   0.48497E+02   0.55883E-03
   0.48517E+02   0.47988E-02
   0.48558E+02   0.20139E-03
   0.48574E+02   0.31562E-02
   0.48664E+02   0.10517E-02
   0.48763E+02   0.40782E-05
   0.48852E+02   0.72806E-07
   0.48865E+02   0.36094E-03
   0.48932E+02   0.22402E-05
   0.48937E+02   0.47512E-09
   0.48986E+02   0.64321E-04
   0.49028E+02   0.31899E-03
   0.49038E+02   0.10698E-03
   0.49159E+02   0.39005E-03
   0.49284E+02   0.11643E-03
   0.49298E+02   0.31377E-09
   0.49308E+02   0.14655E-04
   0.49448E+02   0.23213E-04
   0.49513E+02   0.35050E-04
   0.49537E+02   0.25443E-05
   0.49566E+02   0.65465E-07
   0.49661E+02   0.77484E-04
   0.49680E+02   0.12722E-07
   0.49838E+02   0.47306E-07
   0.49855E+02   0.40758E-09
   0.49871E+02   0.20695E-08
   0.49877E+02   0.62483E-07
   0.49885E+02   0.62807E-08
   0.49899E+02   0.28852E-03
   0.49919E+02   0.43210E-03
   0.49944E+02   0.22098E-02
   0.50102E+02   0.50971E-03
   0.50152E+02   0.62091E-04
   0.50214E+02   0.22232E-04
   0.50311E+02   0.11087E-03
   0.50363E+02   0.55775E-03
   0.50387E+02   0.74387E-03
   0.50406E+02   0.35326E-02
   0.50573E+02   0.15717E-03
   0.50626E+02   0.40074E-04
   0.50633E+02   0.17048E-13
   0.50638E+02   0.47842E-03
   0.50663E+02   0.31754E-03
   0.50683E+02   0.36639E-08
   0.50708E+02   0.17381E-02
   0.50729E+02   0.19432E-08
   0.50801E+02   0.24710E-12
   0.50867E+02   0.13694E-07
   0.50974E+02   0.95711E-13
   0.50974E+02   0.11155E-02
   0.50976E+02   0.26032E-03
   0.51026E+02   0.34832E-04
   0.51052E+02   0.35657E-02
   0.51102E+02   0.26630E-03
   0.51134E+02   0.19394E-01
   0.51223E+02   0.23466E-05
   0.51275E+02   0.62759E-06
   0.51276E+02   0.29296E-16
   0.51300E+02   0.97475E-03
   0.51303E+02   0.12131E-04
   0.51370E+02   0.13534E-06
   0.51392E+02   0.53788E-09
   0.51399E+02   0.27513E-04
   0.51586E+02   0.18268E-05
   0.51622E+02   0.59656E-06
   0.51623E+02   0.91429E-07
   0.51666E+02   0.41762E-03
   0.51755E+02   0.41789E-04
   0.51760E+02   0.75669E-14
   0.51811E+02   0.41926E-03
   0.51830E+02   0.39650E-08
   0.51912E+02   0.14380E-05
   0.51923E+02   0.84608E-07
   0.51982E+02   0.57379E-02
   0.52171E+02   0.34571E-02
   0.52174E+02   0.60322E-02
   0.52211E+02   0.31856E-03
   0.52288E+02   0.26200E-03
   0.52296E+02   0.17820E-03
   0.52323E+02   0.14466E-06
   0.52341E+02   0.40928E-03
   0.52360E+02   0.83162E-05
   0.52374E+02   0.50724E-05
   0.52393E+02   0.26997E-15
   0.52668E+02   0.29147E-04
   0.52767E+02   0.16816E-06
   0.52807E+02   0.59105E-03
   0.52836E+02   0.14065E-02
   0.52847E+02   0.74364E-08
   0.52848E+02   0.49851E-07
   0.52880E+02   0.62098E-04
   0.52938E+02   0.21083E-04
   0.52972E+02   0.17289E-06
   0.53023E+02   0.47035E-03
   0.53027E+02   0.68255E-03
   0.53276E+02   0.13774E-03
   0.53368E+02   0.63688E-07
   0.53398E+02   0.79293E-03
   0.53407E+02   0.13018E-04
   0.53485E+02   0.20865E-07
   0.53497E+02   0.12631E-02
   0.53500E+02   0.96709E-04
   0.53530E+02   0.27469E-06
   0.53545E+02   0.71575E-04
   0.53559E+02   0.37282E-06
   0.53601E+02   0.20194E-05
   0.53758E+02   0.10518E-02
   0.53813E+02   0.30652E-09
   0.53883E+02   0.15333E-10
   0.53989E+02   0.20667E-02
   0.54053E+02   0.45013E-04
   0.54066E+02   0.11344E-02
   0.54104E+02   0.51793E-06
   0.54123E+02   0.10369E-02
   0.54136E+02   0.45639E-06
   0.54153E+02   0.81555E-04
   0.54183E+02   0.28962E-03
   0.54202E+02   0.47737E-02
   0.54217E+02   0.19048E-11
   0.54480E+02   0.61914E-03
   0.54529E+02   0.37935E-04
   0.54535E+02   0.13131E-04
   0.54611E+02   0.32894E-02
   0.54696E+02   0.73000E-03
   0.54727E+02   0.23458E-03
   0.54727E+02   0.83209E-03
   0.54737E+02   0.14078E-06
   0.54759E+02   0.20766E-03
   0.54785E+02   0.11244E-05
   0.54832E+02   0.13542E-06
   0.54952E+02   0.28263E-07
   0.54968E+02   0.74096E-04
   0.54987E+02   0.57371E-02
   0.55057E+02   0.51131E-03
   0.55060E+02   0.10667E-02
   0.55132E+02   0.15259E-04
   0.55197E+02   0.78366E-03
   0.55277E+02   0.19336E-07
   0.55309E+02   0.31481E-02
   0.55392E+02   0.67439E-04
   0.55459E+02   0.14079E-03
   0.55536E+02   0.34471E-07
   0.55552E+02   0.30777E-03
   0.55631E+02   0.42693E-11
   0.55648E+02   0.22360E-03
   0.55662E+02   0.29863E-04
   0.55684E+02   0.98720E-03
   0.55722E+02   0.11685E-03
   0.55750E+02   0.15256E-09
   0.55772E+02   0.32534E-07
   0.55814E+02   0.50933E-03
   0.55907E+02   0.70595E-03
   0.55993E+02   0.17318E-04
   0.56030E+02   0.55515E-05
   0.56039E+02   0.86944E-11
   0.56092E+02   0.10361E-02
   0.56125E+02   0.76033E-04
   0.56148E+02   0.45721E-03
   0.56216E+02   0.45611E-07
   0.56256E+02   0.87129E-04
   0.56302E+02   0.28568E-02
   0.56334E+02   0.13626E-02
   0.56340E+02   0.12318E-02
   0.56396E+02   0.24267E-05
   0.56561E+02   0.12823E-14
   0.56584E+02   0.44927E-04
   0.56659E+02   0.74950E-03
   0.56684E+02   0.36352E-03
   0.56720E+02   0.58778E-07
   0.56775E+02   0.64319E-03
   0.56787E+02   0.15271E-06
   0.56896E+02   0.13810E-01
   0.56900E+02   0.25813E-02
   0.56912E+02   0.70361E-03
   0.56925E+02   0.27156E-04
   0.56979E+02   0.12667E-04
   0.57000E+02   0.41471E-02
   0.57080E+02   0.29671E-07
   0.57096E+02   0.16185E-03
   0.57154E+02   0.12997E-03
   0.57176E+02   0.14440E-07
   0.57178E+02   0.11162E-04
   0.57289E+02   0.70893E-05
   0.57323E+02   0.18583E-03
   0.57524E+02   0.84369E-03
   0.57573E+02   0.19768E-02
   0.57582E+02   0.19287E-03
   0.57603E+02   0.10915E-02
   0.57631E+02   0.66438E-04
   0.57657E+02   0.76329E-03
   0.57693E+02   0.88663E-04
   0.57709E+02   0.17740E-03
   0.57727E+02   0.59010E-03
   0.57849E+02   0.51530E-04
   0.57998E+02   0.21107E-09
   0.58086E+02   0.17466E-03
   0.58108E+02   0.62814E-05
   0.58131E+02   0.18439E-03
   0.58142E+02   0.73816E-07
   0.58166E+02   0.77782E-05
   0.58281E+02   0.13712E-02
   0.58298E+02   0.87379E-03
   0.58355E+02   0.24932E-02
   0.58379E+02   0.16206E-13
   0.58384E+02   0.58450E-03
   0.58490E+02   0.46861E-08
   0.58545E+02   0.21493E-12
   0.58554E+02   0.10929E-02
   0.58618E+02   0.58946E-11
   0.58630E+02   0.78798E-03
   0.58656E+02   0.13279E-02
   0.58722E+02   0.11603E-05
   0.58734E+02   0.30740E-03
   0.58740E+02   0.10802E-03
   0.58767E+02   0.73130E-04
   0.58788E+02   0.63567E-03
   0.58879E+02   0.31909E-06
   0.58924E+02   0.84615E-12
   0.58958E+02   0.15097E-09
   0.59022E+02   0.45154E-03
   0.59037E+02   0.17449E-03
   0.59078E+02   0.33751E-07
   0.59180E+02   0.40304E-03
   0.59215E+02   0.56440E-03
   0.59233E+02   0.76021E-12
   0.59243E+02   0.21291E-03
   0.59267E+02   0.18276E-05
   0.59275E+02   0.54003E-05
   0.59328E+02   0.63610E-03
   0.59346E+02   0.85592E-09
   0.59370E+02   0.33112E-04
   0.59373E+02   0.32901E-03
   0.59496E+02   0.34276E-07
   0.59553E+02   0.32779E-13
   0.59614E+02   0.28655E-03
   0.59752E+02   0.11510E-02
   0.59795E+02   0.39861E-03
   0.59882E+02   0.91269E-11
   0.59954E+02   0.10997E-07
   0.59968E+02   0.26031E-08
   0.59982E+02   0.16250E-08
   0.60000E+02   0.62581E-03
   0.60070E+02   0.97288E-03
   0.60070E+02   0.18046E-02
   0.60117E+02   0.15954E-06
   0.60145E+02   0.38575E-05
   0.60151E+02   0.47866E-06
   0.60151E+02   0.14808E-03
   0.60155E+02   0.37939E-13
   0.60191E+02   0.22305E-02
   0.60277E+02   0.36717E-03
   0.60313E+02   0.10297E-03
   0.60343E+02   0.15436E-02
   0.60382E+02   0.72763E-06
   0.60429E+02   0.15913E-02
   0.60443E+02   0.12038E-13
   0.60445E+02   0.60775E-06
   0.60453E+02   0.40968E-04
   0.60494E+02   0.65189E-03
   0.60509E+02   0.10883E-03
   0.60540E+02   0.15407E-03
   0.60634E+02   0.64228E-03
   0.60750E+02   0.34642E-14
   0.60757E+02   0.23578E-03
   0.60770E+02   0.15619E-05
   0.60847E+02   0.77227E-04
   0.60868E+02   0.59334E-08
   0.61044E+02   0.38429E-02
   0.61080E+02   0.28137E-04
   0.61085E+02   0.29958E-03
   0.61120E+02   0.63238E-03
   0.61149E+02   0.21744E-04
   0.61202E+02   0.98504E-03
   0.61244E+02   0.37769E-05
   0.61331E+02   0.11649E-09
   0.61346E+02   0.14179E-02
   0.61422E+02   0.81456E-03
   0.61482E+02   0.73972E-03
   0.61486E+02   0.11032E-08
   0.61711E+02   0.68795E-08
   0.61713E+02   0.31541E-08
   0.61739E+02   0.19975E-03
   0.61788E+02   0.11520E-06
   0.61816E+02   0.32876E-03
   0.61843E+02   0.95352E-02
   0.61847E+02   0.13890E-02
   0.62000E+02   0.56064E-04
   0.62040E+02   0.46907E-05
   0.62041E+02   0.28074E-03
   0.62129E+02   0.10405E-03
   0.62131E+02   0.15292E-06
   0.62347E+02   0.75334E-02
   0.62394E+02   0.15563E-03
   0.62518E+02   0.33030E-07
   0.62525E+02   0.28426E-04
   0.62540E+02   0.35182E-03
   0.62564E+02   0.15153E-03
   0.62572E+02   0.13682E-03
   0.62585E+02   0.55394E-04
   0.62635E+02   0.22103E-08
   0.62671E+02   0.21340E-07
   0.62684E+02   0.49409E-03
   0.62693E+02   0.82513E-13
   0.62712E+02   0.10405E-04
   0.62735E+02   0.30125E-12
   0.62744E+02   0.66482E-03
   0.62834E+02   0.32503E-06
   0.62848E+02   0.35212E-04
   0.62866E+02   0.27753E-03
   0.62927E+02   0.84219E-06
   0.62936E+02   0.11328E-05
   0.63004E+02   0.53645E-04
   0.63012E+02   0.12501E-06
   0.63028E+02   0.67770E-07
   0.63068E+02   0.63451E-05
   0.63112E+02   0.31254E-04
   0.63158E+02   0.17171E-07
   0.63173E+02   0.12062E-04
   0.63187E+02   0.17687E-03
   0.63192E+02   0.16078E-05
   0.63193E+02   0.32550E-03
   0.63239E+02   0.10201E-03
   0.63243E+02   0.15359E-02
   0.63411E+02   0.30439E-04
   0.63445E+02   0.75441E-04
   0.63453E+02   0.20403E-03
   0.63468E+02   0.96617E-13
   0.63498E+02   0.28269E-02
   0.63549E+02   0.37801E-04
   0.63724E+02   0.17686E-08
   0.63726E+02   0.17087E-04
   0.63753E+02   0.30346E-04
   0.63836E+02   0.25346E-10
   0.63977E+02   0.35044E-16
   0.64034E+02   0.15950E-02
   0.64234E+02   0.22127E-04
   0.64248E+02   0.26095E-02
   0.64391E+02   0.24561E-03
   0.64484E+02   0.25589E-03
   0.64509E+02   0.30396E-04
   0.64543E+02   0.30471E-03
   0.64581E+02   0.49250E-08
   0.64596E+02   0.71482E-05
   0.64610E+02   0.97616E-05
   0.64641E+02   0.62491E-02
   0.64697E+02   0.26849E-04
   0.64762E+02   0.18095E-05
   0.64764E+02   0.11649E-02
   0.64794E+02   0.31178E-04
   0.64887E+02   0.29279E-05
   0.64930E+02   0.17957E-03
   0.64961E+02   0.10182E-02
   0.64993E+02   0.41056E-03
   0.65010E+02   0.11909E-05
   0.65020E+02   0.58735E-02
   0.65049E+02   0.12846E-11
   0.65085E+02   0.31470E-02
   0.65087E+02   0.22505E-05
   0.65095E+02   0.34358E-02
   0.65107E+02   0.39476E-04
   0.65210E+02   0.25475E-07
   0.65289E+02   0.10766E-04
   0.65309E+02   0.10855E-03
   0.65382E+02   0.26950E-09
   0.65386E+02   0.17715E-12
   0.65392E+02   0.15638E-05
   0.65399E+02   0.17499E-04
   0.65409E+02   0.14985E-06
   0.65421E+02   0.13072E-03
   0.65461E+02   0.48912E-07
   0.65494E+02   0.47045E-04
   0.65654E+02   0.32864E-03
   0.65774E+02   0.97701E-05
   0.65895E+02   0.49761E-07
   0.65900E+02   0.39076E-07
   0.65907E+02   0.48084E-03
   0.66023E+02   0.70783E-05
   0.66026E+02   0.52497E-05
   0.66038E+02   0.21501E-05
   0.66046E+02   0.12800E-09
   0.66096E+02   0.42801E-03
   0.66125E+02   0.27306E-08
   0.66146E+02   0.40834E-10
   0.66208E+02   0.48623E-07
   0.66275E+02   0.38765E-04
   0.66288E+02   0.84902E-11
   0.66422E+02   0.26739E-02
   0.66430E+02   0.17878E-03
   0.66631E+02   0.72801E-03
   0.66664E+02   0.19401E-04
   0.66754E+02   0.67039E-04
   0.66798E+02   0.38450E-12
   0.66807E+02   0.65501E-02
   0.66834E+02   0.32784E-04
   0.66900E+02   0.17824E-04
   0.66963E+02   0.30221E-07
   0.66968E+02   0.59538E-03
   0.67033E+02   0.34526E-08
   0.67101E+02   0.31208E-04
   0.67113E+02   0.13973E-08
   0.67131E+02   0.44207E-03
   0.67137E+02   0.58042E-04
   0.67165E+02   0.20077E-04
   0.67213E+02   0.84106E-12
   0.67250E+02   0.74989E-03
   0.67287E+02   0.63312E-04
   0.67315E+02   0.42171E-06
   0.67331E+02   0.13684E-02
   0.67360E+02   0.56981E-04
   0.67362E+02   0.52246E-04
   0.67372E+02   0.47990E-05
   0.67397E+02   0.15035E-03
   0.67442E+02   0.36485E-05
   0.67507E+02   0.28582E-07
   0.67519E+02   0.27153E-04
   0.67524E+02   0.43765E-04
   0.67549E+02   0.35383E-03
   0.67573E+02   0.78323E-10
   0.67596E+02   0.10154E-05
   0.67600E+02   0.20507E-03
   0.67626E+02   0.89907E-15
   0.67695E+02   0.55845E-03
   0.67769E+02   0.16631E-03
   0.67794E+02   0.18086E-05
   0.67809E+02   0.11264E-03
   0.67827E+02   0.15434E-02
   0.67844E+02   0.64446E-04
   0.67848E+02   0.16574E-05
   0.67868E+02   0.93230E-06
   0.67871E+02   0.60553E-04
   0.67875E+02   0.18211E-03
   0.67950E+02   0.17069E-03
   0.67979E+02   0.13295E-03
   0.67997E+02   0.67667E-12
   0.68000E+02   0.77000E-04
   0.68023E+02   0.35614E-10
   0.68136E+02   0.89333E-04
   0.68139E+02   0.92327E-10
   0.68255E+02   0.20085E-03
   0.68286E+02   0.14630E-08
   0.68309E+02   0.23937E-03
   0.68343E+02   0.42022E-03
   0.68363E+02   0.49954E-09
   0.68508E+02   0.15174E-04
   0.68545E+02   0.25971E-05
   0.68589E+02   0.87099E-09
   0.68685E+02   0.24653E-02
   0.68689E+02   0.35405E-04
   0.68694E+02   0.18129E-03
   0.68725E+02   0.80463E-03
   0.68736E+02   0.48426E-09
   0.68812E+02   0.50820E-04
   0.68831E+02   0.27089E-02
   0.68841E+02   0.34726E-10
   0.68907E+02   0.12544E-03
   0.68918E+02   0.66672E-03
   0.68918E+02   0.38580E-03
   0.68938E+02   0.40026E-06
   0.69001E+02   0.15155E-04
   0.69034E+02   0.20538E-08
   0.69059E+02   0.29275E-02
   0.69096E+02   0.14220E-07
   0.69097E+02   0.21142E-07
   0.69125E+02   0.13850E-08
   0.69174E+02   0.54064E-03
   0.69184E+02   0.34781E-04
   0.69190E+02   0.42640E-03
   0.69198E+02   0.63165E-05
   0.69207E+02   0.13937E-02
   0.69212E+02   0.15991E-03
   0.69299E+02   0.57046E-04
   0.69302E+02   0.20023E-04
   0.69340E+02   0.13727E-04
   0.69353E+02   0.33250E-03
   0.69357E+02   0.19445E-11
   0.69382E+02   0.17302E-04
   0.69425E+02   0.18484E-03
   0.69427E+02   0.15655E-04
   0.69528E+02   0.69357E-07
   0.69535E+02   0.64622E-03
   0.69568E+02   0.12762E-06
   0.69619E+02   0.12897E-03
   0.69627E+02   0.28098E-07
   0.69644E+02   0.59419E-04
   0.69667E+02   0.89045E-03
   0.69694E+02   0.31347E-06
   0.69694E+02   0.24157E-03
   0.69728E+02   0.35425E-07
   0.69804E+02   0.70915E-03
   0.69819E+02   0.95263E-03
   0.69827E+02   0.50284E-04
   0.69914E+02   0.67533E-09
   0.69982E+02   0.40201E-03
   0.69997E+02   0.13756E-03
   0.70010E+02   0.52695E-08
   0.70091E+02   0.11066E-03
   0.70091E+02   0.11405E-04
   0.70103E+02   0.88137E-03
   0.70106E+02   0.31061E-03
   0.70147E+02   0.66745E-03
   0.70189E+02   0.49043E-03
   0.70193E+02   0.40013E-11
   0.70242E+02   0.26410E-06
   0.70282E+02   0.25873E-05
   0.70312E+02   0.76708E-08
   0.70327E+02   0.16589E-03
   0.70340E+02   0.36074E-06
   0.70350E+02   0.19336E-03
   0.70358E+02   0.37689E-03
   0.70389E+02   0.16583E-05
   0.70482E+02   0.60057E-03
   0.70498E+02   0.22843E-06
   0.70505E+02   0.66136E-05
   0.70573E+02   0.10855E-04
   0.70631E+02   0.85445E-13
   0.70739E+02   0.31167E-06
   0.70808E+02   0.72419E-04
   0.70827E+02   0.38564E-08
   0.70857E+02   0.39590E-05
   0.70897E+02   0.22403E-03
   0.70999E+02   0.32186E-08
   0.71012E+02   0.22038E-03
   0.71039E+02   0.64553E-05
   0.71041E+02   0.38164E-07
   0.71107E+02   0.47537E-08
   0.71148E+02   0.10625E-03
   0.71167E+02   0.93091E-04
   0.71170E+02   0.61096E-15
   0.71184E+02   0.44945E-05
   0.71210E+02   0.43015E-04
   0.71213E+02   0.65398E-05
   0.71260E+02   0.86492E-05
   0.71288E+02   0.58448E-13
   0.71290E+02   0.15385E-08
   0.71336E+02   0.13027E-07
   0.71367E+02   0.13505E-12
   0.71483E+02   0.18584E-07
   0.71585E+02   0.26399E-09
   0.71595E+02   0.10515E-03
   0.71602E+02   0.22341E-03
   0.71639E+02   0.13643E-04
   0.71666E+02   0.86516E-03
   0.71676E+02   0.13675E-02
   0.71716E+02   0.14218E-06
   0.71723E+02   0.81662E-06
   0.71758E+02   0.18783E-12
   0.71771E+02   0.63672E-10
   0.71792E+02   0.13789E-03
   0.71808E+02   0.35041E-05
   0.71848E+02   0.56503E-03
   0.71862E+02   0.35881E-06
   0.71919E+02   0.24904E-11
   0.71976E+02   0.23744E-05
   0.72023E+02   0.16888E-04
   0.72038E+02   0.33836E-03
   0.72046E+02   0.10625E-11
   0.72047E+02   0.65839E-06
   0.72052E+02   0.28118E-04
   0.72085E+02   0.13608E-03
   0.72095E+02   0.14909E-04
   0.72143E+02   0.11832E-03
   0.72209E+02   0.14899E-04
   0.72282E+02   0.17113E-03
   0.72291E+02   0.13508E-05
   0.72328E+02   0.88212E-06
   0.72349E+02   0.19565E-04
   0.72361E+02   0.94560E-14
   0.72383E+02   0.14115E-04
   0.72397E+02   0.12868E-03
   0.72400E+02   0.10195E-03
   0.72472E+02   0.15590E-03
   0.72476E+02   0.98879E-03
   0.72599E+02   0.21793E-03
   0.72625E+02   0.18799E-03
   0.72693E+02   0.14503E-04
   0.72748E+02   0.10073E-06
   0.72750E+02   0.15950E-02
   0.72767E+02   0.72804E-03
   0.72808E+02   0.72389E-03
   0.72816E+02   0.33104E-04
   0.73026E+02   0.22077E-04
   0.73091E+02   0.39943E-06
   0.73122E+02   0.97187E-09
   0.73134E+02   0.62645E-11
   0.73176E+02   0.13784E-08
   0.73208E+02   0.86368E-11
   0.73238E+02   0.85491E-03
   0.73364E+02   0.72466E-08
   0.73431E+02   0.16804E-03
   0.73537E+02   0.30434E-13
   0.73557E+02   0.19156E-02
   0.73571E+02   0.10079E-03
   0.73651E+02   0.32345E-04
   0.73670E+02   0.13664E-07
   0.73689E+02   0.11100E-03
   0.73692E+02   0.45132E-06
   0.73806E+02   0.17746E-04
   0.73879E+02   0.49593E-10
   0.73900E+02   0.28401E-04
   0.73948E+02   0.49929E-08
   0.73975E+02   0.36778E-03
   0.74019E+02   0.32158E-02
   0.74028E+02   0.41329E-03
   0.74133E+02   0.48004E-03
   0.74135E+02   0.32103E-02
   0.74178E+02   0.76240E-04
   0.74221E+02   0.12942E-02
   0.74295E+02   0.30343E-09
   0.74320E+02   0.62960E-08
   0.74331E+02   0.30112E-07
   0.74407E+02   0.13162E-03
   0.74448E+02   0.28009E-02
   0.74493E+02   0.12192E-07
   0.74517E+02   0.27563E-04
   0.74598E+02   0.67086E-04
   0.74613E+02   0.13173E-08
   0.74629E+02   0.22413E-05
   0.74652E+02   0.27900E-05
   0.74734E+02   0.23164E-07
   0.74793E+02   0.17937E-02
   0.74805E+02   0.15848E-03
   0.74842E+02   0.43008E-06
   0.74921E+02   0.13945E-04
   0.74931E+02   0.49909E-02
   0.74952E+02   0.29967E-03
   0.74957E+02   0.46825E-04
   0.75057E+02   0.28156E-05
   0.75059E+02   0.17333E-09
   0.75104E+02   0.15268E-06
   0.75131E+02   0.48772E-03
   0.75166E+02   0.64185E-04
   0.75201E+02   0.18954E-06
   0.75213E+02   0.12789E-06
   0.75289E+02   0.12454E-08
   0.75467E+02   0.87043E-13
   0.75476E+02   0.80813E-04
   0.75532E+02   0.48707E-08
   0.75533E+02   0.18079E-09
   0.75534E+02   0.10976E-03
   0.75551E+02   0.27428E-05
   0.75585E+02   0.13074E-09
   0.75634E+02   0.78001E-06
   0.75643E+02   0.24121E-03
   0.75705E+02   0.31344E-05
   0.75748E+02   0.19266E-09
   0.75755E+02   0.48638E-03
   0.75771E+02   0.18514E-03
   0.75829E+02   0.79127E-09
   0.75892E+02   0.26415E-09
   0.76153E+02   0.13383E-04
   0.76178E+02   0.57898E-05
   0.76192E+02   0.15213E-03
   0.76235E+02   0.15360E-12
   0.76286E+02   0.24205E-04
   0.76296E+02   0.19687E-02
   0.76370E+02   0.33803E-03
   0.76387E+02   0.18308E-03
   0.76437E+02   0.48598E-05
   0.76445E+02   0.17158E-02
   0.76515E+02   0.82920E-04
   0.76562E+02   0.74614E-05
   0.76617E+02   0.14509E-14
   0.76660E+02   0.53233E-04
   0.76729E+02   0.13048E-05
   0.76757E+02   0.14656E-03
   0.76777E+02   0.56046E-04
   0.76794E+02   0.39017E-05
   0.76813E+02   0.82093E-04
   0.76850E+02   0.96058E-04
   0.76934E+02   0.85289E-04
   0.76947E+02   0.92529E-05
   0.77063E+02   0.81128E-04
   0.77185E+02   0.12303E-08
   0.77312E+02   0.91728E-09
   0.77316E+02   0.86764E-14
   0.77330E+02   0.22285E-03
   0.77333E+02   0.78561E-04
   0.77340E+02   0.83365E-04
   0.77342E+02   0.26520E-03
   0.77449E+02   0.45507E-04
   0.77629E+02   0.21951E-08
   0.77646E+02   0.39632E-03
   0.77649E+02   0.28875E-05
   0.77650E+02   0.17978E-15
   0.77662E+02   0.17692E-03
   0.77671E+02   0.58263E-04
   0.77691E+02   0.84729E-03
   0.77722E+02   0.95887E-04
   0.77723E+02   0.25831E-09
   0.77769E+02   0.79911E-08
   0.77814E+02   0.64800E-03
   0.77948E+02   0.94406E-05
   0.77952E+02   0.14660E-03
   0.77969E+02   0.11053E-03
   0.77998E+02   0.71697E-10
   0.78034E+02   0.12526E-04
   0.78039E+02   0.94132E-09
   0.78059E+02   0.54916E-04
   0.78114E+02   0.30860E-03
   0.78121E+02   0.18012E-06
   0.78186E+02   0.66219E-06
   0.78199E+02   0.14020E-03
   0.78212E+02   0.64034E-04
   0.78237E+02   0.27925E-03
   0.78260E+02   0.12134E-03
   0.78370E+02   0.28390E-06
   0.78391E+02   0.12737E-03
   0.78448E+02   0.12087E-11
   0.78517E+02   0.33682E-05
   0.78554E+02   0.44590E-04
   0.78693E+02   0.22943E-05
   0.78694E+02   0.91833E-04
   0.78772E+02   0.39466E-06
   0.78787E+02   0.12084E-03
   0.78944E+02   0.81132E-04
   0.78974E+02   0.57167E-09
   0.79064E+02   0.30273E-14
   0.79099E+02   0.94942E-04
   0.79110E+02   0.21519E-07
   0.79150E+02   0.67177E-04
   0.79211E+02   0.16303E-08
   0.79257E+02   0.10816E-05
   0.79314E+02   0.29594E-04
   0.79316E+02   0.56746E-04
   0.79394E+02   0.19912E-09
   0.79395E+02   0.34560E-08
   0.79408E+02   0.47945E-04
   0.79423E+02   0.26445E-07
   0.79424E+02   0.49852E-04
   0.79473E+02   0.75277E-14
   0.79475E+02   0.18975E-14
   0.79503E+02   0.40158E-04
   0.79512E+02   0.18586E-04
   0.79626E+02   0.24856E-04
   0.79634E+02   0.11171E-05
   0.79748E+02   0.11826E-09
   0.79758E+02   0.10637E-05
   0.79767E+02   0.31961E-06
   0.79807E+02   0.14474E-16
   0.79904E+02   0.70611E-06
   0.79907E+02   0.27505E-09
   0.79980E+02   0.26776E-07
   0.79988E+02   0.10756E-03
   0.80018E+02   0.12817E-03
   0.80054E+02   0.78832E-04
   0.80071E+02   0.40126E-05
   0.80088E+02   0.12240E-02
   0.80117E+02   0.33016E-03
   0.80249E+02   0.20854E-03
   0.80341E+02   0.90614E-09
   0.80402E+02   0.27624E-04
   0.80484E+02   0.10526E-04
   0.80521E+02   0.53079E-07
   0.80591E+02   0.17531E-06
   0.80667E+02   0.64635E-04
   0.80684E+02   0.17636E-05
   0.80684E+02   0.61494E-03
   0.80695E+02   0.81372E-08
   0.80710E+02   0.44798E-03
   0.80864E+02   0.80554E-07
   0.80914E+02   0.19320E-05
   0.80922E+02   0.22812E-06
   0.80962E+02   0.28699E-07
   0.81042E+02   0.31363E-06
   0.81064E+02   0.15897E-05
   0.81075E+02   0.17755E-05
   0.81088E+02   0.21472E-07
   0.81212E+02   0.18192E-03
   0.81287E+02   0.13320E-03
   0.81302E+02   0.61619E-03
   0.81342E+02   0.77789E-07
   0.81456E+02   0.22123E-08
   0.81514E+02   0.22566E-03
   0.81586E+02   0.20909E-04
   0.81590E+02   0.60118E-09
   0.81605E+02   0.29396E-03
   0.81628E+02   0.10808E-04
   0.81658E+02   0.44598E-05
   0.81719E+02   0.47147E-04
   0.81720E+02   0.14915E-03
   0.81729E+02   0.99378E-08
   0.81760E+02   0.39952E-04
   0.81763E+02   0.36614E-09
   0.81770E+02   0.62001E-09
   0.81823E+02   0.35395E-12
   0.81837E+02   0.17827E-03
   0.81849E+02   0.33104E-04
   0.81850E+02   0.31264E-07
   0.82005E+02   0.12857E-06
   0.82006E+02   0.34876E-03
   0.82079E+02   0.29843E-04
   0.82086E+02   0.12983E-03
   0.82094E+02   0.19158E-04
   0.82114E+02   0.10949E-05
   0.82124E+02   0.71027E-03
   0.82134E+02   0.38118E-05
   0.82152E+02   0.46530E-07
   0.82205E+02   0.11412E-08
   0.82238E+02   0.36676E-05
   0.82258E+02   0.26368E-07
   0.82292E+02   0.60581E-04
   0.82384E+02   0.13531E-14
   0.82493E+02   0.17509E-03
   0.82499E+02   0.71201E-05
   0.82518E+02   0.29964E-05
   0.82572E+02   0.13573E-02
   0.82586E+02   0.79319E-06
   0.82625E+02   0.17115E-04
   0.82628E+02   0.23239E-07
   0.82651E+02   0.11443E-03
   0.82684E+02   0.11944E-05
   0.82686E+02   0.19572E-04
   0.82748E+02   0.15280E-09
   0.82766E+02   0.14610E-03
   0.82789E+02   0.61573E-09
   0.82854E+02   0.12367E-04
   0.82902E+02   0.21119E-06
   0.82918E+02   0.24682E-04
   0.82954E+02   0.37650E-04
   0.82989E+02   0.43801E-05
   0.83007E+02   0.20995E-04
   0.83052E+02   0.40349E-03
   0.83054E+02   0.74415E-17
   0.83094E+02   0.63265E-04
   0.83148E+02   0.23278E-03
   0.83151E+02   0.33192E-05
   0.83168E+02   0.40288E-03
   0.83172E+02   0.31265E-04
   0.83188E+02   0.16080E-07
   0.83241E+02   0.12124E-10
   0.83253E+02   0.99765E-06
   0.83284E+02   0.18296E-03
   0.83314E+02   0.93429E-03
   0.83325E+02   0.23187E-05
   0.83333E+02   0.15375E-03
   0.83349E+02   0.32232E-04
   0.83366E+02   0.11507E-03
   0.83495E+02   0.41685E-04
   0.83695E+02   0.56636E-08
   0.83702E+02   0.40326E-03
   0.83709E+02   0.40879E-07
   0.83731E+02   0.11479E-04
   0.83738E+02   0.19128E-04
   0.83781E+02   0.39090E-05
   0.83813E+02   0.20975E-05
   0.83836E+02   0.23862E-08
   0.83850E+02   0.12398E-04
   0.83940E+02   0.10472E-03
   0.83953E+02   0.28407E-08
   0.84036E+02   0.25287E-04
   0.84044E+02   0.19532E-04
   0.84105E+02   0.42982E-08
   0.84250E+02   0.86106E-05
   0.84347E+02   0.12373E-04
   0.84353E+02   0.12172E-09
   0.84400E+02   0.13512E-04
   0.84462E+02   0.39157E-06
   0.84537E+02   0.30151E-03
   0.84645E+02   0.25519E-05
   0.84650E+02   0.33066E-09
   0.84651E+02   0.71396E-04
   0.84699E+02   0.10538E-04
   0.84704E+02   0.29643E-02
   0.84745E+02   0.24543E-03
   0.84760E+02   0.17676E-03
   0.84769E+02   0.34900E-06
   0.84868E+02   0.11204E-04
   0.84886E+02   0.64785E-05
   0.85012E+02   0.72802E-07
   0.85019E+02   0.23287E-16
   0.85029E+02   0.34704E-05
   0.85034E+02   0.15071E-06
   0.85123E+02   0.21155E-08
   0.85174E+02   0.44174E-14
   0.85239E+02   0.32208E-04
   0.85252E+02   0.37925E-04
   0.85324E+02   0.48088E-05
   0.85385E+02   0.12838E-05
   0.85410E+02   0.15951E-03
   0.85443E+02   0.16265E-04
   0.85458E+02   0.81348E-07
   0.85547E+02   0.59807E-15
   0.85580E+02   0.74874E-09
   0.85603E+02   0.24642E-04
   0.85622E+02   0.24196E-03
   0.85675E+02   0.50240E-03
   0.85691E+02   0.37477E-03
   0.85752E+02   0.40814E-03
   0.85760E+02   0.27283E-03
   0.85792E+02   0.17601E-07
   0.85818E+02   0.55766E-08
   0.85873E+02   0.21798E-15
   0.85934E+02   0.72780E-04
   0.85947E+02   0.14421E-06
   0.85951E+02   0.26926E-04
   0.85973E+02   0.24226E-06
   0.85981E+02   0.23213E-06
   0.86000E+02   0.11061E-04
   0.86028E+02   0.29733E-09
   0.86034E+02   0.18008E-04
   0.86095E+02   0.28552E-10
   0.86104E+02   0.61568E-05
   0.86127E+02   0.27913E-05
   0.86159E+02   0.27856E-03
   0.86166E+02   0.15678E-05
   0.86182E+02   0.22030E-09
   0.86199E+02   0.20268E-13
   0.86247E+02   0.11711E-09
   0.86293E+02   0.57831E-05
   0.86294E+02   0.39117E-05
   0.86300E+02   0.16602E-12
   0.86300E+02   0.26972E-03
   0.86558E+02   0.47534E-03
   0.86577E+02   0.33353E-04
   0.86625E+02   0.17169E-03
   0.86631E+02   0.10852E-09
   0.86631E+02   0.16059E-07
   0.86646E+02   0.17746E-07
   0.86667E+02   0.31914E-05
   0.86730E+02   0.99120E-03
   0.86746E+02   0.49273E-07
   0.86779E+02   0.12231E-06
   0.86779E+02   0.13034E-06
   0.86807E+02   0.12135E-04
   0.86808E+02   0.91813E-10
   0.86810E+02   0.69936E-09
   0.86922E+02   0.35754E-03
   0.86954E+02   0.47939E-02
   0.86957E+02   0.39820E-05
   0.86994E+02   0.80603E-04
   0.87020E+02   0.60795E-10
   0.87061E+02   0.79891E-06
   0.87100E+02   0.45969E-06
   0.87103E+02   0.15209E-07
   0.87255E+02   0.97511E-07
   0.87278E+02   0.27436E-09
   0.87319E+02   0.16181E-03
   0.87329E+02   0.33401E-05
   0.87369E+02   0.94227E-04
   0.87396E+02   0.17028E-04
   0.87398E+02   0.17907E-05
   0.87404E+02   0.99338E-04
   0.87427E+02   0.25227E-03
   0.87449E+02   0.52707E-07
   0.87463E+02   0.65984E-11
   0.87467E+02   0.15879E-05
   0.87487E+02   0.24556E-11
   0.87573E+02   0.22284E-05
   0.87575E+02   0.22624E-05
   0.87577E+02   0.94246E-05
   0.87611E+02   0.85448E-06
   0.87619E+02   0.52186E-12
   0.87691E+02   0.14783E-03
   0.87761E+02   0.28751E-13
   0.87797E+02   0.22165E-04
   0.87819E+02   0.26032E-10
   0.87830E+02   0.72377E-05
   0.87964E+02   0.64179E-04
   0.88041E+02   0.10204E-03
   0.88053E+02   0.32370E-10
   0.88077E+02   0.32282E-03
   0.88081E+02   0.16831E-10
   0.88116E+02   0.23739E-05
   0.88139E+02   0.52456E-07
   0.88158E+02   0.25071E-04
   0.88180E+02   0.90037E-06
   0.88188E+02   0.22654E-04
   0.88253E+02   0.11956E-04
   0.88300E+02   0.23590E-04
   0.88365E+02   0.28353E-09
   0.88366E+02   0.92303E-05
   0.88406E+02   0.16616E-03
   0.88428E+02   0.10308E-08
   0.88490E+02   0.29414E-10
   0.88550E+02   0.46416E-03
   0.88616E+02   0.15841E-04
   0.88648E+02   0.44383E-06
   0.88685E+02   0.30585E-03
   0.88716E+02   0.37404E-04
   0.88739E+02   0.13574E-03
   0.88785E+02   0.19429E-05
   0.88785E+02   0.55109E-05
   0.88794E+02   0.77175E-06
   0.88832E+02   0.76285E-07
   0.88865E+02   0.19618E-02
   0.88872E+02   0.11280E-05
   0.88906E+02   0.95014E-05
   0.89009E+02   0.21886E-04
   0.89033E+02   0.11642E-07
   0.89089E+02   0.31461E-05
   0.89107E+02   0.80087E-04
   0.89131E+02   0.59316E-05
   0.89150E+02   0.69441E-04
   0.89196E+02   0.47750E-04
   0.89268E+02   0.21107E-05
   0.89280E+02   0.17271E-07
   0.89337E+02   0.38574E-13
   0.89338E+02   0.50300E-05
   0.89342E+02   0.55765E-05
   0.89343E+02   0.82274E-07
   0.89400E+02   0.14123E-05
   0.89416E+02   0.93515E-09
   0.89432E+02   0.16633E-04
   0.89648E+02   0.66043E-06
   0.89655E+02   0.33774E-09
   0.89683E+02   0.21677E-05
   0.89749E+02   0.32791E-04
   0.89755E+02   0.27535E-08
   0.89907E+02   0.28110E-05
   0.89933E+02   0.30246E-09
   0.89961E+02   0.44781E-03
   0.89991E+02   0.14966E-04
   0.90015E+02   0.29037E-11
   0.90035E+02   0.10915E-05
   0.90053E+02   0.16779E-04
   0.90095E+02   0.86799E-13
   0.90168E+02   0.68164E-03
   0.90171E+02   0.26376E-04
   0.90173E+02   0.27912E-04
   0.90288E+02   0.99027E-05
   0.90325E+02   0.80456E-05
   0.90386E+02   0.30169E-14
   0.90441E+02   0.63860E-05
   0.90557E+02   0.94715E-04
   0.90675E+02   0.10018E-04
   0.90679E+02   0.18926E-12
   0.90687E+02   0.77874E-04
   0.90725E+02   0.41780E-05
   0.90732E+02   0.90255E-05
   0.90853E+02   0.44609E-06
   0.90869E+02   0.18746E-09
   0.90880E+02   0.16824E-09
   0.91009E+02   0.26634E-13
   0.91015E+02   0.59133E-09
   0.91036E+02   0.42048E-05
   0.91039E+02   0.13200E-02
   0.91077E+02   0.15759E-03
   0.91088E+02   0.13263E-03
   0.91103E+02   0.13805E-10
   0.91153E+02   0.94089E-09
   0.91226E+02   0.21021E-07
   0.91272E+02   0.30598E-04
   0.91425E+02   0.84552E-03
   0.91539E+02   0.27811E-06
   0.91548E+02   0.21074E-04
   0.91572E+02   0.34216E-04
   0.91673E+02   0.60795E-05
   0.91676E+02   0.13471E-08
   0.91744E+02   0.12260E-05
   0.91752E+02   0.23806E-03
   0.91819E+02   0.18081E-06
   0.91821E+02   0.66008E-05
   0.91843E+02   0.24548E-06
   0.91848E+02   0.40731E-10
   0.91896E+02   0.76856E-04
   0.91915E+02   0.62265E-08
   0.91922E+02   0.72710E-04
   0.91948E+02   0.15098E-03
   0.92006E+02   0.19374E-05
   0.92013E+02   0.76897E-04
   0.92017E+02   0.60681E-05
   0.92045E+02   0.49038E-10
   0.92079E+02   0.24956E-04
   0.92176E+02   0.24680E-04
   0.92248E+02   0.14265E-09
   0.92251E+02   0.17996E-03
   0.92271E+02   0.95994E-04
   0.92275E+02   0.22580E-11
   0.92281E+02   0.64135E-05
   0.92345E+02   0.45452E-03
   0.92356E+02   0.28450E-05
   0.92360E+02   0.19317E-04
   0.92422E+02   0.73003E-13
   0.92454E+02   0.12796E-09
   0.92573E+02   0.12727E-09
   0.92595E+02   0.17085E-04
   0.92599E+02   0.49270E-09
   0.92615E+02   0.32765E-06
   0.92637E+02   0.17451E-05
   0.92677E+02   0.22664E-04
   0.92700E+02   0.18850E-03
   0.92719E+02   0.70497E-08
   0.92743E+02   0.86331E-08
   0.92787E+02   0.51596E-07
   0.92804E+02   0.47656E-05
   0.92827E+02   0.14747E-12
   0.92871E+02   0.39054E-14
   0.92881E+02   0.44395E-08
   0.92907E+02   0.32455E-03
   0.92925E+02   0.59004E-04
   0.92938E+02   0.38225E-04
   0.93018E+02   0.14690E-08
   0.93034E+02   0.99431E-08
   0.93042E+02   0.21227E-04
   0.93057E+02   0.11899E-10
   0.93089E+02   0.57887E-15
   0.93117E+02   0.28705E-03
   0.93130E+02   0.20353E-04
   0.93176E+02   0.43644E-11
   0.93244E+02   0.28511E-08
   0.93268E+02   0.28391E-04
   0.93306E+02   0.94837E-06
   0.93384E+02   0.39025E-08
   0.93439E+02   0.19862E-03
   0.93441E+02   0.20089E-03
   0.93506E+02   0.63479E-03
   0.93577E+02   0.33525E-05
   0.93600E+02   0.27172E-03
   0.93603E+02   0.61869E-07
   0.93606E+02   0.11104E-04
   0.93654E+02   0.82924E-07
   0.93725E+02   0.27605E-12
   0.93747E+02   0.22515E-06
   0.93755E+02   0.19658E-06
   0.93789E+02   0.70274E-05
   0.93838E+02   0.55125E-06
   0.93902E+02   0.62625E-04
   0.93934E+02   0.97768E-09
   0.93992E+02   0.38952E-06
   0.94025E+02   0.32843E-06
   0.94091E+02   0.47002E-03
   0.94098E+02   0.44536E-09
   0.94139E+02   0.82714E-04
   0.94168E+02   0.78894E-14
   0.94178E+02   0.20897E-04
   0.94197E+02   0.16337E-11
   0.94232E+02   0.13257E-03
   0.94272E+02   0.10895E-03
   0.94300E+02   0.71042E-05
   0.94365E+02   0.13442E-03
   0.94383E+02   0.40111E-08
   0.94440E+02   0.84857E-09
   0.94442E+02   0.13822E-10
   0.94470E+02   0.35410E-04
   0.94482E+02   0.42419E-04
   0.94490E+02   0.56401E-10
   0.94497E+02   0.18421E-05
   0.94507E+02   0.14684E-04
   0.94544E+02   0.81363E-03
   0.94544E+02   0.14125E-06
   0.94547E+02   0.18421E-08
   0.94572E+02   0.91012E-09
   0.94581E+02   0.17767E-08
   0.94660E+02   0.19068E-03
   0.94680E+02   0.42499E-06
   0.94769E+02   0.83715E-07
   0.94793E+02   0.49604E-06
   0.94794E+02   0.80007E-04
   0.94865E+02   0.44588E-04
   0.94871E+02   0.16892E-05
   0.94912E+02   0.71154E-04
   0.94996E+02   0.26854E-04
   0.95033E+02   0.49505E-05
   0.95072E+02   0.38080E-08
   0.95177E+02   0.27175E-14
   0.95260E+02   0.97166E-05
   0.95316E+02   0.10689E-08
   0.95325E+02   0.43444E-05
   0.95393E+02   0.78893E-07
   0.95395E+02   0.54386E-06
   0.95460E+02   0.85392E-10
   0.95544E+02   0.35945E-04
   0.95585E+02   0.44823E-03
   0.95595E+02   0.83737E-04
   0.95656E+02   0.12834E-02
   0.95671E+02   0.11695E-02
   0.95678E+02   0.13047E-04
   0.95710E+02   0.52934E-04
   0.95737E+02   0.16555E-04
   0.95774E+02   0.41483E-03
   0.95823E+02   0.45374E-03
   0.95827E+02   0.12812E-04
   0.95832E+02   0.36968E-17
   0.95880E+02   0.61620E-05
   0.95888E+02   0.12970E-06
   0.95984E+02   0.14227E-04
   0.96023E+02   0.37949E-04
   0.96044E+02   0.34000E-07
   0.96044E+02   0.33579E-07
   0.96068E+02   0.64485E-04
   0.96074E+02   0.26961E-08
   0.96128E+02   0.29126E-04
   0.96171E+02   0.82671E-05
   0.96178E+02   0.37364E-04
   0.96247E+02   0.50058E-05
   0.96299E+02   0.18859E-05
   0.96355E+02   0.14864E-10
   0.96358E+02   0.58211E-05
   0.96475E+02   0.47239E-05
   0.96574E+02   0.28979E-05
   0.96626E+02   0.73151E-05
   0.96726E+02   0.63245E-04
   0.96783E+02   0.17512E-07
   0.96821E+02   0.11963E-04
   0.96830E+02   0.21927E-08
   0.96910E+02   0.62264E-03
   0.96943E+02   0.13501E-07
   0.96944E+02   0.78524E-03
   0.96958E+02   0.42626E-04
   0.97119E+02   0.76770E-12
   0.97214E+02   0.26908E-09
   0.97239E+02   0.77811E-10
   0.97295E+02   0.16946E-06
   0.97327E+02   0.89010E-04
   0.97376E+02   0.26077E-04
   0.97516E+02   0.14454E-03
   0.97531E+02   0.53432E-04
   0.97558E+02   0.22563E-07
   0.97559E+02   0.49927E-07
   0.97591E+02   0.31782E-03
   0.97615E+02   0.52177E-04
   0.97651E+02   0.54599E-03
   0.97808E+02   0.33169E-06
   0.97820E+02   0.38406E-04
   0.97947E+02   0.68341E-04
   0.98014E+02   0.96862E-06
   0.98014E+02   0.64990E-08
   0.98019E+02   0.30437E-04
   0.98052E+02   0.43479E-03
   0.98088E+02   0.46031E-09
   0.98095E+02   0.14528E-04
   0.98125E+02   0.23173E-08
   0.98206E+02   0.56587E-04
   0.98245E+02   0.53763E-04
   0.98314E+02   0.23884E-06
   0.98358E+02   0.11226E-03
   0.98384E+02   0.18031E-08
   0.98400E+02   0.20327E-03
   0.98454E+02   0.15380E-06
   0.98476E+02   0.17353E-03
   0.98479E+02   0.39458E-07
   0.98496E+02   0.71908E-04
   0.98537E+02   0.14286E-05
   0.98550E+02   0.20735E-03
   0.98724E+02   0.41191E-07
   0.98754E+02   0.53421E-04
   0.98824E+02   0.31221E-07
   0.98842E+02   0.13659E-03
   0.98858E+02   0.47258E-08
   0.98952E+02   0.67791E-12
   0.98993E+02   0.27316E-04
   0.99049E+02   0.64493E-07
   0.99052E+02   0.63995E-05
   0.99272E+02   0.10806E-08
   0.99308E+02   0.10611E-04
   0.99378E+02   0.16301E-04
   0.99435E+02   0.48721E-03
   0.99518E+02   0.35651E-04
   0.99524E+02   0.40244E-05
   0.99537E+02   0.30136E-04
   0.99558E+02   0.31782E-08
   0.99568E+02   0.14735E-05
   0.99576E+02   0.24683E-08
   0.99665E+02   0.17808E-04
   0.99706E+02   0.23384E-03
   0.99723E+02   0.11488E-09
   0.99749E+02   0.35120E-03
   0.99757E+02   0.57917E-04
   0.99768E+02   0.11995E-03
   0.99894E+02   0.11284E-03
   0.10004E+03   0.26027E-04
   0.10005E+03   0.62274E-04
   0.10017E+03   0.22055E-04
   0.10021E+03   0.61210E-09
   0.10023E+03   0.54673E-04
   0.10029E+03   0.84935E-03
   0.10031E+03   0.49924E-05
   0.10032E+03   0.13257E-06
   0.10032E+03   0.21231E-03
   0.10034E+03   0.39980E-09
   0.10034E+03   0.63105E-09
   0.10037E+03   0.49848E-04
   0.10038E+03   0.57801E-04
   0.10040E+03   0.30263E-10
   0.10047E+03   0.78398E-10
   0.10053E+03   0.10960E-03
   0.10054E+03   0.74480E-06
   0.10055E+03   0.54131E-05
   0.10057E+03   0.20034E-03
   0.10058E+03   0.70007E-04
   0.10064E+03   0.35369E-05
   0.10066E+03   0.31120E-04
   0.10069E+03   0.97930E-04
   0.10073E+03   0.60452E-04
   0.10077E+03   0.82862E-04
   0.10077E+03   0.21922E-07
   0.10078E+03   0.40193E-09
   0.10088E+03   0.56606E-07
   0.10090E+03   0.12299E-03
   0.10099E+03   0.25805E-06
   0.10102E+03   0.24380E-02
   0.10105E+03   0.14096E-04
   0.10114E+03   0.16696E-05
   0.10114E+03   0.60165E-04
   0.10117E+03   0.30891E-05
   0.10119E+03   0.24694E-03
   0.10121E+03   0.94389E-07
   0.10125E+03   0.29842E-04
   0.10128E+03   0.49254E-07
   0.10128E+03   0.13387E-07
   0.10138E+03   0.95492E-05
   0.10138E+03   0.64727E-04
   0.10139E+03   0.39340E-04
   0.10140E+03   0.11358E-07
   0.10142E+03   0.43163E-04
   0.10143E+03   0.58837E-09
   0.10154E+03   0.93630E-04
   0.10157E+03   0.10027E-09
   0.10157E+03   0.25932E-04
   0.10158E+03   0.41002E-05
   0.10160E+03   0.11294E-05
   0.10165E+03   0.48698E-09
   0.10175E+03   0.73524E-05
   0.10176E+03   0.34450E-07
   0.10176E+03   0.33721E-04
   0.10181E+03   0.10295E-03
   0.10187E+03   0.26926E-05
   0.10189E+03   0.31948E-06
   0.10196E+03   0.20422E-03
   0.10198E+03   0.12230E-05
   0.10198E+03   0.60200E-04
   0.10199E+03   0.16957E-03
   0.10204E+03   0.87297E-04
   0.10209E+03   0.24061E-04
   0.10216E+03   0.29946E-09
   0.10222E+03   0.20263E-08
   0.10227E+03   0.45425E-07
   0.10228E+03   0.61700E-04
   0.10230E+03   0.17204E-04
   0.10232E+03   0.50766E-07
   0.10237E+03   0.18459E-08
   0.10242E+03   0.58948E-04
   0.10246E+03   0.46206E-04
   0.10249E+03   0.61063E-03
   0.10249E+03   0.60399E-05
   0.10257E+03   0.37040E-04
   0.10258E+03   0.56283E-04
   0.10263E+03   0.10025E-03
   0.10265E+03   0.38026E-03
   0.10267E+03   0.12040E-03
   0.10269E+03   0.36397E-03
   0.10272E+03   0.84552E-05
   0.10278E+03   0.38538E-04
   0.10279E+03   0.57227E-09
   0.10284E+03   0.10738E-03
   0.10285E+03   0.22127E-04
   0.10300E+03   0.77312E-06
   0.10303E+03   0.59738E-07
   0.10313E+03   0.82622E-04
   0.10325E+03   0.12061E-03
   0.10330E+03   0.73856E-04
   0.10331E+03   0.47652E-04
   0.10334E+03   0.61063E-05
   0.10347E+03   0.13511E-11
   0.10356E+03   0.15845E-02
   0.10368E+03   0.10356E-10
   0.10379E+03   0.34939E-04
   0.10380E+03   0.27733E-03
   0.10382E+03   0.21495E-06
   0.10387E+03   0.12138E-07
   0.10390E+03   0.45612E-04
   0.10391E+03   0.55207E-08
   0.10399E+03   0.39785E-04
   0.10400E+03   0.14309E-03
   0.10401E+03   0.56787E-04
   0.10403E+03   0.70725E-03
   0.10410E+03   0.13840E-03
   0.10411E+03   0.11174E-03
   0.10412E+03   0.72845E-09
   0.10418E+03   0.18273E-07
   0.10428E+03   0.83520E-06
   0.10437E+03   0.70227E-04
   0.10439E+03   0.43129E-03
   0.10451E+03   0.75833E-09
   0.10455E+03   0.63310E-04
   0.10457E+03   0.36972E-04
   0.10468E+03   0.31785E-04
   0.10471E+03   0.33452E-04
   0.10471E+03   0.61260E-03
   0.10477E+03   0.12243E-03
   0.10490E+03   0.46332E-07
   0.10493E+03   0.67325E-04
   0.10504E+03   0.15669E-04
   0.10508E+03   0.32856E-04
   0.10510E+03   0.25090E-12
   0.10520E+03   0.10585E-05
   0.10520E+03   0.19123E-03
   0.10538E+03   0.13818E-03
   0.10543E+03   0.40122E-13
   0.10544E+03   0.75709E-09
   0.10567E+03   0.12917E-03
   0.10574E+03   0.82017E-09
   0.10574E+03   0.34043E-05
   0.10580E+03   0.21201E-04
   0.10588E+03   0.98601E-04
   0.10590E+03   0.24897E-06
   0.10590E+03   0.10454E-04
   0.10592E+03   0.30738E-07
   0.10607E+03   0.50365E-11
   0.10621E+03   0.44418E-06
   0.10621E+03   0.80159E-04
   0.10626E+03   0.37554E-04
   0.10626E+03   0.35256E-03
   0.10640E+03   0.17389E-03
   0.10640E+03   0.14279E-03
   0.10648E+03   0.26135E-03
   0.10652E+03   0.16889E-03
   0.10663E+03   0.13029E-04
   0.10666E+03   0.99302E-10
   0.10669E+03   0.73845E-04
   0.10673E+03   0.92407E-04
   0.10679E+03   0.11924E-03
   0.10681E+03   0.48606E-05
   0.10683E+03   0.49053E-06
   0.10686E+03   0.95456E-13
   0.10702E+03   0.94333E-05
   0.10702E+03   0.25738E-05
   0.10712E+03   0.18509E-06
   0.10712E+03   0.59647E-03
   0.10713E+03   0.13998E-03
   0.10714E+03   0.63076E-04
   0.10715E+03   0.97853E-04
   0.10716E+03   0.52845E-09
   0.10722E+03   0.31449E-08
   0.10725E+03   0.11816E-02
   0.10725E+03   0.16761E-12
   0.10727E+03   0.10468E-03
   0.10733E+03   0.38265E-06
   0.10738E+03   0.84940E-09
   0.10738E+03   0.64218E-04
   0.10742E+03   0.11101E-14
   0.10752E+03   0.37037E-12
   0.10755E+03   0.10211E-03
   0.10757E+03   0.47155E-09
   0.10757E+03   0.60495E-03
   0.10761E+03   0.30498E-04
   0.10772E+03   0.20888E-03
   0.10772E+03   0.48447E-04
   0.10781E+03   0.44027E-06
   0.10781E+03   0.14421E-03
   0.10792E+03   0.28419E-03
   0.10792E+03   0.22110E-07
   0.10795E+03   0.96355E-04
   0.10806E+03   0.44209E-10
   0.10809E+03   0.25445E-04
   0.10814E+03   0.49704E-09
   0.10822E+03   0.15561E-04
   0.10824E+03   0.18777E-07
   0.10825E+03   0.18188E-04
   0.10830E+03   0.20050E-04
   0.10831E+03   0.19923E-06
   0.10833E+03   0.35622E-03
   0.10843E+03   0.58941E-08
   0.10851E+03   0.10544E-03
   0.10853E+03   0.46267E-10
   0.10870E+03   0.12446E-03
   0.10870E+03   0.73799E-05
   0.10876E+03   0.73567E-05
   0.10899E+03   0.62254E-14
   0.10899E+03   0.30782E-10
   0.10901E+03   0.17504E-04
   0.10902E+03   0.19300E-03
   0.10906E+03   0.26112E-03
   0.10907E+03   0.67676E-04
   0.10936E+03   0.39945E-10
   0.10950E+03   0.33360E-09
   0.10960E+03   0.85398E-05
   0.10964E+03   0.39963E-07
   0.10967E+03   0.10215E-07
   0.10968E+03   0.37490E-03
   0.10969E+03   0.69549E-18
   0.10973E+03   0.13372E-03
   0.10982E+03   0.51728E-03
   0.10995E+03   0.23532E-03
   0.10997E+03   0.27405E-06
   0.11003E+03   0.54345E-04
   0.11006E+03   0.25049E-03
   0.11008E+03   0.18079E-03
   0.11013E+03   0.40485E-03
   0.11016E+03   0.81208E-04
   0.11032E+03   0.35599E-05
   0.11037E+03   0.24657E-08
   0.11042E+03   0.48671E-04
   0.11044E+03   0.18135E-03
   0.11046E+03   0.39954E-03
   0.11056E+03   0.79051E-04
   0.11065E+03   0.76679E-08
   0.11067E+03   0.26484E-04
   0.11068E+03   0.44913E-06
   0.11068E+03   0.64113E-08
   0.11072E+03   0.21129E-07
   0.11072E+03   0.44785E-04
   0.11079E+03   0.30236E-03
   0.11081E+03   0.22777E-03
   0.11092E+03   0.10488E-08
   0.11096E+03   0.91695E-04
   0.11097E+03   0.72837E-08
   0.11099E+03   0.19298E-08
   0.11101E+03   0.15605E-03
   0.11123E+03   0.13978E-03
   0.11123E+03   0.11611E-09
   0.11141E+03   0.44928E-09
   0.11141E+03   0.12468E-03
   0.11146E+03   0.48103E-04
   0.11150E+03   0.31819E-03
   0.11150E+03   0.22301E-08
   0.11161E+03   0.11873E-03
   0.11169E+03   0.74168E-04
   0.11173E+03   0.17107E-10
   0.11174E+03   0.36693E-09
   0.11180E+03   0.15504E-03
   0.11187E+03   0.31742E-09
   0.11191E+03   0.17896E-09
   0.11200E+03   0.22044E-05
   0.11202E+03   0.14879E-04
   0.11204E+03   0.28958E-03
   0.11221E+03   0.37533E-03
   0.11224E+03   0.84740E-11
   0.11239E+03   0.67428E-11
   0.11247E+03   0.10620E-08
   0.11250E+03   0.50478E-03
   0.11251E+03   0.53072E-04
   0.11257E+03   0.42172E-03
   0.11258E+03   0.79367E-04
   0.11264E+03   0.12560E-03
   0.11270E+03   0.55118E-05
   0.11285E+03   0.11289E-04
   0.11285E+03   0.19141E-09
   0.11288E+03   0.91322E-04
   0.11300E+03   0.31640E-03
   0.11311E+03   0.28763E-03
   0.11314E+03   0.18463E-09
   0.11317E+03   0.64264E-07
   0.11318E+03   0.31628E-05
   0.11319E+03   0.12560E-03
   0.11319E+03   0.73239E-08
   0.11321E+03   0.52340E-10
   0.11326E+03   0.83932E-04
   0.11332E+03   0.13689E-05
   0.11338E+03   0.10316E-02
   0.11348E+03   0.16897E-03
   0.11353E+03   0.23798E-11
   0.11356E+03   0.76117E-03
   0.11366E+03   0.92620E-11
   0.11379E+03   0.92046E-04
   0.11382E+03   0.21313E-04
   0.11385E+03   0.71117E-10
   0.11387E+03   0.63779E-06
   0.11403E+03   0.18142E-03
   0.11410E+03   0.20443E-03
   0.11411E+03   0.36087E-04
   0.11423E+03   0.74377E-11
   0.11429E+03   0.19791E-03
   0.11430E+03   0.18111E-03
   0.11431E+03   0.31796E-09
   0.11434E+03   0.42785E-09
   0.11440E+03   0.12079E-09
   0.11447E+03   0.22086E-04
   0.11454E+03   0.80589E-11
   0.11469E+03   0.59844E-05
   0.11481E+03   0.80052E-04
   0.11487E+03   0.12553E-04
   0.11491E+03   0.17069E-03
   0.11496E+03   0.34902E-11
   0.11498E+03   0.70743E-04
   0.11505E+03   0.10880E-07
   0.11508E+03   0.89244E-04
   0.11521E+03   0.53301E-04
   0.11535E+03   0.63911E-04
   0.11536E+03   0.12361E-04
   0.11538E+03   0.87297E-05
   0.11541E+03   0.72561E-06
   0.11551E+03   0.12761E-08
   0.11553E+03   0.46752E-04
   0.11554E+03   0.39031E-06
   0.11561E+03   0.18767E-09
   0.11562E+03   0.61197E-05
   0.11564E+03   0.11439E-03
   0.11566E+03   0.52711E-04
   0.11579E+03   0.52375E-04
   0.11587E+03   0.25536E-03
   0.11590E+03   0.91143E-04
   0.11592E+03   0.29433E-10
   0.11595E+03   0.38830E-04
   0.11598E+03   0.59392E-05
   0.11607E+03   0.17555E-06
   0.11610E+03   0.10013E-03
   0.11616E+03   0.75365E-05
   0.11621E+03   0.20887E-03
   0.11623E+03   0.58140E-08
   0.11624E+03   0.12322E-04
   0.11626E+03   0.39714E-03
   0.11627E+03   0.15532E-04
   0.11640E+03   0.58877E-05
   0.11646E+03   0.26056E-04
   0.11668E+03   0.23886E-10
   0.11672E+03   0.89905E-04
   0.11688E+03   0.81038E-04
   0.11698E+03   0.20048E-03
   0.11699E+03   0.31728E-10
   0.11740E+03   0.81296E-04
   0.11742E+03   0.78713E-06
   0.11753E+03   0.21527E-04
   0.11754E+03   0.78064E-11
   0.11759E+03   0.12236E-07
   0.11764E+03   0.12639E-03
   0.11772E+03   0.11744E-03
   0.11779E+03   0.60382E-03
   0.11808E+03   0.78624E-04
   0.11816E+03   0.73936E-04
   0.11834E+03   0.87987E-04
   0.11837E+03   0.12752E-03
   0.11840E+03   0.38439E-10
   0.11856E+03   0.85198E-05
   0.11856E+03   0.57035E-05
   0.11859E+03   0.11003E-03
   0.11862E+03   0.37521E-10
   0.11869E+03   0.76707E-03
   0.11871E+03   0.99220E-04
   0.11877E+03   0.10564E-09
   0.11882E+03   0.88224E-04
   0.11887E+03   0.48228E-03
   0.11897E+03   0.10232E-03
   0.11899E+03   0.13118E-04
   0.11925E+03   0.21718E-04
   0.11928E+03   0.15797E-03
   0.11930E+03   0.53423E-07
   0.11936E+03   0.22986E-03
   0.11938E+03   0.18089E-03
   0.11943E+03   0.46982E-05
   0.11945E+03   0.33566E-03
   0.11948E+03   0.37666E-05
   0.11959E+03   0.49367E-10
   0.11979E+03   0.10573E-05
   0.11987E+03   0.15698E-08
   0.11989E+03   0.37780E-04
   0.11994E+03   0.10867E-05
   0.12000E+03   0.13829E-04
   0.12004E+03   0.15023E-03
   0.12028E+03   0.34658E-09
   0.12034E+03   0.34390E-10
   0.12060E+03   0.43261E-04
   0.12066E+03   0.11081E-03
   0.12079E+03   0.10155E-02
   0.12083E+03   0.77633E-10
   0.12087E+03   0.10190E-04
   0.12097E+03   0.34415E-09
   0.12101E+03   0.22614E-03
   0.12114E+03   0.65073E-11
   0.12118E+03   0.61576E-03
   0.12122E+03   0.20106E-03
   0.12133E+03   0.28003E-04
   0.12133E+03   0.43307E-04
   0.12134E+03   0.30681E-11
   0.12145E+03   0.44952E-04
   0.12149E+03   0.50552E-06
   0.12181E+03   0.29778E-04
   0.12182E+03   0.20413E-04
   0.12183E+03   0.21276E-03
   0.12188E+03   0.16123E-08
   0.12188E+03   0.75598E-12
   0.12191E+03   0.10781E-04
   0.12191E+03   0.11703E-04
   0.12196E+03   0.42110E-04
   0.12197E+03   0.46209E-04
   0.12208E+03   0.31334E-03
   0.12220E+03   0.75541E-04
   0.12221E+03   0.17008E-07
   0.12232E+03   0.86228E-10
   0.12238E+03   0.12246E-05
   0.12238E+03   0.11003E-03
   0.12244E+03   0.83873E-10
   0.12245E+03   0.13012E-03
   0.12246E+03   0.16326E-03
   0.12246E+03   0.36444E-10
   0.12273E+03   0.85568E-11
   0.12279E+03   0.45654E-10
   0.12281E+03   0.98225E-04
   0.12285E+03   0.61086E-09
   0.12299E+03   0.79578E-04
   0.12302E+03   0.29295E-04
   0.12322E+03   0.82616E-04
   0.12326E+03   0.77120E-11
   0.12331E+03   0.20846E-03
   0.12342E+03   0.11147E-04
   0.12363E+03   0.33371E-03
   0.12374E+03   0.26809E-04
   0.12376E+03   0.12578E-10
   0.12377E+03   0.13748E-10
   0.12379E+03   0.60326E-10
   0.12410E+03   0.11580E-03
   0.12411E+03   0.10854E-11
   0.12413E+03   0.72835E-04
   0.12418E+03   0.78624E-04
   0.12418E+03   0.34518E-04
   0.12423E+03   0.43567E-03
   0.12434E+03   0.30286E-03
   0.12444E+03   0.10880E-03
   0.12454E+03   0.57574E-04
   0.12459E+03   0.54358E-04
   0.12470E+03   0.38665E-04
   0.12475E+03   0.47379E-04
   0.12478E+03   0.43003E-03
   0.12479E+03   0.53135E-10
   0.12485E+03   0.82180E-10
   0.12506E+03   0.12209E-05
   0.12512E+03   0.14410E-10
   0.12519E+03   0.11013E-09
   0.12521E+03   0.13086E-04
   0.12529E+03   0.59326E-04
   0.12535E+03   0.17996E-03
   0.12537E+03   0.26797E-03
   0.12540E+03   0.10230E-03
   0.12543E+03   0.89863E-04
   0.12552E+03   0.34003E-04
   0.12554E+03   0.18370E-10
   0.12555E+03   0.57198E-11
   0.12562E+03   0.15429E-04
   0.12571E+03   0.26584E-10
   0.12572E+03   0.79024E-12
   0.12583E+03   0.29755E-11
   0.12602E+03   0.85721E-05
   0.12608E+03   0.12912E-03
   0.12611E+03   0.11871E-04
   0.12613E+03   0.45114E-09
   0.12614E+03   0.15190E-04
   0.12642E+03   0.16177E-05
   0.12649E+03   0.89347E-11
   0.12661E+03   0.16503E-09
   0.12676E+03   0.63639E-04
   0.12686E+03   0.78203E-04
   0.12689E+03   0.21448E-04
   0.12690E+03   0.72498E-10
   0.12699E+03   0.39369E-03
   0.12705E+03   0.74133E-04
   0.12722E+03   0.38185E-03
   0.12723E+03   0.13227E-09
   0.12727E+03   0.16105E-10
   0.12729E+03   0.79041E-04
   0.12746E+03   0.82278E-04
   0.12747E+03   0.11732E-09
   0.12751E+03   0.25370E-04
   0.12797E+03   0.57040E-04
   0.12800E+03   0.22302E-10
   0.12805E+03   0.75076E-04
   0.12806E+03   0.45008E-05
   0.12836E+03   0.29252E-11
   0.12852E+03   0.78658E-04
   0.12864E+03   0.27488E-04
   0.12867E+03   0.17211E-04
   0.12892E+03   0.20235E-10
   0.12896E+03   0.83026E-05
   0.12922E+03   0.11729E-04
   0.12948E+03   0.66800E-04
   0.12956E+03   0.99414E-12
   0.12960E+03   0.45455E-04
   0.12969E+03   0.30021E-03
   0.12973E+03   0.17022E-04
   0.12977E+03   0.28476E-05
   0.13010E+03   0.40938E-11
   0.13028E+03   0.39943E-04
   0.13072E+03   0.18204E-04
   0.13106E+03   0.18760E-10
   0.13108E+03   0.14314E-05
   0.13135E+03   0.17524E-03
   0.13141E+03   0.19520E-09
   0.13143E+03   0.41593E-04
   0.13156E+03   0.12429E-04
   0.13174E+03   0.13704E-03
   0.13212E+03   0.13330E-03
   0.13213E+03   0.62114E-05
   0.13216E+03   0.21055E-07
   0.13222E+03   0.61178E-04
   0.13227E+03   0.91090E-10
   0.13228E+03   0.59381E-05
   0.13230E+03   0.32295E-04
   0.13253E+03   0.13099E-10
   0.13273E+03   0.79109E-15
   0.13283E+03   0.93406E-03
   0.13294E+03   0.10252E-03
   0.13344E+03   0.39130E-03
   0.13367E+03   0.56931E-04
   0.13368E+03   0.29569E-04
   0.13391E+03   0.19925E-03
   0.13393E+03   0.11052E-10
   0.13407E+03   0.48312E-05
   0.13410E+03   0.15637E-03
   0.13441E+03   0.22632E-10
   0.13455E+03   0.12371E-03
   0.13471E+03   0.24182E-04
   0.13472E+03   0.22877E-11
   0.13474E+03   0.30005E-04
   0.13489E+03   0.38791E-11
   0.13492E+03   0.20950E-04
   0.13496E+03   0.64084E-10
   0.13525E+03   0.60076E-05
   0.13526E+03   0.18553E-10
   0.13535E+03   0.23125E-04
   0.13538E+03   0.47858E-10
   0.13552E+03   0.29006E-06
   0.13553E+03   0.13292E-04
   0.13559E+03   0.64127E-11
   0.13565E+03   0.19736E-11
   0.13576E+03   0.41051E-04
   0.13592E+03   0.72438E-04
   0.13594E+03   0.22339E-05
   0.13596E+03   0.23432E-05
   0.13612E+03   0.77466E-04
   0.13613E+03   0.29663E-05
   0.13630E+03   0.54349E-11
   0.13634E+03   0.50149E-07
   0.13637E+03   0.92886E-13
   0.13638E+03   0.94865E-12
   0.13644E+03   0.12427E-04
   0.13657E+03   0.17979E-10
   0.13659E+03   0.78972E-05
   0.13665E+03   0.23811E-04
   0.13677E+03   0.22705E-03
   0.13695E+03   0.18527E-06
   0.13700E+03   0.18886E-10
   0.13702E+03   0.37628E-05
   0.13703E+03   0.60948E-04
   0.13705E+03   0.23675E-04
   0.13708E+03   0.44604E-10
   0.13710E+03   0.20637E-05
   0.13731E+03   0.48176E-04
   0.13740E+03   0.70463E-05
   0.13741E+03   0.79693E-04
   0.13744E+03   0.24710E-11
   0.13762E+03   0.73740E-04
   0.13767E+03   0.17949E-05
   0.13782E+03   0.56486E-06
   0.13793E+03   0.70689E-09
   0.13797E+03   0.49145E-13
   0.13828E+03   0.31611E-10
   0.13849E+03   0.80947E-05
   0.13865E+03   0.12561E-03
   0.13905E+03   0.54405E-10
   0.13917E+03   0.19240E-04
   0.13927E+03   0.18882E-03
   0.13930E+03   0.33237E-04
   0.13941E+03   0.23427E-12
   0.13976E+03   0.87024E-04
   0.13981E+03   0.20854E-03
   0.13985E+03   0.14440E-03
   0.13991E+03   0.45997E-05
   0.13992E+03   0.34539E-05
   0.13998E+03   0.11562E-10
   0.14011E+03   0.14627E-03
   0.14031E+03   0.75586E-12
   0.14036E+03   0.71473E-12
   0.14059E+03   0.24172E-05
   0.14077E+03   0.55121E-06
   0.14100E+03   0.65801E-04
   0.14109E+03   0.18994E-03
   0.14115E+03   0.56257E-11
   0.14118E+03   0.59054E-10
   0.14198E+03   0.14508E-04
   0.14200E+03   0.11434E-04
   0.14244E+03   0.51282E-11
   0.14284E+03   0.47880E-04
   0.14285E+03   0.15877E-05
   0.14291E+03   0.50682E-04
   0.14342E+03   0.44786E-05
   0.14357E+03   0.12548E-03
   0.14366E+03   0.10791E-09
   0.14411E+03   0.30108E-04
   0.14471E+03   0.45321E-11
   0.14474E+03   0.30815E-04
   0.14515E+03   0.52670E-05
   0.14516E+03   0.32533E-08
   0.14517E+03   0.80929E-04
   0.14518E+03   0.63587E-05
   0.14520E+03   0.19065E-04
   0.14540E+03   0.35130E-03
   0.14586E+03   0.81635E-11
   0.14599E+03   0.40025E-03
   0.14617E+03   0.82398E-11
   0.14637E+03   0.95825E-04
   0.14637E+03   0.41752E-04
   0.14638E+03   0.46343E-09
   0.14686E+03   0.67269E-04
   0.14686E+03   0.15746E-10
   0.14709E+03   0.27061E-10
   0.14726E+03   0.25757E-06
   0.14746E+03   0.29668E-04
   0.14773E+03   0.27031E-04
   0.14788E+03   0.98793E-04
   0.14810E+03   0.19162E-05
   0.14811E+03   0.25874E-04
   0.14814E+03   0.95548E-11
   0.14816E+03   0.13605E-12
   0.14818E+03   0.12435E-05
   0.14828E+03   0.38831E-04
   0.14833E+03   0.10979E-12
   0.14859E+03   0.54072E-05
   0.14866E+03   0.11773E-03
   0.14883E+03   0.12616E-03
   0.14889E+03   0.48601E-12
   0.14891E+03   0.43811E-10
   0.14893E+03   0.77957E-05
   0.14893E+03   0.10683E-09
   0.14904E+03   0.23735E-05
   0.14913E+03   0.53449E-04
   0.14920E+03   0.54183E-05
   0.14928E+03   0.58490E-05
   0.14935E+03   0.48387E-05
   0.14936E+03   0.34442E-05
   0.14947E+03   0.14977E-11
   0.14956E+03   0.26531E-07
   0.14956E+03   0.39788E-04
   0.14965E+03   0.41556E-06
   0.14973E+03   0.42933E-12
   0.14993E+03   0.42304E-04
   0.14997E+03   0.18950E-03
   0.14997E+03   0.11309E-08
   0.15003E+03   0.43820E-04
   0.15016E+03   0.98247E-11
   0.15027E+03   0.19789E-06
   0.15037E+03   0.49631E-05
   0.15052E+03   0.98552E-11
   0.15053E+03   0.95824E-12
   0.15095E+03   0.35749E-04
   0.15103E+03   0.19063E-05
   0.15116E+03   0.13057E-05
   0.15150E+03   0.27372E-03
   0.15157E+03   0.15604E-03
   0.15181E+03   0.18355E-04
   0.15236E+03   0.68408E-04
   0.15243E+03   0.23534E-04
   0.15249E+03   0.75866E-11
   0.15267E+03   0.17168E-04
   0.15273E+03   0.18713E-03
   0.15277E+03   0.24685E-03
   0.15297E+03   0.93225E-05
   0.15302E+03   0.67912E-11
   0.15314E+03   0.43801E-11
   0.15325E+03   0.73597E-04
   0.15336E+03   0.13583E-11
   0.15337E+03   0.14577E-04
   0.15341E+03   0.11310E-10
   0.15385E+03   0.24179E-03
   0.15393E+03   0.77860E-04
   0.15410E+03   0.23051E-04
   0.15413E+03   0.15700E-11
   0.15443E+03   0.97854E-04
   0.15480E+03   0.46716E-05
   0.15497E+03   0.13993E-12
   0.15532E+03   0.26319E-04
   0.15572E+03   0.85014E-04
   0.15623E+03   0.36718E-03
   0.15629E+03   0.47603E-10
   0.15663E+03   0.16156E-03
   0.15718E+03   0.59911E-04
   0.15723E+03   0.10980E-04
   0.15741E+03   0.68643E-04
   0.15780E+03   0.12830E-11
   0.15791E+03   0.26160E-11
   0.15815E+03   0.27975E-03
   0.15867E+03   0.16808E-03
   0.15909E+03   0.33156E-14
   0.15931E+03   0.11720E-14
   0.15975E+03   0.39374E-04
   0.15978E+03   0.49867E-04
   0.16036E+03   0.45736E-04
   0.16052E+03   0.72270E-04
   0.16054E+03   0.14011E-03
   0.16109E+03   0.21509E-12
   0.16120E+03   0.81752E-04
   0.16134E+03   0.79606E-04
   0.16141E+03   0.21398E-12
   0.16169E+03   0.42572E-11
   0.16187E+03   0.33807E-03
   0.16197E+03   0.54144E-04
   0.16202E+03   0.20063E-04
   0.16280E+03   0.66527E-04
   0.16283E+03   0.11298E-11
   0.16310E+03   0.21782E-11
   0.16325E+03   0.55616E-04
   0.16361E+03   0.50040E-04
   0.16367E+03   0.79632E-04
   0.16393E+03   0.80948E-04
   0.16405E+03   0.65658E-05
   0.16406E+03   0.71051E-04
   0.16413E+03   0.29187E-03
   0.16487E+03   0.21220E-11
   0.16501E+03   0.80851E-04
   0.16509E+03   0.46493E-11
   0.16566E+03   0.76886E-04
   0.16595E+03   0.10158E-03
   0.16681E+03   0.58965E-04
   0.16683E+03   0.39575E-11
   0.16686E+03   0.16063E-03
   0.16687E+03   0.15097E-03
   0.16688E+03   0.23057E-10
   0.16755E+03   0.14498E-11
   0.16779E+03   0.15262E-03
   0.16801E+03   0.34435E-04
   0.16802E+03   0.11964E-03
   0.16865E+03   0.82883E-12
   0.16894E+03   0.42822E-04
   0.16915E+03   0.14614E-03
   0.16979E+03   0.23771E-03
   0.17005E+03   0.38707E-10
   0.17009E+03   0.39409E-03
   0.17083E+03   0.23418E-03
   0.17106E+03   0.12330E-11
   0.17133E+03   0.39664E-04
   0.17200E+03   0.63599E-12
   0.17210E+03   0.89978E-04
   0.17210E+03   0.19141E-03
   0.17290E+03   0.10964E-10
   0.17294E+03   0.31398E-03
   0.17318E+03   0.26517E-11
   0.17378E+03   0.85174E-04
   0.17440E+03   0.84538E-04
   0.17471E+03   0.58459E-04
   0.17502E+03   0.28227E-03
   0.17517E+03   0.82896E-12
   0.17541E+03   0.77857E-04
   0.17553E+03   0.55385E-04
   0.17555E+03   0.12190E-11
   0.17563E+03   0.65444E-11
   0.17623E+03   0.16511E-04
   0.17626E+03   0.29333E-12
   0.17789E+03   0.18765E-03
   0.17817E+03   0.14709E-03
   0.18066E+03   0.54816E-04
   0.18273E+03   0.51371E-04
   0.18373E+03   0.10407E-03
   0.18418E+03   0.18465E-03
   0.18668E+03   0.84937E-04
   0.18761E+03   0.23097E-12
   0.18941E+03   0.10015E-03
   0.19084E+03   0.17190E-13
