  -0.55020E+00   0.44114E-12
  -0.48618E+00   0.26408E-01
  -0.10564E+00   0.13389E+01
   0.15631E+01   0.18223E+00
   0.18448E+01   0.11387E+01
   0.27165E+01   0.19692E+01
   0.39104E+01   0.46566E+01
   0.46508E+01   0.15194E+00
   0.55909E+01   0.51760E+01
   0.60275E+01   0.36655E-11
   0.60775E+01   0.36248E-13
   0.61068E+01   0.26353E-11
   0.80189E+01   0.15315E-14
   0.82202E+01   0.10032E-11
   0.84130E+01   0.56321E-10
   0.86406E+01   0.30867E-11
   0.90461E+01   0.31288E-12
   0.95287E+01   0.49837E-10
   0.99928E+01   0.79637E-09
   0.10418E+02   0.23734E-02
   0.10577E+02   0.10861E+02
   0.10610E+02   0.78497E-08
   0.10768E+02   0.38652E-10
   0.10987E+02   0.17236E-02
   0.11133E+02   0.15655E-08
   0.11405E+02   0.17222E-08
   0.11497E+02   0.12127E-09
   0.11714E+02   0.15943E-10
   0.11970E+02   0.20466E-12
   0.12204E+02   0.65907E-14
   0.12365E+02   0.42178E-05
   0.12788E+02   0.89817E-10
   0.12841E+02   0.13710E+00
   0.12934E+02   0.31218E-05
   0.12953E+02   0.17318E+00
   0.13039E+02   0.25900E-03
   0.13060E+02   0.70077E-04
   0.13155E+02   0.50240E-10
   0.13239E+02   0.54331E-01
   0.13403E+02   0.99932E-04
   0.13797E+02   0.47013E-02
   0.13806E+02   0.27461E-03
   0.13868E+02   0.10917E-09
   0.14419E+02   0.20396E-08
   0.14495E+02   0.18616E-02
   0.14503E+02   0.60313E-02
   0.14695E+02   0.72623E-08
   0.14716E+02   0.65651E-07
   0.14797E+02   0.56643E+01
   0.14969E+02   0.35845E+00
   0.14985E+02   0.50619E-07
   0.15045E+02   0.77306E+01
   0.15444E+02   0.12505E-03
   0.15494E+02   0.99522E+00
   0.15507E+02   0.69567E-10
   0.15562E+02   0.54368E+00
   0.15595E+02   0.36011E-02
   0.15608E+02   0.64298E-02
   0.15621E+02   0.10708E+00
   0.15682E+02   0.42798E-01
   0.15834E+02   0.41269E-09
   0.16009E+02   0.82874E-09
   0.16162E+02   0.42285E-08
   0.16299E+02   0.21067E-02
   0.16566E+02   0.41534E-03
   0.16648E+02   0.13820E-07
   0.16695E+02   0.43081E-04
   0.16708E+02   0.54817E-05
   0.16763E+02   0.21039E-06
   0.16798E+02   0.22717E-03
   0.16920E+02   0.20915E-02
   0.16968E+02   0.17410E-01
   0.17003E+02   0.34774E-03
   0.17061E+02   0.50421E-02
   0.17239E+02   0.76614E-10
   0.17312E+02   0.16490E-08
   0.17490E+02   0.36851E-06
   0.17563E+02   0.71080E-13
   0.17631E+02   0.41464E-01
   0.17655E+02   0.72532E-05
   0.17702E+02   0.81101E-01
   0.17902E+02   0.10093E-09
   0.17977E+02   0.81152E-03
   0.18056E+02   0.50671E-10
   0.18123E+02   0.28764E-12
   0.18193E+02   0.50198E-03
   0.18295E+02   0.85436E-11
   0.18341E+02   0.93736E-06
   0.18513E+02   0.15164E-03
   0.18628E+02   0.88597E-02
   0.18841E+02   0.25863E-09
   0.19088E+02   0.16946E-05
   0.19109E+02   0.39099E-08
   0.19184E+02   0.78670E-08
   0.19488E+02   0.11863E-07
   0.19512E+02   0.21340E-03
   0.19636E+02   0.36780E-03
   0.19660E+02   0.18073E+00
   0.19676E+02   0.25535E-09
   0.19683E+02   0.17203E-02
   0.19774E+02   0.63147E-08
   0.19810E+02   0.62249E-09
   0.19879E+02   0.13994E-08
   0.19997E+02   0.11347E-02
   0.20191E+02   0.55516E-03
   0.20203E+02   0.65607E-10
   0.20336E+02   0.13118E-01
   0.20400E+02   0.10074E-10
   0.20501E+02   0.55757E-01
   0.20503E+02   0.10739E-01
   0.20584E+02   0.25470E-02
   0.20650E+02   0.12248E-01
   0.20684E+02   0.29393E-03
   0.20759E+02   0.64350E-09
   0.21337E+02   0.91131E-07
   0.21477E+02   0.13021E-06
   0.21506E+02   0.91948E-04
   0.21510E+02   0.87242E-03
   0.21522E+02   0.24013E-02
   0.21656E+02   0.16314E-08
   0.21819E+02   0.44661E-06
   0.21910E+02   0.12684E-08
   0.21926E+02   0.11305E+00
   0.22227E+02   0.13968E-02
   0.22287E+02   0.57123E-07
   0.22510E+02   0.51162E-02
   0.22514E+02   0.76139E-03
   0.22539E+02   0.61354E-06
   0.22555E+02   0.97819E-03
   0.22611E+02   0.59537E-05
   0.22932E+02   0.64525E-10
   0.23009E+02   0.21676E-04
   0.23218E+02   0.92915E-03
   0.23281E+02   0.17541E-05
   0.23361E+02   0.91267E-11
   0.23365E+02   0.79501E-03
   0.23395E+02   0.23538E-17
   0.23597E+02   0.54414E-03
   0.23691E+02   0.52634E-07
   0.23708E+02   0.76581E-03
   0.23760E+02   0.10979E-02
   0.23785E+02   0.10958E-01
   0.23858E+02   0.23016E-08
   0.24008E+02   0.97957E-02
   0.24076E+02   0.17398E-08
   0.24148E+02   0.14688E-01
   0.24176E+02   0.28565E-03
   0.24228E+02   0.21792E+00
   0.24249E+02   0.30440E-02
   0.24322E+02   0.61820E-02
   0.24408E+02   0.10881E-02
   0.24631E+02   0.39457E-09
   0.24662E+02   0.43321E-02
   0.24719E+02   0.99723E-01
   0.24752E+02   0.21870E-01
   0.24843E+02   0.49195E-11
   0.24971E+02   0.15086E-03
   0.24982E+02   0.84661E-04
   0.24996E+02   0.15687E-01
   0.25035E+02   0.50010E-01
   0.25162E+02   0.20753E-02
   0.25293E+02   0.17943E-02
   0.25305E+02   0.57545E-08
   0.25333E+02   0.17451E-03
   0.25346E+02   0.22117E-02
   0.25423E+02   0.41071E-10
   0.25456E+02   0.11148E-03
   0.25461E+02   0.81373E-10
   0.25474E+02   0.14661E-02
   0.25493E+02   0.19841E-03
   0.25540E+02   0.79041E-04
   0.25550E+02   0.78687E-05
   0.25575E+02   0.52662E-02
   0.25652E+02   0.16132E-02
   0.25687E+02   0.16685E-02
   0.25733E+02   0.10230E-01
   0.25747E+02   0.18392E-09
   0.25828E+02   0.17506E-09
   0.25866E+02   0.76487E-04
   0.25869E+02   0.17815E-04
   0.25896E+02   0.16809E-11
   0.25929E+02   0.59729E-03
   0.25998E+02   0.17052E-10
   0.26015E+02   0.46457E-05
   0.26035E+02   0.11265E-03
   0.26074E+02   0.36446E-08
   0.26092E+02   0.10279E-11
   0.26117E+02   0.21677E-03
   0.26174E+02   0.46055E-03
   0.26226E+02   0.16658E-03
   0.26237E+02   0.32034E-04
   0.26260E+02   0.23079E-05
   0.26292E+02   0.82194E-05
   0.26404E+02   0.41030E-02
   0.26426E+02   0.37877E-03
   0.26434E+02   0.55679E-03
   0.26460E+02   0.17395E-08
   0.26535E+02   0.12215E-06
   0.26592E+02   0.79802E-04
   0.26695E+02   0.41893E-10
   0.26885E+02   0.59599E-06
   0.26899E+02   0.15829E-09
   0.27208E+02   0.89935E-03
   0.27263E+02   0.97014E-03
   0.27282E+02   0.55984E-01
   0.27503E+02   0.35789E-09
   0.27555E+02   0.40300E-05
   0.27568E+02   0.64956E-03
   0.27592E+02   0.10641E-09
   0.27602E+02   0.26561E-04
   0.27652E+02   0.82720E-10
   0.27692E+02   0.14563E-02
   0.27740E+02   0.14608E-04
   0.27752E+02   0.39979E-04
   0.27820E+02   0.10955E-02
   0.27880E+02   0.82714E-03
   0.27938E+02   0.74366E-03
   0.28001E+02   0.89002E-11
   0.28003E+02   0.15995E-07
   0.28010E+02   0.12396E-02
   0.28040E+02   0.63154E-04
   0.28095E+02   0.23951E-03
   0.28126E+02   0.20061E-03
   0.28150E+02   0.18183E-10
   0.28166E+02   0.24146E-04
   0.28291E+02   0.71097E-03
   0.28343E+02   0.10019E-01
   0.28389E+02   0.78152E-03
   0.28407E+02   0.37610E-03
   0.28454E+02   0.94742E-04
   0.28506E+02   0.55231E-04
   0.28582E+02   0.64306E-01
   0.28684E+02   0.15383E-03
   0.28695E+02   0.39036E-04
   0.28712E+02   0.41781E-02
   0.29010E+02   0.37761E-05
   0.29247E+02   0.58002E-03
   0.29290E+02   0.49207E-02
   0.29392E+02   0.84854E-03
   0.29442E+02   0.22678E-02
   0.29474E+02   0.12419E-03
   0.29503E+02   0.88561E-06
   0.29528E+02   0.81402E-02
   0.29617E+02   0.13803E-02
   0.29659E+02   0.17967E-13
   0.29667E+02   0.12895E-02
   0.29767E+02   0.14247E-01
   0.29776E+02   0.82474E-03
   0.29828E+02   0.16833E-07
   0.29852E+02   0.26132E-09
   0.29957E+02   0.12394E-02
   0.29966E+02   0.10653E-08
   0.30103E+02   0.10257E-07
   0.30123E+02   0.67959E-11
   0.30441E+02   0.56925E-03
   0.30443E+02   0.41657E-01
   0.30536E+02   0.20856E-09
   0.30659E+02   0.27569E-04
   0.30678E+02   0.77352E-01
   0.30750E+02   0.41016E-09
   0.30877E+02   0.49632E-03
   0.30907E+02   0.10655E-03
   0.31120E+02   0.28126E-03
   0.31214E+02   0.22390E-04
   0.31280E+02   0.41660E-03
   0.31310E+02   0.99512E-03
   0.31450E+02   0.16715E-02
   0.31483E+02   0.32813E-05
   0.31530E+02   0.94437E-03
   0.31644E+02   0.59020E-04
   0.31656E+02   0.20005E-04
   0.31715E+02   0.81967E-03
   0.31747E+02   0.38120E-02
   0.31762E+02   0.12725E-02
   0.31853E+02   0.92705E-06
   0.31870E+02   0.46660E-10
   0.31881E+02   0.82649E-02
   0.31936E+02   0.48007E-14
   0.31939E+02   0.42105E-03
   0.31990E+02   0.29670E-03
   0.31992E+02   0.36642E-04
   0.32019E+02   0.10951E-02
   0.32055E+02   0.54697E-15
   0.32124E+02   0.46126E-03
   0.32126E+02   0.27706E-12
   0.32138E+02   0.16933E-03
   0.32189E+02   0.71699E-10
   0.32203E+02   0.38819E-05
   0.32289E+02   0.30306E-05
   0.32330E+02   0.13610E-03
   0.32375E+02   0.50423E-03
   0.32397E+02   0.21479E-07
   0.32433E+02   0.11283E-05
   0.32494E+02   0.87955E-04
   0.32505E+02   0.24527E-09
   0.32551E+02   0.17103E-03
   0.32638E+02   0.75187E-08
   0.32679E+02   0.11055E-04
   0.32735E+02   0.40727E-02
   0.32836E+02   0.21325E+00
   0.32905E+02   0.12481E-04
   0.32921E+02   0.72700E-03
   0.32948E+02   0.43659E-09
   0.32962E+02   0.68478E-14
   0.32996E+02   0.55121E-06
   0.33063E+02   0.92415E-02
   0.33131E+02   0.10725E-09
   0.33229E+02   0.58684E-08
   0.33282E+02   0.70506E-01
   0.33353E+02   0.84788E-04
   0.33356E+02   0.24046E-12
   0.33404E+02   0.51229E-04
   0.33543E+02   0.10681E-04
   0.33549E+02   0.13288E-02
   0.33591E+02   0.17068E-04
   0.33672E+02   0.46955E-07
   0.33706E+02   0.13840E-16
   0.33774E+02   0.81494E-05
   0.33791E+02   0.77197E-05
   0.33814E+02   0.24505E-03
   0.33931E+02   0.13952E-05
   0.33997E+02   0.42138E-04
   0.34003E+02   0.44419E-05
   0.34071E+02   0.21397E-06
   0.34112E+02   0.75004E-14
   0.34142E+02   0.64967E-11
   0.34188E+02   0.59326E-03
   0.34337E+02   0.61339E-02
   0.34396E+02   0.13920E-02
   0.34415E+02   0.17313E-04
   0.34427E+02   0.25975E-05
   0.34428E+02   0.60207E-03
   0.34568E+02   0.61815E-03
   0.34575E+02   0.50370E-03
   0.34745E+02   0.69908E-04
   0.34858E+02   0.24990E-03
   0.35017E+02   0.36262E-04
   0.35069E+02   0.86616E-11
   0.35155E+02   0.14476E-02
   0.35290E+02   0.46203E-12
   0.35402E+02   0.70558E-11
   0.35426E+02   0.14999E-02
   0.35431E+02   0.21640E-03
   0.35525E+02   0.17052E-02
   0.35700E+02   0.28046E-05
   0.35821E+02   0.51617E-08
   0.35836E+02   0.24249E-02
   0.36010E+02   0.18239E-09
   0.36015E+02   0.43214E-03
   0.36016E+02   0.10446E-04
   0.36016E+02   0.24911E-04
   0.36047E+02   0.58230E-03
   0.36416E+02   0.10595E-02
   0.36518E+02   0.48497E-01
   0.36519E+02   0.27348E-01
   0.36641E+02   0.49081E-02
   0.36644E+02   0.26348E-04
   0.36674E+02   0.28426E-03
   0.36677E+02   0.46985E-14
   0.36785E+02   0.16738E-03
   0.36789E+02   0.55893E-04
   0.36811E+02   0.10807E-02
   0.36918E+02   0.42335E-03
   0.36981E+02   0.63578E-10
   0.36985E+02   0.70827E-03
   0.37052E+02   0.89623E-08
   0.37068E+02   0.29217E-04
   0.37126E+02   0.35584E-03
   0.37229E+02   0.26497E-10
   0.37273E+02   0.18228E-03
   0.37379E+02   0.79622E-04
   0.37398E+02   0.33034E-01
   0.37400E+02   0.62562E-02
   0.37441E+02   0.85288E-10
   0.37544E+02   0.21742E-03
   0.37580E+02   0.23364E-02
   0.37835E+02   0.18150E-03
   0.37926E+02   0.41884E-05
   0.37936E+02   0.19415E-08
   0.37962E+02   0.22818E-10
   0.37963E+02   0.15373E-03
   0.38252E+02   0.78336E-13
   0.38292E+02   0.11778E-06
   0.38328E+02   0.85331E-02
   0.38335E+02   0.24123E-05
   0.38345E+02   0.83620E-06
   0.38383E+02   0.11258E-03
   0.38456E+02   0.93091E-05
   0.38473E+02   0.85402E-05
   0.38591E+02   0.12983E-10
   0.38675E+02   0.33454E-04
   0.38725E+02   0.38187E-05
   0.38735E+02   0.12264E-07
   0.38773E+02   0.12595E-03
   0.38848E+02   0.13054E-02
   0.38947E+02   0.81595E-04
   0.38954E+02   0.68299E-07
   0.38958E+02   0.11568E-03
   0.39037E+02   0.21845E-08
   0.39038E+02   0.28542E-03
   0.39056E+02   0.39939E-04
   0.39093E+02   0.18760E-02
   0.39153E+02   0.18442E-13
   0.39205E+02   0.76947E-04
   0.39268E+02   0.68478E-12
   0.39376E+02   0.55876E-03
   0.39437E+02   0.21995E-06
   0.39445E+02   0.10892E-02
   0.39508E+02   0.36302E-04
   0.39531E+02   0.10234E-02
   0.39581E+02   0.53602E-14
   0.39638E+02   0.46728E-06
   0.39685E+02   0.56815E-04
   0.39818E+02   0.21227E-02
   0.40020E+02   0.83533E-03
   0.40023E+02   0.22167E-10
   0.40039E+02   0.14159E-02
   0.40098E+02   0.78276E-04
   0.40119E+02   0.21902E-04
   0.40151E+02   0.17310E-02
   0.40278E+02   0.87839E-06
   0.40289E+02   0.28213E-05
   0.40299E+02   0.38036E-03
   0.40338E+02   0.21954E-04
   0.40349E+02   0.35898E-03
   0.40385E+02   0.26030E-12
   0.40479E+02   0.82557E-03
   0.40634E+02   0.44252E-06
   0.40653E+02   0.16092E-02
   0.40654E+02   0.89493E-10
   0.40734E+02   0.10096E-02
   0.40838E+02   0.58675E-03
   0.40850E+02   0.92332E-10
   0.40868E+02   0.37093E-08
   0.40896E+02   0.48042E-10
   0.40907E+02   0.67762E-03
   0.40976E+02   0.19324E-04
   0.41012E+02   0.87110E-03
   0.41017E+02   0.86735E-03
   0.41063E+02   0.29295E-03
   0.41116E+02   0.93106E-04
   0.41184E+02   0.58792E-04
   0.41189E+02   0.29071E-05
   0.41301E+02   0.35283E-04
   0.41308E+02   0.20386E-10
   0.41370E+02   0.17379E-10
   0.41408E+02   0.10671E-05
   0.41436E+02   0.59163E-03
   0.41438E+02   0.69091E-05
   0.41438E+02   0.79486E-08
   0.41508E+02   0.10033E-03
   0.41575E+02   0.14309E-03
   0.41600E+02   0.12216E-10
   0.41665E+02   0.92171E-04
   0.41683E+02   0.18998E-03
   0.41694E+02   0.52170E-04
   0.41750E+02   0.63967E-13
   0.41793E+02   0.83043E-03
   0.41881E+02   0.61630E-13
   0.41894E+02   0.14853E-01
   0.41916E+02   0.44291E-03
   0.42015E+02   0.22618E-10
   0.42055E+02   0.20781E-07
   0.42058E+02   0.15984E-05
   0.42062E+02   0.49863E-05
   0.42083E+02   0.20618E-03
   0.42085E+02   0.14391E-10
   0.42148E+02   0.18033E-07
   0.42197E+02   0.15915E-03
   0.42256E+02   0.33167E-03
   0.42456E+02   0.10138E-02
   0.42517E+02   0.19363E-03
   0.42530E+02   0.99699E-05
   0.42540E+02   0.63801E-07
   0.42551E+02   0.67527E-10
   0.42584E+02   0.51972E-11
   0.42645E+02   0.66967E-04
   0.42675E+02   0.15002E-02
   0.42692E+02   0.73376E-04
   0.42773E+02   0.58020E-03
   0.42819E+02   0.98954E-03
   0.42868E+02   0.96858E-07
   0.42903E+02   0.31237E-03
   0.42977E+02   0.26898E-04
   0.43003E+02   0.81431E-03
   0.43048E+02   0.74160E-04
   0.43079E+02   0.26485E-01
   0.43172E+02   0.80422E-03
   0.43203E+02   0.10739E-03
   0.43244E+02   0.21275E-04
   0.43300E+02   0.38806E-03
   0.43341E+02   0.23483E-03
   0.43364E+02   0.86253E-03
   0.43444E+02   0.23489E-09
   0.43472E+02   0.15581E-03
   0.43529E+02   0.17745E-04
   0.43538E+02   0.15314E-10
   0.43718E+02   0.31124E-06
   0.43746E+02   0.14485E-05
   0.43780E+02   0.50688E-04
   0.43783E+02   0.31869E-03
   0.43812E+02   0.30987E-06
   0.43825E+02   0.22651E-04
   0.43869E+02   0.27574E-04
   0.43918E+02   0.16817E-02
   0.43922E+02   0.19370E-10
   0.43952E+02   0.39485E-02
   0.44124E+02   0.26568E-05
   0.44138E+02   0.43138E-01
   0.44209E+02   0.86424E-07
   0.44287E+02   0.11298E-06
   0.44341E+02   0.93400E-10
   0.44461E+02   0.17265E-06
   0.44509E+02   0.15962E-03
   0.44526E+02   0.14912E-06
   0.44547E+02   0.31316E-03
   0.44591E+02   0.17517E-09
   0.44702E+02   0.27615E-11
   0.44814E+02   0.34537E-03
   0.44828E+02   0.76286E-04
   0.44837E+02   0.30466E-06
   0.44885E+02   0.15072E-04
   0.44888E+02   0.44371E-06
   0.44949E+02   0.19598E-06
   0.45068E+02   0.35306E-11
   0.45126E+02   0.31404E-03
   0.45207E+02   0.70123E-03
   0.45289E+02   0.25943E-02
   0.45411E+02   0.16856E-10
   0.45424E+02   0.17945E-07
   0.45467E+02   0.23216E-04
   0.45490E+02   0.51927E-05
   0.45490E+02   0.94842E-06
   0.45518E+02   0.24706E-04
   0.45524E+02   0.29675E-06
   0.45588E+02   0.47898E-02
   0.45593E+02   0.83955E-03
   0.45626E+02   0.34081E-03
   0.45680E+02   0.16722E-04
   0.45747E+02   0.41241E-06
   0.45932E+02   0.90235E-03
   0.45970E+02   0.26774E-04
   0.46128E+02   0.46678E-02
   0.46130E+02   0.28843E-08
   0.46230E+02   0.33956E-06
   0.46255E+02   0.25933E-10
   0.46258E+02   0.54084E-08
   0.46270E+02   0.12470E-06
   0.46401E+02   0.34294E-03
   0.46423E+02   0.18843E-07
   0.46488E+02   0.17113E-07
   0.46523E+02   0.32579E-04
   0.46586E+02   0.12023E-06
   0.46619E+02   0.44133E-02
   0.46626E+02   0.12467E-02
   0.46668E+02   0.12697E-03
   0.46757E+02   0.11548E-08
   0.46956E+02   0.12436E-04
   0.47051E+02   0.92163E-06
   0.47098E+02   0.14510E-11
   0.47119E+02   0.28342E-03
   0.47138E+02   0.97210E-03
   0.47220E+02   0.10193E-02
   0.47286E+02   0.41886E-03
   0.47310E+02   0.10082E-01
   0.47341E+02   0.57524E-05
   0.47399E+02   0.77279E-02
   0.47413E+02   0.13729E-02
   0.47471E+02   0.12918E-01
   0.47505E+02   0.68018E-07
   0.47579E+02   0.28663E-04
   0.47589E+02   0.82932E-02
   0.47621E+02   0.18798E-02
   0.47640E+02   0.64525E-03
   0.47685E+02   0.26722E-03
   0.47782E+02   0.56555E-03
   0.47805E+02   0.95655E-08
   0.47853E+02   0.12948E-03
   0.47901E+02   0.71314E-03
   0.47917E+02   0.50261E-06
   0.47975E+02   0.21676E-05
   0.47986E+02   0.51189E-06
   0.47986E+02   0.56395E-06
   0.47989E+02   0.23644E-04
   0.48135E+02   0.42410E-03
   0.48184E+02   0.21272E-02
   0.48245E+02   0.24142E-05
   0.48308E+02   0.31263E-04
   0.48334E+02   0.34403E-03
   0.48413E+02   0.15558E-03
   0.48419E+02   0.18665E-04
   0.48435E+02   0.87818E-04
   0.48448E+02   0.82799E-04
   0.48466E+02   0.71772E-03
   0.48534E+02   0.48088E-06
   0.48547E+02   0.34161E-03
   0.48554E+02   0.39023E-02
   0.48566E+02   0.10578E-03
   0.48854E+02   0.19974E-02
   0.48907E+02   0.34683E-03
   0.49042E+02   0.12329E-02
   0.49049E+02   0.26473E-04
   0.49091E+02   0.97017E-08
   0.49108E+02   0.92690E-04
   0.49215E+02   0.51907E-04
   0.49230E+02   0.82851E-10
   0.49268E+02   0.18235E-06
   0.49268E+02   0.68715E-08
   0.49335E+02   0.21310E-04
   0.49355E+02   0.17186E-03
   0.49371E+02   0.24159E-03
   0.49373E+02   0.68875E-04
   0.49489E+02   0.65303E-04
   0.49511E+02   0.86245E-11
   0.49516E+02   0.10282E-04
   0.49577E+02   0.28435E-05
   0.49598E+02   0.74708E-09
   0.49598E+02   0.59561E-03
   0.49623E+02   0.90788E-06
   0.49777E+02   0.90815E-03
   0.49815E+02   0.40759E-04
   0.49820E+02   0.70959E-06
   0.49858E+02   0.44816E-12
   0.49877E+02   0.40149E-03
   0.49973E+02   0.73553E-04
   0.50044E+02   0.28959E-04
   0.50127E+02   0.58736E-11
   0.50174E+02   0.12966E-02
   0.50180E+02   0.14877E-03
   0.50196E+02   0.22875E-04
   0.50216E+02   0.22302E-10
   0.50226E+02   0.60319E-05
   0.50431E+02   0.86075E-10
   0.50448E+02   0.44388E-04
   0.50491E+02   0.74877E-03
   0.50538E+02   0.50282E-04
   0.50571E+02   0.47273E-04
   0.50687E+02   0.90852E-03
   0.50767E+02   0.90085E-08
   0.50776E+02   0.37068E-13
   0.50793E+02   0.31510E-03
   0.50797E+02   0.62532E-03
   0.50806E+02   0.22745E-10
   0.50828E+02   0.10704E-01
   0.50872E+02   0.10161E-07
   0.51005E+02   0.55952E-04
   0.51016E+02   0.70732E-10
   0.51111E+02   0.13644E-12
   0.51138E+02   0.26451E-11
   0.51180E+02   0.65638E-07
   0.51193E+02   0.39557E-04
   0.51234E+02   0.68692E-04
   0.51288E+02   0.49223E-03
   0.51364E+02   0.27796E-05
   0.51369E+02   0.12840E-10
   0.51407E+02   0.14819E-07
   0.51444E+02   0.61116E-07
   0.51544E+02   0.37598E-07
   0.51553E+02   0.12367E-13
   0.51570E+02   0.47821E-04
   0.51616E+02   0.36107E-03
   0.51624E+02   0.39591E-06
   0.51644E+02   0.29692E-01
   0.51660E+02   0.16363E-02
   0.51708E+02   0.51451E-09
   0.51762E+02   0.10580E-05
   0.51794E+02   0.12084E-02
   0.51832E+02   0.18579E-10
   0.51843E+02   0.51781E-13
   0.51879E+02   0.21312E-02
   0.51942E+02   0.52607E-04
   0.51968E+02   0.30007E-04
   0.51971E+02   0.24089E-17
   0.52002E+02   0.25880E-06
   0.52126E+02   0.16330E-07
   0.52154E+02   0.14469E-02
   0.52303E+02   0.15429E-02
   0.52327E+02   0.87318E-10
   0.52378E+02   0.88225E-03
   0.52410E+02   0.45704E-09
   0.52515E+02   0.28876E-14
   0.52729E+02   0.34687E-08
   0.52875E+02   0.11987E-05
   0.52882E+02   0.16447E-04
   0.52888E+02   0.33548E-03
   0.52938E+02   0.11953E-02
   0.52967E+02   0.79276E-04
   0.53076E+02   0.84867E-05
   0.53152E+02   0.34121E-05
   0.53156E+02   0.12792E-03
   0.53158E+02   0.30040E-03
   0.53209E+02   0.84892E-04
   0.53230E+02   0.14633E-05
   0.53270E+02   0.38336E-04
   0.53280E+02   0.10020E-03
   0.53349E+02   0.40260E-03
   0.53416E+02   0.34670E-06
   0.53459E+02   0.14182E-04
   0.53489E+02   0.25449E-05
   0.53499E+02   0.12603E-03
   0.53529E+02   0.52562E-02
   0.53536E+02   0.61500E-03
   0.53559E+02   0.33236E-04
   0.53564E+02   0.27918E-04
   0.53606E+02   0.24320E-01
   0.53794E+02   0.59291E-02
   0.53866E+02   0.48291E-03
   0.53906E+02   0.34570E-03
   0.53929E+02   0.48934E-05
   0.53993E+02   0.10384E-02
   0.54245E+02   0.42345E-04
   0.54269E+02   0.86410E-04
   0.54315E+02   0.40134E-05
   0.54531E+02   0.15750E-02
   0.54545E+02   0.21112E-02
   0.54632E+02   0.45052E-06
   0.54633E+02   0.14297E-06
   0.54799E+02   0.74228E-12
   0.54814E+02   0.16282E-04
   0.54882E+02   0.51649E-07
   0.54984E+02   0.77616E-03
   0.55002E+02   0.23692E-03
   0.55471E+02   0.32095E-07
   0.55531E+02   0.88573E-05
   0.55545E+02   0.21464E-02
   0.55572E+02   0.14759E-03
   0.55597E+02   0.27751E-07
   0.55671E+02   0.39910E-11
   0.55818E+02   0.43400E-03
   0.55850E+02   0.16544E-02
   0.55920E+02   0.14418E-05
   0.56010E+02   0.17195E-02
   0.56093E+02   0.83672E-03
   0.56112E+02   0.94099E-03
   0.56131E+02   0.35331E-03
   0.56185E+02   0.12761E-07
   0.56266E+02   0.14565E-02
   0.56300E+02   0.34521E-02
   0.56307E+02   0.75032E-13
   0.56347E+02   0.28021E-03
   0.56538E+02   0.28416E-02
   0.56654E+02   0.86619E-03
   0.56663E+02   0.12314E-02
   0.56694E+02   0.41735E-03
   0.56824E+02   0.18903E-02
   0.56856E+02   0.11687E-04
   0.56863E+02   0.71950E-06
   0.56877E+02   0.83943E-03
   0.56938E+02   0.11756E-08
   0.57060E+02   0.68145E-03
   0.57061E+02   0.95522E-04
   0.57064E+02   0.29999E-01
   0.57071E+02   0.40596E-02
   0.57146E+02   0.16354E-07
   0.57165E+02   0.89260E-06
   0.57220E+02   0.10433E-02
   0.57263E+02   0.48129E-05
   0.57291E+02   0.62594E-06
   0.57368E+02   0.15877E-03
   0.57381E+02   0.50158E-02
   0.57413E+02   0.39810E-07
   0.57497E+02   0.62361E-07
   0.57574E+02   0.61243E-10
   0.57773E+02   0.14509E-03
   0.57887E+02   0.25931E-04
   0.57940E+02   0.61739E-03
   0.57943E+02   0.11699E-02
   0.57954E+02   0.11014E-09
   0.57986E+02   0.20009E-07
   0.57997E+02   0.16935E-02
   0.58088E+02   0.35564E-03
   0.58110E+02   0.21882E-03
   0.58126E+02   0.24929E-03
   0.58131E+02   0.10590E-04
   0.58193E+02   0.12952E-03
   0.58288E+02   0.50154E-06
   0.58290E+02   0.94988E-11
   0.58320E+02   0.34483E-04
   0.58409E+02   0.34368E-13
   0.58473E+02   0.18031E-03
   0.58509E+02   0.36495E-08
   0.58527E+02   0.19874E-02
   0.58565E+02   0.44757E-02
   0.58622E+02   0.11056E-11
   0.58628E+02   0.41614E-03
   0.58675E+02   0.83748E-03
   0.58711E+02   0.18200E-02
   0.58765E+02   0.10553E-03
   0.58781E+02   0.47865E-04
   0.58843E+02   0.51715E-04
   0.58860E+02   0.34146E-04
   0.58869E+02   0.37363E-04
   0.58902E+02   0.61127E-04
   0.58927E+02   0.55524E-03
   0.59018E+02   0.73085E-03
   0.59050E+02   0.31001E-06
   0.59099E+02   0.41391E-07
   0.59193E+02   0.35158E-03
   0.59266E+02   0.12851E-02
   0.59370E+02   0.61899E-05
   0.59389E+02   0.58207E-03
   0.59425E+02   0.20444E-04
   0.59472E+02   0.83996E-03
   0.59508E+02   0.27766E-02
   0.59525E+02   0.20453E-03
   0.59570E+02   0.22636E-04
   0.59626E+02   0.33129E-03
   0.59693E+02   0.14409E-03
   0.59707E+02   0.89840E-03
   0.59716E+02   0.21229E-04
   0.59726E+02   0.99682E-03
   0.59797E+02   0.13867E-06
   0.59842E+02   0.49608E-03
   0.59871E+02   0.22907E-03
   0.59887E+02   0.73613E-04
   0.59904E+02   0.37562E-03
   0.59926E+02   0.37338E-04
   0.59972E+02   0.40161E-04
   0.60173E+02   0.42385E-07
   0.60206E+02   0.27743E-04
   0.60210E+02   0.67092E-05
   0.60228E+02   0.49694E-03
   0.60247E+02   0.43188E-03
   0.60269E+02   0.79248E-03
   0.60307E+02   0.10783E-10
   0.60345E+02   0.17562E-04
   0.60363E+02   0.46836E-06
   0.60413E+02   0.10349E-11
   0.60495E+02   0.40307E-04
   0.60556E+02   0.62528E-13
   0.60623E+02   0.15744E-11
   0.60663E+02   0.28542E-07
   0.60796E+02   0.37577E-03
   0.60805E+02   0.18469E-10
   0.60829E+02   0.14170E-03
   0.60839E+02   0.13454E-02
   0.60914E+02   0.37209E-05
   0.60931E+02   0.35228E-03
   0.60960E+02   0.51602E-06
   0.61115E+02   0.46950E-02
   0.61228E+02   0.86474E-03
   0.61263E+02   0.64635E-03
   0.61322E+02   0.11671E-07
   0.61334E+02   0.32655E-12
   0.61349E+02   0.70548E-13
   0.61461E+02   0.68805E-04
   0.61491E+02   0.31133E-06
   0.61540E+02   0.14979E-11
   0.61550E+02   0.12187E-02
   0.61700E+02   0.24045E-04
   0.61741E+02   0.17160E-07
   0.61955E+02   0.35039E-03
   0.61985E+02   0.44122E-02
   0.61992E+02   0.25776E-12
   0.62137E+02   0.75309E-17
   0.62177E+02   0.62485E-05
   0.62267E+02   0.97328E-10
   0.62408E+02   0.15335E-07
   0.62425E+02   0.14506E-03
   0.62547E+02   0.96806E-07
   0.62611E+02   0.77018E-03
   0.62625E+02   0.55311E-03
   0.62754E+02   0.14043E-13
   0.62761E+02   0.45053E-04
   0.62776E+02   0.19734E-02
   0.62815E+02   0.10183E-04
   0.62863E+02   0.13295E-04
   0.62939E+02   0.66353E-03
   0.63154E+02   0.66699E-11
   0.63258E+02   0.13426E-04
   0.63277E+02   0.40409E-07
   0.63284E+02   0.73492E-05
   0.63428E+02   0.10305E-02
   0.63663E+02   0.16073E-07
   0.63698E+02   0.28689E-06
   0.63739E+02   0.37780E-03
   0.63907E+02   0.79231E-05
   0.63912E+02   0.35934E-04
   0.64005E+02   0.78579E-03
   0.64160E+02   0.45560E-03
   0.64171E+02   0.10099E-03
   0.64299E+02   0.72620E-05
   0.64419E+02   0.30755E-04
   0.64554E+02   0.54995E-03
   0.64558E+02   0.25929E-06
   0.64560E+02   0.18741E-03
   0.64575E+02   0.17199E-04
   0.64657E+02   0.25463E-09
   0.64706E+02   0.14013E-07
   0.64796E+02   0.13548E-09
   0.64844E+02   0.10664E-01
   0.64854E+02   0.13123E-01
   0.64892E+02   0.25704E-02
   0.64951E+02   0.43841E-04
   0.64987E+02   0.41591E-06
   0.64991E+02   0.74788E-03
   0.65053E+02   0.18154E-03
   0.65058E+02   0.54295E-03
   0.65097E+02   0.52722E-02
   0.65345E+02   0.33531E-03
   0.65373E+02   0.17215E-11
   0.65414E+02   0.28573E-03
   0.65477E+02   0.17550E-02
   0.65610E+02   0.16074E-03
   0.65790E+02   0.16119E-08
   0.65840E+02   0.14418E-02
   0.65850E+02   0.86769E-03
   0.65872E+02   0.48355E-07
   0.66075E+02   0.21350E-03
   0.66105E+02   0.14617E-05
   0.66201E+02   0.90609E-07
   0.66236E+02   0.40034E-09
   0.66262E+02   0.15625E-04
   0.66273E+02   0.71319E-03
   0.66294E+02   0.47728E-03
   0.66358E+02   0.32705E-03
   0.66361E+02   0.40888E-08
   0.66372E+02   0.71167E-03
   0.66378E+02   0.83058E-05
   0.66397E+02   0.17224E-04
   0.66408E+02   0.56336E-04
   0.66444E+02   0.95421E-03
   0.66488E+02   0.10076E-03
   0.66534E+02   0.37277E-02
   0.66544E+02   0.19340E-04
   0.66563E+02   0.40648E-02
   0.66637E+02   0.34109E-03
   0.66657E+02   0.82081E-02
   0.66661E+02   0.44872E-11
   0.66735E+02   0.17893E-06
   0.66763E+02   0.76693E-06
   0.66764E+02   0.14457E-07
   0.66828E+02   0.24560E-03
   0.66864E+02   0.11376E-03
   0.66870E+02   0.18091E-14
   0.66877E+02   0.36897E-02
   0.66981E+02   0.58075E-03
   0.67068E+02   0.11264E-07
   0.67252E+02   0.62226E-04
   0.67262E+02   0.81214E-05
   0.67305E+02   0.65176E-03
   0.67325E+02   0.38373E-11
   0.67433E+02   0.12909E-02
   0.67463E+02   0.10721E-03
   0.67522E+02   0.98192E-03
   0.67543E+02   0.27904E-06
   0.67558E+02   0.12970E-02
   0.67599E+02   0.35270E-03
   0.67632E+02   0.28348E-03
   0.67783E+02   0.91090E-03
   0.67794E+02   0.80385E-05
   0.67888E+02   0.21284E-04
   0.68014E+02   0.56438E-07
   0.68091E+02   0.32601E-03
   0.68101E+02   0.24695E-04
   0.68110E+02   0.16927E-03
   0.68239E+02   0.10318E-06
   0.68312E+02   0.47304E-03
   0.68407E+02   0.15326E-06
   0.68407E+02   0.33804E-09
   0.68409E+02   0.73026E-03
   0.68411E+02   0.33997E-11
   0.68582E+02   0.73426E-05
   0.68619E+02   0.44114E-07
   0.68747E+02   0.25365E-04
   0.68751E+02   0.21884E-11
   0.68771E+02   0.25529E-08
   0.68776E+02   0.11722E-05
   0.69032E+02   0.39602E-08
   0.69168E+02   0.14450E-03
   0.69273E+02   0.19529E-02
   0.69300E+02   0.18439E-02
   0.69310E+02   0.98936E-03
   0.69404E+02   0.81130E-02
   0.69518E+02   0.13271E-02
   0.69563E+02   0.78990E-03
   0.69623E+02   0.10871E-04
   0.69703E+02   0.25072E-02
   0.69704E+02   0.30147E-02
   0.69735E+02   0.69194E-06
   0.69901E+02   0.21463E-07
   0.70012E+02   0.25571E-03
   0.70076E+02   0.12016E-04
   0.70172E+02   0.13080E-03
   0.70267E+02   0.14072E-03
   0.70311E+02   0.37669E-02
   0.70408E+02   0.12887E-05
   0.70421E+02   0.18990E-04
   0.70422E+02   0.52162E-08
   0.70453E+02   0.73987E-11
   0.70501E+02   0.72249E-03
   0.70503E+02   0.85054E-04
   0.70572E+02   0.75911E-09
   0.70572E+02   0.98344E-08
   0.70594E+02   0.27446E-06
   0.70624E+02   0.93672E-04
   0.70674E+02   0.92852E-03
   0.70680E+02   0.84950E-06
   0.70741E+02   0.68612E-04
   0.70781E+02   0.11608E-06
   0.70863E+02   0.86679E-03
   0.70871E+02   0.13191E-10
   0.70946E+02   0.55103E-05
   0.70948E+02   0.27517E-04
   0.70957E+02   0.53465E-05
   0.70985E+02   0.15717E-03
   0.71098E+02   0.40046E-11
   0.71160E+02   0.13377E-07
   0.71187E+02   0.20473E-06
   0.71193E+02   0.99108E-05
   0.71338E+02   0.50983E-08
   0.71341E+02   0.12262E-04
   0.71394E+02   0.18999E-02
   0.71414E+02   0.10559E-13
   0.71468E+02   0.21506E-05
   0.71489E+02   0.70303E-02
   0.71525E+02   0.34498E-08
   0.71532E+02   0.19048E-07
   0.71538E+02   0.13927E-04
   0.71585E+02   0.59467E-04
   0.71624E+02   0.70072E-05
   0.71625E+02   0.50078E-08
   0.71635E+02   0.59307E-05
   0.71694E+02   0.11141E-03
   0.71781E+02   0.55701E-04
   0.71825E+02   0.16180E-05
   0.71872E+02   0.30808E-03
   0.71954E+02   0.17820E-05
   0.72085E+02   0.10504E-03
   0.72137E+02   0.16738E-12
   0.72181E+02   0.18869E-07
   0.72214E+02   0.46785E-08
   0.72244E+02   0.58725E-03
   0.72326E+02   0.20127E-09
   0.72351E+02   0.13388E-08
   0.72355E+02   0.18322E-05
   0.72395E+02   0.78818E-11
   0.72409E+02   0.79621E-05
   0.72467E+02   0.35882E-03
   0.72494E+02   0.47243E-05
   0.72504E+02   0.61695E-06
   0.72696E+02   0.71467E-14
   0.72705E+02   0.17684E-03
   0.72723E+02   0.41100E-12
   0.72727E+02   0.14535E-13
   0.72727E+02   0.82803E-10
   0.72747E+02   0.60626E-04
   0.72793E+02   0.48327E-08
   0.72804E+02   0.69096E-08
   0.72843E+02   0.67720E-09
   0.72873E+02   0.32099E-03
   0.72958E+02   0.87336E-09
   0.72975E+02   0.67064E-04
   0.73035E+02   0.35960E-12
   0.73112E+02   0.54328E-04
   0.73196E+02   0.11860E-01
   0.73202E+02   0.45749E-03
   0.73209E+02   0.82585E-03
   0.73218E+02   0.26138E-11
   0.73240E+02   0.60740E-04
   0.73292E+02   0.16625E-03
   0.73402E+02   0.66524E-04
   0.73408E+02   0.88712E-04
   0.73429E+02   0.19278E-06
   0.73455E+02   0.91974E-06
   0.73484E+02   0.77074E-05
   0.73686E+02   0.11458E-03
   0.73711E+02   0.19614E-03
   0.73787E+02   0.13437E-04
   0.73811E+02   0.26964E-03
   0.73869E+02   0.20944E-14
   0.73935E+02   0.52330E-05
   0.73945E+02   0.12158E-05
   0.73993E+02   0.34058E-08
   0.74009E+02   0.21773E-03
   0.74011E+02   0.55579E-09
   0.74019E+02   0.25654E-03
   0.74022E+02   0.67589E-03
   0.74026E+02   0.92051E-04
   0.74029E+02   0.90324E-07
   0.74064E+02   0.62584E-07
   0.74065E+02   0.79178E-07
   0.74088E+02   0.40535E-14
   0.74104E+02   0.13300E-04
   0.74191E+02   0.57912E-02
   0.74327E+02   0.15240E-02
   0.74386E+02   0.13926E-03
   0.74443E+02   0.21878E-09
   0.74473E+02   0.70927E-04
   0.74550E+02   0.44412E-03
   0.74590E+02   0.56813E-04
   0.74623E+02   0.40942E-15
   0.74653E+02   0.10269E-02
   0.74780E+02   0.10662E-09
   0.74841E+02   0.16627E-03
   0.74878E+02   0.84766E-03
   0.75032E+02   0.12069E-04
   0.75043E+02   0.52667E-12
   0.75119E+02   0.52381E-04
   0.75157E+02   0.60154E-08
   0.75203E+02   0.64373E-03
   0.75266E+02   0.10973E-03
   0.75343E+02   0.48566E-04
   0.75366E+02   0.16443E-09
   0.75428E+02   0.12780E-03
   0.75437E+02   0.12264E-10
   0.75438E+02   0.41888E-06
   0.75460E+02   0.62061E-05
   0.75500E+02   0.20491E-06
   0.75691E+02   0.31850E-09
   0.75788E+02   0.26131E-06
   0.75801E+02   0.80361E-05
   0.75840E+02   0.61487E-03
   0.75862E+02   0.82742E-03
   0.75895E+02   0.35535E-04
   0.75897E+02   0.46063E-03
   0.76011E+02   0.12652E-05
   0.76024E+02   0.36533E-05
   0.76024E+02   0.47658E-11
   0.76049E+02   0.37656E-02
   0.76057E+02   0.10651E-02
   0.76077E+02   0.29386E-04
   0.76145E+02   0.15664E-06
   0.76149E+02   0.47211E-07
   0.76156E+02   0.23237E-07
   0.76180E+02   0.38288E-15
   0.76210E+02   0.30901E-03
   0.76223E+02   0.11714E-04
   0.76254E+02   0.16799E-06
   0.76270E+02   0.15239E-03
   0.76304E+02   0.84338E-08
   0.76326E+02   0.55409E-04
   0.76393E+02   0.38805E-06
   0.76421E+02   0.12025E-05
   0.76520E+02   0.48097E-02
   0.76553E+02   0.45092E-04
   0.76599E+02   0.34983E-03
   0.76640E+02   0.16704E-11
   0.76754E+02   0.16978E-02
   0.76832E+02   0.30790E-02
   0.76850E+02   0.58089E-07
   0.76896E+02   0.18004E-03
   0.76997E+02   0.16682E-03
   0.77074E+02   0.22990E-09
   0.77093E+02   0.18635E-11
   0.77128E+02   0.60178E-04
   0.77130E+02   0.86428E-04
   0.77131E+02   0.86973E-07
   0.77157E+02   0.12829E-08
   0.77171E+02   0.52509E-04
   0.77272E+02   0.91823E-03
   0.77374E+02   0.29898E-04
   0.77387E+02   0.10742E-04
   0.77418E+02   0.23862E-02
   0.77509E+02   0.78199E-08
   0.77603E+02   0.50785E-05
   0.77639E+02   0.73347E-04
   0.77787E+02   0.59574E-03
   0.77870E+02   0.10667E-01
   0.77883E+02   0.25635E-03
   0.77884E+02   0.11099E-02
   0.77930E+02   0.72439E-03
   0.77945E+02   0.37127E-11
   0.77978E+02   0.19250E-02
   0.78081E+02   0.22168E-03
   0.78103E+02   0.11194E-03
   0.78105E+02   0.34079E-02
   0.78184E+02   0.35784E-04
   0.78244E+02   0.62682E-04
   0.78304E+02   0.15304E-11
   0.78351E+02   0.22363E-03
   0.78398E+02   0.43150E-14
   0.78405E+02   0.35599E-03
   0.78414E+02   0.12451E-03
   0.78610E+02   0.18531E-07
   0.78610E+02   0.13272E-08
   0.78629E+02   0.35761E-04
   0.78687E+02   0.20612E-02
   0.78737E+02   0.35007E-03
   0.78745E+02   0.12646E-02
   0.78823E+02   0.19732E-07
   0.78844E+02   0.18041E-05
   0.78896E+02   0.18620E-09
   0.78916E+02   0.87472E-04
   0.78973E+02   0.85817E-04
   0.79010E+02   0.50427E-04
   0.79052E+02   0.53766E-03
   0.79065E+02   0.49580E-05
   0.79112E+02   0.41923E-05
   0.79284E+02   0.12056E-04
   0.79321E+02   0.68840E-09
   0.79351E+02   0.81634E-06
   0.79354E+02   0.80526E-03
   0.79459E+02   0.28400E-04
   0.79467E+02   0.91887E-03
   0.79557E+02   0.85093E-11
   0.79578E+02   0.10863E-05
   0.79582E+02   0.47499E-11
   0.79588E+02   0.24598E-03
   0.79638E+02   0.51778E-05
   0.79664E+02   0.42122E-08
   0.79704E+02   0.68015E-09
   0.79831E+02   0.18131E-04
   0.79841E+02   0.19161E-02
   0.79909E+02   0.71413E-04
   0.79927E+02   0.62608E-12
   0.79975E+02   0.84078E-06
   0.79978E+02   0.14062E-02
   0.80004E+02   0.45692E-03
   0.80029E+02   0.19758E-03
   0.80146E+02   0.50727E-07
   0.80190E+02   0.13168E-03
   0.80199E+02   0.19004E-07
   0.80208E+02   0.30423E-09
   0.80221E+02   0.29063E-04
   0.80254E+02   0.95727E-04
   0.80319E+02   0.81954E-10
   0.80412E+02   0.18597E-05
   0.80416E+02   0.34847E-03
   0.80468E+02   0.10019E-05
   0.80485E+02   0.23234E-04
   0.80497E+02   0.78045E-08
   0.80502E+02   0.35967E-05
   0.80562E+02   0.16972E-03
   0.80640E+02   0.32711E-06
   0.80680E+02   0.12396E-01
   0.80724E+02   0.80265E-07
   0.80753E+02   0.28662E-05
   0.80775E+02   0.95795E-04
   0.80915E+02   0.72847E-09
   0.81011E+02   0.18354E-07
   0.81167E+02   0.54146E-05
   0.81169E+02   0.29152E-03
   0.81354E+02   0.92740E-04
   0.81359E+02   0.60667E-06
   0.81451E+02   0.90354E-04
   0.81488E+02   0.13633E-03
   0.81490E+02   0.70087E-06
   0.81580E+02   0.88679E-03
   0.81627E+02   0.25005E-11
   0.81828E+02   0.14204E-04
   0.81878E+02   0.30645E-09
   0.81950E+02   0.58843E-04
   0.81968E+02   0.23232E-02
   0.81972E+02   0.96387E-03
   0.81982E+02   0.12181E-05
   0.82057E+02   0.68516E-11
   0.82057E+02   0.90986E-04
   0.82125E+02   0.13931E-03
   0.82169E+02   0.22330E-04
   0.82171E+02   0.49497E-06
   0.82177E+02   0.60423E-04
   0.82181E+02   0.75483E-04
   0.82282E+02   0.29243E-03
   0.82311E+02   0.34519E-04
   0.82427E+02   0.89489E-06
   0.82452E+02   0.13224E-05
   0.82501E+02   0.72918E-04
   0.82504E+02   0.33738E-14
   0.82509E+02   0.48085E-08
   0.82515E+02   0.33342E-11
   0.82540E+02   0.89339E-05
   0.82543E+02   0.75754E-05
   0.82690E+02   0.62999E-05
   0.82700E+02   0.37080E-03
   0.82750E+02   0.44631E-14
   0.82853E+02   0.20995E-04
   0.82889E+02   0.30229E-03
   0.82978E+02   0.37843E-04
   0.83068E+02   0.66839E-04
   0.83264E+02   0.37528E-03
   0.83282E+02   0.54378E-05
   0.83336E+02   0.10082E-03
   0.83349E+02   0.83938E-05
   0.83414E+02   0.19823E-07
   0.83463E+02   0.85495E-04
   0.83476E+02   0.15592E-03
   0.83529E+02   0.40294E-07
   0.83538E+02   0.87858E-05
   0.83591E+02   0.27108E-04
   0.83624E+02   0.30989E-03
   0.83663E+02   0.45432E-03
   0.83704E+02   0.45912E-03
   0.83704E+02   0.52057E-04
   0.83779E+02   0.47380E-06
   0.83895E+02   0.20405E-08
   0.83934E+02   0.30211E-05
   0.83938E+02   0.38710E-04
   0.83963E+02   0.35932E-09
   0.83972E+02   0.39729E-09
   0.83990E+02   0.27009E-04
   0.84031E+02   0.58509E-03
   0.84039E+02   0.18582E-03
   0.84052E+02   0.87138E-09
   0.84061E+02   0.33965E-04
   0.84064E+02   0.79929E-03
   0.84097E+02   0.59632E-07
   0.84109E+02   0.57693E-08
   0.84147E+02   0.35448E-10
   0.84153E+02   0.37296E-10
   0.84172E+02   0.16371E-04
   0.84183E+02   0.34313E-05
   0.84188E+02   0.33421E-06
   0.84272E+02   0.24057E-03
   0.84287E+02   0.76986E-10
   0.84333E+02   0.74509E-05
   0.84343E+02   0.72440E-09
   0.84343E+02   0.48709E-04
   0.84384E+02   0.96071E-06
   0.84412E+02   0.48383E-08
   0.84419E+02   0.15764E-08
   0.84521E+02   0.61303E-05
   0.84529E+02   0.19139E-04
   0.84568E+02   0.41755E-05
   0.84582E+02   0.29976E-08
   0.84603E+02   0.10206E-03
   0.84609E+02   0.17909E-02
   0.84610E+02   0.33003E-05
   0.84610E+02   0.25981E-04
   0.84657E+02   0.76581E-04
   0.84667E+02   0.65360E-04
   0.84723E+02   0.34560E-03
   0.84764E+02   0.66419E-05
   0.84777E+02   0.78721E-03
   0.84799E+02   0.71320E-07
   0.84843E+02   0.46232E-04
   0.84936E+02   0.14177E-03
   0.84945E+02   0.53578E-03
   0.84948E+02   0.11096E-12
   0.84996E+02   0.26777E-03
   0.85086E+02   0.43929E-04
   0.85152E+02   0.12236E-03
   0.85172E+02   0.49527E-06
   0.85173E+02   0.47459E-11
   0.85201E+02   0.43899E-04
   0.85271E+02   0.50347E-04
   0.85295E+02   0.81709E-04
   0.85453E+02   0.16915E-03
   0.85635E+02   0.11733E-06
   0.85657E+02   0.32200E-13
   0.85766E+02   0.14990E-04
   0.85839E+02   0.26833E-09
   0.85840E+02   0.21833E-08
   0.85882E+02   0.38830E-05
   0.85885E+02   0.34513E-08
   0.85890E+02   0.93498E-12
   0.85893E+02   0.36126E-04
   0.86013E+02   0.59337E-13
   0.86216E+02   0.14890E-11
   0.86252E+02   0.78119E-04
   0.86313E+02   0.44023E-06
   0.86326E+02   0.81198E-04
   0.86329E+02   0.12072E-03
   0.86385E+02   0.35470E-09
   0.86496E+02   0.17579E-06
   0.86580E+02   0.96557E-09
   0.86585E+02   0.10800E-13
   0.86633E+02   0.12373E-03
   0.86639E+02   0.12531E-07
   0.86659E+02   0.49007E-03
   0.86846E+02   0.61653E-16
   0.86865E+02   0.18227E-04
   0.86922E+02   0.10251E-02
   0.86960E+02   0.10678E-03
   0.86976E+02   0.93075E-10
   0.87007E+02   0.54398E-03
   0.87040E+02   0.80152E-03
   0.87247E+02   0.19979E-04
   0.87325E+02   0.16432E-02
   0.87328E+02   0.24621E-14
   0.87427E+02   0.10760E-02
   0.87441E+02   0.24929E-02
   0.87495E+02   0.83716E-12
   0.87562E+02   0.79370E-11
   0.87578E+02   0.66716E-08
   0.87640E+02   0.93020E-03
   0.87686E+02   0.15011E-15
   0.87888E+02   0.28512E-05
   0.87944E+02   0.40497E-05
   0.87964E+02   0.20041E-04
   0.88022E+02   0.10875E-05
   0.88022E+02   0.11007E-02
   0.88065E+02   0.90167E-04
   0.88102E+02   0.38740E-04
   0.88146E+02   0.21199E-03
   0.88200E+02   0.89813E-08
   0.88246E+02   0.10976E-05
   0.88249E+02   0.12790E-04
   0.88336E+02   0.18569E-03
   0.88390E+02   0.36475E-04
   0.88614E+02   0.25414E-07
   0.88663E+02   0.42910E-04
   0.88714E+02   0.58278E-10
   0.88734E+02   0.10531E-04
   0.89017E+02   0.37668E-04
   0.89079E+02   0.16110E-03
   0.89109E+02   0.20059E-03
   0.89148E+02   0.88648E-04
   0.89150E+02   0.77521E-04
   0.89311E+02   0.14318E-08
   0.89450E+02   0.95399E-03
   0.89556E+02   0.42416E-05
   0.89592E+02   0.10901E-07
   0.89607E+02   0.19737E-02
   0.89688E+02   0.23344E-03
   0.89697E+02   0.20635E-03
   0.89746E+02   0.11492E-03
   0.89879E+02   0.14049E-11
   0.89953E+02   0.62343E-05
   0.90054E+02   0.12907E-03
   0.90057E+02   0.74367E-02
   0.90097E+02   0.71574E-03
   0.90119E+02   0.98611E-06
   0.90123E+02   0.10128E-02
   0.90135E+02   0.26502E-05
   0.90175E+02   0.38528E-04
   0.90194E+02   0.25399E-02
   0.90256E+02   0.24455E-02
   0.90309E+02   0.58197E-03
   0.90349E+02   0.15739E-03
   0.90408E+02   0.16057E-03
   0.90426E+02   0.21951E-05
   0.90433E+02   0.24238E-06
   0.90462E+02   0.13118E-08
   0.90465E+02   0.10165E-04
   0.90540E+02   0.75995E-07
   0.90648E+02   0.43149E-04
   0.90722E+02   0.24818E-11
   0.90774E+02   0.63788E-08
   0.90802E+02   0.16814E-04
   0.90823E+02   0.46443E-07
   0.90876E+02   0.15315E-05
   0.90953E+02   0.30386E-06
   0.90963E+02   0.51361E-03
   0.91063E+02   0.96251E-14
   0.91095E+02   0.20993E-05
   0.91301E+02   0.25349E-03
   0.91302E+02   0.11028E-05
   0.91620E+02   0.70372E-08
   0.91652E+02   0.21956E-05
   0.91713E+02   0.51391E-04
   0.91825E+02   0.12147E-11
   0.91988E+02   0.13608E-02
   0.92091E+02   0.11208E-02
   0.92167E+02   0.18559E-12
   0.92245E+02   0.98213E-04
   0.92296E+02   0.19405E-09
   0.92362E+02   0.81275E-04
   0.92386E+02   0.51694E-09
   0.92388E+02   0.17213E-05
   0.92402E+02   0.54874E-08
   0.92438E+02   0.31305E-06
   0.92448E+02   0.13869E-07
   0.92454E+02   0.10887E-05
   0.92475E+02   0.25615E-03
   0.92528E+02   0.39249E-03
   0.92548E+02   0.19296E-09
   0.92580E+02   0.48331E-04
   0.92636E+02   0.27837E-06
   0.92646E+02   0.64913E-07
   0.92716E+02   0.25507E-06
   0.92739E+02   0.84441E-03
   0.92748E+02   0.42434E-12
   0.92866E+02   0.77153E-10
   0.92892E+02   0.98840E-04
   0.92994E+02   0.59295E-07
   0.93079E+02   0.12295E-09
   0.93117E+02   0.88010E-09
   0.93137E+02   0.11351E-04
   0.93140E+02   0.18208E-03
   0.93157E+02   0.69282E-12
   0.93173E+02   0.27825E-04
   0.93181E+02   0.98338E-04
   0.93249E+02   0.19614E-06
   0.93442E+02   0.42533E-05
   0.93492E+02   0.19958E-03
   0.93526E+02   0.81191E-05
   0.93565E+02   0.86356E-05
   0.93670E+02   0.12703E-03
   0.93686E+02   0.91290E-04
   0.93738E+02   0.21094E-12
   0.93870E+02   0.62904E-12
   0.93900E+02   0.66756E-04
   0.93919E+02   0.26148E-08
   0.93955E+02   0.22687E-07
   0.94015E+02   0.51425E-03
   0.94062E+02   0.10045E-04
   0.94065E+02   0.93282E-08
   0.94082E+02   0.50845E-04
   0.94118E+02   0.18286E-03
   0.94180E+02   0.21360E-04
   0.94211E+02   0.27605E-03
   0.94258E+02   0.60071E-05
   0.94298E+02   0.14935E-11
   0.94308E+02   0.11095E-04
   0.94315E+02   0.11452E-03
   0.94323E+02   0.25652E-08
   0.94403E+02   0.66689E-04
   0.94425E+02   0.49829E-05
   0.94469E+02   0.37095E-04
   0.94470E+02   0.78986E-12
   0.94482E+02   0.98168E-06
   0.94492E+02   0.97568E-04
   0.94542E+02   0.47039E-10
   0.94660E+02   0.55436E-04
   0.94675E+02   0.21581E-14
   0.94703E+02   0.35263E-09
   0.94713E+02   0.51800E-08
   0.94762E+02   0.22616E-04
   0.94767E+02   0.59230E-06
   0.94854E+02   0.14670E-04
   0.94971E+02   0.61506E-05
   0.95002E+02   0.10324E-02
   0.95016E+02   0.14415E-03
   0.95078E+02   0.18744E-03
   0.95097E+02   0.58786E-06
   0.95107E+02   0.68333E-04
   0.95193E+02   0.18740E-04
   0.95218E+02   0.95954E-05
   0.95222E+02   0.83505E-05
   0.95249E+02   0.53315E-04
   0.95286E+02   0.70804E-05
   0.95336E+02   0.35154E-05
   0.95349E+02   0.44730E-06
   0.95350E+02   0.74370E-04
   0.95394E+02   0.81771E-06
   0.95404E+02   0.44864E-06
   0.95463E+02   0.64584E-04
   0.95466E+02   0.33263E-02
   0.95484E+02   0.77300E-05
   0.95495E+02   0.70354E-03
   0.95537E+02   0.18053E-05
   0.95548E+02   0.32603E-03
   0.95602E+02   0.28090E-05
   0.95721E+02   0.43150E-04
   0.95730E+02   0.30101E-05
   0.95750E+02   0.36251E-08
   0.95780E+02   0.70857E-03
   0.95821E+02   0.11421E-08
   0.95880E+02   0.52889E-07
   0.95896E+02   0.72381E-06
   0.95944E+02   0.14769E-03
   0.96016E+02   0.40376E-04
   0.96019E+02   0.12663E-03
   0.96080E+02   0.34039E-04
   0.96132E+02   0.33700E-12
   0.96198E+02   0.73827E-05
   0.96401E+02   0.15112E-05
   0.96403E+02   0.63800E-05
   0.96413E+02   0.72374E-04
   0.96507E+02   0.21062E-04
   0.96516E+02   0.67026E-07
   0.96516E+02   0.84287E-08
   0.96521E+02   0.68398E-07
   0.96538E+02   0.56980E-04
   0.96702E+02   0.74433E-03
   0.96708E+02   0.67957E-06
   0.96718E+02   0.82248E-07
   0.96721E+02   0.45354E-07
   0.96864E+02   0.50573E-08
   0.96939E+02   0.26487E-04
   0.96950E+02   0.33545E-04
   0.97058E+02   0.19185E-04
   0.97063E+02   0.66996E-09
   0.97075E+02   0.10472E-05
   0.97086E+02   0.11734E-08
   0.97147E+02   0.66244E-11
   0.97167E+02   0.22175E-09
   0.97186E+02   0.15913E-03
   0.97242E+02   0.72338E-06
   0.97244E+02   0.87423E-03
   0.97268E+02   0.14356E-03
   0.97289E+02   0.13944E-05
   0.97435E+02   0.29709E-04
   0.97448E+02   0.23778E-04
   0.97470E+02   0.79258E-04
   0.97562E+02   0.65335E-06
   0.97651E+02   0.82352E-13
   0.97696E+02   0.99221E-06
   0.97764E+02   0.31622E-04
   0.97791E+02   0.15208E-03
   0.97846E+02   0.11558E-04
   0.97860E+02   0.15388E-02
   0.97935E+02   0.17855E-08
   0.97955E+02   0.45712E-10
   0.98048E+02   0.56418E-08
   0.98139E+02   0.22625E-08
   0.98155E+02   0.11926E-05
   0.98165E+02   0.56242E-07
   0.98211E+02   0.12564E-08
   0.98277E+02   0.39816E-09
   0.98317E+02   0.24102E-04
   0.98348E+02   0.13054E-06
   0.98352E+02   0.20588E-03
   0.98376E+02   0.70832E-03
   0.98449E+02   0.60486E-05
   0.98452E+02   0.16275E-11
   0.98455E+02   0.17608E-15
   0.98476E+02   0.17209E-03
   0.98485E+02   0.13194E-12
   0.98530E+02   0.30917E-11
   0.98555E+02   0.17841E-10
   0.98600E+02   0.52814E-03
   0.98663E+02   0.24172E-10
   0.98666E+02   0.24670E-13
   0.98710E+02   0.80408E-04
   0.98713E+02   0.14897E-04
   0.98717E+02   0.23276E-05
   0.98786E+02   0.18149E-07
   0.98788E+02   0.28039E-13
   0.98800E+02   0.13729E-03
   0.98859E+02   0.13936E-07
   0.98875E+02   0.17242E-03
   0.98877E+02   0.29405E-05
   0.98917E+02   0.31189E-04
   0.98956E+02   0.69586E-03
   0.99028E+02   0.17770E-11
   0.99059E+02   0.69131E-05
   0.99108E+02   0.11442E-08
   0.99114E+02   0.36805E-04
   0.99200E+02   0.21825E-03
   0.99228E+02   0.28289E-05
   0.99309E+02   0.42977E-04
   0.99348E+02   0.43951E-04
   0.99426E+02   0.19848E-04
   0.99495E+02   0.14820E-04
   0.99498E+02   0.40074E-03
   0.99665E+02   0.33281E-13
   0.99698E+02   0.74088E-04
   0.99730E+02   0.19781E-08
   0.99770E+02   0.45271E-04
   0.99813E+02   0.20643E-10
   0.99840E+02   0.85854E-12
   0.99898E+02   0.24006E-08
   0.99912E+02   0.40100E-12
   0.10000E+03   0.98422E-07
   0.10000E+03   0.10152E-02
   0.10003E+03   0.33998E-02
   0.10009E+03   0.72946E-07
   0.10010E+03   0.76308E-05
   0.10015E+03   0.88483E-05
   0.10037E+03   0.43327E-13
   0.10044E+03   0.29677E-04
   0.10053E+03   0.43949E-14
   0.10057E+03   0.44382E-09
   0.10066E+03   0.21539E-03
   0.10069E+03   0.24609E-04
   0.10078E+03   0.27872E-04
   0.10082E+03   0.81211E-05
   0.10091E+03   0.50932E-06
   0.10096E+03   0.35978E-02
   0.10097E+03   0.10164E-04
   0.10100E+03   0.29006E-05
   0.10103E+03   0.50280E-09
   0.10109E+03   0.40187E-05
   0.10113E+03   0.10645E-03
   0.10117E+03   0.17965E-03
   0.10122E+03   0.75775E-04
   0.10125E+03   0.49464E-04
   0.10128E+03   0.19760E-04
   0.10142E+03   0.19460E-08
   0.10145E+03   0.13675E-04
   0.10152E+03   0.14521E-04
   0.10153E+03   0.52819E-07
   0.10153E+03   0.16202E-07
   0.10156E+03   0.86667E-06
   0.10159E+03   0.41985E-05
   0.10169E+03   0.11239E-13
   0.10170E+03   0.72934E-10
   0.10176E+03   0.17406E-04
   0.10190E+03   0.30299E-04
   0.10191E+03   0.11755E-15
   0.10197E+03   0.65188E-11
   0.10202E+03   0.33456E-03
   0.10205E+03   0.16295E-05
   0.10207E+03   0.30048E-09
   0.10213E+03   0.60846E-03
   0.10216E+03   0.12320E-04
   0.10224E+03   0.18673E-03
   0.10236E+03   0.18567E-07
   0.10236E+03   0.12834E-03
   0.10241E+03   0.73196E-13
   0.10244E+03   0.47842E-03
   0.10260E+03   0.70014E-08
   0.10260E+03   0.56049E-04
   0.10261E+03   0.10139E-02
   0.10261E+03   0.60569E-03
   0.10270E+03   0.98711E-04
   0.10281E+03   0.18152E-08
   0.10281E+03   0.56658E-08
   0.10284E+03   0.41204E-10
   0.10290E+03   0.24309E-04
   0.10292E+03   0.21433E-09
   0.10300E+03   0.39414E-11
   0.10303E+03   0.14928E-03
   0.10307E+03   0.76104E-10
   0.10315E+03   0.68258E-10
   0.10320E+03   0.22440E-05
   0.10321E+03   0.31519E-04
   0.10326E+03   0.16905E-02
   0.10334E+03   0.57062E-08
   0.10345E+03   0.96635E-05
   0.10345E+03   0.49414E-08
   0.10346E+03   0.31309E-03
   0.10349E+03   0.32508E-03
   0.10354E+03   0.13280E-08
   0.10355E+03   0.99412E-04
   0.10356E+03   0.64948E-08
   0.10358E+03   0.35037E-06
   0.10370E+03   0.12951E-04
   0.10375E+03   0.69433E-07
   0.10375E+03   0.57232E-12
   0.10376E+03   0.17283E-04
   0.10379E+03   0.36043E-02
   0.10381E+03   0.11070E-04
   0.10382E+03   0.54310E-03
   0.10388E+03   0.61336E-04
   0.10389E+03   0.48147E-04
   0.10393E+03   0.40244E-08
   0.10395E+03   0.23506E-04
   0.10397E+03   0.26980E-03
   0.10398E+03   0.65025E-03
   0.10408E+03   0.73702E-04
   0.10408E+03   0.72760E-03
   0.10411E+03   0.31432E-15
   0.10419E+03   0.78817E-04
   0.10428E+03   0.78231E-05
   0.10444E+03   0.10756E-04
   0.10447E+03   0.53202E-04
   0.10452E+03   0.16376E-04
   0.10457E+03   0.21486E-03
   0.10458E+03   0.11510E-11
   0.10463E+03   0.50791E-03
   0.10469E+03   0.19140E-03
   0.10471E+03   0.14271E-04
   0.10474E+03   0.37971E-11
   0.10484E+03   0.61552E-14
   0.10491E+03   0.43281E-08
   0.10500E+03   0.32285E-04
   0.10503E+03   0.16237E-08
   0.10506E+03   0.57734E-09
   0.10512E+03   0.41098E-09
   0.10517E+03   0.19708E-12
   0.10520E+03   0.10135E-03
   0.10538E+03   0.11060E-02
   0.10542E+03   0.29903E-08
   0.10549E+03   0.12337E-04
   0.10550E+03   0.25226E-13
   0.10555E+03   0.21282E-03
   0.10561E+03   0.31020E-04
   0.10570E+03   0.27098E-03
   0.10577E+03   0.40618E-06
   0.10583E+03   0.11058E-06
   0.10586E+03   0.33493E-09
   0.10587E+03   0.31674E-09
   0.10589E+03   0.32459E-04
   0.10593E+03   0.18760E-04
   0.10596E+03   0.25329E-09
   0.10598E+03   0.12490E-03
   0.10623E+03   0.11549E-04
   0.10634E+03   0.77928E-08
   0.10639E+03   0.90066E-05
   0.10642E+03   0.79422E-04
   0.10648E+03   0.10881E-03
   0.10648E+03   0.19908E-04
   0.10653E+03   0.13812E-04
   0.10655E+03   0.39509E-04
   0.10656E+03   0.13305E-04
   0.10656E+03   0.45163E-08
   0.10658E+03   0.95693E-04
   0.10658E+03   0.76481E-03
   0.10658E+03   0.31342E-05
   0.10661E+03   0.26462E-10
   0.10664E+03   0.13301E-04
   0.10667E+03   0.13445E-02
   0.10689E+03   0.98163E-10
   0.10697E+03   0.12193E-03
   0.10700E+03   0.54657E-04
   0.10700E+03   0.30653E-04
   0.10702E+03   0.74628E-10
   0.10707E+03   0.30151E-04
   0.10712E+03   0.11734E-03
   0.10712E+03   0.22243E-04
   0.10714E+03   0.24404E-08
   0.10716E+03   0.60117E-04
   0.10721E+03   0.64855E-13
   0.10725E+03   0.13125E-05
   0.10727E+03   0.56973E-04
   0.10732E+03   0.40737E-08
   0.10737E+03   0.22577E-05
   0.10744E+03   0.14613E-04
   0.10745E+03   0.87960E-04
   0.10748E+03   0.19583E-10
   0.10754E+03   0.85400E-04
   0.10755E+03   0.30529E-06
   0.10757E+03   0.38320E-03
   0.10761E+03   0.22313E-03
   0.10762E+03   0.82539E-08
   0.10763E+03   0.15783E-12
   0.10766E+03   0.92352E-04
   0.10767E+03   0.24973E-03
   0.10769E+03   0.10780E-07
   0.10775E+03   0.19022E-09
   0.10777E+03   0.50892E-04
   0.10780E+03   0.43804E-09
   0.10782E+03   0.70044E-03
   0.10782E+03   0.71067E-08
   0.10784E+03   0.22599E-03
   0.10787E+03   0.10375E-04
   0.10788E+03   0.20493E-09
   0.10795E+03   0.16033E-04
   0.10796E+03   0.25298E-15
   0.10799E+03   0.14752E-09
   0.10799E+03   0.64911E-04
   0.10801E+03   0.59593E-05
   0.10804E+03   0.16826E-02
   0.10804E+03   0.17227E-03
   0.10805E+03   0.12068E-05
   0.10809E+03   0.82024E-04
   0.10816E+03   0.75312E-05
   0.10818E+03   0.93442E-05
   0.10820E+03   0.53598E-07
   0.10822E+03   0.40737E-06
   0.10831E+03   0.30222E-10
   0.10832E+03   0.14819E-09
   0.10832E+03   0.24745E-10
   0.10833E+03   0.77837E-04
   0.10837E+03   0.21078E-04
   0.10838E+03   0.36919E-06
   0.10839E+03   0.26674E-06
   0.10839E+03   0.23445E-08
   0.10841E+03   0.68508E-08
   0.10849E+03   0.17656E-05
   0.10850E+03   0.65604E-04
   0.10851E+03   0.30689E-07
   0.10851E+03   0.14057E-06
   0.10852E+03   0.11529E-05
   0.10853E+03   0.72862E-04
   0.10854E+03   0.62554E-04
   0.10856E+03   0.16718E-03
   0.10860E+03   0.46999E-04
   0.10865E+03   0.10614E-04
   0.10881E+03   0.56016E-09
   0.10899E+03   0.13408E-05
   0.10909E+03   0.25363E-04
   0.10913E+03   0.86734E-10
   0.10927E+03   0.51414E-03
   0.10928E+03   0.23064E-06
   0.10933E+03   0.86204E-09
   0.10933E+03   0.12877E-08
   0.10943E+03   0.29431E-04
   0.10949E+03   0.28769E-04
   0.10949E+03   0.49694E-04
   0.10963E+03   0.90950E-03
   0.10963E+03   0.22520E-04
   0.10964E+03   0.60261E-03
   0.10966E+03   0.90486E-08
   0.10974E+03   0.46025E-03
   0.10979E+03   0.16746E-03
   0.10995E+03   0.14254E-03
   0.11000E+03   0.10395E-05
   0.11002E+03   0.44194E-08
   0.11006E+03   0.35212E-05
   0.11006E+03   0.80037E-06
   0.11012E+03   0.49604E-04
   0.11012E+03   0.78227E-05
   0.11017E+03   0.19344E-08
   0.11019E+03   0.49027E-04
   0.11022E+03   0.64522E-13
   0.11025E+03   0.13547E-13
   0.11031E+03   0.10362E-03
   0.11033E+03   0.84449E-04
   0.11034E+03   0.18726E-03
   0.11034E+03   0.25148E-04
   0.11037E+03   0.35785E-09
   0.11037E+03   0.88206E-04
   0.11044E+03   0.19624E-04
   0.11046E+03   0.44421E-12
   0.11056E+03   0.40048E-05
   0.11057E+03   0.10759E-03
   0.11074E+03   0.14774E-03
   0.11077E+03   0.11054E-04
   0.11079E+03   0.40565E-04
   0.11087E+03   0.91008E-10
   0.11094E+03   0.56070E-11
   0.11096E+03   0.86372E-04
   0.11114E+03   0.23285E-08
   0.11114E+03   0.20790E-08
   0.11116E+03   0.15441E-03
   0.11118E+03   0.13745E-08
   0.11122E+03   0.18981E-03
   0.11126E+03   0.84807E-20
   0.11126E+03   0.26109E-03
   0.11130E+03   0.11732E-02
   0.11135E+03   0.62545E-09
   0.11142E+03   0.15146E-03
   0.11144E+03   0.22476E-10
   0.11160E+03   0.71135E-04
   0.11163E+03   0.14480E-12
   0.11170E+03   0.18519E-07
   0.11184E+03   0.12418E-10
   0.11187E+03   0.43411E-12
   0.11189E+03   0.10800E-03
   0.11203E+03   0.77834E-04
   0.11205E+03   0.58446E-03
   0.11214E+03   0.46695E-04
   0.11214E+03   0.14388E-03
   0.11224E+03   0.31490E-03
   0.11226E+03   0.25998E-05
   0.11234E+03   0.67370E-04
   0.11238E+03   0.34665E-11
   0.11239E+03   0.81734E-08
   0.11253E+03   0.78959E-04
   0.11254E+03   0.40453E-04
   0.11264E+03   0.21479E-02
   0.11273E+03   0.24378E-03
   0.11274E+03   0.14715E-03
   0.11280E+03   0.92863E-10
   0.11295E+03   0.16101E-06
   0.11304E+03   0.12323E-02
   0.11308E+03   0.11366E-08
   0.11310E+03   0.14173E-03
   0.11314E+03   0.17147E-08
   0.11332E+03   0.21559E-03
   0.11338E+03   0.33763E-08
   0.11341E+03   0.56088E-10
   0.11344E+03   0.50494E-04
   0.11365E+03   0.13254E-03
   0.11373E+03   0.54276E-10
   0.11384E+03   0.61982E-04
   0.11398E+03   0.21496E-06
   0.11402E+03   0.31347E-10
   0.11407E+03   0.17198E-03
   0.11422E+03   0.28808E-03
   0.11423E+03   0.43434E-04
   0.11424E+03   0.71005E-03
   0.11425E+03   0.16150E-10
   0.11427E+03   0.15731E-11
   0.11442E+03   0.20225E-03
   0.11445E+03   0.87304E-04
   0.11454E+03   0.83194E-10
   0.11455E+03   0.13423E-04
   0.11466E+03   0.79584E-05
   0.11469E+03   0.26409E-10
   0.11473E+03   0.29565E-03
   0.11480E+03   0.13420E-09
   0.11489E+03   0.16305E-04
   0.11490E+03   0.10646E-06
   0.11491E+03   0.41368E-07
   0.11492E+03   0.11558E-03
   0.11496E+03   0.91408E-05
   0.11499E+03   0.19930E-09
   0.11503E+03   0.54211E-05
   0.11508E+03   0.11529E-03
   0.11510E+03   0.15874E-03
   0.11518E+03   0.27789E-03
   0.11529E+03   0.60845E-04
   0.11529E+03   0.84978E-12
   0.11543E+03   0.23454E-05
   0.11566E+03   0.42107E-03
   0.11583E+03   0.30277E-04
   0.11587E+03   0.61547E-04
   0.11610E+03   0.11663E-02
   0.11613E+03   0.34643E-05
   0.11615E+03   0.18420E-06
   0.11622E+03   0.31485E-10
   0.11627E+03   0.11322E-03
   0.11655E+03   0.11247E-03
   0.11655E+03   0.90417E-09
   0.11682E+03   0.16701E-03
   0.11688E+03   0.28402E-04
   0.11697E+03   0.15095E-09
   0.11700E+03   0.49189E-03
   0.11704E+03   0.15483E-04
   0.11706E+03   0.52497E-14
   0.11710E+03   0.47337E-11
   0.11710E+03   0.27264E-12
   0.11716E+03   0.39531E-03
   0.11727E+03   0.28853E-04
   0.11728E+03   0.13522E-03
   0.11742E+03   0.71250E-04
   0.11743E+03   0.10484E-04
   0.11743E+03   0.66340E-03
   0.11743E+03   0.90501E-09
   0.11756E+03   0.12274E-03
   0.11766E+03   0.10613E-02
   0.11769E+03   0.12641E-03
   0.11772E+03   0.33522E-03
   0.11779E+03   0.23693E-06
   0.11779E+03   0.91754E-09
   0.11783E+03   0.26864E-03
   0.11784E+03   0.41070E-06
   0.11790E+03   0.56800E-04
   0.11793E+03   0.43995E-08
   0.11798E+03   0.79680E-04
   0.11804E+03   0.11480E-03
   0.11804E+03   0.67225E-10
   0.11806E+03   0.35788E-04
   0.11811E+03   0.82332E-11
   0.11815E+03   0.16489E-04
   0.11826E+03   0.80556E-04
   0.11830E+03   0.28318E-04
   0.11843E+03   0.61945E-10
   0.11846E+03   0.10337E-03
   0.11865E+03   0.11682E-03
   0.11866E+03   0.11131E-04
   0.11870E+03   0.99652E-04
   0.11886E+03   0.90553E-04
   0.11891E+03   0.60649E-10
   0.11892E+03   0.59809E-04
   0.11895E+03   0.25558E-04
   0.11927E+03   0.12073E-03
   0.11929E+03   0.49925E-10
   0.11940E+03   0.83948E-04
   0.11950E+03   0.26124E-03
   0.11958E+03   0.36762E-13
   0.11962E+03   0.26103E-03
   0.11962E+03   0.72410E-04
   0.11962E+03   0.17708E-09
   0.11966E+03   0.16827E-03
   0.11969E+03   0.25092E-04
   0.11977E+03   0.42384E-04
   0.11987E+03   0.56674E-03
   0.11992E+03   0.55244E-14
   0.12005E+03   0.67982E-04
   0.12020E+03   0.11797E-03
   0.12028E+03   0.25504E-04
   0.12031E+03   0.67398E-08
   0.12038E+03   0.72037E-03
   0.12038E+03   0.67742E-04
   0.12042E+03   0.70456E-04
   0.12042E+03   0.95186E-08
   0.12062E+03   0.10836E-04
   0.12068E+03   0.10492E-02
   0.12069E+03   0.16777E-07
   0.12080E+03   0.77158E-04
   0.12085E+03   0.27668E-11
   0.12095E+03   0.16221E-05
   0.12099E+03   0.52625E-10
   0.12102E+03   0.12492E-03
   0.12104E+03   0.13579E-03
   0.12107E+03   0.17939E-05
   0.12112E+03   0.10132E-05
   0.12113E+03   0.38769E-09
   0.12118E+03   0.10330E-05
   0.12119E+03   0.10954E-05
   0.12120E+03   0.76338E-04
   0.12132E+03   0.73778E-04
   0.12138E+03   0.80993E-04
   0.12146E+03   0.18222E-03
   0.12148E+03   0.12750E-03
   0.12148E+03   0.98966E-04
   0.12154E+03   0.76731E-05
   0.12163E+03   0.39610E-13
   0.12166E+03   0.35001E-09
   0.12168E+03   0.54125E-11
   0.12171E+03   0.71298E-05
   0.12175E+03   0.31804E-04
   0.12178E+03   0.16872E-03
   0.12180E+03   0.47167E-04
   0.12193E+03   0.10921E-03
   0.12197E+03   0.12040E-10
   0.12204E+03   0.15720E-03
   0.12204E+03   0.39353E-13
   0.12205E+03   0.10268E-03
   0.12209E+03   0.15042E-08
   0.12213E+03   0.52859E-09
   0.12216E+03   0.53519E-04
   0.12216E+03   0.69549E-03
   0.12227E+03   0.21628E-03
   0.12230E+03   0.12005E-15
   0.12239E+03   0.18141E-04
   0.12242E+03   0.10195E-07
   0.12245E+03   0.46266E-09
   0.12257E+03   0.49896E-03
   0.12261E+03   0.72164E-04
   0.12265E+03   0.25323E-10
   0.12266E+03   0.76639E-03
   0.12284E+03   0.12650E-12
   0.12289E+03   0.62397E-10
   0.12293E+03   0.14238E-03
   0.12300E+03   0.42592E-03
   0.12304E+03   0.19441E-04
   0.12311E+03   0.20151E-04
   0.12316E+03   0.14385E-04
   0.12318E+03   0.88255E-05
   0.12327E+03   0.15531E-03
   0.12328E+03   0.56117E-04
   0.12347E+03   0.27302E-11
   0.12354E+03   0.14408E-06
   0.12355E+03   0.22354E-02
   0.12359E+03   0.10479E-04
   0.12362E+03   0.59828E-07
   0.12372E+03   0.59017E-04
   0.12372E+03   0.13127E-05
   0.12378E+03   0.33329E-09
   0.12380E+03   0.13869E-03
   0.12385E+03   0.15247E-03
   0.12391E+03   0.24652E-09
   0.12397E+03   0.12044E-09
   0.12422E+03   0.91409E-04
   0.12427E+03   0.36658E-12
   0.12429E+03   0.55067E-04
   0.12430E+03   0.18583E-09
   0.12441E+03   0.73369E-07
   0.12445E+03   0.29354E-09
   0.12445E+03   0.18872E-04
   0.12462E+03   0.10458E-11
   0.12462E+03   0.99817E-05
   0.12467E+03   0.35633E-10
   0.12496E+03   0.38634E-10
   0.12505E+03   0.97397E-10
   0.12507E+03   0.87571E-03
   0.12510E+03   0.61034E-04
   0.12511E+03   0.71846E-19
   0.12532E+03   0.61019E-04
   0.12535E+03   0.70445E-05
   0.12535E+03   0.32065E-04
   0.12553E+03   0.14815E-04
   0.12558E+03   0.35140E-03
   0.12570E+03   0.40455E-09
   0.12580E+03   0.37868E-04
   0.12582E+03   0.60670E-04
   0.12587E+03   0.16516E-09
   0.12589E+03   0.23245E-03
   0.12590E+03   0.28261E-09
   0.12596E+03   0.37711E-11
   0.12616E+03   0.15431E-03
   0.12618E+03   0.29642E-05
   0.12626E+03   0.20532E-09
   0.12645E+03   0.36883E-10
   0.12646E+03   0.46424E-04
   0.12666E+03   0.18140E-03
   0.12674E+03   0.73909E-10
   0.12686E+03   0.39800E-03
   0.12695E+03   0.79170E-04
   0.12698E+03   0.35251E-07
   0.12719E+03   0.62197E-03
   0.12739E+03   0.82799E-11
   0.12739E+03   0.41336E-04
   0.12745E+03   0.11104E-03
   0.12750E+03   0.79426E-15
   0.12759E+03   0.56989E-04
   0.12761E+03   0.11027E-03
   0.12762E+03   0.80080E-11
   0.12769E+03   0.13762E-04
   0.12781E+03   0.63638E-05
   0.12790E+03   0.71404E-05
   0.12792E+03   0.42884E-11
   0.12801E+03   0.55157E-04
   0.12802E+03   0.27921E-03
   0.12813E+03   0.35939E-04
   0.12814E+03   0.12305E-03
   0.12830E+03   0.12476E-10
   0.12833E+03   0.14807E-11
   0.12838E+03   0.36712E-03
   0.12841E+03   0.16666E-03
   0.12841E+03   0.50993E-03
   0.12842E+03   0.14713E-03
   0.12857E+03   0.10384E-03
   0.12862E+03   0.11325E-03
   0.12864E+03   0.91666E-09
   0.12864E+03   0.23361E-03
   0.12887E+03   0.21925E-03
   0.12888E+03   0.62123E-10
   0.12895E+03   0.17966E-09
   0.12897E+03   0.11182E-03
   0.12901E+03   0.85967E-04
   0.12905E+03   0.17114E-06
   0.12923E+03   0.10245E-03
   0.12926E+03   0.14565E-03
   0.12936E+03   0.63839E-10
   0.12949E+03   0.12446E-04
   0.12950E+03   0.79407E-04
   0.12985E+03   0.93286E-04
   0.12997E+03   0.16431E-03
   0.12998E+03   0.32068E-03
   0.13009E+03   0.41578E-10
   0.13037E+03   0.33887E-03
   0.13044E+03   0.30604E-09
   0.13045E+03   0.74434E-04
   0.13045E+03   0.22714E-03
   0.13072E+03   0.51602E-12
   0.13074E+03   0.63767E-05
   0.13111E+03   0.17136E-09
   0.13119E+03   0.40834E-03
   0.13129E+03   0.15996E-11
   0.13131E+03   0.14741E-03
   0.13159E+03   0.75532E-03
   0.13164E+03   0.10583E-03
   0.13190E+03   0.65355E-04
   0.13202E+03   0.10110E-10
   0.13204E+03   0.22593E-11
   0.13212E+03   0.73609E-04
   0.13219E+03   0.16883E-03
   0.13221E+03   0.34954E-03
   0.13224E+03   0.48318E-05
   0.13258E+03   0.96184E-11
   0.13265E+03   0.54278E-11
   0.13275E+03   0.10694E-03
   0.13275E+03   0.33709E-04
   0.13280E+03   0.46093E-05
   0.13290E+03   0.80428E-04
   0.13295E+03   0.68832E-04
   0.13334E+03   0.11045E-03
   0.13359E+03   0.17308E-10
   0.13368E+03   0.93980E-04
   0.13371E+03   0.35379E-10
   0.13393E+03   0.14506E-10
   0.13407E+03   0.93138E-03
   0.13407E+03   0.15892E-03
   0.13413E+03   0.11574E-10
   0.13418E+03   0.15991E-10
   0.13425E+03   0.12317E-08
   0.13426E+03   0.30562E-03
   0.13444E+03   0.58622E-04
   0.13447E+03   0.12650E-03
   0.13450E+03   0.89366E-11
   0.13454E+03   0.13418E-04
   0.13469E+03   0.44288E-06
   0.13510E+03   0.14470E-09
   0.13515E+03   0.11217E-04
   0.13519E+03   0.16303E-03
   0.13534E+03   0.19741E-04
   0.13538E+03   0.69390E-10
   0.13541E+03   0.10956E-03
   0.13550E+03   0.24363E-03
   0.13563E+03   0.16967E-02
   0.13571E+03   0.26033E-10
   0.13573E+03   0.12053E-03
   0.13577E+03   0.29725E-04
   0.13597E+03   0.78011E-11
   0.13638E+03   0.12281E-03
   0.13638E+03   0.14083E-03
   0.13644E+03   0.24602E-04
   0.13681E+03   0.16829E-03
   0.13701E+03   0.17720E-09
   0.13710E+03   0.14152E-03
   0.13713E+03   0.43911E-04
   0.13716E+03   0.52924E-03
   0.13721E+03   0.20055E-05
   0.13726E+03   0.29356E-04
   0.13728E+03   0.41387E-09
   0.13758E+03   0.28754E-12
   0.13760E+03   0.20303E-04
   0.13764E+03   0.41015E-05
   0.13766E+03   0.55861E-12
   0.13778E+03   0.11794E-09
   0.13780E+03   0.32208E-03
   0.13784E+03   0.75202E-05
   0.13785E+03   0.23684E-03
   0.13791E+03   0.65510E-04
   0.13794E+03   0.23148E-10
   0.13809E+03   0.98814E-06
   0.13809E+03   0.37877E-04
   0.13821E+03   0.80120E-04
   0.13829E+03   0.10694E-04
   0.13830E+03   0.13145E-03
   0.13836E+03   0.25234E-05
   0.13844E+03   0.21203E-11
   0.13863E+03   0.77225E-06
   0.13864E+03   0.14525E-11
   0.13876E+03   0.61054E-04
   0.13904E+03   0.16418E-12
   0.13907E+03   0.17255E-10
   0.13908E+03   0.25503E-11
   0.13920E+03   0.17489E-03
   0.13930E+03   0.63198E-04
   0.13947E+03   0.39714E-12
   0.13963E+03   0.29361E-04
   0.13971E+03   0.17075E-03
   0.13971E+03   0.22020E-03
   0.14002E+03   0.95119E-09
   0.14025E+03   0.99723E-04
   0.14036E+03   0.23875E-03
   0.14049E+03   0.98000E-05
   0.14055E+03   0.34300E-04
   0.14057E+03   0.81569E-04
   0.14088E+03   0.30231E-14
   0.14089E+03   0.76762E-05
   0.14098E+03   0.29809E-11
   0.14106E+03   0.37665E-04
   0.14108E+03   0.72852E-11
   0.14110E+03   0.85908E-04
   0.14119E+03   0.54684E-04
   0.14127E+03   0.24231E-11
   0.14142E+03   0.19939E-04
   0.14142E+03   0.37952E-04
   0.14171E+03   0.43147E-03
   0.14173E+03   0.35677E-05
   0.14177E+03   0.31048E-10
   0.14186E+03   0.20969E-04
   0.14193E+03   0.36022E-05
   0.14194E+03   0.24935E-05
   0.14202E+03   0.11052E-05
   0.14219E+03   0.32280E-04
   0.14226E+03   0.30725E-10
   0.14231E+03   0.30652E-09
   0.14233E+03   0.39144E-03
   0.14252E+03   0.61800E-10
   0.14254E+03   0.93942E-04
   0.14265E+03   0.25106E-12
   0.14287E+03   0.49535E-05
   0.14345E+03   0.89970E-04
   0.14366E+03   0.38605E-03
   0.14375E+03   0.15408E-03
   0.14392E+03   0.10973E-03
   0.14426E+03   0.16109E-12
   0.14448E+03   0.69573E-10
   0.14488E+03   0.65202E-04
   0.14488E+03   0.35326E-11
   0.14511E+03   0.54250E-04
   0.14520E+03   0.71472E-04
   0.14539E+03   0.63141E-05
   0.14575E+03   0.17804E-10
   0.14577E+03   0.84153E-04
   0.14589E+03   0.15209E-04
   0.14607E+03   0.12620E-06
   0.14632E+03   0.22426E-04
   0.14633E+03   0.12574E-03
   0.14637E+03   0.15845E-10
   0.14645E+03   0.39348E-10
   0.14655E+03   0.59563E-03
   0.14660E+03   0.31983E-12
   0.14671E+03   0.54963E-12
   0.14701E+03   0.18551E-11
   0.14706E+03   0.31402E-04
   0.14708E+03   0.44222E-04
   0.14713E+03   0.18678E-03
   0.14717E+03   0.18638E-06
   0.14723E+03   0.56646E-03
   0.14734E+03   0.23660E-04
   0.14757E+03   0.99368E-05
   0.14787E+03   0.57319E-06
   0.14815E+03   0.26141E-11
   0.14838E+03   0.19699E-03
   0.14842E+03   0.35847E-13
   0.14853E+03   0.11951E-04
   0.14865E+03   0.41430E-11
   0.14874E+03   0.84000E-03
   0.14895E+03   0.95111E-05
   0.14915E+03   0.92950E-05
   0.14944E+03   0.76803E-06
   0.14964E+03   0.43730E-05
   0.14965E+03   0.20895E-12
   0.15001E+03   0.24582E-03
   0.15012E+03   0.24266E-04
   0.15031E+03   0.26820E-10
   0.15045E+03   0.11810E-03
   0.15052E+03   0.40023E-12
   0.15080E+03   0.29276E-10
   0.15090E+03   0.58934E-10
   0.15120E+03   0.13817E-03
   0.15136E+03   0.86651E-04
   0.15140E+03   0.12306E-04
   0.15165E+03   0.13303E-04
   0.15166E+03   0.96149E-04
   0.15169E+03   0.34854E-10
   0.15169E+03   0.77837E-06
   0.15189E+03   0.13315E-03
   0.15200E+03   0.19866E-12
   0.15245E+03   0.24604E-04
   0.15257E+03   0.46058E-04
   0.15261E+03   0.13269E-03
   0.15263E+03   0.51108E-05
   0.15268E+03   0.29486E-04
   0.15270E+03   0.12171E-04
   0.15276E+03   0.28930E-10
   0.15300E+03   0.17268E-10
   0.15309E+03   0.33367E-04
   0.15315E+03   0.10090E-10
   0.15317E+03   0.12176E-03
   0.15323E+03   0.10172E-05
   0.15344E+03   0.32823E-04
   0.15358E+03   0.11938E-10
   0.15364E+03   0.47919E-03
   0.15391E+03   0.65906E-06
   0.15407E+03   0.51305E-05
   0.15409E+03   0.45443E-06
   0.15437E+03   0.95761E-13
   0.15441E+03   0.14994E-10
   0.15447E+03   0.54557E-11
   0.15454E+03   0.28484E-03
   0.15455E+03   0.38570E-04
   0.15461E+03   0.14936E-07
   0.15468E+03   0.12431E-05
   0.15475E+03   0.52205E-12
   0.15476E+03   0.46447E-06
   0.15496E+03   0.12965E-05
   0.15500E+03   0.13468E-10
   0.15531E+03   0.20568E-11
   0.15539E+03   0.43131E-10
   0.15548E+03   0.28926E-07
   0.15558E+03   0.25638E-11
   0.15569E+03   0.26337E-06
   0.15579E+03   0.65498E-05
   0.15583E+03   0.62364E-05
   0.15634E+03   0.10106E-03
   0.15638E+03   0.18642E-04
   0.15652E+03   0.15872E-03
   0.15678E+03   0.97463E-04
   0.15691E+03   0.23586E-14
   0.15754E+03   0.82282E-05
   0.15771E+03   0.70076E-04
   0.15793E+03   0.24842E-04
   0.15831E+03   0.66138E-03
   0.15841E+03   0.10507E-04
   0.15862E+03   0.49426E-11
   0.15866E+03   0.11878E-03
   0.15884E+03   0.79563E-12
   0.15905E+03   0.32045E-04
   0.15913E+03   0.37872E-03
   0.15931E+03   0.11125E-03
   0.15936E+03   0.11491E-10
   0.15939E+03   0.37235E-05
   0.15960E+03   0.81470E-12
   0.15978E+03   0.28635E-04
   0.15989E+03   0.10079E-10
   0.15992E+03   0.42368E-05
   0.16007E+03   0.32164E-04
   0.16017E+03   0.65434E-10
   0.16021E+03   0.12237E-03
   0.16038E+03   0.53540E-05
   0.16069E+03   0.28755E-11
   0.16095E+03   0.46114E-11
   0.16117E+03   0.25078E-05
   0.16137E+03   0.43963E-04
   0.16139E+03   0.31809E-10
   0.16153E+03   0.35920E-04
   0.16156E+03   0.52799E-04
   0.16187E+03   0.51085E-05
   0.16199E+03   0.50601E-14
   0.16207E+03   0.38715E-04
   0.16231E+03   0.78308E-04
   0.16283E+03   0.21286E-03
   0.16297E+03   0.35367E-04
   0.16350E+03   0.27469E-11
   0.16397E+03   0.76696E-04
   0.16419E+03   0.95810E-04
   0.16445E+03   0.29028E-03
   0.16488E+03   0.12600E-03
   0.16497E+03   0.85920E-04
   0.16524E+03   0.13552E-11
   0.16541E+03   0.11334E-03
   0.16599E+03   0.72182E-12
   0.16620E+03   0.33367E-03
   0.16641E+03   0.31963E-04
   0.16684E+03   0.11564E-03
   0.16711E+03   0.14365E-04
   0.16718E+03   0.49794E-13
   0.16743E+03   0.65094E-04
   0.16746E+03   0.45959E-10
   0.16786E+03   0.17735E-03
   0.16810E+03   0.44239E-05
   0.16814E+03   0.88276E-11
   0.16835E+03   0.69721E-04
   0.16848E+03   0.65897E-04
   0.16853E+03   0.21809E-03
   0.16866E+03   0.91966E-11
   0.16886E+03   0.10959E-11
   0.16900E+03   0.18785E-03
   0.16923E+03   0.21826E-13
   0.16944E+03   0.57520E-07
   0.17025E+03   0.11030E-13
   0.17050E+03   0.64988E-04
   0.17084E+03   0.57114E-03
   0.17093E+03   0.53955E-04
   0.17097E+03   0.46609E-03
   0.17122E+03   0.19175E-03
   0.17163E+03   0.82854E-12
   0.17179E+03   0.81384E-12
   0.17203E+03   0.71843E-04
   0.17272E+03   0.21342E-11
   0.17279E+03   0.82123E-04
   0.17337E+03   0.41921E-04
   0.17339E+03   0.73011E-11
   0.17392E+03   0.14203E-10
   0.17402E+03   0.22094E-03
   0.17416E+03   0.14706E-04
   0.17438E+03   0.16901E-03
   0.17490E+03   0.58207E-04
   0.17510E+03   0.75775E-04
   0.17542E+03   0.76223E-05
   0.17549E+03   0.40311E-12
   0.17562E+03   0.63009E-04
   0.17676E+03   0.87289E-04
   0.17743E+03   0.33681E-03
   0.17745E+03   0.11852E-03
   0.17756E+03   0.60974E-14
   0.17813E+03   0.53339E-04
   0.17821E+03   0.17570E-03
   0.17847E+03   0.17015E-03
   0.17852E+03   0.68956E-11
   0.17890E+03   0.14118E-03
   0.17953E+03   0.21669E-12
   0.17991E+03   0.49672E-04
   0.17999E+03   0.12065E-03
   0.18013E+03   0.30184E-03
   0.18058E+03   0.11778E-10
   0.18091E+03   0.57233E-04
   0.18098E+03   0.51799E-03
   0.18111E+03   0.74498E-13
   0.18187E+03   0.21803E-03
   0.18193E+03   0.22228E-10
   0.18227E+03   0.57420E-04
   0.18266E+03   0.12494E-03
   0.18271E+03   0.47830E-15
   0.18273E+03   0.18461E-11
   0.18378E+03   0.10562E-03
   0.18395E+03   0.34345E-03
   0.18456E+03   0.41203E-03
   0.18496E+03   0.51000E-04
   0.18501E+03   0.19924E-03
   0.18513E+03   0.26085E-12
   0.18572E+03   0.54315E-12
   0.18609E+03   0.72763E-04
   0.18665E+03   0.88564E-12
   0.18688E+03   0.98457E-04
   0.18750E+03   0.22703E-03
   0.18764E+03   0.10628E-10
   0.18768E+03   0.45242E-03
   0.19163E+03   0.27037E-03
   0.19266E+03   0.14012E-03
   0.19484E+03   0.11349E-03
   0.19621E+03   0.16914E-03
   0.19631E+03   0.11461E-03
   0.19639E+03   0.19606E-12
   0.19815E+03   0.13524E-03
   0.19957E+03   0.61051E-13
