-3.54953295588417       1.046098377162787E-008
-2.40115562344475       1.112774657844136E-002
-2.03084566163930        1.33368720233292
-0.569991085304210       0.175679084847656
-0.209600317318026       0.253754650078943
0.388779297105604        1.55282865281869
1.39834872488902       0.320623328422984
2.09025755011140        3.67736949612430
2.22422532543258       1.337204483511688E-011
2.26549344768298       2.700881566884167E-012
2.67882565143218        10.4603771208162     
3.61759669594742       1.485050857067844E-007
4.21348908804573       1.664733148057604E-012
4.35002209388736       1.353052445523818E-009
4.57861954807861       1.737234384507093E-010
4.75243711449022       1.561289530183920E-009
5.13728023394449       3.046066331507145E-013
5.31898548584339       6.747416593144782E-011
5.76069160828629       4.599383317994498E-002
6.09765427647421       2.874019623527262E-005
6.11856495653722       8.895752187538141E-011
6.40746895916732       1.216506597979733E-012
6.61911599762997       4.925485740731199E-004
7.01209849794001       2.190059923270908E-012
7.34910219299301       2.842552338917250E-013
7.55232952618480       6.332421069022601E-008
7.58747221099896        5.24948945818370     
7.72142984751886       4.742965494716101E-009
7.76370940490139       1.122465299630395E-009
7.88333210476322       0.336596769703427     
7.93071401382305       2.160616951353138E-002
8.01440831923279       3.808189605686176E-013
8.16061458631660       1.182055774316544E-009
8.20720159038961       0.188508481626470     
8.38503616541531        1.67455455638540     
8.47292946149919       6.429746021152973E-003
8.65572433845323       6.745009608936908E-002
8.73950851805850       2.537916136618547E-011
9.05451056347566       7.616007509680016E-012
10.2476793991746        1.23471383598648     
10.2800988987213       5.583420192869858E-008
10.3278260043280       0.151452775927452     
10.5688482866808       9.596166654614736E-015
10.7320468550623       4.005946438355625E-011
10.9377299155191       3.556764395727222E-002
10.9434518453040       5.895438355837897E-009
11.0584463745177       0.232862224640037     
11.1717666877617       9.808916416808823E-011
11.3419738042607       2.364400256818349E-002
11.3953902036566       5.351029862551863E-013
11.7423141312128       3.667267525169672E-005
11.9284718089602       2.281991706860314E-010
12.0478374606159       9.575861212019703E-013
12.1245468317500        25.9633445141941     
12.1855473091264       1.085443680935954E-008
12.7275918838191       4.070126187285932E-007
12.7293929224794       6.705886618484463E-002
13.0649941197960       8.390694592003879E-002
13.3256732212754       5.074996707372086E-013
13.3484466241360       6.918934155069170E-004
13.5804727860035       8.052536027930997E-003
13.7763142253117       1.297109292969053E-007
13.7864707889277       5.907253980769748E-005
13.9019521699579       1.092209497530427E-010
14.0348519325120       7.490957975097237E-007
14.0484152116298       0.113804004063829     
14.1824202349008       1.054264571877286E-014
14.4456923672465       8.033085881159540E-003
14.4573896752080       1.184404772917904E-004
14.7153434107541       3.000986562739207E-004
14.7350487489826       8.864068675147100E-006
14.8178773505976       8.229787709618184E-004
14.8451891132328       5.168097339828029E-009
15.0445409620486       6.431209507644944E-008
15.1910004895050       1.004463577747858E-009
15.2532613090381       9.284542598449179E-010
15.3993644891678       1.355263047438553E-008
15.4423747055585       1.042370406754634E-005
15.5428827301647       1.940106361796336E-009
15.6550272143219       4.165431529142389E-005
15.6674323634831       1.588612128433345E-003
15.6792673245568       6.111111065819772E-009
15.7705921363694       2.139657381772781E-009
15.9748079398225       2.665974770564953E-010
16.0404914107762       1.450807668847521E-009
16.0786274446544       2.047343638344157E-002
16.0846523338308       2.167573031158720E-003
16.0938356767552       8.915028189977501E-005
16.1457875838031       1.082014218885209E-003
16.1593230208704       8.107682974666269E-009
16.3379243086479       1.920790389905362E-009
16.3941512069735       2.483642700224387E-004
16.5162807923486       2.719781228711472E-003
16.6446249504510       6.094849488413644E-005
16.6657765669359       3.944520637782858E-010
16.7647476497673       1.138798382966690E-006
16.9920927460825       2.078414585636815E-005
17.0152185237936       3.933768048516879E-006
17.0779703137846       7.122210558287566E-005
17.2425001190714       1.062267103619548E-009
17.2961834600433       9.547272639933219E-002
17.6566138807570       1.562715154325228E-010
17.7261455608897       1.031353534538944E-009
17.7686185204309       1.764354536376741E-004
17.8493663901894       1.909481155181317E-010
18.0741744122029       8.896434480446494E-005
18.1113773395804       1.620466829352878E-002
18.2125569364787       0.113046281973365     
18.2564260791060       5.723920927473090E-003
18.3099975791685       4.837546994685295E-003
18.4034495343798       6.309575842152810E-003
18.4086973268010       3.893618417593695E-003
18.5481058614251       3.023892996198751E-003
19.0219167005064       4.668880807250767E-003
19.0505098801272       1.282057321624632E-003
19.0643222094645       8.898853039268864E-011
19.1904365145036       5.531431288596972E-004
19.2818423789841       4.614956594764454E-008
19.4536890296606       4.546580825973855E-006
19.4842258901289       8.187345904639541E-011
19.5162410441885       3.709150295344353E-014
19.5617869387156       3.078275151016495E-003
19.6469777208055       1.461371976025212E-012
19.6740504764546       2.862356556500866E-002
19.7300667427467       2.587453610191216E-005
19.8308148619108       1.981371872214231E-005
19.8547471452637       1.905961698398384E-007
19.9666343258982       5.632234862137696E-010
19.9863863927699       1.384985374352455E-002
20.0823393806447       3.780530303467554E-003
20.1457986576087       3.818103140600459E-005
20.1637401124699       3.359613893417778E-009
20.2592849035131       2.062148025713784E-005
20.2996199255113       1.361374210096289E-007
20.4853907424775       1.898241173781316E-004
20.6084488931244       2.769458237885859E-005
20.6728373728579       1.917870887313848E-003
20.7104946557740       1.786730739304870E-009
20.7832510458555       1.033571335259029E-004
20.9062350023236       2.798822841236900E-003
21.0022563679185       1.006211224951204E-004
21.0295941461529       7.742376818817245E-006
21.1305302009502       2.519188669731408E-005
21.1509819272642       6.613491522274471E-007
21.1594353973350       1.294477049682236E-006
21.2373368593718       2.098069905710435E-011
21.2502978995969       2.050708864611560E-006
21.2987397678367       1.946681111400981E-011
21.3310912124617       3.814050375831054E-007
21.3335967645086       5.103064643310476E-011
21.5249693780593       1.587194523568274E-005
21.5399141396493       1.431691266838287E-003
21.6108496181087       6.848383306840529E-003
21.6135373666759       9.033145191992320E-010
21.7646404960666       2.273233959062250E-009
21.8268784724659       3.020752798627413E-003
21.8761401593866       5.782691218836060E-003
21.9536372939627       5.828122780035130E-010
21.9618732183576       2.064190292865655E-003
22.0698069779546       5.818685855116647E-012
22.1310160953001       1.025751344183726E-010
22.1900611585607       4.134556417314708E-004
22.1994272363230       2.315985508706272E-003
22.2474217675775       1.053338120517493E-010
22.2630987596895       1.442257545002982E-003
22.3674025869437       3.179668527680707E-014
22.4981880250793       5.398165472771025E-003
22.5515792660067       2.222694831710077E-004
22.5753707476868       7.594226439199097E-013
22.6151990291706       2.281959526837038E-003
22.6480447480756       3.488918751917867E-006
22.7037478781663       5.000697225847959E-003
22.8289104510265       5.645660223752026E-007
22.8373713538325       2.362593836554757E-007
22.8517193275780       1.102454323762151E-012
22.8773381069600       3.618177394060395E-004
23.0492234412050       2.487017434615868E-003
23.0585891032592       6.856272378843946E-003
23.1184846031282       1.379611011656211E-002
23.1588368865882       1.588101779620091E-003
23.1721845136386       3.564713078518220E-002
23.1786424522671       7.233070563029459E-002
23.2012263640355       1.836909850742083E-002
23.3112462300363       3.795087890840412E-004
23.3119103621472       6.547447657787907E-004
23.5567731263345       3.143282230437973E-005
23.5808319765389       1.616024666898428E-003
23.6615642565895       1.985777283664900E-008
23.7246926973179       1.122385751482452E-008
23.7551143652142       3.258456822190917E-004
23.8219638582380       9.127655676849131E-004
23.8568148727996       4.412759548370913E-005
23.8589441756202       1.617285493376595E-013
23.9251837876319       6.170115672826077E-006
24.0046952404232       6.691809650524975E-015
24.0236550690173       2.660761979206596E-005
24.0611294504026       1.266133467297668E-004
24.1486708398388       3.949111872122730E-010
24.1503835023845       7.002306135808585E-004
24.2991295780514       3.068749131268503E-003
24.4092764990797       3.919184981078885E-004
24.4391716053822       7.308083074532961E-005
24.5789091659162       4.859240196712126E-004
24.6226529803934       4.597134026849126E-005
24.7268733764193       4.715242598148574E-004
24.7562703750083       1.106207655008305E-004
24.8851916516133       1.679051804228921E-002
25.0377331424023       2.983370892530308E-006
25.0832490827274       8.775501315134988E-009
25.1005585371035       5.463824346566873E-004
25.1486375167360       2.076528267937055E-005
25.1537441245157       7.494507838895797E-007
25.1836975513352       2.344494016012257E-004
25.1942243253207       1.641735199149148E-005
25.2845215004022       3.155934240455306E-005
25.2875696613822       4.044884775715162E-004
25.3120875610083       2.732719094082189E-006
25.4400306660061       2.598123691281446E-006
25.4859194005064       1.068716829419278E-014
25.4934483806404       2.582121091751685E-005
25.5017460909292       4.561017984031731E-005
25.5702838477971       3.355585540677701E-004
25.6846654622444       2.700693009878659E-004
25.7326266726390       5.737527787177263E-004
25.7944347586713       9.194969595212214E-003
25.8455858200389       6.748306577133245E-005
25.9250576606240       1.081183554715526E-011
26.0562903176509       7.425149330832731E-012
26.0714733404546       8.136838323657574E-004
26.0768011586098       9.325665351702061E-005
26.0932881563480       6.755557449330753E-004
26.1038278498287       5.769748978974572E-005
26.1239725072000       2.587316856646404E-004
26.1574196406627       8.543948636090358E-004
26.1828301447533       1.363467076928853E-011
26.1945783085078       2.302141562962431E-004
26.2131122507493       1.578700404809463E-005
26.2556222031440       1.368349537193393E-003
26.3506443936454       7.555330653697698E-004
26.4657559198002       2.871922706662601E-004
26.5903750008171       4.334351524909020E-012
26.6109485372173       1.072426828033119E-004
26.7804474274552       9.494484141605180E-004
26.8199340610761       9.326078800407054E-004
26.8812252921207       1.625280464996169E-012
26.8916580956286       1.660619075045636E-005
26.9655283367418       1.190944678397893E-006
27.0585456901177       1.547817419828877E-005
27.0840429799774       4.122030848325475E-003
27.1135487762330       2.498346193601127E-004
27.2289476711596       2.143173865199217E-005
27.4115072346103       7.515858154701862E-005
27.4652074558317       3.468883999195203E-006
27.5062685385283       4.480584204225740E-007
27.5614700423762       5.815207016890516E-004
27.5872678722346       1.678842408721843E-004
27.6159785274254       7.150002532109036E-004
27.6439379608343       2.548685740154014E-005
27.6928614857823       1.782689755711144E-003
27.7180922779759       2.537470610443643E-002
27.7375756031720       1.466980338767860E-011
27.8583824882093       2.130823471865487E-005
27.8940532968275       1.078827677922984E-004
27.9055590421559       3.668733115755030E-012
27.9173208265336       2.312869140478900E-004
28.0571430194288       2.385667218987753E-003
28.0666159727004       2.266121457820032E-011
28.0878210552517       2.334065474683189E-011
28.3836815898641       6.847183483246140E-003
28.4736300420371       1.454945906389112E-012
28.6123902834265       6.470713611459471E-004
28.6628483236756       2.504320835221726E-003
28.6993406085381       1.605713116446011E-010
28.7163481077249       6.529510881687431E-002
28.7923177992614       3.417685135565175E-002
28.8558494862600       7.885243880950979E-003
28.9038827220884       6.540583691954929E-002
28.9069738061500       7.058834062702475E-009
28.9685728135404       6.782027458228681E-004
28.9769760671967       4.386154660441335E-003
29.0693652499180       9.283378303261548E-003
29.1042960895448       9.352701176015690E-012
29.1195173457887       3.671142960139597E-003
29.1558131079683       1.589728723565757E-004
29.2231906875408       2.333458821318973E-005
29.2274958258856       1.087291110508730E-003
29.3801778229624       1.578962966726168E-003
29.3966822625505       4.970296007564182E-013
29.4648092245138       4.934296451666215E-004
29.5211015203730       5.482274269297516E-004
29.5476521570857       7.184627987549804E-012
29.5527233837913       5.553124567852740E-004
29.5888982660392       4.282656414232036E-015
29.6503279179501       1.116093329449752E-004
29.6662005748136       2.920301130586727E-004
29.6922792847751       1.287477155396281E-004
29.7570254817851       7.380441445833042E-005
29.8768410452358       7.128403129978775E-004
29.8969600724042       5.750115478276709E-005
29.9170077114599       4.940696154084342E-006
29.9910818350170       7.126069921169789E-005
30.0524993007638       7.048895327729682E-013
30.1673663280216       1.370149599080494E-005
30.2806033813494       4.868792185750569E-004
30.3075162496831       2.863142994330618E-006
30.3166977337428       7.392691760034217E-006
30.3701674599762       1.656424803699550E-004
30.4044376822712       1.682658606305078E-006
30.4934332467961       1.755053093854853E-004
30.5321463864682       2.587334147176013E-014
30.5523582840355       2.087826640029178E-004
30.6596021851893       2.842576887656396E-004
30.7328782473647       1.430090581997796E-007
30.7830937976001       2.428963428521043E-005
30.8965102642596       7.092263617055676E-010
30.9865882847903       5.073286495487831E-005
31.0294783121121       1.153724117163384E-005
31.0391779100377       3.756461917112536E-005
31.0487793236973       1.351564237450777E-004
31.0604658466314       1.034400052479727E-003
31.0933691930289       1.522191107917699E-005
31.0991378456924       5.294876997427461E-012
31.1386708764369       1.640772166794980E-004
31.1789697433137       3.904961912362434E-005
31.3339663029326       2.516281085534425E-003
31.3855700074720       7.900032975992000E-014
31.4219811776955       2.206040916017029E-006
31.4503138837467       3.294819376667227E-012
31.5038696669477       1.025077555196029E-007
31.5686884837281       7.017636789560088E-004
31.5860352599914       6.890327060518767E-005
31.7858709807904       8.774967478683687E-005
31.8660862288093       3.124788540556361E-004
31.9913597526847       3.334829471895972E-004
32.0526219244807       4.069095029750625E-015
32.1452596363288       3.570410604945820E-006
32.1585655652401       1.050167752495173E-005
32.1663690324612       6.687185585502645E-006
32.3159802597381       8.103688861491964E-007
32.3287951096209       1.454305194478742E-007
32.3602298663876       1.719960710828583E-007
32.4310810293616       1.126402563548191E-004
32.5466550024618       5.843480259573569E-004
32.6464770051157       1.463925808735460E-007
32.7498687632366       3.935722199914970E-004
32.7936170181143       2.076751564843839E-004
32.8028055179802       7.235115423568783E-005
32.8537353985596       2.332041329172843E-013
33.1571340461296       2.400153231093568E-014
33.3079092770735       2.930272744334314E-012
33.3155865305165       1.678571318217141E-003
33.3857002391861       2.014404450372084E-005
33.3861051726309       2.794883898637391E-008
33.4335776415090       1.887243977810327E-005
33.4630322190939       1.584882194467172E-003
33.5659567465288       1.976089128623268E-003
33.6946636946233       4.730120185741581E-004
33.7439343337718       5.598876692714205E-004
33.8138971616262       3.823412294889589E-005
33.8217200048929       6.451573754969054E-004
33.9213698300545       1.181305393106121E-004
33.9461233379809       6.017667091510883E-013
33.9730059287894       3.052688013005429E-013
33.9884574647826       1.336040859608235E-005
34.0433041431797       3.584378040246668E-005
34.1693516851478       5.279573773375734E-003
34.1874270258297       2.539079432920224E-005
34.1983304044253       1.238343970454835E-003
