  -0.20467E+01   0.31542E-07
  -0.14857E+01   0.17254E-01
  -0.10903E+01   0.13445E+01
   0.47909E+00   0.13627E+00
   0.80515E+00   0.70252E+00
   0.15333E+01   0.21742E+01
   0.27704E+01   0.20137E+01
   0.33177E+01   0.15142E+01
   0.38142E+01   0.13610E-08
   0.38540E+01   0.35339E-11
   0.41500E+01   0.75975E+01
   0.48508E+01   0.10272E-05
   0.57984E+01   0.73256E-13
   0.59801E+01   0.67307E-09
   0.61872E+01   0.28380E-10
   0.63830E+01   0.30335E-08
   0.67886E+01   0.17564E-12
   0.71037E+01   0.13174E-12
   0.77554E+01   0.79538E-12
   0.82304E+01   0.26761E-05
   0.82754E+01   0.29058E-11
   0.85012E+01   0.13461E-11
   0.87782E+01   0.14039E-04
   0.90225E+01   0.21573E-08
   0.90363E+01   0.80637E+01
   0.91136E+01   0.63262E-08
   0.92674E+01   0.82385E-09
   0.94077E+01   0.91541E-08
   0.97335E+01   0.58839E-12
   0.98117E+01   0.91706E-11
   0.10115E+02   0.76139E-04
   0.10456E+02   0.97869E-11
   0.10574E+02   0.16951E-03
   0.10598E+02   0.14567E+00
   0.10663E+02   0.17297E-04
   0.10772E+02   0.13494E-02
   0.10787E+02   0.15042E+00
   0.10787E+02   0.18557E-06
   0.10845E+02   0.31961E+00
   0.11761E+02   0.17276E-12
   0.12281E+02   0.11394E-11
   0.12340E+02   0.30324E-11
   0.12551E+02   0.79799E-10
   0.12703E+02   0.29952E-09
   0.12892E+02   0.24525E+00
   0.13114E+02   0.18068E-01
   0.13139E+02   0.29273E-01
   0.13150E+02   0.47359E-11
   0.13163E+02   0.41216E-01
   0.13328E+02   0.76568E-02
   0.13558E+02   0.98135E-08
   0.13595E+02   0.36381E+00
   0.13637E+02   0.20741E+02
   0.13711E+02   0.18129E-07
   0.13769E+02   0.23510E+00
   0.13777E+02   0.53810E-01
   0.13851E+02   0.89780E-08
   0.14296E+02   0.11171E-01
   0.14375E+02   0.22395E-08
   0.14423E+02   0.15271E-01
   0.14432E+02   0.21762E-02
   0.14664E+02   0.35760E-04
   0.14689E+02   0.38910E+00
   0.14786E+02   0.21513E-02
   0.14960E+02   0.40758E-10
   0.15225E+02   0.75824E-01
   0.15588E+02   0.46033E-09
   0.15624E+02   0.77203E-04
   0.15636E+02   0.76243E-02
   0.15715E+02   0.13259E-12
   0.15789E+02   0.17134E-02
   0.15819E+02   0.11808E-01
   0.15899E+02   0.36065E-02
   0.15912E+02   0.96667E-10
   0.15978E+02   0.72012E-12
   0.16110E+02   0.96840E-03
   0.16156E+02   0.92035E-03
   0.16254E+02   0.35251E-13
   0.16509E+02   0.46739E-06
   0.16545E+02   0.24491E-11
   0.16594E+02   0.77643E-03
   0.16706E+02   0.13910E-04
   0.16712E+02   0.26806E-05
   0.16730E+02   0.72603E-09
   0.16730E+02   0.19046E-05
   0.16849E+02   0.31688E-13
   0.16888E+02   0.23170E-12
   0.17062E+02   0.13038E-10
   0.17211E+02   0.34871E-07
   0.17253E+02   0.38148E-10
   0.17481E+02   0.94280E-01
   0.17522E+02   0.17282E-08
   0.17524E+02   0.25895E-10
   0.17651E+02   0.12875E-09
   0.17836E+02   0.28599E-04
   0.17953E+02   0.15072E-09
   0.18103E+02   0.40931E-03
   0.18133E+02   0.51754E-03
   0.18179E+02   0.27009E-09
   0.18456E+02   0.14708E-02
   0.18521E+02   0.21970E-10
   0.18565E+02   0.25354E-08
   0.18581E+02   0.61919E-03
   0.18694E+02   0.20089E-08
   0.18722E+02   0.41771E-04
   0.18861E+02   0.18283E+00
   0.19332E+02   0.34925E-09
   0.19344E+02   0.18484E-02
   0.19391E+02   0.21099E-02
   0.19469E+02   0.72366E-02
   0.19575E+02   0.14310E+00
   0.19740E+02   0.15695E-02
   0.19981E+02   0.42518E-01
   0.20129E+02   0.94754E-03
   0.20159E+02   0.10411E-04
   0.20220E+02   0.28284E-01
   0.20260E+02   0.28384E-11
   0.20478E+02   0.43071E-04
   0.20496E+02   0.77406E-09
   0.20594E+02   0.34816E-11
   0.20670E+02   0.24067E-05
   0.20691E+02   0.52011E-09
   0.21014E+02   0.12664E-05
   0.21078E+02   0.32736E-06
   0.21094E+02   0.30763E-10
   0.21126E+02   0.15362E-03
   0.21127E+02   0.28713E-10
   0.21365E+02   0.14078E-07
   0.21472E+02   0.15385E-01
   0.21509E+02   0.18606E-05
   0.21521E+02   0.24772E-02
   0.21594E+02   0.17116E-10
   0.21645E+02   0.86994E-03
   0.21671E+02   0.47446E-05
   0.21759E+02   0.28008E-03
   0.21782E+02   0.20684E-03
   0.21793E+02   0.30877E-10
   0.21831E+02   0.13438E+00
   0.21838E+02   0.16640E+00
   0.22052E+02   0.39585E-02
   0.22258E+02   0.52622E-02
   0.22348E+02   0.10212E-09
   0.22363E+02   0.76187E-04
   0.22489E+02   0.12765E-05
   0.22500E+02   0.28680E-03
   0.22727E+02   0.11639E-12
   0.22790E+02   0.57998E-03
   0.22929E+02   0.89211E-03
   0.23026E+02   0.41980E-12
   0.23060E+02   0.55413E-12
   0.23094E+02   0.33574E-03
   0.23191E+02   0.30543E-10
   0.23237E+02   0.10545E-01
   0.23289E+02   0.20779E-04
   0.23300E+02   0.69227E-03
   0.23358E+02   0.14557E-01
   0.23434E+02   0.16684E-10
   0.23454E+02   0.12237E-02
   0.23581E+02   0.77068E-11
   0.23590E+02   0.24006E-02
   0.23657E+02   0.76119E-10
   0.23705E+02   0.17616E-02
   0.23733E+02   0.52864E-10
   0.23766E+02   0.16384E-03
   0.23777E+02   0.11705E-03
   0.23792E+02   0.10855E-04
   0.23817E+02   0.54832E-10
   0.23831E+02   0.83021E-10
   0.23885E+02   0.15786E+00
   0.24047E+02   0.28308E-03
   0.24055E+02   0.60039E-03
   0.24089E+02   0.14074E-02
   0.24106E+02   0.48200E-12
   0.24251E+02   0.98995E-03
   0.24304E+02   0.86287E-14
   0.24313E+02   0.10241E-03
   0.24325E+02   0.10277E-04
   0.24341E+02   0.28046E-02
   0.24355E+02   0.66730E-02
   0.24396E+02   0.49008E-04
   0.24485E+02   0.23089E-06
   0.24520E+02   0.86079E-04
   0.24552E+02   0.14240E-13
   0.24609E+02   0.71071E-01
   0.24631E+02   0.55801E-05
   0.24662E+02   0.27692E-03
   0.24727E+02   0.52633E-03
   0.24873E+02   0.37278E-05
   0.24881E+02   0.82436E-02
   0.24955E+02   0.34475E-01
   0.24958E+02   0.21141E-02
   0.25029E+02   0.17173E-03
   0.25042E+02   0.19586E-06
   0.25044E+02   0.70313E-06
   0.25112E+02   0.10700E-02
   0.25138E+02   0.37555E-14
   0.25235E+02   0.16390E-03
   0.25305E+02   0.34431E-03
   0.25359E+02   0.65728E-06
   0.25434E+02   0.80823E-05
   0.25497E+02   0.35105E-04
   0.25514E+02   0.40883E-04
   0.25599E+02   0.91667E-11
   0.25711E+02   0.47519E-04
   0.25721E+02   0.16384E-02
   0.25747E+02   0.27489E-10
   0.25878E+02   0.10977E-05
   0.25907E+02   0.74822E-04
   0.25947E+02   0.35063E-03
   0.26023E+02   0.25832E-03
   0.26103E+02   0.10472E-06
   0.26306E+02   0.88477E-08
   0.26345E+02   0.13681E-06
   0.26367E+02   0.26952E-09
   0.26404E+02   0.49803E-03
   0.26533E+02   0.12656E-02
   0.26535E+02   0.17067E-03
   0.26603E+02   0.13570E-02
   0.26654E+02   0.46644E-03
   0.26664E+02   0.90556E-03
   0.26668E+02   0.49984E-03
   0.26692E+02   0.39779E-04
   0.26812E+02   0.13400E-06
   0.26830E+02   0.88243E-02
   0.26979E+02   0.41733E-04
   0.27080E+02   0.22566E-02
   0.27096E+02   0.80738E-02
   0.27212E+02   0.86379E-04
   0.27222E+02   0.92259E-04
   0.27243E+02   0.61064E-12
   0.27252E+02   0.82315E-04
   0.27281E+02   0.14116E-04
   0.27287E+02   0.60911E-04
   0.27395E+02   0.70264E-03
   0.27401E+02   0.20624E-03
   0.27414E+02   0.24380E-04
   0.27563E+02   0.18056E-09
   0.27630E+02   0.26828E-02
   0.27692E+02   0.19330E-10
   0.27738E+02   0.30885E-03
   0.27827E+02   0.48115E-11
   0.27844E+02   0.39481E-02
   0.27937E+02   0.38736E-02
   0.28091E+02   0.53763E-04
   0.28111E+02   0.54247E-02
   0.28188E+02   0.46017E-01
   0.28215E+02   0.11550E-03
   0.28246E+02   0.32194E-10
   0.28386E+02   0.63596E-03
   0.28424E+02   0.30602E-01
   0.28500E+02   0.64020E-10
   0.28546E+02   0.25105E-03
   0.28644E+02   0.24720E-06
   0.28661E+02   0.87941E-03
   0.28671E+02   0.25690E-04
   0.28701E+02   0.43474E-04
   0.28819E+02   0.12927E-02
   0.28967E+02   0.38232E-05
   0.29074E+02   0.38145E-06
   0.29377E+02   0.26988E-04
   0.29469E+02   0.53986E-01
   0.29488E+02   0.58435E-11
   0.29569E+02   0.10590E-04
   0.29604E+02   0.10953E-09
   0.29654E+02   0.32933E-02
   0.29665E+02   0.25857E-01
   0.29739E+02   0.35751E-01
   0.29756E+02   0.10571E-10
   0.29804E+02   0.39942E-10
   0.29927E+02   0.15077E-01
   0.29973E+02   0.12528E-11
   0.29983E+02   0.76509E-02
   0.30038E+02   0.39881E-02
   0.30047E+02   0.95587E-03
   0.30245E+02   0.58964E-02
   0.30263E+02   0.20170E-03
   0.30270E+02   0.15012E-06
   0.30340E+02   0.19289E-10
   0.30367E+02   0.33266E-02
   0.30369E+02   0.33306E-02
   0.30400E+02   0.92252E-04
   0.30454E+02   0.70237E-03
   0.30592E+02   0.30580E-13
   0.30594E+02   0.11355E-02
   0.30640E+02   0.22016E-06
   0.30756E+02   0.51615E-03
   0.30777E+02   0.69984E-03
   0.30873E+02   0.24780E+00
   0.30897E+02   0.31748E-11
   0.30903E+02   0.51092E-03
   0.30917E+02   0.18682E-03
   0.30942E+02   0.87093E-04
   0.30963E+02   0.32022E-12
   0.30994E+02   0.78189E-01
   0.31066E+02   0.14140E-02
   0.31083E+02   0.23273E-03
   0.31129E+02   0.87248E-04
   0.31132E+02   0.36882E-02
   0.31184E+02   0.65686E-04
   0.31236E+02   0.13056E-05
   0.31341E+02   0.64936E-14
   0.31360E+02   0.73845E-07
   0.31446E+02   0.10042E-03
   0.31451E+02   0.10490E-05
   0.31493E+02   0.12811E-10
   0.31538E+02   0.89035E-02
   0.31573E+02   0.13707E-02
   0.31584E+02   0.10344E-03
   0.31634E+02   0.23459E-03
   0.31734E+02   0.12647E-02
   0.31759E+02   0.25030E-12
   0.31946E+02   0.36527E-08
   0.31970E+02   0.14866E-03
   0.32016E+02   0.25743E-07
   0.32042E+02   0.54100E-03
   0.32084E+02   0.30855E-04
   0.32204E+02   0.13056E-02
   0.32245E+02   0.25455E-02
   0.32340E+02   0.51647E-04
   0.32355E+02   0.85729E-03
   0.32496E+02   0.26902E-05
   0.32582E+02   0.52639E-13
   0.32587E+02   0.22532E-05
   0.32588E+02   0.10063E-04
   0.32599E+02   0.67991E-05
   0.32714E+02   0.66069E-02
   0.32753E+02   0.72498E-05
   0.32762E+02   0.84004E-10
   0.32796E+02   0.18970E-04
   0.32953E+02   0.24343E-02
   0.33061E+02   0.92394E-03
   0.33072E+02   0.52829E-10
   0.33234E+02   0.17574E-04
   0.33241E+02   0.11768E-03
   0.33379E+02   0.16113E-10
   0.33601E+02   0.55372E-03
   0.33666E+02   0.41883E-05
   0.33728E+02   0.44774E-03
   0.33845E+02   0.54754E-05
   0.33901E+02   0.19249E-02
   0.34027E+02   0.29789E-14
   0.34079E+02   0.12623E-02
   0.34097E+02   0.10891E-03
   0.34103E+02   0.10144E-02
   0.34296E+02   0.28105E-06
   0.34358E+02   0.23221E-05
   0.34437E+02   0.37027E-02
   0.34463E+02   0.34821E-04
   0.34599E+02   0.11014E-10
   0.34636E+02   0.25550E-08
   0.34640E+02   0.70355E-04
   0.34654E+02   0.11487E-04
   0.34655E+02   0.69793E-05
   0.34677E+02   0.83049E-03
   0.34813E+02   0.10042E-04
   0.34873E+02   0.10725E-12
   0.34961E+02   0.41681E-02
   0.35002E+02   0.14369E-01
   0.35006E+02   0.38512E-01
   0.35034E+02   0.73105E-10
   0.35209E+02   0.24240E-02
   0.35291E+02   0.12159E-01
   0.35308E+02   0.82281E-03
   0.35375E+02   0.68969E-04
   0.35380E+02   0.11080E-02
   0.35526E+02   0.20069E-03
   0.35551E+02   0.65404E-03
   0.35619E+02   0.52067E-08
   0.35635E+02   0.52635E-10
   0.35717E+02   0.99454E-02
   0.35781E+02   0.20437E-12
   0.35788E+02   0.10011E-03
   0.35896E+02   0.41293E-04
   0.35911E+02   0.64993E-06
   0.35928E+02   0.90402E-04
   0.36086E+02   0.10356E-01
   0.36110E+02   0.77267E-02
   0.36449E+02   0.16546E-03
   0.36482E+02   0.23005E-01
   0.36634E+02   0.20004E-03
   0.36650E+02   0.28551E-10
   0.36704E+02   0.22736E-03
   0.36752E+02   0.17761E-03
   0.36765E+02   0.16277E-05
   0.36774E+02   0.16806E-12
   0.36976E+02   0.11842E-03
   0.37004E+02   0.32898E-05
   0.37015E+02   0.11146E-05
   0.37030E+02   0.10090E-04
   0.37041E+02   0.51408E-05
   0.37088E+02   0.16972E-03
   0.37231E+02   0.37143E-10
   0.37237E+02   0.20152E-03
   0.37330E+02   0.14588E-05
   0.37338E+02   0.10107E-10
   0.37341E+02   0.27525E-06
   0.37370E+02   0.34015E-04
   0.37433E+02   0.15474E-11
   0.37544E+02   0.32262E-06
   0.37609E+02   0.21978E-02
   0.37638E+02   0.47201E-03
   0.37640E+02   0.10247E-02
   0.37663E+02   0.12508E-03
   0.37739E+02   0.42686E-05
   0.37776E+02   0.15782E-06
   0.37847E+02   0.14937E-03
   0.38005E+02   0.17944E-04
   0.38015E+02   0.36833E-05
   0.38112E+02   0.57603E-06
   0.38167E+02   0.50849E-03
   0.38218E+02   0.81446E-04
   0.38283E+02   0.90549E-14
   0.38325E+02   0.13881E-04
   0.38384E+02   0.87651E-03
   0.38452E+02   0.98032E-03
   0.38486E+02   0.10714E-09
   0.38555E+02   0.20408E-04
   0.38604E+02   0.47535E-11
   0.38714E+02   0.23724E-04
   0.38888E+02   0.48534E-05
   0.38901E+02   0.77507E-06
   0.39001E+02   0.11832E-09
   0.39150E+02   0.25855E-03
   0.39168E+02   0.17285E-09
   0.39172E+02   0.87647E-07
   0.39248E+02   0.41069E-02
   0.39259E+02   0.38339E-03
   0.39283E+02   0.19883E-04
   0.39312E+02   0.62217E-03
   0.39360E+02   0.53895E-12
   0.39396E+02   0.11686E-03
   0.39469E+02   0.14143E-12
   0.39485E+02   0.12275E-03
   0.39575E+02   0.26040E-10
   0.39622E+02   0.47768E-02
   0.39625E+02   0.53703E-03
   0.39681E+02   0.56201E-09
   0.39692E+02   0.29507E-06
   0.39700E+02   0.33983E-03
   0.39700E+02   0.23686E-13
   0.39772E+02   0.21161E-04
   0.39796E+02   0.32637E-02
   0.39866E+02   0.11569E-03
   0.39903E+02   0.53705E-04
   0.39929E+02   0.43567E-03
   0.39946E+02   0.42172E-05
   0.40011E+02   0.29073E-04
   0.40012E+02   0.17490E-11
   0.40021E+02   0.12090E-06
   0.40033E+02   0.16489E-01
   0.40099E+02   0.19290E-05
   0.40116E+02   0.19099E-02
   0.40160E+02   0.34813E-03
   0.40172E+02   0.20705E-04
   0.40184E+02   0.48013E-03
   0.40215E+02   0.13908E-09
   0.40215E+02   0.15345E-02
   0.40232E+02   0.37433E-04
   0.40404E+02   0.51475E-03
   0.40461E+02   0.10649E-12
   0.40466E+02   0.37559E-03
   0.40482E+02   0.46029E-02
   0.40570E+02   0.10697E-03
   0.40671E+02   0.29849E-10
   0.40767E+02   0.52366E-10
   0.40773E+02   0.47678E-05
   0.40877E+02   0.16730E-02
   0.40888E+02   0.32629E-06
   0.40964E+02   0.14593E-03
   0.41076E+02   0.22220E-03
   0.41116E+02   0.14507E-04
   0.41125E+02   0.60013E-10
   0.41128E+02   0.23954E-06
   0.41162E+02   0.11870E-02
   0.41194E+02   0.64221E-04
   0.41264E+02   0.18802E-03
   0.41271E+02   0.21583E-05
   0.41287E+02   0.40192E-05
   0.41450E+02   0.37449E-03
   0.41454E+02   0.13098E-05
   0.41488E+02   0.55479E-13
   0.41525E+02   0.17882E-03
   0.41543E+02   0.18120E-02
   0.41636E+02   0.21202E-01
   0.41689E+02   0.24508E-05
   0.41730E+02   0.94064E-03
   0.41733E+02   0.35358E-03
   0.41813E+02   0.14795E-03
   0.41815E+02   0.89455E-03
   0.41826E+02   0.26445E-09
   0.41840E+02   0.15272E-03
   0.41851E+02   0.77773E-03
   0.41868E+02   0.47203E-04
   0.41893E+02   0.25778E-01
   0.41894E+02   0.14120E-01
   0.41959E+02   0.10327E-03
   0.41965E+02   0.46815E-02
   0.42001E+02   0.47029E-05
   0.42072E+02   0.13297E-03
   0.42110E+02   0.21245E-10
   0.42186E+02   0.20320E-09
   0.42243E+02   0.36064E-04
   0.42247E+02   0.12319E-03
   0.42369E+02   0.33600E-06
   0.42374E+02   0.99742E-08
   0.42441E+02   0.25365E-04
   0.42462E+02   0.38562E-06
   0.42470E+02   0.75262E-05
   0.42479E+02   0.61685E-11
   0.42483E+02   0.19655E-02
   0.42507E+02   0.99393E-04
   0.42560E+02   0.31806E-02
   0.42598E+02   0.41239E-03
   0.42611E+02   0.43505E-05
   0.42788E+02   0.23799E-06
   0.42823E+02   0.17503E-06
   0.42904E+02   0.65923E-03
   0.42923E+02   0.15787E-02
   0.43005E+02   0.37996E-05
   0.43074E+02   0.17012E-05
   0.43114E+02   0.80535E-07
   0.43136E+02   0.10869E-02
   0.43287E+02   0.58992E-03
   0.43288E+02   0.49137E-04
   0.43328E+02   0.21819E-03
   0.43343E+02   0.82814E-09
   0.43363E+02   0.20444E-11
   0.43392E+02   0.36344E-05
   0.43518E+02   0.66937E-06
   0.43608E+02   0.29476E-03
   0.43619E+02   0.37683E-03
   0.43917E+02   0.14615E-07
   0.43928E+02   0.57619E-09
   0.43940E+02   0.42430E-04
   0.43960E+02   0.11156E-02
   0.43980E+02   0.25773E-03
   0.44065E+02   0.88164E-07
   0.44177E+02   0.35870E-02
   0.44201E+02   0.13936E-02
   0.44211E+02   0.27088E-03
   0.44234E+02   0.75718E-05
   0.44234E+02   0.12521E-05
   0.44341E+02   0.14944E-02
   0.44405E+02   0.10825E-06
   0.44432E+02   0.65570E-03
   0.44470E+02   0.41109E-04
   0.44557E+02   0.10767E-08
   0.44599E+02   0.92798E-06
   0.44683E+02   0.66865E-05
   0.44702E+02   0.13145E-01
   0.44724E+02   0.68686E-10
   0.44739E+02   0.18381E-05
   0.44782E+02   0.36197E-12
   0.44785E+02   0.86609E-09
   0.44849E+02   0.13473E-04
   0.44863E+02   0.98807E-02
   0.44915E+02   0.29450E-03
   0.45011E+02   0.21628E-06
   0.45046E+02   0.22798E-09
   0.45138E+02   0.58412E-07
   0.45167E+02   0.35965E-06
   0.45170E+02   0.11637E-06
   0.45190E+02   0.72979E-02
   0.45325E+02   0.13990E-07
   0.45330E+02   0.65622E-03
   0.45389E+02   0.62559E-03
   0.45434E+02   0.21083E-05
   0.45492E+02   0.14795E-06
   0.45604E+02   0.11354E-02
   0.45742E+02   0.18630E-03
   0.45871E+02   0.35945E-02
   0.45963E+02   0.18909E-02
   0.46037E+02   0.44522E-03
   0.46085E+02   0.46748E-02
   0.46172E+02   0.28524E-03
   0.46202E+02   0.18216E-02
   0.46232E+02   0.15292E-07
   0.46260E+02   0.28678E-10
   0.46302E+02   0.10261E-06
   0.46405E+02   0.10108E-03
   0.46430E+02   0.16279E-02
   0.46496E+02   0.58941E-06
   0.46496E+02   0.67263E-06
   0.46593E+02   0.57566E-06
   0.46608E+02   0.19718E-05
   0.46643E+02   0.65111E-07
   0.46837E+02   0.24925E-05
   0.46855E+02   0.57059E-03
   0.46916E+02   0.99774E-05
   0.46952E+02   0.22292E-08
   0.47019E+02   0.30170E-02
   0.47041E+02   0.38600E-05
   0.47075E+02   0.75187E-04
   0.47108E+02   0.36640E-06
   0.47116E+02   0.31380E-04
   0.47229E+02   0.14438E-04
   0.47269E+02   0.75083E-10
   0.47302E+02   0.45313E-09
   0.47304E+02   0.99124E-02
   0.47406E+02   0.79220E-03
   0.47465E+02   0.21932E-02
   0.47474E+02   0.20880E-04
   0.47500E+02   0.10524E-06
   0.47543E+02   0.29274E-03
   0.47587E+02   0.72418E-04
   0.47596E+02   0.13966E-03
   0.47616E+02   0.49349E-03
   0.47622E+02   0.30251E-12
   0.47633E+02   0.73041E-09
   0.47644E+02   0.38662E-04
   0.47654E+02   0.30430E-03
   0.47663E+02   0.11775E-03
   0.47724E+02   0.79249E-12
   0.47776E+02   0.58272E-04
   0.47968E+02   0.27028E-06
   0.47969E+02   0.70311E-08
   0.47989E+02   0.13028E-12
   0.47992E+02   0.18134E-03
   0.48048E+02   0.99164E-09
   0.48170E+02   0.16180E-07
   0.48194E+02   0.23955E-05
   0.48243E+02   0.85950E-03
   0.48261E+02   0.19649E-04
   0.48266E+02   0.85587E-03
   0.48302E+02   0.59601E-02
   0.48435E+02   0.33857E-13
   0.48446E+02   0.12743E-10
   0.48451E+02   0.14219E-02
   0.48516E+02   0.29562E-03
   0.48573E+02   0.49504E-03
   0.48593E+02   0.75026E-04
   0.48609E+02   0.49538E-10
   0.48620E+02   0.82908E-03
   0.48691E+02   0.17718E-04
   0.48727E+02   0.18806E-09
   0.48816E+02   0.12528E-05
   0.48821E+02   0.22280E-04
   0.48844E+02   0.17430E-02
   0.48938E+02   0.56443E-06
   0.48950E+02   0.40008E-04
   0.48967E+02   0.36474E-10
   0.49002E+02   0.42135E-03
   0.49055E+02   0.37677E-04
   0.49078E+02   0.27956E-03
   0.49126E+02   0.80872E-03
   0.49149E+02   0.98155E-14
   0.49150E+02   0.42854E-05
   0.49177E+02   0.10349E-03
   0.49202E+02   0.14300E-02
   0.49261E+02   0.44057E-03
   0.49279E+02   0.61379E-04
   0.49327E+02   0.99625E-03
   0.49353E+02   0.90207E-02
   0.49419E+02   0.82520E-10
   0.49430E+02   0.32574E-03
   0.49440E+02   0.66162E-10
   0.49556E+02   0.14832E-02
   0.49589E+02   0.12492E-03
   0.49612E+02   0.17110E-13
   0.49681E+02   0.31954E-05
   0.49681E+02   0.17807E-08
   0.49812E+02   0.14675E-04
   0.49836E+02   0.24978E-04
   0.49847E+02   0.20722E-07
   0.49864E+02   0.56469E-06
   0.49884E+02   0.56744E-05
   0.49908E+02   0.35382E-01
   0.49916E+02   0.41614E-03
   0.49940E+02   0.23201E-02
   0.49984E+02   0.32440E-03
   0.49988E+02   0.86139E-04
   0.50087E+02   0.33469E-14
   0.50137E+02   0.90811E-06
   0.50183E+02   0.18098E-07
   0.50240E+02   0.10496E-07
   0.50357E+02   0.47174E-04
   0.50360E+02   0.33839E-06
   0.50360E+02   0.28540E-09
   0.50416E+02   0.10029E-02
   0.50498E+02   0.16909E-02
   0.50525E+02   0.13839E-04
   0.50545E+02   0.11429E-11
   0.50617E+02   0.77351E-06
   0.50638E+02   0.12959E-08
   0.50644E+02   0.15321E-02
   0.50657E+02   0.16269E-03
   0.50761E+02   0.25920E-07
   0.50818E+02   0.10009E-02
   0.51064E+02   0.62023E-04
   0.51075E+02   0.81123E-09
   0.51144E+02   0.21679E-07
   0.51199E+02   0.56096E-02
   0.51259E+02   0.24598E-07
   0.51308E+02   0.84158E-07
   0.51354E+02   0.10387E-02
   0.51436E+02   0.29597E-03
   0.51471E+02   0.24214E-01
   0.51483E+02   0.15004E-03
   0.51597E+02   0.53015E-04
   0.51617E+02   0.94991E-05
   0.51661E+02   0.11201E-03
   0.51679E+02   0.93830E-05
   0.51721E+02   0.14850E-03
   0.51797E+02   0.64770E-04
   0.51877E+02   0.50437E-03
   0.51907E+02   0.55796E-03
   0.51925E+02   0.84536E-04
   0.51980E+02   0.75886E-07
   0.51999E+02   0.76918E-03
   0.52045E+02   0.68638E-05
   0.52069E+02   0.42641E-04
   0.52075E+02   0.35874E-04
   0.52126E+02   0.94398E-05
   0.52166E+02   0.40831E-03
   0.52265E+02   0.66030E-03
   0.52507E+02   0.31507E-11
   0.52516E+02   0.34850E-03
   0.52579E+02   0.93004E-03
   0.52602E+02   0.28246E-03
   0.52640E+02   0.28719E-04
   0.52781E+02   0.19561E-04
   0.52912E+02   0.36430E-07
   0.52914E+02   0.26363E-04
   0.52936E+02   0.17801E-03
   0.53013E+02   0.41213E-05
   0.53080E+02   0.14990E-02
   0.53183E+02   0.61461E-05
   0.53211E+02   0.49965E-02
   0.53341E+02   0.93340E-11
   0.53387E+02   0.51574E-06
   0.53387E+02   0.16040E-06
   0.53404E+02   0.70435E-03
   0.53436E+02   0.13512E-03
   0.53593E+02   0.15049E-03
   0.53633E+02   0.34180E-02
   0.53700E+02   0.33233E-04
   0.53907E+02   0.20142E-02
   0.53916E+02   0.96680E-07
   0.53947E+02   0.40370E-13
   0.54075E+02   0.20748E-02
   0.54391E+02   0.16422E-04
   0.54684E+02   0.71675E-03
   0.54726E+02   0.80350E-09
   0.54764E+02   0.57764E-03
   0.54768E+02   0.11632E-02
   0.54840E+02   0.77259E-03
   0.54949E+02   0.12967E-10
   0.55057E+02   0.16314E-05
   0.55096E+02   0.41726E-03
   0.55133E+02   0.67511E-03
   0.55202E+02   0.47105E-02
   0.55306E+02   0.89268E-03
   0.55351E+02   0.69998E-06
   0.55373E+02   0.24440E-01
   0.55386E+02   0.12152E-02
   0.55465E+02   0.69827E-04
   0.55487E+02   0.14371E-02
   0.55522E+02   0.62537E-03
   0.55532E+02   0.17919E-04
   0.55563E+02   0.59876E-07
   0.55577E+02   0.46836E-03
   0.55614E+02   0.63327E-07
   0.55664E+02   0.23157E-02
   0.55674E+02   0.37227E-03
   0.55680E+02   0.12627E-05
   0.55700E+02   0.73668E-03
   0.55709E+02   0.16536E-02
   0.55758E+02   0.21102E-12
   0.55801E+02   0.10868E-06
   0.55882E+02   0.22758E-07
   0.55888E+02   0.25620E-03
   0.55915E+02   0.63383E-07
   0.55931E+02   0.63967E-11
   0.56010E+02   0.45025E-09
   0.56029E+02   0.30239E-02
   0.56095E+02   0.23062E-06
   0.56108E+02   0.44102E-03
   0.56174E+02   0.52582E-04
   0.56196E+02   0.72774E-03
   0.56207E+02   0.21962E-03
   0.56323E+02   0.95490E-10
   0.56332E+02   0.75542E-02
   0.56405E+02   0.31906E-02
   0.56459E+02   0.14194E-02
   0.56493E+02   0.24199E-03
   0.56569E+02   0.90940E-03
   0.56626E+02   0.78165E-08
   0.56657E+02   0.14221E-09
   0.56727E+02   0.80369E-06
   0.56765E+02   0.24868E-05
   0.56772E+02   0.49430E-03
   0.56775E+02   0.27153E-05
   0.56907E+02   0.17670E-07
   0.56987E+02   0.53160E-04
   0.57022E+02   0.69355E-03
   0.57028E+02   0.26774E-06
   0.57154E+02   0.38378E-03
   0.57163E+02   0.46734E-03
   0.57192E+02   0.98415E-06
   0.57230E+02   0.23178E-08
   0.57388E+02   0.87252E-04
   0.57406E+02   0.81305E-04
   0.57476E+02   0.18009E-06
   0.57590E+02   0.39033E-03
   0.57711E+02   0.42273E-07
   0.57780E+02   0.10238E-05
   0.57795E+02   0.32030E-03
   0.57818E+02   0.20644E-03
   0.57855E+02   0.80281E-04
   0.57914E+02   0.36891E-10
   0.57926E+02   0.99083E-03
   0.57980E+02   0.25135E-02
   0.58011E+02   0.42337E-03
   0.58037E+02   0.13004E-03
   0.58051E+02   0.76322E-03
   0.58133E+02   0.13479E-04
   0.58187E+02   0.14023E-02
   0.58201E+02   0.23281E-03
   0.58226E+02   0.31551E-03
   0.58232E+02   0.28158E-04
   0.58255E+02   0.12946E-11
   0.58257E+02   0.17409E-04
   0.58269E+02   0.49830E-10
   0.58340E+02   0.44580E-03
   0.58359E+02   0.80558E-02
   0.58362E+02   0.14117E-12
   0.58484E+02   0.62197E-06
   0.58503E+02   0.30310E-03
   0.58508E+02   0.27720E-07
   0.58517E+02   0.47176E-03
   0.58533E+02   0.15228E-03
   0.58551E+02   0.14930E-03
   0.58577E+02   0.10121E-03
   0.58591E+02   0.13658E-10
   0.58592E+02   0.17505E-03
   0.58629E+02   0.46747E-03
   0.58634E+02   0.29905E-04
   0.58802E+02   0.69880E-05
   0.58816E+02   0.80960E-03
   0.58836E+02   0.57885E-05
   0.58907E+02   0.28553E-13
   0.58960E+02   0.33397E-04
   0.58966E+02   0.78103E-05
   0.58974E+02   0.27654E-04
   0.59049E+02   0.22514E-06
   0.59059E+02   0.86492E-03
   0.59068E+02   0.25588E-11
   0.59119E+02   0.11056E-02
   0.59127E+02   0.82971E-04
   0.59186E+02   0.91772E-03
   0.59273E+02   0.84917E-06
   0.59291E+02   0.26203E-11
   0.59366E+02   0.32936E-03
   0.59398E+02   0.89958E-03
   0.59453E+02   0.13866E-03
   0.59483E+02   0.54435E-02
   0.59495E+02   0.14078E-05
   0.59522E+02   0.23681E-05
   0.59652E+02   0.10845E-07
   0.59700E+02   0.14444E-11
   0.59740E+02   0.39990E-14
   0.59786E+02   0.83387E-04
   0.59917E+02   0.62559E-03
   0.60045E+02   0.12187E-02
   0.60123E+02   0.95135E-06
   0.60183E+02   0.20670E-02
   0.60215E+02   0.59159E-07
   0.60417E+02   0.69312E-14
   0.60592E+02   0.21493E-03
   0.60746E+02   0.26223E-04
   0.60754E+02   0.26487E-05
   0.60899E+02   0.20211E-08
   0.60995E+02   0.13460E-06
   0.61006E+02   0.13386E-02
   0.61118E+02   0.44978E-06
   0.61122E+02   0.63853E-07
   0.61136E+02   0.47640E-03
   0.61194E+02   0.48489E-03
   0.61248E+02   0.80388E-03
   0.61260E+02   0.33379E-03
   0.61505E+02   0.75376E-04
   0.61698E+02   0.29181E-02
   0.61704E+02   0.56130E-06
   0.61814E+02   0.69852E-05
   0.61971E+02   0.85301E-03
   0.62136E+02   0.10191E-07
   0.62178E+02   0.29855E-07
   0.62368E+02   0.24106E-04
   0.62511E+02   0.17574E-03
   0.62659E+02   0.48632E-03
   0.62679E+02   0.39294E-03
   0.62785E+02   0.13865E-01
   0.62887E+02   0.37637E-03
   0.63012E+02   0.21247E-03
   0.63052E+02   0.47504E-03
   0.63089E+02   0.26419E-12
   0.63116E+02   0.17233E-06
   0.63126E+02   0.65546E-05
   0.63164E+02   0.74081E-07
   0.63217E+02   0.24899E-02
   0.63259E+02   0.19070E-07
   0.63266E+02   0.10255E-06
   0.63287E+02   0.11588E-01
   0.63312E+02   0.38876E-12
   0.63384E+02   0.43533E-04
   0.63462E+02   0.70069E-03
   0.63480E+02   0.72311E-07
   0.63496E+02   0.21476E-10
   0.63532E+02   0.56177E-03
   0.63761E+02   0.29206E-03
   0.63807E+02   0.32156E-04
   0.63907E+02   0.10586E-11
   0.64035E+02   0.23980E-03
   0.64063E+02   0.57657E-13
   0.64189E+02   0.55962E-02
   0.64209E+02   0.45600E-04
   0.64221E+02   0.89610E-15
   0.64271E+02   0.24826E-02
   0.64422E+02   0.32687E-07
   0.64461E+02   0.57632E-14
   0.64620E+02   0.13194E-05
   0.64651E+02   0.55008E-03
   0.64658E+02   0.11996E-06
   0.64692E+02   0.66814E-03
   0.64930E+02   0.21231E-05
   0.64950E+02   0.33328E-02
   0.64974E+02   0.48327E-02
   0.65035E+02   0.10224E-03
   0.65047E+02   0.12207E-07
   0.65069E+02   0.85394E-03
   0.65074E+02   0.25772E-05
   0.65078E+02   0.99707E-03
   0.65100E+02   0.32674E-12
   0.65155E+02   0.17966E-07
   0.65162E+02   0.12452E-02
   0.65181E+02   0.12943E-03
   0.65203E+02   0.72443E-03
   0.65231E+02   0.11950E-03
   0.65258E+02   0.17850E-07
   0.65303E+02   0.89853E-03
   0.65390E+02   0.96709E-03
   0.65489E+02   0.60828E-03
   0.65526E+02   0.82909E-03
   0.65585E+02   0.18677E-06
   0.65590E+02   0.15517E-03
   0.65646E+02   0.24703E-04
   0.65695E+02   0.95107E-07
   0.65760E+02   0.44622E-03
   0.65889E+02   0.45969E-04
   0.65972E+02   0.13695E-06
   0.65999E+02   0.97445E-03
   0.66038E+02   0.68521E-04
   0.66132E+02   0.12865E-09
   0.66238E+02   0.14809E-03
   0.66262E+02   0.36679E-09
   0.66271E+02   0.38918E-04
   0.66287E+02   0.77264E-03
   0.66308E+02   0.12735E-03
   0.66317E+02   0.28496E-06
   0.66380E+02   0.19965E-02
   0.66393E+02   0.32783E-03
   0.66408E+02   0.93480E-02
   0.66413E+02   0.26792E-04
   0.66426E+02   0.87631E-03
   0.66450E+02   0.15301E-10
   0.66496E+02   0.43630E-03
   0.66512E+02   0.35506E-04
   0.66692E+02   0.16064E-02
   0.66720E+02   0.16469E-02
   0.66721E+02   0.68423E-05
   0.66786E+02   0.22373E-02
   0.66893E+02   0.47058E-04
   0.66930E+02   0.36894E-04
   0.66932E+02   0.88717E-03
   0.66978E+02   0.14919E-03
   0.67034E+02   0.96538E-05
   0.67148E+02   0.25428E-06
   0.67149E+02   0.92197E-09
   0.67160E+02   0.41948E-08
   0.67161E+02   0.30715E-06
   0.67250E+02   0.14260E-02
   0.67280E+02   0.17116E-04
   0.67292E+02   0.16391E-02
   0.67330E+02   0.35509E-05
   0.67361E+02   0.54649E-08
   0.67422E+02   0.26665E-08
   0.67571E+02   0.64987E-02
   0.67618E+02   0.80438E-04
   0.67625E+02   0.88651E-03
   0.67651E+02   0.21030E-03
   0.67732E+02   0.24320E-03
   0.67761E+02   0.18151E-02
   0.67773E+02   0.27393E-05
   0.67896E+02   0.16754E-03
   0.67933E+02   0.72007E-06
   0.68049E+02   0.13454E-10
   0.68249E+02   0.13791E-05
   0.68346E+02   0.56193E-09
   0.68372E+02   0.70294E-05
   0.68448E+02   0.29323E-10
   0.68557E+02   0.12352E-03
   0.68619E+02   0.81780E-09
   0.68668E+02   0.19563E-03
   0.68684E+02   0.33988E-02
   0.68780E+02   0.31531E-03
   0.68820E+02   0.13719E-03
   0.68967E+02   0.48966E-14
   0.69031E+02   0.36018E-04
   0.69032E+02   0.17311E-05
   0.69040E+02   0.49502E-05
   0.69121E+02   0.88411E-03
   0.69146E+02   0.10117E-08
   0.69193E+02   0.13302E-08
   0.69194E+02   0.13424E-07
   0.69251E+02   0.98071E-04
   0.69368E+02   0.11232E-03
   0.69381E+02   0.12113E-06
   0.69501E+02   0.50461E-02
   0.69560E+02   0.74694E-04
   0.69593E+02   0.80383E-05
   0.69605E+02   0.61290E-05
   0.69641E+02   0.70868E-09
   0.69675E+02   0.83480E-02
   0.69708E+02   0.52679E-08
   0.69798E+02   0.15535E-04
   0.69865E+02   0.56084E-04
   0.69969E+02   0.15182E-07
   0.70002E+02   0.44668E-09
   0.70011E+02   0.17755E-05
   0.70014E+02   0.11937E-18
   0.70141E+02   0.10015E-04
   0.70170E+02   0.31871E-04
   0.70185E+02   0.58206E-04
   0.70191E+02   0.24056E-07
   0.70220E+02   0.72885E-05
   0.70231E+02   0.58710E-05
   0.70270E+02   0.17405E-12
   0.70293E+02   0.32772E-03
   0.70333E+02   0.12101E-04
   0.70397E+02   0.71818E-06
   0.70401E+02   0.93277E-04
   0.70437E+02   0.20754E-02
   0.70455E+02   0.51216E-12
   0.70540E+02   0.38684E-04
   0.70645E+02   0.47064E-03
   0.70715E+02   0.27116E-04
   0.70744E+02   0.55972E-12
   0.70787E+02   0.23350E-03
   0.70866E+02   0.57078E-08
   0.71002E+02   0.29380E-12
   0.71024E+02   0.61258E-09
   0.71032E+02   0.54148E-03
   0.71058E+02   0.36346E-05
   0.71069E+02   0.41798E-06
   0.71087E+02   0.11308E-02
   0.71090E+02   0.36378E-06
   0.71289E+02   0.10858E-03
   0.71327E+02   0.62690E-11
   0.71352E+02   0.20501E-11
   0.71361E+02   0.49808E-07
   0.71365E+02   0.88669E-04
   0.71376E+02   0.30368E-10
   0.71418E+02   0.19961E-07
   0.71425E+02   0.13419E-01
   0.71460E+02   0.19185E-04
   0.71468E+02   0.23323E-14
   0.71563E+02   0.37328E-09
   0.71587E+02   0.20582E-07
   0.71670E+02   0.97042E-05
   0.71690E+02   0.71983E-04
   0.71700E+02   0.67884E-05
   0.71796E+02   0.30859E-03
   0.71798E+02   0.68902E-12
   0.71816E+02   0.13620E-03
   0.71865E+02   0.84430E-03
   0.71921E+02   0.78073E-04
   0.71931E+02   0.13902E-06
   0.72116E+02   0.18479E-03
   0.72137E+02   0.22649E-03
   0.72145E+02   0.12287E-02
   0.72150E+02   0.78525E-04
   0.72194E+02   0.96241E-06
   0.72213E+02   0.17931E-03
   0.72257E+02   0.18908E-04
   0.72262E+02   0.60121E-04
   0.72304E+02   0.53777E-15
   0.72408E+02   0.56851E-03
   0.72437E+02   0.29022E-03
   0.72484E+02   0.21194E-03
   0.72512E+02   0.13553E-06
   0.72512E+02   0.69943E-05
   0.72522E+02   0.73882E-04
   0.72525E+02   0.13704E-05
   0.72545E+02   0.10540E-04
   0.72609E+02   0.54414E-11
   0.72620E+02   0.74895E-07
   0.72640E+02   0.46544E-02
   0.72710E+02   0.32838E-03
   0.72715E+02   0.37020E-07
   0.72716E+02   0.59354E-07
   0.72740E+02   0.17482E-04
   0.72792E+02   0.64114E-04
   0.72798E+02   0.16694E-04
   0.72800E+02   0.17878E-12
   0.72865E+02   0.12331E-02
   0.72899E+02   0.42862E-03
   0.72947E+02   0.17288E-03
   0.72987E+02   0.78632E-04
   0.73032E+02   0.29946E-05
   0.73118E+02   0.60761E-04
   0.73290E+02   0.38823E-09
   0.73302E+02   0.76586E-03
   0.73387E+02   0.71801E-06
   0.73407E+02   0.30698E-03
   0.73516E+02   0.46246E-14
   0.73521E+02   0.62986E-03
   0.73645E+02   0.81204E-05
   0.73675E+02   0.10110E-10
   0.73694E+02   0.44469E-04
   0.73773E+02   0.64145E-07
   0.73819E+02   0.87682E-04
   0.73825E+02   0.53377E-04
   0.73956E+02   0.64877E-05
   0.74157E+02   0.65439E-08
   0.74185E+02   0.15525E-09
   0.74296E+02   0.55665E-03
   0.74357E+02   0.22019E-08
   0.74382E+02   0.48101E-02
   0.74391E+02   0.38671E-06
   0.74399E+02   0.23697E-05
   0.74448E+02   0.72609E-03
   0.74453E+02   0.11445E-04
   0.74461E+02   0.31488E-02
   0.74581E+02   0.16023E-08
   0.74594E+02   0.78519E-05
   0.74600E+02   0.24682E-05
   0.74605E+02   0.35992E-06
   0.74661E+02   0.17237E-09
   0.74669E+02   0.41440E-09
   0.74674E+02   0.34796E-03
   0.74693E+02   0.18613E-08
   0.74707E+02   0.88219E-03
   0.74712E+02   0.99562E-04
   0.74767E+02   0.18481E-06
   0.74772E+02   0.76587E-07
   0.74813E+02   0.21057E-14
   0.74832E+02   0.91832E-08
   0.74905E+02   0.30301E-03
   0.75051E+02   0.26667E-11
   0.75082E+02   0.13913E-06
   0.75094E+02   0.20738E-03
   0.75171E+02   0.28391E-04
   0.75224E+02   0.40559E-04
   0.75271E+02   0.26745E-03
   0.75292E+02   0.52645E-12
   0.75296E+02   0.11254E-03
   0.75349E+02   0.17975E-04
   0.75357E+02   0.24825E-03
   0.75453E+02   0.12452E-07
   0.75528E+02   0.10891E-03
   0.75563E+02   0.60694E-03
   0.75623E+02   0.73269E-13
   0.75638E+02   0.77603E-03
   0.75716E+02   0.49457E-09
   0.75731E+02   0.55027E-05
   0.75750E+02   0.59445E-08
   0.75777E+02   0.18286E-02
   0.75806E+02   0.29070E-03
   0.75831E+02   0.25307E-02
   0.75867E+02   0.51237E-04
   0.75900E+02   0.51805E-02
   0.75932E+02   0.39392E-05
   0.75932E+02   0.16039E-03
   0.75987E+02   0.80041E-03
   0.76030E+02   0.73576E-03
   0.76053E+02   0.48550E-15
   0.76092E+02   0.47022E-03
   0.76117E+02   0.56151E-03
   0.76277E+02   0.19568E-02
   0.76388E+02   0.16177E-02
   0.76404E+02   0.17375E-04
   0.76500E+02   0.13830E-03
   0.76510E+02   0.71853E-03
   0.76599E+02   0.28581E-02
   0.76602E+02   0.11357E-03
   0.76656E+02   0.12261E-04
   0.76730E+02   0.45088E-03
   0.76793E+02   0.26262E-04
   0.76809E+02   0.12398E-03
   0.76823E+02   0.11055E-03
   0.76931E+02   0.60529E-11
   0.76979E+02   0.25911E-04
   0.77015E+02   0.17514E-03
   0.77016E+02   0.13202E-02
   0.77156E+02   0.22521E-03
   0.77196E+02   0.25339E-07
   0.77251E+02   0.17880E-02
   0.77300E+02   0.34357E-10
   0.77338E+02   0.72384E-04
   0.77362E+02   0.22406E-07
   0.77363E+02   0.21101E-08
   0.77386E+02   0.80552E-04
   0.77478E+02   0.16921E-06
   0.77615E+02   0.18897E-06
   0.77619E+02   0.49396E-11
   0.77645E+02   0.19096E-02
   0.77661E+02   0.13123E-04
   0.77682E+02   0.69041E-04
   0.77683E+02   0.11649E-04
   0.77698E+02   0.45157E-07
   0.77730E+02   0.62383E-02
   0.77761E+02   0.28714E-05
   0.77785E+02   0.36766E-05
   0.77814E+02   0.17007E-06
   0.77824E+02   0.18686E-03
   0.77921E+02   0.29184E-08
   0.77939E+02   0.75804E-05
   0.77993E+02   0.96118E-05
   0.78171E+02   0.20601E-09
   0.78173E+02   0.76714E-05
   0.78173E+02   0.75918E-03
   0.78174E+02   0.18460E-04
   0.78193E+02   0.48122E-03
   0.78243E+02   0.11831E-05
   0.78312E+02   0.90384E-05
   0.78314E+02   0.19830E-02
   0.78434E+02   0.28924E-03
   0.78439E+02   0.56309E-04
   0.78474E+02   0.33794E-05
   0.78486E+02   0.58157E-03
   0.78524E+02   0.70324E-05
   0.78578E+02   0.96660E-03
   0.78703E+02   0.11622E-03
   0.78715E+02   0.37025E-08
   0.78766E+02   0.53426E-04
   0.78856E+02   0.57891E-06
   0.78897E+02   0.10724E-05
   0.78912E+02   0.12097E-01
   0.78921E+02   0.15328E-06
   0.78943E+02   0.96908E-04
   0.78987E+02   0.12231E-03
   0.79004E+02   0.12887E-05
   0.79011E+02   0.10059E-03
   0.79086E+02   0.18611E-05
   0.79133E+02   0.19536E-04
   0.79184E+02   0.12891E-05
   0.79210E+02   0.93329E-06
   0.79218E+02   0.43250E-11
   0.79221E+02   0.98516E-05
   0.79445E+02   0.86095E-09
   0.79609E+02   0.17994E-07
   0.79626E+02   0.10775E-10
   0.79656E+02   0.34421E-09
   0.79673E+02   0.79618E-08
   0.79764E+02   0.79420E-04
   0.79790E+02   0.94420E-04
   0.79810E+02   0.17785E-03
   0.79812E+02   0.21657E-06
   0.79830E+02   0.49584E-04
   0.79837E+02   0.14941E-03
   0.79948E+02   0.85761E-04
   0.79969E+02   0.53010E-04
   0.79974E+02   0.64953E-03
   0.80050E+02   0.52189E-14
   0.80138E+02   0.12475E-03
   0.80232E+02   0.22252E-04
   0.80280E+02   0.44116E-05
   0.80308E+02   0.48057E-04
   0.80480E+02   0.43180E-04
   0.80504E+02   0.56225E-03
   0.80584E+02   0.18982E-08
   0.80585E+02   0.81390E-08
   0.80596E+02   0.10455E-03
   0.80632E+02   0.57886E-04
   0.80643E+02   0.22639E-03
   0.80685E+02   0.82565E-04
   0.80694E+02   0.25951E-08
   0.80748E+02   0.23218E-08
   0.80763E+02   0.37547E-04
   0.80884E+02   0.49217E-04
   0.81034E+02   0.30379E-03
   0.81038E+02   0.67529E-06
   0.81091E+02   0.69652E-07
   0.81144E+02   0.11174E-04
   0.81190E+02   0.44405E-03
   0.81253E+02   0.26211E-06
   0.81259E+02   0.79658E-14
   0.81404E+02   0.27511E-13
   0.81457E+02   0.58195E-04
   0.81558E+02   0.87835E-08
   0.81669E+02   0.73878E-04
   0.81736E+02   0.31327E-02
   0.81834E+02   0.84278E-04
   0.81891E+02   0.28611E-04
   0.81903E+02   0.16233E-03
   0.82016E+02   0.13613E-03
   0.82060E+02   0.51389E-05
   0.82185E+02   0.93747E-06
   0.82198E+02   0.30452E-03
   0.82218E+02   0.32519E-03
   0.82263E+02   0.43708E-05
   0.82272E+02   0.17803E-07
   0.82295E+02   0.34558E-04
   0.82304E+02   0.28020E-07
   0.82318E+02   0.31380E-08
   0.82365E+02   0.59611E-08
   0.82392E+02   0.48097E-05
   0.82396E+02   0.64500E-03
   0.82405E+02   0.15973E-03
   0.82411E+02   0.40807E-10
   0.82490E+02   0.19004E-04
   0.82519E+02   0.24959E-04
   0.82621E+02   0.55183E-07
   0.82655E+02   0.45265E-07
   0.82668E+02   0.54553E-03
   0.82672E+02   0.21680E-05
   0.82677E+02   0.16071E-04
   0.82690E+02   0.16227E-03
   0.82750E+02   0.36714E-04
   0.82762E+02   0.74635E-06
   0.82801E+02   0.29407E-03
   0.82822E+02   0.16943E-05
   0.82824E+02   0.92739E-16
   0.82846E+02   0.49712E-07
   0.82902E+02   0.12165E-06
   0.82935E+02   0.41436E-05
   0.82941E+02   0.33977E-06
   0.82993E+02   0.67497E-07
   0.83020E+02   0.10800E-06
   0.83036E+02   0.63743E-13
   0.83041E+02   0.13277E-02
   0.83052E+02   0.32760E-03
   0.83107E+02   0.77740E-03
   0.83126E+02   0.87336E-04
   0.83139E+02   0.13507E-07
   0.83171E+02   0.57147E-13
   0.83184E+02   0.82270E-05
   0.83196E+02   0.47854E-08
   0.83216E+02   0.29327E-07
   0.83250E+02   0.89706E-04
   0.83256E+02   0.19479E-04
   0.83324E+02   0.25412E-04
   0.83374E+02   0.59640E-04
   0.83409E+02   0.20627E-03
   0.83476E+02   0.23541E-10
   0.83498E+02   0.46708E-03
   0.83523E+02   0.35952E-04
   0.83539E+02   0.11699E-03
   0.83562E+02   0.37321E-04
   0.83652E+02   0.51503E-14
   0.83682E+02   0.20835E-06
   0.83740E+02   0.91379E-12
   0.83830E+02   0.10521E-11
   0.83935E+02   0.12761E-03
   0.84048E+02   0.13048E-12
   0.84145E+02   0.36480E-06
   0.84180E+02   0.10650E-03
   0.84224E+02   0.42776E-10
   0.84242E+02   0.37757E-08
   0.84259E+02   0.95616E-10
   0.84335E+02   0.67335E-15
   0.84368E+02   0.29507E-04
   0.84446E+02   0.49157E-05
   0.84603E+02   0.14102E-03
   0.84638E+02   0.40958E-04
   0.84747E+02   0.13127E-05
   0.84788E+02   0.68369E-04
   0.84827E+02   0.44854E-04
   0.85015E+02   0.15716E-03
   0.85035E+02   0.37197E-04
   0.85042E+02   0.27170E-11
   0.85056E+02   0.41552E-03
   0.85074E+02   0.13560E-03
   0.85076E+02   0.36720E-07
   0.85092E+02   0.15573E-06
   0.85097E+02   0.47110E-09
   0.85135E+02   0.30670E-04
   0.85333E+02   0.79890E-04
   0.85376E+02   0.25451E-13
   0.85386E+02   0.26236E-04
   0.85404E+02   0.78877E-08
   0.85405E+02   0.58688E-08
   0.85423E+02   0.60599E-03
   0.85457E+02   0.26737E-04
   0.85480E+02   0.12119E-02
   0.85574E+02   0.88536E-03
   0.85582E+02   0.10302E-08
   0.85636E+02   0.11582E-04
   0.85691E+02   0.49223E-03
   0.85802E+02   0.15354E-02
   0.85898E+02   0.20918E-04
   0.85927E+02   0.49711E-04
   0.85953E+02   0.22001E-02
   0.86031E+02   0.77127E-03
   0.86137E+02   0.42512E-06
   0.86248E+02   0.85205E-08
   0.86303E+02   0.17479E-14
   0.86318E+02   0.11370E-04
   0.86333E+02   0.23919E-04
   0.86335E+02   0.10454E-02
   0.86403E+02   0.66594E-06
   0.86429E+02   0.50981E-09
   0.86537E+02   0.35151E-12
   0.86616E+02   0.15827E-03
   0.86648E+02   0.24197E-08
   0.86860E+02   0.41421E-03
   0.86861E+02   0.64549E-06
   0.87083E+02   0.13198E-07
   0.87106E+02   0.25424E-04
   0.87406E+02   0.14665E-04
   0.87597E+02   0.27127E-13
   0.87658E+02   0.72137E-04
   0.87662E+02   0.16672E-03
   0.87665E+02   0.12207E-07
   0.87671E+02   0.85802E-04
   0.87784E+02   0.95032E-04
   0.87813E+02   0.75712E-07
   0.87864E+02   0.85430E-03
   0.87948E+02   0.82170E-06
   0.87959E+02   0.10511E-05
   0.87963E+02   0.31283E-03
   0.87978E+02   0.31360E-05
   0.87987E+02   0.12402E-04
   0.88244E+02   0.80774E-11
   0.88315E+02   0.40598E-05
   0.88348E+02   0.72010E-05
   0.88352E+02   0.17299E-03
   0.88364E+02   0.66901E-02
   0.88397E+02   0.15180E-13
   0.88576E+02   0.47953E-04
   0.88581E+02   0.16418E-05
   0.88709E+02   0.27142E-02
   0.88714E+02   0.13888E-13
   0.88730E+02   0.19628E-02
   0.88816E+02   0.28807E-07
   0.88828E+02   0.49046E-07
   0.88883E+02   0.22102E-04
   0.88916E+02   0.21725E-03
   0.88956E+02   0.19615E-08
   0.88959E+02   0.75098E-08
   0.89053E+02   0.23214E-03
   0.89062E+02   0.12259E-03
   0.89176E+02   0.72110E-10
   0.89185E+02   0.37364E-06
   0.89207E+02   0.12077E-04
   0.89225E+02   0.53713E-05
   0.89322E+02   0.20546E-05
   0.89419E+02   0.73782E-09
   0.89498E+02   0.18724E-03
   0.89542E+02   0.58830E-11
   0.89600E+02   0.44882E-04
   0.89601E+02   0.94569E-07
   0.89659E+02   0.11985E-04
   0.89685E+02   0.81919E-06
   0.89829E+02   0.48678E-08
   0.89857E+02   0.11703E-11
   0.89886E+02   0.46033E-03
   0.89902E+02   0.22794E-03
   0.90017E+02   0.52130E-02
   0.90025E+02   0.27197E-06
   0.90090E+02   0.79202E-07
   0.90231E+02   0.15364E-06
   0.90267E+02   0.10847E-02
   0.90370E+02   0.74496E-04
   0.90378E+02   0.56132E-08
   0.90469E+02   0.68454E-04
   0.90494E+02   0.10441E-03
   0.90601E+02   0.10962E-02
   0.90630E+02   0.37682E-06
   0.90641E+02   0.16894E-07
   0.90663E+02   0.51877E-05
   0.90678E+02   0.51847E-04
   0.90745E+02   0.10471E-03
   0.90790E+02   0.51905E-06
   0.90807E+02   0.35202E-06
   0.90818E+02   0.95126E-07
   0.91057E+02   0.16428E-04
   0.91098E+02   0.18030E-05
   0.91110E+02   0.25307E-05
   0.91120E+02   0.80305E-03
   0.91141E+02   0.49450E-04
   0.91188E+02   0.93863E-04
   0.91197E+02   0.15114E-03
   0.91240E+02   0.11806E-07
   0.91260E+02   0.78003E-06
   0.91397E+02   0.16529E-08
   0.91429E+02   0.14193E-06
   0.91452E+02   0.49886E-09
   0.91460E+02   0.76842E-12
   0.91461E+02   0.88729E-09
   0.91544E+02   0.74425E-09
   0.91639E+02   0.21790E-03
   0.91792E+02   0.13351E-09
   0.91864E+02   0.19614E-11
   0.91875E+02   0.11596E-07
   0.91914E+02   0.35541E-11
   0.91975E+02   0.53553E-05
   0.91981E+02   0.44919E-05
   0.91994E+02   0.22725E-04
   0.92036E+02   0.11037E-04
   0.92112E+02   0.92130E-05
   0.92173E+02   0.16118E-03
   0.92223E+02   0.16377E-14
   0.92314E+02   0.41017E-04
   0.92357E+02   0.13201E-03
   0.92410E+02   0.25557E-05
   0.92499E+02   0.29019E-03
   0.92502E+02   0.84201E-10
   0.92540E+02   0.25359E-08
   0.92561E+02   0.56589E-04
   0.92569E+02   0.21240E-03
   0.92618E+02   0.19448E-04
   0.92751E+02   0.47651E-05
   0.92778E+02   0.32421E-06
   0.92814E+02   0.28910E-07
   0.92824E+02   0.10900E-03
   0.92849E+02   0.54085E-09
   0.92943E+02   0.14038E-08
   0.92959E+02   0.26175E-05
   0.92997E+02   0.14140E-05
   0.93031E+02   0.34886E-09
   0.93037E+02   0.53223E-04
   0.93039E+02   0.14355E-08
   0.93105E+02   0.21049E-08
   0.93108E+02   0.30508E-04
   0.93120E+02   0.79111E-04
   0.93148E+02   0.98656E-05
   0.93367E+02   0.11845E-06
   0.93377E+02   0.31094E-04
   0.93397E+02   0.83195E-05
   0.93431E+02   0.63148E-04
   0.93500E+02   0.53168E-05
   0.93511E+02   0.10886E-06
   0.93529E+02   0.53750E-06
   0.93574E+02   0.88967E-05
   0.93584E+02   0.48918E-05
   0.93620E+02   0.14789E-03
   0.93628E+02   0.92302E-03
   0.93635E+02   0.15099E-03
   0.93649E+02   0.41214E-02
   0.93685E+02   0.40293E-04
   0.93690E+02   0.30283E-09
   0.93700E+02   0.71672E-05
   0.93706E+02   0.22235E-06
   0.93706E+02   0.11781E-03
   0.93736E+02   0.18807E-03
   0.93812E+02   0.65840E-04
   0.93823E+02   0.73824E-06
   0.93837E+02   0.32502E-05
   0.93854E+02   0.76710E-06
   0.93958E+02   0.60505E-06
   0.94079E+02   0.48438E-08
   0.94088E+02   0.30370E-03
   0.94119E+02   0.74555E-06
   0.94120E+02   0.72777E-03
   0.94124E+02   0.24547E-05
   0.94169E+02   0.21663E-05
   0.94236E+02   0.53410E-04
   0.94331E+02   0.80915E-06
   0.94346E+02   0.10553E-07
   0.94415E+02   0.19797E-08
   0.94436E+02   0.65516E-04
   0.94464E+02   0.20108E-10
   0.94478E+02   0.48735E-04
   0.94538E+02   0.11292E-03
   0.94550E+02   0.99662E-07
   0.94551E+02   0.10123E-07
   0.94582E+02   0.76837E-04
   0.94614E+02   0.21434E-06
   0.94790E+02   0.89587E-06
   0.94803E+02   0.12722E-06
   0.94835E+02   0.24446E-10
   0.94919E+02   0.16339E-07
   0.94923E+02   0.23201E-05
   0.94965E+02   0.35419E-08
   0.94972E+02   0.32691E-04
   0.95005E+02   0.94446E-06
   0.95018E+02   0.57264E-13
   0.95046E+02   0.58944E-03
   0.95085E+02   0.14468E-04
   0.95100E+02   0.10445E-06
   0.95101E+02   0.28263E-07
   0.95209E+02   0.10119E-10
   0.95254E+02   0.61882E-03
   0.95256E+02   0.54743E-07
   0.95336E+02   0.42758E-03
   0.95483E+02   0.55089E-04
   0.95586E+02   0.33699E-05
   0.95641E+02   0.62356E-06
   0.95671E+02   0.80979E-06
   0.95677E+02   0.11091E-03
   0.95750E+02   0.52452E-07
   0.95771E+02   0.13997E-08
   0.95779E+02   0.78080E-03
   0.95802E+02   0.48121E-16
   0.95835E+02   0.40941E-06
   0.95840E+02   0.18354E-03
   0.95893E+02   0.29228E-04
   0.95912E+02   0.91571E-04
   0.96018E+02   0.65383E-03
   0.96170E+02   0.97592E-04
   0.96210E+02   0.42131E-04
   0.96266E+02   0.14891E-04
   0.96279E+02   0.23570E-08
   0.96303E+02   0.15793E-05
   0.96316E+02   0.77430E-07
   0.96353E+02   0.12955E-02
   0.96375E+02   0.46259E-04
   0.96392E+02   0.39652E-04
   0.96393E+02   0.23468E-04
   0.96433E+02   0.19968E-09
   0.96506E+02   0.21018E-07
   0.96522E+02   0.15253E-03
   0.96524E+02   0.28233E-07
   0.96548E+02   0.13058E-10
   0.96573E+02   0.60825E-11
   0.96597E+02   0.24303E-08
   0.96657E+02   0.89691E-17
   0.96675E+02   0.26778E-09
   0.96694E+02   0.32716E-09
   0.96731E+02   0.29135E-04
   0.96749E+02   0.17472E-04
   0.96777E+02   0.81718E-06
   0.96799E+02   0.19710E-03
   0.96841E+02   0.10046E-04
   0.96889E+02   0.10585E-03
   0.96901E+02   0.11857E-13
   0.96911E+02   0.34301E-04
   0.96937E+02   0.43721E-03
   0.97014E+02   0.83182E-06
   0.97044E+02   0.26120E-06
   0.97063E+02   0.12484E-10
   0.97088E+02   0.39066E-04
   0.97090E+02   0.43657E-04
   0.97091E+02   0.57379E-10
   0.97104E+02   0.24364E-05
   0.97156E+02   0.93276E-04
   0.97230E+02   0.39549E-06
   0.97233E+02   0.30216E-05
   0.97252E+02   0.12838E-09
   0.97300E+02   0.85978E-10
   0.97343E+02   0.16545E-06
   0.97345E+02   0.61158E-05
   0.97347E+02   0.20634E-12
   0.97410E+02   0.21867E-04
   0.97587E+02   0.21093E-08
   0.97634E+02   0.47344E-13
   0.97635E+02   0.62826E-04
   0.97892E+02   0.17799E-04
   0.97909E+02   0.17202E-03
   0.97928E+02   0.41087E-03
   0.97976E+02   0.13219E-12
   0.98066E+02   0.59785E-10
   0.98077E+02   0.74869E-04
   0.98112E+02   0.24021E-12
   0.98113E+02   0.27868E-10
   0.98145E+02   0.13468E-04
   0.98157E+02   0.16171E-11
   0.98242E+02   0.48525E-06
   0.98265E+02   0.10075E-06
   0.98273E+02   0.21002E-05
   0.98401E+02   0.12499E-09
   0.98436E+02   0.27193E-02
   0.98474E+02   0.91092E-03
   0.98569E+02   0.25901E-05
   0.98580E+02   0.61068E-09
   0.98590E+02   0.64144E-06
   0.98743E+02   0.38544E-05
   0.99148E+02   0.10127E-03
   0.99166E+02   0.33758E-04
   0.99195E+02   0.67120E-05
   0.99196E+02   0.21990E-03
   0.99202E+02   0.19627E-04
   0.99302E+02   0.30879E-02
   0.99320E+02   0.80766E-05
   0.99403E+02   0.29690E-11
   0.99518E+02   0.33198E-04
   0.99535E+02   0.11582E-02
   0.99565E+02   0.12506E-03
   0.99596E+02   0.11041E-05
   0.99604E+02   0.93572E-13
   0.99658E+02   0.59124E-05
   0.99677E+02   0.56248E-04
   0.99691E+02   0.24392E-04
   0.99770E+02   0.75601E-08
   0.99779E+02   0.16233E-03
   0.99924E+02   0.11359E-10
   0.99999E+02   0.40673E-11
   0.10002E+03   0.33453E-04
   0.10010E+03   0.11584E-03
   0.10012E+03   0.12588E-09
   0.10015E+03   0.74973E-07
   0.10015E+03   0.19141E-07
   0.10030E+03   0.39176E-04
   0.10054E+03   0.55323E-03
   0.10057E+03   0.33789E-06
   0.10057E+03   0.88384E-05
   0.10058E+03   0.61669E-13
   0.10069E+03   0.17984E-05
   0.10069E+03   0.12579E-04
   0.10070E+03   0.14651E-03
   0.10075E+03   0.26146E-08
   0.10076E+03   0.20637E-10
   0.10082E+03   0.39955E-05
   0.10087E+03   0.48679E-03
   0.10094E+03   0.19786E-07
   0.10095E+03   0.31470E-09
   0.10099E+03   0.19623E-04
   0.10108E+03   0.14314E-10
   0.10115E+03   0.22503E-08
   0.10115E+03   0.56760E-08
   0.10121E+03   0.68861E-04
   0.10122E+03   0.67395E-09
   0.10122E+03   0.40772E-03
   0.10123E+03   0.42306E-07
   0.10123E+03   0.81274E-04
   0.10129E+03   0.94920E-04
   0.10134E+03   0.30265E-04
   0.10135E+03   0.26321E-04
   0.10136E+03   0.33269E-04
   0.10146E+03   0.68310E-13
   0.10149E+03   0.72722E-11
   0.10154E+03   0.81704E-05
   0.10156E+03   0.28488E-03
   0.10158E+03   0.49746E-08
   0.10160E+03   0.72733E-04
   0.10161E+03   0.15648E-02
   0.10162E+03   0.18446E-03
   0.10178E+03   0.57870E-07
   0.10178E+03   0.62833E-03
   0.10179E+03   0.36441E-05
   0.10182E+03   0.27870E-03
   0.10183E+03   0.13089E-04
   0.10187E+03   0.64932E-04
   0.10190E+03   0.67565E-04
   0.10196E+03   0.19025E-08
   0.10197E+03   0.91309E-08
   0.10204E+03   0.76923E-04
   0.10208E+03   0.14941E-03
   0.10214E+03   0.53042E-04
   0.10221E+03   0.21082E-04
   0.10224E+03   0.70696E-05
   0.10225E+03   0.11127E-12
   0.10229E+03   0.81458E-03
   0.10242E+03   0.55267E-04
   0.10248E+03   0.26264E-03
   0.10249E+03   0.82797E-15
   0.10252E+03   0.41900E-07
   0.10252E+03   0.16144E-06
   0.10262E+03   0.68280E-04
   0.10264E+03   0.33346E-04
   0.10267E+03   0.14436E-02
   0.10268E+03   0.63913E-03
   0.10273E+03   0.99935E-13
   0.10275E+03   0.42721E-04
   0.10280E+03   0.35069E-04
   0.10283E+03   0.10270E-03
   0.10284E+03   0.10425E-07
   0.10287E+03   0.32311E-05
   0.10288E+03   0.11169E-04
   0.10288E+03   0.83154E-13
   0.10295E+03   0.33773E-08
   0.10296E+03   0.26423E-03
   0.10300E+03   0.20892E-09
   0.10306E+03   0.27811E-04
   0.10315E+03   0.66975E-09
   0.10319E+03   0.19678E-03
   0.10319E+03   0.20629E-13
   0.10336E+03   0.10796E-03
   0.10337E+03   0.21562E-08
   0.10339E+03   0.36582E-05
   0.10346E+03   0.11324E-03
   0.10352E+03   0.55591E-05
   0.10354E+03   0.24746E-02
   0.10364E+03   0.10511E-07
   0.10377E+03   0.71114E-06
   0.10383E+03   0.18987E-03
   0.10391E+03   0.86898E-03
   0.10394E+03   0.29803E-04
   0.10401E+03   0.23777E-03
   0.10401E+03   0.25914E-04
   0.10408E+03   0.30343E-05
   0.10420E+03   0.30614E-04
   0.10424E+03   0.26702E-03
   0.10429E+03   0.22765E-04
   0.10437E+03   0.28049E-06
   0.10449E+03   0.36721E-03
   0.10454E+03   0.46711E-06
   0.10465E+03   0.75666E-10
   0.10479E+03   0.26111E-11
   0.10480E+03   0.13572E-13
   0.10495E+03   0.27576E-05
   0.10495E+03   0.21368E-08
   0.10503E+03   0.10011E-03
   0.10503E+03   0.11514E-03
   0.10504E+03   0.19847E-04
   0.10505E+03   0.50835E-06
   0.10506E+03   0.40526E-03
   0.10508E+03   0.30381E-04
   0.10512E+03   0.29982E-04
   0.10513E+03   0.67224E-03
   0.10518E+03   0.11791E-03
   0.10519E+03   0.42814E-13
   0.10520E+03   0.20243E-05
   0.10523E+03   0.45784E-05
   0.10529E+03   0.12122E-04
   0.10530E+03   0.24910E-10
   0.10531E+03   0.34367E-08
   0.10531E+03   0.33849E-04
   0.10541E+03   0.53226E-12
   0.10543E+03   0.85509E-04
   0.10551E+03   0.91926E-17
   0.10553E+03   0.22545E-13
   0.10558E+03   0.78251E-05
   0.10567E+03   0.52057E-04
   0.10573E+03   0.50757E-10
   0.10574E+03   0.84642E-05
   0.10580E+03   0.79075E-04
   0.10582E+03   0.30341E-08
   0.10584E+03   0.14741E-03
   0.10587E+03   0.92673E-04
   0.10598E+03   0.88899E-06
   0.10598E+03   0.59588E-04
   0.10600E+03   0.24410E-04
   0.10603E+03   0.80232E-04
   0.10611E+03   0.25730E-03
   0.10612E+03   0.61468E-08
   0.10612E+03   0.94010E-05
   0.10613E+03   0.49258E-04
   0.10616E+03   0.16814E-04
   0.10616E+03   0.10713E-12
   0.10618E+03   0.68477E-10
   0.10619E+03   0.16610E-03
   0.10619E+03   0.64381E-09
   0.10620E+03   0.19339E-09
   0.10623E+03   0.68660E-03
   0.10623E+03   0.10305E-07
   0.10627E+03   0.10872E-04
   0.10628E+03   0.65864E-04
   0.10639E+03   0.16391E-04
   0.10640E+03   0.54258E-07
   0.10641E+03   0.13726E-06
   0.10645E+03   0.75954E-09
   0.10646E+03   0.22849E-09
   0.10647E+03   0.21764E-03
   0.10654E+03   0.14268E-03
   0.10660E+03   0.83367E-05
   0.10661E+03   0.12378E-04
   0.10663E+03   0.57784E-04
   0.10664E+03   0.14412E-02
   0.10665E+03   0.15321E-06
   0.10666E+03   0.27717E-05
   0.10672E+03   0.46028E-06
   0.10673E+03   0.29826E-06
   0.10676E+03   0.26011E-04
   0.10682E+03   0.32268E-04
   0.10683E+03   0.30572E-05
   0.10684E+03   0.14464E-07
   0.10685E+03   0.14476E-04
   0.10685E+03   0.10147E-06
   0.10688E+03   0.17935E-08
   0.10691E+03   0.56461E-07
   0.10691E+03   0.17667E-07
   0.10692E+03   0.75185E-04
   0.10693E+03   0.12074E-03
   0.10697E+03   0.77493E-04
   0.10705E+03   0.55228E-04
   0.10714E+03   0.56143E-04
   0.10715E+03   0.70017E-06
   0.10721E+03   0.13021E-04
   0.10722E+03   0.75110E-07
   0.10735E+03   0.50056E-04
   0.10738E+03   0.64453E-03
   0.10740E+03   0.58347E-08
   0.10745E+03   0.12978E-05
   0.10751E+03   0.49058E-05
   0.10752E+03   0.13220E-09
   0.10760E+03   0.14065E-07
   0.10766E+03   0.65728E-09
   0.10772E+03   0.11768E-08
   0.10772E+03   0.13564E-08
   0.10775E+03   0.37868E-03
   0.10782E+03   0.12493E-09
   0.10783E+03   0.56082E-14
   0.10794E+03   0.16461E-03
   0.10801E+03   0.70052E-05
   0.10804E+03   0.19013E-04
   0.10811E+03   0.17386E-09
   0.10812E+03   0.86251E-03
   0.10824E+03   0.45472E-03
   0.10825E+03   0.16504E-03
   0.10832E+03   0.14939E-03
   0.10832E+03   0.46532E-04
   0.10835E+03   0.47105E-04
   0.10839E+03   0.81548E-04
   0.10844E+03   0.27713E-14
   0.10857E+03   0.99835E-04
   0.10858E+03   0.20335E-03
   0.10859E+03   0.23139E-05
   0.10860E+03   0.30785E-17
   0.10866E+03   0.55415E-09
   0.10868E+03   0.45821E-04
   0.10870E+03   0.10766E-03
   0.10876E+03   0.10461E-04
   0.10882E+03   0.43820E-09
   0.10884E+03   0.31574E-15
   0.10893E+03   0.81427E-04
   0.10900E+03   0.13695E-04
   0.10901E+03   0.16142E-04
   0.10904E+03   0.58415E-04
   0.10908E+03   0.35864E-10
   0.10910E+03   0.44836E-03
   0.10918E+03   0.10078E-03
   0.10918E+03   0.72359E-04
   0.10920E+03   0.48667E-04
   0.10921E+03   0.20267E-03
   0.10930E+03   0.10803E-09
   0.10941E+03   0.63881E-10
   0.10944E+03   0.10287E-03
   0.10946E+03   0.61022E-09
   0.10962E+03   0.13438E-03
   0.10966E+03   0.72396E-08
   0.10967E+03   0.15903E-05
   0.10972E+03   0.58821E-05
   0.10978E+03   0.11030E-02
   0.10980E+03   0.18389E-03
   0.10983E+03   0.68509E-06
   0.10983E+03   0.15974E-03
   0.10987E+03   0.69899E-04
   0.10989E+03   0.89494E-10
   0.11001E+03   0.45983E-13
   0.11024E+03   0.28580E-10
   0.11025E+03   0.20139E-11
   0.11029E+03   0.13103E-08
   0.11029E+03   0.76067E-04
   0.11033E+03   0.68438E-06
   0.11044E+03   0.27360E-05
   0.11050E+03   0.14138E-08
   0.11050E+03   0.55762E-03
   0.11056E+03   0.38094E-07
   0.11068E+03   0.61415E-04
   0.11070E+03   0.32225E-03
   0.11071E+03   0.16824E-03
   0.11076E+03   0.16880E-10
   0.11091E+03   0.70760E-04
   0.11093E+03   0.27302E-11
   0.11106E+03   0.20195E-02
   0.11116E+03   0.20517E-03
   0.11124E+03   0.75389E-04
   0.11126E+03   0.21229E-04
   0.11136E+03   0.40280E-04
   0.11138E+03   0.95617E-03
   0.11149E+03   0.19673E-09
   0.11158E+03   0.97426E-04
   0.11160E+03   0.12295E-03
   0.11166E+03   0.18194E-04
   0.11178E+03   0.20760E-03
   0.11183E+03   0.19272E-09
   0.11184E+03   0.58904E-04
   0.11193E+03   0.67644E-04
   0.11193E+03   0.56012E-09
   0.11209E+03   0.97330E-09
   0.11230E+03   0.18793E-03
   0.11242E+03   0.14917E-03
   0.11243E+03   0.21867E-10
   0.11246E+03   0.32794E-10
   0.11249E+03   0.61917E-11
   0.11252E+03   0.19811E-06
   0.11260E+03   0.74645E-03
   0.11272E+03   0.87503E-04
   0.11276E+03   0.34821E-09
   0.11280E+03   0.21942E-03
   0.11284E+03   0.20292E-04
   0.11291E+03   0.90859E-11
   0.11297E+03   0.72868E-12
   0.11298E+03   0.54873E-05
   0.11299E+03   0.95210E-05
   0.11309E+03   0.67112E-04
   0.11311E+03   0.15257E-03
   0.11314E+03   0.72163E-10
   0.11322E+03   0.37398E-08
   0.11322E+03   0.29163E-03
   0.11329E+03   0.15500E-06
   0.11330E+03   0.51992E-07
   0.11349E+03   0.75664E-15
   0.11365E+03   0.67499E-04
   0.11370E+03   0.25168E-09
   0.11381E+03   0.25481E-03
   0.11382E+03   0.59735E-04
   0.11411E+03   0.42197E-03
   0.11416E+03   0.23196E-09
   0.11422E+03   0.10120E-08
   0.11462E+03   0.11279E-03
   0.11469E+03   0.14294E-04
   0.11478E+03   0.72228E-09
   0.11485E+03   0.31543E-05
   0.11490E+03   0.13563E-03
   0.11494E+03   0.54454E-10
   0.11497E+03   0.30814E-04
   0.11503E+03   0.12740E-03
   0.11527E+03   0.12463E-03
   0.11527E+03   0.16371E-03
   0.11540E+03   0.45536E-03
   0.11543E+03   0.36864E-05
   0.11545E+03   0.13078E-10
   0.11553E+03   0.41920E-03
   0.11554E+03   0.68687E-05
   0.11561E+03   0.68784E-04
   0.11562E+03   0.13396E-03
   0.11568E+03   0.43155E-09
   0.11569E+03   0.38055E-04
   0.11570E+03   0.13114E-03
   0.11574E+03   0.13897E-07
   0.11583E+03   0.27564E-08
   0.11585E+03   0.24543E-03
   0.11586E+03   0.62276E-03
   0.11595E+03   0.23574E-04
   0.11597E+03   0.17390E-04
   0.11607E+03   0.15491E-10
   0.11611E+03   0.12195E-03
   0.11614E+03   0.32018E-03
   0.11616E+03   0.44594E-05
   0.11624E+03   0.34381E-10
   0.11628E+03   0.19702E-10
   0.11629E+03   0.91052E-03
   0.11630E+03   0.75470E-04
   0.11647E+03   0.39259E-09
   0.11648E+03   0.95508E-04
   0.11648E+03   0.73356E-07
   0.11651E+03   0.91754E-04
   0.11652E+03   0.25386E-07
   0.11654E+03   0.12600E-04
   0.11654E+03   0.38410E-04
   0.11663E+03   0.11743E-03
   0.11668E+03   0.10308E-04
   0.11672E+03   0.23533E-04
   0.11681E+03   0.76552E-11
   0.11685E+03   0.69625E-04
   0.11685E+03   0.14459E-04
   0.11693E+03   0.96412E-04
   0.11696E+03   0.73009E-10
   0.11703E+03   0.11412E-03
   0.11728E+03   0.83196E-08
   0.11729E+03   0.10367E-02
   0.11729E+03   0.61715E-04
   0.11730E+03   0.10251E-11
   0.11733E+03   0.35509E-04
   0.11742E+03   0.14828E-06
   0.11743E+03   0.12182E-03
   0.11743E+03   0.96895E-04
   0.11748E+03   0.11674E-03
   0.11755E+03   0.33289E-04
   0.11761E+03   0.17523E-12
   0.11791E+03   0.10024E-03
   0.11796E+03   0.25580E-03
   0.11798E+03   0.66941E-10
   0.11803E+03   0.69972E-04
   0.11806E+03   0.24286E-03
   0.11814E+03   0.12042E-03
   0.11818E+03   0.94598E-07
   0.11819E+03   0.17661E-11
   0.11827E+03   0.11212E-04
   0.11830E+03   0.98504E-04
   0.11837E+03   0.54116E-03
   0.11854E+03   0.10406E-09
   0.11858E+03   0.61482E-04
   0.11866E+03   0.76456E-11
   0.11876E+03   0.74882E-04
   0.11885E+03   0.26678E-04
   0.11887E+03   0.64961E-03
   0.11898E+03   0.98729E-11
   0.11906E+03   0.85807E-10
   0.11913E+03   0.58817E-04
   0.11923E+03   0.93590E-13
   0.11923E+03   0.95158E-03
   0.11924E+03   0.26781E-08
   0.11936E+03   0.74354E-04
   0.11937E+03   0.87768E-04
   0.11941E+03   0.34432E-05
   0.11943E+03   0.12056E-03
   0.11944E+03   0.12976E-03
   0.11953E+03   0.11918E-03
   0.11956E+03   0.13427E-05
   0.11960E+03   0.22678E-12
   0.11962E+03   0.10042E-03
   0.11969E+03   0.42090E-04
   0.11970E+03   0.23799E-07
   0.11981E+03   0.80963E-04
   0.11984E+03   0.72573E-04
   0.11985E+03   0.49305E-09
   0.11985E+03   0.71145E-15
   0.11993E+03   0.17548E-03
   0.12001E+03   0.10223E-03
   0.12005E+03   0.23344E-04
   0.12006E+03   0.59275E-09
   0.12017E+03   0.20037E-03
   0.12018E+03   0.78476E-05
   0.12021E+03   0.92558E-09
   0.12022E+03   0.56800E-04
   0.12024E+03   0.91987E-05
   0.12043E+03   0.14638E-03
   0.12049E+03   0.13602E-03
   0.12049E+03   0.12424E-03
   0.12051E+03   0.10852E-09
   0.12052E+03   0.23125E-07
   0.12053E+03   0.20057E-04
   0.12056E+03   0.27130E-04
   0.12059E+03   0.21907E-03
   0.12060E+03   0.18789E-08
   0.12062E+03   0.57135E-03
   0.12064E+03   0.34378E-06
   0.12070E+03   0.23419E-06
   0.12086E+03   0.70575E-09
   0.12087E+03   0.46766E-03
   0.12087E+03   0.50243E-05
   0.12088E+03   0.66606E-10
   0.12095E+03   0.13398E-03
   0.12102E+03   0.91622E-04
   0.12103E+03   0.20032E-04
   0.12103E+03   0.34801E-06
   0.12106E+03   0.20935E-07
   0.12110E+03   0.75539E-03
   0.12127E+03   0.54062E-09
   0.12127E+03   0.59344E-04
   0.12146E+03   0.17604E-03
   0.12149E+03   0.38583E-03
   0.12150E+03   0.13136E-08
   0.12152E+03   0.25851E-04
   0.12163E+03   0.49546E-14
   0.12168E+03   0.54749E-04
   0.12175E+03   0.83780E-09
   0.12175E+03   0.13711E-03
   0.12180E+03   0.13810E-03
   0.12187E+03   0.11459E-10
   0.12196E+03   0.67250E-10
   0.12200E+03   0.20568E-02
   0.12212E+03   0.49283E-04
   0.12222E+03   0.82835E-04
   0.12231E+03   0.17098E-03
   0.12237E+03   0.82708E-09
   0.12244E+03   0.59828E-18
   0.12272E+03   0.49020E-04
   0.12275E+03   0.19865E-04
   0.12277E+03   0.16633E-09
   0.12288E+03   0.87877E-05
   0.12318E+03   0.31304E-04
   0.12321E+03   0.10626E-09
   0.12322E+03   0.19498E-05
   0.12328E+03   0.18073E-04
   0.12339E+03   0.40968E-10
   0.12346E+03   0.82411E-03
   0.12356E+03   0.33697E-03
   0.12358E+03   0.45742E-04
   0.12369E+03   0.31906E-10
   0.12382E+03   0.15531E-11
   0.12396E+03   0.15499E-10
   0.12399E+03   0.56836E-04
   0.12400E+03   0.97372E-05
   0.12413E+03   0.47563E-05
   0.12416E+03   0.53867E-08
   0.12416E+03   0.26609E-04
   0.12436E+03   0.18750E-09
   0.12439E+03   0.21218E-03
   0.12449E+03   0.78542E-04
   0.12459E+03   0.34112E-10
   0.12464E+03   0.62760E-10
   0.12487E+03   0.17186E-06
   0.12487E+03   0.35245E-04
   0.12492E+03   0.65602E-04
   0.12514E+03   0.16079E-03
   0.12518E+03   0.74632E-04
   0.12532E+03   0.37317E-03
   0.12532E+03   0.11133E-03
   0.12537E+03   0.16809E-04
   0.12544E+03   0.37168E-04
   0.12551E+03   0.20853E-10
   0.12551E+03   0.12125E-09
   0.12553E+03   0.10922E-07
   0.12558E+03   0.39889E-10
   0.12562E+03   0.50865E-04
   0.12573E+03   0.18993E-05
   0.12580E+03   0.10340E-03
   0.12580E+03   0.69214E-09
   0.12584E+03   0.56973E-05
   0.12596E+03   0.32147E-10
   0.12601E+03   0.49406E-04
   0.12607E+03   0.32200E-03
   0.12620E+03   0.10075E-04
   0.12631E+03   0.14730E-10
   0.12639E+03   0.14409E-03
   0.12644E+03   0.82414E-12
   0.12655E+03   0.70313E-04
   0.12657E+03   0.63101E-10
   0.12659E+03   0.11273E-03
   0.12663E+03   0.35266E-04
   0.12665E+03   0.66146E-08
   0.12673E+03   0.10871E-02
   0.12685E+03   0.32491E-03
   0.12693E+03   0.12285E-03
   0.12696E+03   0.98190E-04
   0.12704E+03   0.40956E-03
   0.12704E+03   0.28855E-08
   0.12705E+03   0.10484E-03
   0.12708E+03   0.98080E-04
   0.12717E+03   0.21834E-04
   0.12725E+03   0.22907E-03
   0.12731E+03   0.20036E-03
   0.12740E+03   0.21868E-10
   0.12743E+03   0.78581E-04
   0.12750E+03   0.80535E-11
   0.12764E+03   0.90170E-04
   0.12779E+03   0.25698E-10
   0.12788E+03   0.16377E-03
   0.12789E+03   0.11439E-04
   0.12791E+03   0.15311E-03
   0.12818E+03   0.26791E-04
   0.12824E+03   0.85621E-04
   0.12839E+03   0.67115E-04
   0.12851E+03   0.32807E-03
   0.12859E+03   0.12410E-05
   0.12873E+03   0.82825E-10
   0.12878E+03   0.31681E-03
   0.12879E+03   0.20100E-05
   0.12882E+03   0.20690E-03
   0.12894E+03   0.22508E-13
   0.12910E+03   0.12292E-09
   0.12916E+03   0.98810E-11
   0.12920E+03   0.13378E-03
   0.12964E+03   0.17211E-09
   0.12970E+03   0.36873E-03
   0.12990E+03   0.60408E-04
   0.12993E+03   0.63865E-10
   0.13002E+03   0.91584E-10
   0.13008E+03   0.16578E-03
   0.13010E+03   0.69820E-04
   0.13017E+03   0.66251E-03
   0.13019E+03   0.99615E-04
   0.13043E+03   0.46116E-05
   0.13050E+03   0.74697E-10
   0.13071E+03   0.29356E-03
   0.13072E+03   0.30831E-04
   0.13108E+03   0.11107E-10
   0.13132E+03   0.71512E-04
   0.13133E+03   0.59954E-04
   0.13137E+03   0.10750E-03
   0.13138E+03   0.10483E-04
   0.13182E+03   0.98539E-04
   0.13198E+03   0.19798E-10
   0.13201E+03   0.10205E-10
   0.13208E+03   0.87242E-10
   0.13211E+03   0.84712E-04
   0.13219E+03   0.28380E-03
   0.13240E+03   0.12422E-10
   0.13249E+03   0.86973E-03
   0.13251E+03   0.14391E-03
   0.13253E+03   0.50626E-06
   0.13260E+03   0.50656E-10
   0.13261E+03   0.12399E-09
   0.13264E+03   0.19200E-04
   0.13286E+03   0.11657E-03
   0.13300E+03   0.98007E-10
   0.13335E+03   0.88314E-04
   0.13338E+03   0.51522E-10
   0.13352E+03   0.17415E-04
   0.13356E+03   0.25400E-03
   0.13359E+03   0.45317E-10
   0.13362E+03   0.30725E-04
   0.13371E+03   0.13264E-03
   0.13388E+03   0.75304E-04
   0.13389E+03   0.12850E-08
   0.13393E+03   0.13335E-03
   0.13395E+03   0.12230E-08
   0.13404E+03   0.28971E-04
   0.13408E+03   0.15066E-02
   0.13412E+03   0.15486E-13
   0.13418E+03   0.11873E-03
   0.13440E+03   0.13317E-03
   0.13463E+03   0.23450E-04
   0.13468E+03   0.21759E-04
   0.13495E+03   0.10900E-03
   0.13515E+03   0.43156E-10
   0.13525E+03   0.17245E-03
   0.13533E+03   0.38738E-04
   0.13547E+03   0.15031E-03
   0.13558E+03   0.45493E-03
   0.13564E+03   0.13278E-09
   0.13568E+03   0.20076E-05
   0.13568E+03   0.29220E-05
   0.13571E+03   0.44071E-04
   0.13571E+03   0.56705E-04
   0.13575E+03   0.85458E-11
   0.13578E+03   0.22537E-03
   0.13586E+03   0.53380E-05
   0.13599E+03   0.13539E-03
   0.13606E+03   0.16828E-04
   0.13610E+03   0.47451E-11
   0.13611E+03   0.73390E-06
   0.13623E+03   0.98782E-10
   0.13629E+03   0.78495E-05
   0.13632E+03   0.31879E-13
   0.13637E+03   0.41762E-10
   0.13642E+03   0.24472E-11
   0.13646E+03   0.17238E-04
   0.13670E+03   0.70222E-05
   0.13673E+03   0.50376E-04
   0.13673E+03   0.65520E-04
   0.13700E+03   0.48623E-04
   0.13700E+03   0.29920E-05
   0.13707E+03   0.12006E-10
   0.13723E+03   0.19467E-13
   0.13725E+03   0.32872E-04
   0.13767E+03   0.14691E-03
   0.13769E+03   0.37559E-10
   0.13786E+03   0.74202E-03
   0.13792E+03   0.19519E-11
   0.13813E+03   0.16081E-03
   0.13842E+03   0.72649E-05
   0.13888E+03   0.66131E-04
   0.13891E+03   0.60866E-04
   0.13898E+03   0.22334E-03
   0.13901E+03   0.27180E-04
   0.13907E+03   0.62002E-04
   0.13926E+03   0.25344E-10
   0.13931E+03   0.29234E-04
   0.13933E+03   0.16328E-10
   0.13940E+03   0.39010E-10
   0.13942E+03   0.16294E-05
   0.13949E+03   0.30456E-04
   0.13960E+03   0.67835E-04
   0.13961E+03   0.42733E-07
   0.13965E+03   0.44078E-04
   0.13972E+03   0.63356E-10
   0.13974E+03   0.25467E-05
   0.13974E+03   0.12071E-10
   0.13985E+03   0.16067E-04
   0.13993E+03   0.16681E-05
   0.14007E+03   0.20603E-04
   0.14013E+03   0.26028E-05
   0.14014E+03   0.67552E-10
   0.14020E+03   0.37928E-03
   0.14021E+03   0.12401E-11
   0.14026E+03   0.41115E-03
   0.14026E+03   0.15170E-09
   0.14033E+03   0.28987E-05
   0.14055E+03   0.92597E-11
   0.14059E+03   0.26495E-04
   0.14082E+03   0.38305E-05
   0.14094E+03   0.77373E-04
   0.14104E+03   0.56414E-10
   0.14106E+03   0.28977E-11
   0.14183E+03   0.90855E-04
   0.14191E+03   0.26466E-06
   0.14214E+03   0.82865E-04
   0.14224E+03   0.31820E-03
   0.14229E+03   0.12695E-03
   0.14245E+03   0.89006E-10
   0.14293E+03   0.54653E-04
   0.14301E+03   0.64849E-04
   0.14325E+03   0.59946E-05
   0.14356E+03   0.20297E-10
   0.14363E+03   0.17340E-10
   0.14371E+03   0.49198E-04
   0.14382E+03   0.78414E-04
   0.14426E+03   0.34489E-06
   0.14432E+03   0.11003E-04
   0.14465E+03   0.89260E-04
   0.14481E+03   0.16559E-04
   0.14488E+03   0.74754E-13
   0.14496E+03   0.18753E-09
   0.14499E+03   0.51451E-03
   0.14500E+03   0.18040E-10
   0.14510E+03   0.17258E-03
   0.14535E+03   0.80178E-05
   0.14543E+03   0.47216E-06
   0.14544E+03   0.10886E-10
   0.14553E+03   0.34077E-04
   0.14580E+03   0.23030E-04
   0.14609E+03   0.13856E-06
   0.14634E+03   0.10754E-04
   0.14636E+03   0.36033E-11
   0.14638E+03   0.14981E-10
   0.14643E+03   0.50743E-11
   0.14664E+03   0.17870E-03
   0.14680E+03   0.19740E-05
   0.14684E+03   0.79267E-14
   0.14687E+03   0.18521E-12
   0.14700E+03   0.11015E-04
   0.14706E+03   0.53307E-05
   0.14706E+03   0.55363E-05
   0.14718E+03   0.12099E-04
   0.14719E+03   0.68212E-03
   0.14746E+03   0.95801E-06
   0.14746E+03   0.37092E-07
   0.14763E+03   0.13718E-10
   0.14764E+03   0.60131E-05
   0.14772E+03   0.23952E-03
   0.14775E+03   0.83084E-10
   0.14822E+03   0.27551E-11
   0.14853E+03   0.20184E-04
   0.14871E+03   0.39300E-10
   0.14888E+03   0.80498E-04
   0.14899E+03   0.86855E-04
   0.14934E+03   0.68410E-10
   0.14958E+03   0.90473E-05
   0.14959E+03   0.16214E-04
   0.14966E+03   0.14258E-03
   0.15023E+03   0.69381E-08
   0.15042E+03   0.35879E-03
   0.15045E+03   0.31701E-10
   0.15052E+03   0.81858E-05
   0.15055E+03   0.13880E-03
   0.15072E+03   0.31554E-04
   0.15082E+03   0.13033E-03
   0.15096E+03   0.50231E-04
   0.15100E+03   0.39495E-10
   0.15110E+03   0.35151E-04
   0.15118E+03   0.27854E-12
   0.15119E+03   0.52928E-05
   0.15123E+03   0.84588E-12
   0.15153E+03   0.45145E-03
   0.15158E+03   0.63696E-12
   0.15165E+03   0.19576E-11
   0.15180E+03   0.10561E-03
   0.15188E+03   0.55285E-05
   0.15203E+03   0.60574E-05
   0.15227E+03   0.11611E-11
   0.15242E+03   0.27653E-05
   0.15257E+03   0.14762E-05
   0.15269E+03   0.24543E-05
   0.15292E+03   0.92521E-12
   0.15306E+03   0.20339E-06
   0.15307E+03   0.23203E-11
   0.15309E+03   0.25085E-03
   0.15311E+03   0.48674E-04
   0.15315E+03   0.29412E-05
   0.15325E+03   0.17966E-11
   0.15339E+03   0.36744E-10
   0.15341E+03   0.23442E-05
   0.15353E+03   0.84235E-11
   0.15377E+03   0.10506E-11
   0.15390E+03   0.11091E-06
   0.15395E+03   0.70467E-05
   0.15409E+03   0.19275E-03
   0.15411E+03   0.21760E-08
   0.15424E+03   0.97901E-04
   0.15424E+03   0.28263E-05
   0.15433E+03   0.15393E-03
   0.15444E+03   0.16275E-04
   0.15480E+03   0.38483E-11
   0.15536E+03   0.65828E-04
   0.15570E+03   0.60787E-04
   0.15612E+03   0.34304E-05
   0.15614E+03   0.26004E-04
   0.15621E+03   0.11965E-04
   0.15681E+03   0.12883E-11
   0.15683E+03   0.56986E-12
   0.15713E+03   0.11433E-03
   0.15732E+03   0.33520E-04
   0.15739E+03   0.35527E-03
   0.15785E+03   0.28803E-12
   0.15794E+03   0.87747E-05
   0.15801E+03   0.31199E-04
   0.15810E+03   0.66134E-11
   0.15836E+03   0.60619E-05
   0.15868E+03   0.82855E-04
   0.15869E+03   0.40650E-08
   0.15870E+03   0.40938E-04
   0.15872E+03   0.67598E-12
   0.15888E+03   0.78182E-05
   0.15911E+03   0.28687E-11
   0.15939E+03   0.86778E-05
   0.15939E+03   0.15665E-09
   0.15942E+03   0.44283E-04
   0.15960E+03   0.53992E-04
   0.15964E+03   0.49436E-05
   0.15984E+03   0.29816E-10
   0.15990E+03   0.52305E-05
   0.15993E+03   0.40008E-04
   0.15998E+03   0.66162E-12
   0.16008E+03   0.40432E-04
   0.16041E+03   0.10939E-04
   0.16042E+03   0.28848E-10
   0.16052E+03   0.70623E-04
   0.16054E+03   0.19689E-03
   0.16117E+03   0.17869E-05
   0.16121E+03   0.32808E-11
   0.16152E+03   0.43835E-04
   0.16157E+03   0.35075E-10
   0.16183E+03   0.89711E-04
   0.16193E+03   0.78539E-04
   0.16251E+03   0.82178E-11
   0.16266E+03   0.27974E-03
   0.16287E+03   0.91621E-04
   0.16294E+03   0.12540E-03
   0.16312E+03   0.28062E-11
   0.16344E+03   0.11177E-03
   0.16400E+03   0.28168E-11
   0.16413E+03   0.30389E-03
   0.16415E+03   0.10396E-03
   0.16439E+03   0.32366E-04
   0.16481E+03   0.12613E-03
   0.16509E+03   0.49786E-12
   0.16522E+03   0.28514E-03
   0.16547E+03   0.26354E-10
   0.16576E+03   0.90781E-05
   0.16603E+03   0.17725E-03
   0.16611E+03   0.75002E-04
   0.16617E+03   0.53973E-05
   0.16646E+03   0.20938E-03
   0.16682E+03   0.17394E-03
   0.16688E+03   0.76335E-04
   0.16705E+03   0.47208E-04
   0.16713E+03   0.34330E-13
   0.16722E+03   0.19738E-12
   0.16744E+03   0.77227E-07
   0.16753E+03   0.40155E-11
   0.16822E+03   0.39220E-12
   0.16833E+03   0.65307E-04
   0.16914E+03   0.53222E-04
   0.16923E+03   0.43628E-03
   0.16973E+03   0.18170E-03
   0.16983E+03   0.55994E-12
   0.17007E+03   0.38542E-12
   0.17031E+03   0.70956E-04
   0.17094E+03   0.26261E-11
   0.17103E+03   0.82081E-04
   0.17168E+03   0.75573E-04
   0.17172E+03   0.17184E-11
   0.17240E+03   0.88306E-11
   0.17241E+03   0.19461E-04
   0.17242E+03   0.22002E-03
   0.17260E+03   0.15673E-03
   0.17298E+03   0.54994E-04
   0.17316E+03   0.72034E-04
   0.17347E+03   0.72448E-05
   0.17350E+03   0.30428E-12
   0.17365E+03   0.60339E-04
   0.17450E+03   0.73346E-04
   0.17511E+03   0.66915E-11
   0.17528E+03   0.25383E-11
   0.17543E+03   0.11344E-03
   0.17567E+03   0.31577E-03
   0.17579E+03   0.45053E-04
   0.17629E+03   0.16763E-03
   0.17639E+03   0.16558E-03
   0.17643E+03   0.11034E-10
   0.17694E+03   0.13351E-03
   0.17756E+03   0.70357E-12
   0.17778E+03   0.30547E-03
   0.17790E+03   0.47417E-04
   0.17795E+03   0.10283E-03
   0.17812E+03   0.29661E-03
   0.17858E+03   0.10913E-10
   0.17899E+03   0.58243E-04
   0.17905E+03   0.12871E-11
   0.17914E+03   0.49832E-03
   0.17981E+03   0.20522E-03
   0.18028E+03   0.62067E-04
   0.18051E+03   0.10745E-03
   0.18064E+03   0.98381E-12
   0.18072E+03   0.56776E-12
   0.18163E+03   0.10075E-03
   0.18224E+03   0.31570E-03
   0.18318E+03   0.47396E-04
   0.18343E+03   0.11140E-11
   0.18355E+03   0.18284E-03
   0.18393E+03   0.56865E-12
   0.18438E+03   0.67833E-04
   0.18489E+03   0.84388E-12
   0.18514E+03   0.91866E-04
   0.18571E+03   0.20759E-03
   0.18576E+03   0.63579E-04
   0.18576E+03   0.17290E-10
   0.18611E+03   0.41984E-03
   0.18613E+03   0.79328E-11
   0.18651E+03   0.19256E-04
   0.18893E+03   0.41930E-11
   0.18990E+03   0.24146E-03
   0.19076E+03   0.12540E-03
   0.19151E+03   0.27385E-03
   0.19294E+03   0.10967E-03
   0.19424E+03   0.16654E-03
   0.19427E+03   0.10301E-03
   0.19440E+03   0.37267E-12
   0.19647E+03   0.11942E-03
   0.19789E+03   0.39354E-13
