   0.21253E+00   0.24253E-10
   0.65290E+00   0.48924E-01
   0.96299E+00   0.12381E+01
   0.27072E+01   0.45146E+00
   0.29641E+01   0.15080E+01
   0.40096E+01   0.12889E+01
   0.50338E+01   0.60006E+01
   0.60432E+01   0.25086E-01
   0.63536E+01   0.94326E-12
   0.72832E+01   0.25157E-09
   0.73186E+01   0.55337E-09
   0.73470E+01   0.29449E+01
   0.92566E+01   0.18702E-11
   0.94640E+01   0.75324E-10
   0.96468E+01   0.56259E-12
   0.99178E+01   0.77132E-10
   0.10312E+02   0.55774E-10
   0.10957E+02   0.22326E-09
   0.11232E+02   0.31091E-08
   0.11744E+02   0.22517E-09
   0.12108E+02   0.13013E+02
   0.12226E+02   0.91489E-09
   0.12268E+02   0.59032E-07
   0.12568E+02   0.14421E-07
   0.12662E+02   0.22237E-03
   0.12877E+02   0.48511E-09
   0.13040E+02   0.22901E-09
   0.13217E+02   0.19522E-10
   0.13261E+02   0.10245E-02
   0.13613E+02   0.72900E-11
   0.13629E+02   0.43254E-04
   0.13897E+02   0.67114E-04
   0.13906E+02   0.28630E-04
   0.14126E+02   0.64925E-10
   0.14554E+02   0.49506E-10
   0.14672E+02   0.17400E-05
   0.14718E+02   0.90688E-03
   0.14725E+02   0.36539E-05
   0.14979E+02   0.70701E-11
   0.15045E+02   0.13104E+00
   0.15271E+02   0.27779E-04
   0.15358E+02   0.60014E-03
   0.15388E+02   0.11463E+00
   0.15545E+02   0.56227E-12
   0.15616E+02   0.58148E-03
   0.15618E+02   0.87299E-04
   0.15625E+02   0.16894E-02
   0.15759E+02   0.11058E-08
   0.15777E+02   0.25393E-02
   0.16085E+02   0.10777E-09
   0.16274E+02   0.18236E+01
   0.16340E+02   0.16405E-07
   0.16348E+02   0.27028E-03
   0.16582E+02   0.56336E-01
   0.16687E+02   0.66453E+01
   0.16711E+02   0.31491E-02
   0.16809E+02   0.34274E-08
   0.16859E+02   0.90154E-01
   0.16914E+02   0.40832E-06
   0.16951E+02   0.30183E-02
   0.17090E+02   0.10418E+01
   0.17146E+02   0.33953E-08
   0.17240E+02   0.14134E+00
   0.17328E+02   0.10232E-07
   0.17504E+02   0.12834E-07
   0.17590E+02   0.34102E-08
   0.17675E+02   0.16111E+00
   0.17932E+02   0.44832E-08
   0.17994E+02   0.54353E-09
   0.18033E+02   0.73376E-01
   0.18048E+02   0.12942E-03
   0.18238E+02   0.31532E-02
   0.18253E+02   0.17199E-02
   0.18314E+02   0.57003E-02
   0.18334E+02   0.41096E-01
   0.18393E+02   0.18797E-05
   0.18514E+02   0.13615E-08
   0.18574E+02   0.21397E-09
   0.18584E+02   0.26645E-03
   0.18657E+02   0.35996E-11
   0.18691E+02   0.26003E-01
   0.18743E+02   0.96643E-02
   0.18871E+02   0.74063E-04
   0.19034E+02   0.47018E-04
   0.19228E+02   0.29002E-08
   0.19321E+02   0.10080E-05
   0.19637E+02   0.48974E-07
   0.19680E+02   0.58240E-08
   0.19692E+02   0.25538E-01
   0.19921E+02   0.35202E-12
   0.20139E+02   0.32391E-08
   0.20248E+02   0.22515E-07
   0.20260E+02   0.32000E-07
   0.20340E+02   0.38552E-04
   0.20376E+02   0.38023E-05
   0.20395E+02   0.33584E-03
   0.20428E+02   0.59531E-03
   0.20453E+02   0.51606E-08
   0.20593E+02   0.18505E+00
   0.20628E+02   0.84761E-06
   0.20661E+02   0.61784E-02
   0.20667E+02   0.90108E-06
   0.20801E+02   0.28375E-10
   0.20860E+02   0.17516E-02
   0.20888E+02   0.22835E-07
   0.20945E+02   0.16440E-02
   0.20957E+02   0.21348E-02
   0.21008E+02   0.84760E-01
   0.21191E+02   0.48981E-08
   0.21526E+02   0.28426E-04
   0.21535E+02   0.50677E-02
   0.21760E+02   0.38520E-09
   0.21850E+02   0.32991E-02
   0.21851E+02   0.11964E-07
   0.22004E+02   0.77608E-04
   0.22030E+02   0.12812E-01
   0.22095E+02   0.10928E-06
   0.22134E+02   0.27261E-06
   0.22280E+02   0.35097E-02
   0.22384E+02   0.19118E-07
   0.22420E+02   0.60649E-03
   0.22712E+02   0.40912E-02
   0.23017E+02   0.19109E-06
   0.23059E+02   0.27447E-08
   0.23295E+02   0.26718E-06
   0.23343E+02   0.55868E-02
   0.23443E+02   0.15114E-04
   0.23548E+02   0.22308E-05
   0.23853E+02   0.77737E-06
   0.23912E+02   0.32610E-06
   0.24054E+02   0.22613E-03
   0.24139E+02   0.36875E-03
   0.24179E+02   0.10209E-02
   0.24192E+02   0.12891E-09
   0.24339E+02   0.83712E-01
   0.24472E+02   0.14066E-02
   0.24651E+02   0.11222E-02
   0.24675E+02   0.32279E-11
   0.24709E+02   0.15741E-11
   0.24834E+02   0.20647E-06
   0.24941E+02   0.23600E-05
   0.24990E+02   0.49665E-02
   0.25024E+02   0.15142E-01
   0.25079E+02   0.22358E-01
   0.25117E+02   0.84025E-04
   0.25138E+02   0.37114E-09
   0.25178E+02   0.69667E-04
   0.25243E+02   0.12738E-01
   0.25382E+02   0.25065E-09
   0.25403E+02   0.83415E-03
   0.25525E+02   0.24711E-03
   0.25563E+02   0.19170E-04
   0.25715E+02   0.13930E+00
   0.25844E+02   0.22389E-03
   0.25917E+02   0.15668E-02
   0.25928E+02   0.16074E-09
   0.25981E+02   0.14163E-10
   0.26043E+02   0.43632E-02
   0.26062E+02   0.10449E-01
   0.26092E+02   0.92300E-04
   0.26093E+02   0.21849E-03
   0.26198E+02   0.85105E-04
   0.26208E+02   0.52614E-04
   0.26399E+02   0.33955E-03
   0.26437E+02   0.16508E-08
   0.26464E+02   0.65853E-02
   0.26572E+02   0.73580E-01
   0.26625E+02   0.36876E-02
   0.26660E+02   0.12230E-03
   0.26683E+02   0.18138E-02
   0.26796E+02   0.88137E-04
   0.26802E+02   0.12520E+00
   0.26807E+02   0.88381E-04
   0.26809E+02   0.46820E-03
   0.26846E+02   0.14552E-04
   0.26869E+02   0.50655E-09
   0.26876E+02   0.45292E-03
   0.26901E+02   0.64075E-09
   0.26939E+02   0.53914E-11
   0.26986E+02   0.67895E-02
   0.27026E+02   0.93975E-08
   0.27158E+02   0.68740E-05
   0.27170E+02   0.33296E-09
   0.27190E+02   0.15187E-02
   0.27200E+02   0.15419E-09
   0.27214E+02   0.97039E-04
   0.27297E+02   0.17589E-09
   0.27319E+02   0.29121E-09
   0.27381E+02   0.20709E-03
   0.27409E+02   0.43955E-10
   0.27449E+02   0.11549E-03
   0.27458E+02   0.20694E-04
   0.27643E+02   0.11163E-02
   0.27783E+02   0.39710E-03
   0.27791E+02   0.43146E-04
   0.27828E+02   0.31449E-11
   0.27866E+02   0.29897E-04
   0.27974E+02   0.42156E-06
   0.28080E+02   0.77963E-02
   0.28101E+02   0.27042E-08
   0.28139E+02   0.63605E-13
   0.28285E+02   0.10688E-13
   0.28470E+02   0.83783E-03
   0.28647E+02   0.46263E-02
   0.28822E+02   0.32317E-03
   0.28857E+02   0.24605E-01
   0.28894E+02   0.38850E-05
   0.28950E+02   0.51771E-05
   0.28977E+02   0.88549E-08
   0.29015E+02   0.69766E-02
   0.29024E+02   0.60653E-03
   0.29026E+02   0.33048E-01
   0.29059E+02   0.59652E-02
   0.29106E+02   0.39197E-02
   0.29116E+02   0.57174E-03
   0.29163E+02   0.15010E-02
   0.29222E+02   0.14055E-07
   0.29224E+02   0.43515E-03
   0.29283E+02   0.11158E-04
   0.29307E+02   0.18960E-02
   0.29348E+02   0.57100E-03
   0.29456E+02   0.39750E-08
   0.29490E+02   0.22193E-03
   0.29547E+02   0.10717E-01
   0.29607E+02   0.64595E-08
   0.29609E+02   0.50494E-03
   0.29673E+02   0.23751E-02
   0.29719E+02   0.43458E-03
   0.29809E+02   0.10331E-03
   0.29823E+02   0.42797E-04
   0.29899E+02   0.49095E-03
   0.29959E+02   0.52181E-01
   0.29983E+02   0.90618E-04
   0.29992E+02   0.12287E-04
   0.30197E+02   0.28606E-03
   0.30250E+02   0.27614E-03
   0.30283E+02   0.19165E-02
   0.30489E+02   0.32468E-03
   0.30559E+02   0.77690E-05
   0.30674E+02   0.25542E-02
   0.30741E+02   0.16987E-03
   0.30795E+02   0.12871E-06
   0.30822E+02   0.27395E-02
   0.30957E+02   0.94654E-03
   0.31005E+02   0.28612E-06
   0.31015E+02   0.97878E-08
   0.31035E+02   0.79633E-05
   0.31130E+02   0.11534E-07
   0.31130E+02   0.80593E-02
   0.31183E+02   0.24129E-10
   0.31271E+02   0.65833E-13
   0.31298E+02   0.16131E-02
   0.31346E+02   0.47031E-02
   0.31462E+02   0.27534E-11
   0.31594E+02   0.53324E-03
   0.31696E+02   0.16429E-01
   0.31702E+02   0.75641E-01
   0.31719E+02   0.37618E-03
   0.31814E+02   0.26742E-06
   0.31843E+02   0.16644E-10
   0.31885E+02   0.17481E-02
   0.31986E+02   0.85107E-03
   0.31992E+02   0.12522E-03
   0.32023E+02   0.10606E-09
   0.32204E+02   0.10512E-03
   0.32238E+02   0.76848E-02
   0.32274E+02   0.29502E-04
   0.32308E+02   0.55530E-02
   0.32397E+02   0.14201E-03
   0.32526E+02   0.17142E-02
   0.32630E+02   0.16728E-02
   0.32728E+02   0.29376E-04
   0.32901E+02   0.37805E-02
   0.32941E+02   0.66153E-03
   0.33101E+02   0.96872E-04
   0.33165E+02   0.78684E-03
   0.33167E+02   0.89380E-03
   0.33177E+02   0.32054E-09
   0.33207E+02   0.28660E-02
   0.33214E+02   0.69923E-03
   0.33228E+02   0.27018E-09
   0.33304E+02   0.48326E-03
   0.33363E+02   0.34184E-08
   0.33387E+02   0.45227E-04
   0.33427E+02   0.25869E-03
   0.33462E+02   0.10707E-09
   0.33477E+02   0.13790E-01
   0.33490E+02   0.50839E-03
   0.33493E+02   0.47869E-03
   0.33512E+02   0.34432E-02
   0.33553E+02   0.33051E-08
   0.33671E+02   0.19947E-01
   0.33692E+02   0.50783E-04
   0.33717E+02   0.60988E-05
   0.33722E+02   0.73053E-05
   0.33750E+02   0.12263E-03
   0.33755E+02   0.79433E-08
   0.33764E+02   0.11423E-03
   0.33765E+02   0.56652E-04
   0.33884E+02   0.18274E-06
   0.33977E+02   0.22353E-03
   0.34033E+02   0.13304E-02
   0.34154E+02   0.24772E-07
   0.34213E+02   0.68096E-11
   0.34260E+02   0.11008E-02
   0.34290E+02   0.38488E-04
   0.34431E+02   0.12487E-02
   0.34438E+02   0.17072E-09
   0.34442E+02   0.15524E-05
   0.34447E+02   0.19561E-05
   0.34458E+02   0.10603E-03
   0.34526E+02   0.53512E-02
   0.34553E+02   0.16253E-06
   0.34612E+02   0.18997E-02
   0.34684E+02   0.22180E-02
   0.34712E+02   0.55084E-06
   0.34770E+02   0.35037E-01
   0.34774E+02   0.10803E+00
   0.34817E+02   0.15721E-10
   0.34825E+02   0.28404E-05
   0.34840E+02   0.75396E-04
   0.34869E+02   0.34327E-05
   0.34913E+02   0.11469E-05
   0.34932E+02   0.48939E-04
   0.35021E+02   0.18151E-08
   0.35026E+02   0.71718E-04
   0.35098E+02   0.35678E-12
   0.35175E+02   0.10848E-06
   0.35217E+02   0.13708E-04
   0.35251E+02   0.62744E-07
   0.35303E+02   0.58999E-03
   0.35397E+02   0.18706E-03
   0.35499E+02   0.92809E-11
   0.35500E+02   0.37565E-06
   0.35567E+02   0.25145E-01
   0.35656E+02   0.10581E-04
   0.35762E+02   0.29936E-10
   0.35786E+02   0.29457E-01
   0.35794E+02   0.47811E-02
   0.35866E+02   0.12728E-09
   0.35969E+02   0.83184E-05
   0.36009E+02   0.61272E-02
   0.36370E+02   0.12287E-02
   0.36431E+02   0.96295E-10
   0.36737E+02   0.74949E-11
   0.36795E+02   0.20770E-02
   0.36914E+02   0.13055E-02
   0.36975E+02   0.22592E-03
   0.37047E+02   0.24130E-03
   0.37101E+02   0.35920E-11
   0.37110E+02   0.57184E-05
   0.37138E+02   0.12963E-02
   0.37228E+02   0.11903E-02
   0.37380E+02   0.11142E-03
   0.37679E+02   0.60208E-05
   0.37679E+02   0.45588E-05
   0.37719E+02   0.51053E-11
   0.37792E+02   0.13876E-03
   0.37860E+02   0.10119E-02
   0.37939E+02   0.14274E-03
   0.37984E+02   0.34955E-08
   0.38027E+02   0.17271E-06
   0.38032E+02   0.41304E-04
   0.38042E+02   0.40104E-06
   0.38064E+02   0.30899E-02
   0.38170E+02   0.90140E-01
   0.38262E+02   0.72748E-02
   0.38271E+02   0.12412E-02
   0.38340E+02   0.74072E-03
   0.38362E+02   0.65720E-09
   0.38408E+02   0.13514E-09
   0.38458E+02   0.71097E-03
   0.38467E+02   0.24446E-07
   0.38518E+02   0.35151E-01
   0.38543E+02   0.22738E-03
   0.38650E+02   0.18817E-08
   0.38710E+02   0.43290E-03
   0.38723E+02   0.13630E-03
   0.38870E+02   0.12399E-03
   0.38874E+02   0.17592E-03
   0.38899E+02   0.16056E-07
   0.38945E+02   0.11724E-07
   0.39020E+02   0.11868E-02
   0.39048E+02   0.14955E-04
   0.39111E+02   0.55424E-02
   0.39244E+02   0.32414E-03
   0.39326E+02   0.91723E-08
   0.39523E+02   0.18871E-09
   0.39544E+02   0.11603E-03
   0.39594E+02   0.21263E-05
   0.39604E+02   0.79692E-06
   0.39698E+02   0.30705E-02
   0.39724E+02   0.14057E-02
   0.39772E+02   0.29937E-12
   0.39778E+02   0.63223E-03
   0.39861E+02   0.83012E-05
   0.39867E+02   0.96842E-05
   0.39908E+02   0.40008E-04
   0.39909E+02   0.10857E-05
   0.39949E+02   0.13650E-04
   0.39995E+02   0.67314E-06
   0.40005E+02   0.46595E-09
   0.40047E+02   0.15019E-03
   0.40126E+02   0.71386E-03
   0.40138E+02   0.39092E-03
   0.40170E+02   0.99851E-05
   0.40220E+02   0.37013E-03
   0.40253E+02   0.51253E-10
   0.40270E+02   0.62687E-04
   0.40295E+02   0.55718E-03
   0.40417E+02   0.58884E-04
   0.40461E+02   0.22111E-05
   0.40558E+02   0.10068E-04
   0.40569E+02   0.47938E-10
   0.40594E+02   0.39257E-02
   0.40597E+02   0.21273E-04
   0.40627E+02   0.12618E-04
   0.40635E+02   0.11863E-03
   0.40692E+02   0.33785E-04
   0.40692E+02   0.80432E-03
   0.40724E+02   0.43769E-05
   0.40731E+02   0.14859E-05
   0.40811E+02   0.30072E-09
   0.40818E+02   0.93244E-09
   0.40843E+02   0.23748E-08
   0.40927E+02   0.10325E-06
   0.40960E+02   0.66328E-09
   0.40979E+02   0.17105E-03
   0.40994E+02   0.18884E-04
   0.41093E+02   0.32121E-03
   0.41214E+02   0.90176E-03
   0.41287E+02   0.52270E-12
   0.41440E+02   0.13641E-06
   0.41578E+02   0.32617E-04
   0.41611E+02   0.28453E-11
   0.41622E+02   0.70156E-06
   0.41631E+02   0.36494E-05
   0.41640E+02   0.10563E-02
   0.41675E+02   0.51989E-10
   0.41700E+02   0.96517E-06
   0.41722E+02   0.28427E-07
   0.41734E+02   0.44194E-05
   0.41808E+02   0.30493E-09
   0.41835E+02   0.28530E-03
   0.41902E+02   0.12057E-03
   0.42078E+02   0.38499E-07
   0.42138E+02   0.16993E-08
   0.42155E+02   0.28918E-05
   0.42174E+02   0.12409E-02
   0.42359E+02   0.22668E-06
   0.42368E+02   0.52203E-03
   0.42385E+02   0.20577E-09
   0.42496E+02   0.72834E-03
   0.42502E+02   0.40197E-07
   0.42518E+02   0.77753E-04
   0.42530E+02   0.15295E-09
   0.42558E+02   0.57353E-10
   0.42622E+02   0.52676E-04
   0.42698E+02   0.69954E-03
   0.42729E+02   0.23322E-03
   0.42752E+02   0.15185E-12
   0.42769E+02   0.74378E-11
   0.42818E+02   0.12435E-09
   0.42892E+02   0.27152E-05
   0.42915E+02   0.61483E-04
   0.43002E+02   0.23542E-03
   0.43021E+02   0.10037E-04
   0.43026E+02   0.84356E-08
   0.43035E+02   0.72806E-03
   0.43089E+02   0.24743E-04
   0.43218E+02   0.10671E-02
   0.43222E+02   0.39014E-08
   0.43376E+02   0.46420E-03
   0.43394E+02   0.14063E-07
   0.43429E+02   0.16132E-09
   0.43465E+02   0.54867E-11
   0.43592E+02   0.14085E-04
   0.43679E+02   0.94925E-04
   0.43701E+02   0.63238E-03
   0.43759E+02   0.12303E-01
   0.43907E+02   0.61984E-05
   0.43913E+02   0.81810E-09
   0.43916E+02   0.99628E-09
   0.43936E+02   0.16558E-03
   0.44082E+02   0.69000E-04
   0.44157E+02   0.18024E-05
   0.44192E+02   0.30231E-06
   0.44319E+02   0.36290E-03
   0.44497E+02   0.29326E-06
   0.44539E+02   0.71765E-03
   0.44583E+02   0.30615E-01
   0.44744E+02   0.36829E-03
   0.44748E+02   0.23695E-04
   0.44751E+02   0.73800E-10
   0.44771E+02   0.16691E-03
   0.44821E+02   0.11302E-02
   0.44837E+02   0.38005E-03
   0.44848E+02   0.50599E-03
   0.44918E+02   0.25155E-03
   0.45008E+02   0.17908E-07
   0.45056E+02   0.69168E-03
   0.45106E+02   0.11143E-04
   0.45118E+02   0.19428E-09
   0.45128E+02   0.43118E-06
   0.45151E+02   0.26144E-06
   0.45167E+02   0.17370E-03
   0.45174E+02   0.16645E-06
   0.45235E+02   0.19597E-07
   0.45270E+02   0.36944E-04
   0.45276E+02   0.93994E-03
   0.45343E+02   0.31505E-04
   0.45399E+02   0.11940E-02
   0.45409E+02   0.44315E-02
   0.45423E+02   0.95496E-08
   0.45618E+02   0.18595E-03
   0.45733E+02   0.89440E-11
   0.45791E+02   0.26566E-03
   0.45827E+02   0.19641E-07
   0.45988E+02   0.56609E-10
   0.46084E+02   0.32710E-02
   0.46119E+02   0.57147E-10
   0.46340E+02   0.64696E-03
   0.46362E+02   0.12851E-07
   0.46409E+02   0.37805E-02
   0.46423E+02   0.48602E-06
   0.46563E+02   0.32131E-03
   0.46629E+02   0.33428E-01
   0.46712E+02   0.19207E-07
   0.46745E+02   0.32645E-03
   0.46775E+02   0.15089E-07
   0.46796E+02   0.40576E-05
   0.46796E+02   0.81146E-06
   0.46910E+02   0.16741E-09
   0.46961E+02   0.19019E-04
   0.47006E+02   0.55503E-05
   0.47015E+02   0.12660E-06
   0.47071E+02   0.41448E-03
   0.47107E+02   0.11766E-05
   0.47132E+02   0.37124E-03
   0.47142E+02   0.53892E-04
   0.47155E+02   0.66853E-02
   0.47224E+02   0.93320E-02
   0.47314E+02   0.30091E-04
   0.47384E+02   0.70029E-05
   0.47414E+02   0.99840E-05
   0.47468E+02   0.31982E-14
   0.47522E+02   0.96512E-05
   0.47596E+02   0.11598E-04
   0.47612E+02   0.14406E-06
   0.47640E+02   0.32637E-03
   0.47652E+02   0.17860E-03
   0.47660E+02   0.10947E-02
   0.47700E+02   0.56248E-02
   0.47790E+02   0.13270E-02
   0.47815E+02   0.17909E-03
   0.47839E+02   0.31357E-07
   0.47841E+02   0.28440E-04
   0.47864E+02   0.25301E-06
   0.47886E+02   0.66441E-03
   0.47918E+02   0.63835E-06
   0.47931E+02   0.35439E-03
   0.47938E+02   0.77836E-03
   0.48141E+02   0.56731E-03
   0.48176E+02   0.41121E-09
   0.48281E+02   0.49412E-04
   0.48333E+02   0.15158E-02
   0.48340E+02   0.33676E-02
   0.48414E+02   0.30948E-02
   0.48506E+02   0.92128E-10
   0.48639E+02   0.82866E-03
   0.48777E+02   0.19902E-03
   0.48817E+02   0.14519E-02
   0.48824E+02   0.39619E-03
   0.48826E+02   0.45404E-06
   0.48850E+02   0.16677E-02
   0.48994E+02   0.15981E-02
   0.48996E+02   0.10577E-04
   0.49028E+02   0.53190E-05
   0.49090E+02   0.73483E-06
   0.49125E+02   0.53843E-05
   0.49165E+02   0.15850E-02
   0.49178E+02   0.24228E-03
   0.49300E+02   0.10378E-03
   0.49411E+02   0.30003E-03
   0.49486E+02   0.12084E-01
   0.49499E+02   0.40820E-04
   0.49542E+02   0.40101E-06
   0.49542E+02   0.46767E-06
   0.49560E+02   0.99070E-05
   0.49601E+02   0.27872E-05
   0.49621E+02   0.31067E-07
   0.49789E+02   0.93849E-04
   0.49797E+02   0.82960E-06
   0.49850E+02   0.14435E-04
   0.49854E+02   0.49845E-02
   0.49884E+02   0.18146E-06
   0.49885E+02   0.35058E-04
   0.49933E+02   0.20822E-02
   0.49937E+02   0.15603E-03
   0.49949E+02   0.12118E-06
   0.49959E+02   0.18732E-03
   0.50075E+02   0.59868E-02
   0.50163E+02   0.29360E-04
   0.50313E+02   0.10081E-03
   0.50378E+02   0.23532E-04
   0.50542E+02   0.50245E-09
   0.50544E+02   0.16543E-03
   0.50745E+02   0.35655E-04
   0.50753E+02   0.37876E-09
   0.50769E+02   0.39861E-04
   0.50789E+02   0.55005E-06
   0.50930E+02   0.61371E-10
   0.50967E+02   0.27129E-04
   0.50974E+02   0.92288E-05
   0.51008E+02   0.20958E-09
   0.51062E+02   0.18108E-03
   0.51261E+02   0.47617E-03
   0.51275E+02   0.14791E-08
   0.51400E+02   0.11621E-06
   0.51421E+02   0.12232E-03
   0.51453E+02   0.25712E-03
   0.51497E+02   0.23822E-08
   0.51657E+02   0.57745E-03
   0.51672E+02   0.60897E-03
   0.51736E+02   0.34821E-08
   0.51815E+02   0.42872E-03
   0.51825E+02   0.25397E-09
   0.51845E+02   0.37934E-04
   0.51847E+02   0.42889E-05
   0.51914E+02   0.12322E-04
   0.51971E+02   0.84145E-10
   0.52060E+02   0.11461E-03
   0.52068E+02   0.46649E-04
   0.52182E+02   0.28311E-04
   0.52184E+02   0.67745E-11
   0.52213E+02   0.11651E-04
   0.52234E+02   0.87105E-03
   0.52348E+02   0.96977E-03
   0.52351E+02   0.12337E-01
   0.52364E+02   0.43873E-03
   0.52381E+02   0.89605E-08
   0.52438E+02   0.48512E-05
   0.52535E+02   0.28860E-04
   0.52608E+02   0.60449E-04
   0.52775E+02   0.38339E-09
   0.52781E+02   0.22189E-04
   0.52806E+02   0.10864E-02
   0.52827E+02   0.42622E-08
   0.52927E+02   0.36235E-04
   0.52943E+02   0.23335E-04
   0.52945E+02   0.15740E-05
   0.52978E+02   0.29046E-10
   0.53043E+02   0.12874E-08
   0.53044E+02   0.55295E-11
   0.53206E+02   0.15365E-05
   0.53207E+02   0.73015E-03
   0.53207E+02   0.18860E-04
   0.53250E+02   0.30783E-03
   0.53280E+02   0.69636E-03
   0.53295E+02   0.48808E-08
   0.53318E+02   0.16803E-02
   0.53355E+02   0.35926E-09
   0.53443E+02   0.32633E-05
   0.53505E+02   0.47320E-05
   0.53525E+02   0.31985E-02
   0.53530E+02   0.22889E-04
   0.53542E+02   0.13507E-05
   0.53575E+02   0.21032E-02
   0.53592E+02   0.47269E-07
   0.53592E+02   0.13394E-08
   0.53656E+02   0.23417E-01
   0.53662E+02   0.24806E-02
   0.53673E+02   0.89108E-03
   0.53726E+02   0.29813E-05
   0.53806E+02   0.57185E-03
   0.53934E+02   0.14285E-02
   0.53996E+02   0.14359E-11
   0.54159E+02   0.14309E-02
   0.54177E+02   0.71495E-03
   0.54201E+02   0.19972E-05
   0.54391E+02   0.69896E-07
   0.54413E+02   0.11872E-05
   0.54418E+02   0.49245E-04
   0.54475E+02   0.24798E-06
   0.54482E+02   0.15013E-06
   0.54520E+02   0.13960E-02
   0.54587E+02   0.25904E-03
   0.54877E+02   0.33832E-08
   0.54883E+02   0.94067E-04
   0.54893E+02   0.10622E-03
   0.54896E+02   0.45363E-05
   0.54897E+02   0.10957E-03
   0.54933E+02   0.15729E-09
   0.54955E+02   0.98602E-04
   0.55064E+02   0.49090E-03
   0.55115E+02   0.26241E-04
   0.55119E+02   0.24286E-04
   0.55138E+02   0.50350E-03
   0.55285E+02   0.32763E-03
   0.55564E+02   0.40513E-03
   0.55618E+02   0.12047E-03
   0.55648E+02   0.22037E-02
   0.55732E+02   0.17062E-02
   0.55739E+02   0.56224E-03
   0.55748E+02   0.17183E-01
   0.55779E+02   0.18369E-02
   0.55917E+02   0.35964E-06
   0.55917E+02   0.11520E-06
   0.55972E+02   0.26529E-03
   0.56030E+02   0.22380E-02
   0.56119E+02   0.76654E-10
   0.56166E+02   0.12679E-13
   0.56299E+02   0.27818E-02
   0.56408E+02   0.10929E-02
   0.56427E+02   0.25965E-04
   0.56449E+02   0.48844E-02
   0.56557E+02   0.10422E-03
   0.56600E+02   0.58884E-03
   0.56618E+02   0.21149E-03
   0.56647E+02   0.55630E-03
   0.56708E+02   0.76369E-02
   0.56812E+02   0.30431E-04
   0.56888E+02   0.11835E-03
   0.56942E+02   0.12726E-03
   0.57028E+02   0.16798E-09
   0.57061E+02   0.70567E-03
   0.57147E+02   0.27150E-03
   0.57157E+02   0.22624E-04
   0.57178E+02   0.26969E-08
   0.57456E+02   0.28022E-03
   0.57457E+02   0.38353E-03
   0.57613E+02   0.72864E-03
   0.57698E+02   0.28723E-13
   0.57720E+02   0.77711E-03
   0.58048E+02   0.15247E-02
   0.58089E+02   0.17776E-07
   0.58116E+02   0.54619E-03
   0.58144E+02   0.71112E-03
   0.58238E+02   0.78189E-10
   0.58335E+02   0.12388E-02
   0.58422E+02   0.19683E-03
   0.58542E+02   0.69021E-04
   0.58566E+02   0.17305E-02
   0.58601E+02   0.65830E-02
   0.58611E+02   0.27988E-04
   0.58639E+02   0.26303E-04
   0.58642E+02   0.57094E-06
   0.58649E+02   0.66795E-03
   0.58700E+02   0.28575E-06
   0.58710E+02   0.98812E-03
   0.58788E+02   0.37964E-08
   0.58797E+02   0.95029E-06
   0.58821E+02   0.28529E-04
   0.58825E+02   0.11233E-06
   0.58890E+02   0.56548E-03
   0.58896E+02   0.30620E-02
   0.58961E+02   0.45239E-04
   0.59101E+02   0.30193E-01
   0.59129E+02   0.61670E-04
   0.59253E+02   0.34266E-10
   0.59317E+02   0.99935E-06
   0.59334E+02   0.22142E-07
   0.59369E+02   0.46213E-03
   0.59374E+02   0.77660E-03
   0.59528E+02   0.92156E-04
   0.59541E+02   0.12638E-02
   0.59544E+02   0.12135E-03
   0.59570E+02   0.14112E-02
   0.59622E+02   0.17260E-09
   0.59746E+02   0.14670E-05
   0.59952E+02   0.28345E-05
   0.59957E+02   0.31605E-10
   0.60034E+02   0.62804E-05
   0.60083E+02   0.52287E-03
   0.60091E+02   0.90619E-09
   0.60131E+02   0.25204E-12
   0.60245E+02   0.14735E-03
   0.60304E+02   0.83571E-07
   0.60320E+02   0.85513E-03
   0.60466E+02   0.68142E-03
   0.60544E+02   0.13360E-07
   0.60597E+02   0.18314E-02
   0.60637E+02   0.12134E-02
   0.60741E+02   0.12885E-07
   0.60788E+02   0.66596E-07
   0.60856E+02   0.87164E-03
   0.60938E+02   0.87793E-07
   0.60959E+02   0.15939E-03
   0.60995E+02   0.10172E-02
   0.61036E+02   0.13983E-03
   0.61080E+02   0.42348E-02
   0.61175E+02   0.15230E-02
   0.61294E+02   0.40337E-03
   0.61304E+02   0.19315E-04
   0.61313E+02   0.12732E-04
   0.61320E+02   0.69138E-03
   0.61343E+02   0.60596E-03
   0.61348E+02   0.31419E-04
   0.61408E+02   0.39862E-03
   0.61417E+02   0.66582E-06
   0.61446E+02   0.13443E-02
   0.61490E+02   0.22138E-04
   0.61494E+02   0.57147E-05
   0.61528E+02   0.52488E-05
   0.61547E+02   0.33288E-10
   0.61551E+02   0.71082E-03
   0.61598E+02   0.96555E-04
   0.61670E+02   0.38080E-07
   0.61707E+02   0.73682E-03
   0.61713E+02   0.29330E-08
   0.61746E+02   0.36692E-05
   0.61767E+02   0.44833E-09
   0.61783E+02   0.22462E-04
   0.61855E+02   0.38601E-03
   0.61877E+02   0.22494E-03
   0.61884E+02   0.20137E-09
   0.61896E+02   0.10048E-03
   0.61897E+02   0.31668E-03
   0.61913E+02   0.72794E-03
   0.61922E+02   0.50846E-03
   0.61929E+02   0.33184E-05
   0.61991E+02   0.11969E-03
   0.62024E+02   0.26249E-02
   0.62081E+02   0.88147E-07
   0.62088E+02   0.23068E-03
   0.62113E+02   0.76989E-03
   0.62205E+02   0.44900E-08
   0.62250E+02   0.53276E-03
   0.62275E+02   0.80497E-10
   0.62345E+02   0.38246E-05
   0.62370E+02   0.13227E-03
   0.62392E+02   0.77968E-08
   0.62475E+02   0.87170E-04
   0.62491E+02   0.69122E-09
   0.62498E+02   0.30645E-06
   0.62537E+02   0.13380E-10
   0.62539E+02   0.27525E-02
   0.62560E+02   0.42554E-08
   0.62667E+02   0.11624E-02
   0.62752E+02   0.77249E-07
   0.62770E+02   0.39291E-02
   0.62821E+02   0.83597E-10
   0.62857E+02   0.39199E-04
   0.62883E+02   0.33030E-09
   0.62919E+02   0.18128E-05
   0.62950E+02   0.11206E-07
   0.63068E+02   0.12601E-02
   0.63116E+02   0.17609E-03
   0.63206E+02   0.32512E-03
   0.63224E+02   0.71794E-08
   0.63296E+02   0.12294E-10
   0.63343E+02   0.14913E-03
   0.63534E+02   0.33345E-14
   0.63645E+02   0.46182E-06
   0.63661E+02   0.90511E-03
   0.63697E+02   0.40527E-03
   0.63735E+02   0.98190E-11
   0.63872E+02   0.11569E-03
   0.63907E+02   0.24110E-08
   0.63998E+02   0.43786E-07
   0.64025E+02   0.14772E-02
   0.64109E+02   0.10432E-13
   0.64123E+02   0.51199E-03
   0.64189E+02   0.86237E-05
   0.64253E+02   0.69633E-04
   0.64270E+02   0.28484E-02
   0.64391E+02   0.11408E-02
   0.64392E+02   0.19814E-04
   0.64486E+02   0.34855E-04
   0.64601E+02   0.14400E-04
   0.64633E+02   0.34907E-08
   0.64735E+02   0.62400E-03
   0.64776E+02   0.19572E-06
   0.64812E+02   0.61547E-05
   0.64825E+02   0.46353E-04
   0.64834E+02   0.18091E-07
   0.64845E+02   0.60689E-09
   0.64946E+02   0.43367E-05
   0.65211E+02   0.11481E-07
   0.65264E+02   0.18511E-07
   0.65394E+02   0.25953E-04
   0.65396E+02   0.14912E-02
   0.65410E+02   0.16070E-02
   0.65415E+02   0.12411E-02
   0.65464E+02   0.17566E-03
   0.65508E+02   0.50483E-04
   0.65556E+02   0.10514E-02
   0.65573E+02   0.13301E-03
   0.65584E+02   0.25563E-03
   0.65663E+02   0.86006E-03
   0.65813E+02   0.52453E-03
   0.65858E+02   0.38618E-08
   0.65907E+02   0.89836E-04
   0.65979E+02   0.32961E-03
   0.66007E+02   0.52495E-03
   0.66026E+02   0.31082E-06
   0.66074E+02   0.12370E-03
   0.66134E+02   0.17762E-06
   0.66156E+02   0.15470E-02
   0.66229E+02   0.11069E-05
   0.66405E+02   0.82488E-05
   0.66433E+02   0.16710E-02
   0.66445E+02   0.89633E-04
   0.66505E+02   0.73089E-03
   0.66535E+02   0.53162E-03
   0.66646E+02   0.11687E-07
   0.66684E+02   0.23463E-11
   0.66752E+02   0.12282E-01
   0.66821E+02   0.32131E-02
   0.66906E+02   0.94373E-02
   0.66954E+02   0.95823E-02
   0.66985E+02   0.77131E-04
   0.67165E+02   0.25227E-12
   0.67277E+02   0.33094E-04
   0.67336E+02   0.11947E-02
   0.67378E+02   0.17595E-02
   0.67398E+02   0.51032E-08
   0.67444E+02   0.10548E-08
   0.67588E+02   0.12091E-10
   0.67666E+02   0.83460E-10
   0.67695E+02   0.48642E-03
   0.67731E+02   0.45994E-11
   0.67733E+02   0.97801E-04
   0.67774E+02   0.38975E-05
   0.67783E+02   0.80524E-04
   0.67866E+02   0.89211E-03
   0.67885E+02   0.62712E-03
   0.68003E+02   0.22713E-04
   0.68124E+02   0.16821E-14
   0.68182E+02   0.17496E-04
   0.68209E+02   0.26742E-02
   0.68213E+02   0.45454E-02
   0.68231E+02   0.16470E-03
   0.68244E+02   0.77621E-10
   0.68267E+02   0.22434E-04
   0.68299E+02   0.12437E-02
   0.68313E+02   0.62214E-03
   0.68359E+02   0.27366E-08
   0.68485E+02   0.52860E-03
   0.68513E+02   0.77757E-14
   0.68658E+02   0.84625E-11
   0.68802E+02   0.20650E-07
   0.68820E+02   0.66416E-03
   0.68849E+02   0.35355E-09
   0.69031E+02   0.97520E-03
   0.69054E+02   0.13487E-02
   0.69082E+02   0.16356E-05
   0.69119E+02   0.18267E-09
   0.69366E+02   0.12206E-05
   0.69377E+02   0.34362E-03
   0.69566E+02   0.11929E-02
   0.69662E+02   0.35058E-03
   0.69711E+02   0.13780E-06
   0.69711E+02   0.18593E-08
   0.69726E+02   0.29282E-10
   0.69805E+02   0.21016E-03
   0.69900E+02   0.89813E-03
   0.70022E+02   0.32680E-02
   0.70038E+02   0.16259E-03
   0.70072E+02   0.13605E-04
   0.70092E+02   0.74314E-11
   0.70101E+02   0.14373E-06
   0.70156E+02   0.13704E-07
   0.70226E+02   0.65195E-05
   0.70248E+02   0.38988E-04
   0.70427E+02   0.11870E-04
   0.70529E+02   0.42704E-04
   0.70599E+02   0.25039E-04
   0.70760E+02   0.14003E-02
   0.70778E+02   0.35713E-03
   0.70816E+02   0.20841E-04
   0.70837E+02   0.18258E-02
   0.70942E+02   0.16859E-04
   0.70978E+02   0.44403E-04
   0.71012E+02   0.52224E-07
   0.71233E+02   0.14860E-07
   0.71242E+02   0.13744E-03
   0.71286E+02   0.82427E-05
   0.71302E+02   0.13427E-05
   0.71387E+02   0.18245E-02
   0.71398E+02   0.92736E-02
   0.71421E+02   0.45280E-03
   0.71437E+02   0.45872E-05
   0.71550E+02   0.13887E-03
   0.71602E+02   0.18475E-07
   0.71624E+02   0.29182E-08
   0.71642E+02   0.38475E-04
   0.71680E+02   0.22289E-03
   0.71694E+02   0.85903E-03
   0.71741E+02   0.41711E-10
   0.71789E+02   0.94608E-06
   0.71903E+02   0.12678E-08
   0.71914E+02   0.10745E-02
   0.71966E+02   0.35162E-09
   0.71966E+02   0.75992E-08
   0.71993E+02   0.63982E-05
   0.72026E+02   0.88091E-04
   0.72050E+02   0.35946E-04
   0.72149E+02   0.93532E-04
   0.72208E+02   0.46470E-09
   0.72210E+02   0.90357E-03
   0.72272E+02   0.37103E-07
   0.72307E+02   0.46704E-05
   0.72316E+02   0.49751E-05
   0.72322E+02   0.34914E-04
   0.72342E+02   0.26680E-08
   0.72352E+02   0.84955E-11
   0.72376E+02   0.39356E-07
   0.72494E+02   0.15855E-08
   0.72522E+02   0.17588E-11
   0.72557E+02   0.13260E-04
   0.72625E+02   0.11168E-04
   0.72814E+02   0.59260E-05
   0.72835E+02   0.16088E-05
   0.72895E+02   0.16704E-03
   0.72907E+02   0.90326E-12
   0.72925E+02   0.74561E-05
   0.72953E+02   0.46024E-07
   0.73065E+02   0.36510E-03
   0.73076E+02   0.36729E-06
   0.73079E+02   0.65733E-05
   0.73088E+02   0.61691E-05
   0.73089E+02   0.35163E-06
   0.73122E+02   0.12322E-06
   0.73138E+02   0.53305E-05
   0.73196E+02   0.95042E-05
   0.73232E+02   0.32376E-02
   0.73260E+02   0.52439E-03
   0.73263E+02   0.81423E-12
   0.73280E+02   0.57246E-02
   0.73337E+02   0.21213E-05
   0.73368E+02   0.18647E-04
   0.73506E+02   0.15790E-03
   0.73508E+02   0.25374E-03
   0.73516E+02   0.50362E-10
   0.73556E+02   0.66313E-03
   0.73617E+02   0.90757E-06
   0.73678E+02   0.21726E-09
   0.73763E+02   0.13448E-04
   0.73829E+02   0.64706E-03
   0.73848E+02   0.12145E-05
   0.73895E+02   0.26985E-03
   0.73924E+02   0.28763E-03
   0.73939E+02   0.23172E-12
   0.74003E+02   0.41781E-05
   0.74013E+02   0.60927E-06
   0.74053E+02   0.31825E-07
   0.74080E+02   0.23199E-11
   0.74106E+02   0.64817E-14
   0.74139E+02   0.21620E-08
   0.74176E+02   0.23193E-10
   0.74241E+02   0.16283E-11
   0.74245E+02   0.12657E-08
   0.74279E+02   0.20041E-10
   0.74300E+02   0.18722E-04
   0.74370E+02   0.49616E-09
   0.74533E+02   0.26738E-10
   0.74584E+02   0.57380E-03
   0.74669E+02   0.40039E-03
   0.74703E+02   0.21312E-03
   0.74730E+02   0.46730E-04
   0.74760E+02   0.78515E-06
   0.74805E+02   0.32379E-04
   0.74904E+02   0.52972E-04
   0.75009E+02   0.22377E-02
   0.75021E+02   0.52752E-05
   0.75029E+02   0.10771E-01
   0.75099E+02   0.11310E-03
   0.75146E+02   0.27045E-03
   0.75269E+02   0.12810E-14
   0.75344E+02   0.21867E-04
   0.75368E+02   0.39887E-05
   0.75376E+02   0.11070E-05
   0.75386E+02   0.40541E-13
   0.75450E+02   0.33481E-10
   0.75482E+02   0.25514E-09
   0.75511E+02   0.32827E-03
   0.75531E+02   0.15242E-03
   0.75543E+02   0.18842E-04
   0.75635E+02   0.72876E-03
   0.75814E+02   0.11118E-03
   0.75868E+02   0.17697E-02
   0.75893E+02   0.12397E-10
   0.75909E+02   0.77845E-04
   0.75957E+02   0.68169E-16
   0.75998E+02   0.65064E-04
   0.76058E+02   0.68944E-02
   0.76104E+02   0.54479E-04
   0.76186E+02   0.11349E-03
   0.76210E+02   0.94854E-03
   0.76252E+02   0.79015E-03
   0.76259E+02   0.10452E-03
   0.76261E+02   0.17751E-04
   0.76415E+02   0.86296E-03
   0.76419E+02   0.85917E-04
   0.76427E+02   0.20667E-04
   0.76445E+02   0.31167E-06
   0.76457E+02   0.16372E-03
   0.76700E+02   0.26383E-08
   0.76708E+02   0.26067E-05
   0.76794E+02   0.41881E-04
   0.76922E+02   0.43699E-04
   0.76931E+02   0.70961E-04
   0.76944E+02   0.56505E-05
   0.77013E+02   0.30322E-05
   0.77028E+02   0.59026E-05
   0.77127E+02   0.36766E-03
   0.77143E+02   0.76450E-12
   0.77198E+02   0.17418E-07
   0.77223E+02   0.17054E-06
   0.77258E+02   0.55601E-03
   0.77265E+02   0.23680E-04
   0.77341E+02   0.10888E-05
   0.77348E+02   0.47467E-03
   0.77378E+02   0.65933E-03
   0.77476E+02   0.91626E-03
   0.77480E+02   0.33207E-06
   0.77485E+02   0.11885E-06
   0.77539E+02   0.14965E-06
   0.77543E+02   0.13254E-07
   0.77581E+02   0.10747E-05
   0.77606E+02   0.22772E-09
   0.77674E+02   0.12966E-09
   0.77705E+02   0.30770E-07
   0.77710E+02   0.29663E-05
   0.77771E+02   0.49071E-02
   0.77781E+02   0.42546E-06
   0.77783E+02   0.15626E-02
   0.77796E+02   0.14973E-03
   0.77810E+02   0.13996E-06
   0.77824E+02   0.78235E-03
   0.77825E+02   0.45288E-05
   0.77833E+02   0.48116E-06
   0.77912E+02   0.34416E-15
   0.77922E+02   0.12531E-07
   0.77923E+02   0.15169E-04
   0.78069E+02   0.11220E-03
   0.78187E+02   0.12776E-01
   0.78332E+02   0.28459E-03
   0.78400E+02   0.23101E-12
   0.78453E+02   0.36118E-07
   0.78549E+02   0.93406E-09
   0.78549E+02   0.15595E-08
   0.78573E+02   0.14281E-05
   0.78592E+02   0.11310E-03
   0.78658E+02   0.42136E-02
   0.78674E+02   0.23904E-07
   0.78700E+02   0.18752E-03
   0.78870E+02   0.37447E-04
   0.78874E+02   0.23806E-04
   0.78956E+02   0.12225E-06
   0.79039E+02   0.18973E-04
   0.79110E+02   0.31134E-07
   0.79134E+02   0.37996E-05
   0.79149E+02   0.28758E-02
   0.79294E+02   0.51561E-13
   0.79317E+02   0.23599E-05
   0.79398E+02   0.70093E-03
   0.79462E+02   0.43406E-03
   0.79566E+02   0.18604E-02
   0.79683E+02   0.17386E-10
   0.79759E+02   0.48150E-04
   0.79771E+02   0.28519E-14
   0.79888E+02   0.19213E-02
   0.79896E+02   0.18231E-07
   0.79897E+02   0.20332E-08
   0.80044E+02   0.11556E-03
   0.80099E+02   0.31228E-03
   0.80179E+02   0.28334E-03
   0.80294E+02   0.15012E-03
   0.80303E+02   0.92069E-03
   0.80371E+02   0.38795E-04
   0.80440E+02   0.15420E-03
   0.80463E+02   0.24164E-08
   0.80465E+02   0.63184E-08
   0.80646E+02   0.21121E-03
   0.80833E+02   0.98537E-04
   0.80901E+02   0.47235E-11
   0.80942E+02   0.16596E-08
   0.80945E+02   0.72315E-03
   0.80969E+02   0.11692E-04
   0.81083E+02   0.35124E-06
   0.81108E+02   0.18930E-08
   0.81228E+02   0.92534E-04
   0.81275E+02   0.15489E-11
   0.81290E+02   0.28364E-04
   0.81303E+02   0.77573E-06
   0.81322E+02   0.55866E-08
   0.81391E+02   0.14866E-05
   0.81392E+02   0.26023E-03
   0.81403E+02   0.16728E-02
   0.81475E+02   0.11041E-07
   0.81515E+02   0.22302E-02
   0.81585E+02   0.28717E-03
   0.81692E+02   0.16506E-04
   0.81739E+02   0.14848E-08
   0.81809E+02   0.33114E-04
   0.81819E+02   0.30400E-03
   0.81861E+02   0.32182E-05
   0.81923E+02   0.61870E-05
   0.81930E+02   0.36064E-06
   0.82030E+02   0.31986E-04
   0.82065E+02   0.21181E-05
   0.82072E+02   0.31800E-02
   0.82092E+02   0.53350E-07
   0.82092E+02   0.40408E-07
   0.82153E+02   0.58036E-06
   0.82176E+02   0.21975E-03
   0.82179E+02   0.92189E-07
   0.82218E+02   0.29821E-11
   0.82321E+02   0.70949E-04
   0.82354E+02   0.38404E-03
   0.82388E+02   0.51183E-09
   0.82449E+02   0.18710E-04
   0.82471E+02   0.21002E-09
   0.82522E+02   0.10729E-03
   0.82527E+02   0.91733E-03
   0.82538E+02   0.47567E-02
   0.82542E+02   0.12789E-02
   0.82544E+02   0.63022E-02
   0.82622E+02   0.84416E-05
   0.82626E+02   0.54423E-04
   0.82656E+02   0.15791E-03
   0.82664E+02   0.28716E-02
   0.82804E+02   0.56990E-04
   0.82810E+02   0.68745E-04
   0.82825E+02   0.39401E-05
   0.82865E+02   0.16503E-07
   0.82866E+02   0.13861E-03
   0.82919E+02   0.11230E-03
   0.82992E+02   0.49483E-06
   0.83082E+02   0.39190E-09
   0.83138E+02   0.26529E-03
   0.83165E+02   0.25124E-03
   0.83231E+02   0.44629E-04
   0.83286E+02   0.11762E-02
   0.83317E+02   0.27153E-05
   0.83345E+02   0.36610E-03
   0.83374E+02   0.11874E-03
   0.83406E+02   0.18333E-03
   0.83409E+02   0.59350E-08
   0.83441E+02   0.26155E-05
   0.83465E+02   0.95244E-04
   0.83513E+02   0.31164E-04
   0.83537E+02   0.10997E-08
   0.83563E+02   0.95950E-04
   0.83575E+02   0.12383E-03
   0.83597E+02   0.89650E-09
   0.83602E+02   0.22353E-07
   0.83613E+02   0.10821E-04
   0.83653E+02   0.71614E-06
   0.83686E+02   0.64312E-05
   0.83744E+02   0.24199E-04
   0.83832E+02   0.98435E-06
   0.83849E+02   0.26091E-03
   0.83964E+02   0.33283E-03
   0.83973E+02   0.12060E-04
   0.83995E+02   0.14092E-03
   0.84004E+02   0.79754E-12
   0.84061E+02   0.18996E-05
   0.84148E+02   0.21324E-06
   0.84185E+02   0.17639E-04
   0.84261E+02   0.36212E-04
   0.84350E+02   0.95539E-04
   0.84364E+02   0.43887E-03
   0.84561E+02   0.25158E-09
   0.84573E+02   0.33283E-08
   0.84585E+02   0.63407E-07
   0.84666E+02   0.56230E-14
   0.84741E+02   0.75595E-04
   0.84760E+02   0.41085E-08
   0.84906E+02   0.14169E-04
   0.84960E+02   0.34250E-05
   0.84974E+02   0.82790E-04
   0.85002E+02   0.11189E-03
   0.85035E+02   0.75474E-05
   0.85068E+02   0.35597E-08
   0.85074E+02   0.31046E-03
   0.85078E+02   0.22130E-07
   0.85129E+02   0.38325E-04
   0.85150E+02   0.83138E-04
   0.85173E+02   0.58973E-03
   0.85208E+02   0.15195E-08
   0.85238E+02   0.44653E-08
   0.85321E+02   0.28779E-03
   0.85346E+02   0.54017E-04
   0.85347E+02   0.48626E-05
   0.85375E+02   0.83136E-04
   0.85388E+02   0.35010E-04
   0.85422E+02   0.28970E-04
   0.85469E+02   0.31542E-05
   0.85473E+02   0.29932E-06
   0.85483E+02   0.53956E-04
   0.85492E+02   0.12346E-03
   0.85524E+02   0.10192E-02
   0.85559E+02   0.45678E-03
   0.85562E+02   0.35959E-05
   0.85563E+02   0.65580E-04
   0.85576E+02   0.87856E-08
   0.85613E+02   0.43335E-07
   0.85666E+02   0.44345E-04
   0.85684E+02   0.49612E-03
   0.85741E+02   0.12459E-04
   0.85812E+02   0.10666E-07
   0.85823E+02   0.20045E-05
   0.85824E+02   0.14091E-07
   0.85828E+02   0.65935E-11
   0.85886E+02   0.26491E-11
   0.85941E+02   0.10226E-09
   0.85972E+02   0.72147E-11
   0.85979E+02   0.58333E-04
   0.86015E+02   0.20477E-03
   0.86062E+02   0.96149E-09
   0.86075E+02   0.81567E-05
   0.86076E+02   0.31310E-12
   0.86076E+02   0.17640E-08
   0.86084E+02   0.17820E-09
   0.86104E+02   0.88187E-04
   0.86200E+02   0.18714E-04
   0.86256E+02   0.10165E-09
   0.86292E+02   0.12162E-10
   0.86389E+02   0.19383E-03
   0.86476E+02   0.16327E-07
   0.86486E+02   0.85703E-03
   0.86492E+02   0.23428E-02
   0.86543E+02   0.38175E-03
   0.86553E+02   0.12386E-08
   0.86561E+02   0.89976E-05
   0.86604E+02   0.36592E-04
   0.86655E+02   0.10390E-04
   0.86702E+02   0.89092E-04
   0.86707E+02   0.15820E-05
   0.86773E+02   0.34269E-07
   0.86777E+02   0.45684E-03
   0.86969E+02   0.21323E-03
   0.86978E+02   0.59415E-07
   0.87017E+02   0.11215E-02
   0.87020E+02   0.67854E-12
   0.87024E+02   0.53428E-04
   0.87111E+02   0.65445E-05
   0.87112E+02   0.16784E-11
   0.87141E+02   0.37428E-05
   0.87277E+02   0.11341E-08
   0.87308E+02   0.34281E-11
   0.87357E+02   0.28220E-05
   0.87495E+02   0.16319E-11
   0.87497E+02   0.11990E-10
   0.87714E+02   0.14831E-09
   0.87802E+02   0.63501E-11
   0.87848E+02   0.45421E-05
   0.87921E+02   0.39290E-04
   0.88039E+02   0.54360E-05
   0.88044E+02   0.81722E-14
   0.88088E+02   0.95561E-04
   0.88125E+02   0.64918E-07
   0.88164E+02   0.10086E-03
   0.88168E+02   0.22335E-04
   0.88171E+02   0.95102E-05
   0.88174E+02   0.14823E-03
   0.88261E+02   0.37455E-08
   0.88329E+02   0.11791E-02
   0.88345E+02   0.11282E-04
   0.88390E+02   0.61314E-03
   0.88511E+02   0.18175E-13
   0.88534E+02   0.63275E-09
   0.88628E+02   0.57035E-13
   0.88646E+02   0.37263E-04
   0.88719E+02   0.13514E-03
   0.88731E+02   0.98841E-03
   0.88801E+02   0.51837E-04
   0.88825E+02   0.59909E-04
   0.88828E+02   0.29368E-04
   0.88915E+02   0.16556E-02
   0.88957E+02   0.17991E-04
   0.88975E+02   0.19878E-06
   0.89007E+02   0.74117E-15
   0.89125E+02   0.27536E-03
   0.89157E+02   0.13668E-03
   0.89252E+02   0.10645E-02
   0.89329E+02   0.85765E-03
   0.89371E+02   0.13767E-03
   0.89395E+02   0.96833E-05
   0.89418E+02   0.67949E-03
   0.89585E+02   0.14032E-04
   0.89592E+02   0.20989E-07
   0.89613E+02   0.83040E-09
   0.89706E+02   0.27951E-03
   0.89764E+02   0.37522E-08
   0.90173E+02   0.42648E-04
   0.90254E+02   0.80738E-04
   0.90255E+02   0.95385E-04
   0.90316E+02   0.18008E-02
   0.90352E+02   0.12247E-04
   0.90430E+02   0.10174E-03
   0.90576E+02   0.19217E-03
   0.90632E+02   0.69481E-04
   0.90650E+02   0.56399E-09
   0.90712E+02   0.18985E-07
   0.90751E+02   0.49771E-03
   0.90773E+02   0.61359E-02
   0.90775E+02   0.54316E-07
   0.90894E+02   0.45342E-04
   0.90931E+02   0.12760E-03
   0.91038E+02   0.22212E-03
   0.91040E+02   0.38242E-10
   0.91128E+02   0.97479E-03
   0.91185E+02   0.88072E-12
   0.91198E+02   0.86360E-05
   0.91395E+02   0.36720E-04
   0.91489E+02   0.19336E-03
   0.91562E+02   0.55231E-03
   0.91624E+02   0.16747E-04
   0.91674E+02   0.12194E-03
   0.91675E+02   0.37216E-03
   0.91762E+02   0.92322E-05
   0.91767E+02   0.13903E-03
   0.91767E+02   0.15471E-06
   0.91840E+02   0.77557E-02
   0.91866E+02   0.14318E-06
   0.91969E+02   0.26121E-02
   0.91997E+02   0.12483E-07
   0.92074E+02   0.87450E-12
   0.92105E+02   0.88185E-06
   0.92115E+02   0.13399E-09
   0.92116E+02   0.16886E-07
   0.92123E+02   0.20553E-05
   0.92153E+02   0.17097E-04
   0.92358E+02   0.38923E-03
   0.92398E+02   0.23344E-09
   0.92438E+02   0.11101E-13
   0.92455E+02   0.52329E-06
   0.92537E+02   0.72569E-10
   0.92548E+02   0.95647E-06
   0.92752E+02   0.67161E-04
   0.92768E+02   0.19689E-03
   0.92769E+02   0.23190E-03
   0.92772E+02   0.97125E-07
   0.93064E+02   0.45085E-08
   0.93120E+02   0.82766E-10
   0.93128E+02   0.18248E-04
   0.93145E+02   0.14734E-12
   0.93175E+02   0.70449E-07
   0.93200E+02   0.76249E-04
   0.93315E+02   0.38083E-05
   0.93430E+02   0.74703E-09
   0.93478E+02   0.94728E-04
   0.93519E+02   0.13397E-12
   0.93638E+02   0.10426E-02
   0.93743E+02   0.10145E-03
   0.93778E+02   0.89367E-04
   0.93781E+02   0.12656E-03
   0.93820E+02   0.15948E-02
   0.93896E+02   0.47596E-04
   0.93897E+02   0.22630E-06
   0.93927E+02   0.21757E-06
   0.93977E+02   0.28380E-06
   0.93987E+02   0.94998E-08
   0.94003E+02   0.12819E-02
   0.94050E+02   0.13657E-03
   0.94136E+02   0.43378E-08
   0.94182E+02   0.71902E-04
   0.94183E+02   0.51624E-06
   0.94193E+02   0.50864E-07
   0.94211E+02   0.34561E-04
   0.94221E+02   0.21924E-05
   0.94264E+02   0.56858E-05
   0.94284E+02   0.37274E-03
   0.94304E+02   0.85947E-10
   0.94307E+02   0.36015E-06
   0.94323E+02   0.69977E-09
   0.94397E+02   0.84123E-03
   0.94522E+02   0.98905E-11
   0.94525E+02   0.11647E-08
   0.94842E+02   0.17859E-03
   0.94884E+02   0.30867E-06
   0.94916E+02   0.36116E-04
   0.94933E+02   0.77871E-05
   0.94950E+02   0.13913E-03
   0.94967E+02   0.92383E-04
   0.95005E+02   0.98204E-04
   0.95051E+02   0.34579E-04
   0.95105E+02   0.15430E-03
   0.95140E+02   0.11506E-04
   0.95162E+02   0.11519E-03
   0.95268E+02   0.85818E-04
   0.95281E+02   0.41786E-12
   0.95308E+02   0.28939E-04
   0.95326E+02   0.55533E-10
   0.95370E+02   0.19183E-06
   0.95372E+02   0.33904E-04
   0.95398E+02   0.14172E-04
   0.95419E+02   0.13912E-07
   0.95476E+02   0.28548E-04
   0.95607E+02   0.94844E-04
   0.95669E+02   0.15887E-03
   0.95732E+02   0.12886E-06
   0.95746E+02   0.67381E-04
   0.95746E+02   0.21667E-03
   0.95765E+02   0.11859E-10
   0.95781E+02   0.25634E-09
   0.95798E+02   0.88974E-04
   0.95807E+02   0.13628E-03
   0.95843E+02   0.12563E-05
   0.95867E+02   0.46087E-04
   0.95897E+02   0.19847E-03
   0.95909E+02   0.82756E-04
   0.95970E+02   0.26675E-03
   0.96000E+02   0.10102E-09
   0.96037E+02   0.54749E-10
   0.96151E+02   0.91787E-06
   0.96152E+02   0.11532E-03
   0.96175E+02   0.40966E-12
   0.96180E+02   0.19894E-04
   0.96199E+02   0.77283E-08
   0.96266E+02   0.12015E-04
   0.96300E+02   0.18364E-10
   0.96327E+02   0.14203E-04
   0.96351E+02   0.15780E-06
   0.96351E+02   0.18406E-07
   0.96397E+02   0.74010E-05
   0.96422E+02   0.11134E-02
   0.96451E+02   0.12713E-03
   0.96567E+02   0.26105E-04
   0.96663E+02   0.36649E-04
   0.96701E+02   0.75630E-04
   0.96713E+02   0.20569E-04
   0.96774E+02   0.53559E-05
   0.96805E+02   0.35220E-05
   0.96811E+02   0.18679E-06
   0.96871E+02   0.17225E-03
   0.96897E+02   0.67930E-05
   0.96929E+02   0.17504E-06
   0.97003E+02   0.36443E-06
   0.97103E+02   0.67666E-05
   0.97171E+02   0.15120E-05
   0.97188E+02   0.17231E-08
   0.97209E+02   0.22121E-05
   0.97219E+02   0.44184E-09
   0.97220E+02   0.33545E-04
   0.97259E+02   0.28754E-02
   0.97309E+02   0.25112E-07
   0.97374E+02   0.16364E-03
   0.97451E+02   0.63796E-03
   0.97475E+02   0.79451E-05
   0.97492E+02   0.22046E-04
   0.97563E+02   0.45487E-03
   0.97619E+02   0.24813E-11
   0.97634E+02   0.32998E-04
   0.97736E+02   0.99576E-07
   0.97743E+02   0.16082E-04
   0.97772E+02   0.35698E-06
   0.97883E+02   0.79581E-05
   0.97919E+02   0.36067E-03
   0.97963E+02   0.31781E-09
   0.98015E+02   0.16891E-07
   0.98062E+02   0.10754E-04
   0.98065E+02   0.38823E-03
   0.98173E+02   0.13585E-06
   0.98213E+02   0.83315E-03
   0.98315E+02   0.47562E-09
   0.98396E+02   0.44576E-07
   0.98396E+02   0.66827E-08
   0.98427E+02   0.65069E-04
   0.98447E+02   0.45967E-06
   0.98452E+02   0.38249E-07
   0.98456E+02   0.36620E-07
   0.98488E+02   0.20059E-08
   0.98563E+02   0.13528E-03
   0.98695E+02   0.41862E-08
   0.98745E+02   0.78945E-10
   0.98779E+02   0.46427E-08
   0.98783E+02   0.94875E-03
   0.98890E+02   0.77727E-05
   0.98997E+02   0.74017E-04
   0.99045E+02   0.32447E-04
   0.99062E+02   0.16359E-04
   0.99155E+02   0.10364E-10
   0.99207E+02   0.55585E-04
   0.99350E+02   0.13121E-11
   0.99480E+02   0.22251E-03
   0.99486E+02   0.90816E-07
   0.99488E+02   0.71341E-05
   0.99513E+02   0.15002E-03
   0.99565E+02   0.35305E-03
   0.99591E+02   0.34098E-08
   0.99766E+02   0.14846E-08
   0.99827E+02   0.60242E-03
   0.99835E+02   0.89558E-06
   0.99843E+02   0.38329E-07
   0.99856E+02   0.11470E-04
   0.99887E+02   0.20791E-03
   0.99898E+02   0.20473E-12
   0.99905E+02   0.50818E-13
   0.99922E+02   0.38927E-09
   0.99960E+02   0.19552E-03
   0.99986E+02   0.20620E-04
   0.10003E+03   0.25292E-05
   0.10007E+03   0.25334E-03
   0.10014E+03   0.35254E-11
   0.10020E+03   0.63238E-12
   0.10022E+03   0.29317E-12
   0.10026E+03   0.19695E-10
   0.10028E+03   0.79200E-04
   0.10036E+03   0.32260E-10
   0.10040E+03   0.10588E-09
   0.10041E+03   0.15186E-05
   0.10043E+03   0.22879E-12
   0.10047E+03   0.23008E-06
   0.10052E+03   0.16413E-05
   0.10055E+03   0.26879E-03
   0.10063E+03   0.19695E-08
   0.10071E+03   0.18196E-05
   0.10072E+03   0.10489E-09
   0.10088E+03   0.12206E-03
   0.10089E+03   0.28244E-12
   0.10094E+03   0.25347E-05
   0.10101E+03   0.98061E-05
   0.10102E+03   0.71512E-05
   0.10104E+03   0.15172E-03
   0.10110E+03   0.37191E-03
   0.10112E+03   0.12485E-04
   0.10113E+03   0.26386E-05
   0.10115E+03   0.37858E-11
   0.10115E+03   0.35031E-03
   0.10115E+03   0.32550E-04
   0.10127E+03   0.19259E-08
   0.10131E+03   0.70389E-04
   0.10142E+03   0.44585E-04
   0.10146E+03   0.20879E-11
   0.10149E+03   0.43647E-04
   0.10157E+03   0.11208E-02
   0.10161E+03   0.59255E-12
   0.10161E+03   0.15843E-05
   0.10166E+03   0.43728E-09
   0.10167E+03   0.31216E-04
   0.10171E+03   0.64068E-08
   0.10171E+03   0.31913E-03
   0.10175E+03   0.39827E-02
   0.10181E+03   0.51878E-07
   0.10183E+03   0.44311E-04
   0.10187E+03   0.46841E-03
   0.10193E+03   0.41849E-03
   0.10194E+03   0.61014E-14
   0.10195E+03   0.55846E-05
   0.10205E+03   0.14143E-04
   0.10222E+03   0.79788E-04
   0.10229E+03   0.24238E-03
   0.10235E+03   0.27476E-08
   0.10240E+03   0.18571E-02
   0.10243E+03   0.23906E-08
   0.10247E+03   0.44578E-09
   0.10252E+03   0.20300E-14
   0.10260E+03   0.60056E-05
   0.10262E+03   0.18505E-06
   0.10263E+03   0.17610E-03
   0.10268E+03   0.97147E-04
   0.10269E+03   0.18742E-04
   0.10271E+03   0.40452E-02
   0.10291E+03   0.15163E-04
   0.10294E+03   0.27924E-10
   0.10298E+03   0.17177E-12
   0.10306E+03   0.54544E-04
   0.10320E+03   0.45765E-04
   0.10323E+03   0.61252E-14
   0.10327E+03   0.51220E-08
   0.10334E+03   0.30714E-05
   0.10342E+03   0.70105E-05
   0.10345E+03   0.66082E-06
   0.10351E+03   0.31171E-03
   0.10375E+03   0.69764E-03
   0.10376E+03   0.35209E-03
   0.10379E+03   0.11618E-03
   0.10379E+03   0.54457E-04
   0.10381E+03   0.47152E-10
   0.10383E+03   0.31966E-04
   0.10383E+03   0.13627E-02
   0.10400E+03   0.33241E-07
   0.10402E+03   0.42859E-03
   0.10405E+03   0.51306E-04
   0.10407E+03   0.33534E-03
   0.10412E+03   0.32217E-12
   0.10442E+03   0.14062E-08
   0.10442E+03   0.54769E-08
   0.10447E+03   0.13466E-03
   0.10448E+03   0.98695E-04
   0.10448E+03   0.91602E-09
   0.10451E+03   0.23316E-08
   0.10455E+03   0.68031E-05
   0.10466E+03   0.25141E-02
   0.10469E+03   0.62952E-08
   0.10469E+03   0.67625E-05
   0.10478E+03   0.20798E-06
   0.10487E+03   0.92289E-07
   0.10488E+03   0.28136E-03
   0.10492E+03   0.17559E-08
   0.10496E+03   0.14190E-02
   0.10496E+03   0.22349E-03
   0.10497E+03   0.27032E-05
   0.10505E+03   0.99285E-12
   0.10513E+03   0.14527E-08
   0.10519E+03   0.21047E-08
   0.10520E+03   0.21688E-08
   0.10520E+03   0.29657E-03
   0.10538E+03   0.68622E-03
   0.10539E+03   0.15572E-06
   0.10548E+03   0.53645E-03
   0.10554E+03   0.81777E-03
   0.10558E+03   0.35478E-07
   0.10560E+03   0.63575E-04
   0.10564E+03   0.66306E-04
   0.10571E+03   0.70077E-03
   0.10584E+03   0.77151E-04
   0.10585E+03   0.55101E-06
   0.10586E+03   0.20269E-03
   0.10594E+03   0.15466E-11
   0.10605E+03   0.74267E-05
   0.10615E+03   0.62356E-04
   0.10618E+03   0.25547E-03
   0.10620E+03   0.16792E-03
   0.10620E+03   0.16622E-03
   0.10622E+03   0.56858E-14
   0.10626E+03   0.53969E-04
   0.10628E+03   0.95158E-05
   0.10633E+03   0.45730E-09
   0.10644E+03   0.19342E-04
   0.10649E+03   0.30809E-12
   0.10654E+03   0.10408E-03
   0.10666E+03   0.14044E-03
   0.10685E+03   0.12258E-13
   0.10689E+03   0.13621E-02
   0.10693E+03   0.67018E-08
   0.10698E+03   0.16398E-03
   0.10699E+03   0.18360E-04
   0.10703E+03   0.32581E-07
   0.10703E+03   0.33572E-05
   0.10708E+03   0.54227E-05
   0.10710E+03   0.17845E-03
   0.10710E+03   0.24550E-07
   0.10716E+03   0.69062E-04
   0.10720E+03   0.11353E-05
   0.10725E+03   0.20340E-03
   0.10734E+03   0.22388E-03
   0.10734E+03   0.14129E-03
   0.10735E+03   0.32277E-04
   0.10738E+03   0.97698E-04
   0.10748E+03   0.25100E-03
   0.10757E+03   0.58212E-12
   0.10781E+03   0.46239E-06
   0.10783E+03   0.92863E-08
   0.10786E+03   0.70074E-06
   0.10789E+03   0.28563E-07
   0.10798E+03   0.18880E-03
   0.10803E+03   0.45933E-04
   0.10806E+03   0.11511E-08
   0.10809E+03   0.81260E-03
   0.10818E+03   0.98369E-04
   0.10818E+03   0.12968E-03
   0.10823E+03   0.29599E-06
   0.10824E+03   0.12340E-02
   0.10830E+03   0.63707E-04
   0.10832E+03   0.27905E-08
   0.10835E+03   0.70157E-04
   0.10839E+03   0.97577E-05
   0.10848E+03   0.52331E-11
   0.10849E+03   0.30280E-08
   0.10849E+03   0.14979E-09
   0.10849E+03   0.45486E-09
   0.10858E+03   0.38191E-08
   0.10863E+03   0.70174E-04
   0.10866E+03   0.64606E-11
   0.10867E+03   0.65163E-04
   0.10871E+03   0.10985E-09
   0.10877E+03   0.42291E-04
   0.10879E+03   0.20579E-04
   0.10880E+03   0.77948E-04
   0.10882E+03   0.91317E-05
   0.10884E+03   0.45394E-10
   0.10896E+03   0.21711E-10
   0.10901E+03   0.27660E-06
   0.10901E+03   0.76646E-04
   0.10905E+03   0.11422E-09
   0.10906E+03   0.14700E-04
   0.10906E+03   0.13008E-03
   0.10906E+03   0.71549E-04
   0.10908E+03   0.27679E-03
   0.10911E+03   0.82502E-04
   0.10911E+03   0.93533E-11
   0.10912E+03   0.86638E-06
   0.10914E+03   0.30702E-05
   0.10915E+03   0.30950E-04
   0.10920E+03   0.65352E-04
   0.10921E+03   0.29629E-08
   0.10925E+03   0.50829E-04
   0.10926E+03   0.24536E-03
   0.10928E+03   0.42138E-04
   0.10933E+03   0.21678E-04
   0.10934E+03   0.13394E-10
   0.10937E+03   0.11417E-03
   0.10938E+03   0.34982E-08
   0.10939E+03   0.90891E-05
   0.10945E+03   0.68969E-03
   0.10945E+03   0.39643E-13
   0.10946E+03   0.17371E-10
   0.10950E+03   0.19620E-02
   0.10955E+03   0.95809E-05
   0.10960E+03   0.68698E-05
   0.10970E+03   0.91256E-14
   0.10979E+03   0.36116E-04
   0.10981E+03   0.10918E-09
   0.10982E+03   0.20813E-06
   0.10983E+03   0.13017E-06
   0.10984E+03   0.10539E-03
   0.10986E+03   0.22842E-07
   0.10991E+03   0.31679E-03
   0.10991E+03   0.65926E-07
   0.10992E+03   0.14969E-04
   0.10993E+03   0.26700E-05
   0.10999E+03   0.28646E-06
   0.10999E+03   0.22625E-06
   0.11005E+03   0.34305E-04
   0.11005E+03   0.54117E-05
   0.11007E+03   0.42753E-04
   0.11010E+03   0.15943E-03
   0.11012E+03   0.30470E-10
   0.11016E+03   0.67467E-04
   0.11020E+03   0.11040E-03
   0.11022E+03   0.28676E-04
   0.11023E+03   0.10471E-07
   0.11037E+03   0.33876E-08
   0.11040E+03   0.16483E-04
   0.11041E+03   0.31531E-09
   0.11042E+03   0.11705E-10
   0.11045E+03   0.18729E-03
   0.11046E+03   0.73101E-06
   0.11053E+03   0.23193E-05
   0.11063E+03   0.29894E-04
   0.11065E+03   0.79872E-10
   0.11083E+03   0.40648E-04
   0.11086E+03   0.58896E-04
   0.11090E+03   0.56959E-09
   0.11090E+03   0.11726E-08
   0.11115E+03   0.10013E-02
   0.11116E+03   0.29610E-04
   0.11130E+03   0.16251E-03
   0.11131E+03   0.22241E-05
   0.11148E+03   0.17207E-08
   0.11149E+03   0.56911E-04
   0.11157E+03   0.22082E-03
   0.11164E+03   0.13018E-03
   0.11169E+03   0.33181E-04
   0.11170E+03   0.29806E-08
   0.11172E+03   0.84101E-09
   0.11185E+03   0.19068E-03
   0.11189E+03   0.49538E-12
   0.11190E+03   0.24925E-04
   0.11194E+03   0.51863E-04
   0.11210E+03   0.91558E-04
   0.11212E+03   0.28816E-07
   0.11217E+03   0.53077E-12
   0.11221E+03   0.43499E-04
   0.11230E+03   0.11190E-03
   0.11234E+03   0.45618E-10
   0.11235E+03   0.36284E-04
   0.11250E+03   0.46785E-08
   0.11252E+03   0.11494E-04
   0.11256E+03   0.17615E-03
   0.11259E+03   0.29286E-03
   0.11269E+03   0.16758E-03
   0.11271E+03   0.74711E-09
   0.11273E+03   0.88882E-04
   0.11287E+03   0.14775E-09
   0.11289E+03   0.12071E-02
   0.11290E+03   0.35863E-08
   0.11290E+03   0.33669E-04
   0.11298E+03   0.26682E-15
   0.11300E+03   0.13517E-03
   0.11303E+03   0.22756E-03
   0.11313E+03   0.20879E-05
   0.11318E+03   0.13956E-11
   0.11322E+03   0.25272E-13
   0.11323E+03   0.12908E-11
   0.11326E+03   0.18540E-13
   0.11330E+03   0.33256E-03
   0.11337E+03   0.76872E-10
   0.11338E+03   0.23598E-07
   0.11338E+03   0.56519E-08
   0.11352E+03   0.10914E-06
   0.11361E+03   0.58817E-03
   0.11365E+03   0.36053E-09
   0.11366E+03   0.11090E-08
   0.11368E+03   0.15864E-03
   0.11383E+03   0.85668E-03
   0.11387E+03   0.63670E-04
   0.11412E+03   0.82968E-04
   0.11417E+03   0.10974E-03
   0.11426E+03   0.22124E-02
   0.11427E+03   0.57963E-07
   0.11434E+03   0.28160E-03
   0.11437E+03   0.10762E-03
   0.11442E+03   0.47898E-10
   0.11446E+03   0.15980E-03
   0.11454E+03   0.27296E-10
   0.11455E+03   0.14554E-03
   0.11463E+03   0.31542E-10
   0.11470E+03   0.26385E-10
   0.11473E+03   0.34860E-08
   0.11478E+03   0.15081E-02
   0.11485E+03   0.21916E-03
   0.11493E+03   0.56106E-04
   0.11503E+03   0.83902E-05
   0.11516E+03   0.87137E-04
   0.11520E+03   0.55951E-04
   0.11542E+03   0.22725E-06
   0.11553E+03   0.14109E-03
   0.11557E+03   0.42881E-09
   0.11561E+03   0.10207E-03
   0.11568E+03   0.33587E-03
   0.11571E+03   0.65476E-04
   0.11575E+03   0.13270E-03
   0.11575E+03   0.18820E-03
   0.11585E+03   0.26340E-04
   0.11589E+03   0.16962E-03
   0.11589E+03   0.59145E-03
   0.11596E+03   0.90116E-16
   0.11598E+03   0.34754E-10
   0.11599E+03   0.76051E-13
   0.11603E+03   0.37885E-05
   0.11619E+03   0.89159E-05
   0.11625E+03   0.28891E-03
   0.11628E+03   0.64989E-05
   0.11637E+03   0.15886E-09
   0.11639E+03   0.21136E-03
   0.11640E+03   0.31647E-08
   0.11645E+03   0.43906E-04
   0.11647E+03   0.90913E-10
   0.11648E+03   0.70998E-07
   0.11648E+03   0.31362E-07
   0.11660E+03   0.28837E-03
   0.11668E+03   0.39155E-06
   0.11681E+03   0.15811E-10
   0.11687E+03   0.13044E-09
   0.11692E+03   0.17424E-03
   0.11692E+03   0.54355E-04
   0.11701E+03   0.54364E-05
   0.11708E+03   0.14787E-03
   0.11714E+03   0.18899E-04
   0.11723E+03   0.40152E-03
   0.11758E+03   0.13960E-09
   0.11768E+03   0.11670E-02
   0.11769E+03   0.93697E-04
   0.11778E+03   0.66988E-04
   0.11792E+03   0.28476E-03
   0.11814E+03   0.12941E-09
   0.11818E+03   0.15580E-09
   0.11836E+03   0.11022E-03
   0.11840E+03   0.53968E-05
   0.11843E+03   0.16358E-03
   0.11843E+03   0.66374E-06
   0.11849E+03   0.10382E-09
   0.11850E+03   0.16813E-08
   0.11852E+03   0.24646E-08
   0.11852E+03   0.55746E-03
   0.11872E+03   0.21889E-11
   0.11891E+03   0.13422E-03
   0.11904E+03   0.68611E-03
   0.11908E+03   0.11959E-02
   0.11909E+03   0.20096E-07
   0.11931E+03   0.64765E-04
   0.11931E+03   0.35205E-03
   0.11935E+03   0.12545E-03
   0.11939E+03   0.38444E-09
   0.11940E+03   0.10033E-08
   0.11951E+03   0.64067E-04
   0.11963E+03   0.19362E-11
   0.11972E+03   0.29278E-03
   0.11981E+03   0.11313E-03
   0.11983E+03   0.16266E-04
   0.11996E+03   0.84819E-04
   0.12017E+03   0.10838E-03
   0.12019E+03   0.53076E-04
   0.12029E+03   0.11572E-03
   0.12039E+03   0.11675E-04
   0.12046E+03   0.65785E-04
   0.12047E+03   0.61675E-04
   0.12048E+03   0.31532E-04
   0.12059E+03   0.95651E-04
   0.12060E+03   0.17052E-10
   0.12067E+03   0.66852E-04
   0.12084E+03   0.69354E-05
   0.12090E+03   0.97056E-09
   0.12090E+03   0.21908E-12
   0.12093E+03   0.16458E-03
   0.12094E+03   0.13078E-04
   0.12103E+03   0.13373E-07
   0.12108E+03   0.87292E-04
   0.12116E+03   0.42079E-04
   0.12119E+03   0.10568E-04
   0.12124E+03   0.24892E-03
   0.12127E+03   0.40556E-13
   0.12132E+03   0.25935E-03
   0.12136E+03   0.12320E-06
   0.12167E+03   0.84358E-10
   0.12173E+03   0.66754E-07
   0.12178E+03   0.12087E-03
   0.12190E+03   0.17715E-03
   0.12190E+03   0.76838E-03
   0.12197E+03   0.32161E-10
   0.12205E+03   0.48272E-04
   0.12206E+03   0.88343E-13
   0.12210E+03   0.32887E-04
   0.12211E+03   0.39018E-10
   0.12214E+03   0.11352E-03
   0.12216E+03   0.28798E-03
   0.12219E+03   0.79028E-04
   0.12219E+03   0.11115E-02
   0.12233E+03   0.41020E-03
   0.12238E+03   0.34991E-09
   0.12240E+03   0.25622E-04
   0.12247E+03   0.13303E-03
   0.12253E+03   0.24972E-03
   0.12259E+03   0.70980E-04
   0.12260E+03   0.30282E-09
   0.12261E+03   0.15286E-07
   0.12268E+03   0.89142E-06
   0.12273E+03   0.81827E-04
   0.12277E+03   0.75929E-06
   0.12279E+03   0.92446E-11
   0.12283E+03   0.18611E-06
   0.12301E+03   0.71542E-05
   0.12304E+03   0.68865E-07
   0.12308E+03   0.63523E-04
   0.12309E+03   0.96438E-11
   0.12313E+03   0.81664E-05
   0.12323E+03   0.66962E-04
   0.12325E+03   0.24696E-06
   0.12336E+03   0.13461E-03
   0.12337E+03   0.10459E-03
   0.12339E+03   0.34344E-05
   0.12343E+03   0.96905E-10
   0.12345E+03   0.12145E-04
   0.12350E+03   0.10724E-03
   0.12352E+03   0.10673E-10
   0.12354E+03   0.15600E-03
   0.12357E+03   0.46874E-03
   0.12363E+03   0.79766E-08
   0.12372E+03   0.29404E-04
   0.12380E+03   0.19916E-13
   0.12388E+03   0.25987E-04
   0.12393E+03   0.11469E-09
   0.12393E+03   0.17635E-10
   0.12394E+03   0.24450E-08
   0.12399E+03   0.37650E-05
   0.12403E+03   0.33267E-03
   0.12404E+03   0.18792E-08
   0.12404E+03   0.19805E-04
   0.12420E+03   0.22614E-03
   0.12428E+03   0.51964E-04
   0.12440E+03   0.26111E-06
   0.12448E+03   0.68515E-04
   0.12452E+03   0.45622E-03
   0.12462E+03   0.23976E-10
   0.12470E+03   0.18274E-08
   0.12471E+03   0.13637E-04
   0.12472E+03   0.10383E-09
   0.12473E+03   0.22997E-09
   0.12475E+03   0.14655E-03
   0.12476E+03   0.16950E-03
   0.12485E+03   0.16384E-04
   0.12511E+03   0.21193E-04
   0.12512E+03   0.69072E-05
   0.12513E+03   0.23389E-02
   0.12514E+03   0.88226E-10
   0.12519E+03   0.20332E-03
   0.12538E+03   0.12433E-03
   0.12541E+03   0.94182E-10
   0.12556E+03   0.22589E-10
   0.12559E+03   0.62089E-04
   0.12561E+03   0.74057E-11
   0.12569E+03   0.13592E-03
   0.12583E+03   0.60883E-04
   0.12583E+03   0.96446E-09
   0.12587E+03   0.62695E-04
   0.12591E+03   0.83043E-10
   0.12593E+03   0.49080E-08
   0.12593E+03   0.19027E-06
   0.12598E+03   0.14676E-13
   0.12600E+03   0.22833E-10
   0.12605E+03   0.30136E-04
   0.12614E+03   0.52581E-09
   0.12627E+03   0.94812E-04
   0.12631E+03   0.15008E-03
   0.12633E+03   0.16597E-04
   0.12639E+03   0.16883E-10
   0.12652E+03   0.35054E-07
   0.12657E+03   0.44998E-11
   0.12660E+03   0.75391E-04
   0.12661E+03   0.13734E-10
   0.12665E+03   0.48410E-06
   0.12671E+03   0.88697E-03
   0.12684E+03   0.25201E-16
   0.12698E+03   0.28063E-04
   0.12709E+03   0.99747E-05
   0.12727E+03   0.26671E-09
   0.12740E+03   0.24193E-03
   0.12742E+03   0.68898E-13
   0.12747E+03   0.30524E-04
   0.12747E+03   0.49252E-04
   0.12749E+03   0.36252E-03
   0.12769E+03   0.45577E-10
   0.12790E+03   0.25781E-03
   0.12804E+03   0.55566E-04
   0.12806E+03   0.48905E-03
   0.12816E+03   0.19684E-03
   0.12827E+03   0.17666E-06
   0.12830E+03   0.11828E-05
   0.12843E+03   0.41060E-03
   0.12871E+03   0.67790E-03
   0.12872E+03   0.12388E-08
   0.12884E+03   0.10502E-03
   0.12891E+03   0.19992E-12
   0.12900E+03   0.15102E-10
   0.12903E+03   0.26354E-11
   0.12908E+03   0.44549E-04
   0.12929E+03   0.61916E-04
   0.12936E+03   0.20629E-03
   0.12946E+03   0.10453E-03
   0.12952E+03   0.68895E-05
   0.12957E+03   0.48042E-05
   0.12961E+03   0.47524E-10
   0.12973E+03   0.60329E-04
   0.12975E+03   0.12791E-03
   0.12983E+03   0.11359E-04
   0.12983E+03   0.58667E-03
   0.12990E+03   0.23198E-03
   0.12995E+03   0.21392E-03
   0.12995E+03   0.39703E-03
   0.13006E+03   0.60844E-11
   0.13008E+03   0.25202E-11
   0.13018E+03   0.10509E-03
   0.13025E+03   0.11736E-03
   0.13029E+03   0.21482E-09
   0.13031E+03   0.84054E-10
   0.13035E+03   0.13100E-03
   0.13042E+03   0.24049E-03
   0.13046E+03   0.22947E-03
   0.13054E+03   0.51723E-11
   0.13065E+03   0.13311E-03
   0.13067E+03   0.89028E-04
   0.13090E+03   0.41222E-03
   0.13095E+03   0.91940E-10
   0.13107E+03   0.71591E-04
   0.13112E+03   0.12037E-11
   0.13118E+03   0.12874E-04
   0.13127E+03   0.10546E-03
   0.13128E+03   0.85176E-06
   0.13149E+03   0.97374E-04
   0.13149E+03   0.90403E-10
   0.13159E+03   0.99904E-11
   0.13182E+03   0.10303E-09
   0.13200E+03   0.99031E-04
   0.13214E+03   0.23978E-03
   0.13234E+03   0.78966E-04
   0.13244E+03   0.33771E-04
   0.13247E+03   0.49767E-15
   0.13276E+03   0.14171E-04
   0.13306E+03   0.82710E-03
   0.13310E+03   0.70060E-12
   0.13315E+03   0.10628E-03
   0.13324E+03   0.15853E-03
   0.13372E+03   0.68359E-04
   0.13374E+03   0.39948E-03
   0.13385E+03   0.44993E-10
   0.13387E+03   0.21185E-03
   0.13402E+03   0.52453E-05
   0.13403E+03   0.76285E-04
   0.13407E+03   0.85030E-13
   0.13422E+03   0.16544E-03
   0.13428E+03   0.91244E-06
   0.13458E+03   0.15376E-03
   0.13463E+03   0.35957E-04
   0.13463E+03   0.96830E-13
   0.13480E+03   0.38505E-03
   0.13510E+03   0.38549E-04
   0.13529E+03   0.44675E-03
   0.13572E+03   0.36360E-10
   0.13584E+03   0.28407E-04
   0.13602E+03   0.22428E-03
   0.13613E+03   0.11584E-10
   0.13615E+03   0.65508E-10
   0.13622E+03   0.32118E-03
   0.13624E+03   0.11486E-09
   0.13639E+03   0.85846E-05
   0.13649E+03   0.17321E-11
   0.13663E+03   0.51338E-04
   0.13668E+03   0.84061E-05
   0.13669E+03   0.18881E-03
   0.13671E+03   0.66077E-11
   0.13677E+03   0.37495E-06
   0.13712E+03   0.21063E-09
   0.13715E+03   0.68215E-04
   0.13721E+03   0.18423E-02
   0.13737E+03   0.90998E-05
   0.13741E+03   0.22547E-03
   0.13744E+03   0.32522E-11
   0.13748E+03   0.11909E-05
   0.13770E+03   0.38206E-10
   0.13779E+03   0.12998E-03
   0.13781E+03   0.28133E-04
   0.13783E+03   0.73778E-05
   0.13819E+03   0.26980E-04
   0.13844E+03   0.15625E-03
   0.13846E+03   0.21302E-08
   0.13856E+03   0.49472E-10
   0.13876E+03   0.58608E-03
   0.13885E+03   0.20421E-04
   0.13929E+03   0.14223E-04
   0.13933E+03   0.53159E-05
   0.13935E+03   0.21175E-10
   0.13936E+03   0.48853E-03
   0.13937E+03   0.10728E-08
   0.13948E+03   0.30397E-03
   0.13951E+03   0.26827E-04
   0.13953E+03   0.32258E-08
   0.13953E+03   0.96751E-05
   0.13965E+03   0.10621E-03
   0.13970E+03   0.91667E-04
   0.13980E+03   0.11345E-05
   0.13984E+03   0.68231E-04
   0.13985E+03   0.24277E-09
   0.13994E+03   0.98185E-05
   0.14000E+03   0.68261E-04
   0.14001E+03   0.13557E-04
   0.14009E+03   0.32871E-05
   0.14009E+03   0.85397E-04
   0.14019E+03   0.31118E-11
   0.14029E+03   0.12388E-07
   0.14042E+03   0.12460E-03
   0.14049E+03   0.10560E-09
   0.14051E+03   0.74660E-04
   0.14058E+03   0.55683E-09
   0.14075E+03   0.20285E-03
   0.14078E+03   0.22407E-10
   0.14081E+03   0.15259E-11
   0.14089E+03   0.23337E-11
   0.14105E+03   0.14653E-10
   0.14120E+03   0.26186E-03
   0.14167E+03   0.13668E-03
   0.14183E+03   0.25077E-04
   0.14212E+03   0.98711E-04
   0.14215E+03   0.36837E-09
   0.14215E+03   0.40256E-04
   0.14233E+03   0.79740E-03
   0.14239E+03   0.12458E-04
   0.14243E+03   0.18076E-04
   0.14245E+03   0.36194E-03
   0.14248E+03   0.13844E-09
   0.14259E+03   0.10231E-03
   0.14261E+03   0.76126E-10
   0.14268E+03   0.43758E-04
   0.14276E+03   0.63384E-04
   0.14284E+03   0.39776E-11
   0.14307E+03   0.23734E-04
   0.14335E+03   0.13058E-10
   0.14337E+03   0.45700E-04
   0.14360E+03   0.42921E-05
   0.14360E+03   0.20348E-04
   0.14362E+03   0.48071E-05
   0.14377E+03   0.33883E-05
   0.14381E+03   0.37052E-04
   0.14390E+03   0.21352E-06
   0.14410E+03   0.16824E-10
   0.14420E+03   0.10801E-03
   0.14429E+03   0.89108E-04
   0.14432E+03   0.58819E-10
   0.14437E+03   0.39049E-03
   0.14455E+03   0.41653E-11
   0.14466E+03   0.96061E-12
   0.14475E+03   0.60819E-05
   0.14481E+03   0.93240E-04
   0.14499E+03   0.18159E-10
   0.14514E+03   0.44605E-03
   0.14587E+03   0.85767E-11
   0.14591E+03   0.12880E-03
   0.14624E+03   0.13109E-10
   0.14642E+03   0.53691E-10
   0.14667E+03   0.68231E-04
   0.14670E+03   0.95678E-04
   0.14671E+03   0.65118E-04
   0.14697E+03   0.10973E-03
   0.14721E+03   0.51863E-04
   0.14740E+03   0.65542E-05
   0.14774E+03   0.11979E-03
   0.14775E+03   0.67571E-11
   0.14787E+03   0.36693E-10
   0.14811E+03   0.20842E-03
   0.14850E+03   0.12183E-03
   0.14856E+03   0.15392E-10
   0.14861E+03   0.21967E-12
   0.14879E+03   0.10009E-05
   0.14892E+03   0.56692E-03
   0.14921E+03   0.47696E-04
   0.14926E+03   0.29822E-04
   0.14968E+03   0.11984E-04
   0.15001E+03   0.20435E-04
   0.15009E+03   0.21177E-03
   0.15020E+03   0.56734E-05
   0.15033E+03   0.98782E-03
   0.15041E+03   0.22262E-10
   0.15064E+03   0.80087E-05
   0.15073E+03   0.88219E-04
   0.15085E+03   0.72247E-05
   0.15115E+03   0.58571E-06
   0.15133E+03   0.11870E-11
   0.15136E+03   0.28922E-05
   0.15136E+03   0.14839E-09
   0.15139E+03   0.18617E-11
   0.15156E+03   0.96759E-04
   0.15176E+03   0.29623E-03
   0.15185E+03   0.62589E-04
   0.15189E+03   0.28069E-03
   0.15202E+03   0.15872E-03
   0.15213E+03   0.24338E-03
   0.15222E+03   0.27620E-10
   0.15247E+03   0.58425E-10
   0.15264E+03   0.22517E-11
   0.15265E+03   0.66057E-13
   0.15277E+03   0.13019E-03
   0.15296E+03   0.20003E-10
   0.15316E+03   0.27212E-05
   0.15320E+03   0.15523E-04
   0.15327E+03   0.12413E-03
   0.15334E+03   0.91484E-04
   0.15339E+03   0.96101E-11
   0.15354E+03   0.10494E-04
   0.15355E+03   0.83452E-04
   0.15358E+03   0.79111E-11
   0.15417E+03   0.22768E-04
   0.15421E+03   0.40994E-04
   0.15423E+03   0.21218E-04
   0.15431E+03   0.10031E-10
   0.15435E+03   0.13022E-03
   0.15441E+03   0.98030E-10
   0.15454E+03   0.26286E-04
   0.15457E+03   0.24456E-05
   0.15463E+03   0.97571E-07
   0.15464E+03   0.18236E-10
   0.15481E+03   0.75661E-03
   0.15491E+03   0.51319E-04
   0.15492E+03   0.30558E-04
   0.15514E+03   0.28350E-12
   0.15541E+03   0.34320E-11
   0.15544E+03   0.23166E-09
   0.15567E+03   0.48951E-03
   0.15567E+03   0.94715E-07
   0.15580E+03   0.38954E-10
   0.15596E+03   0.41102E-05
   0.15606E+03   0.27938E-04
   0.15609E+03   0.84912E-10
   0.15621E+03   0.41347E-06
   0.15622E+03   0.30734E-06
   0.15630E+03   0.66812E-12
   0.15638E+03   0.27172E-12
   0.15659E+03   0.60646E-06
   0.15673E+03   0.10366E-06
   0.15687E+03   0.23564E-11
   0.15714E+03   0.41269E-09
   0.15717E+03   0.21067E-11
   0.15727E+03   0.86461E-04
   0.15729E+03   0.88274E-06
   0.15729E+03   0.19417E-09
   0.15746E+03   0.10545E-04
   0.15758E+03   0.54887E-05
   0.15800E+03   0.64520E-11
   0.15826E+03   0.13212E-03
   0.15831E+03   0.10144E-03
   0.15863E+03   0.15777E-03
   0.15890E+03   0.20761E-11
   0.15935E+03   0.37494E-05
   0.15994E+03   0.11569E-03
   0.15995E+03   0.68472E-03
   0.16050E+03   0.49863E-04
   0.16050E+03   0.92785E-05
   0.16059E+03   0.95795E-08
   0.16069E+03   0.97538E-11
   0.16074E+03   0.14750E-03
   0.16084E+03   0.39102E-03
   0.16086E+03   0.78659E-06
   0.16132E+03   0.15167E-11
   0.16146E+03   0.11552E-03
   0.16154E+03   0.67235E-11
   0.16192E+03   0.40529E-04
   0.16203E+03   0.90516E-05
   0.16219E+03   0.15810E-03
   0.16224E+03   0.28170E-10
   0.16226E+03   0.33026E-04
   0.16241E+03   0.17629E-10
   0.16275E+03   0.40362E-11
   0.16305E+03   0.42324E-04
   0.16325E+03   0.49815E-04
   0.16358E+03   0.48308E-05
   0.16372E+03   0.13515E-14
   0.16378E+03   0.35785E-04
   0.16407E+03   0.84144E-04
   0.16443E+03   0.26580E-04
   0.16493E+03   0.22015E-03
   0.16561E+03   0.35597E-11
   0.16565E+03   0.71864E-04
   0.16584E+03   0.72253E-04
   0.16619E+03   0.29076E-03
   0.16637E+03   0.98011E-04
   0.16670E+03   0.12244E-03
   0.16689E+03   0.77157E-04
   0.16719E+03   0.14082E-11
   0.16722E+03   0.11110E-03
   0.16781E+03   0.60373E-12
   0.16820E+03   0.35084E-03
   0.16828E+03   0.30433E-04
   0.16835E+03   0.74932E-12
   0.16844E+03   0.37027E-03
   0.16878E+03   0.99979E-04
   0.16879E+03   0.55281E-04
   0.16918E+03   0.21329E-12
   0.16936E+03   0.30171E-10
   0.16966E+03   0.16919E-03
   0.16970E+03   0.56724E-10
   0.16987E+03   0.62043E-04
   0.17022E+03   0.15759E-11
   0.17048E+03   0.22014E-03
   0.17065E+03   0.22560E-04
   0.17111E+03   0.19488E-03
   0.17120E+03   0.23070E-11
   0.17129E+03   0.36389E-04
   0.17208E+03   0.29174E-11
   0.17244E+03   0.60609E-03
   0.17255E+03   0.62440E-04
   0.17267E+03   0.48011E-03
   0.17330E+03   0.11260E-03
   0.17344E+03   0.15899E-10
   0.17348E+03   0.13913E-11
   0.17362E+03   0.12918E-04
   0.17398E+03   0.55749E-04
   0.17461E+03   0.61744E-11
   0.17473E+03   0.15519E-03
   0.17482E+03   0.85510E-04
   0.17523E+03   0.16097E-11
   0.17551E+03   0.48906E-04
   0.17556E+03   0.45045E-11
   0.17614E+03   0.17623E-03
   0.17634E+03   0.16995E-04
   0.17657E+03   0.59268E-04
   0.17677E+03   0.76669E-04
   0.17711E+03   0.77167E-05
   0.17719E+03   0.38179E-12
   0.17732E+03   0.63277E-04
   0.17885E+03   0.97487E-04
   0.17915E+03   0.34669E-03
   0.17930E+03   0.11885E-03
   0.17966E+03   0.83247E-12
   0.18002E+03   0.17754E-03
   0.18029E+03   0.59565E-04
   0.18037E+03   0.16806E-03
   0.18045E+03   0.48083E-11
   0.18068E+03   0.14366E-03
   0.18133E+03   0.19286E-12
   0.18176E+03   0.50100E-04
   0.18195E+03   0.13356E-03
   0.18204E+03   0.29471E-03
   0.18248E+03   0.17011E-10
   0.18278E+03   0.51713E-03
   0.18309E+03   0.26013E-11
   0.18318E+03   0.10422E-03
   0.18346E+03   0.74111E-11
   0.18380E+03   0.22315E-03
   0.18466E+03   0.25410E-11
   0.18475E+03   0.13869E-03
   0.18564E+03   0.35860E-03
   0.18581E+03   0.10660E-03
   0.18593E+03   0.89332E-11
   0.18610E+03   0.44123E-04
   0.18615E+03   0.45909E-03
   0.18680E+03   0.20618E-11
   0.18722E+03   0.12676E-03
   0.18866E+03   0.24007E-03
   0.18887E+03   0.29716E-14
   0.18927E+03   0.23939E-03
   0.19331E+03   0.29114E-03
   0.19445E+03   0.15008E-03
   0.19694E+03   0.18023E-03
   0.19822E+03   0.12170E-03
   0.19964E+03   0.96711E-11
   0.19973E+03   0.23835E-03
   0.19980E+03   0.14544E-03
   0.20123E+03   0.23407E-12
