  -0.92394E+01   0.42981E-03
  -0.89595E+01   0.16444E-02
  -0.78698E+01   0.14785E-10
  -0.77938E+01   0.19027E-10
  -0.74756E+01   0.40342E-05
  -0.74023E+01   0.39367E-04
  -0.71968E+01   0.22700E-04
  -0.67815E+01   0.23204E-03
  -0.63477E+01   0.39058E-01
  -0.60885E+01   0.94168E-01
  -0.60493E+01   0.72061E-07
  -0.59374E+01   0.62050E+00
  -0.58237E+01   0.13356E-09
  -0.58087E+01   0.33472E-08
  -0.55067E+01   0.11828E-09
  -0.54762E+01   0.78837E+00
  -0.50742E+01   0.32370E-08
  -0.50160E+01   0.29167E-08
  -0.48389E+01   0.25487E-08
  -0.48273E+01   0.26325E+00
  -0.44368E+01   0.65244E-01
  -0.42544E+01   0.58028E-09
  -0.41745E+01   0.16851E+00
  -0.39028E+01   0.61909E-10
  -0.36999E+01   0.88326E+00
  -0.30330E+01   0.12396E-10
  -0.27206E+01   0.83346E-08
  -0.25941E+01   0.29144E-06
  -0.25885E+01   0.21557E+00
  -0.24532E+01   0.54231E-11
  -0.22909E+01   0.12198E-09
  -0.22218E+01   0.10464E+01
  -0.19904E+01   0.11528E-07
  -0.19228E+01   0.33650E-06
  -0.19160E+01   0.44274E+00
  -0.14623E+01   0.23409E-07
  -0.11557E+01   0.65170E+00
  -0.96132E+00   0.83065E-08
  -0.68291E+00   0.13244E+01
  -0.43412E+00   0.57467E+01
  -0.52730E-01   0.47109E+00
   0.16086E-01   0.17951E+01
   0.52808E-01   0.24671E-08
   0.19219E+00   0.19036E+01
   0.22903E+00   0.33957E-09
   0.47024E+00   0.29795E-02
   0.68238E+00   0.17979E-09
   0.82575E+00   0.15113E-08
   0.10207E+01   0.23137E+01
   0.11022E+01   0.15038E-08
   0.11547E+01   0.72001E+00
   0.12256E+01   0.20686E-02
   0.12494E+01   0.51273E-04
   0.12508E+01   0.35586E-06
   0.12967E+01   0.12955E+00
   0.13209E+01   0.22823E-07
   0.14659E+01   0.12256E-09
   0.16819E+01   0.58901E-08
   0.17778E+01   0.82435E-01
   0.18392E+01   0.42344E+01
   0.18748E+01   0.21742E-06
   0.19566E+01   0.84075E+00
   0.22842E+01   0.42536E-01
   0.25360E+01   0.56964E-07
   0.28963E+01   0.20407E-09
   0.31951E+01   0.48195E+00
   0.33235E+01   0.30053E+01
   0.34348E+01   0.18457E-09
   0.35932E+01   0.77615E-03
   0.35943E+01   0.42860E-08
   0.36362E+01   0.75115E-02
   0.40426E+01   0.11148E-01
   0.41633E+01   0.92724E-05
   0.41804E+01   0.33900E-02
   0.42587E+01   0.21321E-03
   0.49273E+01   0.11805E-11
   0.49966E+01   0.14593E-11
   0.52646E+01   0.30999E-01
   0.52751E+01   0.10178E-08
   0.54425E+01   0.56697E-12
   0.55869E+01   0.87639E-10
   0.56890E+01   0.13534E-01
   0.58380E+01   0.28174E-07
   0.58627E+01   0.49486E-01
   0.59963E+01   0.25294E-08
   0.61680E+01   0.57744E-02
   0.62300E+01   0.27372E-02
   0.62974E+01   0.26411E-02
   0.63562E+01   0.92502E-10
   0.71394E+01   0.20299E-10
   0.74661E+01   0.92923E-01
   0.81215E+01   0.10761E-02
   0.85599E+01   0.58993E+01
   0.85772E+01   0.49235E-01
   0.85785E+01   0.21728E+00
   0.88484E+01   0.46643E+02
   0.88671E+01   0.12643E-04
   0.90504E+01   0.30505E-09
   0.90964E+01   0.87328E-10
   0.92165E+01   0.17230E-01
   0.92337E+01   0.83308E-02
   0.96341E+01   0.60014E-11
   0.98663E+01   0.22166E-08
   0.10023E+02   0.33104E-04
   0.10285E+02   0.48980E-08
   0.10489E+02   0.11204E+00
   0.10669E+02   0.28148E-02
   0.10809E+02   0.25921E-13
   0.10860E+02   0.67774E-12
   0.11057E+02   0.11003E-10
   0.11099E+02   0.93255E-01
   0.11148E+02   0.72514E-02
   0.11348E+02   0.35539E-09
   0.11478E+02   0.41744E-03
   0.11478E+02   0.11310E-09
   0.11496E+02   0.59648E-02
   0.11519E+02   0.36647E-02
   0.11553E+02   0.95036E-03
   0.11572E+02   0.36642E-09
   0.11591E+02   0.85335E-10
   0.11604E+02   0.50579E-01
   0.11655E+02   0.93665E-10
   0.11744E+02   0.13875E-01
   0.11770E+02   0.37937E-01
   0.11801E+02   0.21718E-02
   0.11891E+02   0.30893E-03
   0.11912E+02   0.73789E-08
   0.12028E+02   0.78076E-01
   0.12100E+02   0.10306E-08
   0.12157E+02   0.18549E-09
   0.12206E+02   0.32418E-03
   0.12213E+02   0.10283E-01
   0.12394E+02   0.79093E-08
   0.12436E+02   0.44762E-03
   0.12550E+02   0.67401E-03
   0.12628E+02   0.30831E-07
   0.12667E+02   0.12402E-03
   0.12671E+02   0.17681E-03
   0.12924E+02   0.12013E-02
   0.12929E+02   0.36226E-02
   0.12952E+02   0.15253E-01
   0.13004E+02   0.42969E-08
   0.13138E+02   0.19275E-02
   0.13195E+02   0.58528E-08
   0.13195E+02   0.53724E-02
   0.13270E+02   0.68541E-10
   0.13356E+02   0.98206E-04
   0.13388E+02   0.30298E-11
   0.13448E+02   0.57275E-03
   0.13501E+02   0.34337E-02
   0.13530E+02   0.18673E-03
   0.13541E+02   0.27185E-01
   0.13559E+02   0.12553E-02
   0.13595E+02   0.26620E-02
   0.13641E+02   0.10833E-05
   0.13685E+02   0.74268E-05
   0.13694E+02   0.43280E-03
   0.13890E+02   0.84702E-03
   0.13957E+02   0.23427E-02
   0.14020E+02   0.69494E-03
   0.14078E+02   0.56341E-02
   0.14108E+02   0.13405E-02
   0.14148E+02   0.10127E-02
   0.14173E+02   0.47435E-03
   0.14176E+02   0.72531E-03
   0.14196E+02   0.44570E-03
   0.14223E+02   0.46540E-04
   0.14300E+02   0.25580E-01
   0.14305E+02   0.41026E-08
   0.14325E+02   0.71375E-01
   0.14413E+02   0.17984E-03
   0.14420E+02   0.10640E-02
   0.14434E+02   0.44701E-03
   0.14477E+02   0.31112E-01
   0.14500E+02   0.26406E-04
   0.14631E+02   0.14355E-01
   0.14648E+02   0.57950E-09
   0.14691E+02   0.25436E-03
   0.14723E+02   0.53887E-02
   0.14737E+02   0.19065E-02
   0.14782E+02   0.44046E-09
   0.14803E+02   0.42768E-01
   0.14938E+02   0.19793E-08
   0.14942E+02   0.95038E-01
   0.14950E+02   0.11278E-08
   0.15067E+02   0.31239E-09
   0.15080E+02   0.19207E-01
   0.15109E+02   0.25942E-02
   0.15135E+02   0.10775E-01
   0.15177E+02   0.10323E+00
   0.15217E+02   0.17050E+00
   0.15251E+02   0.30923E+00
   0.15468E+02   0.62098E-09
   0.15495E+02   0.86298E-01
   0.15499E+02   0.19423E-07
   0.15562E+02   0.91006E-05
   0.15569E+02   0.31882E-11
   0.15593E+02   0.16153E-04
   0.15621E+02   0.20811E-03
   0.15747E+02   0.78158E-02
   0.15788E+02   0.46762E-01
   0.15873E+02   0.35787E-02
   0.15899E+02   0.46417E-02
   0.15984E+02   0.40105E-02
   0.16005E+02   0.22264E-02
   0.16007E+02   0.36386E-03
   0.16056E+02   0.21350E-02
   0.16068E+02   0.34105E-09
   0.16119E+02   0.55189E-03
   0.16200E+02   0.68554E-02
   0.16248E+02   0.90150E-02
   0.16341E+02   0.18075E-03
   0.16404E+02   0.43963E-04
   0.16480E+02   0.46860E-03
   0.16515E+02   0.53339E-03
   0.16560E+02   0.58468E-08
   0.16562E+02   0.38688E-03
   0.16602E+02   0.10683E-02
   0.16640E+02   0.38889E-02
   0.16656E+02   0.61404E-08
   0.16726E+02   0.23381E-03
   0.16733E+02   0.20698E-02
   0.16739E+02   0.17627E-09
   0.16745E+02   0.74135E-04
   0.16792E+02   0.17010E-04
   0.16807E+02   0.41066E-01
   0.16825E+02   0.42251E-05
   0.16851E+02   0.34454E-03
   0.16880E+02   0.16053E-02
   0.16931E+02   0.24209E-05
   0.17021E+02   0.11767E-04
   0.17049E+02   0.77787E-03
   0.17071E+02   0.72657E-04
   0.17087E+02   0.11651E-06
   0.17089E+02   0.82512E-04
   0.17111E+02   0.86533E-02
   0.17145E+02   0.88895E-03
   0.17213E+02   0.70969E-03
   0.17216E+02   0.50938E-08
   0.17291E+02   0.89343E-03
   0.17300E+02   0.27143E-09
   0.17329E+02   0.70127E-02
   0.17419E+02   0.33575E-03
   0.17442E+02   0.73455E-03
   0.17551E+02   0.13997E+00
   0.17553E+02   0.52468E-09
   0.17584E+02   0.13369E-05
   0.17687E+02   0.50549E-04
   0.17811E+02   0.30421E-09
   0.17861E+02   0.94686E-02
   0.18061E+02   0.13671E-02
   0.18266E+02   0.49366E-05
   0.18285E+02   0.60125E-11
   0.18391E+02   0.11121E-10
   0.18399E+02   0.20063E-04
   0.18409E+02   0.64080E-12
   0.18509E+02   0.50942E-05
   0.18574E+02   0.16135E-09
   0.18611E+02   0.15174E-04
   0.18647E+02   0.16050E-02
   0.18675E+02   0.62731E-03
   0.18842E+02   0.96498E-04
   0.18868E+02   0.94840E-05
   0.18930E+02   0.91865E-05
   0.18970E+02   0.44562E-04
   0.19001E+02   0.18062E-11
   0.19010E+02   0.59633E-05
   0.19056E+02   0.72980E-07
   0.19074E+02   0.31551E-03
   0.19124E+02   0.92798E-03
   0.19166E+02   0.84376E-08
   0.19169E+02   0.12631E-01
   0.19188E+02   0.15834E-02
   0.19280E+02   0.85216E-02
   0.19286E+02   0.56379E-02
   0.19348E+02   0.27499E-10
   0.19446E+02   0.59477E-05
   0.19501E+02   0.14539E-02
   0.19514E+02   0.72902E-04
   0.19536E+02   0.61353E-11
   0.19707E+02   0.34966E-02
   0.19832E+02   0.81414E-09
   0.19841E+02   0.44908E-02
   0.19930E+02   0.15619E-02
   0.19984E+02   0.29689E-03
   0.20065E+02   0.28332E-03
   0.20107E+02   0.11341E-02
   0.20190E+02   0.98393E-03
   0.20201E+02   0.20706E-03
   0.20378E+02   0.14506E-04
   0.20419E+02   0.52308E-10
   0.20507E+02   0.45913E-07
   0.20584E+02   0.55239E-03
   0.20596E+02   0.57996E-05
   0.20647E+02   0.43387E-03
   0.20721E+02   0.34851E-12
   0.20725E+02   0.18934E-04
   0.20801E+02   0.16424E-03
   0.20808E+02   0.18041E-12
   0.20896E+02   0.14238E-01
   0.21013E+02   0.45866E-03
   0.21044E+02   0.25170E-03
   0.21088E+02   0.37149E-04
   0.21121E+02   0.83049E-03
   0.21127E+02   0.84395E-02
   0.21143E+02   0.20313E-07
   0.21145E+02   0.11079E-08
   0.21176E+02   0.28689E-03
   0.21207E+02   0.30790E-02
   0.21278E+02   0.50200E-03
   0.21297E+02   0.79227E-04
   0.21378E+02   0.10855E-02
   0.21396E+02   0.66530E-03
   0.21403E+02   0.80315E-04
   0.21430E+02   0.31772E-02
   0.21453E+02   0.50628E-12
   0.21470E+02   0.41836E-02
   0.21479E+02   0.18518E-02
   0.21564E+02   0.14568E-05
   0.21655E+02   0.27218E-02
   0.21704E+02   0.94855E-05
   0.21711E+02   0.72253E-03
   0.21726E+02   0.64989E-03
   0.21764E+02   0.79254E-04
   0.21809E+02   0.80098E-02
   0.21950E+02   0.49338E-02
   0.21986E+02   0.12867E-03
   0.22029E+02   0.11890E-01
   0.22053E+02   0.76442E-02
   0.22061E+02   0.69709E-01
   0.22069E+02   0.97339E-01
   0.22123E+02   0.41443E-03
   0.22132E+02   0.13192E-09
   0.22141E+02   0.15412E-02
   0.22189E+02   0.56466E-05
   0.22217E+02   0.73225E-05
   0.22221E+02   0.11468E-05
   0.22230E+02   0.11526E-03
   0.22281E+02   0.10124E-03
   0.22331E+02   0.21145E-02
   0.22362E+02   0.10766E-01
   0.22376E+02   0.14468E-04
   0.22466E+02   0.92686E-11
   0.22520E+02   0.13201E-04
   0.22627E+02   0.22698E-02
   0.22698E+02   0.49340E-05
   0.22718E+02   0.10868E-01
   0.22728E+02   0.88464E-11
   0.22741E+02   0.33751E-02
   0.22805E+02   0.99343E-02
   0.22845E+02   0.15032E-02
   0.22858E+02   0.17291E-02
   0.22869E+02   0.98249E-04
   0.23036E+02   0.69242E-04
   0.23041E+02   0.14631E-02
   0.23113E+02   0.30061E-01
   0.23179E+02   0.20260E-03
   0.23206E+02   0.34969E-03
   0.23207E+02   0.63073E-03
   0.23262E+02   0.82643E-04
   0.23311E+02   0.23969E-05
   0.23346E+02   0.35466E-12
   0.23441E+02   0.81527E-11
   0.23463E+02   0.53265E-02
   0.23547E+02   0.35262E-02
   0.23617E+02   0.12819E-03
   0.23836E+02   0.52648E-03
   0.23891E+02   0.78909E-03
   0.23929E+02   0.26897E-03
   0.23945E+02   0.77393E-03
   0.24015E+02   0.14507E-01
   0.24028E+02   0.25347E-01
   0.24088E+02   0.52204E-13
   0.24101E+02   0.39580E-02
   0.24276E+02   0.58003E-03
   0.24320E+02   0.37574E-03
   0.24394E+02   0.89045E-04
   0.24434E+02   0.15462E-03
   0.24449E+02   0.33027E-03
   0.24463E+02   0.21610E-03
   0.24486E+02   0.12629E-03
   0.24501E+02   0.27829E-12
   0.24552E+02   0.45214E-05
   0.24582E+02   0.72997E-04
   0.24608E+02   0.31299E-02
   0.24619E+02   0.64770E-03
   0.24625E+02   0.44048E-05
   0.24627E+02   0.71695E-03
   0.24675E+02   0.92103E-04
   0.24690E+02   0.16726E-01
   0.24730E+02   0.96044E-04
   0.24744E+02   0.38084E-04
   0.24776E+02   0.53113E-03
   0.24822E+02   0.20299E-03
   0.24863E+02   0.12619E-03
   0.24893E+02   0.89880E-14
   0.24959E+02   0.11824E-02
   0.25054E+02   0.10526E-02
   0.25074E+02   0.95087E-06
   0.25091E+02   0.15708E-03
   0.25121E+02   0.11371E-01
   0.25140E+02   0.22524E-03
   0.25177E+02   0.37603E-03
   0.25274E+02   0.55577E-02
   0.25363E+02   0.56497E-04
   0.25402E+02   0.43586E-03
   0.25486E+02   0.27860E-09
   0.25492E+02   0.15484E-02
   0.25567E+02   0.48642E-04
   0.25674E+02   0.55153E-06
   0.25722E+02   0.70030E-03
   0.25740E+02   0.11784E-03
   0.25792E+02   0.40249E-05
   0.25818E+02   0.96359E-04
   0.25870E+02   0.63910E-04
   0.25915E+02   0.67189E-04
   0.25942E+02   0.13883E-04
   0.26029E+02   0.93547E-02
   0.26060E+02   0.14663E-02
   0.26104E+02   0.33450E-03
   0.26213E+02   0.84481E-04
   0.26259E+02   0.19789E-02
   0.26298E+02   0.32584E-05
   0.26463E+02   0.85502E-02
   0.26504E+02   0.13586E-02
   0.26521E+02   0.55331E-03
   0.26530E+02   0.10305E-02
   0.26581E+02   0.47069E-05
   0.26597E+02   0.27397E-12
   0.26645E+02   0.14045E-09
   0.26647E+02   0.57482E-04
   0.26675E+02   0.82568E-04
   0.26710E+02   0.12041E-03
   0.26726E+02   0.12000E-01
   0.26748E+02   0.62392E-09
   0.26754E+02   0.71807E-02
   0.26792E+02   0.26068E-01
   0.26936E+02   0.44243E-04
   0.26964E+02   0.59735E-11
   0.27010E+02   0.13093E-02
   0.27071E+02   0.67848E-02
   0.27088E+02   0.35049E-01
   0.27135E+02   0.11677E-03
   0.27142E+02   0.12719E-03
   0.27190E+02   0.33693E-11
   0.27209E+02   0.42219E-04
   0.27214E+02   0.91976E-03
   0.27241E+02   0.12351E-11
   0.27286E+02   0.50877E-02
   0.27299E+02   0.83784E-02
   0.27315E+02   0.15184E-02
   0.27342E+02   0.70683E-02
   0.27450E+02   0.53643E-03
   0.27504E+02   0.20278E-02
   0.27523E+02   0.14756E-09
   0.27608E+02   0.17464E-06
   0.27707E+02   0.65821E-12
   0.27797E+02   0.16451E-03
   0.27852E+02   0.54002E-03
   0.27927E+02   0.14039E-01
   0.27954E+02   0.21765E-02
   0.28010E+02   0.16402E-04
   0.28035E+02   0.18594E-03
   0.28083E+02   0.25757E-03
   0.28109E+02   0.77378E-05
   0.28136E+02   0.30082E-14
   0.28243E+02   0.95717E-04
   0.28259E+02   0.11800E-03
   0.28345E+02   0.21440E-04
   0.28373E+02   0.77349E-08
   0.28418E+02   0.22346E-05
   0.28454E+02   0.33353E-06
   0.28459E+02   0.24584E-05
   0.28480E+02   0.46575E-05
   0.28493E+02   0.30075E-06
   0.28548E+02   0.87859E-05
   0.28634E+02   0.24236E-04
   0.28661E+02   0.11376E-10
   0.28734E+02   0.16807E-06
   0.28745E+02   0.20378E-05
   0.28769E+02   0.23422E-04
   0.28871E+02   0.34169E-11
   0.28913E+02   0.20199E-02
   0.28969E+02   0.12520E-05
   0.29003E+02   0.55352E-06
   0.29007E+02   0.46501E-05
   0.29033E+02   0.14748E-07
   0.29095E+02   0.68505E-05
   0.29164E+02   0.10222E-10
   0.29202E+02   0.83240E-05
   0.29236E+02   0.13802E-04
   0.29253E+02   0.11014E-03
   0.29282E+02   0.16134E-03
   0.29319E+02   0.12488E-04
   0.29343E+02   0.49431E-06
   0.29490E+02   0.13927E-02
   0.29558E+02   0.21123E-03
   0.29606E+02   0.79831E-13
   0.29613E+02   0.89411E-04
   0.29662E+02   0.41232E-03
   0.29730E+02   0.43491E-03
   0.29780E+02   0.98705E-03
   0.29785E+02   0.70242E-05
   0.29808E+02   0.11600E-02
   0.29843E+02   0.20139E-04
   0.29856E+02   0.74537E-05
   0.29873E+02   0.54479E-03
   0.29953E+02   0.45333E-12
   0.29963E+02   0.10232E-04
   0.29991E+02   0.24562E-05
   0.30009E+02   0.61404E-05
   0.30020E+02   0.15820E-05
   0.30067E+02   0.22692E-04
   0.30374E+02   0.16238E-03
   0.30460E+02   0.25762E-03
   0.30496E+02   0.56239E-04
   0.30542E+02   0.20653E-03
   0.30554E+02   0.11941E-05
   0.30566E+02   0.23804E-05
   0.30589E+02   0.72154E-04
   0.30700E+02   0.85393E-05
   0.30755E+02   0.61267E-03
   0.30828E+02   0.12091E-02
   0.30860E+02   0.26647E-02
   0.30923E+02   0.99809E-03
   0.30935E+02   0.21808E-11
   0.30959E+02   0.40911E-03
   0.30963E+02   0.37245E-04
   0.30984E+02   0.21174E-05
   0.31031E+02   0.59033E-05
   0.31052E+02   0.70100E-02
   0.31058E+02   0.33654E-03
   0.31160E+02   0.27616E-03
   0.31191E+02   0.50889E-03
   0.31273E+02   0.36287E-04
   0.31305E+02   0.52445E-04
   0.31334E+02   0.11383E-04
   0.31363E+02   0.16050E-03
   0.31392E+02   0.47796E-04
   0.31414E+02   0.88520E-06
   0.31428E+02   0.15125E-03
   0.31506E+02   0.62286E-03
   0.31561E+02   0.14219E-02
   0.31620E+02   0.25608E-05
   0.31668E+02   0.38383E-04
   0.31716E+02   0.22193E-11
   0.31720E+02   0.10868E-02
   0.31765E+02   0.79614E-03
   0.31789E+02   0.30778E-04
   0.31821E+02   0.89562E-05
   0.31857E+02   0.28718E-03
   0.31939E+02   0.18910E-03
   0.32169E+02   0.15112E-05
   0.32177E+02   0.50493E-05
   0.32185E+02   0.29725E-05
   0.32234E+02   0.71360E-05
   0.32249E+02   0.30784E-04
   0.32276E+02   0.87066E-05
   0.32329E+02   0.72404E-04
   0.32395E+02   0.27915E-05
   0.32410E+02   0.99824E-05
   0.32424E+02   0.25165E-05
   0.32488E+02   0.77963E-04
   0.32560E+02   0.34749E-13
   0.32583E+02   0.47087E-03
   0.32704E+02   0.11595E-03
   0.32767E+02   0.71714E-04
   0.32805E+02   0.41177E-02
   0.32831E+02   0.25779E-03
   0.32911E+02   0.13277E-05
   0.32995E+02   0.63840E-03
   0.33088E+02   0.10777E-03
   0.33150E+02   0.31009E-02
   0.33188E+02   0.18477E-02
   0.33240E+02   0.44289E-03
   0.33313E+02   0.47853E-03
   0.33320E+02   0.65831E-03
   0.33350E+02   0.19660E-06
   0.33393E+02   0.84875E-02
   0.33443E+02   0.48354E-03
   0.33483E+02   0.12130E-02
   0.33540E+02   0.20061E-03
   0.33661E+02   0.34454E-04
   0.33679E+02   0.26719E-05
   0.33701E+02   0.57294E-04
   0.33804E+02   0.15105E-03
   0.34031E+02   0.38640E-03
   0.34068E+02   0.19170E-04
   0.34069E+02   0.50014E-08
   0.34081E+02   0.35789E-03
   0.34174E+02   0.37607E-02
   0.34176E+02   0.14103E-02
   0.34183E+02   0.47192E-02
   0.34214E+02   0.12323E-02
   0.34236E+02   0.17881E-05
   0.34254E+02   0.12694E-05
   0.34283E+02   0.34485E-03
   0.34298E+02   0.44469E-04
   0.34311E+02   0.62099E-06
   0.34330E+02   0.93189E-05
   0.34371E+02   0.24397E-02
   0.34432E+02   0.15101E-05
   0.34457E+02   0.23840E-04
   0.34460E+02   0.63333E-05
   0.34513E+02   0.12982E-04
   0.34599E+02   0.10438E-05
   0.34607E+02   0.16034E-05
   0.34627E+02   0.39029E-03
   0.34690E+02   0.36357E-08
   0.34701E+02   0.91948E-05
   0.34710E+02   0.61033E-09
   0.34717E+02   0.21624E-05
   0.34776E+02   0.39120E-04
   0.34804E+02   0.85390E-07
   0.34847E+02   0.23444E-04
   0.34854E+02   0.12179E-05
   0.34976E+02   0.74571E-12
   0.35063E+02   0.59769E-06
   0.35073E+02   0.39865E-09
   0.35076E+02   0.97359E-06
   0.35108E+02   0.38149E-05
   0.35156E+02   0.17823E-05
   0.35252E+02   0.42307E-05
   0.35405E+02   0.13496E-12
   0.35425E+02   0.22282E-05
   0.35470E+02   0.43733E-05
   0.35535E+02   0.12283E-05
   0.35624E+02   0.19185E-04
   0.35646E+02   0.33572E-05
   0.35685E+02   0.36047E-11
   0.35687E+02   0.15053E-04
   0.35758E+02   0.14787E-04
   0.35785E+02   0.16381E-04
   0.35856E+02   0.36466E-05
   0.35950E+02   0.39658E-04
   0.35953E+02   0.25455E-05
   0.35963E+02   0.25848E-03
   0.35999E+02   0.10713E-03
   0.36040E+02   0.19142E-07
   0.36066E+02   0.62675E-12
   0.36085E+02   0.56012E-06
   0.36115E+02   0.22471E-04
   0.36133E+02   0.54407E-06
   0.36199E+02   0.87396E-08
   0.36229E+02   0.20564E-10
   0.36329E+02   0.64900E-05
   0.36351E+02   0.43588E-04
   0.36404E+02   0.24892E-03
   0.36442E+02   0.17597E-08
   0.36458E+02   0.28265E-09
   0.36460E+02   0.17621E-03
   0.36475E+02   0.62049E-06
   0.36575E+02   0.45004E-03
   0.36587E+02   0.75839E-09
   0.36612E+02   0.31721E-07
   0.36618E+02   0.16113E-03
   0.36665E+02   0.15526E-02
   0.36691E+02   0.82722E-04
   0.36709E+02   0.54502E-09
   0.36730E+02   0.24804E-03
   0.36752E+02   0.17474E-03
   0.36815E+02   0.12544E-03
   0.36841E+02   0.48424E-09
   0.36926E+02   0.13322E-06
   0.36926E+02   0.42517E-07
   0.36950E+02   0.17507E-05
   0.36987E+02   0.26778E-04
   0.37052E+02   0.34335E-04
   0.37097E+02   0.66332E-04
   0.37118E+02   0.21781E-04
   0.37140E+02   0.70963E-09
   0.37146E+02   0.29370E-05
   0.37194E+02   0.27540E-08
   0.37195E+02   0.36782E-04
   0.37301E+02   0.32058E-04
   0.37372E+02   0.42626E-04
   0.37403E+02   0.37813E-04
   0.37463E+02   0.51169E-04
   0.37478E+02   0.11196E-11
   0.37494E+02   0.59113E-04
   0.37519E+02   0.65079E-05
   0.37528E+02   0.39774E-05
   0.37584E+02   0.69087E-05
   0.37631E+02   0.12775E-03
   0.37656E+02   0.16579E-03
   0.37686E+02   0.96181E-06
   0.37702E+02   0.11538E-05
   0.37733E+02   0.70485E-04
   0.37791E+02   0.57798E-03
   0.37880E+02   0.98214E-11
   0.37925E+02   0.14657E-04
   0.37988E+02   0.79480E-06
   0.38010E+02   0.35149E-05
   0.38030E+02   0.11462E-04
   0.38141E+02   0.17935E-02
   0.38157E+02   0.54091E-05
   0.38209E+02   0.85244E-03
   0.38304E+02   0.21834E-03
   0.38319E+02   0.11115E-06
   0.38351E+02   0.31131E-03
   0.38368E+02   0.32649E-04
   0.38387E+02   0.36006E-03
   0.38407E+02   0.13426E-04
   0.38441E+02   0.42917E-08
   0.38444E+02   0.35911E-02
   0.38458E+02   0.96372E-03
   0.38529E+02   0.13840E-02
   0.38540E+02   0.77828E-04
   0.38567E+02   0.22087E-04
   0.38575E+02   0.18369E-03
   0.38601E+02   0.61910E-03
   0.38625E+02   0.23653E-06
   0.38630E+02   0.75506E-03
   0.38642E+02   0.22377E-02
   0.38676E+02   0.18773E-04
   0.38680E+02   0.35714E-05
   0.38693E+02   0.83394E-06
   0.38698E+02   0.11840E-04
   0.38710E+02   0.60685E-06
   0.38788E+02   0.19161E-04
   0.38861E+02   0.13008E-02
   0.38955E+02   0.31635E-02
   0.38981E+02   0.70816E-04
   0.38991E+02   0.12109E-02
   0.39044E+02   0.11873E-03
   0.39090E+02   0.67417E-04
   0.39144E+02   0.51984E-04
   0.39165E+02   0.13143E-03
   0.39195E+02   0.86515E-04
   0.39226E+02   0.52487E-03
   0.39242E+02   0.66654E-04
   0.39251E+02   0.54861E-06
   0.39287E+02   0.14586E-03
   0.39305E+02   0.14070E-03
   0.39341E+02   0.81232E-04
   0.39369E+02   0.22762E-03
   0.39403E+02   0.86713E-03
   0.39420E+02   0.49059E-05
   0.39439E+02   0.27146E-03
   0.39440E+02   0.60818E-03
   0.39477E+02   0.20742E-04
   0.39479E+02   0.33114E-04
   0.39512E+02   0.84435E-03
   0.39521E+02   0.51662E-03
   0.39540E+02   0.36733E-03
   0.39557E+02   0.29526E-02
   0.39579E+02   0.67898E-03
   0.39603E+02   0.14462E-04
   0.39622E+02   0.12437E-04
   0.39791E+02   0.70017E-04
   0.39827E+02   0.51282E-04
   0.39847E+02   0.19784E-05
   0.39878E+02   0.14170E-03
   0.39886E+02   0.13811E-03
   0.39906E+02   0.19919E-05
   0.39918E+02   0.16500E-02
   0.39925E+02   0.28530E-02
   0.39967E+02   0.87740E-04
   0.40042E+02   0.69570E-05
   0.40054E+02   0.14809E-04
   0.40110E+02   0.23815E-05
   0.40130E+02   0.68863E-07
   0.40172E+02   0.28714E-04
   0.40201E+02   0.24551E-03
   0.40255E+02   0.14846E-03
   0.40331E+02   0.11698E-04
   0.40356E+02   0.53760E-07
   0.40357E+02   0.12499E-02
   0.40372E+02   0.17796E-09
   0.40381E+02   0.76582E-04
   0.40419E+02   0.47454E-05
   0.40543E+02   0.26232E-05
   0.40653E+02   0.72326E-06
   0.40685E+02   0.22434E-07
   0.40736E+02   0.20278E-05
   0.40781E+02   0.22693E-06
   0.40802E+02   0.54904E-05
   0.40810E+02   0.27012E-05
   0.40826E+02   0.38940E-05
   0.40877E+02   0.53580E-08
   0.40935E+02   0.15190E-04
   0.40944E+02   0.14862E-06
   0.41018E+02   0.37225E-05
   0.41035E+02   0.49939E-05
   0.41051E+02   0.20107E-05
   0.41061E+02   0.19009E-06
   0.41068E+02   0.38882E-04
   0.41076E+02   0.59383E-04
   0.41157E+02   0.48772E-11
   0.41196E+02   0.20841E-04
   0.41210E+02   0.66016E-04
   0.41319E+02   0.19763E-05
   0.41345E+02   0.12441E-03
   0.41373E+02   0.11167E-07
   0.41427E+02   0.19877E-05
   0.41472E+02   0.13435E-04
   0.41501E+02   0.51670E-03
   0.41509E+02   0.12974E-02
   0.41567E+02   0.12240E-04
   0.41588E+02   0.33129E-03
   0.41660E+02   0.18817E-06
   0.41807E+02   0.11211E-04
   0.41875E+02   0.23757E-14
   0.41925E+02   0.32481E-04
   0.41935E+02   0.11663E-06
   0.41946E+02   0.50405E-04
   0.41986E+02   0.21620E-04
   0.41993E+02   0.32440E-07
   0.42054E+02   0.47259E-05
   0.42103E+02   0.22831E-07
   0.42187E+02   0.48181E-04
   0.42198E+02   0.16621E-03
   0.42272E+02   0.99997E-11
   0.42282E+02   0.34202E-04
   0.42303E+02   0.91004E-05
   0.42338E+02   0.37917E-04
   0.42347E+02   0.20090E-04
   0.42416E+02   0.29432E-04
   0.42456E+02   0.75445E-07
   0.42479E+02   0.33507E-06
   0.42581E+02   0.73205E-04
   0.42638E+02   0.12527E-03
   0.42668E+02   0.18984E-04
   0.42683E+02   0.45634E-06
   0.42732E+02   0.38985E-03
   0.42762E+02   0.37025E-05
   0.42789E+02   0.11770E-04
   0.42843E+02   0.26125E-05
   0.42913E+02   0.43776E-04
   0.42921E+02   0.52120E-05
   0.42964E+02   0.77853E-04
   0.42991E+02   0.37354E-14
   0.43009E+02   0.35205E-05
   0.43073E+02   0.18430E-05
   0.43146E+02   0.19623E-06
   0.43168E+02   0.30103E-04
   0.43178E+02   0.12527E-04
   0.43202E+02   0.59313E-06
   0.43249E+02   0.17504E-05
   0.43274E+02   0.11095E-05
   0.43292E+02   0.83783E-07
   0.43303E+02   0.35722E-05
   0.43381E+02   0.23456E-08
   0.43522E+02   0.25554E-04
   0.43571E+02   0.37591E-05
   0.43667E+02   0.39732E-05
   0.43713E+02   0.29701E-05
   0.43785E+02   0.12687E-03
   0.43787E+02   0.28205E-09
   0.43835E+02   0.11025E-03
   0.43902E+02   0.12336E-03
   0.43924E+02   0.16042E-02
   0.43928E+02   0.11650E-02
   0.43948E+02   0.11251E-04
   0.43979E+02   0.31855E-05
   0.43981E+02   0.64302E-07
   0.44004E+02   0.60546E-05
   0.44035E+02   0.20193E-05
   0.44094E+02   0.28988E-05
   0.44109E+02   0.84120E-11
   0.44140E+02   0.25425E-06
   0.44183E+02   0.39009E-06
   0.44234E+02   0.15321E-03
   0.44248E+02   0.27537E-04
   0.44409E+02   0.78240E-05
   0.44524E+02   0.56998E-06
   0.44623E+02   0.27440E-04
   0.44626E+02   0.86117E-03
   0.44636E+02   0.28365E-05
   0.44689E+02   0.12629E-05
   0.44694E+02   0.11387E-04
   0.44703E+02   0.17132E-02
   0.44711E+02   0.13847E-03
   0.44938E+02   0.10501E-03
   0.45017E+02   0.16991E-02
   0.45038E+02   0.21999E-02
   0.45098E+02   0.90087E-04
   0.45111E+02   0.29175E-04
   0.45128E+02   0.10122E-03
   0.45141E+02   0.57460E-06
   0.45178E+02   0.40458E-04
   0.45258E+02   0.65485E-05
   0.45294E+02   0.10705E-04
   0.45302E+02   0.30660E-04
   0.45367E+02   0.51137E-05
   0.45380E+02   0.67337E-04
   0.45422E+02   0.11138E-04
   0.45493E+02   0.27136E-05
   0.45529E+02   0.36774E-10
   0.45536E+02   0.86986E-04
   0.45549E+02   0.44805E-04
   0.45570E+02   0.18177E-06
   0.45641E+02   0.56102E-05
   0.45693E+02   0.11268E-04
   0.45702E+02   0.35008E-04
   0.45754E+02   0.16511E-05
   0.45778E+02   0.12511E-05
   0.45829E+02   0.23089E-05
   0.45839E+02   0.39562E-05
   0.45912E+02   0.48174E-10
   0.45928E+02   0.75296E-05
   0.45972E+02   0.30915E-03
   0.45978E+02   0.41833E-03
   0.46016E+02   0.30475E-02
   0.46059E+02   0.90533E-05
   0.46117E+02   0.15056E-05
   0.46159E+02   0.16503E-05
   0.46168E+02   0.11885E-03
   0.46210E+02   0.20670E-04
   0.46229E+02   0.22078E-04
   0.46278E+02   0.18613E-03
   0.46285E+02   0.96240E-05
   0.46357E+02   0.12196E-04
   0.46425E+02   0.15854E-13
   0.46469E+02   0.11794E-04
   0.46484E+02   0.17072E-03
   0.46543E+02   0.74368E-06
   0.46563E+02   0.91738E-05
   0.46568E+02   0.14682E-11
   0.46571E+02   0.39732E-04
   0.46617E+02   0.98401E-05
   0.46657E+02   0.10214E-04
   0.46661E+02   0.86538E-04
   0.46691E+02   0.90189E-13
   0.46742E+02   0.21165E-04
   0.46775E+02   0.61868E-03
   0.46798E+02   0.37639E-05
   0.46809E+02   0.25048E-03
   0.46825E+02   0.80205E-04
   0.46854E+02   0.19525E-13
   0.46862E+02   0.50920E-03
   0.46882E+02   0.16055E-04
   0.46946E+02   0.10095E-03
   0.46978E+02   0.10023E-03
   0.46984E+02   0.13421E-04
   0.47021E+02   0.16528E-03
   0.47079E+02   0.21988E-03
   0.47105E+02   0.88202E-05
   0.47118E+02   0.37738E-03
   0.47213E+02   0.81672E-04
   0.47235E+02   0.23173E-02
   0.47251E+02   0.67777E-13
   0.47261E+02   0.11111E-04
   0.47266E+02   0.27734E-03
   0.47301E+02   0.72823E-08
   0.47308E+02   0.54139E-05
   0.47338E+02   0.21887E-04
   0.47379E+02   0.28355E-04
   0.47409E+02   0.85371E-04
   0.47425E+02   0.73581E-04
   0.47450E+02   0.21591E-03
   0.47505E+02   0.11326E-09
   0.47510E+02   0.12171E-01
   0.47545E+02   0.46768E-03
   0.47562E+02   0.32737E-04
   0.47611E+02   0.27406E-07
   0.47655E+02   0.26717E-04
   0.47735E+02   0.26313E-07
   0.47774E+02   0.17901E-04
   0.47779E+02   0.12399E-10
   0.47825E+02   0.21922E-05
   0.47829E+02   0.25894E-14
   0.47859E+02   0.16602E-04
   0.47874E+02   0.47373E-04
   0.47884E+02   0.22625E-03
   0.47931E+02   0.75267E-05
   0.47971E+02   0.39508E-03
   0.47982E+02   0.75904E-04
   0.47998E+02   0.86636E-05
   0.48017E+02   0.71645E-05
   0.48045E+02   0.15639E-04
   0.48132E+02   0.25455E-04
   0.48188E+02   0.11056E-03
   0.48197E+02   0.25073E-03
   0.48224E+02   0.29442E-03
   0.48263E+02   0.14819E-03
   0.48307E+02   0.12201E-04
   0.48359E+02   0.92567E-07
   0.48391E+02   0.58417E-07
   0.48411E+02   0.88056E-05
   0.48446E+02   0.98994E-06
   0.48456E+02   0.58736E-05
   0.48478E+02   0.12871E-11
   0.48489E+02   0.23052E-02
   0.48519E+02   0.25636E-02
   0.48654E+02   0.12830E-02
   0.48724E+02   0.48718E-04
   0.48739E+02   0.95555E-04
   0.48807E+02   0.49961E-06
   0.48919E+02   0.15019E-05
   0.48932E+02   0.15321E-05
   0.48968E+02   0.13349E-04
   0.49003E+02   0.78971E-05
   0.49019E+02   0.12670E-06
   0.49125E+02   0.15113E-03
   0.49159E+02   0.11738E-08
   0.49203E+02   0.25931E-05
   0.49294E+02   0.91347E-05
   0.49321E+02   0.48087E-03
   0.49394E+02   0.50749E-07
   0.49486E+02   0.13667E-05
   0.49514E+02   0.10742E-04
   0.49562E+02   0.57177E-05
   0.49604E+02   0.23878E-04
   0.49651E+02   0.17651E-07
   0.49756E+02   0.53403E-05
   0.49780E+02   0.55189E-06
   0.49812E+02   0.85823E-05
   0.49838E+02   0.28546E-06
   0.49849E+02   0.89079E-06
   0.49855E+02   0.13008E-05
   0.49880E+02   0.53272E-04
   0.49987E+02   0.84888E-04
   0.50102E+02   0.48038E-03
   0.50158E+02   0.49286E-03
   0.50213E+02   0.29679E-05
   0.50286E+02   0.12820E-05
   0.50324E+02   0.41596E-05
   0.50385E+02   0.81262E-03
   0.50451E+02   0.60766E-05
   0.50465E+02   0.27038E-03
   0.50554E+02   0.32121E-04
   0.50592E+02   0.60661E-04
   0.50621E+02   0.62064E-05
   0.50633E+02   0.12228E-14
   0.50649E+02   0.26520E-05
   0.50669E+02   0.12412E-04
   0.50705E+02   0.33748E-03
   0.50791E+02   0.30484E-04
   0.50817E+02   0.32003E-04
   0.50858E+02   0.11611E-04
   0.50916E+02   0.72468E-04
   0.50966E+02   0.34873E-05
   0.50974E+02   0.31929E-13
   0.50977E+02   0.29984E-05
   0.51086E+02   0.60166E-04
   0.51109E+02   0.62644E-06
   0.51201E+02   0.23555E-06
   0.51207E+02   0.93823E-05
   0.51242E+02   0.19036E-07
   0.51276E+02   0.28117E-14
   0.51300E+02   0.88018E-03
   0.51320E+02   0.23995E-05
   0.51386E+02   0.52151E-05
   0.51586E+02   0.97727E-06
   0.51621E+02   0.20825E-07
   0.51622E+02   0.11005E-07
   0.51663E+02   0.25613E-03
   0.51690E+02   0.77794E-06
   0.51717E+02   0.62872E-04
   0.51757E+02   0.18051E-07
   0.51760E+02   0.28177E-13
   0.51771E+02   0.39519E-04
   0.51848E+02   0.47544E-06
   0.51938E+02   0.58961E-03
   0.51981E+02   0.57312E-02
   0.52015E+02   0.51572E-03
   0.52149E+02   0.31496E-04
   0.52223E+02   0.60016E-04
   0.52249E+02   0.96989E-06
   0.52302E+02   0.12988E-05
   0.52324E+02   0.77020E-04
   0.52338E+02   0.45143E-07
   0.52359E+02   0.37161E-05
   0.52393E+02   0.16761E-14
   0.52589E+02   0.20181E-06
   0.52664E+02   0.12243E-04
   0.52671E+02   0.30020E-05
   0.52731E+02   0.29199E-06
   0.52777E+02   0.85608E-07
   0.52790E+02   0.13499E-05
   0.52857E+02   0.39848E-06
   0.52860E+02   0.17098E-07
   0.52886E+02   0.11791E-04
   0.52915E+02   0.96878E-04
   0.52995E+02   0.49775E-05
   0.53087E+02   0.13254E-06
   0.53248E+02   0.57374E-04
   0.53285E+02   0.38418E-04
   0.53321E+02   0.20954E-04
   0.53351E+02   0.24068E-05
   0.53395E+02   0.14128E-06
   0.53413E+02   0.10955E-05
   0.53440E+02   0.14630E-06
   0.53482E+02   0.16659E-04
   0.53506E+02   0.14164E-04
   0.53525E+02   0.20081E-04
   0.53551E+02   0.58454E-05
   0.53595E+02   0.77462E-05
   0.53730E+02   0.58710E-07
   0.53790E+02   0.26349E-07
   0.53883E+02   0.72999E-11
   0.53943E+02   0.15817E-05
   0.53979E+02   0.53917E-05
   0.53991E+02   0.45013E-06
   0.54083E+02   0.29066E-05
   0.54120E+02   0.13078E-07
   0.54145E+02   0.36972E-06
   0.54166E+02   0.55403E-04
   0.54217E+02   0.63736E-12
   0.54346E+02   0.56010E-05
   0.54466E+02   0.18920E-04
   0.54516E+02   0.33884E-06
   0.54534E+02   0.42309E-06
   0.54551E+02   0.61445E-04
   0.54616E+02   0.10562E-04
   0.54648E+02   0.28442E-05
   0.54698E+02   0.13390E-07
   0.54710E+02   0.15569E-03
   0.54753E+02   0.58553E-05
   0.54828E+02   0.18533E-04
   0.54832E+02   0.51406E-05
   0.54894E+02   0.35416E-06
   0.54929E+02   0.13476E-02
   0.54940E+02   0.24278E-02
   0.55054E+02   0.23266E-04
   0.55060E+02   0.72031E-03
   0.55103E+02   0.34035E-05
   0.55142E+02   0.23260E-04
   0.55193E+02   0.92214E-03
   0.55257E+02   0.14771E-03
   0.55337E+02   0.13887E-04
   0.55439E+02   0.92885E-05
   0.55451E+02   0.14116E-03
   0.55532E+02   0.18026E-05
   0.55613E+02   0.88715E-05
   0.55631E+02   0.18781E-11
   0.55646E+02   0.84321E-05
   0.55669E+02   0.10700E-04
   0.55677E+02   0.31657E-05
   0.55695E+02   0.22055E-04
   0.55775E+02   0.45136E-05
   0.55813E+02   0.54523E-03
   0.55871E+02   0.32547E-05
   0.55956E+02   0.20706E-04
   0.55974E+02   0.17981E-05
   0.56039E+02   0.45193E-11
   0.56076E+02   0.57748E-05
   0.56112E+02   0.29815E-04
   0.56134E+02   0.35448E-04
   0.56212E+02   0.18597E-05
   0.56249E+02   0.85651E-03
   0.56280E+02   0.26693E-02
   0.56324E+02   0.12199E-02
   0.56343E+02   0.42347E-03
   0.56379E+02   0.82197E-05
   0.56526E+02   0.10922E-04
   0.56561E+02   0.30708E-13
   0.56581E+02   0.20657E-04
   0.56590E+02   0.16914E-04
   0.56651E+02   0.54411E-06
   0.56689E+02   0.28213E-05
   0.56715E+02   0.83525E-05
   0.56737E+02   0.24101E-03
   0.56798E+02   0.16528E-03
   0.56884E+02   0.37466E-05
   0.56899E+02   0.13197E-04
   0.56919E+02   0.31330E-03
   0.56967E+02   0.29943E-05
   0.57058E+02   0.11522E-05
   0.57084E+02   0.11689E-03
   0.57136E+02   0.11448E-04
   0.57161E+02   0.19953E-06
   0.57207E+02   0.42953E-06
   0.57262E+02   0.16868E-03
   0.57385E+02   0.68010E-04
   0.57442E+02   0.21904E-04
   0.57488E+02   0.41814E-04
   0.57566E+02   0.16203E-02
   0.57595E+02   0.14941E-02
   0.57633E+02   0.23382E-03
   0.57650E+02   0.22199E-03
   0.57661E+02   0.36854E-03
   0.57677E+02   0.60618E-03
   0.57815E+02   0.10582E-04
   0.57877E+02   0.49163E-05
   0.57935E+02   0.25256E-04
   0.58004E+02   0.11262E-05
   0.58055E+02   0.22303E-04
   0.58096E+02   0.31206E-03
   0.58152E+02   0.60554E-05
   0.58232E+02   0.33651E-03
   0.58254E+02   0.36107E-03
   0.58263E+02   0.70611E-03
   0.58309E+02   0.18460E-02
   0.58364E+02   0.12070E-04
   0.58379E+02   0.20488E-12
   0.58537E+02   0.26485E-03
   0.58545E+02   0.75270E-11
   0.58560E+02   0.70751E-03
   0.58572E+02   0.70517E-04
   0.58603E+02   0.12874E-04
   0.58618E+02   0.11141E-10
   0.58644E+02   0.11897E-02
   0.58657E+02   0.72047E-03
   0.58719E+02   0.99825E-04
   0.58728E+02   0.17781E-03
   0.58765E+02   0.67262E-04
   0.58847E+02   0.39818E-05
   0.58924E+02   0.13921E-14
   0.58943E+02   0.45167E-04
   0.58978E+02   0.20920E-05
   0.59010E+02   0.42460E-04
   0.59032E+02   0.89412E-06
   0.59142E+02   0.15007E-05
   0.59203E+02   0.42731E-04
   0.59233E+02   0.43082E-12
   0.59235E+02   0.69605E-05
   0.59256E+02   0.50630E-05
   0.59269E+02   0.37912E-06
   0.59274E+02   0.16440E-05
   0.59294E+02   0.20013E-04
   0.59349E+02   0.79929E-08
   0.59436E+02   0.19989E-06
   0.59553E+02   0.16757E-04
   0.59553E+02   0.47720E-04
   0.59585E+02   0.28947E-04
   0.59614E+02   0.24455E-03
   0.59652E+02   0.26572E-04
   0.59766E+02   0.50266E-05
   0.59803E+02   0.16201E-06
   0.59882E+02   0.31538E-08
   0.59883E+02   0.56845E-05
   0.59938E+02   0.43485E-04
   0.59988E+02   0.33435E-03
   0.60021E+02   0.29206E-05
   0.60089E+02   0.13975E-04
   0.60141E+02   0.34709E-05
   0.60147E+02   0.25201E-05
   0.60155E+02   0.20101E-12
   0.60167E+02   0.26689E-05
   0.60184E+02   0.76789E-03
   0.60191E+02   0.16824E-02
   0.60241E+02   0.71840E-06
   0.60255E+02   0.53589E-08
   0.60295E+02   0.81523E-05
   0.60310E+02   0.14346E-06
   0.60416E+02   0.47761E-05
   0.60443E+02   0.12709E-11
   0.60452E+02   0.21437E-04
   0.60467E+02   0.10033E-05
   0.60503E+02   0.49343E-05
   0.60523E+02   0.54487E-05
   0.60570E+02   0.30637E-04
   0.60676E+02   0.13280E-05
   0.60750E+02   0.73673E-15
   0.60757E+02   0.25250E-03
   0.60841E+02   0.31699E-06
   0.60846E+02   0.77182E-04
   0.60982E+02   0.25097E-03
   0.61042E+02   0.32939E-04
   0.61072E+02   0.17593E-05
   0.61079E+02   0.32461E-05
   0.61115E+02   0.37605E-03
   0.61139E+02   0.28288E-03
   0.61158E+02   0.12098E-03
   0.61234E+02   0.16101E-03
   0.61312E+02   0.14463E-03
   0.61329E+02   0.23953E-09
   0.61331E+02   0.17338E-03
   0.61443E+02   0.41265E-04
   0.61481E+02   0.57855E-05
   0.61657E+02   0.23000E-04
   0.61667E+02   0.38529E-05
   0.61682E+02   0.49109E-06
   0.61694E+02   0.32989E-04
   0.61734E+02   0.16778E-04
   0.61807E+02   0.22727E-04
   0.61947E+02   0.57614E-07
   0.61975E+02   0.49313E-05
   0.62033E+02   0.44978E-05
   0.62121E+02   0.30878E-05
   0.62129E+02   0.73562E-04
   0.62223E+02   0.23958E-05
   0.62339E+02   0.58304E-02
   0.62365E+02   0.78655E-03
   0.62450E+02   0.80543E-04
   0.62518E+02   0.16967E-04
   0.62534E+02   0.10435E-03
   0.62542E+02   0.13978E-03
   0.62562E+02   0.69954E-05
   0.62589E+02   0.12872E-07
   0.62646E+02   0.12519E-05
   0.62674E+02   0.99882E-05
   0.62693E+02   0.15393E-14
   0.62711E+02   0.95786E-05
   0.62733E+02   0.39618E-08
   0.62791E+02   0.55720E-06
   0.62812E+02   0.74121E-07
   0.62834E+02   0.80833E-07
   0.62869E+02   0.48293E-05
   0.62915E+02   0.53606E-06
   0.62928E+02   0.51894E-06
   0.62944E+02   0.14896E-05
   0.62969E+02   0.37532E-07
   0.63042E+02   0.55818E-05
   0.63070E+02   0.87105E-06
   0.63093E+02   0.56970E-05
   0.63109E+02   0.16356E-05
   0.63128E+02   0.24016E-05
   0.63143E+02   0.60658E-05
   0.63171E+02   0.44320E-04
   0.63176E+02   0.44390E-05
   0.63198E+02   0.27045E-05
   0.63216E+02   0.18382E-05
   0.63345E+02   0.11880E-03
   0.63376E+02   0.10279E-04
   0.63416E+02   0.31202E-04
   0.63430E+02   0.18402E-04
   0.63468E+02   0.58211E-13
   0.63703E+02   0.75283E-07
   0.63721E+02   0.82459E-06
   0.63726E+02   0.38428E-05
   0.63740E+02   0.26127E-04
   0.63825E+02   0.17917E-06
   0.63865E+02   0.23607E-05
   0.63977E+02   0.33029E-14
   0.64163E+02   0.81814E-05
   0.64193E+02   0.18719E-04
   0.64274E+02   0.35762E-04
   0.64312E+02   0.31741E-05
   0.64390E+02   0.11796E-04
   0.64509E+02   0.45643E-04
   0.64523E+02   0.54526E-05
   0.64585E+02   0.76039E-06
   0.64603E+02   0.53793E-06
   0.64604E+02   0.24507E-05
   0.64685E+02   0.10591E-03
   0.64688E+02   0.55700E-04
   0.64697E+02   0.45216E-05
   0.64762E+02   0.81692E-03
   0.64783E+02   0.63064E-04
   0.64824E+02   0.76635E-07
   0.64845E+02   0.14677E-03
   0.64929E+02   0.24766E-03
   0.64958E+02   0.15601E-03
   0.64970E+02   0.94883E-04
   0.64995E+02   0.10972E-03
   0.65048E+02   0.72304E-03
   0.65049E+02   0.99077E-12
   0.65060E+02   0.22844E-02
   0.65060E+02   0.83140E-04
   0.65093E+02   0.61712E-04
   0.65247E+02   0.55689E-05
   0.65267E+02   0.11292E-04
   0.65304E+02   0.76138E-04
   0.65344E+02   0.12041E-05
   0.65362E+02   0.24876E-06
   0.65380E+02   0.29506E-06
   0.65386E+02   0.52530E-13
   0.65395E+02   0.41640E-05
   0.65477E+02   0.80928E-05
   0.65627E+02   0.16829E-03
   0.65694E+02   0.21545E-04
   0.65717E+02   0.73759E-04
   0.65854E+02   0.21173E-07
   0.65887E+02   0.77509E-06
   0.65898E+02   0.25943E-08
   0.65949E+02   0.10771E-05
   0.66011E+02   0.24024E-05
   0.66020E+02   0.18406E-05
   0.66029E+02   0.27633E-06
   0.66042E+02   0.12493E-08
   0.66059E+02   0.12028E-08
   0.66142E+02   0.16516E-07
   0.66185E+02   0.20300E-05
   0.66244E+02   0.16935E-04
   0.66281E+02   0.64349E-05
   0.66318E+02   0.50679E-03
   0.66416E+02   0.31915E-02
   0.66519E+02   0.20325E-03
   0.66632E+02   0.11967E-03
   0.66697E+02   0.35117E-05
   0.66729E+02   0.66497E-04
   0.66760E+02   0.12232E-03
   0.66798E+02   0.40630E-12
   0.66811E+02   0.43210E-05
   0.66841E+02   0.12536E-04
   0.66888E+02   0.38584E-05
   0.66918E+02   0.21579E-04
   0.66967E+02   0.21013E-05
   0.67008E+02   0.38190E-05
   0.67080E+02   0.22418E-04
   0.67094E+02   0.30987E-04
   0.67109E+02   0.35520E-05
   0.67138E+02   0.63752E-04
   0.67164E+02   0.10832E-04
   0.67198E+02   0.33196E-04
   0.67212E+02   0.42303E-11
   0.67258E+02   0.27713E-05
   0.67272E+02   0.18635E-06
   0.67285E+02   0.14473E-05
   0.67331E+02   0.40215E-05
   0.67358E+02   0.22814E-06
   0.67372E+02   0.31698E-06
   0.67403E+02   0.30418E-05
   0.67433E+02   0.13518E-06
   0.67472E+02   0.53960E-06
   0.67501E+02   0.38912E-05
   0.67507E+02   0.25188E-05
   0.67524E+02   0.35527E-05
   0.67564E+02   0.18150E-05
   0.67626E+02   0.37205E-15
   0.67652E+02   0.77684E-05
   0.67687E+02   0.37196E-04
   0.67746E+02   0.62577E-06
   0.67754E+02   0.33937E-06
   0.67761E+02   0.10718E-04
   0.67789E+02   0.73631E-05
   0.67837E+02   0.93591E-06
   0.67847E+02   0.15178E-06
   0.67866E+02   0.11753E-06
   0.67892E+02   0.22005E-05
   0.67915E+02   0.38566E-05
   0.67963E+02   0.13566E-05
   0.67983E+02   0.25609E-06
   0.67986E+02   0.32616E-11
   0.68105E+02   0.49770E-06
   0.68118E+02   0.12582E-05
   0.68135E+02   0.58787E-07
   0.68209E+02   0.82380E-08
   0.68236E+02   0.44076E-05
   0.68301E+02   0.11890E-05
   0.68322E+02   0.55525E-05
   0.68348E+02   0.63145E-07
   0.68388E+02   0.12975E-05
   0.68481E+02   0.12978E-06
   0.68522E+02   0.70129E-06
   0.68560E+02   0.14818E-05
   0.68595E+02   0.64953E-05
   0.68659E+02   0.38538E-06
   0.68701E+02   0.10014E-05
   0.68735E+02   0.72524E-07
   0.68758E+02   0.14964E-04
   0.68774E+02   0.67718E-04
   0.68829E+02   0.18664E-02
   0.68832E+02   0.60845E-03
   0.68850E+02   0.42465E-04
   0.68877E+02   0.13178E-05
   0.68894E+02   0.53024E-04
   0.68916E+02   0.96849E-06
   0.68948E+02   0.10261E-05
   0.68995E+02   0.36378E-04
   0.69012E+02   0.95221E-05
   0.69048E+02   0.25913E-06
   0.69093E+02   0.84420E-07
   0.69096E+02   0.52020E-08
   0.69120E+02   0.16237E-07
   0.69126E+02   0.13177E-06
   0.69184E+02   0.12327E-04
   0.69209E+02   0.35077E-04
   0.69240E+02   0.33114E-05
   0.69245E+02   0.93377E-05
   0.69268E+02   0.34699E-05
   0.69310E+02   0.12861E-06
   0.69339E+02   0.36112E-07
   0.69354E+02   0.23853E-05
   0.69370E+02   0.48043E-06
   0.69378E+02   0.85416E-06
   0.69410E+02   0.13854E-07
   0.69428E+02   0.14427E-07
   0.69516E+02   0.26752E-04
   0.69560E+02   0.54971E-05
   0.69581E+02   0.58437E-05
   0.69602E+02   0.19718E-03
   0.69620E+02   0.85368E-05
   0.69640E+02   0.33986E-04
   0.69652E+02   0.34855E-03
   0.69672E+02   0.97152E-04
   0.69681E+02   0.13458E-05
   0.69749E+02   0.20298E-04
   0.69802E+02   0.46290E-03
   0.69819E+02   0.94939E-03
   0.69844E+02   0.15595E-05
   0.69888E+02   0.16179E-05
   0.69970E+02   0.10933E-03
   0.69990E+02   0.67321E-04
   0.70017E+02   0.37901E-04
   0.70065E+02   0.10929E-04
   0.70085E+02   0.10764E-02
   0.70099E+02   0.15354E-04
   0.70106E+02   0.55640E-04
   0.70123E+02   0.27919E-05
   0.70162E+02   0.67211E-04
   0.70190E+02   0.17995E-05
   0.70199E+02   0.36925E-03
   0.70276E+02   0.22598E-07
   0.70288E+02   0.17174E-06
   0.70294E+02   0.48828E-04
   0.70321E+02   0.22302E-03
   0.70347E+02   0.20168E-03
   0.70376E+02   0.27060E-04
   0.70472E+02   0.89320E-06
   0.70491E+02   0.15335E-04
   0.70556E+02   0.20656E-06
   0.70631E+02   0.96142E-14
   0.70645E+02   0.12190E-07
   0.70696E+02   0.24595E-05
   0.70746E+02   0.11168E-08
   0.70777E+02   0.15481E-06
   0.70817E+02   0.11362E-06
   0.70840E+02   0.96362E-07
   0.70940E+02   0.15699E-06
   0.70971E+02   0.11445E-08
   0.71006E+02   0.32067E-05
   0.71057E+02   0.96156E-06
   0.71074E+02   0.42275E-06
   0.71108E+02   0.45613E-06
   0.71135E+02   0.36680E-06
   0.71164E+02   0.53393E-06
   0.71170E+02   0.18240E-15
   0.71185E+02   0.35840E-06
   0.71224E+02   0.17646E-05
   0.71242E+02   0.21950E-06
   0.71288E+02   0.69049E-14
   0.71296E+02   0.78508E-06
   0.71354E+02   0.13899E-05
   0.71367E+02   0.30946E-15
   0.71437E+02   0.26690E-04
   0.71473E+02   0.13154E-04
   0.71549E+02   0.32722E-05
   0.71566E+02   0.36348E-05
   0.71587E+02   0.33938E-06
   0.71620E+02   0.24785E-04
   0.71640E+02   0.88271E-05
   0.71661E+02   0.24479E-04
   0.71701E+02   0.53254E-05
   0.71742E+02   0.70765E-06
   0.71758E+02   0.10017E-12
   0.71774E+02   0.53781E-04
   0.71787E+02   0.16077E-03
   0.71827E+02   0.35054E-03
   0.71893E+02   0.61454E-05
   0.71919E+02   0.15567E-12
   0.71950E+02   0.15012E-04
   0.71976E+02   0.10483E-05
   0.72002E+02   0.33467E-05
   0.72021E+02   0.10453E-05
   0.72043E+02   0.42496E-07
   0.72046E+02   0.17499E-12
   0.72070E+02   0.67377E-07
   0.72107E+02   0.16794E-05
   0.72173E+02   0.15764E-04
   0.72211E+02   0.41477E-05
   0.72273E+02   0.15303E-07
   0.72288E+02   0.18743E-05
   0.72304E+02   0.26633E-05
   0.72324E+02   0.21504E-04
   0.72361E+02   0.51095E-14
   0.72364E+02   0.23966E-07
   0.72381E+02   0.12855E-06
   0.72392E+02   0.37709E-05
   0.72410E+02   0.10851E-04
   0.72520E+02   0.38091E-05
   0.72559E+02   0.33210E-04
   0.72603E+02   0.80847E-05
   0.72665E+02   0.47183E-06
   0.72674E+02   0.36827E-04
   0.72729E+02   0.99828E-06
   0.72785E+02   0.17578E-04
   0.72807E+02   0.65543E-03
   0.72971E+02   0.21150E-04
   0.73030E+02   0.22259E-05
   0.73075E+02   0.49032E-05
   0.73090E+02   0.17232E-05
   0.73134E+02   0.24596E-13
   0.73150E+02   0.73313E-06
   0.73203E+02   0.13597E-06
   0.73234E+02   0.91074E-06
   0.73375E+02   0.13067E-05
   0.73405E+02   0.15363E-04
   0.73525E+02   0.36665E-05
   0.73537E+02   0.10847E-12
   0.73583E+02   0.54432E-06
   0.73650E+02   0.35886E-04
   0.73655E+02   0.21592E-05
   0.73668E+02   0.38514E-05
   0.73679E+02   0.15962E-05
   0.73798E+02   0.13560E-06
   0.73833E+02   0.51613E-05
   0.73858E+02   0.32716E-05
   0.73939E+02   0.27036E-03
   0.73965E+02   0.10405E-03
   0.74011E+02   0.22163E-02
   0.74016E+02   0.12167E-02
   0.74084E+02   0.86727E-08
   0.74131E+02   0.34466E-02
   0.74140E+02   0.31349E-04
   0.74163E+02   0.14443E-04
   0.74252E+02   0.19394E-06
   0.74279E+02   0.78885E-06
   0.74302E+02   0.48173E-05
   0.74406E+02   0.11338E-03
   0.74448E+02   0.22576E-05
   0.74472E+02   0.77698E-05
   0.74517E+02   0.67691E-04
   0.74545E+02   0.75160E-07
   0.74591E+02   0.14974E-04
   0.74597E+02   0.14030E-04
   0.74634E+02   0.40313E-05
   0.74673E+02   0.95522E-04
   0.74722E+02   0.50232E-06
   0.74777E+02   0.12908E-03
   0.74804E+02   0.43265E-05
   0.74837E+02   0.54079E-05
   0.74860E+02   0.64318E-05
   0.74863E+02   0.43569E-04
   0.74921E+02   0.81635E-07
   0.75006E+02   0.29446E-05
   0.75010E+02   0.15426E-05
   0.75080E+02   0.37781E-06
   0.75137E+02   0.38865E-04
   0.75168E+02   0.35211E-04
   0.75175E+02   0.52373E-05
   0.75242E+02   0.64222E-07
   0.75442E+02   0.50732E-07
   0.75451E+02   0.39387E-06
   0.75467E+02   0.26423E-15
   0.75499E+02   0.11852E-05
   0.75529E+02   0.89637E-07
   0.75531E+02   0.12299E-06
   0.75540E+02   0.10369E-04
   0.75564E+02   0.63424E-06
   0.75632E+02   0.55939E-04
   0.75641E+02   0.12924E-03
   0.75676E+02   0.41783E-05
   0.75702E+02   0.17925E-05
   0.75736E+02   0.53970E-06
   0.75750E+02   0.22991E-04
   0.75852E+02   0.13274E-06
   0.76116E+02   0.18157E-04
   0.76150E+02   0.14560E-03
   0.76156E+02   0.64140E-05
   0.76192E+02   0.22792E-05
   0.76227E+02   0.42921E-04
   0.76235E+02   0.46028E-14
   0.76276E+02   0.14736E-02
   0.76314E+02   0.37133E-04
   0.76342E+02   0.11012E-05
   0.76407E+02   0.35292E-03
   0.76456E+02   0.76695E-04
   0.76528E+02   0.11526E-03
   0.76617E+02   0.15845E-15
   0.76637E+02   0.11582E-05
   0.76677E+02   0.21645E-04
   0.76719E+02   0.23772E-04
   0.76756E+02   0.43666E-07
   0.76772E+02   0.24284E-05
   0.76798E+02   0.13865E-07
   0.76822E+02   0.11856E-04
   0.76850E+02   0.61386E-05
   0.76918E+02   0.59219E-05
   0.77039E+02   0.79684E-05
   0.77077E+02   0.20689E-05
   0.77206E+02   0.41871E-04
   0.77260E+02   0.57476E-05
   0.77278E+02   0.16564E-05
   0.77316E+02   0.37329E-15
   0.77323E+02   0.80459E-09
   0.77332E+02   0.13372E-07
   0.77347E+02   0.59692E-07
   0.77457E+02   0.10174E-04
   0.77534E+02   0.20002E-05
   0.77586E+02   0.36415E-09
   0.77609E+02   0.10037E-05
   0.77647E+02   0.60462E-03
   0.77650E+02   0.68046E-12
   0.77671E+02   0.65967E-04
   0.77675E+02   0.11222E-02
   0.77695E+02   0.51175E-04
   0.77722E+02   0.22319E-04
   0.77810E+02   0.68629E-03
   0.77843E+02   0.29556E-04
   0.77898E+02   0.37343E-04
   0.77924E+02   0.25705E-04
   0.77955E+02   0.61300E-05
   0.77979E+02   0.31197E-05
   0.78009E+02   0.14460E-08
   0.78022E+02   0.54499E-07
   0.78037E+02   0.94853E-05
   0.78096E+02   0.10762E-07
   0.78143E+02   0.47249E-06
   0.78160E+02   0.10232E-05
   0.78188E+02   0.29815E-06
   0.78192E+02   0.35434E-05
   0.78207E+02   0.22756E-04
   0.78207E+02   0.57935E-06
   0.78355E+02   0.18633E-05
   0.78393E+02   0.13341E-07
   0.78418E+02   0.27378E-06
   0.78532E+02   0.10572E-08
   0.78591E+02   0.32125E-06
   0.78650E+02   0.20979E-06
   0.78703E+02   0.22930E-06
   0.78753E+02   0.35887E-07
   0.78837E+02   0.46515E-08
   0.78891E+02   0.20098E-07
   0.78940E+02   0.26844E-08
   0.79007E+02   0.25486E-07
   0.79026E+02   0.82069E-06
   0.79064E+02   0.27653E-14
   0.79078E+02   0.90371E-07
   0.79141E+02   0.46839E-07
   0.79160E+02   0.80561E-06
   0.79243E+02   0.26566E-06
   0.79300E+02   0.54380E-08
   0.79335E+02   0.80825E-07
   0.79344E+02   0.37043E-09
   0.79375E+02   0.17274E-07
   0.79385E+02   0.49802E-07
   0.79414E+02   0.79432E-08
   0.79468E+02   0.23166E-08
   0.79475E+02   0.64370E-14
   0.79477E+02   0.21770E-07
   0.79592E+02   0.11649E-06
   0.79610E+02   0.50161E-07
   0.79666E+02   0.62561E-06
   0.79723E+02   0.72049E-07
   0.79750E+02   0.36099E-09
   0.79763E+02   0.44180E-10
   0.79787E+02   0.14890E-04
   0.79807E+02   0.17382E-12
   0.79819E+02   0.69272E-05
   0.79916E+02   0.15400E-04
   0.79940E+02   0.14510E-04
   0.79946E+02   0.12321E-05
   0.80051E+02   0.62024E-04
   0.80058E+02   0.68933E-06
   0.80079E+02   0.20450E-03
   0.80191E+02   0.87945E-05
   0.80290E+02   0.22836E-07
   0.80341E+02   0.43069E-09
   0.80360E+02   0.36035E-06
   0.80399E+02   0.53405E-06
   0.80435E+02   0.38914E-05
   0.80480E+02   0.58800E-06
   0.80553E+02   0.11343E-05
   0.80590E+02   0.32434E-06
   0.80653E+02   0.59328E-06
   0.80708E+02   0.77112E-03
   0.80790E+02   0.50099E-09
   0.80906E+02   0.24965E-08
   0.80920E+02   0.20106E-07
   0.80940E+02   0.84491E-11
   0.81022E+02   0.90852E-07
   0.81039E+02   0.18473E-06
   0.81070E+02   0.21425E-05
   0.81077E+02   0.13483E-07
   0.81083E+02   0.30502E-06
   0.81184E+02   0.35083E-07
   0.81209E+02   0.10932E-07
   0.81300E+02   0.54965E-03
   0.81311E+02   0.30850E-04
   0.81379E+02   0.20314E-04
   0.81441E+02   0.26755E-05
   0.81488E+02   0.46224E-05
   0.81524E+02   0.29015E-05
   0.81544E+02   0.66512E-05
   0.81598E+02   0.60372E-06
   0.81604E+02   0.81972E-05
   0.81662E+02   0.45517E-06
   0.81679E+02   0.64415E-06
   0.81700E+02   0.37564E-05
   0.81721E+02   0.26678E-07
   0.81744E+02   0.19987E-05
   0.81765E+02   0.28389E-06
   0.81819E+02   0.52609E-06
   0.81824E+02   0.50283E-06
   0.81838E+02   0.69949E-06
   0.81850E+02   0.22269E-04
   0.81921E+02   0.28076E-05
   0.81952E+02   0.47093E-06
   0.82015E+02   0.92914E-05
   0.82043E+02   0.60178E-04
   0.82051E+02   0.93414E-05
   0.82071E+02   0.11582E-04
   0.82100E+02   0.63050E-05
   0.82118E+02   0.51239E-05
   0.82176E+02   0.26175E-06
   0.82210E+02   0.63550E-07
   0.82237E+02   0.36969E-05
   0.82252E+02   0.55423E-07
   0.82350E+02   0.57673E-05
   0.82384E+02   0.42914E-14
   0.82453E+02   0.38411E-05
   0.82479E+02   0.25619E-04
   0.82490E+02   0.12413E-03
   0.82508E+02   0.13726E-05
   0.82539E+02   0.11003E-04
   0.82581E+02   0.18073E-05
   0.82590E+02   0.99422E-05
   0.82629E+02   0.70036E-04
   0.82654E+02   0.21860E-04
   0.82665E+02   0.11031E-04
   0.82690E+02   0.24990E-04
   0.82721E+02   0.25117E-06
   0.82807E+02   0.12560E-04
   0.82829E+02   0.70378E-07
   0.82858E+02   0.98405E-05
   0.82881E+02   0.25740E-05
   0.82898E+02   0.97920E-07
   0.82941E+02   0.26449E-05
   0.82962E+02   0.14744E-04
   0.82969E+02   0.18983E-05
   0.82976E+02   0.37294E-06
   0.83044E+02   0.35402E-05
   0.83054E+02   0.20799E-15
   0.83078E+02   0.38836E-05
   0.83106E+02   0.54500E-06
   0.83136E+02   0.15594E-03
   0.83168E+02   0.52212E-05
   0.83215E+02   0.18959E-05
   0.83238E+02   0.95027E-06
   0.83257E+02   0.12340E-03
   0.83268E+02   0.39979E-04
   0.83299E+02   0.40478E-05
   0.83319E+02   0.19151E-05
   0.83340E+02   0.28930E-03
   0.83462E+02   0.37722E-06
   0.83575E+02   0.93668E-05
   0.83643E+02   0.13850E-05
   0.83677E+02   0.50926E-06
   0.83690E+02   0.15911E-08
   0.83715E+02   0.50806E-06
   0.83745E+02   0.86992E-07
   0.83757E+02   0.12983E-06
   0.83768E+02   0.63142E-07
   0.83841E+02   0.58542E-05
   0.83852E+02   0.60406E-05
   0.83863E+02   0.14734E-05
   0.83883E+02   0.45144E-05
   0.84012E+02   0.44476E-07
   0.84023E+02   0.26977E-06
   0.84250E+02   0.11749E-04
   0.84319E+02   0.82304E-05
   0.84330E+02   0.10791E-06
   0.84369E+02   0.23378E-04
   0.84398E+02   0.10261E-04
   0.84424E+02   0.12289E-04
   0.84461E+02   0.49871E-06
   0.84583E+02   0.22738E-05
   0.84594E+02   0.12040E-04
   0.84641E+02   0.82191E-06
   0.84643E+02   0.10825E-04
   0.84674E+02   0.14689E-03
   0.84721E+02   0.36205E-05
   0.84765E+02   0.17225E-05
   0.84839E+02   0.27508E-04
   0.84862E+02   0.21205E-05
   0.84866E+02   0.36370E-05
   0.84994E+02   0.16091E-06
   0.85019E+02   0.13530E-14
   0.85027E+02   0.19063E-06
   0.85032E+02   0.14890E-06
   0.85083E+02   0.79005E-06
   0.85153E+02   0.56946E-09
   0.85174E+02   0.90621E-14
   0.85206E+02   0.21630E-06
   0.85239E+02   0.22494E-08
   0.85310E+02   0.18902E-06
   0.85328E+02   0.19241E-06
   0.85387E+02   0.31965E-06
   0.85415E+02   0.20931E-06
   0.85496E+02   0.33351E-05
   0.85541E+02   0.26977E-06
   0.85547E+02   0.16160E-13
   0.85561E+02   0.55052E-07
   0.85589E+02   0.22120E-08
   0.85668E+02   0.13753E-05
   0.85688E+02   0.29314E-03
   0.85751E+02   0.14201E-03
   0.85776E+02   0.48734E-06
   0.85854E+02   0.22280E-05
   0.85872E+02   0.14030E-05
   0.85873E+02   0.14590E-11
   0.85899E+02   0.31563E-05
   0.85938E+02   0.21986E-08
   0.85953E+02   0.12215E-05
   0.85957E+02   0.33643E-05
   0.85977E+02   0.84998E-07
   0.85985E+02   0.62452E-07
   0.86002E+02   0.45367E-05
   0.86027E+02   0.40521E-06
   0.86079E+02   0.64645E-05
   0.86085E+02   0.28259E-04
   0.86098E+02   0.38823E-05
   0.86147E+02   0.18025E-05
   0.86175E+02   0.30109E-06
   0.86199E+02   0.26029E-14
   0.86233E+02   0.19115E-05
   0.86266E+02   0.20479E-08
   0.86287E+02   0.40542E-08
   0.86300E+02   0.23192E-13
   0.86312E+02   0.66327E-06
   0.86427E+02   0.47126E-06
   0.86484E+02   0.58573E-05
   0.86546E+02   0.31809E-06
   0.86611E+02   0.84383E-07
   0.86624E+02   0.17764E-07
   0.86641E+02   0.93349E-09
   0.86642E+02   0.70279E-08
   0.86662E+02   0.48822E-06
   0.86732E+02   0.21924E-05
   0.86747E+02   0.41893E-05
   0.86767E+02   0.55550E-05
   0.86790E+02   0.17986E-06
   0.86796E+02   0.60605E-07
   0.86805E+02   0.23422E-08
   0.86824E+02   0.92477E-05
   0.86912E+02   0.74792E-04
   0.86951E+02   0.38689E-02
   0.86958E+02   0.73244E-03
   0.86970E+02   0.26343E-03
   0.87036E+02   0.13021E-05
   0.87083E+02   0.16594E-06
   0.87115E+02   0.73878E-06
   0.87219E+02   0.18711E-05
   0.87237E+02   0.74338E-06
   0.87274E+02   0.60252E-08
   0.87282E+02   0.10604E-05
   0.87319E+02   0.17377E-03
   0.87356E+02   0.26234E-04
   0.87368E+02   0.81429E-04
   0.87375E+02   0.21286E-05
   0.87441E+02   0.15111E-07
   0.87459E+02   0.25442E-09
   0.87466E+02   0.24040E-06
   0.87487E+02   0.27858E-13
   0.87521E+02   0.34418E-07
   0.87545E+02   0.19672E-06
   0.87551E+02   0.18937E-07
   0.87577E+02   0.80240E-07
   0.87612E+02   0.43019E-06
   0.87616E+02   0.27680E-09
   0.87734E+02   0.43021E-06
   0.87761E+02   0.39696E-13
   0.87813E+02   0.46009E-07
   0.87828E+02   0.52623E-05
   0.87894E+02   0.14380E-06
   0.87925E+02   0.87318E-06
   0.88038E+02   0.90312E-07
   0.88042E+02   0.20816E-06
   0.88057E+02   0.14235E-05
   0.88079E+02   0.99552E-06
   0.88096E+02   0.15581E-05
   0.88137E+02   0.45640E-06
   0.88154E+02   0.26995E-04
   0.88170E+02   0.43440E-05
   0.88208E+02   0.86545E-07
   0.88226E+02   0.67098E-05
   0.88261E+02   0.16658E-05
   0.88310E+02   0.12359E-05
   0.88339E+02   0.31929E-06
   0.88370E+02   0.14136E-06
   0.88387E+02   0.96222E-06
   0.88407E+02   0.13966E-03
   0.88487E+02   0.27607E-05
   0.88529E+02   0.20300E-05
   0.88601E+02   0.99075E-06
   0.88626E+02   0.94804E-05
   0.88702E+02   0.10213E-03
   0.88722E+02   0.17947E-04
   0.88754E+02   0.18169E-04
   0.88776E+02   0.16936E-05
   0.88786E+02   0.17951E-05
   0.88804E+02   0.78042E-04
   0.88821E+02   0.76535E-04
   0.88842E+02   0.70021E-03
   0.88894E+02   0.10986E-03
   0.88922E+02   0.25511E-04
   0.88973E+02   0.15186E-05
   0.89004E+02   0.16388E-04
   0.89090E+02   0.40630E-06
   0.89111E+02   0.97476E-06
   0.89138E+02   0.40624E-05
   0.89169E+02   0.32551E-07
   0.89258E+02   0.24910E-04
   0.89312E+02   0.96224E-09
   0.89332E+02   0.29643E-07
   0.89337E+02   0.35906E-15
   0.89341E+02   0.52620E-07
   0.89350E+02   0.33825E-06
   0.89381E+02   0.11719E-05
   0.89414E+02   0.26981E-06
   0.89443E+02   0.21514E-05
   0.89527E+02   0.47346E-04
   0.89592E+02   0.27653E-05
   0.89676E+02   0.23146E-06
   0.89724E+02   0.27067E-05
   0.89849E+02   0.26485E-04
   0.89874E+02   0.62070E-07
   0.89901E+02   0.14598E-06
   0.89951E+02   0.90765E-05
   0.89962E+02   0.19288E-04
   0.90000E+02   0.40796E-06
   0.90019E+02   0.15662E-05
   0.90095E+02   0.52621E-13
   0.90131E+02   0.79017E-03
   0.90151E+02   0.14111E-04
   0.90162E+02   0.35414E-03
   0.90262E+02   0.17437E-04
   0.90303E+02   0.17604E-05
   0.90386E+02   0.30069E-13
   0.90401E+02   0.31007E-06
   0.90427E+02   0.10808E-04
   0.90480E+02   0.41752E-06
   0.90583E+02   0.56792E-05
   0.90604E+02   0.64945E-07
   0.90679E+02   0.61305E-14
   0.90690E+02   0.68531E-06
   0.90705E+02   0.29802E-05
   0.90725E+02   0.97071E-07
   0.90798E+02   0.84742E-07
   0.90823E+02   0.42788E-10
   0.90911E+02   0.56662E-07
   0.90958E+02   0.17783E-09
   0.90985E+02   0.19444E-11
   0.91009E+02   0.16105E-13
   0.91018E+02   0.11420E-06
   0.91038E+02   0.67176E-07
   0.91085E+02   0.49929E-07
   0.91182E+02   0.10637E-06
   0.91205E+02   0.11976E-04
   0.91252E+02   0.48954E-06
   0.91407E+02   0.10095E-05
   0.91493E+02   0.19742E-05
   0.91514E+02   0.21355E-05
   0.91542E+02   0.10967E-05
   0.91578E+02   0.56097E-05
   0.91627E+02   0.27258E-07
   0.91671E+02   0.46895E-07
   0.91695E+02   0.19588E-05
   0.91763E+02   0.19265E-06
   0.91777E+02   0.41593E-06
   0.91800E+02   0.35006E-05
   0.91818E+02   0.54855E-06
   0.91829E+02   0.11343E-05
   0.91839E+02   0.12358E-05
   0.91851E+02   0.22654E-05
   0.91941E+02   0.49689E-06
   0.91987E+02   0.14194E-06
   0.92013E+02   0.24711E-05
   0.92014E+02   0.16398E-04
   0.92055E+02   0.50816E-06
   0.92106E+02   0.42921E-06
   0.92134E+02   0.37841E-05
   0.92163E+02   0.21405E-07
   0.92180E+02   0.15249E-05
   0.92213E+02   0.58002E-07
   0.92219E+02   0.12578E-08
   0.92264E+02   0.45923E-08
   0.92341E+02   0.19475E-08
   0.92344E+02   0.11740E-06
   0.92381E+02   0.15632E-06
   0.92422E+02   0.21904E-13
   0.92447E+02   0.25468E-06
   0.92496E+02   0.16818E-06
   0.92517E+02   0.12573E-06
   0.92564E+02   0.40800E-07
   0.92571E+02   0.48578E-06
   0.92598E+02   0.12110E-07
   0.92634E+02   0.13629E-09
   0.92657E+02   0.17539E-07
   0.92700E+02   0.21683E-03
   0.92707E+02   0.11900E-06
   0.92716E+02   0.73627E-07
   0.92783E+02   0.13528E-05
   0.92821E+02   0.80930E-05
   0.92827E+02   0.17515E-12
   0.92863E+02   0.47741E-06
   0.92869E+02   0.29562E-09
   0.92880E+02   0.29420E-07
   0.92890E+02   0.72476E-09
   0.92893E+02   0.41231E-05
   0.93002E+02   0.14593E-05
   0.93021E+02   0.18242E-07
   0.93052E+02   0.56779E-05
   0.93089E+02   0.10080E-13
   0.93107E+02   0.75806E-06
   0.93114E+02   0.10839E-05
   0.93210E+02   0.62455E-06
   0.93260E+02   0.11538E-05
   0.93267E+02   0.25168E-04
   0.93309E+02   0.94620E-05
   0.93350E+02   0.69970E-05
   0.93359E+02   0.13014E-04
   0.93422E+02   0.15843E-03
   0.93514E+02   0.59206E-05
   0.93536E+02   0.12788E-04
   0.93552E+02   0.35962E-05
   0.93575E+02   0.32081E-06
   0.93581E+02   0.26409E-05
   0.93654E+02   0.14362E-06
   0.93706E+02   0.29203E-06
   0.93721E+02   0.47507E-06
   0.93729E+02   0.79471E-06
   0.93790E+02   0.28039E-05
   0.93815E+02   0.57629E-06
   0.93825E+02   0.21551E-04
   0.93863E+02   0.62218E-05
   0.93917E+02   0.17641E-06
   0.93981E+02   0.25498E-05
   0.94001E+02   0.44057E-07
   0.94032E+02   0.76370E-06
   0.94036E+02   0.22857E-05
   0.94097E+02   0.68446E-07
   0.94118E+02   0.52694E-07
   0.94165E+02   0.27458E-08
   0.94175E+02   0.33981E-06
   0.94188E+02   0.45140E-09
   0.94242E+02   0.16413E-06
   0.94287E+02   0.22150E-07
   0.94302E+02   0.68578E-06
   0.94332E+02   0.35138E-05
   0.94349E+02   0.48692E-05
   0.94378E+02   0.25438E-05
   0.94414E+02   0.25908E-06
   0.94436E+02   0.38307E-06
   0.94467E+02   0.17558E-08
   0.94474E+02   0.29846E-09
   0.94488E+02   0.24184E-06
   0.94495E+02   0.10916E-05
   0.94500E+02   0.24952E-06
   0.94540E+02   0.43503E-07
   0.94562E+02   0.13791E-05
   0.94636E+02   0.87718E-05
   0.94747E+02   0.25803E-06
   0.94764E+02   0.10763E-07
   0.94778E+02   0.55649E-06
   0.94790E+02   0.47015E-08
   0.94841E+02   0.80560E-05
   0.94890E+02   0.76393E-04
   0.94924E+02   0.98667E-06
   0.94973E+02   0.26016E-08
   0.95017E+02   0.39010E-09
   0.95177E+02   0.11412E-15
   0.95243E+02   0.36846E-06
   0.95260E+02   0.50997E-05
   0.95265E+02   0.63913E-05
   0.95305E+02   0.56000E-08
   0.95316E+02   0.62708E-07
   0.95388E+02   0.33299E-06
   0.95450E+02   0.16225E-06
   0.95457E+02   0.30419E-08
   0.95517E+02   0.20556E-07
   0.95557E+02   0.33137E-08
   0.95624E+02   0.48403E-04
   0.95634E+02   0.34861E-04
   0.95680E+02   0.38472E-05
   0.95702E+02   0.23851E-04
   0.95708E+02   0.32131E-04
   0.95720E+02   0.20715E-08
   0.95740E+02   0.11342E-04
   0.95824E+02   0.22331E-06
   0.95832E+02   0.73891E-17
   0.95838E+02   0.37888E-06
   0.95893E+02   0.62036E-06
   0.95986E+02   0.10576E-06
   0.96016E+02   0.42899E-06
   0.96034E+02   0.14595E-06
   0.96039E+02   0.44858E-07
   0.96042E+02   0.27292E-08
   0.96124E+02   0.28569E-04
   0.96141E+02   0.52704E-05
   0.96171E+02   0.67196E-06
   0.96240E+02   0.54858E-07
   0.96269E+02   0.12459E-05
   0.96302E+02   0.90033E-07
   0.96337E+02   0.70849E-06
   0.96469E+02   0.62334E-05
   0.96521E+02   0.36983E-05
   0.96574E+02   0.26033E-05
   0.96608E+02   0.33296E-05
   0.96749E+02   0.19662E-05
   0.96769E+02   0.25962E-05
   0.96811E+02   0.99174E-07
   0.96814E+02   0.21047E-05
   0.96860E+02   0.75983E-07
   0.96925E+02   0.19109E-06
   0.96943E+02   0.25738E-07
   0.97068E+02   0.14644E-07
   0.97123E+02   0.57452E-07
   0.97196E+02   0.24274E-06
   0.97256E+02   0.39510E-05
   0.97284E+02   0.27439E-05
   0.97299E+02   0.10429E-04
   0.97331E+02   0.85588E-05
   0.97370E+02   0.13545E-04
   0.97471E+02   0.56561E-05
   0.97490E+02   0.51984E-06
   0.97522E+02   0.14717E-03
   0.97548E+02   0.29907E-05
   0.97593E+02   0.89569E-05
   0.97686E+02   0.13694E-04
   0.97781E+02   0.48271E-08
   0.97908E+02   0.37719E-07
   0.97909E+02   0.66452E-08
   0.97934E+02   0.39282E-08
   0.97976E+02   0.26702E-07
   0.98000E+02   0.19916E-08
   0.98019E+02   0.10334E-04
   0.98042E+02   0.31431E-06
   0.98081E+02   0.86352E-07
   0.98183E+02   0.63853E-06
   0.98206E+02   0.56086E-04
   0.98229E+02   0.94861E-07
   0.98295E+02   0.12095E-05
   0.98314E+02   0.20758E-07
   0.98322E+02   0.11769E-06
   0.98371E+02   0.18107E-06
   0.98386E+02   0.28772E-06
   0.98426E+02   0.39033E-09
   0.98463E+02   0.14745E-05
   0.98514E+02   0.32371E-06
   0.98537E+02   0.42867E-05
   0.98704E+02   0.19787E-05
   0.98726E+02   0.39382E-07
   0.98736E+02   0.78759E-08
   0.98763E+02   0.14424E-04
   0.98825E+02   0.47722E-07
   0.98945E+02   0.30092E-09
   0.98953E+02   0.12126E-07
   0.99028E+02   0.12613E-06
   0.99034E+02   0.47061E-07
   0.99159E+02   0.20522E-06
   0.99239E+02   0.16052E-05
   0.99268E+02   0.31353E-06
   0.99314E+02   0.77099E-05
   0.99400E+02   0.24382E-04
   0.99457E+02   0.36856E-05
   0.99483E+02   0.89886E-06
   0.99495E+02   0.17091E-07
   0.99500E+02   0.15734E-06
   0.99516E+02   0.24069E-06
   0.99574E+02   0.54499E-07
   0.99633E+02   0.76819E-06
   0.99704E+02   0.53572E-08
   0.99715E+02   0.30437E-06
   0.99736E+02   0.20144E-05
   0.99763E+02   0.66472E-04
   0.99831E+02   0.62263E-05
   0.99861E+02   0.92077E-06
   0.99956E+02   0.22683E-07
   0.10002E+03   0.13952E-05
   0.10012E+03   0.12783E-06
   0.10015E+03   0.12315E-07
   0.10016E+03   0.44915E-06
   0.10019E+03   0.97045E-06
   0.10022E+03   0.83031E-06
   0.10024E+03   0.13876E-04
   0.10026E+03   0.83965E-07
   0.10028E+03   0.28825E-08
   0.10030E+03   0.64816E-07
   0.10032E+03   0.35764E-05
   0.10038E+03   0.58347E-09
   0.10039E+03   0.10145E-07
   0.10042E+03   0.28381E-07
   0.10049E+03   0.13247E-06
   0.10050E+03   0.83708E-07
   0.10054E+03   0.53972E-07
   0.10054E+03   0.64976E-05
   0.10058E+03   0.17221E-06
   0.10064E+03   0.57520E-05
   0.10065E+03   0.39327E-05
   0.10066E+03   0.83459E-06
   0.10071E+03   0.61190E-07
   0.10071E+03   0.20842E-06
   0.10075E+03   0.22886E-07
   0.10077E+03   0.32925E-09
   0.10086E+03   0.61795E-07
   0.10097E+03   0.35029E-07
   0.10101E+03   0.26290E-02
   0.10101E+03   0.10041E-05
   0.10104E+03   0.17139E-05
   0.10113E+03   0.21126E-07
   0.10113E+03   0.80671E-06
   0.10116E+03   0.25547E-06
   0.10118E+03   0.27851E-03
   0.10124E+03   0.21929E-04
   0.10127E+03   0.21585E-06
   0.10127E+03   0.23443E-08
   0.10131E+03   0.32059E-08
   0.10135E+03   0.70269E-05
   0.10136E+03   0.22883E-05
   0.10138E+03   0.18611E-05
   0.10139E+03   0.19713E-04
   0.10140E+03   0.30247E-06
   0.10150E+03   0.63712E-05
   0.10154E+03   0.20348E-05
   0.10155E+03   0.10364E-04
   0.10157E+03   0.84241E-06
   0.10158E+03   0.77721E-06
   0.10159E+03   0.96032E-09
   0.10168E+03   0.19725E-11
   0.10172E+03   0.26860E-08
   0.10174E+03   0.43647E-07
   0.10178E+03   0.21086E-06
   0.10184E+03   0.25450E-10
   0.10187E+03   0.33492E-05
   0.10188E+03   0.64235E-06
   0.10193E+03   0.19113E-05
   0.10195E+03   0.62620E-06
   0.10196E+03   0.29814E-06
   0.10198E+03   0.18990E-05
   0.10203E+03   0.18737E-05
   0.10212E+03   0.67729E-06
   0.10216E+03   0.12442E-05
   0.10223E+03   0.19013E-05
   0.10225E+03   0.93688E-05
   0.10226E+03   0.96955E-06
   0.10231E+03   0.12951E-07
   0.10234E+03   0.23949E-06
   0.10238E+03   0.75489E-04
   0.10241E+03   0.31620E-05
   0.10243E+03   0.12606E-04
   0.10246E+03   0.24539E-03
   0.10250E+03   0.68017E-04
   0.10254E+03   0.19216E-05
   0.10255E+03   0.23726E-04
   0.10258E+03   0.62838E-05
   0.10260E+03   0.49598E-04
   0.10265E+03   0.59734E-06
   0.10270E+03   0.36606E-06
   0.10273E+03   0.19022E-08
   0.10275E+03   0.21094E-07
   0.10277E+03   0.18460E-05
   0.10284E+03   0.61167E-04
   0.10297E+03   0.70512E-09
   0.10300E+03   0.40278E-07
   0.10307E+03   0.10061E-06
   0.10319E+03   0.12079E-05
   0.10322E+03   0.11941E-05
   0.10322E+03   0.62900E-06
   0.10326E+03   0.14815E-05
   0.10331E+03   0.34317E-07
   0.10343E+03   0.17170E-07
   0.10357E+03   0.43297E-05
   0.10371E+03   0.15651E-04
   0.10374E+03   0.10957E-03
   0.10376E+03   0.18923E-03
   0.10379E+03   0.17075E-03
   0.10383E+03   0.25553E-07
   0.10385E+03   0.25664E-04
   0.10388E+03   0.28402E-04
   0.10389E+03   0.57925E-06
   0.10395E+03   0.13762E-05
   0.10399E+03   0.41821E-06
   0.10406E+03   0.35851E-05
   0.10409E+03   0.51781E-07
   0.10409E+03   0.51334E-07
   0.10412E+03   0.29653E-07
   0.10422E+03   0.25493E-07
   0.10427E+03   0.11427E-04
   0.10431E+03   0.84240E-05
   0.10440E+03   0.23111E-07
   0.10447E+03   0.46269E-08
   0.10449E+03   0.40080E-08
   0.10458E+03   0.14250E-07
   0.10464E+03   0.15526E-06
   0.10469E+03   0.85317E-07
   0.10471E+03   0.12803E-06
   0.10484E+03   0.29257E-07
   0.10488E+03   0.75801E-07
   0.10500E+03   0.25882E-07
   0.10508E+03   0.39700E-04
   0.10510E+03   0.79709E-13
   0.10511E+03   0.99830E-07
   0.10517E+03   0.71060E-06
   0.10532E+03   0.19851E-06
   0.10533E+03   0.44515E-09
   0.10543E+03   0.81293E-14
   0.10554E+03   0.52691E-05
   0.10564E+03   0.13298E-05
   0.10574E+03   0.94924E-05
   0.10580E+03   0.10867E-04
   0.10580E+03   0.11429E-04
   0.10585E+03   0.43855E-07
   0.10588E+03   0.12284E-08
   0.10590E+03   0.15045E-04
   0.10598E+03   0.20790E-05
   0.10599E+03   0.27515E-05
   0.10617E+03   0.19019E-06
   0.10621E+03   0.50392E-06
   0.10621E+03   0.63579E-09
   0.10628E+03   0.18641E-06
   0.10632E+03   0.87750E-06
   0.10638E+03   0.21412E-05
   0.10644E+03   0.16099E-06
   0.10650E+03   0.11641E-07
   0.10661E+03   0.92225E-07
   0.10666E+03   0.15019E-06
   0.10669E+03   0.48047E-06
   0.10671E+03   0.17570E-08
   0.10676E+03   0.10543E-05
   0.10682E+03   0.94489E-06
   0.10682E+03   0.19988E-05
   0.10684E+03   0.47952E-06
   0.10686E+03   0.45537E-13
   0.10690E+03   0.35148E-05
   0.10693E+03   0.20433E-05
   0.10700E+03   0.12614E-07
   0.10703E+03   0.65592E-08
   0.10708E+03   0.10371E-08
   0.10710E+03   0.37818E-07
   0.10712E+03   0.45725E-05
   0.10714E+03   0.43609E-07
   0.10722E+03   0.30480E-06
   0.10725E+03   0.46767E-07
   0.10725E+03   0.18531E-13
   0.10726E+03   0.79417E-06
   0.10729E+03   0.92597E-06
   0.10742E+03   0.30816E-14
   0.10745E+03   0.53569E-07
   0.10748E+03   0.49392E-05
   0.10750E+03   0.52912E-06
   0.10752E+03   0.14480E-05
   0.10753E+03   0.90888E-07
   0.10760E+03   0.29920E-04
   0.10767E+03   0.89419E-06
   0.10773E+03   0.17661E-05
   0.10779E+03   0.32197E-05
   0.10781E+03   0.34739E-05
   0.10786E+03   0.25750E-06
   0.10793E+03   0.43210E-06
   0.10801E+03   0.62846E-08
   0.10804E+03   0.27062E-14
   0.10808E+03   0.32218E-09
   0.10813E+03   0.44712E-08
   0.10816E+03   0.11940E-08
   0.10823E+03   0.43028E-07
   0.10825E+03   0.23730E-04
   0.10827E+03   0.10220E-06
   0.10830E+03   0.25410E-04
   0.10831E+03   0.14136E-06
   0.10841E+03   0.14628E-06
   0.10845E+03   0.36268E-06
   0.10862E+03   0.47456E-06
   0.10866E+03   0.13410E-07
   0.10870E+03   0.20070E-05
   0.10890E+03   0.35933E-07
   0.10891E+03   0.81601E-06
   0.10895E+03   0.60085E-06
   0.10897E+03   0.39938E-07
   0.10899E+03   0.21829E-15
   0.10904E+03   0.47585E-08
   0.10924E+03   0.22887E-06
   0.10939E+03   0.15020E-05
   0.10946E+03   0.11110E-07
   0.10952E+03   0.16043E-04
   0.10957E+03   0.24789E-05
   0.10959E+03   0.12415E-04
   0.10962E+03   0.84464E-05
   0.10969E+03   0.29761E-17
   0.10971E+03   0.15451E-05
   0.10986E+03   0.46379E-06
   0.10991E+03   0.15020E-05
   0.10993E+03   0.23557E-05
   0.10998E+03   0.38126E-05
   0.11002E+03   0.38460E-06
   0.11004E+03   0.11779E-05
   0.11016E+03   0.89414E-04
   0.11020E+03   0.93307E-11
   0.11026E+03   0.10385E-06
   0.11031E+03   0.10315E-04
   0.11035E+03   0.15412E-04
   0.11039E+03   0.10904E-06
   0.11044E+03   0.39941E-05
   0.11045E+03   0.21885E-06
   0.11050E+03   0.61112E-05
   0.11055E+03   0.22594E-05
   0.11064E+03   0.16860E-06
   0.11066E+03   0.56714E-06
   0.11067E+03   0.18071E-05
   0.11068E+03   0.81156E-06
   0.11074E+03   0.54200E-05
   0.11078E+03   0.54443E-07
   0.11082E+03   0.14482E-06
   0.11086E+03   0.13134E-07
   0.11097E+03   0.93114E-07
   0.11098E+03   0.71087E-08
   0.11107E+03   0.25390E-06
   0.11117E+03   0.72555E-07
   0.11128E+03   0.26969E-06
   0.11131E+03   0.14573E-05
   0.11138E+03   0.85788E-07
   0.11141E+03   0.14886E-09
   0.11147E+03   0.64988E-10
   0.11158E+03   0.10147E-07
   0.11165E+03   0.34203E-07
   0.11167E+03   0.65313E-07
   0.11168E+03   0.23708E-08
   0.11175E+03   0.43900E-07
   0.11179E+03   0.69008E-07
   0.11184E+03   0.32083E-08
   0.11194E+03   0.32650E-08
   0.11196E+03   0.97952E-07
   0.11199E+03   0.56048E-07
   0.11208E+03   0.36872E-05
   0.11221E+03   0.18211E-09
   0.11231E+03   0.34446E-06
   0.11235E+03   0.94551E-07
   0.11241E+03   0.26126E-06
   0.11247E+03   0.26926E-05
   0.11250E+03   0.42406E-05
   0.11254E+03   0.19971E-06
   0.11262E+03   0.14333E-06
   0.11266E+03   0.34322E-06
   0.11275E+03   0.26049E-07
   0.11279E+03   0.42519E-06
   0.11282E+03   0.20948E-06
   0.11288E+03   0.21408E-05
   0.11290E+03   0.35714E-05
   0.11300E+03   0.62950E-09
   0.11308E+03   0.81547E-06
   0.11311E+03   0.80337E-06
   0.11314E+03   0.31538E-07
   0.11316E+03   0.40009E-07
   0.11318E+03   0.24819E-06
   0.11320E+03   0.76478E-05
   0.11321E+03   0.95520E-07
   0.11323E+03   0.25641E-06
   0.11335E+03   0.63899E-05
   0.11337E+03   0.26798E-05
   0.11347E+03   0.18709E-05
   0.11358E+03   0.16414E-06
   0.11373E+03   0.13533E-08
   0.11375E+03   0.12008E-06
   0.11384E+03   0.15132E-09
   0.11385E+03   0.37674E-09
   0.11395E+03   0.43476E-06
   0.11401E+03   0.22764E-05
   0.11405E+03   0.82594E-06
   0.11412E+03   0.23130E-06
   0.11418E+03   0.48902E-06
   0.11418E+03   0.21523E-06
   0.11423E+03   0.20100E-07
   0.11428E+03   0.37283E-07
   0.11429E+03   0.19664E-07
   0.11444E+03   0.85459E-08
   0.11446E+03   0.99238E-08
   0.11469E+03   0.56174E-05
   0.11475E+03   0.18485E-05
   0.11481E+03   0.73026E-04
   0.11486E+03   0.11557E-06
   0.11493E+03   0.75176E-08
   0.11497E+03   0.11126E-06
   0.11497E+03   0.78435E-07
   0.11504E+03   0.11472E-06
   0.11519E+03   0.27594E-07
   0.11524E+03   0.33140E-06
   0.11530E+03   0.46567E-08
   0.11534E+03   0.23485E-06
   0.11538E+03   0.74257E-05
   0.11546E+03   0.87075E-08
   0.11550E+03   0.92915E-09
   0.11554E+03   0.84207E-07
   0.11555E+03   0.17368E-06
   0.11558E+03   0.74135E-08
   0.11560E+03   0.72962E-06
   0.11564E+03   0.67988E-06
   0.11575E+03   0.16622E-05
   0.11577E+03   0.87984E-07
   0.11586E+03   0.77733E-08
   0.11588E+03   0.22584E-07
   0.11590E+03   0.18402E-07
   0.11594E+03   0.37784E-07
   0.11601E+03   0.48702E-07
   0.11607E+03   0.59233E-08
   0.11610E+03   0.23435E-06
   0.11611E+03   0.44221E-06
   0.11616E+03   0.11632E-06
   0.11619E+03   0.11423E-06
   0.11622E+03   0.36952E-06
   0.11623E+03   0.70270E-05
   0.11639E+03   0.13263E-10
   0.11644E+03   0.69205E-07
   0.11658E+03   0.34810E-10
   0.11667E+03   0.33577E-08
   0.11682E+03   0.13615E-06
   0.11683E+03   0.26136E-07
   0.11689E+03   0.29894E-07
   0.11728E+03   0.86066E-06
   0.11741E+03   0.27037E-06
   0.11745E+03   0.55532E-06
   0.11750E+03   0.71903E-05
   0.11751E+03   0.11382E-04
   0.11755E+03   0.20376E-05
   0.11760E+03   0.27130E-08
   0.11766E+03   0.23765E-06
   0.11801E+03   0.39208E-06
   0.11810E+03   0.88085E-07
   0.11819E+03   0.35851E-06
   0.11822E+03   0.21189E-06
   0.11830E+03   0.98862E-06
   0.11845E+03   0.30747E-05
   0.11849E+03   0.21863E-05
   0.11853E+03   0.24038E-05
   0.11854E+03   0.43171E-06
   0.11856E+03   0.29120E-07
   0.11862E+03   0.27657E-05
   0.11865E+03   0.83135E-09
   0.11872E+03   0.16644E-05
   0.11878E+03   0.24795E-07
   0.11891E+03   0.60396E-06
   0.11894E+03   0.17968E-05
   0.11914E+03   0.70370E-06
   0.11920E+03   0.56111E-06
   0.11925E+03   0.24405E-04
   0.11926E+03   0.45949E-05
   0.11932E+03   0.78864E-07
   0.11937E+03   0.36423E-08
   0.11939E+03   0.16901E-08
   0.11948E+03   0.25412E-05
   0.11955E+03   0.14912E-07
   0.11979E+03   0.13961E-05
   0.11980E+03   0.22449E-07
   0.11986E+03   0.73805E-08
   0.11994E+03   0.14863E-05
   0.11995E+03   0.17900E-06
   0.12000E+03   0.10209E-04
   0.12010E+03   0.70092E-07
   0.12027E+03   0.25518E-06
   0.12045E+03   0.13282E-04
   0.12054E+03   0.97352E-06
   0.12063E+03   0.17477E-05
   0.12070E+03   0.21374E-05
   0.12078E+03   0.10876E-07
   0.12082E+03   0.44182E-06
   0.12088E+03   0.10308E-04
   0.12100E+03   0.14106E-06
   0.12104E+03   0.46258E-06
   0.12116E+03   0.12305E-06
   0.12124E+03   0.50957E-06
   0.12128E+03   0.12512E-07
   0.12131E+03   0.92479E-08
   0.12142E+03   0.27090E-08
   0.12149E+03   0.18940E-06
   0.12164E+03   0.14423E-06
   0.12172E+03   0.12525E-07
   0.12175E+03   0.46910E-05
   0.12176E+03   0.36764E-05
   0.12183E+03   0.17654E-05
   0.12186E+03   0.87739E-06
   0.12188E+03   0.27049E-06
   0.12191E+03   0.80141E-05
   0.12196E+03   0.61322E-05
   0.12197E+03   0.51366E-04
   0.12201E+03   0.49122E-06
   0.12208E+03   0.28689E-06
   0.12225E+03   0.58093E-07
   0.12226E+03   0.16477E-08
   0.12232E+03   0.64016E-07
   0.12234E+03   0.23800E-09
   0.12237E+03   0.45582E-07
   0.12238E+03   0.10153E-06
   0.12242E+03   0.28783E-06
   0.12262E+03   0.14703E-07
   0.12274E+03   0.15188E-08
   0.12278E+03   0.10532E-07
   0.12278E+03   0.10677E-10
   0.12297E+03   0.33397E-06
   0.12298E+03   0.10615E-06
   0.12319E+03   0.69170E-07
   0.12322E+03   0.87843E-04
   0.12324E+03   0.15356E-05
   0.12338E+03   0.11578E-10
   0.12350E+03   0.43384E-05
   0.12363E+03   0.38415E-06
   0.12364E+03   0.10344E-06
   0.12374E+03   0.72271E-09
   0.12376E+03   0.15589E-08
   0.12397E+03   0.13592E-06
   0.12402E+03   0.18736E-05
   0.12403E+03   0.98440E-06
   0.12410E+03   0.13509E-05
   0.12414E+03   0.38831E-06
   0.12416E+03   0.51352E-08
   0.12427E+03   0.46453E-05
   0.12435E+03   0.78777E-07
   0.12444E+03   0.10386E-06
   0.12457E+03   0.15164E-06
   0.12460E+03   0.83322E-05
   0.12463E+03   0.20721E-07
   0.12468E+03   0.83058E-06
   0.12469E+03   0.77046E-06
   0.12484E+03   0.29033E-08
   0.12492E+03   0.28857E-05
   0.12500E+03   0.15551E-07
   0.12517E+03   0.59618E-11
   0.12519E+03   0.16490E-07
   0.12520E+03   0.14945E-06
   0.12526E+03   0.38264E-06
   0.12528E+03   0.35809E-07
   0.12534E+03   0.12636E-07
   0.12539E+03   0.30550E-09
   0.12546E+03   0.57486E-08
   0.12550E+03   0.62071E-09
   0.12553E+03   0.63601E-09
   0.12560E+03   0.49668E-07
   0.12566E+03   0.59495E-08
   0.12568E+03   0.58536E-09
   0.12573E+03   0.13023E-07
   0.12599E+03   0.45915E-07
   0.12605E+03   0.18376E-06
   0.12606E+03   0.14359E-10
   0.12608E+03   0.40387E-09
   0.12610E+03   0.36864E-08
   0.12636E+03   0.20547E-11
   0.12641E+03   0.81490E-09
   0.12649E+03   0.49476E-08
   0.12672E+03   0.91886E-06
   0.12682E+03   0.23565E-06
   0.12685E+03   0.99384E-06
   0.12686E+03   0.31124E-05
   0.12687E+03   0.34796E-06
   0.12696E+03   0.10149E-06
   0.12700E+03   0.72688E-07
   0.12717E+03   0.11737E-07
   0.12718E+03   0.10519E-07
   0.12725E+03   0.42870E-07
   0.12733E+03   0.12457E-09
   0.12743E+03   0.29683E-06
   0.12749E+03   0.39959E-08
   0.12793E+03   0.19162E-07
   0.12797E+03   0.26918E-07
   0.12798E+03   0.40729E-09
   0.12805E+03   0.13013E-06
   0.12833E+03   0.11807E-08
   0.12841E+03   0.82916E-07
   0.12860E+03   0.36529E-07
   0.12864E+03   0.13048E-07
   0.12881E+03   0.26532E-07
   0.12888E+03   0.70848E-07
   0.12918E+03   0.13779E-07
   0.12942E+03   0.26888E-06
   0.12943E+03   0.56894E-07
   0.12953E+03   0.16558E-06
   0.12956E+03   0.22558E-07
   0.12961E+03   0.11382E-06
   0.12966E+03   0.21670E-06
   0.13002E+03   0.44052E-09
   0.13016E+03   0.74902E-09
   0.13067E+03   0.35635E-08
   0.13101E+03   0.34391E-07
   0.13102E+03   0.23135E-07
   0.13121E+03   0.11220E-05
   0.13125E+03   0.10984E-06
   0.13138E+03   0.62580E-07
   0.13153E+03   0.28598E-07
   0.13167E+03   0.14734E-07
   0.13195E+03   0.58795E-06
   0.13203E+03   0.61857E-06
   0.13212E+03   0.12620E-06
   0.13213E+03   0.26727E-07
   0.13216E+03   0.24414E-07
   0.13222E+03   0.41702E-06
   0.13225E+03   0.21903E-06
   0.13242E+03   0.25940E-06
   0.13260E+03   0.95751E-05
   0.13271E+03   0.42538E-07
   0.13287E+03   0.12152E-06
   0.13332E+03   0.16921E-05
   0.13360E+03   0.24039E-06
   0.13364E+03   0.90751E-06
   0.13377E+03   0.45101E-06
   0.13384E+03   0.15592E-06
   0.13396E+03   0.26820E-07
   0.13401E+03   0.85970E-06
   0.13434E+03   0.15270E-15
   0.13449E+03   0.20024E-06
   0.13459E+03   0.81099E-07
   0.13465E+03   0.34463E-07
   0.13470E+03   0.11429E-06
   0.13476E+03   0.57622E-09
   0.13482E+03   0.21739E-08
   0.13490E+03   0.67289E-07
   0.13517E+03   0.59683E-07
   0.13523E+03   0.31820E-08
   0.13533E+03   0.13813E-08
   0.13534E+03   0.14361E-07
   0.13547E+03   0.19733E-07
   0.13549E+03   0.11318E-07
   0.13551E+03   0.16291E-06
   0.13559E+03   0.86377E-09
   0.13572E+03   0.92351E-06
   0.13586E+03   0.14967E-05
   0.13590E+03   0.61620E-06
   0.13595E+03   0.22259E-06
   0.13598E+03   0.25238E-05
   0.13611E+03   0.20335E-07
   0.13625E+03   0.11445E-07
   0.13631E+03   0.13842E-08
   0.13633E+03   0.13826E-09
   0.13637E+03   0.46224E-11
   0.13638E+03   0.44383E-09
   0.13648E+03   0.49004E-07
   0.13658E+03   0.15634E-06
   0.13662E+03   0.79210E-06
   0.13664E+03   0.88738E-06
   0.13692E+03   0.25019E-06
   0.13693E+03   0.13474E-06
   0.13694E+03   0.50829E-06
   0.13697E+03   0.10764E-07
   0.13699E+03   0.11059E-06
   0.13701E+03   0.98736E-08
   0.13705E+03   0.24043E-11
   0.13727E+03   0.35038E-07
   0.13731E+03   0.48084E-04
   0.13733E+03   0.27533E-07
   0.13739E+03   0.16709E-09
   0.13757E+03   0.65022E-07
   0.13765E+03   0.37883E-07
   0.13781E+03   0.16503E-08
   0.13789E+03   0.31431E-08
   0.13793E+03   0.11688E-08
   0.13827E+03   0.41384E-09
   0.13847E+03   0.46678E-07
   0.13859E+03   0.59340E-07
   0.13901E+03   0.68298E-09
   0.13910E+03   0.71967E-07
   0.13915E+03   0.17882E-07
   0.13919E+03   0.21687E-06
   0.13926E+03   0.61224E-08
   0.13958E+03   0.73548E-05
   0.13967E+03   0.22036E-06
   0.13983E+03   0.11733E-05
   0.13988E+03   0.28577E-06
   0.13989E+03   0.10608E-06
   0.13996E+03   0.21791E-09
   0.14000E+03   0.11389E-06
   0.14022E+03   0.91227E-09
   0.14030E+03   0.55262E-09
   0.14058E+03   0.24498E-07
   0.14074E+03   0.11545E-07
   0.14095E+03   0.37645E-07
   0.14100E+03   0.12635E-06
   0.14104E+03   0.90242E-08
   0.14110E+03   0.14659E-07
   0.14190E+03   0.33965E-08
   0.14195E+03   0.76436E-09
   0.14242E+03   0.52049E-09
   0.14273E+03   0.41512E-07
   0.14279E+03   0.63155E-06
   0.14284E+03   0.19564E-06
   0.14337E+03   0.81649E-08
   0.14345E+03   0.55885E-06
   0.14349E+03   0.46611E-06
   0.14409E+03   0.15330E-07
   0.14463E+03   0.32241E-08
   0.14468E+03   0.10576E-07
   0.14490E+03   0.15315E-06
   0.14501E+03   0.26563E-05
   0.14507E+03   0.29158E-05
   0.14510E+03   0.22060E-05
   0.14515E+03   0.10760E-06
   0.14527E+03   0.40370E-06
   0.14573E+03   0.32596E-06
   0.14582E+03   0.21019E-05
   0.14610E+03   0.88183E-08
   0.14622E+03   0.66247E-06
   0.14630E+03   0.64626E-06
   0.14632E+03   0.18786E-05
   0.14678E+03   0.17188E-06
   0.14680E+03   0.10573E-06
   0.14698E+03   0.32801E-08
   0.14722E+03   0.70815E-07
   0.14744E+03   0.76641E-08
   0.14757E+03   0.29112E-07
   0.14780E+03   0.27122E-07
   0.14801E+03   0.21251E-09
   0.14806E+03   0.77698E-08
   0.14809E+03   0.75597E-08
   0.14814E+03   0.26510E-07
   0.14815E+03   0.18027E-07
   0.14826E+03   0.57880E-07
   0.14832E+03   0.76453E-10
   0.14849E+03   0.51084E-05
   0.14858E+03   0.85142E-06
   0.14868E+03   0.19026E-07
   0.14874E+03   0.13166E-11
   0.14884E+03   0.57022E-07
   0.14886E+03   0.62294E-09
   0.14892E+03   0.26156E-08
   0.14902E+03   0.76158E-07
   0.14910E+03   0.88921E-07
   0.14914E+03   0.31673E-07
   0.14918E+03   0.94654E-07
   0.14927E+03   0.41669E-06
   0.14933E+03   0.11339E-07
   0.14939E+03   0.10907E-07
   0.14951E+03   0.15675E-08
   0.14954E+03   0.66756E-07
   0.14961E+03   0.13580E-09
   0.14966E+03   0.12141E-07
   0.14984E+03   0.93238E-06
   0.14991E+03   0.53965E-07
   0.14993E+03   0.14095E-08
   0.14998E+03   0.69787E-07
   0.15010E+03   0.18512E-07
   0.15025E+03   0.30823E-07
   0.15034E+03   0.12802E-08
   0.15037E+03   0.94884E-09
   0.15047E+03   0.36059E-08
   0.15087E+03   0.95899E-07
   0.15096E+03   0.55397E-07
   0.15104E+03   0.33940E-08
   0.15133E+03   0.45101E-07
   0.15152E+03   0.68873E-08
   0.15179E+03   0.32148E-06
   0.15231E+03   0.11218E-08
   0.15233E+03   0.12784E-06
   0.15246E+03   0.49875E-08
   0.15255E+03   0.11773E-07
   0.15264E+03   0.47969E-06
   0.15275E+03   0.17487E-05
   0.15289E+03   0.28829E-07
   0.15291E+03   0.57951E-10
   0.15308E+03   0.30693E-07
   0.15320E+03   0.45674E-06
   0.15330E+03   0.81037E-09
   0.15334E+03   0.23254E-07
   0.15334E+03   0.57309E-06
   0.15372E+03   0.13018E-07
   0.15388E+03   0.59869E-08
   0.15406E+03   0.12478E-06
   0.15411E+03   0.74403E-08
   0.15439E+03   0.88380E-07
   0.15478E+03   0.11694E-06
   0.15495E+03   0.27256E-08
   0.15529E+03   0.60805E-08
   0.15566E+03   0.10247E-06
   0.15604E+03   0.19907E-05
   0.15613E+03   0.47780E-06
   0.15652E+03   0.18431E-07
   0.15712E+03   0.51467E-06
   0.15715E+03   0.85307E-08
   0.15735E+03   0.66657E-06
   0.15772E+03   0.44272E-08
   0.15781E+03   0.10965E-08
   0.15800E+03   0.31151E-05
   0.15858E+03   0.41465E-06
   0.15899E+03   0.89690E-09
   0.15927E+03   0.14357E-08
   0.15965E+03   0.12364E-05
   0.15968E+03   0.51513E-06
   0.16031E+03   0.10391E-07
   0.16041E+03   0.23609E-07
   0.16050E+03   0.14020E-07
   0.16100E+03   0.37594E-12
   0.16114E+03   0.19085E-07
   0.16130E+03   0.20279E-06
   0.16138E+03   0.41918E-10
   0.16152E+03   0.18016E-07
   0.16169E+03   0.12308E-05
   0.16192E+03   0.82086E-06
   0.16200E+03   0.68097E-07
   0.16276E+03   0.21452E-08
   0.16276E+03   0.19127E-07
   0.16305E+03   0.71989E-09
   0.16321E+03   0.62268E-07
   0.16347E+03   0.55838E-05
   0.16359E+03   0.39092E-06
   0.16382E+03   0.64859E-11
   0.16393E+03   0.46307E-07
   0.16402E+03   0.11919E-06
   0.16405E+03   0.37802E-08
   0.16478E+03   0.74473E-08
   0.16490E+03   0.22925E-07
   0.16499E+03   0.11894E-09
   0.16560E+03   0.25946E-07
   0.16589E+03   0.28817E-07
   0.16669E+03   0.14465E-06
   0.16672E+03   0.65150E-07
   0.16680E+03   0.82277E-06
   0.16683E+03   0.56869E-10
   0.16684E+03   0.87424E-06
   0.16749E+03   0.40589E-08
   0.16769E+03   0.33976E-08
   0.16796E+03   0.14261E-06
   0.16798E+03   0.63105E-07
   0.16860E+03   0.71632E-08
   0.16890E+03   0.75206E-08
   0.16906E+03   0.10781E-06
   0.16963E+03   0.58376E-06
   0.16992E+03   0.17058E-05
   0.16995E+03   0.29955E-05
   0.17069E+03   0.11762E-05
   0.17091E+03   0.28923E-07
   0.17131E+03   0.85800E-08
   0.17198E+03   0.79139E-06
   0.17199E+03   0.52463E-06
   0.17200E+03   0.25911E-05
   0.17275E+03   0.30059E-05
   0.17283E+03   0.16440E-08
   0.17307E+03   0.55466E-08
   0.17370E+03   0.70573E-08
   0.17431E+03   0.70476E-07
   0.17466E+03   0.14130E-06
   0.17484E+03   0.26629E-05
   0.17512E+03   0.40454E-07
   0.17537E+03   0.31363E-06
   0.17546E+03   0.22908E-09
   0.17550E+03   0.10617E-06
   0.17553E+03   0.37111E-08
   0.17614E+03   0.41948E-08
   0.17621E+03   0.42392E-09
   0.17772E+03   0.31185E-07
   0.17804E+03   0.22357E-08
   0.18062E+03   0.21492E-07
   0.18269E+03   0.43640E-06
   0.18365E+03   0.15259E-07
   0.18405E+03   0.12206E-06
   0.18659E+03   0.11257E-05
   0.18753E+03   0.72408E-08
   0.18927E+03   0.32511E-05
   0.19070E+03   0.14252E-07
