   0.18210E+01   0.16051E-01
   0.20239E+01   0.13852E+01
   0.22048E+01   0.23152E-07
   0.38554E+01   0.86654E+00
   0.41626E+01   0.17361E+01
   0.51405E+01   0.15583E+01
   0.61309E+01   0.66153E+01
   0.74007E+01   0.12541E+00
   0.74794E+01   0.85706E-07
   0.79051E+01   0.12638E+01
   0.10087E+02   0.33276E-11
   0.10122E+02   0.20132E-12
   0.12057E+02   0.19971E-13
   0.12260E+02   0.11291E-10
   0.12439E+02   0.13541E-09
   0.12757E+02   0.80303E-10
   0.13137E+02   0.56068E-10
   0.13441E+02   0.78598E+01
   0.13897E+02   0.11542E-08
   0.14031E+02   0.11949E-02
   0.14046E+02   0.53181E-08
   0.14077E+02   0.66556E-02
   0.14086E+02   0.46601E-03
   0.14272E+02   0.84133E+01
   0.14434E+02   0.20121E-08
   0.14854E+02   0.34709E+00
   0.14930E+02   0.63901E-08
   0.15116E+02   0.22597E-04
   0.15124E+02   0.12192E-02
   0.15211E+02   0.24169E-08
   0.15324E+02   0.11134E-08
   0.15502E+02   0.11601E-01
   0.15641E+02   0.56221E-03
   0.15652E+02   0.12552E-01
   0.15802E+02   0.11711E-09
   0.15936E+02   0.50607E-10
   0.16027E+02   0.27864E-12
   0.16526E+02   0.80681E-01
   0.16566E+02   0.41028E-09
   0.16732E+02   0.11109E-04
   0.16888E+02   0.10217E-01
   0.17016E+02   0.32951E-09
   0.17025E+02   0.52723E-03
   0.17087E+02   0.37498E-03
   0.17174E+02   0.18455E-03
   0.17258E+02   0.58089E-01
   0.17279E+02   0.26096E-04
   0.17379E+02   0.46599E-02
   0.17517E+02   0.26842E-09
   0.17622E+02   0.53575E-04
   0.17638E+02   0.44220E-09
   0.17917E+02   0.48045E-08
   0.18025E+02   0.28405E-01
   0.18129E+02   0.22724E+00
   0.18163E+02   0.21161E+01
   0.18228E+02   0.26207E-07
   0.18499E+02   0.17105E-01
   0.18661E+02   0.89807E-04
   0.18690E+02   0.12388E-01
   0.18732E+02   0.15066E+00
   0.18765E+02   0.49935E-01
   0.18882E+02   0.41342E-05
   0.18883E+02   0.15776E-07
   0.19001E+02   0.23683E-09
   0.19138E+02   0.26851E-01
   0.19203E+02   0.13249E-07
   0.19282E+02   0.95810E-09
   0.19323E+02   0.13975E-04
   0.19395E+02   0.14952E-01
   0.19440E+02   0.22376E-09
   0.19501E+02   0.33316E-01
   0.19708E+02   0.22288E-01
   0.20030E+02   0.10145E-03
   0.20036E+02   0.20401E-09
   0.20100E+02   0.14019E-03
   0.20155E+02   0.10659E-09
   0.20289E+02   0.16595E-08
   0.20319E+02   0.42097E-06
   0.20409E+02   0.63290E-08
   0.20622E+02   0.59299E-08
   0.20631E+02   0.91748E-05
   0.20702E+02   0.37381E-08
   0.20705E+02   0.27404E-06
   0.20801E+02   0.65604E-05
   0.20834E+02   0.11966E-09
   0.20920E+02   0.17375E-03
   0.20981E+02   0.91043E-04
   0.21006E+02   0.13159E-02
   0.21266E+02   0.29131E-06
   0.21363E+02   0.43870E-03
   0.21449E+02   0.18143E-12
   0.21483E+02   0.14804E-01
   0.21535E+02   0.66153E-01
   0.21570E+02   0.35935E-03
   0.21579E+02   0.15736E-01
   0.21665E+02   0.36284E-01
   0.21693E+02   0.10072E-01
   0.22042E+02   0.13416E-02
   0.22051E+02   0.40628E-08
   0.22117E+02   0.94118E-04
   0.22124E+02   0.29834E-09
   0.22334E+02   0.81057E-03
   0.22483E+02   0.11877E-08
   0.22589E+02   0.51769E-03
   0.22610E+02   0.97829E-10
   0.22645E+02   0.13632E-04
   0.22696E+02   0.58423E-07
   0.22890E+02   0.78042E-02
   0.22955E+02   0.94422E-08
   0.23016E+02   0.28447E-04
   0.23148E+02   0.34829E-07
   0.23227E+02   0.13164E-03
   0.23336E+02   0.12868E-05
   0.23339E+02   0.47293E-08
   0.23357E+02   0.12212E-08
   0.23536E+02   0.11913E-03
   0.23543E+02   0.24281E-08
   0.23871E+02   0.41412E-07
   0.24017E+02   0.39689E-08
   0.24207E+02   0.28272E-07
   0.24211E+02   0.21865E-02
   0.24254E+02   0.90450E-05
   0.24337E+02   0.28217E-03
   0.24373E+02   0.13925E-04
   0.24457E+02   0.29892E-08
   0.24662E+02   0.25241E-03
   0.24692E+02   0.41682E-13
   0.24785E+02   0.16272E-05
   0.24981E+02   0.11992E-04
   0.25000E+02   0.45718E-04
   0.25018E+02   0.45537E-12
   0.25157E+02   0.33607E-02
   0.25179E+02   0.43253E-01
   0.25463E+02   0.25109E-03
   0.25598E+02   0.84995E-04
   0.25690E+02   0.26423E-04
   0.25723E+02   0.67550E-03
   0.25735E+02   0.49270E-03
   0.25952E+02   0.12978E-02
   0.25964E+02   0.19353E-04
   0.25991E+02   0.13989E-02
   0.26029E+02   0.13552E-06
   0.26030E+02   0.10201E-02
   0.26080E+02   0.37437E-02
   0.26113E+02   0.20629E-02
   0.26187E+02   0.45733E-06
   0.26226E+02   0.11297E-05
   0.26369E+02   0.11793E-04
   0.26465E+02   0.26535E-05
   0.26578E+02   0.55792E-04
   0.26626E+02   0.29040E-01
   0.26663E+02   0.39884E-01
   0.26959E+02   0.56539E-03
   0.27010E+02   0.26300E-10
   0.27248E+02   0.27806E-04
   0.27394E+02   0.30146E-03
   0.27401E+02   0.14183E-03
   0.27419E+02   0.54076E-05
   0.27578E+02   0.10484E-11
   0.27613E+02   0.69752E-11
   0.27672E+02   0.32289E-03
   0.27757E+02   0.50056E-03
   0.27846E+02   0.78132E-04
   0.27903E+02   0.20625E-03
   0.27932E+02   0.78609E-08
   0.27965E+02   0.37468E-06
   0.27984E+02   0.10256E-03
   0.28047E+02   0.72305E-05
   0.28059E+02   0.84054E-07
   0.28093E+02   0.33967E-03
   0.28208E+02   0.19395E-03
   0.28249E+02   0.13273E-08
   0.28265E+02   0.12198E-03
   0.28358E+02   0.15057E-05
   0.28412E+02   0.45520E-04
   0.28471E+02   0.69181E-06
   0.28477E+02   0.32759E-05
   0.28501E+02   0.45434E-07
   0.28623E+02   0.82023E-04
   0.28626E+02   0.23241E-09
   0.28650E+02   0.57819E-07
   0.28662E+02   0.79327E-06
   0.28824E+02   0.15978E-08
   0.28941E+02   0.21879E-02
   0.28991E+02   0.20498E-07
   0.29057E+02   0.16096E-02
   0.29128E+02   0.91121E-09
   0.29180E+02   0.96338E-02
   0.29206E+02   0.22553E-02
   0.29219E+02   0.50913E-02
   0.29278E+02   0.72231E-01
   0.29637E+02   0.19068E-10
   0.29654E+02   0.45791E-07
   0.29882E+02   0.93705E-03
   0.29914E+02   0.13497E-12
   0.29926E+02   0.67877E-04
   0.29949E+02   0.58452E-13
   0.30021E+02   0.10567E-03
   0.30053E+02   0.66473E-03
   0.30077E+02   0.12541E-11
   0.30083E+02   0.50139E-11
   0.30110E+02   0.40752E-03
   0.30141E+02   0.11372E-03
   0.30168E+02   0.77945E-05
   0.30206E+02   0.37088E-03
   0.30220E+02   0.18458E-10
   0.30281E+02   0.76766E-04
   0.30282E+02   0.73110E-03
   0.30314E+02   0.48595E-11
   0.30322E+02   0.18241E-02
   0.30422E+02   0.53595E-04
   0.30429E+02   0.79283E-05
   0.30440E+02   0.10964E-03
   0.30525E+02   0.47148E-03
   0.30594E+02   0.11849E-06
   0.30755E+02   0.41603E-12
   0.30822E+02   0.43133E-02
   0.30843E+02   0.17477E-02
   0.30863E+02   0.11487E-02
   0.30922E+02   0.34023E-03
   0.31045E+02   0.96527E-07
   0.31155E+02   0.50953E-10
   0.31174E+02   0.91370E-04
   0.31234E+02   0.42234E-05
   0.31251E+02   0.77010E-12
   0.31262E+02   0.58454E-05
   0.31282E+02   0.18938E-02
   0.31342E+02   0.82182E-09
   0.31390E+02   0.29733E-02
   0.31520E+02   0.26512E-03
   0.31649E+02   0.43484E-04
   0.31824E+02   0.53349E-04
   0.31934E+02   0.31246E-03
   0.32038E+02   0.22943E-03
   0.32103E+02   0.13588E-02
   0.32129E+02   0.54763E-03
   0.32230E+02   0.13111E-01
   0.32260E+02   0.18701E-02
   0.32346E+02   0.33722E-06
   0.32422E+02   0.18467E-03
   0.32445E+02   0.86529E-03
   0.32475E+02   0.28196E-04
   0.32483E+02   0.19243E-03
   0.32506E+02   0.24370E-12
   0.32602E+02   0.21289E-04
   0.32639E+02   0.34510E-02
   0.32658E+02   0.59642E-12
   0.32692E+02   0.34879E-03
   0.32765E+02   0.18127E-02
   0.32800E+02   0.38734E-01
   0.32905E+02   0.63172E-03
   0.33001E+02   0.15015E-03
   0.33045E+02   0.10291E-02
   0.33087E+02   0.18666E-02
   0.33245E+02   0.27653E-03
   0.33347E+02   0.48948E-04
   0.33446E+02   0.17799E-02
   0.33641E+02   0.45510E-06
   0.33764E+02   0.37499E-03
   0.33855E+02   0.28607E-03
   0.33952E+02   0.27920E-01
   0.34044E+02   0.90463E-05
   0.34092E+02   0.29127E-12
   0.34094E+02   0.98005E-03
   0.34124E+02   0.40764E-02
   0.34152E+02   0.10088E-09
   0.34196E+02   0.87230E-13
   0.34292E+02   0.39465E-02
   0.34357E+02   0.31518E-02
   0.34385E+02   0.42410E-12
   0.34393E+02   0.11759E-06
   0.34413E+02   0.31547E-03
   0.34552E+02   0.15439E-04
   0.34579E+02   0.23782E-04
   0.34593E+02   0.11200E-03
   0.34601E+02   0.53421E-06
   0.34671E+02   0.10773E-03
   0.34700E+02   0.63305E-13
   0.34716E+02   0.86143E-05
   0.34727E+02   0.38104E-02
   0.34779E+02   0.17095E-03
   0.34846E+02   0.50847E-03
   0.34865E+02   0.11837E-03
   0.34874E+02   0.75588E-10
   0.34911E+02   0.71442E-05
   0.34912E+02   0.38370E-04
   0.34963E+02   0.10099E-04
   0.35004E+02   0.14477E-03
   0.35027E+02   0.19227E-03
   0.35137E+02   0.44617E-04
   0.35141E+02   0.17611E-03
   0.35157E+02   0.18723E-03
   0.35159E+02   0.19657E-03
   0.35369E+02   0.31115E-07
   0.35501E+02   0.70833E-04
   0.35589E+02   0.14553E-03
   0.35613E+02   0.38154E-04
   0.35732E+02   0.35613E-03
   0.35747E+02   0.13571E-02
   0.35794E+02   0.48071E-04
   0.35853E+02   0.30734E-05
   0.35859E+02   0.29505E-05
   0.35882E+02   0.89197E-13
   0.35911E+02   0.72953E-05
   0.36052E+02   0.99687E-09
   0.36061E+02   0.13885E-02
   0.36133E+02   0.24300E-03
   0.36193E+02   0.85600E-04
   0.36242E+02   0.87686E-11
   0.36296E+02   0.91668E-04
   0.36362E+02   0.36269E-04
   0.36392E+02   0.11559E-11
   0.36458E+02   0.26880E-06
   0.36474E+02   0.15794E-11
   0.36529E+02   0.59562E-03
   0.36566E+02   0.10620E-03
   0.36606E+02   0.29683E-03
   0.36752E+02   0.28652E-13
   0.36777E+02   0.50145E-04
   0.36890E+02   0.68879E-03
   0.36906E+02   0.11034E-05
   0.36943E+02   0.15299E-11
   0.37009E+02   0.46522E-03
   0.37091E+02   0.19750E-04
   0.37154E+02   0.66027E-02
   0.37276E+02   0.19188E-04
   0.37353E+02   0.88611E-05
   0.37357E+02   0.29263E-11
   0.37609E+02   0.12479E-02
   0.37699E+02   0.13756E-02
   0.37796E+02   0.34269E-14
   0.37901E+02   0.29971E-04
   0.37989E+02   0.62426E-05
   0.38029E+02   0.28023E-07
   0.38101E+02   0.22464E-13
   0.38112E+02   0.14989E-03
   0.38207E+02   0.22407E-04
   0.38228E+02   0.51105E-05
   0.38238E+02   0.36977E-06
   0.38276E+02   0.10919E-04
   0.38375E+02   0.10321E-03
   0.38454E+02   0.14631E-10
   0.38455E+02   0.12162E-03
   0.38584E+02   0.15716E-04
   0.38835E+02   0.22110E-04
   0.39114E+02   0.19353E-05
   0.39116E+02   0.12021E-05
   0.39117E+02   0.12808E-06
   0.39133E+02   0.66155E-13
   0.39233E+02   0.21829E-03
   0.39313E+02   0.20468E-03
   0.39344E+02   0.10433E-03
   0.39399E+02   0.96326E-03
   0.39442E+02   0.28266E-12
   0.39560E+02   0.28562E-01
   0.39589E+02   0.30571E-02
   0.39677E+02   0.12643E-05
   0.39684E+02   0.16806E-13
   0.39809E+02   0.38215E-03
   0.39818E+02   0.28520E-04
   0.39902E+02   0.10602E-02
   0.39913E+02   0.55225E-04
   0.40047E+02   0.54724E-03
   0.40056E+02   0.10145E-01
   0.40074E+02   0.10626E-05
   0.40206E+02   0.10706E-04
   0.40225E+02   0.20286E-05
   0.40240E+02   0.15096E-02
   0.40244E+02   0.14500E-03
   0.40305E+02   0.10949E-06
   0.40316E+02   0.99040E-03
   0.40354E+02   0.55584E-04
   0.40430E+02   0.57181E-04
   0.40485E+02   0.16813E-12
   0.40538E+02   0.27271E-03
   0.40578E+02   0.46495E-03
   0.40691E+02   0.89799E-05
   0.40703E+02   0.19500E-04
   0.40768E+02   0.17748E-04
   0.40789E+02   0.15438E-04
   0.40827E+02   0.49387E-02
   0.41034E+02   0.17898E-11
   0.41037E+02   0.21400E-06
   0.41042E+02   0.15411E-05
   0.41052E+02   0.35204E-04
   0.41073E+02   0.94055E-04
   0.41151E+02   0.51838E-06
   0.41158E+02   0.15951E-05
   0.41163E+02   0.22199E-08
   0.41195E+02   0.17120E-06
   0.41223E+02   0.56979E-05
   0.41251E+02   0.83495E-04
   0.41258E+02   0.47563E-05
   0.41292E+02   0.86646E-11
   0.41339E+02   0.18683E-03
   0.41389E+02   0.26131E-04
   0.41424E+02   0.43908E-03
   0.41492E+02   0.95433E-03
   0.41531E+02   0.36647E-06
   0.41567E+02   0.10494E-03
   0.41675E+02   0.28487E-12
   0.41690E+02   0.21056E-08
   0.41722E+02   0.25811E-04
   0.41751E+02   0.18457E-11
   0.41779E+02   0.13620E-04
   0.41787E+02   0.39580E-06
   0.41880E+02   0.11704E-05
   0.41930E+02   0.11303E-11
   0.41974E+02   0.16430E-05
   0.42016E+02   0.21817E-05
   0.42035E+02   0.11771E-03
   0.42050E+02   0.10063E-06
   0.42092E+02   0.13237E-03
   0.42099E+02   0.61412E-04
   0.42134E+02   0.79461E-06
   0.42146E+02   0.72117E-06
   0.42214E+02   0.30664E-06
   0.42225E+02   0.26009E-05
   0.42279E+02   0.47749E-06
   0.42284E+02   0.61834E-11
   0.42496E+02   0.17333E-03
   0.42591E+02   0.14507E-03
   0.42752E+02   0.28206E-07
   0.42863E+02   0.18632E-06
   0.42877E+02   0.10695E-14
   0.42882E+02   0.51965E-06
   0.42992E+02   0.67721E-05
   0.43031E+02   0.41536E-05
   0.43174E+02   0.23781E-05
   0.43318E+02   0.46100E-04
   0.43367E+02   0.15260E-03
   0.43435E+02   0.14043E-05
   0.43542E+02   0.23022E-10
   0.43575E+02   0.25643E-11
   0.43624E+02   0.36586E-11
   0.43648E+02   0.13445E-04
   0.43665E+02   0.93906E-06
   0.43757E+02   0.19556E-03
   0.43761E+02   0.26500E-04
   0.44053E+02   0.10731E-06
   0.44089E+02   0.83656E-05
   0.44107E+02   0.25832E-04
   0.44121E+02   0.13130E-04
   0.44155E+02   0.45447E-03
   0.44163E+02   0.46163E-04
   0.44188E+02   0.10361E-07
   0.44231E+02   0.90462E-12
   0.44236E+02   0.22943E-05
   0.44282E+02   0.43898E-12
   0.44367E+02   0.10867E-05
   0.44498E+02   0.93736E-11
   0.44512E+02   0.35600E-04
   0.44528E+02   0.99769E-11
   0.44591E+02   0.14608E-04
   0.44625E+02   0.27065E-11
   0.44646E+02   0.31259E-10
   0.44778E+02   0.99175E-04
   0.44925E+02   0.65093E-12
   0.44978E+02   0.24364E-04
   0.44984E+02   0.16699E-10
   0.45107E+02   0.33484E-07
   0.45178E+02   0.43365E-04
   0.45199E+02   0.22618E-03
   0.45203E+02   0.92949E-04
   0.45225E+02   0.20998E-05
   0.45250E+02   0.22021E-05
   0.45257E+02   0.28714E-11
   0.45346E+02   0.64134E-04
   0.45445E+02   0.99299E-05
   0.45460E+02   0.76792E-08
   0.45467E+02   0.10808E-10
   0.45519E+02   0.70005E-03
   0.45672E+02   0.71318E-14
   0.45689E+02   0.14555E-03
   0.45724E+02   0.17207E-03
   0.45736E+02   0.12459E-04
   0.45860E+02   0.69163E-04
   0.45909E+02   0.13682E-02
   0.45934E+02   0.26011E-10
   0.45978E+02   0.23538E-10
   0.46001E+02   0.20288E-03
   0.46057E+02   0.27122E-05
   0.46112E+02   0.79807E-04
   0.46144E+02   0.28668E-04
   0.46153E+02   0.47758E-12
   0.46325E+02   0.22284E-04
   0.46353E+02   0.17865E-04
   0.46387E+02   0.14264E-11
   0.46408E+02   0.83051E-05
   0.46429E+02   0.11728E-05
   0.46449E+02   0.81493E-06
   0.46488E+02   0.31833E-02
   0.46526E+02   0.29469E-03
   0.46630E+02   0.42277E-04
   0.46723E+02   0.30648E-03
   0.46811E+02   0.23938E-04
   0.46830E+02   0.33851E-04
   0.46839E+02   0.41433E-12
   0.46940E+02   0.54528E-10
   0.46963E+02   0.71058E-04
   0.46975E+02   0.33137E-03
   0.47037E+02   0.68174E-04
   0.47277E+02   0.26630E-03
   0.47300E+02   0.29948E-03
   0.47374E+02   0.27569E-10
   0.47403E+02   0.27571E-02
   0.47516E+02   0.32669E-02
   0.47561E+02   0.17802E-02
   0.47681E+02   0.71092E-04
   0.47702E+02   0.49764E-04
   0.47791E+02   0.49147E-04
   0.47801E+02   0.28548E-03
   0.47903E+02   0.21867E-02
   0.47954E+02   0.22853E-04
   0.47981E+02   0.89976E-06
   0.48031E+02   0.15044E-03
   0.48068E+02   0.35776E-08
   0.48068E+02   0.77040E-03
   0.48101E+02   0.28064E-06
   0.48102E+02   0.42527E-06
   0.48260E+02   0.32896E-05
   0.48266E+02   0.48251E-03
   0.48277E+02   0.17046E-03
   0.48339E+02   0.37189E-03
   0.48392E+02   0.27120E-04
   0.48434E+02   0.34602E-04
   0.48444E+02   0.49032E-05
   0.48489E+02   0.18400E-06
   0.48507E+02   0.14870E-03
   0.48511E+02   0.55520E-13
   0.48525E+02   0.48527E-05
   0.48578E+02   0.43623E-05
   0.48725E+02   0.95493E-06
   0.48745E+02   0.61811E-08
   0.48752E+02   0.30192E-04
   0.48809E+02   0.37442E-05
   0.48920E+02   0.64645E-04
   0.48965E+02   0.72379E-04
   0.49083E+02   0.58892E-04
   0.49181E+02   0.19282E-04
   0.49220E+02   0.13448E-05
   0.49234E+02   0.54095E-12
   0.49258E+02   0.32796E-10
   0.49267E+02   0.28672E-02
   0.49324E+02   0.56206E-05
   0.49370E+02   0.17399E-06
   0.49387E+02   0.14456E-06
   0.49427E+02   0.20682E-03
   0.49464E+02   0.39461E-04
   0.49522E+02   0.14359E-02
   0.49536E+02   0.84268E-04
   0.49626E+02   0.10934E-10
   0.49630E+02   0.20044E-03
   0.49689E+02   0.30289E-10
   0.49723E+02   0.56124E-05
   0.49865E+02   0.17148E-04
   0.49884E+02   0.39021E-03
   0.50009E+02   0.12248E-03
   0.50051E+02   0.21973E-11
   0.50066E+02   0.18360E-04
   0.50085E+02   0.95785E-06
   0.50101E+02   0.27112E-04
   0.50187E+02   0.10676E-04
   0.50259E+02   0.64852E-04
   0.50334E+02   0.11130E-04
   0.50362E+02   0.63804E-03
   0.50474E+02   0.67767E-04
   0.50526E+02   0.11841E-06
   0.50537E+02   0.17106E-11
   0.50618E+02   0.23920E-04
   0.50676E+02   0.99661E-06
   0.50721E+02   0.85347E-05
   0.50745E+02   0.10392E-03
   0.50777E+02   0.52578E-05
   0.50849E+02   0.12515E-04
   0.50891E+02   0.16593E-05
   0.50942E+02   0.87137E-06
   0.51054E+02   0.63919E-04
   0.51074E+02   0.12149E-05
   0.51108E+02   0.78836E-09
   0.51108E+02   0.88658E-08
   0.51144E+02   0.30065E-06
   0.51175E+02   0.90425E-07
   0.51259E+02   0.14048E-04
   0.51266E+02   0.79288E-04
   0.51303E+02   0.13297E-07
   0.51324E+02   0.63698E-06
   0.51376E+02   0.20870E-05
   0.51492E+02   0.10063E-14
   0.51592E+02   0.40557E-07
   0.51655E+02   0.73703E-04
   0.51690E+02   0.65746E-05
   0.51833E+02   0.55536E-04
   0.51994E+02   0.44624E-04
   0.52085E+02   0.20636E-04
   0.52110E+02   0.13228E-03
   0.52123E+02   0.33413E-04
   0.52208E+02   0.21427E-04
   0.52503E+02   0.53186E-04
   0.52598E+02   0.17909E-04
   0.52644E+02   0.13960E-05
   0.52800E+02   0.10372E-05
   0.52889E+02   0.10092E-03
   0.52979E+02   0.16440E-03
   0.53008E+02   0.23240E-04
   0.53038E+02   0.22708E-04
   0.53049E+02   0.75928E-04
   0.53143E+02   0.35975E-04
   0.53148E+02   0.11100E-04
   0.53314E+02   0.30162E-03
   0.53333E+02   0.96021E-03
   0.53421E+02   0.13891E-11
   0.53430E+02   0.86495E-07
   0.53487E+02   0.78789E-05
   0.53497E+02   0.53844E-04
   0.53527E+02   0.25679E-06
   0.53542E+02   0.15252E-12
   0.53626E+02   0.11408E-03
   0.53685E+02   0.14252E-03
   0.53689E+02   0.14173E-11
   0.53734E+02   0.76443E-04
   0.53758E+02   0.18818E-02
   0.53873E+02   0.93465E-12
   0.53876E+02   0.20001E-03
   0.53978E+02   0.89590E-03
   0.53982E+02   0.42828E-10
   0.54009E+02   0.51959E-02
   0.54172E+02   0.82390E-08
   0.54219E+02   0.66131E-04
   0.54321E+02   0.50906E-06
   0.54375E+02   0.69264E-05
   0.54431E+02   0.29705E-05
   0.54475E+02   0.40422E-04
   0.54495E+02   0.20183E-03
   0.54552E+02   0.11114E-04
   0.54633E+02   0.29826E-07
   0.54655E+02   0.31397E-06
   0.54700E+02   0.41031E-12
   0.54710E+02   0.32096E-04
   0.54748E+02   0.39275E-06
   0.54842E+02   0.31768E-06
   0.54852E+02   0.11235E-06
   0.54865E+02   0.57656E-11
   0.54879E+02   0.97795E-07
   0.54890E+02   0.42891E-07
   0.54890E+02   0.54387E-08
   0.54979E+02   0.13603E-03
   0.55066E+02   0.27602E-06
   0.55076E+02   0.96950E-05
   0.55141E+02   0.66336E-05
   0.55159E+02   0.18864E-10
   0.55221E+02   0.17393E-03
   0.55379E+02   0.12401E-03
   0.55421E+02   0.24760E-10
   0.55508E+02   0.98619E-07
   0.55556E+02   0.16628E-03
   0.55787E+02   0.33367E-05
   0.55810E+02   0.60914E-05
   0.55849E+02   0.22161E-12
   0.55869E+02   0.18445E-11
   0.55919E+02   0.11848E-03
   0.55929E+02   0.73114E-04
   0.55971E+02   0.37368E-04
   0.55985E+02   0.22159E-05
   0.56057E+02   0.33746E-07
   0.56089E+02   0.32127E-06
   0.56150E+02   0.31611E-12
   0.56172E+02   0.31216E-03
   0.56199E+02   0.23093E-04
   0.56252E+02   0.16304E-02
   0.56259E+02   0.29745E-04
   0.56283E+02   0.57398E-12
   0.56303E+02   0.33684E-05
   0.56333E+02   0.83213E-03
   0.56359E+02   0.98304E-05
   0.56371E+02   0.17530E-11
   0.56475E+02   0.24148E-04
   0.56520E+02   0.17948E-04
   0.56594E+02   0.14463E-02
   0.56628E+02   0.13223E-03
   0.56680E+02   0.26732E-04
   0.56683E+02   0.16692E-04
   0.56779E+02   0.40690E-03
   0.56866E+02   0.81449E-03
   0.56904E+02   0.47868E-04
   0.56940E+02   0.12325E-02
   0.57073E+02   0.47048E-13
   0.57097E+02   0.80459E-03
   0.57173E+02   0.71919E-03
   0.57192E+02   0.37733E-05
   0.57192E+02   0.25219E-05
   0.57207E+02   0.55561E-06
   0.57214E+02   0.14393E-03
   0.57414E+02   0.30552E-03
   0.57463E+02   0.57635E-09
   0.57553E+02   0.12208E-05
   0.57768E+02   0.94849E-04
   0.57800E+02   0.15937E-04
   0.57833E+02   0.82527E-07
   0.57927E+02   0.29403E-04
   0.58116E+02   0.15577E-05
   0.58197E+02   0.12449E-04
   0.58493E+02   0.14028E-03
   0.58518E+02   0.37730E-04
   0.58586E+02   0.10531E-05
   0.58774E+02   0.69095E-04
   0.58780E+02   0.46656E-04
   0.58891E+02   0.44738E-04
   0.59011E+02   0.93690E-10
   0.59012E+02   0.44102E-04
   0.59142E+02   0.92095E-04
   0.59299E+02   0.28837E-02
   0.59357E+02   0.11667E-03
   0.59396E+02   0.96574E-03
   0.59483E+02   0.27928E-04
   0.59507E+02   0.22251E-06
   0.59561E+02   0.14694E-04
   0.59585E+02   0.21203E-04
   0.59635E+02   0.35126E-04
   0.59679E+02   0.51150E-04
   0.59735E+02   0.42519E-03
   0.59774E+02   0.26452E-05
   0.59825E+02   0.74866E-03
   0.59919E+02   0.79343E-04
   0.59931E+02   0.93091E-04
   0.59957E+02   0.77381E-11
   0.59959E+02   0.22140E-04
   0.59979E+02   0.31116E-03
   0.60019E+02   0.43047E-05
   0.60030E+02   0.18090E-03
   0.60071E+02   0.37331E-05
   0.60092E+02   0.81192E-04
   0.60171E+02   0.99496E-05
   0.60180E+02   0.16182E-04
   0.60216E+02   0.38993E-05
   0.60224E+02   0.27913E-05
   0.60291E+02   0.34938E-04
   0.60342E+02   0.71077E-06
   0.60420E+02   0.17310E-06
   0.60569E+02   0.15764E-07
   0.60655E+02   0.60778E-05
   0.60666E+02   0.18345E-10
   0.60678E+02   0.76703E-03
   0.60683E+02   0.89902E-03
   0.60751E+02   0.82217E-04
   0.60837E+02   0.35144E-03
   0.61003E+02   0.10382E-06
   0.61295E+02   0.92063E-05
   0.61325E+02   0.12595E-04
   0.61377E+02   0.20843E-04
   0.61523E+02   0.23068E-03
   0.61572E+02   0.31438E-04
   0.61664E+02   0.29420E-03
   0.61694E+02   0.70722E-03
   0.61720E+02   0.10552E-03
   0.61862E+02   0.48078E-04
   0.61905E+02   0.11272E-03
   0.62126E+02   0.23978E-03
   0.62146E+02   0.93982E-04
   0.62165E+02   0.14883E-04
   0.62251E+02   0.48154E-06
   0.62287E+02   0.16628E-05
   0.62312E+02   0.83205E-03
   0.62331E+02   0.27042E-04
   0.62342E+02   0.77350E-05
   0.62389E+02   0.20238E-04
   0.62407E+02   0.66706E-10
   0.62483E+02   0.43600E-02
   0.62574E+02   0.50573E-03
   0.62583E+02   0.39191E-03
   0.62653E+02   0.10597E-09
   0.62667E+02   0.97434E-06
   0.62698E+02   0.61686E-05
   0.62755E+02   0.29111E-07
   0.62763E+02   0.10289E-04
   0.62771E+02   0.31090E-05
   0.62819E+02   0.76538E-05
   0.62881E+02   0.85782E-06
   0.62883E+02   0.38576E-11
   0.62912E+02   0.48015E-04
   0.62953E+02   0.15042E-04
   0.62979E+02   0.12456E-04
   0.63034E+02   0.21177E-04
   0.63046E+02   0.24785E-04
   0.63113E+02   0.23006E-04
   0.63163E+02   0.10356E-04
   0.63243E+02   0.19505E-04
   0.63281E+02   0.69688E-07
   0.63299E+02   0.18151E-06
   0.63338E+02   0.89638E-06
   0.63376E+02   0.48829E-06
   0.63445E+02   0.35110E-04
   0.63447E+02   0.92827E-11
   0.63471E+02   0.29413E-05
   0.63489E+02   0.54223E-05
   0.63519E+02   0.18793E-06
   0.63565E+02   0.56596E-07
   0.63584E+02   0.79031E-06
   0.63592E+02   0.14502E-04
   0.63650E+02   0.77609E-05
   0.63767E+02   0.57359E-06
   0.63849E+02   0.37760E-06
   0.63972E+02   0.37513E-04
   0.64038E+02   0.26191E-05
   0.64101E+02   0.20434E-04
   0.64112E+02   0.22087E-05
   0.64178E+02   0.32568E-06
   0.64233E+02   0.27810E-13
   0.64249E+02   0.33925E-05
   0.64313E+02   0.92438E-06
   0.64332E+02   0.24358E-07
   0.64418E+02   0.26242E-05
   0.64439E+02   0.47037E-04
   0.64443E+02   0.15362E-11
   0.64560E+02   0.18065E-05
   0.64606E+02   0.33115E-10
   0.64607E+02   0.47215E-06
   0.64630E+02   0.26269E-05
   0.64658E+02   0.53603E-06
   0.64824E+02   0.22219E-05
   0.64831E+02   0.10732E-12
   0.64968E+02   0.28297E-06
   0.65010E+02   0.97164E-05
   0.65045E+02   0.22503E-05
   0.65115E+02   0.16112E-05
   0.65181E+02   0.38991E-04
   0.65208E+02   0.29276E-12
   0.65258E+02   0.42309E-07
   0.65295E+02   0.61365E-13
   0.65340E+02   0.30716E-03
   0.65367E+02   0.75844E-07
   0.65389E+02   0.32313E-06
   0.65466E+02   0.23426E-05
   0.65552E+02   0.10926E-05
   0.65576E+02   0.36306E-06
   0.65618E+02   0.53329E-04
   0.65667E+02   0.95558E-04
   0.65688E+02   0.32643E-04
   0.65772E+02   0.53287E-12
   0.65796E+02   0.12302E-02
   0.65845E+02   0.65655E-04
   0.65907E+02   0.10727E-12
   0.65927E+02   0.11032E-07
   0.66047E+02   0.76138E-03
   0.66079E+02   0.33003E-05
   0.66122E+02   0.91290E-05
   0.66149E+02   0.60553E-07
   0.66158E+02   0.97186E-15
   0.66188E+02   0.14636E-04
   0.66227E+02   0.53782E-04
   0.66268E+02   0.96653E-06
   0.66311E+02   0.17764E-04
   0.66320E+02   0.20593E-05
   0.66361E+02   0.12532E-08
   0.66474E+02   0.67634E-11
   0.66474E+02   0.80424E-05
   0.66490E+02   0.12829E-04
   0.66499E+02   0.30042E-04
   0.66532E+02   0.39078E-06
   0.66654E+02   0.30857E-07
   0.66696E+02   0.19023E-04
   0.66777E+02   0.15402E-02
   0.66815E+02   0.35149E-03
   0.66932E+02   0.60060E-04
   0.66947E+02   0.56612E-05
   0.66966E+02   0.87219E-04
   0.67027E+02   0.10100E-12
   0.67073E+02   0.13409E-02
   0.67120E+02   0.47266E-03
   0.67217E+02   0.62863E-05
   0.67245E+02   0.84930E-03
   0.67314E+02   0.43804E-04
   0.67333E+02   0.29985E-02
   0.67363E+02   0.80048E-04
   0.67400E+02   0.27496E-03
   0.67431E+02   0.23402E-03
   0.67461E+02   0.10605E-04
   0.67529E+02   0.58278E-04
   0.67583E+02   0.39064E-04
   0.67664E+02   0.41019E-04
   0.67774E+02   0.60281E-06
   0.67791E+02   0.58088E-04
   0.67907E+02   0.66326E-05
   0.67915E+02   0.10138E-02
   0.68003E+02   0.20840E-03
   0.68075E+02   0.37981E-05
   0.68241E+02   0.45936E-03
   0.68273E+02   0.44949E-05
   0.68336E+02   0.22166E-05
   0.68451E+02   0.41544E-04
   0.68705E+02   0.25858E-04
   0.68722E+02   0.22463E-04
   0.68881E+02   0.14737E-06
   0.68930E+02   0.59215E-07
   0.68958E+02   0.25426E-08
   0.69009E+02   0.76590E-05
   0.69052E+02   0.10683E-04
   0.69064E+02   0.17544E-05
   0.69107E+02   0.14187E-04
   0.69219E+02   0.29793E-06
   0.69346E+02   0.37629E-05
   0.69379E+02   0.23089E-07
   0.69512E+02   0.10765E-06
   0.69551E+02   0.20822E-05
   0.69566E+02   0.87885E-12
   0.69594E+02   0.11406E-05
   0.69665E+02   0.17524E-04
   0.69677E+02   0.60992E-05
   0.69718E+02   0.19987E-05
   0.69789E+02   0.27702E-07
   0.69842E+02   0.41502E-07
   0.69892E+02   0.94582E-05
   0.69986E+02   0.83844E-07
   0.70058E+02   0.78864E-05
   0.70128E+02   0.19688E-06
   0.70161E+02   0.56377E-04
   0.70255E+02   0.22989E-04
   0.70266E+02   0.85582E-04
   0.70354E+02   0.20367E-04
   0.70391E+02   0.29893E-04
   0.70460E+02   0.51328E-04
   0.70489E+02   0.24194E-02
   0.70511E+02   0.14093E-10
   0.70593E+02   0.57652E-05
   0.70686E+02   0.34555E-05
   0.70828E+02   0.34900E-04
   0.70924E+02   0.56982E-06
   0.71003E+02   0.20564E-07
   0.71004E+02   0.16977E-07
   0.71016E+02   0.65185E-08
   0.71022E+02   0.20029E-03
   0.71057E+02   0.52328E-05
   0.71088E+02   0.94435E-12
   0.71121E+02   0.83923E-03
   0.71129E+02   0.13628E-06
   0.71264E+02   0.47834E-04
   0.71341E+02   0.64605E-07
   0.71401E+02   0.12642E-04
   0.71471E+02   0.10262E-06
   0.71501E+02   0.11212E-05
   0.71526E+02   0.46461E-04
   0.71617E+02   0.13807E-03
   0.71635E+02   0.80550E-04
   0.71717E+02   0.30305E-05
   0.71786E+02   0.52208E-05
   0.71829E+02   0.42177E-14
   0.71885E+02   0.32160E-02
   0.72024E+02   0.55817E-03
   0.72093E+02   0.51067E-05
   0.72153E+02   0.86055E-04
   0.72184E+02   0.15870E-05
   0.72239E+02   0.57738E-06
   0.72404E+02   0.71273E-05
   0.72467E+02   0.14744E-05
   0.72539E+02   0.10543E-04
   0.72560E+02   0.59927E-08
   0.72620E+02   0.77458E-11
   0.72622E+02   0.22046E-04
   0.72714E+02   0.55956E-05
   0.72868E+02   0.12575E-05
   0.72926E+02   0.20610E-04
   0.72991E+02   0.26543E-05
   0.73015E+02   0.10892E-11
   0.73018E+02   0.20354E-04
   0.73054E+02   0.10740E-03
   0.73069E+02   0.36013E-04
   0.73119E+02   0.37094E-07
   0.73127E+02   0.16906E-06
   0.73228E+02   0.22826E-06
   0.73275E+02   0.37545E-03
   0.73291E+02   0.17294E-04
   0.73316E+02   0.20670E-08
   0.73318E+02   0.10443E-07
   0.73369E+02   0.18996E-03
   0.73449E+02   0.15010E-05
   0.73465E+02   0.81431E-06
   0.73546E+02   0.20568E-05
   0.73626E+02   0.36100E-06
   0.73633E+02   0.14729E-07
   0.73661E+02   0.59403E-05
   0.73665E+02   0.25585E-04
   0.73733E+02   0.39762E-06
   0.73764E+02   0.21714E-07
   0.73853E+02   0.27820E-05
   0.73953E+02   0.15468E-05
   0.73998E+02   0.10816E-09
   0.74018E+02   0.45499E-06
   0.74071E+02   0.62450E-06
   0.74100E+02   0.33621E-05
   0.74152E+02   0.11464E-04
   0.74243E+02   0.52850E-07
   0.74291E+02   0.10574E-04
   0.74367E+02   0.31225E-04
   0.74430E+02   0.92648E-08
   0.74548E+02   0.24009E-09
   0.74560E+02   0.13745E-10
   0.74586E+02   0.20499E-04
   0.74590E+02   0.44326E-04
   0.74704E+02   0.34150E-05
   0.74755E+02   0.32630E-05
   0.74796E+02   0.97744E-05
   0.74847E+02   0.18643E-03
   0.74904E+02   0.41931E-06
   0.74937E+02   0.22968E-13
   0.74982E+02   0.29896E-04
   0.75009E+02   0.23508E-05
   0.75019E+02   0.56809E-06
   0.75179E+02   0.13106E-04
   0.75264E+02   0.24181E-05
   0.75355E+02   0.44716E-06
   0.75396E+02   0.12221E-08
   0.75399E+02   0.58577E-14
   0.75443E+02   0.37893E-09
   0.75564E+02   0.19868E-06
   0.75570E+02   0.22523E-07
   0.75592E+02   0.81822E-06
   0.75644E+02   0.63126E-06
   0.75650E+02   0.49167E-05
   0.75674E+02   0.33271E-08
   0.75743E+02   0.11650E-04
   0.75791E+02   0.50849E-05
   0.75847E+02   0.21319E-04
   0.75930E+02   0.98230E-14
   0.75955E+02   0.51343E-04
   0.75993E+02   0.38618E-14
   0.76010E+02   0.96691E-05
   0.76044E+02   0.43409E-06
   0.76059E+02   0.48021E-06
   0.76172E+02   0.13866E-03
   0.76187E+02   0.82921E-12
   0.76292E+02   0.25100E-03
   0.76312E+02   0.22702E-03
   0.76347E+02   0.33410E-03
   0.76408E+02   0.38664E-04
   0.76426E+02   0.29158E-03
   0.76429E+02   0.31356E-04
   0.76432E+02   0.94839E-05
   0.76472E+02   0.12487E-04
   0.76493E+02   0.40503E-04
   0.76542E+02   0.12948E-03
   0.76721E+02   0.63483E-06
   0.76736E+02   0.18984E-13
   0.76759E+02   0.53896E-06
   0.76769E+02   0.74733E-07
   0.76811E+02   0.88933E-10
   0.76854E+02   0.73178E-06
   0.76872E+02   0.31050E-07
   0.76882E+02   0.13974E-06
   0.76904E+02   0.80241E-07
   0.76959E+02   0.21639E-03
   0.76959E+02   0.18974E-10
   0.77040E+02   0.73360E-06
   0.77093E+02   0.20788E-04
   0.77098E+02   0.15354E-03
   0.77143E+02   0.24103E-04
   0.77191E+02   0.14059E-04
   0.77235E+02   0.22571E-04
   0.77340E+02   0.85095E-06
   0.77408E+02   0.68104E-04
   0.77430E+02   0.11361E-12
   0.77485E+02   0.14325E-03
   0.77508E+02   0.16334E-04
   0.77537E+02   0.19254E-04
   0.77589E+02   0.32199E-03
   0.77595E+02   0.36847E-03
   0.77622E+02   0.14197E-05
   0.77676E+02   0.18093E-04
   0.77770E+02   0.45887E-05
   0.77809E+02   0.38153E-04
   0.77837E+02   0.15471E-04
   0.77870E+02   0.84694E-05
   0.77895E+02   0.20595E-04
   0.78070E+02   0.41710E-05
   0.78208E+02   0.11871E-12
   0.78238E+02   0.65261E-12
   0.78304E+02   0.88356E-03
   0.78307E+02   0.13218E-03
   0.78349E+02   0.40740E-02
   0.78397E+02   0.10374E-02
   0.78521E+02   0.46178E-06
   0.78559E+02   0.37371E-06
   0.78616E+02   0.10050E-06
   0.78640E+02   0.65398E-05
   0.78641E+02   0.79464E-05
   0.78649E+02   0.20658E-06
   0.78665E+02   0.17835E-07
   0.78677E+02   0.35119E-05
   0.78737E+02   0.37449E-04
   0.78846E+02   0.68741E-04
   0.78850E+02   0.54668E-12
   0.78875E+02   0.85872E-03
   0.78885E+02   0.31643E-03
   0.78892E+02   0.13402E-03
   0.78976E+02   0.24284E-03
   0.79000E+02   0.60230E-04
   0.79097E+02   0.13682E-03
   0.79161E+02   0.77690E-06
   0.79176E+02   0.12279E-03
   0.79194E+02   0.18658E-04
   0.79201E+02   0.58446E-04
   0.79234E+02   0.25619E-04
   0.79308E+02   0.58796E-06
   0.79380E+02   0.14143E-05
   0.79448E+02   0.39122E-05
   0.79503E+02   0.50608E-04
   0.79515E+02   0.45380E-04
   0.79793E+02   0.50323E-04
   0.79879E+02   0.74479E-04
   0.79912E+02   0.10749E-04
   0.79986E+02   0.12779E-03
   0.80030E+02   0.20788E-03
   0.80086E+02   0.20508E-04
   0.80166E+02   0.97719E-05
   0.80183E+02   0.24484E-05
   0.80199E+02   0.12385E-06
   0.80305E+02   0.92560E-07
   0.80428E+02   0.34841E-05
   0.80449E+02   0.21973E-10
   0.80470E+02   0.13107E-05
   0.80585E+02   0.30197E-06
   0.80642E+02   0.30008E-05
   0.80711E+02   0.23453E-04
   0.80805E+02   0.46072E-04
   0.80887E+02   0.26742E-05
   0.80931E+02   0.57176E-05
   0.80973E+02   0.43154E-06
   0.81014E+02   0.88389E-07
   0.81105E+02   0.22825E-05
   0.81166E+02   0.27951E-08
   0.81168E+02   0.38689E-09
   0.81226E+02   0.52772E-13
   0.81294E+02   0.10006E-12
   0.81351E+02   0.11581E-04
   0.81376E+02   0.21460E-04
   0.81437E+02   0.62864E-08
   0.81551E+02   0.16255E-04
   0.81579E+02   0.39414E-04
   0.81641E+02   0.17040E-05
   0.81677E+02   0.21966E-06
   0.81701E+02   0.11184E-04
   0.81723E+02   0.29582E-05
   0.81745E+02   0.39106E-06
   0.81943E+02   0.12101E-05
   0.82119E+02   0.18139E-04
   0.82145E+02   0.36540E-05
   0.82213E+02   0.10519E-13
   0.82309E+02   0.20612E-04
   0.82340E+02   0.39157E-04
   0.82384E+02   0.13554E-03
   0.82458E+02   0.18001E-04
   0.82469E+02   0.32456E-04
   0.82535E+02   0.17132E-02
   0.82571E+02   0.91817E-03
   0.82596E+02   0.55802E-03
   0.82659E+02   0.50482E-05
   0.82690E+02   0.29765E-07
   0.82715E+02   0.17695E-11
   0.82741E+02   0.11783E-03
   0.82787E+02   0.61156E-04
   0.82833E+02   0.14548E-03
   0.82896E+02   0.62494E-06
   0.82931E+02   0.18745E-04
   0.82945E+02   0.11894E-03
   0.82992E+02   0.56795E-06
   0.83037E+02   0.20519E-05
   0.83063E+02   0.69097E-05
   0.83094E+02   0.73152E-04
   0.83128E+02   0.16125E-05
   0.83160E+02   0.30538E-05
   0.83231E+02   0.96570E-05
   0.83265E+02   0.47939E-05
   0.83292E+02   0.55346E-06
   0.83312E+02   0.11018E-04
   0.83356E+02   0.21375E-05
   0.83432E+02   0.74643E-07
   0.83435E+02   0.80098E-07
   0.83442E+02   0.13859E-03
   0.83482E+02   0.13339E-04
   0.83518E+02   0.18282E-05
   0.83531E+02   0.12627E-07
   0.83588E+02   0.89860E-06
   0.83668E+02   0.93114E-08
   0.83706E+02   0.38430E-05
   0.83753E+02   0.27935E-09
   0.83768E+02   0.56736E-04
   0.83798E+02   0.38924E-15
   0.83825E+02   0.16612E-04
   0.83865E+02   0.17606E-05
   0.83900E+02   0.32980E-06
   0.83950E+02   0.87203E-04
   0.83974E+02   0.19052E-03
   0.84000E+02   0.95299E-04
   0.84082E+02   0.13190E-04
   0.84143E+02   0.92057E-04
   0.84163E+02   0.80992E-05
   0.84189E+02   0.36998E-05
   0.84205E+02   0.77833E-16
   0.84235E+02   0.68741E-05
   0.84271E+02   0.20371E-06
   0.84305E+02   0.32853E-05
   0.84382E+02   0.50019E-06
   0.84430E+02   0.32124E-05
   0.84441E+02   0.27258E-05
   0.84528E+02   0.74318E-06
   0.84628E+02   0.48086E-06
   0.84719E+02   0.59522E-06
   0.84757E+02   0.34592E-05
   0.84780E+02   0.92263E-06
   0.84808E+02   0.50986E-05
   0.84851E+02   0.92630E-05
   0.84885E+02   0.82023E-05
   0.84912E+02   0.67582E-05
   0.84994E+02   0.81519E-05
   0.85024E+02   0.29425E-06
   0.85059E+02   0.20664E-05
   0.85095E+02   0.65313E-06
   0.85117E+02   0.10732E-05
   0.85161E+02   0.55942E-05
   0.85222E+02   0.13443E-04
   0.85377E+02   0.72906E-08
   0.85445E+02   0.72000E-06
   0.85496E+02   0.62016E-05
   0.85517E+02   0.10559E-04
   0.85572E+02   0.12746E-05
   0.85591E+02   0.10746E-03
   0.85666E+02   0.77994E-04
   0.85679E+02   0.10754E-03
   0.85711E+02   0.11312E-03
   0.85795E+02   0.96597E-07
   0.85831E+02   0.68661E-06
   0.85903E+02   0.73146E-06
   0.85971E+02   0.10315E-06
   0.86007E+02   0.38882E-09
   0.86049E+02   0.11182E-05
   0.86102E+02   0.33607E-08
   0.86114E+02   0.34505E-05
   0.86122E+02   0.19104E-13
   0.86213E+02   0.32589E-05
   0.86279E+02   0.38945E-04
   0.86294E+02   0.16918E-07
   0.86366E+02   0.15358E-05
   0.86419E+02   0.25802E-07
   0.86443E+02   0.62529E-05
   0.86480E+02   0.10217E-07
   0.86513E+02   0.16874E-05
   0.86572E+02   0.63336E-05
   0.86606E+02   0.50574E-16
   0.86650E+02   0.78040E-07
   0.86687E+02   0.39622E-06
   0.86702E+02   0.45944E-06
   0.86731E+02   0.52070E-06
   0.86741E+02   0.44180E-07
   0.86766E+02   0.49495E-04
   0.86776E+02   0.43847E-06
   0.86808E+02   0.11652E-05
   0.86819E+02   0.11086E-05
   0.86834E+02   0.54998E-05
   0.86864E+02   0.12826E-04
   0.86905E+02   0.34348E-05
   0.86934E+02   0.11701E-04
   0.86942E+02   0.29511E-05
   0.86986E+02   0.90813E-07
   0.87011E+02   0.71998E-06
   0.87089E+02   0.22603E-17
   0.87127E+02   0.81750E-05
   0.87138E+02   0.11730E-07
   0.87172E+02   0.14685E-05
   0.87187E+02   0.16123E-06
   0.87228E+02   0.13845E-04
   0.87260E+02   0.36314E-05
   0.87267E+02   0.16776E-03
   0.87295E+02   0.31585E-06
   0.87435E+02   0.18947E-05
   0.87472E+02   0.18437E-06
   0.87535E+02   0.99739E-06
   0.87560E+02   0.36080E-05
   0.87569E+02   0.12282E-05
   0.87578E+02   0.40685E-05
   0.87581E+02   0.43973E-07
   0.87627E+02   0.55497E-06
   0.87666E+02   0.58242E-05
   0.87687E+02   0.44075E-05
   0.87703E+02   0.80189E-05
   0.87786E+02   0.22199E-04
   0.87815E+02   0.17593E-06
   0.87846E+02   0.31254E-04
   0.87865E+02   0.16815E-06
   0.87882E+02   0.11771E-04
   0.87898E+02   0.26078E-05
   0.87938E+02   0.23962E-03
   0.88002E+02   0.42853E-04
   0.88024E+02   0.10783E-03
   0.88101E+02   0.30372E-04
   0.88130E+02   0.14865E-05
   0.88206E+02   0.85068E-05
   0.88244E+02   0.23737E-05
   0.88279E+02   0.13197E-06
   0.88324E+02   0.60365E-04
   0.88353E+02   0.94711E-06
   0.88452E+02   0.61437E-08
   0.88461E+02   0.29140E-06
   0.88478E+02   0.23617E-10
   0.88575E+02   0.11084E-05
   0.88648E+02   0.57283E-07
   0.88739E+02   0.91908E-07
   0.88743E+02   0.93164E-06
   0.88751E+02   0.38611E-15
   0.88826E+02   0.20924E-13
   0.88935E+02   0.73582E-08
   0.88955E+02   0.33602E-13
   0.89008E+02   0.48917E-04
   0.89034E+02   0.22919E-05
   0.89217E+02   0.61691E-05
   0.89232E+02   0.40001E-05
   0.89244E+02   0.21729E-08
   0.89377E+02   0.34772E-05
   0.89440E+02   0.74039E-07
   0.89483E+02   0.19554E-03
   0.89578E+02   0.60453E-06
   0.89617E+02   0.69654E-05
   0.89625E+02   0.10267E-04
   0.89651E+02   0.31165E-07
   0.89714E+02   0.19251E-05
   0.89750E+02   0.75003E-14
   0.89774E+02   0.62219E-06
   0.89930E+02   0.25292E-05
   0.89948E+02   0.92819E-14
   0.89957E+02   0.70527E-06
   0.89996E+02   0.12428E-05
   0.90151E+02   0.21276E-04
   0.90198E+02   0.59823E-12
   0.90211E+02   0.16456E-04
   0.90283E+02   0.29883E-04
   0.90298E+02   0.66244E-04
   0.90330E+02   0.42871E-05
   0.90336E+02   0.86957E-05
   0.90497E+02   0.12631E-03
   0.90545E+02   0.43591E-06
   0.90619E+02   0.43084E-02
   0.90650E+02   0.20877E-06
   0.90693E+02   0.48965E-05
   0.90777E+02   0.20531E-06
   0.90830E+02   0.49294E-05
   0.90902E+02   0.86439E-05
   0.90941E+02   0.77460E-06
   0.91005E+02   0.58602E-16
   0.91053E+02   0.58424E-12
   0.91105E+02   0.30368E-06
   0.91122E+02   0.16623E-04
   0.91138E+02   0.40371E-05
   0.91165E+02   0.20341E-04
   0.91171E+02   0.12306E-03
   0.91246E+02   0.59473E-04
   0.91318E+02   0.59806E-08
   0.91383E+02   0.36550E-05
   0.91467E+02   0.10870E-11
   0.91530E+02   0.86526E-03
   0.91701E+02   0.14115E-05
   0.91771E+02   0.24477E-03
   0.91831E+02   0.53047E-13
   0.91841E+02   0.47511E-03
   0.91879E+02   0.98143E-04
   0.91886E+02   0.22589E-11
   0.91905E+02   0.29037E-03
   0.92008E+02   0.23739E-06
   0.92075E+02   0.41931E-06
   0.92100E+02   0.63843E-07
   0.92110E+02   0.26500E-07
   0.92294E+02   0.10283E-05
   0.92320E+02   0.15604E-05
   0.92417E+02   0.73441E-05
   0.92492E+02   0.79989E-08
   0.92602E+02   0.59161E-06
   0.92773E+02   0.16834E-04
   0.92838E+02   0.15905E-07
   0.92849E+02   0.18956E-05
   0.92911E+02   0.11322E-04
   0.92934E+02   0.56061E-05
   0.93007E+02   0.46611E-05
   0.93068E+02   0.11536E-04
   0.93139E+02   0.77433E-04
   0.93180E+02   0.78229E-04
   0.93301E+02   0.41838E-05
   0.93314E+02   0.20719E-06
   0.93349E+02   0.34644E-05
   0.93362E+02   0.34835E-05
   0.93369E+02   0.28107E-04
   0.93516E+02   0.46771E-04
   0.93571E+02   0.37225E-06
   0.93596E+02   0.69437E-05
   0.93760E+02   0.33036E-06
   0.93809E+02   0.15833E-05
   0.93852E+02   0.32435E-06
   0.93870E+02   0.64744E-09
   0.93936E+02   0.21477E-07
   0.93956E+02   0.14051E-04
   0.93960E+02   0.62363E-05
   0.94003E+02   0.74412E-05
   0.94048E+02   0.27508E-05
   0.94060E+02   0.36586E-13
   0.94063E+02   0.59935E-06
   0.94129E+02   0.78478E-05
   0.94166E+02   0.96688E-07
   0.94339E+02   0.36600E-07
   0.94378E+02   0.21730E-04
   0.94437E+02   0.60993E-03
   0.94451E+02   0.54433E-03
   0.94497E+02   0.18638E-05
   0.94594E+02   0.67842E-07
   0.94744E+02   0.43734E-05
   0.94807E+02   0.10594E-05
   0.94933E+02   0.74076E-07
   0.94981E+02   0.28349E-05
   0.94995E+02   0.15484E-12
   0.95106E+02   0.10561E-04
   0.95122E+02   0.32129E-06
   0.95133E+02   0.11284E-06
   0.95137E+02   0.49006E-06
   0.95167E+02   0.11479E-05
   0.95187E+02   0.11964E-04
   0.95218E+02   0.30738E-04
   0.95274E+02   0.65047E-04
   0.95337E+02   0.51420E-06
   0.95341E+02   0.91709E-06
   0.95351E+02   0.88406E-08
   0.95382E+02   0.16346E-12
   0.95385E+02   0.30665E-06
   0.95424E+02   0.24687E-05
   0.95458E+02   0.31086E-07
   0.95502E+02   0.35178E-06
   0.95506E+02   0.38563E-07
   0.95564E+02   0.43896E-06
   0.95570E+02   0.75225E-06
   0.95607E+02   0.64277E-05
   0.95621E+02   0.17680E-05
   0.95769E+02   0.20980E-05
   0.95874E+02   0.15845E-04
   0.95983E+02   0.24036E-06
   0.95986E+02   0.50887E-07
   0.96043E+02   0.17098E-14
   0.96071E+02   0.33437E-09
   0.96097E+02   0.13202E-05
   0.96130E+02   0.36115E-07
   0.96200E+02   0.17680E-03
   0.96232E+02   0.23602E-04
   0.96250E+02   0.74955E-06
   0.96277E+02   0.62875E-04
   0.96300E+02   0.36477E-05
   0.96403E+02   0.31374E-06
   0.96435E+02   0.74507E-08
   0.96453E+02   0.12432E-15
   0.96570E+02   0.10079E-04
   0.96596E+02   0.23557E-05
   0.96652E+02   0.18851E-05
   0.96663E+02   0.11019E-05
   0.96691E+02   0.19348E-05
   0.96708E+02   0.39865E-06
   0.96732E+02   0.78398E-06
   0.96825E+02   0.14902E-05
   0.96943E+02   0.88442E-05
   0.97006E+02   0.40674E-04
   0.97027E+02   0.17872E-05
   0.97058E+02   0.10270E-05
   0.97072E+02   0.20311E-05
   0.97100E+02   0.16520E-04
   0.97150E+02   0.62793E-06
   0.97175E+02   0.41982E-06
   0.97229E+02   0.26602E-05
   0.97269E+02   0.23586E-06
   0.97286E+02   0.97011E-05
   0.97366E+02   0.43714E-04
   0.97405E+02   0.31014E-04
   0.97440E+02   0.21592E-05
   0.97500E+02   0.70304E-05
   0.97517E+02   0.35730E-05
   0.97536E+02   0.65741E-05
   0.97584E+02   0.14673E-06
   0.97604E+02   0.14854E-04
   0.97662E+02   0.16657E-05
   0.97801E+02   0.16001E-06
   0.97884E+02   0.25943E-05
   0.97910E+02   0.97157E-07
   0.97963E+02   0.31369E-07
   0.98011E+02   0.43139E-05
   0.98040E+02   0.50073E-05
   0.98067E+02   0.25391E-06
   0.98073E+02   0.83772E-05
   0.98100E+02   0.76573E-06
   0.98104E+02   0.18240E-06
   0.98126E+02   0.85351E-06
   0.98135E+02   0.27849E-09
   0.98190E+02   0.23105E-12
   0.98210E+02   0.45073E-07
   0.98290E+02   0.54478E-06
   0.98296E+02   0.18523E-08
   0.98312E+02   0.29627E-09
   0.98367E+02   0.44395E-15
   0.98370E+02   0.17289E-05
   0.98404E+02   0.36934E-07
   0.98431E+02   0.15506E-05
   0.98503E+02   0.11039E-08
   0.98554E+02   0.99812E-06
   0.98635E+02   0.73833E-06
   0.98664E+02   0.13318E-04
   0.98742E+02   0.33057E-05
   0.98750E+02   0.36096E-05
   0.98826E+02   0.17796E-04
   0.98856E+02   0.10615E-14
   0.98866E+02   0.21270E-04
   0.98896E+02   0.81713E-05
   0.98960E+02   0.30395E-06
   0.99006E+02   0.25166E-04
   0.99026E+02   0.25577E-04
   0.99072E+02   0.44571E-05
   0.99102E+02   0.24323E-04
   0.99150E+02   0.19710E-04
   0.99219E+02   0.59787E-05
   0.99241E+02   0.14253E-03
   0.99260E+02   0.51275E-16
   0.99332E+02   0.43548E-04
   0.99359E+02   0.19045E-04
   0.99513E+02   0.25504E-04
   0.99589E+02   0.58747E-04
   0.99620E+02   0.27677E-05
   0.99663E+02   0.18671E-04
   0.99698E+02   0.28702E-05
   0.99738E+02   0.53292E-07
   0.99835E+02   0.10497E-06
   0.99888E+02   0.65537E-07
   0.99963E+02   0.83150E-10
   0.99970E+02   0.63338E-09
   0.99978E+02   0.11891E-08
   0.10001E+03   0.43126E-06
   0.10013E+03   0.16067E-06
   0.10015E+03   0.25754E-09
   0.10015E+03   0.27242E-09
   0.10021E+03   0.69053E-08
   0.10023E+03   0.35597E-09
   0.10034E+03   0.50488E-12
   0.10038E+03   0.19053E-05
   0.10057E+03   0.67685E-07
   0.10065E+03   0.56121E-05
   0.10069E+03   0.71311E-06
   0.10080E+03   0.33654E-06
   0.10085E+03   0.16880E-06
   0.10096E+03   0.17536E-08
   0.10099E+03   0.12063E-06
   0.10101E+03   0.53586E-08
   0.10114E+03   0.11695E-06
   0.10114E+03   0.13092E-06
   0.10117E+03   0.39454E-06
   0.10118E+03   0.36586E-06
   0.10122E+03   0.12018E-07
   0.10127E+03   0.49186E-06
   0.10129E+03   0.41599E-08
   0.10129E+03   0.27002E-06
   0.10130E+03   0.14075E-06
   0.10131E+03   0.16691E-07
   0.10146E+03   0.41215E-05
   0.10149E+03   0.33265E-05
   0.10154E+03   0.99598E-05
   0.10156E+03   0.45815E-08
   0.10167E+03   0.30848E-05
   0.10170E+03   0.96361E-05
   0.10172E+03   0.50575E-05
   0.10174E+03   0.86495E-07
   0.10174E+03   0.25904E-05
   0.10177E+03   0.15873E-05
   0.10180E+03   0.52910E-05
   0.10180E+03   0.17505E-05
   0.10184E+03   0.11836E-06
   0.10194E+03   0.29095E-07
   0.10196E+03   0.42155E-07
   0.10199E+03   0.44240E-04
   0.10209E+03   0.49615E-06
   0.10216E+03   0.16595E-08
   0.10217E+03   0.45058E-07
   0.10218E+03   0.17365E-09
   0.10224E+03   0.15846E-08
   0.10237E+03   0.37367E-04
   0.10238E+03   0.21844E-07
   0.10244E+03   0.14640E-06
   0.10250E+03   0.85696E-07
   0.10252E+03   0.15726E-05
   0.10254E+03   0.16869E-06
   0.10259E+03   0.34304E-14
   0.10264E+03   0.32279E-13
   0.10266E+03   0.35120E-06
   0.10268E+03   0.37751E-06
   0.10270E+03   0.39692E-06
   0.10271E+03   0.25002E-06
   0.10279E+03   0.10978E-06
   0.10281E+03   0.33238E-13
   0.10282E+03   0.43586E-08
   0.10286E+03   0.85411E-06
   0.10288E+03   0.25334E-04
   0.10289E+03   0.13774E-05
   0.10295E+03   0.23278E-06
   0.10311E+03   0.93767E-05
   0.10316E+03   0.23159E-05
   0.10323E+03   0.73655E-09
   0.10328E+03   0.24056E-06
   0.10330E+03   0.30626E-06
   0.10336E+03   0.32612E-07
   0.10337E+03   0.51896E-08
   0.10345E+03   0.66517E-07
   0.10350E+03   0.93344E-14
   0.10351E+03   0.85840E-07
   0.10354E+03   0.14401E-04
   0.10363E+03   0.10540E-13
   0.10370E+03   0.49405E-04
   0.10376E+03   0.20060E-06
   0.10386E+03   0.51355E-08
   0.10392E+03   0.91240E-07
   0.10398E+03   0.35145E-03
   0.10401E+03   0.44679E-05
   0.10402E+03   0.17216E-05
   0.10404E+03   0.13802E-02
   0.10405E+03   0.15400E-11
   0.10406E+03   0.13271E-04
   0.10409E+03   0.11497E-03
   0.10414E+03   0.80838E-03
   0.10424E+03   0.86147E-04
   0.10436E+03   0.10110E-03
   0.10437E+03   0.24175E-04
   0.10440E+03   0.75689E-12
   0.10446E+03   0.39223E-05
   0.10460E+03   0.78628E-05
   0.10466E+03   0.10217E-05
   0.10468E+03   0.10232E-05
   0.10482E+03   0.20006E-04
   0.10484E+03   0.27021E-05
   0.10489E+03   0.50858E-15
   0.10516E+03   0.23150E-05
   0.10519E+03   0.30118E-06
   0.10521E+03   0.89422E-05
   0.10537E+03   0.21970E-05
   0.10541E+03   0.60627E-05
   0.10543E+03   0.45660E-05
   0.10547E+03   0.15795E-06
   0.10551E+03   0.22213E-04
   0.10552E+03   0.59330E-06
   0.10557E+03   0.17915E-04
   0.10558E+03   0.29722E-04
   0.10564E+03   0.53852E-03
   0.10567E+03   0.37687E-03
   0.10569E+03   0.21772E-07
   0.10583E+03   0.61978E-14
   0.10585E+03   0.18063E-06
   0.10592E+03   0.16533E-09
   0.10592E+03   0.40855E-09
   0.10607E+03   0.53288E-05
   0.10609E+03   0.35502E-06
   0.10611E+03   0.54377E-13
   0.10618E+03   0.74665E-07
   0.10622E+03   0.14391E-06
   0.10627E+03   0.47601E-05
   0.10629E+03   0.21067E-06
   0.10637E+03   0.72224E-06
   0.10638E+03   0.85509E-06
   0.10645E+03   0.93615E-05
   0.10647E+03   0.33736E-05
   0.10656E+03   0.31977E-04
   0.10664E+03   0.21589E-04
   0.10667E+03   0.31331E-05
   0.10670E+03   0.33528E-05
   0.10674E+03   0.67887E-05
   0.10686E+03   0.36489E-05
   0.10691E+03   0.46711E-05
   0.10698E+03   0.19266E-04
   0.10701E+03   0.16334E-05
   0.10706E+03   0.15884E-04
   0.10708E+03   0.47651E-04
   0.10722E+03   0.52437E-06
   0.10724E+03   0.35567E-07
   0.10725E+03   0.59449E-09
   0.10734E+03   0.19060E-06
   0.10741E+03   0.24951E-05
   0.10742E+03   0.39706E-03
   0.10754E+03   0.11649E-06
   0.10756E+03   0.62264E-07
   0.10759E+03   0.31440E-05
   0.10762E+03   0.27113E-07
   0.10766E+03   0.13569E-05
   0.10768E+03   0.13229E-05
   0.10770E+03   0.10823E-03
   0.10784E+03   0.14232E-05
   0.10793E+03   0.99074E-14
   0.10800E+03   0.77228E-07
   0.10803E+03   0.77491E-06
   0.10806E+03   0.25436E-05
   0.10818E+03   0.22548E-07
   0.10820E+03   0.11514E-05
   0.10833E+03   0.57418E-09
   0.10840E+03   0.19420E-04
   0.10841E+03   0.25847E-04
   0.10845E+03   0.18880E-04
   0.10853E+03   0.18423E-07
   0.10854E+03   0.31092E-06
   0.10857E+03   0.17038E-05
   0.10860E+03   0.66211E-07
   0.10868E+03   0.58228E-08
   0.10877E+03   0.14499E-07
   0.10886E+03   0.46909E-15
   0.10889E+03   0.35874E-06
   0.10903E+03   0.29574E-06
   0.10909E+03   0.20166E-06
   0.10913E+03   0.37356E-07
   0.10917E+03   0.81359E-15
   0.10925E+03   0.14179E-04
   0.10927E+03   0.47637E-07
   0.10930E+03   0.47016E-06
   0.10938E+03   0.45774E-15
   0.10945E+03   0.11666E-06
   0.10947E+03   0.48616E-05
   0.10953E+03   0.59629E-06
   0.10956E+03   0.31753E-06
   0.10959E+03   0.21343E-05
   0.10968E+03   0.64567E-06
   0.10979E+03   0.81100E-14
   0.10980E+03   0.38335E-06
   0.10981E+03   0.13897E-05
   0.10991E+03   0.15857E-05
   0.10992E+03   0.28765E-06
   0.10995E+03   0.46253E-07
   0.10997E+03   0.92025E-07
   0.11000E+03   0.14696E-05
   0.11007E+03   0.42210E-09
   0.11009E+03   0.13140E-06
   0.11014E+03   0.57913E-07
   0.11025E+03   0.96571E-06
   0.11029E+03   0.12582E-10
   0.11029E+03   0.27699E-07
   0.11032E+03   0.66609E-06
   0.11035E+03   0.66994E-06
   0.11037E+03   0.16660E-06
   0.11040E+03   0.13515E-05
   0.11042E+03   0.64284E-05
   0.11044E+03   0.13787E-05
   0.11045E+03   0.91934E-05
   0.11049E+03   0.13435E-04
   0.11051E+03   0.11603E-04
   0.11054E+03   0.92654E-07
   0.11059E+03   0.59446E-05
   0.11061E+03   0.45597E-09
   0.11062E+03   0.17399E-05
   0.11065E+03   0.91602E-06
   0.11070E+03   0.15702E-06
   0.11073E+03   0.55736E-05
   0.11076E+03   0.42116E-05
   0.11078E+03   0.19563E-05
   0.11079E+03   0.10434E-05
   0.11079E+03   0.21506E-05
   0.11082E+03   0.52720E-07
   0.11083E+03   0.13865E-05
   0.11086E+03   0.62469E-06
   0.11088E+03   0.96556E-06
   0.11089E+03   0.95254E-09
   0.11092E+03   0.95831E-07
   0.11094E+03   0.85256E-08
   0.11098E+03   0.26779E-07
   0.11103E+03   0.40617E-06
   0.11109E+03   0.14935E-05
   0.11111E+03   0.83630E-07
   0.11117E+03   0.11319E-06
   0.11117E+03   0.94808E-06
   0.11123E+03   0.77061E-10
   0.11126E+03   0.68886E-09
   0.11128E+03   0.14169E-08
   0.11130E+03   0.13096E-07
   0.11132E+03   0.16716E-08
   0.11138E+03   0.84577E-08
   0.11144E+03   0.68393E-06
   0.11148E+03   0.24965E-06
   0.11149E+03   0.12437E-07
   0.11161E+03   0.63728E-06
   0.11170E+03   0.15492E-04
   0.11170E+03   0.34347E-12
   0.11171E+03   0.75612E-11
   0.11174E+03   0.16380E-06
   0.11176E+03   0.15792E-05
   0.11179E+03   0.79497E-08
   0.11185E+03   0.24577E-05
   0.11189E+03   0.10595E-05
   0.11193E+03   0.37155E-06
   0.11195E+03   0.63161E-06
   0.11199E+03   0.52644E-05
   0.11202E+03   0.26942E-07
   0.11208E+03   0.26713E-06
   0.11209E+03   0.13760E-04
   0.11213E+03   0.10939E-04
   0.11217E+03   0.11008E-05
   0.11219E+03   0.94636E-15
   0.11220E+03   0.82821E-07
   0.11223E+03   0.46380E-05
   0.11228E+03   0.10693E-04
   0.11239E+03   0.43225E-08
   0.11240E+03   0.14667E-08
   0.11243E+03   0.26197E-05
   0.11246E+03   0.57056E-06
   0.11253E+03   0.16901E-16
   0.11262E+03   0.13140E-05
   0.11270E+03   0.10594E-06
   0.11283E+03   0.57006E-07
   0.11286E+03   0.91337E-06
   0.11293E+03   0.25130E-05
   0.11298E+03   0.26554E-04
   0.11308E+03   0.12804E-05
   0.11322E+03   0.83039E-06
   0.11325E+03   0.73512E-07
   0.11329E+03   0.23865E-07
   0.11332E+03   0.41149E-07
   0.11335E+03   0.15568E-06
   0.11342E+03   0.22158E-06
   0.11348E+03   0.11555E-08
   0.11351E+03   0.54522E-07
   0.11352E+03   0.74924E-05
   0.11357E+03   0.73702E-06
   0.11361E+03   0.44596E-05
   0.11362E+03   0.68221E-04
   0.11365E+03   0.45595E-06
   0.11377E+03   0.11222E-06
   0.11381E+03   0.86653E-08
   0.11390E+03   0.47010E-08
   0.11398E+03   0.36105E-08
   0.11406E+03   0.17927E-05
   0.11409E+03   0.11967E-06
   0.11412E+03   0.21527E-05
   0.11422E+03   0.63895E-06
   0.11424E+03   0.19925E-05
   0.11426E+03   0.33188E-06
   0.11433E+03   0.17219E-05
   0.11445E+03   0.18302E-06
   0.11449E+03   0.48133E-06
   0.11452E+03   0.51028E-07
   0.11456E+03   0.21490E-07
   0.11463E+03   0.66336E-08
   0.11471E+03   0.21529E-06
   0.11472E+03   0.71333E-07
   0.11476E+03   0.63963E-07
   0.11481E+03   0.71170E-09
   0.11481E+03   0.47082E-08
   0.11481E+03   0.10538E-09
   0.11493E+03   0.27449E-05
   0.11498E+03   0.86367E-06
   0.11503E+03   0.70368E-06
   0.11508E+03   0.19339E-06
   0.11517E+03   0.37745E-04
   0.11518E+03   0.37741E-04
   0.11527E+03   0.11934E-04
   0.11529E+03   0.64192E-04
   0.11538E+03   0.16793E-06
   0.11547E+03   0.16400E-12
   0.11558E+03   0.42298E-05
   0.11564E+03   0.28302E-04
   0.11576E+03   0.42346E-06
   0.11586E+03   0.43465E-04
   0.11590E+03   0.26084E-05
   0.11601E+03   0.50530E-07
   0.11604E+03   0.29694E-04
   0.11611E+03   0.22248E-05
   0.11617E+03   0.18080E-05
   0.11618E+03   0.13403E-05
   0.11621E+03   0.88605E-05
   0.11625E+03   0.14605E-06
   0.11628E+03   0.11001E-05
   0.11630E+03   0.38761E-06
   0.11631E+03   0.12250E-13
   0.11634E+03   0.47875E-05
   0.11639E+03   0.86681E-04
   0.11671E+03   0.57986E-07
   0.11680E+03   0.14968E-09
   0.11688E+03   0.29127E-06
   0.11694E+03   0.39537E-05
   0.11697E+03   0.20755E-04
   0.11699E+03   0.41816E-06
   0.11716E+03   0.44190E-06
   0.11725E+03   0.27566E-08
   0.11728E+03   0.16802E-05
   0.11731E+03   0.57187E-05
   0.11737E+03   0.26978E-06
   0.11738E+03   0.12407E-08
   0.11740E+03   0.87116E-06
   0.11744E+03   0.40759E-06
   0.11753E+03   0.14676E-06
   0.11765E+03   0.10244E-08
   0.11768E+03   0.70323E-07
   0.11776E+03   0.41527E-08
   0.11778E+03   0.21058E-06
   0.11788E+03   0.33142E-06
   0.11796E+03   0.39952E-07
   0.11797E+03   0.11958E-08
   0.11810E+03   0.17244E-06
   0.11821E+03   0.39418E-06
   0.11828E+03   0.38716E-06
   0.11833E+03   0.72344E-08
   0.11842E+03   0.44908E-07
   0.11850E+03   0.33568E-06
   0.11851E+03   0.89441E-07
   0.11862E+03   0.26802E-06
   0.11866E+03   0.57184E-05
   0.11878E+03   0.21051E-05
   0.11886E+03   0.36138E-05
   0.11888E+03   0.13065E-05
   0.11899E+03   0.84142E-06
   0.11906E+03   0.21619E-06
   0.11912E+03   0.81876E-06
   0.11933E+03   0.91518E-08
   0.11947E+03   0.84719E-09
   0.11962E+03   0.21619E-06
   0.11971E+03   0.76407E-07
   0.11975E+03   0.24369E-06
   0.11981E+03   0.28688E-06
   0.11983E+03   0.29988E-06
   0.11984E+03   0.10065E-05
   0.11986E+03   0.87301E-07
   0.11991E+03   0.23832E-05
   0.11998E+03   0.17133E-05
   0.12004E+03   0.10195E-08
   0.12018E+03   0.95438E-08
   0.12022E+03   0.27912E-04
   0.12046E+03   0.54468E-07
   0.12054E+03   0.59005E-05
   0.12057E+03   0.26157E-04
   0.12061E+03   0.87912E-06
   0.12069E+03   0.26202E-06
   0.12072E+03   0.20708E-07
   0.12080E+03   0.16857E-06
   0.12090E+03   0.99285E-08
   0.12097E+03   0.21341E-06
   0.12106E+03   0.19064E-06
   0.12115E+03   0.79762E-08
   0.12117E+03   0.11019E-04
   0.12127E+03   0.28417E-06
   0.12137E+03   0.57499E-05
   0.12140E+03   0.97536E-05
   0.12148E+03   0.25041E-06
   0.12150E+03   0.30453E-04
   0.12152E+03   0.35992E-04
   0.12155E+03   0.11649E-07
   0.12172E+03   0.28531E-07
   0.12173E+03   0.82573E-07
   0.12183E+03   0.35167E-07
   0.12184E+03   0.21605E-07
   0.12191E+03   0.18814E-06
   0.12194E+03   0.69850E-06
   0.12233E+03   0.53863E-08
   0.12235E+03   0.16975E-07
   0.12239E+03   0.82921E-07
   0.12241E+03   0.41689E-06
   0.12249E+03   0.47291E-07
   0.12254E+03   0.23919E-07
   0.12256E+03   0.65956E-10
   0.12266E+03   0.55816E-06
   0.12269E+03   0.25719E-06
   0.12291E+03   0.25607E-06
   0.12306E+03   0.27090E-06
   0.12314E+03   0.14289E-05
   0.12332E+03   0.18961E-08
   0.12340E+03   0.66492E-10
   0.12348E+03   0.56407E-08
   0.12349E+03   0.18526E-08
   0.12354E+03   0.17091E-05
   0.12361E+03   0.21948E-05
   0.12365E+03   0.91777E-08
   0.12372E+03   0.79315E-06
   0.12379E+03   0.38676E-15
   0.12381E+03   0.42372E-09
   0.12385E+03   0.87169E-06
   0.12388E+03   0.12352E-05
   0.12390E+03   0.70336E-05
   0.12396E+03   0.14013E-04
   0.12402E+03   0.12486E-05
   0.12407E+03   0.17685E-06
   0.12414E+03   0.54157E-10
   0.12420E+03   0.60340E-16
   0.12421E+03   0.13309E-06
   0.12425E+03   0.39132E-07
   0.12428E+03   0.11758E-06
   0.12430E+03   0.72457E-08
   0.12435E+03   0.10541E-06
   0.12437E+03   0.37877E-06
   0.12444E+03   0.65903E-08
   0.12445E+03   0.38940E-06
   0.12455E+03   0.34274E-05
   0.12457E+03   0.14644E-06
   0.12460E+03   0.76858E-05
   0.12462E+03   0.39260E-06
   0.12469E+03   0.43630E-07
   0.12473E+03   0.84435E-07
   0.12483E+03   0.10930E-05
   0.12489E+03   0.32374E-06
   0.12496E+03   0.11755E-07
   0.12502E+03   0.22256E-06
   0.12520E+03   0.12908E-05
   0.12525E+03   0.48724E-06
   0.12530E+03   0.44208E-09
   0.12533E+03   0.30026E-06
   0.12535E+03   0.17286E-06
   0.12542E+03   0.29365E-06
   0.12552E+03   0.62078E-07
   0.12580E+03   0.22220E-05
   0.12581E+03   0.46808E-05
   0.12590E+03   0.11203E-06
   0.12607E+03   0.38396E-06
   0.12609E+03   0.32173E-08
   0.12612E+03   0.79143E-15
   0.12616E+03   0.94423E-06
   0.12619E+03   0.11464E-05
   0.12623E+03   0.52061E-07
   0.12628E+03   0.17081E-04
   0.12629E+03   0.76845E-06
   0.12635E+03   0.93320E-06
   0.12642E+03   0.46646E-04
   0.12645E+03   0.71708E-08
   0.12654E+03   0.35651E-06
   0.12656E+03   0.46034E-05
   0.12658E+03   0.69171E-04
   0.12659E+03   0.52291E-05
   0.12660E+03   0.19135E-17
   0.12675E+03   0.95837E-06
   0.12678E+03   0.48976E-08
   0.12683E+03   0.43713E-06
   0.12688E+03   0.18039E-17
   0.12690E+03   0.36269E-08
   0.12696E+03   0.33075E-08
   0.12707E+03   0.30855E-06
   0.12718E+03   0.44467E-06
   0.12723E+03   0.21141E-06
   0.12724E+03   0.58523E-07
   0.12727E+03   0.27332E-08
   0.12728E+03   0.27231E-09
   0.12734E+03   0.47930E-06
   0.12737E+03   0.29280E-06
   0.12746E+03   0.24073E-07
   0.12755E+03   0.18457E-05
   0.12758E+03   0.10627E-06
   0.12768E+03   0.89895E-05
   0.12776E+03   0.28779E-06
   0.12785E+03   0.19145E-07
   0.12796E+03   0.95517E-07
   0.12797E+03   0.17473E-05
   0.12798E+03   0.30824E-06
   0.12806E+03   0.83979E-06
   0.12806E+03   0.99013E-05
   0.12812E+03   0.26432E-07
   0.12817E+03   0.19624E-05
   0.12832E+03   0.72420E-05
   0.12852E+03   0.10060E-08
   0.12866E+03   0.33600E-07
   0.12877E+03   0.26837E-08
   0.12880E+03   0.46042E-07
   0.12881E+03   0.11136E-07
   0.12899E+03   0.86351E-08
   0.12906E+03   0.46485E-06
   0.12913E+03   0.92719E-06
   0.12916E+03   0.23349E-06
   0.12920E+03   0.29314E-05
   0.12928E+03   0.45230E-13
   0.12940E+03   0.11419E-05
   0.12941E+03   0.11434E-06
   0.12953E+03   0.12282E-04
   0.12954E+03   0.20948E-05
   0.12963E+03   0.46532E-04
   0.12986E+03   0.14930E-05
   0.13003E+03   0.11257E-04
   0.13011E+03   0.10633E-05
   0.13017E+03   0.77439E-16
   0.13028E+03   0.41009E-08
   0.13036E+03   0.22717E-07
   0.13037E+03   0.23912E-07
   0.13048E+03   0.14221E-08
   0.13050E+03   0.51350E-07
   0.13058E+03   0.31255E-07
   0.13069E+03   0.29672E-06
   0.13084E+03   0.19732E-06
   0.13086E+03   0.57408E-05
   0.13101E+03   0.84346E-05
   0.13106E+03   0.23298E-06
   0.13109E+03   0.72572E-05
   0.13120E+03   0.24701E-05
   0.13128E+03   0.10172E-05
   0.13132E+03   0.14021E-06
   0.13136E+03   0.78548E-06
   0.13139E+03   0.27678E-05
   0.13139E+03   0.76470E-06
   0.13147E+03   0.17415E-06
   0.13155E+03   0.75987E-07
   0.13164E+03   0.10117E-04
   0.13167E+03   0.64895E-06
   0.13171E+03   0.40169E-07
   0.13180E+03   0.37757E-09
   0.13187E+03   0.36966E-07
   0.13189E+03   0.80452E-07
   0.13194E+03   0.96173E-10
   0.13197E+03   0.11923E-05
   0.13199E+03   0.67049E-07
   0.13207E+03   0.10113E-07
   0.13233E+03   0.26833E-05
   0.13240E+03   0.20782E-05
   0.13242E+03   0.41727E-07
   0.13245E+03   0.14513E-06
   0.13253E+03   0.24459E-07
   0.13282E+03   0.76461E-09
   0.13291E+03   0.56576E-08
   0.13304E+03   0.21344E-07
   0.13305E+03   0.12973E-09
   0.13308E+03   0.20712E-06
   0.13328E+03   0.82654E-08
   0.13348E+03   0.39606E-06
   0.13372E+03   0.17660E-06
   0.13396E+03   0.27511E-06
   0.13399E+03   0.48833E-07
   0.13433E+03   0.10302E-06
   0.13437E+03   0.13856E-07
   0.13452E+03   0.95437E-05
   0.13459E+03   0.10053E-05
   0.13489E+03   0.17102E-05
   0.13499E+03   0.20168E-08
   0.13506E+03   0.19910E-07
   0.13519E+03   0.57068E-07
   0.13529E+03   0.23145E-08
   0.13544E+03   0.16414E-07
   0.13560E+03   0.38747E-09
   0.13564E+03   0.20823E-06
   0.13575E+03   0.13039E-07
   0.13587E+03   0.75023E-07
   0.13600E+03   0.24003E-05
   0.13624E+03   0.41623E-07
   0.13633E+03   0.18664E-07
   0.13647E+03   0.95184E-05
   0.13668E+03   0.20016E-05
   0.13688E+03   0.24757E-07
   0.13704E+03   0.38501E-06
   0.13719E+03   0.32107E-09
   0.13766E+03   0.43447E-06
   0.13784E+03   0.97027E-07
   0.13789E+03   0.13195E-04
   0.13796E+03   0.57879E-06
   0.13803E+03   0.12784E-05
   0.13805E+03   0.27851E-06
   0.13828E+03   0.20131E-07
   0.13837E+03   0.92181E-05
   0.13844E+03   0.20732E-06
   0.13853E+03   0.25860E-04
   0.13855E+03   0.40068E-05
   0.13865E+03   0.12320E-05
   0.13882E+03   0.31592E-06
   0.13900E+03   0.18448E-05
   0.13906E+03   0.19525E-06
   0.13908E+03   0.10494E-06
   0.13913E+03   0.34644E-06
   0.13923E+03   0.24863E-08
   0.13944E+03   0.20349E-06
   0.13951E+03   0.26978E-06
   0.13959E+03   0.13109E-05
   0.13968E+03   0.35590E-06
   0.13974E+03   0.69441E-08
   0.13996E+03   0.48588E-05
   0.14015E+03   0.37647E-05
   0.14024E+03   0.14488E-07
   0.14034E+03   0.78790E-08
   0.14054E+03   0.70533E-04
   0.14060E+03   0.24201E-07
   0.14065E+03   0.34410E-07
   0.14069E+03   0.15661E-06
   0.14079E+03   0.66661E-08
   0.14084E+03   0.16243E-08
   0.14091E+03   0.78542E-07
   0.14094E+03   0.20064E-06
   0.14098E+03   0.42885E-07
   0.14103E+03   0.33470E-07
   0.14110E+03   0.23195E-07
   0.14112E+03   0.31039E-07
   0.14113E+03   0.78350E-07
   0.14122E+03   0.11380E-06
   0.14129E+03   0.15883E-08
   0.14132E+03   0.24487E-06
   0.14135E+03   0.35998E-06
   0.14152E+03   0.53962E-08
   0.14157E+03   0.12070E-07
   0.14174E+03   0.20290E-06
   0.14177E+03   0.15095E-07
   0.14187E+03   0.39607E-06
   0.14189E+03   0.36762E-06
   0.14203E+03   0.94952E-05
   0.14219E+03   0.75554E-06
   0.14224E+03   0.61902E-06
   0.14229E+03   0.86679E-08
   0.14242E+03   0.41375E-07
   0.14254E+03   0.60863E-07
   0.14257E+03   0.83199E-07
   0.14269E+03   0.37499E-09
   0.14293E+03   0.74591E-05
   0.14345E+03   0.24512E-07
   0.14355E+03   0.64018E-06
   0.14364E+03   0.17908E-05
   0.14371E+03   0.15540E-06
   0.14377E+03   0.66936E-06
   0.14378E+03   0.71688E-07
   0.14388E+03   0.17796E-05
   0.14393E+03   0.53146E-06
   0.14403E+03   0.28773E-05
   0.14405E+03   0.11432E-04
   0.14423E+03   0.11470E-05
   0.14426E+03   0.10612E-05
   0.14432E+03   0.14550E-07
   0.14432E+03   0.12330E-06
   0.14477E+03   0.18483E-06
   0.14485E+03   0.11187E-09
   0.14503E+03   0.27128E-06
   0.14514E+03   0.26132E-07
   0.14528E+03   0.47515E-07
   0.14534E+03   0.28984E-08
   0.14536E+03   0.47916E-08
   0.14538E+03   0.10653E-08
   0.14560E+03   0.14227E-06
   0.14568E+03   0.31559E-08
   0.14577E+03   0.17840E-07
   0.14592E+03   0.11446E-05
   0.14597E+03   0.24275E-05
   0.14604E+03   0.30522E-10
   0.14614E+03   0.60931E-06
   0.14618E+03   0.74045E-06
   0.14639E+03   0.27120E-07
   0.14646E+03   0.13766E-06
   0.14650E+03   0.13853E-07
   0.14686E+03   0.32695E-08
   0.14728E+03   0.27584E-09
   0.14744E+03   0.74208E-07
   0.14763E+03   0.19595E-05
   0.14801E+03   0.23971E-07
   0.14809E+03   0.98900E-08
   0.14828E+03   0.65539E-08
   0.14871E+03   0.56336E-07
   0.14906E+03   0.20840E-05
   0.14912E+03   0.54294E-06
   0.14916E+03   0.29678E-07
   0.14943E+03   0.47588E-07
   0.14952E+03   0.38376E-06
   0.14968E+03   0.21314E-08
   0.15026E+03   0.48014E-08
   0.15037E+03   0.39407E-07
   0.15040E+03   0.87446E-06
   0.15056E+03   0.53108E-05
   0.15068E+03   0.33962E-06
   0.15075E+03   0.14983E-07
   0.15109E+03   0.35575E-07
   0.15132E+03   0.21967E-06
   0.15137E+03   0.21710E-05
   0.15148E+03   0.66727E-06
   0.15159E+03   0.18025E-08
   0.15179E+03   0.29477E-04
   0.15188E+03   0.13652E-05
   0.15194E+03   0.10845E-07
   0.15216E+03   0.54006E-07
   0.15231E+03   0.75666E-06
   0.15248E+03   0.11127E-07
   0.15269E+03   0.74140E-08
   0.15272E+03   0.55456E-09
   0.15289E+03   0.10932E-05
   0.15296E+03   0.25506E-10
   0.15315E+03   0.12112E-05
   0.15324E+03   0.27480E-05
   0.15324E+03   0.18897E-05
   0.15337E+03   0.70687E-07
   0.15348E+03   0.53148E-06
   0.15353E+03   0.37582E-06
   0.15366E+03   0.52060E-07
   0.15391E+03   0.12732E-08
   0.15394E+03   0.21243E-05
   0.15420E+03   0.10836E-05
   0.15431E+03   0.28401E-08
   0.15446E+03   0.58580E-06
   0.15448E+03   0.69155E-05
   0.15452E+03   0.73700E-09
   0.15456E+03   0.90041E-06
   0.15480E+03   0.14211E-09
   0.15493E+03   0.25844E-06
   0.15502E+03   0.18697E-08
   0.15508E+03   0.59100E-10
   0.15519E+03   0.83217E-08
   0.15546E+03   0.37141E-07
   0.15562E+03   0.12920E-07
   0.15566E+03   0.44114E-06
   0.15575E+03   0.17619E-05
   0.15578E+03   0.37604E-07
   0.15582E+03   0.73449E-07
   0.15584E+03   0.17400E-06
   0.15591E+03   0.55437E-06
   0.15606E+03   0.67857E-07
   0.15617E+03   0.18350E-05
   0.15620E+03   0.13874E-05
   0.15623E+03   0.65323E-07
   0.15627E+03   0.24037E-06
   0.15652E+03   0.21588E-06
   0.15682E+03   0.21007E-11
   0.15688E+03   0.12110E-07
   0.15699E+03   0.21055E-08
   0.15703E+03   0.37752E-08
   0.15726E+03   0.20778E-06
   0.15740E+03   0.69500E-05
   0.15747E+03   0.31593E-06
   0.15760E+03   0.12066E-07
   0.15767E+03   0.52445E-07
   0.15771E+03   0.17903E-07
   0.15777E+03   0.19923E-07
   0.15784E+03   0.17290E-08
   0.15819E+03   0.96483E-12
   0.15828E+03   0.58668E-07
   0.15836E+03   0.70940E-09
   0.15848E+03   0.78975E-08
   0.15857E+03   0.10146E-08
   0.15882E+03   0.57698E-08
   0.15886E+03   0.12605E-08
   0.15894E+03   0.82867E-09
   0.15902E+03   0.18784E-08
   0.15913E+03   0.63277E-06
   0.15914E+03   0.15882E-06
   0.15962E+03   0.53643E-09
   0.15985E+03   0.71388E-09
   0.16006E+03   0.20651E-06
   0.16051E+03   0.17444E-07
   0.16068E+03   0.39149E-09
   0.16085E+03   0.68170E-09
   0.16133E+03   0.53559E-06
   0.16167E+03   0.45711E-07
   0.16214E+03   0.29235E-05
   0.16228E+03   0.25700E-05
   0.16239E+03   0.71219E-08
   0.16246E+03   0.58642E-06
   0.16252E+03   0.13898E-05
   0.16285E+03   0.70224E-09
   0.16322E+03   0.31607E-07
   0.16333E+03   0.11866E-07
   0.16371E+03   0.26813E-05
   0.16390E+03   0.14295E-07
   0.16407E+03   0.11439E-08
   0.16419E+03   0.45067E-07
   0.16433E+03   0.61465E-09
   0.16455E+03   0.25248E-07
   0.16488E+03   0.91982E-09
   0.16502E+03   0.40902E-08
   0.16511E+03   0.78868E-07
   0.16565E+03   0.25051E-05
   0.16566E+03   0.63361E-06
   0.16579E+03   0.41721E-06
   0.16619E+03   0.62321E-08
   0.16673E+03   0.19895E-05
   0.16697E+03   0.20936E-08
   0.16743E+03   0.69722E-08
   0.16746E+03   0.66750E-07
   0.16768E+03   0.11313E-06
   0.16826E+03   0.29935E-07
   0.16833E+03   0.67266E-07
   0.16855E+03   0.16036E-06
   0.16877E+03   0.25736E-06
   0.16886E+03   0.97780E-08
   0.16940E+03   0.69134E-08
   0.16965E+03   0.50616E-06
   0.16966E+03   0.18867E-07
   0.16991E+03   0.12138E-07
   0.16994E+03   0.53781E-05
   0.17003E+03   0.47542E-05
   0.17050E+03   0.12682E-05
   0.17089E+03   0.15906E-07
   0.17096E+03   0.11695E-09
   0.17102E+03   0.25588E-07
   0.17120E+03   0.76978E-06
   0.17128E+03   0.26030E-05
   0.17144E+03   0.53231E-07
   0.17214E+03   0.93437E-06
   0.17215E+03   0.11155E-06
   0.17296E+03   0.81626E-08
   0.17297E+03   0.73665E-08
   0.17315E+03   0.14851E-07
   0.17375E+03   0.71443E-07
   0.17393E+03   0.69105E-07
   0.17407E+03   0.72488E-05
   0.17441E+03   0.58143E-07
   0.17492E+03   0.59362E-08
   0.17500E+03   0.52410E-07
   0.17517E+03   0.58160E-06
   0.17571E+03   0.71296E-09
   0.17639E+03   0.53821E-08
   0.17658E+03   0.33313E-06
   0.17727E+03   0.18473E-06
   0.17735E+03   0.13834E-08
   0.17770E+03   0.20074E-06
   0.17782E+03   0.36152E-09
   0.17804E+03   0.56819E-07
   0.17810E+03   0.38276E-07
   0.17816E+03   0.80963E-08
   0.17838E+03   0.53309E-08
   0.17848E+03   0.12092E-07
   0.17862E+03   0.14649E-06
   0.17958E+03   0.37811E-05
   0.17985E+03   0.32584E-07
   0.18054E+03   0.22769E-07
   0.18067E+03   0.15428E-05
   0.18087E+03   0.16938E-07
   0.18147E+03   0.33130E-09
   0.18158E+03   0.17036E-06
   0.18193E+03   0.49879E-06
   0.18207E+03   0.11560E-06
   0.18219E+03   0.56707E-07
   0.18222E+03   0.44774E-06
   0.18288E+03   0.55962E-09
   0.18334E+03   0.17269E-07
   0.18365E+03   0.13371E-05
   0.18366E+03   0.56579E-05
   0.18405E+03   0.35454E-07
   0.18427E+03   0.72547E-05
   0.18462E+03   0.92893E-07
   0.18472E+03   0.10863E-06
   0.18485E+03   0.21156E-07
   0.18544E+03   0.26346E-05
   0.18636E+03   0.15582E-08
   0.18660E+03   0.29242E-07
   0.18703E+03   0.87303E-05
   0.18730E+03   0.54509E-06
   0.18752E+03   0.13396E-05
   0.18765E+03   0.25436E-06
   0.18768E+03   0.16516E-06
   0.18827E+03   0.24961E-07
   0.19080E+03   0.63966E-07
   0.19472E+03   0.88394E-06
   0.19601E+03   0.26208E-06
   0.19832E+03   0.14970E-06
   0.19987E+03   0.16932E-05
   0.20098E+03   0.35258E-06
   0.20118E+03   0.32897E-05
   0.20125E+03   0.80104E-05
   0.20264E+03   0.30188E-07
