  -0.71668E+01   0.20572E-02
  -0.69029E+01   0.56515E-02
  -0.57186E+01   0.93941E-03
  -0.54379E+01   0.86871E-03
  -0.54362E+01   0.81327E-05
  -0.52311E+01   0.10532E+01
  -0.51742E+01   0.90344E-03
  -0.48655E+01   0.11997E-11
  -0.48020E+01   0.10668E-10
  -0.43567E+01   0.19265E-01
  -0.42113E+01   0.20152E-02
  -0.39604E+01   0.29491E+00
  -0.35342E+01   0.58065E-01
  -0.33471E+01   0.55307E-09
  -0.31795E+01   0.86738E+00
  -0.28374E+01   0.22862E-13
  -0.27717E+01   0.27672E-10
  -0.26922E+01   0.30019E-01
  -0.26343E+01   0.43382E-10
  -0.25857E+01   0.94059E-01
  -0.25048E+01   0.12029E-09
  -0.21446E+01   0.91869E-11
  -0.19775E+01   0.35262E+00
  -0.19324E+01   0.10194E-08
  -0.14906E+01   0.12919E+01
  -0.12263E+01   0.25433E-10
  -0.10060E+01   0.11470E-06
  -0.99706E+00   0.31745E+01
   0.73487E-02   0.39221E-10
   0.21366E+00   0.12853E-07
   0.29014E+00   0.66661E+01
   0.35460E+00   0.18489E-06
   0.58561E+00   0.35808E-10
   0.74664E+00   0.39589E-11
   0.89542E+00   0.49217E-10
   0.91265E+00   0.86878E+00
   0.10487E+01   0.22465E-11
   0.15064E+01   0.14167E-08
   0.15888E+01   0.86935E-01
   0.16085E+01   0.22714E+00
   0.17344E+01   0.15223E-08
   0.19059E+01   0.34103E-01
   0.20909E+01   0.35510E+01
   0.24675E+01   0.46723E-01
   0.27883E+01   0.67813E-01
   0.29552E+01   0.83271E-03
   0.30413E+01   0.12157E+00
   0.31268E+01   0.40478E-10
   0.32759E+01   0.19583E-10
   0.32974E+01   0.23894E-04
   0.34330E+01   0.44320E+01
   0.35559E+01   0.53408E-09
   0.36495E+01   0.26988E+00
   0.36534E+01   0.78598E-01
   0.38083E+01   0.31311E-06
   0.38836E+01   0.80179E-08
   0.41528E+01   0.16650E-09
   0.41976E+01   0.12531E-01
   0.42811E+01   0.54315E-11
   0.44589E+01   0.54261E+00
   0.45128E+01   0.13174E-08
   0.45139E+01   0.88560E-02
   0.47147E+01   0.42175E-09
   0.49091E+01   0.70114E-09
   0.55302E+01   0.10390E-01
   0.55302E+01   0.11333E-05
   0.57033E+01   0.14983E-02
   0.59786E+01   0.30423E-01
   0.60061E+01   0.12169E-08
   0.62447E+01   0.24102E-02
   0.63379E+01   0.38930E-02
   0.63631E+01   0.34310E-03
   0.65474E+01   0.51926E-09
   0.66171E+01   0.17497E-09
   0.74393E+01   0.22893E-03
   0.76469E+01   0.11013E-01
   0.79790E+01   0.48566E-11
   0.80497E+01   0.11128E-10
   0.80828E+01   0.32373E-01
   0.82193E+01   0.28212E-02
   0.82777E+01   0.11659E-10
   0.83847E+01   0.11886E-10
   0.84300E+01   0.98392E+00
   0.86304E+01   0.11197E-10
   0.87321E+01   0.20986E-03
   0.87882E+01   0.19350E+00
   0.87978E+01   0.40242E+00
   0.89062E+01   0.11149E-09
   0.90146E+01   0.27945E-09
   0.91154E+01   0.14058E+00
   0.93095E+01   0.22097E-08
   0.94959E+01   0.56962E-01
   0.95682E+01   0.47752E+02
   0.10132E+02   0.62819E-02
   0.10146E+02   0.63833E-02
   0.10208E+02   0.70038E-09
   0.10230E+02   0.18285E-03
   0.11208E+02   0.31623E-03
   0.11236E+02   0.25133E-01
   0.11364E+02   0.87857E-02
   0.11889E+02   0.18563E-08
   0.12164E+02   0.14307E-11
   0.12172E+02   0.77054E-04
   0.12191E+02   0.24921E-06
   0.12202E+02   0.76814E-12
   0.12298E+02   0.84947E-01
   0.12551E+02   0.78031E-05
   0.12701E+02   0.65020E-09
   0.12771E+02   0.51014E-04
   0.12812E+02   0.28747E-02
   0.12854E+02   0.20168E-02
   0.12882E+02   0.17960E-08
   0.12900E+02   0.42416E-03
   0.13067E+02   0.12905E-03
   0.13072E+02   0.12455E-02
   0.13115E+02   0.13120E-03
   0.13319E+02   0.10617E-08
   0.13407E+02   0.28684E-03
   0.13418E+02   0.40988E-01
   0.13420E+02   0.33479E-04
   0.13490E+02   0.98625E-03
   0.13549E+02   0.19823E-06
   0.13559E+02   0.18607E-03
   0.13600E+02   0.44228E-04
   0.13868E+02   0.19591E-11
   0.13911E+02   0.96127E-11
   0.13986E+02   0.27197E-03
   0.13994E+02   0.22743E-04
   0.13995E+02   0.10074E-06
   0.14095E+02   0.25425E-02
   0.14115E+02   0.43920E-11
   0.14128E+02   0.11656E-03
   0.14277E+02   0.30907E-05
   0.14375E+02   0.24311E-01
   0.14400E+02   0.94285E-13
   0.14496E+02   0.42247E-10
   0.14633E+02   0.39833E-01
   0.14643E+02   0.32933E-10
   0.14669E+02   0.90184E-02
   0.14708E+02   0.73972E-09
   0.14724E+02   0.28343E-09
   0.14730E+02   0.61182E-04
   0.14816E+02   0.62338E-08
   0.14822E+02   0.12889E-03
   0.14835E+02   0.26104E-03
   0.14926E+02   0.21608E-12
   0.14931E+02   0.37409E-02
   0.14987E+02   0.27354E-01
   0.14992E+02   0.90659E-02
   0.15139E+02   0.77389E-09
   0.15205E+02   0.97786E-09
   0.15212E+02   0.53200E-02
   0.15253E+02   0.50016E-03
   0.15280E+02   0.11010E-08
   0.15422E+02   0.16728E-12
   0.15465E+02   0.11406E-05
   0.15481E+02   0.98326E-02
   0.15494E+02   0.69755E-04
   0.15535E+02   0.93348E-02
   0.15582E+02   0.15726E-09
   0.15599E+02   0.13579E-02
   0.15680E+02   0.72928E-01
   0.15782E+02   0.36480E-01
   0.15906E+02   0.69236E-05
   0.15946E+02   0.15329E-03
   0.15975E+02   0.60353E-03
   0.15983E+02   0.32447E-03
   0.16086E+02   0.29348E-04
   0.16101E+02   0.28050E-01
   0.16105E+02   0.13760E-01
   0.16110E+02   0.22573E-03
   0.16173E+02   0.50232E-03
   0.16264E+02   0.11945E-07
   0.16305E+02   0.86572E-12
   0.16354E+02   0.67615E-02
   0.16359E+02   0.95368E-01
   0.16474E+02   0.10013E-10
   0.16561E+02   0.19524E-01
   0.16583E+02   0.31600E-01
   0.16604E+02   0.59708E-03
   0.16640E+02   0.48397E-12
   0.16652E+02   0.97789E-13
   0.16761E+02   0.12322E-05
   0.16764E+02   0.38213E-04
   0.16781E+02   0.55759E-03
   0.16787E+02   0.26175E-04
   0.16800E+02   0.20489E-11
   0.16895E+02   0.15151E-04
   0.17001E+02   0.18336E-06
   0.17024E+02   0.18075E-06
   0.17053E+02   0.86838E-03
   0.17127E+02   0.52298E-07
   0.17131E+02   0.40322E-12
   0.17160E+02   0.26834E-01
   0.17209E+02   0.97689E-02
   0.17258E+02   0.44940E-12
   0.17300E+02   0.16538E-03
   0.17306E+02   0.49867E-01
   0.17352E+02   0.27198E-01
   0.17383E+02   0.11990E-04
   0.17460E+02   0.15054E-06
   0.17477E+02   0.11674E-02
   0.17613E+02   0.14009E+01
   0.17764E+02   0.12322E+00
   0.17771E+02   0.16422E-03
   0.17816E+02   0.15452E-06
   0.17834E+02   0.19172E-01
   0.17875E+02   0.48424E-02
   0.17952E+02   0.16453E-01
   0.17977E+02   0.22231E-13
   0.17985E+02   0.10865E-02
   0.18014E+02   0.77766E-04
   0.18166E+02   0.10445E-03
   0.18175E+02   0.60394E-03
   0.18222E+02   0.31625E-03
   0.18243E+02   0.20070E-02
   0.18253E+02   0.22571E-02
   0.18287E+02   0.68588E-03
   0.18295E+02   0.18242E-02
   0.18321E+02   0.34001E-03
   0.18321E+02   0.10523E-01
   0.18407E+02   0.15184E-03
   0.18420E+02   0.57519E-04
   0.18438E+02   0.20819E-09
   0.18555E+02   0.21104E-03
   0.18625E+02   0.24095E-10
   0.18680E+02   0.85528E-10
   0.18706E+02   0.16747E-02
   0.18791E+02   0.20360E-03
   0.18798E+02   0.39833E-03
   0.18838E+02   0.30805E-02
   0.18880E+02   0.58255E-02
   0.18891E+02   0.35975E-05
   0.18925E+02   0.44900E-06
   0.18949E+02   0.67943E-03
   0.18974E+02   0.11333E-06
   0.19075E+02   0.71312E-07
   0.19226E+02   0.53573E-03
   0.19376E+02   0.50462E-07
   0.19388E+02   0.27752E-06
   0.19391E+02   0.24997E-03
   0.19446E+02   0.31417E-02
   0.19553E+02   0.18788E-02
   0.19571E+02   0.30056E-02
   0.19661E+02   0.22826E-01
   0.19683E+02   0.76715E-08
   0.19687E+02   0.79829E-04
   0.19716E+02   0.47164E-02
   0.19747E+02   0.18939E-01
   0.19916E+02   0.14439E-02
   0.20038E+02   0.99954E-04
   0.20109E+02   0.21947E-01
   0.20146E+02   0.11960E-10
   0.20152E+02   0.29870E-05
   0.20183E+02   0.78532E-03
   0.20283E+02   0.14977E-05
   0.20292E+02   0.11393E-02
   0.20295E+02   0.86087E-01
   0.20368E+02   0.71782E-10
   0.20434E+02   0.12914E-02
   0.20486E+02   0.21431E-02
   0.20640E+02   0.26825E-11
   0.20695E+02   0.44609E-03
   0.20776E+02   0.26966E-03
   0.20783E+02   0.21297E-03
   0.20802E+02   0.98278E-09
   0.20908E+02   0.45104E-02
   0.20933E+02   0.12862E-03
   0.21044E+02   0.97215E-08
   0.21133E+02   0.65496E-02
   0.21145E+02   0.87492E-03
   0.21211E+02   0.23299E-09
   0.21312E+02   0.28633E-02
   0.21352E+02   0.91876E-11
   0.21368E+02   0.56330E-07
   0.21478E+02   0.54004E-11
   0.21492E+02   0.15615E-02
   0.21535E+02   0.24877E-01
   0.21566E+02   0.20188E-05
   0.21663E+02   0.12580E-01
   0.21665E+02   0.86656E-08
   0.21683E+02   0.48505E-02
   0.21698E+02   0.25947E-02
   0.21761E+02   0.81562E-03
   0.21797E+02   0.44970E-03
   0.21830E+02   0.84137E-10
   0.21872E+02   0.77130E-04
   0.21879E+02   0.74327E-02
   0.21883E+02   0.29678E-02
   0.21887E+02   0.18827E-02
   0.21929E+02   0.44535E-03
   0.21944E+02   0.32076E-09
   0.21996E+02   0.21852E-02
   0.22078E+02   0.94258E-01
   0.22145E+02   0.44719E-01
   0.22168E+02   0.97909E-02
   0.22225E+02   0.33659E-11
   0.22263E+02   0.29018E-01
   0.22292E+02   0.27292E-11
   0.22359E+02   0.11625E-02
   0.22413E+02   0.83775E-04
   0.22420E+02   0.58508E-04
   0.22444E+02   0.14862E-04
   0.22458E+02   0.49795E-01
   0.22487E+02   0.75092E-04
   0.22493E+02   0.35174E-03
   0.22550E+02   0.17036E-09
   0.22555E+02   0.50006E-04
   0.22558E+02   0.28859E-03
   0.22714E+02   0.17081E-07
   0.22748E+02   0.42286E-05
   0.22819E+02   0.60761E-10
   0.22851E+02   0.77244E-03
   0.23070E+02   0.61912E-06
   0.23198E+02   0.46642E-03
   0.23280E+02   0.32248E-04
   0.23309E+02   0.22784E-03
   0.23321E+02   0.22477E-04
   0.23383E+02   0.20443E-06
   0.23406E+02   0.27440E-03
   0.23419E+02   0.54767E-06
   0.23461E+02   0.29217E-03
   0.23479E+02   0.56519E-03
   0.23512E+02   0.25236E-02
   0.23518E+02   0.68317E-06
   0.23566E+02   0.51691E-08
   0.23605E+02   0.10008E-02
   0.23615E+02   0.60579E-02
   0.23741E+02   0.20068E-03
   0.23748E+02   0.57975E-02
   0.23755E+02   0.45305E-03
   0.23760E+02   0.33822E-10
   0.23790E+02   0.54809E-05
   0.23817E+02   0.54142E-03
   0.23876E+02   0.54595E-10
   0.23945E+02   0.12965E-02
   0.23968E+02   0.87619E-06
   0.23998E+02   0.51816E-01
   0.24030E+02   0.23821E-03
   0.24068E+02   0.32447E-02
   0.24110E+02   0.59866E-02
   0.24126E+02   0.34870E-03
   0.24149E+02   0.47736E-04
   0.24157E+02   0.20536E-04
   0.24302E+02   0.29828E-02
   0.24336E+02   0.31582E-01
   0.24367E+02   0.60127E-02
   0.24400E+02   0.10217E-10
   0.24473E+02   0.17400E-07
   0.24485E+02   0.11977E-02
   0.24490E+02   0.75631E-06
   0.24581E+02   0.19909E-02
   0.24625E+02   0.34355E-03
   0.24757E+02   0.35413E-05
   0.24764E+02   0.18332E-05
   0.24837E+02   0.16467E-03
   0.24854E+02   0.15991E-02
   0.24902E+02   0.44307E-02
   0.25120E+02   0.35322E-03
   0.25160E+02   0.11759E-05
   0.25213E+02   0.10233E-04
   0.25240E+02   0.91206E-11
   0.25282E+02   0.96575E-03
   0.25335E+02   0.75244E-02
   0.25397E+02   0.98287E-04
   0.25406E+02   0.20070E-03
   0.25412E+02   0.43986E-05
   0.25451E+02   0.99053E-03
   0.25465E+02   0.45636E-01
   0.25556E+02   0.58737E-10
   0.25566E+02   0.13912E-06
   0.25653E+02   0.16093E-06
   0.25673E+02   0.14031E-03
   0.25726E+02   0.25981E-06
   0.25755E+02   0.17522E-03
   0.25757E+02   0.39503E-04
   0.25830E+02   0.20119E-01
   0.25838E+02   0.29739E-09
   0.25848E+02   0.51063E-01
   0.25892E+02   0.97345E-02
   0.25914E+02   0.67801E-03
   0.25918E+02   0.28504E-02
   0.25953E+02   0.12714E-03
   0.25984E+02   0.49006E-02
   0.26005E+02   0.58513E-02
   0.26068E+02   0.50127E-10
   0.26145E+02   0.53101E-03
   0.26241E+02   0.58814E-02
   0.26257E+02   0.30977E-05
   0.26258E+02   0.19508E-01
   0.26333E+02   0.25406E-02
   0.26349E+02   0.16346E-04
   0.26393E+02   0.47611E-11
   0.26427E+02   0.55918E-05
   0.26436E+02   0.15010E-03
   0.26437E+02   0.30237E-03
   0.26439E+02   0.10830E-02
   0.26524E+02   0.38106E-09
   0.26547E+02   0.12459E-02
   0.26561E+02   0.12142E-03
   0.26592E+02   0.16561E-02
   0.26618E+02   0.42666E-02
   0.26681E+02   0.54237E-04
   0.26739E+02   0.37687E-02
   0.26839E+02   0.67082E-07
   0.26911E+02   0.37953E-03
   0.26972E+02   0.37448E-02
   0.27042E+02   0.34791E-10
   0.27051E+02   0.11646E-01
   0.27078E+02   0.14463E-01
   0.27092E+02   0.10433E+00
   0.27343E+02   0.47842E-06
   0.27370E+02   0.64572E-02
   0.27383E+02   0.27696E-04
   0.27415E+02   0.31197E-04
   0.27426E+02   0.48456E-04
   0.27559E+02   0.10396E-16
   0.27615E+02   0.44017E-02
   0.27632E+02   0.36059E-02
   0.27763E+02   0.65717E-02
   0.27809E+02   0.10386E-02
   0.27855E+02   0.10907E-12
   0.27927E+02   0.11176E-02
   0.27962E+02   0.74612E-03
   0.27963E+02   0.90094E-07
   0.27968E+02   0.41328E-03
   0.27976E+02   0.23775E-04
   0.27988E+02   0.34177E-01
   0.27994E+02   0.14809E-03
   0.28167E+02   0.55429E-02
   0.28175E+02   0.21563E-03
   0.28184E+02   0.37403E-02
   0.28213E+02   0.54429E-03
   0.28248E+02   0.72614E-01
   0.28340E+02   0.79880E-09
   0.28416E+02   0.46270E-02
   0.28444E+02   0.41179E-03
   0.28532E+02   0.65226E-10
   0.28629E+02   0.28455E-03
   0.28727E+02   0.13288E-02
   0.28750E+02   0.41653E-03
   0.28822E+02   0.53498E-08
   0.28862E+02   0.32196E-03
   0.29009E+02   0.92434E-03
   0.29205E+02   0.81127E-05
   0.29301E+02   0.56237E-02
   0.29349E+02   0.68998E-05
   0.29464E+02   0.24577E-06
   0.29482E+02   0.12761E-04
   0.29580E+02   0.12467E-03
   0.29644E+02   0.37614E-10
   0.29662E+02   0.81164E-05
   0.29687E+02   0.25216E-10
   0.29766E+02   0.22380E-03
   0.29776E+02   0.20693E-07
   0.29831E+02   0.31867E-11
   0.29867E+02   0.48823E-03
   0.29889E+02   0.39188E-02
   0.29897E+02   0.65592E-05
   0.29942E+02   0.59288E-02
   0.29954E+02   0.33756E-03
   0.29984E+02   0.87755E-11
   0.30009E+02   0.23366E-02
   0.30032E+02   0.95600E-03
   0.30043E+02   0.24460E-02
   0.30132E+02   0.37965E-04
   0.30141E+02   0.23563E-04
   0.30159E+02   0.78026E-05
   0.30196E+02   0.90502E-03
   0.30258E+02   0.10571E-10
   0.30298E+02   0.24854E-11
   0.30309E+02   0.25297E-11
   0.30354E+02   0.38359E-10
   0.30404E+02   0.25357E-06
   0.30419E+02   0.17750E-04
   0.30423E+02   0.26559E-03
   0.30451E+02   0.31527E-06
   0.30474E+02   0.35652E-02
   0.30554E+02   0.48672E-05
   0.30569E+02   0.19793E-02
   0.30602E+02   0.71084E-11
   0.30627E+02   0.10123E-12
   0.30702E+02   0.92578E-04
   0.30748E+02   0.26739E-02
   0.30751E+02   0.28983E-05
   0.30858E+02   0.52301E-07
   0.30914E+02   0.35507E-02
   0.30927E+02   0.30484E-02
   0.30978E+02   0.15535E-02
   0.30986E+02   0.16652E-04
   0.30990E+02   0.14756E-04
   0.31001E+02   0.11525E-02
   0.31004E+02   0.49850E-05
   0.31045E+02   0.12626E-02
   0.31081E+02   0.27470E-02
   0.31163E+02   0.13053E-12
   0.31198E+02   0.84537E-04
   0.31204E+02   0.14788E-02
   0.31237E+02   0.26449E-04
   0.31388E+02   0.44629E-04
   0.31397E+02   0.18088E-06
   0.31402E+02   0.15089E-04
   0.31404E+02   0.70328E-05
   0.31439E+02   0.43810E-02
   0.31549E+02   0.11018E-04
   0.31552E+02   0.26805E-06
   0.31564E+02   0.42063E-06
   0.31678E+02   0.17742E-02
   0.31725E+02   0.41453E-02
   0.31730E+02   0.84674E-08
   0.31751E+02   0.13476E-05
   0.31768E+02   0.12716E-03
   0.31833E+02   0.67526E-04
   0.31836E+02   0.72582E-05
   0.31871E+02   0.64642E-03
   0.31874E+02   0.78552E-10
   0.31967E+02   0.32073E-03
   0.31987E+02   0.79960E-05
   0.32158E+02   0.83204E-03
   0.32213E+02   0.26894E-10
   0.32216E+02   0.45168E-04
   0.32275E+02   0.15203E-02
   0.32356E+02   0.15582E-01
   0.32428E+02   0.37408E-04
   0.32520E+02   0.20520E-03
   0.32555E+02   0.15239E-02
   0.32585E+02   0.14283E-13
   0.32650E+02   0.63308E-03
   0.32658E+02   0.79747E-04
   0.32770E+02   0.68198E-04
   0.32771E+02   0.19392E-02
   0.32832E+02   0.10870E-02
   0.32880E+02   0.97218E-05
   0.32965E+02   0.59319E-12
   0.32965E+02   0.45701E-02
   0.32975E+02   0.20584E-03
   0.33112E+02   0.75653E-04
   0.33133E+02   0.10231E-02
   0.33135E+02   0.13304E-02
   0.33193E+02   0.70295E-03
   0.33206E+02   0.28235E-03
   0.33406E+02   0.48979E-04
   0.33426E+02   0.11471E-02
   0.33435E+02   0.60872E-02
   0.33472E+02   0.13957E-01
   0.33541E+02   0.23990E-03
   0.33559E+02   0.66424E-02
   0.33621E+02   0.50605E-06
   0.33627E+02   0.15470E-06
   0.33764E+02   0.29013E-03
   0.33805E+02   0.14230E-03
   0.33844E+02   0.12830E-03
   0.33868E+02   0.19882E-04
   0.33873E+02   0.10007E-01
   0.33875E+02   0.19258E-03
   0.33890E+02   0.58854E-06
   0.33936E+02   0.30874E-07
   0.33991E+02   0.33166E-05
   0.34011E+02   0.14058E-06
   0.34043E+02   0.51716E-11
   0.34128E+02   0.68176E-05
   0.34174E+02   0.26772E-02
   0.34202E+02   0.10804E-02
   0.34299E+02   0.28258E-01
   0.34326E+02   0.10812E-02
   0.34344E+02   0.19762E-03
   0.34374E+02   0.69646E-04
   0.34380E+02   0.48351E-05
   0.34404E+02   0.10428E-02
   0.34451E+02   0.45769E-07
   0.34455E+02   0.76413E-04
   0.34459E+02   0.27561E-02
   0.34623E+02   0.21942E-03
   0.34675E+02   0.20402E-02
   0.34794E+02   0.82097E-09
   0.34794E+02   0.61579E-03
   0.34878E+02   0.26669E-05
   0.35020E+02   0.85279E-09
   0.35142E+02   0.18331E-08
   0.35162E+02   0.11155E-04
   0.35277E+02   0.61373E-04
   0.35302E+02   0.50185E-01
   0.35316E+02   0.38291E-05
   0.35316E+02   0.46523E-05
   0.35318E+02   0.36402E-02
   0.35333E+02   0.76430E-05
   0.35597E+02   0.10380E-13
   0.35666E+02   0.19802E-05
   0.35721E+02   0.31438E-02
   0.35802E+02   0.81684E-03
   0.35855E+02   0.24871E-04
   0.35865E+02   0.67607E-08
   0.35890E+02   0.36259E-10
   0.35927E+02   0.18698E-09
   0.35945E+02   0.10701E-03
   0.36054E+02   0.38874E-02
   0.36073E+02   0.62353E-07
   0.36194E+02   0.11881E-02
   0.36223E+02   0.18734E-03
   0.36411E+02   0.38571E-03
   0.36455E+02   0.94134E-05
   0.36458E+02   0.36773E-06
   0.36462E+02   0.26690E-07
   0.36564E+02   0.26512E-03
   0.36566E+02   0.64821E-04
   0.36609E+02   0.98062E-06
   0.36827E+02   0.28948E-03
   0.36857E+02   0.81782E-03
   0.37005E+02   0.41409E-03
   0.37102E+02   0.71809E-03
   0.37158E+02   0.28093E-04
   0.37199E+02   0.13428E-05
   0.37306E+02   0.10136E-06
   0.37368E+02   0.16181E-05
   0.37371E+02   0.64371E-06
   0.37375E+02   0.42740E-03
   0.37475E+02   0.41756E-05
   0.37562E+02   0.10640E-02
   0.37692E+02   0.75842E-03
   0.37712E+02   0.25418E-03
   0.37749E+02   0.25814E-07
   0.37764E+02   0.18389E-06
   0.37779E+02   0.75610E-08
   0.37789E+02   0.42681E-03
   0.37812E+02   0.97115E-10
   0.37816E+02   0.10180E-03
   0.37870E+02   0.43759E-04
   0.37894E+02   0.63385E-06
   0.37905E+02   0.37095E-06
   0.37926E+02   0.25085E-05
   0.37954E+02   0.11587E-02
   0.37981E+02   0.16265E-09
   0.38077E+02   0.34995E-04
   0.38094E+02   0.15218E-02
   0.38133E+02   0.29997E-04
   0.38164E+02   0.19273E-10
   0.38169E+02   0.12377E-02
   0.38211E+02   0.29414E-05
   0.38212E+02   0.96623E-06
   0.38236E+02   0.13041E-07
   0.38290E+02   0.21930E-05
   0.38321E+02   0.13932E-02
   0.38373E+02   0.12262E-07
   0.38395E+02   0.65535E-05
   0.38424E+02   0.21622E-06
   0.38425E+02   0.66073E-11
   0.38465E+02   0.18186E-12
   0.38580E+02   0.88314E-07
   0.38636E+02   0.32465E-04
   0.38676E+02   0.11227E-06
   0.38701E+02   0.60867E-04
   0.38727E+02   0.29680E-03
   0.38727E+02   0.35947E-03
   0.38747E+02   0.95074E-05
   0.38752E+02   0.11273E-01
   0.38756E+02   0.15830E-02
   0.38767E+02   0.21521E-01
   0.38781E+02   0.10645E-01
   0.38790E+02   0.20787E-01
   0.38858E+02   0.91339E-03
   0.38866E+02   0.13918E-03
   0.38889E+02   0.43429E-09
   0.38896E+02   0.19908E-02
   0.38939E+02   0.25053E-08
   0.38946E+02   0.23769E-03
   0.38962E+02   0.31222E-02
   0.39020E+02   0.14881E-03
   0.39025E+02   0.49473E-04
   0.39093E+02   0.40233E-04
   0.39121E+02   0.19123E-03
   0.39122E+02   0.37143E-12
   0.39133E+02   0.97841E-13
   0.39145E+02   0.97113E-02
   0.39205E+02   0.59834E-03
   0.39219E+02   0.44850E-06
   0.39233E+02   0.69317E-03
   0.39251E+02   0.22034E-05
   0.39298E+02   0.45578E-03
   0.39316E+02   0.23137E-10
   0.39324E+02   0.52191E-03
   0.39347E+02   0.22051E-04
   0.39426E+02   0.29408E-10
   0.39440E+02   0.20381E-03
   0.39503E+02   0.29057E-03
   0.39590E+02   0.65985E-07
   0.39614E+02   0.26791E-10
   0.39659E+02   0.67277E-04
   0.39689E+02   0.49288E-04
   0.39717E+02   0.31540E-11
   0.39724E+02   0.47812E-03
   0.39776E+02   0.16080E-02
   0.39779E+02   0.27835E-02
   0.39792E+02   0.76385E-05
   0.39800E+02   0.10143E-03
   0.39812E+02   0.22404E-03
   0.39823E+02   0.15853E-03
   0.39828E+02   0.17827E-04
   0.39841E+02   0.17064E-04
   0.39844E+02   0.39405E-02
   0.39895E+02   0.62186E-10
   0.39954E+02   0.39053E-09
   0.39957E+02   0.90948E-03
   0.40084E+02   0.14316E-10
   0.40127E+02   0.13945E-04
   0.40133E+02   0.30968E-06
   0.40172E+02   0.36281E-08
   0.40185E+02   0.51954E-02
   0.40271E+02   0.67742E-07
   0.40293E+02   0.16616E-07
   0.40299E+02   0.49417E-03
   0.40384E+02   0.17985E-02
   0.40433E+02   0.34359E-07
   0.40473E+02   0.10173E-06
   0.40481E+02   0.21752E-04
   0.40504E+02   0.61143E-11
   0.40510E+02   0.38173E-02
   0.40570E+02   0.22799E-03
   0.40604E+02   0.13943E-05
   0.40672E+02   0.31193E-03
   0.40704E+02   0.23344E-02
   0.40733E+02   0.10064E-05
   0.40746E+02   0.70784E-05
   0.40839E+02   0.32654E-12
   0.40858E+02   0.12098E-05
   0.40865E+02   0.23435E-03
   0.40882E+02   0.55664E-04
   0.40883E+02   0.20583E-03
   0.40893E+02   0.35534E-14
   0.40905E+02   0.50634E-08
   0.40918E+02   0.51729E-09
   0.40972E+02   0.16489E-04
   0.41008E+02   0.63709E-14
   0.41055E+02   0.22433E-07
   0.41090E+02   0.25151E-05
   0.41117E+02   0.14615E-03
   0.41153E+02   0.19091E-03
   0.41182E+02   0.40442E-03
   0.41192E+02   0.49045E-04
   0.41195E+02   0.36907E-03
   0.41222E+02   0.19483E-04
   0.41231E+02   0.35505E-05
   0.41317E+02   0.27252E-05
   0.41319E+02   0.29536E-04
   0.41369E+02   0.26078E-03
   0.41374E+02   0.43985E-02
   0.41386E+02   0.27759E-03
   0.41397E+02   0.18280E-02
   0.41426E+02   0.57030E-03
   0.41473E+02   0.22011E-08
   0.41548E+02   0.63010E-09
   0.41563E+02   0.12031E-06
   0.41689E+02   0.91068E-04
   0.41741E+02   0.25752E-05
   0.41747E+02   0.62390E-03
   0.41859E+02   0.11033E-03
   0.41883E+02   0.28422E-06
   0.41917E+02   0.54146E-09
   0.41964E+02   0.14215E-07
   0.41989E+02   0.15051E-02
   0.41991E+02   0.90108E-04
   0.42038E+02   0.76828E-08
   0.42052E+02   0.19909E-03
   0.42175E+02   0.95534E-09
   0.42177E+02   0.95916E-04
   0.42306E+02   0.49116E-03
   0.42340E+02   0.30262E-04
   0.42362E+02   0.92639E-06
   0.42368E+02   0.35666E-03
   0.42391E+02   0.15209E-09
   0.42423E+02   0.19091E-04
   0.42447E+02   0.45182E-03
   0.42462E+02   0.30754E-04
   0.42520E+02   0.30465E-06
   0.42540E+02   0.34554E-03
   0.42615E+02   0.15016E-02
   0.42646E+02   0.85984E-10
   0.42663E+02   0.19050E-05
   0.42714E+02   0.69625E-16
   0.42720E+02   0.95319E-08
   0.42756E+02   0.22041E-08
   0.42775E+02   0.48696E-04
   0.42788E+02   0.16178E-07
   0.42936E+02   0.32973E-06
   0.42951E+02   0.14466E-06
   0.42984E+02   0.36757E-03
   0.43034E+02   0.11423E-10
   0.43122E+02   0.45991E-05
   0.43369E+02   0.38759E-03
   0.43406E+02   0.13805E-04
   0.43452E+02   0.43689E-05
   0.43457E+02   0.78154E-04
   0.43472E+02   0.15216E-10
   0.43498E+02   0.12315E-03
   0.43517E+02   0.91377E-03
   0.43530E+02   0.24279E-04
   0.43533E+02   0.33722E-06
   0.43536E+02   0.32319E-04
   0.43703E+02   0.17561E-03
   0.43757E+02   0.22400E-07
   0.43761E+02   0.14420E-03
   0.43778E+02   0.32866E-04
   0.43984E+02   0.26799E-02
   0.43988E+02   0.15311E-04
   0.44000E+02   0.27037E-04
   0.44005E+02   0.11578E-03
   0.44032E+02   0.17115E-02
   0.44044E+02   0.71862E-03
   0.44087E+02   0.10009E-07
   0.44135E+02   0.11791E-07
   0.44198E+02   0.11963E-04
   0.44222E+02   0.23026E-10
   0.44230E+02   0.31866E-03
   0.44350E+02   0.83028E-03
   0.44350E+02   0.59088E-04
   0.44494E+02   0.16469E-03
   0.44580E+02   0.12899E-06
   0.44798E+02   0.21101E-03
   0.44801E+02   0.26351E-05
   0.44822E+02   0.50240E-02
   0.44828E+02   0.20429E-02
   0.44837E+02   0.38064E-02
   0.44838E+02   0.73366E-04
   0.44895E+02   0.12220E-12
   0.44927E+02   0.37125E-02
   0.44956E+02   0.33536E-03
   0.45034E+02   0.63710E-04
   0.45111E+02   0.68756E-12
   0.45243E+02   0.11854E-10
   0.45294E+02   0.15033E-01
   0.45305E+02   0.42270E-06
   0.45317E+02   0.18943E-06
   0.45342E+02   0.11605E-07
   0.45342E+02   0.49160E-08
   0.45423E+02   0.37327E-02
   0.45468E+02   0.41589E-05
   0.45502E+02   0.29327E-06
   0.45606E+02   0.36575E-10
   0.45631E+02   0.20010E-07
   0.45676E+02   0.44336E-04
   0.45712E+02   0.16671E-06
   0.45717E+02   0.32049E-03
   0.45761E+02   0.45335E-08
   0.45868E+02   0.21878E-02
   0.45875E+02   0.85945E-04
   0.45956E+02   0.45495E-03
   0.45981E+02   0.83705E-13
   0.46008E+02   0.16364E-01
   0.46044E+02   0.11959E-01
   0.46052E+02   0.31156E-07
   0.46065E+02   0.17934E-10
   0.46130E+02   0.21547E-02
   0.46172E+02   0.34878E-04
   0.46194E+02   0.10837E-09
   0.46212E+02   0.19836E-05
   0.46240E+02   0.47382E-03
   0.46325E+02   0.12933E-02
   0.46532E+02   0.66616E-03
   0.46645E+02   0.75631E-02
   0.46877E+02   0.27741E-05
   0.46890E+02   0.10865E-05
   0.46891E+02   0.16681E-04
   0.46902E+02   0.33651E-03
   0.46909E+02   0.11015E-02
   0.46926E+02   0.15923E-03
   0.46934E+02   0.24588E-13
   0.46943E+02   0.16982E-04
   0.46954E+02   0.18414E-03
   0.46956E+02   0.89948E-07
   0.46982E+02   0.52521E-04
   0.46982E+02   0.27895E-02
   0.47032E+02   0.66115E-03
   0.47034E+02   0.13864E-04
   0.47048E+02   0.36443E-05
   0.47056E+02   0.92931E-04
   0.47184E+02   0.19628E-03
   0.47191E+02   0.54170E-03
   0.47210E+02   0.22676E-03
   0.47214E+02   0.65996E-13
   0.47234E+02   0.20290E-03
   0.47279E+02   0.16768E-03
   0.47332E+02   0.16050E-04
   0.47412E+02   0.30671E-02
   0.47448E+02   0.18451E-05
   0.47508E+02   0.17687E-02
   0.47511E+02   0.68239E-05
   0.47536E+02   0.82262E-06
   0.47539E+02   0.18692E-05
   0.47548E+02   0.31468E-04
   0.47553E+02   0.68105E-04
   0.47582E+02   0.29025E-03
   0.47591E+02   0.93459E-05
   0.47600E+02   0.50714E-03
   0.47656E+02   0.11000E-06
   0.47664E+02   0.25225E-05
   0.47675E+02   0.21107E-03
   0.47689E+02   0.94294E-04
   0.47757E+02   0.16831E-04
   0.47766E+02   0.24271E-04
   0.47771E+02   0.91803E-02
   0.47791E+02   0.29990E-02
   0.47841E+02   0.60679E-03
   0.47878E+02   0.40839E-03
   0.47895E+02   0.29439E-02
   0.47992E+02   0.31259E-03
   0.48038E+02   0.62851E-06
   0.48109E+02   0.30438E-04
   0.48148E+02   0.72626E-05
   0.48244E+02   0.18779E-06
   0.48253E+02   0.42896E-03
   0.48268E+02   0.10749E-02
   0.48349E+02   0.46396E-03
   0.48377E+02   0.20654E-02
   0.48379E+02   0.52514E-05
   0.48387E+02   0.45006E-03
   0.48398E+02   0.10821E-02
   0.48460E+02   0.41471E-05
   0.48470E+02   0.39709E-04
   0.48471E+02   0.54264E-03
   0.48505E+02   0.28063E-04
   0.48524E+02   0.65646E-04
   0.48528E+02   0.13509E-05
   0.48530E+02   0.32347E-04
   0.48601E+02   0.10017E-03
   0.48618E+02   0.58235E-16
   0.48638E+02   0.20477E-06
   0.48673E+02   0.10106E-01
   0.48697E+02   0.42848E-02
   0.48703E+02   0.19006E-04
   0.48717E+02   0.29888E-02
   0.48717E+02   0.24355E-03
   0.48736E+02   0.11294E-03
   0.48750E+02   0.53737E-05
   0.48759E+02   0.44259E-03
   0.48762E+02   0.85582E-05
   0.48874E+02   0.57992E-03
   0.48923E+02   0.23719E-03
   0.48930E+02   0.25421E-05
   0.48938E+02   0.45849E-02
   0.48964E+02   0.19065E-15
   0.48978E+02   0.73305E-05
   0.49002E+02   0.31756E-07
   0.49060E+02   0.27658E-04
   0.49104E+02   0.18041E-03
   0.49161E+02   0.91665E-07
   0.49222E+02   0.11050E-03
   0.49325E+02   0.16349E-07
   0.49394E+02   0.44868E-05
   0.49395E+02   0.11436E-07
   0.49424E+02   0.20146E-08
   0.49471E+02   0.82309E-13
   0.49494E+02   0.68149E-07
   0.49568E+02   0.17815E-02
   0.49583E+02   0.38093E-03
   0.49610E+02   0.35891E-06
   0.49612E+02   0.25081E-14
   0.49716E+02   0.16432E-05
   0.49736E+02   0.15341E-13
   0.49774E+02   0.15146E-06
   0.49781E+02   0.26450E-03
   0.49878E+02   0.23973E-06
   0.49878E+02   0.36691E-03
   0.49906E+02   0.16792E-12
   0.49911E+02   0.14553E-05
   0.50081E+02   0.62324E-04
   0.50095E+02   0.79075E-03
   0.50177E+02   0.17791E-12
   0.50258E+02   0.21488E-04
   0.50292E+02   0.27301E-03
   0.50328E+02   0.26762E-03
   0.50372E+02   0.27544E-02
   0.50406E+02   0.82587E-04
   0.50423E+02   0.31462E-03
   0.50482E+02   0.79913E-03
   0.50521E+02   0.40287E-06
   0.50548E+02   0.70243E-13
   0.50666E+02   0.13213E-04
   0.50669E+02   0.69430E-08
   0.50677E+02   0.32996E-09
   0.50707E+02   0.50401E-15
   0.50734E+02   0.14770E-03
   0.50750E+02   0.16674E-04
   0.50790E+02   0.50259E-13
   0.50801E+02   0.13168E-05
   0.50824E+02   0.15159E-10
   0.50891E+02   0.17603E-04
   0.50900E+02   0.29576E-07
   0.50908E+02   0.16136E-05
   0.50960E+02   0.21946E-03
   0.51056E+02   0.21196E-04
   0.51209E+02   0.21019E-04
   0.51224E+02   0.10275E-08
   0.51259E+02   0.20966E-06
   0.51263E+02   0.11476E-09
   0.51310E+02   0.47961E-03
   0.51346E+02   0.17465E-03
   0.51348E+02   0.31455E-07
   0.51370E+02   0.49447E-03
   0.51431E+02   0.59459E-07
   0.51434E+02   0.49223E-04
   0.51446E+02   0.51335E-04
   0.51460E+02   0.33111E-14
   0.51495E+02   0.88251E-07
   0.51536E+02   0.13592E-02
   0.51567E+02   0.27900E-02
   0.51684E+02   0.10024E-05
   0.51718E+02   0.10192E-03
   0.51738E+02   0.21290E-02
   0.51787E+02   0.12925E-04
   0.51795E+02   0.61780E-03
   0.51834E+02   0.17016E-03
   0.51893E+02   0.18346E-03
   0.52071E+02   0.19072E-03
   0.52190E+02   0.65862E-02
   0.52206E+02   0.36398E-05
   0.52245E+02   0.15586E-02
   0.52345E+02   0.55399E-06
   0.52471E+02   0.21698E-04
   0.52504E+02   0.25057E-03
   0.52602E+02   0.89238E-06
   0.52641E+02   0.13561E-05
   0.52708E+02   0.30013E-02
   0.52733E+02   0.46120E-08
   0.52776E+02   0.14010E-01
   0.52841E+02   0.14802E-02
   0.52844E+02   0.14301E-06
   0.52876E+02   0.44013E-04
   0.53066E+02   0.73119E-04
   0.53071E+02   0.23873E-02
   0.53134E+02   0.23188E-05
   0.53139E+02   0.20721E-06
   0.53146E+02   0.42938E-06
   0.53146E+02   0.74769E-07
   0.53392E+02   0.19170E-06
   0.53428E+02   0.87372E-05
   0.53484E+02   0.24155E-04
   0.53494E+02   0.52458E-02
   0.53506E+02   0.75325E-04
   0.53601E+02   0.15001E-17
   0.53625E+02   0.30887E-03
   0.53631E+02   0.24457E-03
   0.53735E+02   0.22690E-07
   0.53828E+02   0.80110E-07
   0.53849E+02   0.15268E-03
   0.53855E+02   0.43126E-03
   0.53914E+02   0.34812E-03
   0.54032E+02   0.23956E-04
   0.54048E+02   0.78025E-07
   0.54069E+02   0.23486E-02
   0.54070E+02   0.15010E-10
   0.54092E+02   0.26387E-03
   0.54230E+02   0.21804E-03
   0.54239E+02   0.12278E-02
   0.54266E+02   0.91066E-12
   0.54370E+02   0.46435E-07
   0.54506E+02   0.84862E-06
   0.54518E+02   0.31555E-04
   0.54540E+02   0.18050E-03
   0.54580E+02   0.38462E-04
   0.54633E+02   0.58826E-03
   0.54708E+02   0.22211E-08
   0.54749E+02   0.82542E-05
   0.54807E+02   0.21475E-03
   0.54817E+02   0.17313E-10
   0.55004E+02   0.11083E-04
   0.55154E+02   0.11432E-06
   0.55277E+02   0.33018E-03
   0.55279E+02   0.62132E-04
   0.55307E+02   0.12557E-04
   0.55316E+02   0.78426E-03
   0.55340E+02   0.89088E-07
   0.55367E+02   0.35129E-09
   0.55415E+02   0.53273E-13
   0.55428E+02   0.47563E-03
   0.55439E+02   0.53794E-02
   0.55463E+02   0.59498E-05
   0.55486E+02   0.11319E-02
   0.55627E+02   0.41841E-02
   0.55628E+02   0.29074E-02
   0.55670E+02   0.15951E-02
   0.55671E+02   0.34131E-05
   0.55809E+02   0.37653E-08
   0.55848E+02   0.62254E-03
   0.55876E+02   0.52374E-05
   0.55998E+02   0.79978E-04
   0.56025E+02   0.20072E-04
   0.56069E+02   0.29313E-02
   0.56082E+02   0.95440E-03
   0.56139E+02   0.11707E-02
   0.56153E+02   0.37286E-03
   0.56355E+02   0.28246E-05
   0.56384E+02   0.24132E-06
   0.56534E+02   0.31944E-02
   0.56557E+02   0.29672E-05
   0.56563E+02   0.13725E-03
   0.56606E+02   0.45973E-03
   0.56607E+02   0.15287E-03
   0.56612E+02   0.20997E-06
   0.56652E+02   0.12609E-03
   0.56656E+02   0.66453E-03
   0.56660E+02   0.98150E-07
   0.56777E+02   0.40939E-05
   0.56777E+02   0.51116E-03
   0.56856E+02   0.91834E-06
   0.56905E+02   0.24229E-02
   0.56910E+02   0.13192E-04
   0.56926E+02   0.20530E-03
   0.56974E+02   0.40100E-09
   0.57008E+02   0.18201E-03
   0.57036E+02   0.67014E-13
   0.57154E+02   0.61431E-04
   0.57155E+02   0.15914E-08
   0.57191E+02   0.12922E-08
   0.57215E+02   0.72224E-05
   0.57232E+02   0.34142E-03
   0.57236E+02   0.46677E-04
   0.57271E+02   0.70015E-05
   0.57320E+02   0.77564E-14
   0.57331E+02   0.14549E-02
   0.57417E+02   0.70830E-04
   0.57502E+02   0.52340E-03
   0.57538E+02   0.15448E-03
   0.57574E+02   0.65455E-03
   0.57628E+02   0.31491E-05
   0.57770E+02   0.34529E-05
   0.57799E+02   0.12050E-03
   0.57801E+02   0.76157E-03
   0.57827E+02   0.20086E-02
   0.57845E+02   0.50026E-03
   0.57854E+02   0.34470E-02
   0.57872E+02   0.21192E-06
   0.57958E+02   0.11936E-02
   0.57995E+02   0.17576E-03
   0.58037E+02   0.11086E-03
   0.58071E+02   0.12770E-05
   0.58075E+02   0.56290E-03
   0.58330E+02   0.95295E-03
   0.58337E+02   0.66608E-07
   0.58372E+02   0.52616E-06
   0.58382E+02   0.39734E-04
   0.58382E+02   0.16379E-05
   0.58450E+02   0.31143E-03
   0.58523E+02   0.12990E-01
   0.58549E+02   0.24901E-03
   0.58573E+02   0.63688E-02
   0.58604E+02   0.35962E-06
   0.58695E+02   0.51805E-04
   0.58698E+02   0.43306E-02
   0.58704E+02   0.14279E-02
   0.58712E+02   0.10990E-04
   0.58724E+02   0.93772E-14
   0.58755E+02   0.54523E-04
   0.58795E+02   0.13470E-04
   0.58844E+02   0.12300E-02
   0.58857E+02   0.51924E-05
   0.58896E+02   0.62326E-03
   0.59063E+02   0.58919E-04
   0.59091E+02   0.11826E-03
   0.59093E+02   0.62281E-13
   0.59195E+02   0.33498E-03
   0.59208E+02   0.71346E-04
   0.59216E+02   0.15168E-03
   0.59221E+02   0.23896E-06
   0.59467E+02   0.48475E-07
   0.59490E+02   0.45726E-07
   0.59569E+02   0.23737E-04
   0.59610E+02   0.12723E-02
   0.59614E+02   0.82482E-13
   0.59625E+02   0.47040E-04
   0.59632E+02   0.35863E-06
   0.59640E+02   0.31865E-03
   0.59769E+02   0.12077E-06
   0.59790E+02   0.16223E-05
   0.59824E+02   0.37925E-03
   0.59945E+02   0.17569E-05
   0.60072E+02   0.58191E-08
   0.60173E+02   0.49453E-04
   0.60204E+02   0.18142E-04
   0.60361E+02   0.24180E-02
   0.60380E+02   0.38868E-03
   0.60393E+02   0.59240E-09
   0.60417E+02   0.94355E-04
   0.60446E+02   0.98478E-07
   0.60540E+02   0.53536E-09
   0.60543E+02   0.15814E-06
   0.60709E+02   0.40700E-03
   0.60747E+02   0.13508E-05
   0.60754E+02   0.43944E-05
   0.60827E+02   0.25784E-03
   0.60834E+02   0.36878E-03
   0.60941E+02   0.59565E-04
   0.60958E+02   0.42073E-08
   0.61029E+02   0.40266E-05
   0.61043E+02   0.18562E-05
   0.61053E+02   0.40910E-03
   0.61065E+02   0.56486E-03
   0.61185E+02   0.34749E-03
   0.61212E+02   0.14301E-04
   0.61250E+02   0.24445E-07
   0.61313E+02   0.45931E-03
   0.61418E+02   0.11118E-02
   0.61427E+02   0.80732E-14
   0.61478E+02   0.46320E-08
   0.61478E+02   0.33071E-03
   0.61491E+02   0.83028E-07
   0.61528E+02   0.97593E-04
   0.61571E+02   0.31551E-03
   0.61576E+02   0.47244E-03
   0.61590E+02   0.17964E-12
   0.61611E+02   0.20604E-07
   0.61644E+02   0.34143E-12
   0.61709E+02   0.14907E-05
   0.61711E+02   0.34482E-06
   0.61873E+02   0.47158E-12
   0.61889E+02   0.31183E-03
   0.61940E+02   0.76648E-04
   0.62177E+02   0.13847E-03
   0.62189E+02   0.10541E-02
   0.62209E+02   0.13809E-05
   0.62221E+02   0.43876E-03
   0.62271E+02   0.29522E-13
   0.62313E+02   0.14889E-02
   0.62335E+02   0.26644E-04
   0.62352E+02   0.10819E-03
   0.62365E+02   0.81773E-02
   0.62369E+02   0.71920E-04
   0.62432E+02   0.11240E-02
   0.62434E+02   0.15366E-13
   0.62447E+02   0.10188E-02
   0.62493E+02   0.15077E-03
   0.62563E+02   0.28956E-03
   0.62569E+02   0.35323E-07
   0.62610E+02   0.62031E-04
   0.62686E+02   0.74617E-09
   0.62765E+02   0.21630E-07
   0.62778E+02   0.13337E-02
   0.62801E+02   0.28146E-02
   0.62807E+02   0.31791E-09
   0.62881E+02   0.11273E-11
   0.63000E+02   0.53459E-03
   0.63025E+02   0.18877E-03
   0.63067E+02   0.13652E-02
   0.63108E+02   0.62989E-03
   0.63110E+02   0.10461E-11
   0.63137E+02   0.18759E-07
   0.63181E+02   0.43804E-08
   0.63311E+02   0.56451E-06
   0.63414E+02   0.27251E-14
   0.63496E+02   0.60182E-07
   0.63543E+02   0.45406E-04
   0.63641E+02   0.32229E-04
   0.63652E+02   0.29094E-03
   0.63654E+02   0.85975E-07
   0.63664E+02   0.11629E-05
   0.63666E+02   0.17607E-07
   0.63677E+02   0.86778E-03
   0.63723E+02   0.14451E-14
   0.63742E+02   0.22030E-03
   0.63873E+02   0.62657E-02
   0.63876E+02   0.99874E-04
   0.63957E+02   0.15757E-03
   0.64000E+02   0.24302E-11
   0.64054E+02   0.42134E-03
   0.64122E+02   0.78208E-06
   0.64129E+02   0.99843E-06
   0.64134E+02   0.22360E-04
   0.64184E+02   0.70161E-03
   0.64205E+02   0.31273E-04
   0.64294E+02   0.18561E-14
   0.64383E+02   0.27130E-04
   0.64410E+02   0.63708E-05
   0.64414E+02   0.40068E-07
   0.64466E+02   0.12551E-03
   0.64494E+02   0.11077E-04
   0.64591E+02   0.37542E-04
   0.64623E+02   0.31981E-08
   0.64703E+02   0.17398E-09
   0.64773E+02   0.73885E-04
   0.64776E+02   0.26811E-03
   0.64812E+02   0.24677E-03
   0.64812E+02   0.32360E-04
   0.64828E+02   0.73771E-04
   0.64928E+02   0.79733E-05
   0.65019E+02   0.15160E-02
   0.65060E+02   0.81730E-09
   0.65104E+02   0.22321E-02
   0.65137E+02   0.11071E-07
   0.65187E+02   0.25416E-07
   0.65199E+02   0.13838E-04
   0.65225E+02   0.49800E-03
   0.65236E+02   0.12897E-02
   0.65428E+02   0.78596E-11
   0.65501E+02   0.38610E-04
   0.65512E+02   0.13269E-02
   0.65615E+02   0.46519E-02
   0.65710E+02   0.75363E-03
   0.65757E+02   0.97777E-04
   0.65797E+02   0.47554E-11
   0.65865E+02   0.13247E-02
   0.65878E+02   0.20217E-02
   0.65901E+02   0.26414E-03
   0.66036E+02   0.40131E-05
   0.66040E+02   0.50041E-07
   0.66071E+02   0.55306E-05
   0.66084E+02   0.83428E-05
   0.66231E+02   0.10245E-03
   0.66341E+02   0.22169E-02
   0.66365E+02   0.15824E-07
   0.66454E+02   0.73755E-06
   0.66457E+02   0.71605E-03
   0.66496E+02   0.55390E-02
   0.66502E+02   0.73382E-02
   0.66523E+02   0.11876E-10
   0.66599E+02   0.56047E-04
   0.66616E+02   0.13456E-03
   0.66646E+02   0.75620E-04
   0.66669E+02   0.27521E-03
   0.66702E+02   0.36384E-04
   0.66708E+02   0.12466E-06
   0.66716E+02   0.70149E-05
   0.66787E+02   0.15671E-03
   0.66853E+02   0.72885E-04
   0.66880E+02   0.16658E-04
   0.67005E+02   0.18998E-13
   0.67058E+02   0.11715E-02
   0.67147E+02   0.37360E-04
   0.67171E+02   0.18105E-04
   0.67210E+02   0.73826E-05
   0.67236E+02   0.43696E-06
   0.67248E+02   0.46827E-03
   0.67308E+02   0.20963E-03
   0.67429E+02   0.37640E-03
   0.67462E+02   0.93252E-04
   0.67479E+02   0.23696E-06
   0.67484E+02   0.36823E-07
   0.67487E+02   0.29081E-07
   0.67513E+02   0.23600E-09
   0.67567E+02   0.27404E-03
   0.67631E+02   0.18046E-10
   0.67645E+02   0.29407E-04
   0.67683E+02   0.35374E-04
   0.67688E+02   0.15041E-04
   0.67773E+02   0.13227E-07
   0.67798E+02   0.47133E-09
   0.67966E+02   0.17014E-04
   0.68052E+02   0.40541E-04
   0.68099E+02   0.48297E-05
   0.68109E+02   0.58225E-07
   0.68129E+02   0.22422E-04
   0.68148E+02   0.14175E-04
   0.68172E+02   0.17637E-05
   0.68198E+02   0.40891E-13
   0.68275E+02   0.27217E-07
   0.68276E+02   0.10705E-03
   0.68311E+02   0.28100E-03
   0.68317E+02   0.60485E-07
   0.68400E+02   0.21753E-03
   0.68400E+02   0.25831E-06
   0.68480E+02   0.45384E-14
   0.68494E+02   0.41289E-03
   0.68511E+02   0.19265E-10
   0.68514E+02   0.30182E-04
   0.68538E+02   0.22129E-04
   0.68548E+02   0.53806E-02
   0.68610E+02   0.37761E-04
   0.68670E+02   0.22281E-10
   0.68756E+02   0.50863E-03
   0.68766E+02   0.26117E-04
   0.68775E+02   0.12509E-04
   0.68829E+02   0.54366E-10
   0.68832E+02   0.15562E-06
   0.68854E+02   0.30289E-04
   0.68897E+02   0.13757E-05
   0.68917E+02   0.63362E-04
   0.68970E+02   0.11252E-02
   0.68973E+02   0.11534E-07
   0.69038E+02   0.28214E-04
   0.69058E+02   0.40374E-02
   0.69059E+02   0.25127E-04
   0.69104E+02   0.53773E-03
   0.69178E+02   0.32406E-05
   0.69234E+02   0.93910E-05
   0.69243E+02   0.14680E-06
   0.69248E+02   0.26743E-03
   0.69270E+02   0.32836E-04
   0.69272E+02   0.51694E-08
   0.69280E+02   0.17580E-03
   0.69302E+02   0.23171E-07
   0.69306E+02   0.11143E-03
   0.69306E+02   0.78530E-07
   0.69329E+02   0.19161E-05
   0.69337E+02   0.11579E-02
   0.69367E+02   0.39151E-03
   0.69368E+02   0.16998E-04
   0.69381E+02   0.84929E-06
   0.69391E+02   0.24001E-03
   0.69392E+02   0.45553E-04
   0.69424E+02   0.44700E-04
   0.69429E+02   0.21045E-03
   0.69502E+02   0.18012E-03
   0.69536E+02   0.57479E-04
   0.69680E+02   0.31186E-04
   0.69719E+02   0.16259E-03
   0.69741E+02   0.99517E-06
   0.69765E+02   0.48210E-04
   0.69798E+02   0.11853E-04
   0.69825E+02   0.28225E-04
   0.69826E+02   0.43674E-03
   0.69886E+02   0.21386E-13
   0.69914E+02   0.63290E-04
   0.69916E+02   0.56694E-03
   0.69960E+02   0.24249E-04
   0.69971E+02   0.17877E-02
   0.69986E+02   0.17789E-03
   0.70107E+02   0.60492E-03
   0.70108E+02   0.27621E-03
   0.70143E+02   0.21918E-04
   0.70211E+02   0.75087E-04
   0.70217E+02   0.99457E-09
   0.70259E+02   0.54820E-13
   0.70263E+02   0.33939E-03
   0.70309E+02   0.15746E-04
   0.70320E+02   0.37815E-03
   0.70324E+02   0.10580E-03
   0.70350E+02   0.98957E-10
   0.70377E+02   0.60779E-04
   0.70405E+02   0.47890E-10
   0.70423E+02   0.29325E-08
   0.70424E+02   0.45611E-05
   0.70490E+02   0.62586E-06
   0.70490E+02   0.79188E-05
   0.70492E+02   0.27372E-05
   0.70523E+02   0.59609E-03
   0.70531E+02   0.52655E-04
   0.70546E+02   0.63496E-04
   0.70552E+02   0.46690E-06
   0.70589E+02   0.11416E-02
   0.70605E+02   0.15637E-02
   0.70628E+02   0.57913E-03
   0.70635E+02   0.12643E-07
   0.70636E+02   0.18970E-07
   0.70678E+02   0.13970E-16
   0.70681E+02   0.21585E-03
   0.70740E+02   0.26044E-04
   0.70859E+02   0.11669E-03
   0.70861E+02   0.38701E-03
   0.70918E+02   0.20608E-08
   0.71034E+02   0.20169E-03
   0.71056E+02   0.53157E-03
   0.71141E+02   0.14672E-03
   0.71148E+02   0.72544E-04
   0.71159E+02   0.42576E-03
   0.71163E+02   0.17586E-09
   0.71226E+02   0.27624E-08
   0.71249E+02   0.89415E-03
   0.71266E+02   0.59245E-03
   0.71293E+02   0.67068E-05
   0.71294E+02   0.42415E-04
   0.71305E+02   0.21641E-05
   0.71357E+02   0.11063E-08
   0.71414E+02   0.23631E-02
   0.71455E+02   0.16334E-03
   0.71532E+02   0.11707E-10
   0.71641E+02   0.15430E-04
   0.71650E+02   0.24973E-04
   0.71659E+02   0.45638E-03
   0.71687E+02   0.28842E-04
   0.71703E+02   0.69905E-12
   0.71757E+02   0.77432E-07
   0.71768E+02   0.21430E-08
   0.71793E+02   0.38095E-08
   0.71797E+02   0.10722E-06
   0.71861E+02   0.26999E-03
   0.71869E+02   0.23574E-03
   0.71992E+02   0.19006E-03
   0.72035E+02   0.49648E-03
   0.72145E+02   0.10032E-03
   0.72150E+02   0.49552E-07
   0.72232E+02   0.33295E-05
   0.72283E+02   0.10236E-03
   0.72292E+02   0.64219E-04
   0.72327E+02   0.99329E-05
   0.72345E+02   0.70925E-07
   0.72373E+02   0.11220E-07
   0.72396E+02   0.11028E-06
   0.72396E+02   0.23410E-06
   0.72478E+02   0.25602E-05
   0.72483E+02   0.49867E-06
   0.72579E+02   0.16275E-03
   0.72595E+02   0.78176E-04
   0.72622E+02   0.38428E-04
   0.72633E+02   0.64305E-03
   0.72656E+02   0.52207E-05
   0.72803E+02   0.61646E-08
   0.72811E+02   0.13691E-05
   0.72817E+02   0.13125E-03
   0.72852E+02   0.60715E-03
   0.72897E+02   0.12687E-03
   0.72946E+02   0.10077E-05
   0.72956E+02   0.90530E-08
   0.73009E+02   0.15586E-04
   0.73031E+02   0.65056E-04
   0.73060E+02   0.52937E-03
   0.73075E+02   0.36052E-08
   0.73084E+02   0.65566E-05
   0.73128E+02   0.13445E-03
   0.73129E+02   0.17607E-07
   0.73133E+02   0.29538E-06
   0.73224E+02   0.14318E-06
   0.73263E+02   0.25087E-08
   0.73271E+02   0.41455E-08
   0.73300E+02   0.10909E-03
   0.73316E+02   0.12905E-02
   0.73396E+02   0.44382E-05
   0.73409E+02   0.66141E-06
   0.73433E+02   0.36850E-03
   0.73526E+02   0.83539E-05
   0.73549E+02   0.65623E-06
   0.73572E+02   0.42264E-12
   0.73601E+02   0.22462E-09
   0.73607E+02   0.83049E-03
   0.73611E+02   0.17085E-04
   0.73651E+02   0.46037E-09
   0.73724E+02   0.11858E-07
   0.73807E+02   0.85974E-04
   0.73849E+02   0.15011E-03
   0.73924E+02   0.99979E-05
   0.73975E+02   0.24702E-03
   0.73983E+02   0.69989E-03
   0.74086E+02   0.58623E-02
   0.74094E+02   0.20666E-02
   0.74100E+02   0.56973E-03
   0.74174E+02   0.47801E-07
   0.74175E+02   0.30723E-03
   0.74199E+02   0.14223E-13
   0.74219E+02   0.22336E-03
   0.74246E+02   0.45398E-04
   0.74247E+02   0.17375E-07
   0.74299E+02   0.18997E-14
   0.74381E+02   0.12529E-03
   0.74387E+02   0.17736E-03
   0.74388E+02   0.33162E-03
   0.74389E+02   0.13036E-02
   0.74414E+02   0.90616E-13
   0.74428E+02   0.19744E-03
   0.74451E+02   0.90437E-04
   0.74478E+02   0.43380E-10
   0.74541E+02   0.17686E-04
   0.74669E+02   0.43903E-13
   0.74710E+02   0.47622E-04
   0.74712E+02   0.77542E-03
   0.74836E+02   0.19684E-05
   0.74840E+02   0.56079E-09
   0.74849E+02   0.12072E-03
   0.74857E+02   0.13565E-03
   0.74896E+02   0.48190E-04
   0.74968E+02   0.67155E-12
   0.75041E+02   0.13729E-03
   0.75078E+02   0.18788E-12
   0.75104E+02   0.18755E-07
   0.75150E+02   0.66397E-07
   0.75157E+02   0.14796E-09
   0.75163E+02   0.63705E-04
   0.75233E+02   0.97169E-14
   0.75279E+02   0.50491E-07
   0.75385E+02   0.89568E-04
   0.75442E+02   0.70585E-03
   0.75521E+02   0.14597E-02
   0.75662E+02   0.31672E-07
   0.75703E+02   0.10254E-04
   0.75807E+02   0.14549E-08
   0.75814E+02   0.19064E-04
   0.75818E+02   0.24353E-04
   0.75852E+02   0.27189E-03
   0.75867E+02   0.59464E-09
   0.75920E+02   0.10672E-02
   0.75943E+02   0.72339E-08
   0.76007E+02   0.85010E-08
   0.76045E+02   0.11042E-07
   0.76110E+02   0.25804E-04
   0.76133E+02   0.14070E-11
   0.76185E+02   0.15272E-05
   0.76202E+02   0.21250E-05
   0.76244E+02   0.18579E-02
   0.76290E+02   0.58443E-07
   0.76322E+02   0.15330E-03
   0.76328E+02   0.29994E-06
   0.76352E+02   0.24565E-02
   0.76383E+02   0.45308E-05
   0.76422E+02   0.23501E-03
   0.76435E+02   0.69424E-04
   0.76477E+02   0.53050E-03
   0.76481E+02   0.55171E-04
   0.76504E+02   0.18238E-05
   0.76507E+02   0.67961E-14
   0.76517E+02   0.31600E-06
   0.76522E+02   0.44656E-02
   0.76523E+02   0.35354E-09
   0.76602E+02   0.53407E-03
   0.76869E+02   0.21817E-04
   0.76883E+02   0.12426E-03
   0.77025E+02   0.41230E-04
   0.77053E+02   0.48738E-02
   0.77083E+02   0.56497E-05
   0.77162E+02   0.13571E-08
   0.77162E+02   0.95109E-10
   0.77178E+02   0.89675E-04
   0.77184E+02   0.15492E-08
   0.77269E+02   0.15151E-11
   0.77590E+02   0.82958E-04
   0.77615E+02   0.18652E-04
   0.77689E+02   0.14017E-07
   0.77709E+02   0.47106E-03
   0.77734E+02   0.30012E-09
   0.77762E+02   0.12226E-04
   0.77841E+02   0.80739E-08
   0.77861E+02   0.16213E-03
   0.77952E+02   0.66571E-05
   0.77975E+02   0.16005E-05
   0.77993E+02   0.73459E-04
   0.78032E+02   0.90616E-04
   0.78146E+02   0.77798E-04
   0.78151E+02   0.39325E-07
   0.78154E+02   0.95961E-04
   0.78181E+02   0.94417E-04
   0.78190E+02   0.33914E-04
   0.78201E+02   0.18406E-03
   0.78202E+02   0.76492E-04
   0.78312E+02   0.88911E-04
   0.78516E+02   0.66552E-04
   0.78550E+02   0.14061E-04
   0.78573E+02   0.13091E-11
   0.78587E+02   0.60701E-04
   0.78595E+02   0.17179E-05
   0.78667E+02   0.21835E-03
   0.78701E+02   0.89283E-04
   0.78734E+02   0.64150E-09
   0.78796E+02   0.10130E-04
   0.78853E+02   0.32374E-08
   0.78958E+02   0.12274E-10
   0.78977E+02   0.15688E-03
   0.79097E+02   0.37467E-04
   0.79113E+02   0.44764E-07
   0.79139E+02   0.82117E-05
   0.79140E+02   0.13917E-09
   0.79160E+02   0.95747E-04
   0.79285E+02   0.27410E-11
   0.79383E+02   0.35627E-10
   0.79401E+02   0.12268E-04
   0.79412E+02   0.29201E-07
   0.79430E+02   0.76391E-04
   0.79538E+02   0.10662E-03
   0.79541E+02   0.26550E-03
   0.79623E+02   0.33415E-03
   0.79647E+02   0.91099E-14
   0.79656E+02   0.96886E-04
   0.79694E+02   0.65339E-10
   0.79720E+02   0.71928E-04
   0.79720E+02   0.55747E-04
   0.79726E+02   0.26971E-03
   0.79743E+02   0.31534E-03
   0.79857E+02   0.18797E-04
   0.79873E+02   0.67075E-04
   0.79878E+02   0.11966E-03
   0.79901E+02   0.80896E-06
   0.79927E+02   0.23146E-09
   0.79959E+02   0.35482E-08
   0.79969E+02   0.35347E-05
   0.80021E+02   0.11883E-04
   0.80044E+02   0.75278E-04
   0.80062E+02   0.10322E-08
   0.80133E+02   0.85349E-04
   0.80192E+02   0.51148E-08
   0.80251E+02   0.18991E-07
   0.80456E+02   0.23397E-13
   0.80487E+02   0.65232E-05
   0.80551E+02   0.13150E-03
   0.80575E+02   0.87264E-04
   0.80619E+02   0.50420E-04
   0.80634E+02   0.11971E-04
   0.80676E+02   0.60861E-12
   0.80709E+02   0.74414E-10
   0.80732E+02   0.23512E-14
   0.80875E+02   0.82769E-03
   0.80911E+02   0.11502E-03
   0.80948E+02   0.32091E-05
   0.81024E+02   0.86338E-05
   0.81146E+02   0.30097E-08
   0.81174E+02   0.27760E-04
   0.81210E+02   0.88786E-03
   0.81226E+02   0.22612E-05
   0.81243E+02   0.56688E-04
   0.81245E+02   0.77685E-04
   0.81284E+02   0.12090E-05
   0.81293E+02   0.36243E-04
   0.81298E+02   0.17391E-08
   0.81349E+02   0.70427E-04
   0.81351E+02   0.41363E-06
   0.81362E+02   0.36480E-04
   0.81387E+02   0.41514E-07
   0.81438E+02   0.44137E-04
   0.81440E+02   0.71727E-04
   0.81473E+02   0.10664E-03
   0.81504E+02   0.72650E-03
   0.81529E+02   0.26631E-03
   0.81643E+02   0.21967E-07
   0.81700E+02   0.14241E-07
   0.81720E+02   0.27474E-04
   0.81787E+02   0.31212E-03
   0.81793E+02   0.19885E-05
   0.81872E+02   0.12137E-04
   0.81881E+02   0.92072E-05
   0.81912E+02   0.59735E-04
   0.81914E+02   0.93193E-05
   0.81989E+02   0.41104E-03
   0.81992E+02   0.77346E-04
   0.82137E+02   0.21673E-05
   0.82144E+02   0.98071E-14
   0.82204E+02   0.44795E-08
   0.82269E+02   0.11100E-03
   0.82300E+02   0.59352E-04
   0.82302E+02   0.39333E-04
   0.82314E+02   0.13383E-04
   0.82341E+02   0.88686E-08
   0.82422E+02   0.42411E-10
   0.82468E+02   0.57166E-06
   0.82475E+02   0.13403E-06
   0.82509E+02   0.27161E-13
   0.82562E+02   0.67778E-07
   0.82567E+02   0.37162E-03
   0.82606E+02   0.14533E-03
   0.82636E+02   0.16641E-03
   0.82685E+02   0.70023E-07
   0.82711E+02   0.86146E-06
   0.82725E+02   0.21538E-03
   0.82729E+02   0.17213E-07
   0.82748E+02   0.22178E-07
   0.82787E+02   0.11660E-04
   0.82854E+02   0.94664E-17
   0.82904E+02   0.11845E-04
   0.82963E+02   0.10273E-03
   0.83006E+02   0.86518E-08
   0.83095E+02   0.12750E-03
   0.83107E+02   0.15141E-04
   0.83125E+02   0.10442E-04
   0.83145E+02   0.27298E-03
   0.83210E+02   0.44513E-04
   0.83214E+02   0.81338E-08
   0.83252E+02   0.11360E-08
   0.83298E+02   0.78578E-04
   0.83366E+02   0.39728E-08
   0.83369E+02   0.33412E-09
   0.83414E+02   0.10571E-06
   0.83422E+02   0.23901E-03
   0.83525E+02   0.47160E-04
   0.83552E+02   0.33027E-03
   0.83614E+02   0.29128E-03
   0.83645E+02   0.58919E-06
   0.83706E+02   0.73148E-09
   0.83750E+02   0.10192E-09
   0.83754E+02   0.58133E-04
   0.83761E+02   0.11318E-03
   0.83788E+02   0.67220E-03
   0.83815E+02   0.40664E-08
   0.83858E+02   0.10425E-05
   0.83865E+02   0.10967E-06
   0.83991E+02   0.29975E-05
   0.84073E+02   0.10073E-07
   0.84121E+02   0.17317E-04
   0.84136E+02   0.19603E-04
   0.84143E+02   0.46305E-05
   0.84183E+02   0.15219E-03
   0.84200E+02   0.48802E-05
   0.84208E+02   0.10379E-03
   0.84240E+02   0.70193E-04
   0.84322E+02   0.76340E-05
   0.84325E+02   0.12709E-02
   0.84372E+02   0.37734E-04
   0.84400E+02   0.24980E-09
   0.84412E+02   0.11249E-08
   0.84437E+02   0.30375E-04
   0.84475E+02   0.10955E-08
   0.84501E+02   0.26910E-03
   0.84527E+02   0.13421E-11
   0.84533E+02   0.12869E-04
   0.84535E+02   0.35107E-05
   0.84556E+02   0.30503E-12
   0.84585E+02   0.31275E-07
   0.84632E+02   0.38604E-05
   0.84695E+02   0.39955E-03
   0.84702E+02   0.32016E-04
   0.84723E+02   0.37816E-04
   0.84827E+02   0.32037E-05
   0.84834E+02   0.16579E-07
   0.84865E+02   0.14894E-03
   0.84896E+02   0.10859E-04
   0.84901E+02   0.65493E-05
   0.84922E+02   0.19738E-04
   0.84929E+02   0.38697E-05
   0.84949E+02   0.22368E-04
   0.84975E+02   0.44820E-04
   0.84992E+02   0.36843E-04
   0.85186E+02   0.21940E-04
   0.85236E+02   0.83286E-03
   0.85293E+02   0.10871E-03
   0.85314E+02   0.80937E-05
   0.85333E+02   0.71615E-11
   0.85432E+02   0.29008E-03
   0.85475E+02   0.38113E-05
   0.85571E+02   0.52546E-07
   0.85579E+02   0.59919E-09
   0.85584E+02   0.47272E-08
   0.85718E+02   0.33328E-03
   0.85776E+02   0.90552E-10
   0.85889E+02   0.29668E-08
   0.85959E+02   0.37881E-03
   0.86019E+02   0.13222E-16
   0.86038E+02   0.23750E-08
   0.86232E+02   0.25018E-03
   0.86270E+02   0.26311E-02
   0.86312E+02   0.24156E-04
   0.86364E+02   0.13395E-08
   0.86389E+02   0.10088E-03
   0.86390E+02   0.11243E-04
   0.86466E+02   0.35328E-06
   0.86494E+02   0.67972E-05
   0.86592E+02   0.16356E-05
   0.86651E+02   0.17694E-06
   0.86675E+02   0.25222E-04
   0.86693E+02   0.29428E-06
   0.86914E+02   0.23380E-05
   0.86955E+02   0.58127E-02
   0.86984E+02   0.85729E-06
   0.86987E+02   0.35108E-07
   0.87000E+02   0.18363E-04
   0.87010E+02   0.12200E-03
   0.87021E+02   0.26939E-04
   0.87056E+02   0.34256E-05
   0.87103E+02   0.19553E-03
   0.87115E+02   0.57580E-10
   0.87124E+02   0.33318E-04
   0.87215E+02   0.76499E-09
   0.87222E+02   0.45065E-03
   0.87245E+02   0.19778E-04
   0.87289E+02   0.23491E-06
   0.87332E+02   0.72901E-07
   0.87426E+02   0.58301E-04
   0.87449E+02   0.40653E-03
   0.87455E+02   0.15071E-06
   0.87524E+02   0.41347E-04
   0.87596E+02   0.40924E-05
   0.87633E+02   0.15784E-06
   0.87637E+02   0.34498E-05
   0.87661E+02   0.53234E-04
   0.87702E+02   0.37325E-04
   0.87707E+02   0.97845E-08
   0.87769E+02   0.88719E-09
   0.87796E+02   0.63250E-07
   0.87834E+02   0.84856E-10
   0.87884E+02   0.35313E-05
   0.87884E+02   0.11487E-07
   0.87888E+02   0.23810E-03
   0.87944E+02   0.19269E-03
   0.87997E+02   0.31419E-05
   0.88062E+02   0.69302E-17
   0.88067E+02   0.15308E-03
   0.88094E+02   0.20462E-03
   0.88100E+02   0.23121E-09
   0.88177E+02   0.70989E-05
   0.88218E+02   0.22195E-14
   0.88221E+02   0.28300E-07
   0.88299E+02   0.34318E-03
   0.88348E+02   0.55794E-04
   0.88468E+02   0.35051E-14
   0.88477E+02   0.85795E-04
   0.88508E+02   0.55941E-08
   0.88570E+02   0.12904E-06
   0.88610E+02   0.79423E-04
   0.88779E+02   0.62888E-08
   0.88828E+02   0.90199E-09
   0.88831E+02   0.19354E-06
   0.88837E+02   0.36455E-09
   0.88858E+02   0.58169E-07
   0.88881E+02   0.26548E-05
   0.88896E+02   0.14386E-17
   0.88950E+02   0.98217E-06
   0.89068E+02   0.18141E-03
   0.89069E+02   0.70062E-15
   0.89083E+02   0.96258E-13
   0.89126E+02   0.27262E-04
   0.89146E+02   0.16714E-06
   0.89161E+02   0.83874E-08
   0.89167E+02   0.38819E-08
   0.89180E+02   0.22362E-07
   0.89338E+02   0.10407E-03
   0.89353E+02   0.32560E-12
   0.89387E+02   0.94135E-07
   0.89444E+02   0.56528E-04
   0.89459E+02   0.10893E-02
   0.89469E+02   0.12871E-04
   0.89471E+02   0.23143E-02
   0.89509E+02   0.29640E-03
   0.89518E+02   0.21749E-08
   0.89527E+02   0.23332E-06
   0.89569E+02   0.64401E-12
   0.89648E+02   0.32671E-08
   0.89664E+02   0.19862E-03
   0.89670E+02   0.14143E-08
   0.89739E+02   0.23428E-08
   0.89754E+02   0.30774E-06
   0.89787E+02   0.76891E-05
   0.89818E+02   0.21587E-04
   0.89846E+02   0.11765E-03
   0.89863E+02   0.13731E-03
   0.89924E+02   0.14631E-07
   0.89996E+02   0.14326E-03
   0.90100E+02   0.33020E-04
   0.90117E+02   0.92738E-05
   0.90159E+02   0.70323E-10
   0.90212E+02   0.47765E-04
   0.90260E+02   0.37709E-04
   0.90297E+02   0.50533E-04
   0.90311E+02   0.32600E-04
   0.90320E+02   0.46808E-05
   0.90335E+02   0.21028E-03
   0.90377E+02   0.32240E-04
   0.90381E+02   0.28409E-09
   0.90428E+02   0.15980E-06
   0.90485E+02   0.65000E-12
   0.90515E+02   0.16295E-04
   0.90517E+02   0.50109E-03
   0.90534E+02   0.81203E-12
   0.90540E+02   0.45321E-08
   0.90567E+02   0.43670E-10
   0.90577E+02   0.83461E-04
   0.90609E+02   0.62012E-13
   0.90614E+02   0.50180E-08
   0.90656E+02   0.32502E-04
   0.90730E+02   0.97848E-14
   0.90805E+02   0.48861E-04
   0.90821E+02   0.10661E-08
   0.90857E+02   0.85279E-06
   0.90968E+02   0.66539E-04
   0.91071E+02   0.52390E-05
   0.91140E+02   0.18004E-05
   0.91143E+02   0.45124E-07
   0.91150E+02   0.15667E-04
   0.91319E+02   0.32926E-03
   0.91321E+02   0.15766E-09
   0.91349E+02   0.94480E-08
   0.91356E+02   0.70349E-06
   0.91386E+02   0.22549E-03
   0.91457E+02   0.79737E-10
   0.91490E+02   0.43727E-05
   0.91566E+02   0.13917E-10
   0.91576E+02   0.49678E-10
   0.91717E+02   0.89785E-08
   0.91822E+02   0.32685E-05
   0.91828E+02   0.71801E-05
   0.91844E+02   0.82168E-07
   0.91978E+02   0.78276E-05
   0.91983E+02   0.11153E-03
   0.91995E+02   0.14751E-08
   0.92011E+02   0.85313E-04
   0.92133E+02   0.12266E-05
   0.92156E+02   0.43250E-04
   0.92180E+02   0.10797E-03
   0.92200E+02   0.15631E-05
   0.92271E+02   0.79949E-05
   0.92283E+02   0.13829E-04
   0.92358E+02   0.30602E-04
   0.92391E+02   0.31093E-11
   0.92441E+02   0.43452E-13
   0.92443E+02   0.93001E-04
   0.92444E+02   0.59028E-06
   0.92446E+02   0.38938E-06
   0.92460E+02   0.31573E-05
   0.92468E+02   0.69162E-10
   0.92520E+02   0.15499E-05
   0.92604E+02   0.26099E-04
   0.92625E+02   0.50297E-10
   0.92632E+02   0.56849E-06
   0.92649E+02   0.14503E-06
   0.92651E+02   0.19721E-07
   0.92671E+02   0.10467E-04
   0.92701E+02   0.24555E-09
   0.92729E+02   0.75993E-09
   0.92771E+02   0.20674E-06
   0.92852E+02   0.16241E-03
   0.92891E+02   0.25924E-04
   0.92927E+02   0.99672E-07
   0.92928E+02   0.12834E-03
   0.92960E+02   0.10043E-05
   0.92967E+02   0.40583E-06
   0.93029E+02   0.33653E-04
   0.93044E+02   0.28202E-06
   0.93092E+02   0.10569E-05
   0.93122E+02   0.59555E-05
   0.93133E+02   0.31752E-06
   0.93137E+02   0.13305E-12
   0.93161E+02   0.25892E-05
   0.93225E+02   0.64128E-03
   0.93282E+02   0.79037E-06
   0.93372E+02   0.34588E-09
   0.93413E+02   0.63089E-10
   0.93417E+02   0.66244E-15
   0.93450E+02   0.80170E-08
   0.93518E+02   0.16539E-03
   0.93532E+02   0.72955E-09
   0.93601E+02   0.49283E-04
   0.93612E+02   0.78591E-07
   0.93615E+02   0.11157E-02
   0.93650E+02   0.79523E-04
   0.93683E+02   0.15254E-03
   0.93687E+02   0.11928E-04
   0.93742E+02   0.25739E-04
   0.93807E+02   0.89870E-06
   0.93813E+02   0.23390E-14
   0.93841E+02   0.80483E-04
   0.93994E+02   0.42405E-05
   0.94055E+02   0.90427E-07
   0.94065E+02   0.78400E-08
   0.94068E+02   0.17268E-06
   0.94073E+02   0.44798E-03
   0.94082E+02   0.23715E-15
   0.94091E+02   0.67093E-04
   0.94111E+02   0.64822E-07
   0.94114E+02   0.71995E-05
   0.94229E+02   0.13800E-08
   0.94234E+02   0.29629E-04
   0.94255E+02   0.85900E-09
   0.94310E+02   0.83166E-13
   0.94348E+02   0.44907E-05
   0.94375E+02   0.39900E-04
   0.94382E+02   0.48155E-08
   0.94398E+02   0.68375E-05
   0.94478E+02   0.55184E-12
   0.94532E+02   0.55409E-05
   0.94611E+02   0.57230E-03
   0.94620E+02   0.12296E-04
   0.94628E+02   0.12417E-08
   0.94632E+02   0.29914E-07
   0.94649E+02   0.60128E-05
   0.94669E+02   0.11498E-07
   0.94673E+02   0.78633E-06
   0.94705E+02   0.11288E-04
   0.94724E+02   0.21655E-03
   0.94729E+02   0.20051E-03
   0.94861E+02   0.55748E-10
   0.94909E+02   0.43296E-09
   0.94928E+02   0.16667E-06
   0.94935E+02   0.11059E-05
   0.94958E+02   0.12226E-06
   0.95074E+02   0.40487E-07
   0.95083E+02   0.11959E-03
   0.95103E+02   0.23395E-04
   0.95131E+02   0.26840E-09
   0.95220E+02   0.14259E-03
   0.95253E+02   0.46880E-05
   0.95306E+02   0.49003E-06
   0.95361E+02   0.42304E-06
   0.95385E+02   0.30751E-04
   0.95436E+02   0.72246E-04
   0.95491E+02   0.22872E-09
   0.95498E+02   0.92440E-15
   0.95515E+02   0.22441E-03
   0.95531E+02   0.37570E-05
   0.95543E+02   0.86575E-04
   0.95579E+02   0.13327E-04
   0.95654E+02   0.51037E-10
   0.95681E+02   0.26096E-12
   0.95705E+02   0.32409E-09
   0.95782E+02   0.44858E-09
   0.95827E+02   0.26824E-07
   0.95833E+02   0.95115E-07
   0.95835E+02   0.40167E-08
   0.95852E+02   0.29284E-14
   0.95856E+02   0.91464E-04
   0.95872E+02   0.55748E-04
   0.95994E+02   0.28202E-05
   0.96012E+02   0.63055E-08
   0.96077E+02   0.13362E-04
   0.96082E+02   0.49742E-08
   0.96087E+02   0.16146E-03
   0.96095E+02   0.47458E-05
   0.96101E+02   0.47751E-07
   0.96108E+02   0.21668E-03
   0.96111E+02   0.12002E-05
   0.96112E+02   0.73256E-05
   0.96119E+02   0.27811E-03
   0.96134E+02   0.39287E-05
   0.96136E+02   0.77966E-17
   0.96150E+02   0.27157E-06
   0.96173E+02   0.82491E-04
   0.96196E+02   0.27460E-08
   0.96204E+02   0.10720E-04
   0.96218E+02   0.21377E-05
   0.96252E+02   0.16136E-03
   0.96312E+02   0.52993E-04
   0.96332E+02   0.64970E-03
   0.96373E+02   0.41425E-09
   0.96390E+02   0.28511E-12
   0.96524E+02   0.30741E-03
   0.96526E+02   0.26419E-05
   0.96612E+02   0.25135E-08
   0.96612E+02   0.35989E-05
   0.96678E+02   0.59561E-04
   0.96749E+02   0.49038E-09
   0.96772E+02   0.33786E-11
   0.96823E+02   0.14458E-03
   0.96883E+02   0.68323E-06
   0.96900E+02   0.63141E-08
   0.96903E+02   0.10127E-04
   0.96904E+02   0.84748E-05
   0.96913E+02   0.35595E-06
   0.96954E+02   0.24855E-08
   0.97016E+02   0.96391E-09
   0.97038E+02   0.15825E-04
   0.97064E+02   0.29283E-12
   0.97108E+02   0.67123E-04
   0.97108E+02   0.20907E-04
   0.97122E+02   0.46622E-03
   0.97196E+02   0.98975E-05
   0.97220E+02   0.49575E-08
   0.97247E+02   0.11334E-02
   0.97279E+02   0.68300E-05
   0.97287E+02   0.95366E-11
   0.97318E+02   0.10742E-04
   0.97332E+02   0.37634E-03
   0.97347E+02   0.40058E-04
   0.97425E+02   0.32628E-03
   0.97459E+02   0.22075E-08
   0.97498E+02   0.56184E-04
   0.97499E+02   0.10073E-02
   0.97528E+02   0.92776E-08
   0.97549E+02   0.76150E-06
   0.97620E+02   0.22177E-05
   0.97676E+02   0.13635E-04
   0.97678E+02   0.71477E-06
   0.97748E+02   0.12083E-05
   0.97761E+02   0.21105E-07
   0.97762E+02   0.24202E-07
   0.97769E+02   0.51755E-04
   0.97956E+02   0.13822E-05
   0.97964E+02   0.12740E-09
   0.98014E+02   0.15768E-04
   0.98055E+02   0.20609E-05
   0.98086E+02   0.54213E-04
   0.98127E+02   0.10208E-12
   0.98282E+02   0.88736E-06
   0.98339E+02   0.19622E-04
   0.98349E+02   0.75435E-04
   0.98456E+02   0.30693E-05
   0.98538E+02   0.47368E-03
   0.98611E+02   0.40650E-05
   0.98634E+02   0.37167E-04
   0.98639E+02   0.24531E-04
   0.98645E+02   0.35401E-04
   0.98729E+02   0.56376E-03
   0.98794E+02   0.25779E-17
   0.98862E+02   0.21646E-05
   0.98946E+02   0.11793E-04
   0.98982E+02   0.11251E-03
   0.99011E+02   0.87147E-05
   0.99077E+02   0.29346E-06
   0.99103E+02   0.90080E-10
   0.99133E+02   0.19282E-09
   0.99273E+02   0.24426E-03
   0.99273E+02   0.69852E-05
   0.99276E+02   0.23635E-03
   0.99281E+02   0.32177E-08
   0.99397E+02   0.25048E-04
   0.99433E+02   0.40939E-04
   0.99444E+02   0.40724E-10
   0.99447E+02   0.53496E-10
   0.99650E+02   0.63023E-09
   0.99763E+02   0.25895E-03
   0.99773E+02   0.24870E-03
   0.99824E+02   0.56682E-08
   0.99838E+02   0.70393E-04
   0.99884E+02   0.27549E-04
   0.99924E+02   0.52445E-11
   0.99930E+02   0.21433E-04
   0.99963E+02   0.11642E-07
   0.99987E+02   0.53892E-03
   0.10002E+03   0.18843E-03
   0.10008E+03   0.58655E-04
   0.10020E+03   0.13450E-03
   0.10025E+03   0.24087E-04
   0.10035E+03   0.61499E-06
   0.10037E+03   0.96853E-04
   0.10053E+03   0.85428E-08
   0.10054E+03   0.20919E-11
   0.10060E+03   0.63568E-12
   0.10068E+03   0.13648E-03
   0.10070E+03   0.57935E-05
   0.10075E+03   0.63539E-06
   0.10080E+03   0.39592E-03
   0.10080E+03   0.32417E-04
   0.10083E+03   0.37540E-05
   0.10088E+03   0.46229E-04
   0.10091E+03   0.10729E-08
   0.10092E+03   0.81036E-11
   0.10093E+03   0.31790E-07
   0.10100E+03   0.29220E-02
   0.10118E+03   0.39642E-04
   0.10123E+03   0.18006E-03
   0.10131E+03   0.69302E-04
   0.10134E+03   0.14716E-05
   0.10135E+03   0.20111E-04
   0.10136E+03   0.37486E-04
   0.10144E+03   0.16913E-03
   0.10146E+03   0.73071E-05
   0.10150E+03   0.36235E-05
   0.10169E+03   0.24039E-08
   0.10171E+03   0.38842E-05
   0.10172E+03   0.32355E-05
   0.10173E+03   0.19541E-04
   0.10174E+03   0.34207E-07
   0.10176E+03   0.45894E-04
   0.10181E+03   0.33788E-04
   0.10185E+03   0.10297E-04
   0.10191E+03   0.16151E-03
   0.10192E+03   0.36847E-10
   0.10193E+03   0.12485E-05
   0.10196E+03   0.33070E-11
   0.10204E+03   0.14573E-03
   0.10208E+03   0.54557E-04
   0.10211E+03   0.52467E-08
   0.10211E+03   0.69144E-03
   0.10211E+03   0.30159E-04
   0.10211E+03   0.23246E-04
   0.10217E+03   0.20580E-04
   0.10217E+03   0.95129E-05
   0.10224E+03   0.39095E-04
   0.10224E+03   0.48702E-04
   0.10225E+03   0.10363E-11
   0.10227E+03   0.78753E-04
   0.10229E+03   0.26833E-08
   0.10235E+03   0.10123E-04
   0.10237E+03   0.18230E-14
   0.10239E+03   0.68954E-08
   0.10240E+03   0.13018E-08
   0.10246E+03   0.32014E-11
   0.10252E+03   0.91031E-06
   0.10253E+03   0.42792E-04
   0.10257E+03   0.33655E-08
   0.10260E+03   0.38899E-05
   0.10267E+03   0.30048E-03
   0.10274E+03   0.10768E-09
   0.10283E+03   0.20626E-03
   0.10288E+03   0.12019E-08
   0.10292E+03   0.27926E-07
   0.10292E+03   0.84508E-08
   0.10297E+03   0.39718E-04
   0.10302E+03   0.16324E-04
   0.10309E+03   0.10994E-02
   0.10310E+03   0.12956E-04
   0.10318E+03   0.13652E-08
   0.10320E+03   0.22233E-04
   0.10326E+03   0.62238E-04
   0.10327E+03   0.12065E-03
   0.10330E+03   0.68663E-04
   0.10331E+03   0.24531E-05
   0.10333E+03   0.74377E-06
   0.10342E+03   0.11127E-08
   0.10345E+03   0.24618E-06
   0.10369E+03   0.14293E-06
   0.10371E+03   0.40357E-04
   0.10375E+03   0.82351E-06
   0.10378E+03   0.31018E-04
   0.10385E+03   0.49459E-09
   0.10389E+03   0.15003E-05
   0.10400E+03   0.30699E-04
   0.10403E+03   0.24187E-04
   0.10404E+03   0.23784E-07
   0.10406E+03   0.94512E-04
   0.10406E+03   0.90048E-09
   0.10414E+03   0.20288E-03
   0.10418E+03   0.32885E-05
   0.10423E+03   0.29926E-03
   0.10424E+03   0.58043E-10
   0.10431E+03   0.62998E-06
   0.10431E+03   0.89697E-04
   0.10435E+03   0.32639E-04
   0.10436E+03   0.33493E-09
   0.10441E+03   0.17857E-04
   0.10450E+03   0.28039E-03
   0.10459E+03   0.31705E-11
   0.10464E+03   0.39020E-05
   0.10473E+03   0.45090E-08
   0.10473E+03   0.72086E-06
   0.10475E+03   0.21844E-05
   0.10477E+03   0.78210E-05
   0.10478E+03   0.50897E-04
   0.10488E+03   0.87380E-04
   0.10488E+03   0.11646E-04
   0.10493E+03   0.84014E-04
   0.10503E+03   0.61673E-04
   0.10505E+03   0.60986E-04
   0.10505E+03   0.38957E-09
   0.10511E+03   0.36972E-08
   0.10514E+03   0.70227E-04
   0.10514E+03   0.26168E-11
   0.10514E+03   0.75527E-10
   0.10519E+03   0.48261E-04
   0.10525E+03   0.32586E-04
   0.10530E+03   0.21065E-07
   0.10537E+03   0.13585E-02
   0.10539E+03   0.25774E-04
   0.10543E+03   0.37407E-04
   0.10558E+03   0.57715E-10
   0.10560E+03   0.57391E-04
   0.10566E+03   0.10718E-10
   0.10567E+03   0.18316E-04
   0.10569E+03   0.23283E-04
   0.10577E+03   0.50278E-05
   0.10580E+03   0.90232E-05
   0.10580E+03   0.56359E-03
   0.10583E+03   0.13771E-03
   0.10593E+03   0.29524E-04
   0.10594E+03   0.52815E-04
   0.10599E+03   0.83013E-08
   0.10611E+03   0.22803E-04
   0.10614E+03   0.42261E-04
   0.10627E+03   0.29041E-04
   0.10634E+03   0.10007E-03
   0.10635E+03   0.29529E-08
   0.10645E+03   0.45305E-04
   0.10648E+03   0.53001E-03
   0.10651E+03   0.73246E-04
   0.10652E+03   0.38301E-03
   0.10659E+03   0.60372E-08
   0.10661E+03   0.59539E-05
   0.10662E+03   0.68457E-09
   0.10663E+03   0.49786E-04
   0.10664E+03   0.42960E-05
   0.10664E+03   0.52361E-06
   0.10682E+03   0.44624E-04
   0.10700E+03   0.16452E-03
   0.10708E+03   0.11794E-03
   0.10726E+03   0.12141E-04
   0.10727E+03   0.90061E-06
   0.10729E+03   0.10130E-08
   0.10737E+03   0.50892E-04
   0.10739E+03   0.35811E-09
   0.10752E+03   0.10548E-04
   0.10759E+03   0.38396E-12
   0.10782E+03   0.10288E-03
   0.10790E+03   0.80364E-04
   0.10795E+03   0.84192E-12
   0.10805E+03   0.26800E-03
   0.10806E+03   0.88102E-09
   0.10806E+03   0.34121E-10
   0.10809E+03   0.10565E-04
   0.10824E+03   0.14135E-15
   0.10834E+03   0.21435E-03
   0.10834E+03   0.57956E-08
   0.10842E+03   0.16268E-03
   0.10843E+03   0.27495E-10
   0.10844E+03   0.38933E-05
   0.10847E+03   0.27388E-05
   0.10847E+03   0.23892E-04
   0.10849E+03   0.23026E-03
   0.10849E+03   0.36258E-06
   0.10849E+03   0.35927E-05
   0.10850E+03   0.27257E-16
   0.10852E+03   0.74435E-05
   0.10856E+03   0.15138E-04
   0.10866E+03   0.74770E-04
   0.10867E+03   0.25961E-04
   0.10873E+03   0.72686E-04
   0.10883E+03   0.48350E-09
   0.10885E+03   0.46960E-03
   0.10886E+03   0.17844E-05
   0.10903E+03   0.94718E-03
   0.10906E+03   0.94888E-09
   0.10907E+03   0.48259E-09
   0.10909E+03   0.51110E-04
   0.10917E+03   0.15921E-09
   0.10919E+03   0.51157E-03
   0.10922E+03   0.13514E-03
   0.10930E+03   0.21443E-03
   0.10943E+03   0.19791E-04
   0.10949E+03   0.72192E-04
   0.10958E+03   0.62718E-04
   0.10961E+03   0.17687E-04
   0.10961E+03   0.10114E-03
   0.10966E+03   0.40231E-08
   0.10966E+03   0.10385E-03
   0.10967E+03   0.18301E-12
   0.10969E+03   0.60973E-11
   0.10993E+03   0.85876E-16
   0.10995E+03   0.13038E-06
   0.11001E+03   0.79876E-04
   0.11001E+03   0.28029E-03
   0.11008E+03   0.12720E-03
   0.11010E+03   0.44333E-10
   0.11013E+03   0.13103E-08
   0.11018E+03   0.51555E-05
   0.11027E+03   0.16943E-15
   0.11032E+03   0.21883E-10
   0.11047E+03   0.36379E-18
   0.11051E+03   0.18485E-04
   0.11051E+03   0.92718E-04
   0.11067E+03   0.39778E-04
   0.11068E+03   0.11365E-03
   0.11079E+03   0.23637E-03
   0.11080E+03   0.69529E-10
   0.11091E+03   0.39737E-11
   0.11092E+03   0.79550E-04
   0.11093E+03   0.15149E-03
   0.11095E+03   0.37221E-03
   0.11097E+03   0.49647E-07
   0.11104E+03   0.62379E-07
   0.11105E+03   0.90172E-04
   0.11106E+03   0.27872E-10
   0.11112E+03   0.29098E-03
   0.11127E+03   0.21982E-10
   0.11134E+03   0.37591E-07
   0.11136E+03   0.18321E-03
   0.11143E+03   0.23750E-03
   0.11156E+03   0.37307E-03
   0.11157E+03   0.89367E-09
   0.11165E+03   0.67707E-04
   0.11174E+03   0.21067E-10
   0.11183E+03   0.29700E-03
   0.11193E+03   0.30108E-13
   0.11197E+03   0.55320E-04
   0.11199E+03   0.11612E-03
   0.11211E+03   0.30630E-04
   0.11214E+03   0.15886E-07
   0.11217E+03   0.22571E-03
   0.11218E+03   0.59044E-04
   0.11225E+03   0.35844E-03
   0.11226E+03   0.29073E-09
   0.11229E+03   0.52304E-04
   0.11237E+03   0.90512E-04
   0.11240E+03   0.61043E-08
   0.11241E+03   0.71738E-04
   0.11242E+03   0.51123E-11
   0.11243E+03   0.71563E-11
   0.11245E+03   0.13884E-03
   0.11246E+03   0.11343E-09
   0.11247E+03   0.89998E-04
   0.11250E+03   0.21966E-03
   0.11257E+03   0.12563E-03
   0.11260E+03   0.30754E-04
   0.11261E+03   0.67044E-05
   0.11263E+03   0.62731E-09
   0.11264E+03   0.78041E-21
   0.11272E+03   0.63582E-04
   0.11273E+03   0.38355E-10
   0.11281E+03   0.43428E-11
   0.11282E+03   0.76464E-08
   0.11285E+03   0.10999E-04
   0.11299E+03   0.47314E-04
   0.11331E+03   0.23150E-03
   0.11335E+03   0.75147E-10
   0.11343E+03   0.28920E-09
   0.11359E+03   0.39210E-05
   0.11361E+03   0.30064E-09
   0.11365E+03   0.19953E-03
   0.11365E+03   0.82092E-06
   0.11366E+03   0.10001E-03
   0.11376E+03   0.36715E-04
   0.11385E+03   0.29554E-10
   0.11392E+03   0.31294E-03
   0.11403E+03   0.16883E-08
   0.11404E+03   0.41473E-03
   0.11412E+03   0.10652E-03
   0.11412E+03   0.70502E-04
   0.11426E+03   0.73654E-05
   0.11434E+03   0.13856E-03
   0.11440E+03   0.65465E-10
   0.11459E+03   0.72795E-05
   0.11469E+03   0.64138E-10
   0.11472E+03   0.35126E-03
   0.11473E+03   0.25215E-06
   0.11475E+03   0.29098E-05
   0.11476E+03   0.84396E-10
   0.11477E+03   0.63020E-04
   0.11481E+03   0.12778E-03
   0.11481E+03   0.14342E-03
   0.11486E+03   0.23575E-07
   0.11489E+03   0.11248E-03
   0.11497E+03   0.10734E-03
   0.11502E+03   0.68105E-09
   0.11510E+03   0.92782E-03
   0.11512E+03   0.13975E-03
   0.11522E+03   0.21270E-03
   0.11530E+03   0.37724E-08
   0.11530E+03   0.20847E-04
   0.11531E+03   0.23337E-05
   0.11537E+03   0.61436E-03
   0.11542E+03   0.65230E-04
   0.11543E+03   0.39233E-04
   0.11546E+03   0.47870E-06
   0.11547E+03   0.26796E-10
   0.11554E+03   0.28577E-12
   0.11562E+03   0.11988E-03
   0.11564E+03   0.69640E-05
   0.11571E+03   0.16678E-03
   0.11574E+03   0.55181E-04
   0.11580E+03   0.98854E-10
   0.11585E+03   0.56901E-12
   0.11586E+03   0.14101E-03
   0.11595E+03   0.15556E-09
   0.11610E+03   0.32515E-06
   0.11614E+03   0.72265E-10
   0.11628E+03   0.21748E-03
   0.11628E+03   0.11455E-08
   0.11628E+03   0.69933E-10
   0.11630E+03   0.39541E-04
   0.11652E+03   0.14758E-03
   0.11685E+03   0.90641E-10
   0.11688E+03   0.12010E-04
   0.11702E+03   0.78761E-05
   0.11710E+03   0.55885E-05
   0.11718E+03   0.31196E-06
   0.11752E+03   0.27474E-05
   0.11780E+03   0.71374E-04
   0.11793E+03   0.88735E-04
   0.11794E+03   0.20291E-03
   0.11809E+03   0.32540E-03
   0.11834E+03   0.19896E-03
   0.11835E+03   0.90873E-04
   0.11843E+03   0.51916E-04
   0.11871E+03   0.19853E-09
   0.11885E+03   0.51743E-04
   0.11888E+03   0.71687E-04
   0.11892E+03   0.37942E-10
   0.11900E+03   0.13339E-10
   0.11904E+03   0.32865E-04
   0.11915E+03   0.17580E-04
   0.11917E+03   0.14923E-09
   0.11918E+03   0.82029E-04
   0.11919E+03   0.12430E-04
   0.11924E+03   0.95650E-04
   0.11936E+03   0.16502E-03
   0.11940E+03   0.27653E-04
   0.11946E+03   0.46796E-05
   0.11953E+03   0.49943E-03
   0.11960E+03   0.44197E-10
   0.11981E+03   0.80508E-04
   0.11986E+03   0.54160E-05
   0.11989E+03   0.73700E-06
   0.11989E+03   0.95774E-04
   0.11996E+03   0.24359E-07
   0.11999E+03   0.65946E-05
   0.12002E+03   0.50950E-10
   0.12005E+03   0.10960E-03
   0.12013E+03   0.84571E-05
   0.12022E+03   0.15600E-11
   0.12024E+03   0.10427E-03
   0.12026E+03   0.76003E-04
   0.12027E+03   0.91912E-04
   0.12031E+03   0.54259E-06
   0.12038E+03   0.63641E-04
   0.12045E+03   0.67905E-03
   0.12054E+03   0.32946E-05
   0.12054E+03   0.10008E-08
   0.12067E+03   0.11709E-11
   0.12076E+03   0.59153E-04
   0.12097E+03   0.42378E-03
   0.12097E+03   0.22826E-03
   0.12106E+03   0.14823E-03
   0.12112E+03   0.21397E-07
   0.12112E+03   0.52176E-04
   0.12112E+03   0.28433E-03
   0.12118E+03   0.70141E-04
   0.12137E+03   0.87377E-10
   0.12140E+03   0.44151E-04
   0.12141E+03   0.97290E-04
   0.12154E+03   0.22563E-10
   0.12155E+03   0.15206E-09
   0.12161E+03   0.49583E-05
   0.12165E+03   0.10076E-04
   0.12175E+03   0.50130E-05
   0.12176E+03   0.57930E-05
   0.12189E+03   0.11831E-03
   0.12199E+03   0.49790E-10
   0.12202E+03   0.11096E-04
   0.12203E+03   0.13610E-09
   0.12215E+03   0.52367E-05
   0.12220E+03   0.49930E-06
   0.12221E+03   0.35592E-04
   0.12228E+03   0.33764E-04
   0.12243E+03   0.25718E-05
   0.12248E+03   0.50326E-04
   0.12253E+03   0.88234E-04
   0.12254E+03   0.79485E-03
   0.12256E+03   0.20274E-03
   0.12258E+03   0.57916E-10
   0.12261E+03   0.17528E-03
   0.12264E+03   0.60914E-05
   0.12284E+03   0.50525E-03
   0.12305E+03   0.67890E-11
   0.12309E+03   0.38368E-04
   0.12318E+03   0.34374E-04
   0.12322E+03   0.93297E-10
   0.12329E+03   0.14298E-03
   0.12335E+03   0.10375E-03
   0.12341E+03   0.95412E-05
   0.12344E+03   0.26694E-03
   0.12356E+03   0.85944E-04
   0.12359E+03   0.74317E-04
   0.12361E+03   0.35821E-09
   0.12365E+03   0.31122E-04
   0.12368E+03   0.30734E-10
   0.12372E+03   0.49248E-04
   0.12373E+03   0.22440E-10
   0.12375E+03   0.89969E-04
   0.12383E+03   0.23728E-10
   0.12383E+03   0.76813E-04
   0.12386E+03   0.31320E-10
   0.12400E+03   0.18679E-03
   0.12411E+03   0.50545E-08
   0.12423E+03   0.10402E-04
   0.12431E+03   0.11459E-09
   0.12434E+03   0.34364E-04
   0.12435E+03   0.16036E-05
   0.12435E+03   0.14363E-03
   0.12449E+03   0.61699E-12
   0.12449E+03   0.91391E-04
   0.12456E+03   0.18806E-03
   0.12465E+03   0.31157E-10
   0.12472E+03   0.13725E-09
   0.12489E+03   0.10989E-03
   0.12501E+03   0.58174E-13
   0.12515E+03   0.29707E-03
   0.12516E+03   0.16096E-09
   0.12526E+03   0.36074E-04
   0.12535E+03   0.24569E-04
   0.12539E+03   0.70092E-04
   0.12556E+03   0.28566E-04
   0.12557E+03   0.36654E-12
   0.12565E+03   0.13629E-11
   0.12576E+03   0.16525E-09
   0.12576E+03   0.18008E-04
   0.12591E+03   0.25468E-12
   0.12600E+03   0.61125E-04
   0.12605E+03   0.57504E-04
   0.12605E+03   0.37404E-03
   0.12613E+03   0.10121E-03
   0.12615E+03   0.48941E-05
   0.12623E+03   0.10344E-03
   0.12640E+03   0.47509E-04
   0.12643E+03   0.53617E-04
   0.12646E+03   0.40806E-03
   0.12648E+03   0.24905E-05
   0.12658E+03   0.40769E-10
   0.12666E+03   0.72254E-10
   0.12680E+03   0.24663E-03
   0.12687E+03   0.15466E-03
   0.12705E+03   0.24535E-03
   0.12706E+03   0.84671E-04
   0.12711E+03   0.34827E-04
   0.12741E+03   0.32364E-04
   0.12750E+03   0.18797E-11
   0.12757E+03   0.11345E-10
   0.12768E+03   0.11812E-03
   0.12773E+03   0.97650E-10
   0.12773E+03   0.90361E-04
   0.12779E+03   0.20066E-11
   0.12786E+03   0.14279E-10
   0.12790E+03   0.18487E-10
   0.12797E+03   0.48563E-04
   0.12816E+03   0.15692E-04
   0.12828E+03   0.15955E-09
   0.12839E+03   0.57332E-12
   0.12872E+03   0.73879E-04
   0.12893E+03   0.58821E-04
   0.12894E+03   0.34773E-03
   0.12895E+03   0.47632E-11
   0.12907E+03   0.32019E-03
   0.12910E+03   0.46918E-11
   0.12936E+03   0.16429E-10
   0.12960E+03   0.75024E-04
   0.12965E+03   0.66162E-04
   0.12977E+03   0.11713E-04
   0.13024E+03   0.64016E-04
   0.13068E+03   0.14103E-04
   0.13091E+03   0.10372E-05
   0.13099E+03   0.17570E-04
   0.13116E+03   0.45910E-04
   0.13127E+03   0.13873E-04
   0.13138E+03   0.18403E-04
   0.13141E+03   0.27070E-03
   0.13142E+03   0.58216E-11
   0.13147E+03   0.12469E-10
   0.13148E+03   0.86279E-11
   0.13156E+03   0.24385E-05
   0.13163E+03   0.12343E-04
   0.13175E+03   0.32476E-04
   0.13185E+03   0.14421E-10
   0.13201E+03   0.20354E-05
   0.13221E+03   0.36367E-04
   0.13230E+03   0.60330E-05
   0.13257E+03   0.27806E-04
   0.13271E+03   0.19342E-07
   0.13307E+03   0.18225E-03
   0.13317E+03   0.88143E-10
   0.13339E+03   0.60690E-04
   0.13342E+03   0.12962E-03
   0.13361E+03   0.12204E-03
   0.13388E+03   0.13890E-04
   0.13403E+03   0.10919E-10
   0.13410E+03   0.54396E-04
   0.13417E+03   0.72186E-11
   0.13431E+03   0.94333E-05
   0.13445E+03   0.95467E-10
   0.13454E+03   0.20835E-04
   0.13459E+03   0.78746E-03
   0.13470E+03   0.29519E-04
   0.13480E+03   0.96155E-04
   0.13488E+03   0.17832E-10
   0.13504E+03   0.65082E-04
   0.13506E+03   0.16170E-04
   0.13509E+03   0.35027E-03
   0.13509E+03   0.11571E-08
   0.13535E+03   0.12087E-04
   0.13566E+03   0.16221E-09
   0.13571E+03   0.21740E-05
   0.13586E+03   0.31638E-04
   0.13589E+03   0.12665E-03
   0.13591E+03   0.15272E-03
   0.13597E+03   0.42759E-05
   0.13607E+03   0.33788E-10
   0.13608E+03   0.12434E-04
   0.13617E+03   0.15015E-06
   0.13618E+03   0.90105E-11
   0.13627E+03   0.31601E-04
   0.13634E+03   0.21594E-04
   0.13639E+03   0.24800E-10
   0.13645E+03   0.11918E-04
   0.13652E+03   0.13403E-03
   0.13660E+03   0.68561E-10
   0.13672E+03   0.39448E-10
   0.13675E+03   0.16253E-12
   0.13676E+03   0.33990E-05
   0.13700E+03   0.53320E-04
   0.13725E+03   0.17926E-06
   0.13732E+03   0.49337E-11
   0.13739E+03   0.39892E-12
   0.13744E+03   0.79310E-04
   0.13750E+03   0.93906E-04
   0.13751E+03   0.18554E-10
   0.13752E+03   0.12524E-10
   0.13755E+03   0.73988E-05
   0.13762E+03   0.53626E-04
   0.13784E+03   0.26600E-04
   0.13791E+03   0.49924E-11
   0.13793E+03   0.77186E-04
   0.13809E+03   0.12792E-10
   0.13812E+03   0.22516E-04
   0.13822E+03   0.56422E-06
   0.13826E+03   0.25678E-08
   0.13847E+03   0.71587E-05
   0.13869E+03   0.19914E-03
   0.13881E+03   0.31261E-05
   0.13885E+03   0.42711E-05
   0.13887E+03   0.20182E-10
   0.13890E+03   0.62942E-04
   0.13905E+03   0.24335E-10
   0.13909E+03   0.87317E-04
   0.13911E+03   0.58867E-05
   0.13912E+03   0.71834E-04
   0.13925E+03   0.31464E-12
   0.13936E+03   0.21979E-04
   0.13973E+03   0.27579E-10
   0.14011E+03   0.11931E-04
   0.14064E+03   0.35501E-10
   0.14075E+03   0.23853E-04
   0.14112E+03   0.16963E-03
   0.14113E+03   0.25798E-04
   0.14123E+03   0.17306E-12
   0.14142E+03   0.91055E-04
   0.14153E+03   0.93750E-04
   0.14194E+03   0.12415E-03
   0.14235E+03   0.16343E-05
   0.14269E+03   0.10423E-03
   0.14274E+03   0.46579E-13
   0.14276E+03   0.41824E-06
   0.14284E+03   0.18003E-10
   0.14292E+03   0.15852E-03
   0.14299E+03   0.16885E-05
   0.14322E+03   0.14934E-03
   0.14327E+03   0.31161E-11
   0.14339E+03   0.84540E-07
   0.14341E+03   0.27832E-11
   0.14382E+03   0.14989E-05
   0.14385E+03   0.10843E-04
   0.14408E+03   0.48474E-04
   0.14454E+03   0.52430E-04
   0.14461E+03   0.32827E-04
   0.14465E+03   0.23614E-07
   0.14504E+03   0.49846E-12
   0.14573E+03   0.89546E-04
   0.14579E+03   0.68089E-05
   0.14581E+03   0.22293E-05
   0.14581E+03   0.91963E-09
   0.14624E+03   0.30926E-11
   0.14662E+03   0.44407E-06
   0.14665E+03   0.23272E-04
   0.14677E+03   0.55469E-04
   0.14684E+03   0.10608E-04
   0.14690E+03   0.73118E-05
   0.14692E+03   0.58346E-11
   0.14737E+03   0.28388E-03
   0.14753E+03   0.64546E-05
   0.14773E+03   0.37552E-03
   0.14794E+03   0.61804E-04
   0.14799E+03   0.42047E-10
   0.14811E+03   0.19369E-04
   0.14814E+03   0.34369E-11
   0.14830E+03   0.41169E-11
   0.14849E+03   0.75404E-04
   0.14863E+03   0.38869E-06
   0.14866E+03   0.27138E-04
   0.14871E+03   0.10046E-11
   0.14880E+03   0.26687E-10
   0.14916E+03   0.11945E-11
   0.14921E+03   0.53863E-10
   0.14923E+03   0.72435E-04
   0.14947E+03   0.18818E-11
   0.14950E+03   0.63358E-05
   0.14951E+03   0.27803E-06
   0.14967E+03   0.28017E-04
   0.14979E+03   0.82212E-12
   0.14988E+03   0.75268E-04
   0.14990E+03   0.18387E-04
   0.14993E+03   0.67509E-09
   0.14999E+03   0.53116E-06
   0.15015E+03   0.91879E-04
   0.15016E+03   0.21522E-04
   0.15038E+03   0.77615E-06
   0.15038E+03   0.90244E-04
   0.15042E+03   0.83378E-08
   0.15053E+03   0.31698E-10
   0.15054E+03   0.87402E-04
   0.15056E+03   0.50925E-11
   0.15058E+03   0.71166E-06
   0.15071E+03   0.39125E-11
   0.15078E+03   0.18605E-04
   0.15083E+03   0.99091E-12
   0.15087E+03   0.25603E-06
   0.15088E+03   0.34793E-11
   0.15106E+03   0.21256E-05
   0.15117E+03   0.85414E-11
   0.15119E+03   0.24257E-04
   0.15131E+03   0.30318E-04
   0.15145E+03   0.17155E-06
   0.15145E+03   0.18654E-11
   0.15168E+03   0.16640E-10
   0.15181E+03   0.14999E-03
   0.15230E+03   0.88455E-11
   0.15234E+03   0.99674E-12
   0.15251E+03   0.41704E-05
   0.15268E+03   0.25134E-04
   0.15285E+03   0.39335E-07
   0.15323E+03   0.88466E-05
   0.15331E+03   0.22730E-03
   0.15391E+03   0.52030E-11
   0.15425E+03   0.26172E-04
   0.15427E+03   0.92120E-05
   0.15443E+03   0.13064E-03
   0.15470E+03   0.35660E-11
   0.15483E+03   0.60947E-05
   0.15486E+03   0.33285E-04
   0.15494E+03   0.69657E-05
   0.15519E+03   0.42520E-13
   0.15528E+03   0.24133E-04
   0.15550E+03   0.26624E-04
   0.15560E+03   0.20206E-03
   0.15582E+03   0.16202E-03
   0.15589E+03   0.85583E-11
   0.15592E+03   0.30298E-05
   0.15595E+03   0.20037E-03
   0.15626E+03   0.45961E-04
   0.15646E+03   0.13297E-12
   0.15699E+03   0.65354E-04
   0.15711E+03   0.49388E-04
   0.15729E+03   0.46751E-11
   0.15810E+03   0.63920E-04
   0.15822E+03   0.67709E-04
   0.15835E+03   0.29511E-03
   0.15845E+03   0.37159E-10
   0.15853E+03   0.12883E-03
   0.15874E+03   0.19159E-12
   0.15891E+03   0.50129E-05
   0.15907E+03   0.18181E-04
   0.15977E+03   0.49386E-04
   0.16011E+03   0.23838E-03
   0.16035E+03   0.16246E-11
   0.16095E+03   0.12912E-03
   0.16104E+03   0.13157E-12
   0.16116E+03   0.46159E-04
   0.16139E+03   0.25139E-04
   0.16159E+03   0.22922E-12
   0.16172E+03   0.33170E-04
   0.16179E+03   0.10684E-11
   0.16250E+03   0.11573E-03
   0.16262E+03   0.34103E-04
   0.16320E+03   0.57827E-04
   0.16345E+03   0.30587E-11
   0.16369E+03   0.27407E-03
   0.16373E+03   0.23797E-11
   0.16385E+03   0.65065E-04
   0.16463E+03   0.47882E-12
   0.16468E+03   0.73856E-13
   0.16470E+03   0.26552E-04
   0.16537E+03   0.89530E-05
   0.16542E+03   0.57322E-04
   0.16543E+03   0.61534E-04
   0.16594E+03   0.24466E-03
   0.16685E+03   0.13523E-11
   0.16688E+03   0.62113E-04
   0.16849E+03   0.74930E-04
   0.16851E+03   0.55727E-04
   0.16880E+03   0.14384E-11
   0.16894E+03   0.45671E-04
   0.16915E+03   0.42383E-04
   0.16958E+03   0.54486E-05
   0.16966E+03   0.15123E-03
   0.16972E+03   0.41033E-11
   0.16985E+03   0.86407E-04
   0.16988E+03   0.13418E-03
   0.16988E+03   0.65629E-04
   0.17062E+03   0.22244E-13
   0.17068E+03   0.24301E-11
   0.17072E+03   0.12068E-03
   0.17105E+03   0.34500E-04
   0.17152E+03   0.11896E-03
   0.17166E+03   0.19615E-03
   0.17181E+03   0.10333E-03
   0.17217E+03   0.34524E-03
   0.17220E+03   0.16797E-10
   0.17239E+03   0.59884E-12
   0.17268E+03   0.34888E-04
   0.17317E+03   0.18853E-03
   0.17348E+03   0.10086E-11
   0.17404E+03   0.85520E-04
   0.17437E+03   0.15914E-03
   0.17485E+03   0.24786E-03
   0.17511E+03   0.17651E-11
   0.17518E+03   0.58559E-12
   0.17528E+03   0.36530E-04
   0.17597E+03   0.45128E-12
   0.17602E+03   0.69800E-04
   0.17633E+03   0.76504E-04
   0.17682E+03   0.23598E-03
   0.17736E+03   0.51840E-04
   0.17738E+03   0.10149E-11
   0.17779E+03   0.62864E-12
   0.17803E+03   0.68239E-04
   0.17806E+03   0.51677E-13
   0.17969E+03   0.16440E-03
   0.18001E+03   0.11992E-03
   0.18603E+03   0.16076E-03
   0.18608E+03   0.93211E-04
   0.18893E+03   0.79666E-04
   0.19119E+03   0.89486E-04
   0.19261E+03   0.16547E-14
